[runlim] version:		2.0.0rc12
[runlim] host:			ap-Precision-7550
[runlim] time limit:		311040000 seconds
[runlim] real time limit:	600 seconds
[runlim] space limit:		14000 MB
[runlim] argv[0]:		python3
[runlim] argv[1]:		cp_no.py
[runlim] argv[2]:		scen04
[runlim] start:			Wed Mar 25 05:44:15 2026
[runlim] child:			70523
--- Building model for 680 variables ---
--- Solving with CP Optimizer (Integer Mode) ---
 ! --------------------------------------------------- CP Optimizer 22.1.1.0 --
 ! Minimization problem - 680 variables, 3967 constraints
 ! LogVerbosity         = Terse
 ! Initial process time : 0.02s (0.02s extraction + 0.00s propagation)
 !  . Log search space  : 640.8 (before), 640.8 (after)
 !  . Memory usage      : 1.6 MB (before), 1.6 MB (after)
 ! Using parallel search with 12 workers.
 ! ----------------------------------------------------------------------------
 !          Best Branches  Non-fixed    W       Branch decision
                        0        680                 -
 + New bound is 0
                        0        314                 -
 + New bound is 46
 *            46      156  0.05s        1      (gap is 0.00%)
 ! ----------------------------------------------------------------------------
 ! Search completed, 1 solution found.
 ! Best objective         : 46 (optimal - effective tol. is 0)
 ! Best bound             : 46
 ! ----------------------------------------------------------------------------
 ! Number of branches     : 1958
 ! Number of fails        : 160
 ! Total memory usage     : 36.2 MB (35.8 MB CP Optimizer + 0.3 MB Concert)
 ! Time spent in solve    : 0.05s (0.04s engine + 0.02s extraction)
 ! Search speed (br. / s) : 65266.7
 ! ----------------------------------------------------------------------------

==============================
OPTIMAL SOLUTION:
Label list: [708, 470, 268, 30, 750, 512, 16, 254, 16, 254, 268, 30, 128, 366, 750, 512, 16, 254, 366, 128, 778, 540, 414, 652, 16, 254, 652, 414, 526, 764, 296, 58, 442, 680, 128, 366, 16, 254, 30, 268, 708, 470, 142, 380, 652, 414, 72, 310, 352, 114, 30, 268, 778, 540, 72, 310, 156, 394, 142, 380, 540, 778, 142, 380, 394, 156, 722, 484, 554, 792, 296, 58, 652, 414, 554, 792, 554, 792, 142, 380, 114, 352, 142, 380, 44, 282, 652, 414, 254, 16, 296, 58, 156, 394, 86, 324, 470, 708, 282, 44, 512, 750, 652, 414, 254, 16, 526, 764, 470, 708, 86, 324, 324, 86, 708, 470, 268, 30, 142, 380, 764, 526, 16, 254, 72, 310, 694, 456, 414, 652, 764, 526, 652, 414, 30, 268, 310, 72, 778, 540, 72, 310, 72, 310, 498, 736, 792, 554, 554, 792, 394, 156, 736, 498, 414, 652, 512, 750, 170, 408, 554, 792, 30, 268, 540, 778, 380, 142, 44, 282, 456, 694, 792, 554, 394, 156, 708, 470, 470, 708, 652, 414, 254, 16, 394, 156, 254, 16, 156, 394, 156, 394, 380, 142, 352, 114, 750, 512, 792, 554, 512, 750, 764, 526, 526, 764, 540, 778, 394, 156, 114, 352, 456, 694, 30, 268, 30, 268, 58, 296, 428, 666, 282, 44, 268, 30, 498, 736, 366, 128, 428, 666, 764, 526, 282, 44, 750, 512, 680, 442, 778, 540, 540, 778, 30, 268, 352, 114, 338, 100, 428, 666, 254, 16, 694, 456, 128, 366, 778, 540, 366, 128, 694, 456, 442, 680, 282, 44, 456, 694, 268, 30, 470, 708, 352, 114, 442, 680, 680, 442, 338, 100, 114, 352, 442, 680, 750, 512, 666, 428, 778, 540, 156, 394, 652, 414, 680, 442, 44, 282, 352, 114, 498, 736, 268, 30, 128, 366, 428, 666, 254, 16, 778, 540, 456, 694, 540, 778, 484, 722, 540, 778, 652, 414, 512, 750, 540, 778, 666, 428, 16, 254, 380, 142, 128, 366, 268, 30, 352, 114, 722, 484, 296, 58, 366, 128, 254, 16, 414, 652, 708, 470, 778, 540, 338, 100, 414, 652, 338, 100, 310, 72, 16, 254, 156, 394, 666, 428, 380, 142, 456, 694, 268, 30, 366, 128, 142, 380, 694, 456, 338, 100, 750, 512, 30, 268, 428, 666, 722, 484, 792, 554, 428, 666, 554, 792, 680, 442, 764, 526, 394, 156, 652, 414, 764, 526, 128, 366, 352, 114, 512, 750, 540, 778, 778, 540, 114, 352, 680, 442, 526, 764, 470, 708, 128, 366, 540, 778, 470, 708, 30, 268, 142, 380, 778, 540, 456, 694, 366, 128, 268, 30, 666, 428, 30, 268, 428, 666, 128, 366, 268, 30, 310, 72, 44, 282, 86, 324, 254, 16, 470, 708, 442, 680, 58, 296, 338, 100, 16, 254, 394, 156, 366, 128, 484, 722, 72, 310, 142, 380, 470, 708, 268, 30, 498, 736, 30, 268, 540, 778, 72, 310, 498, 736, 100, 338, 680, 442, 44, 282, 156, 394, 72, 310, 72, 310, 708, 470, 394, 156, 792, 554, 736, 498, 540, 778, 540, 778, 722, 484, 470, 708, 268, 30, 666, 428, 792, 554, 30, 268, 30, 268, 708, 470, 268, 30, 114, 352, 484, 722, 428, 666, 498, 736, 268, 30, 30, 268, 526, 764, 652, 414, 324, 86, 666, 428, 394, 156, 652, 414, 268, 30, 268, 30, 72, 310, 30, 268, 722, 484, 268, 30, 498, 736, 666, 428, 268, 30, 694, 456, 764, 526, 512, 750, 428, 666, 114, 352, 254, 16, 470, 708, 142, 380, 470, 708, 324, 86, 666, 428, 736, 498, 268, 30, 512, 750, 16, 254, 254, 16, 456, 694, 114, 352, 442, 680, 428, 666, 254, 16, 722, 484, 254, 16, 414, 652, 428, 666, 736, 498, 792, 554, 414, 652, 338, 100, 428, 666, 114, 352, 554, 792, 72, 310, 736, 498, 512, 750, 30, 268, 30, 268, 268, 30, 666, 428, 428, 666, 498, 736, 30, 268, 268, 30, 366, 128, 30, 268, 680, 442, 16, 254, 254, 16, 268, 30, 428, 666, 16, 254]
Number of labels used: 46
Specific labels: [16, 30, 44, 58, 72, 86, 100, 114, 128, 142, 156, 170, 254, 268, 282, 296, 310, 324, 338, 352, 366, 380, 394, 408, 414, 428, 442, 456, 470, 484, 498, 512, 526, 540, 554, 652, 666, 680, 694, 708, 722, 736, 750, 764, 778, 792]
==============================
Total time: 0.16s
Memory used: 29.51 MB
[runlim] end:			Wed Mar 25 05:44:15 2026
[runlim] status:		ok
[runlim] result:		0
[runlim] children:		2
[runlim] processes:		3
[runlim] real:			0.24 seconds
[runlim] time:			0.34 seconds
[runlim] space:			91 MB
[runlim] load:			6.03 maximum
[runlim] samples:		3
