[runlim] version:		2.0.0rc12
[runlim] host:			ap-Precision-7550
[runlim] time limit:		311040000 seconds
[runlim] real time limit:	600 seconds
[runlim] space limit:		14000 MB
[runlim] argv[0]:		python3
[runlim] argv[1]:		cp_no.py
[runlim] argv[2]:		scen11
[runlim] start:			Wed Mar 25 05:44:15 2026
[runlim] child:			70548
--- Building model for 680 variables ---
--- Solving with CP Optimizer (Integer Mode) ---
 ! --------------------------------------------------- CP Optimizer 22.1.1.0 --
 ! Minimization problem - 680 variables, 4103 constraints
 ! LogVerbosity         = Terse
 ! Initial process time : 0.03s (0.03s extraction + 0.00s propagation)
 !  . Log search space  : 3595.9 (before), 3595.9 (after)
 !  . Memory usage      : 2.1 MB (before), 2.1 MB (after)
 ! Using parallel search with 12 workers.
 ! ----------------------------------------------------------------------------
 !          Best Branches  Non-fixed    W       Branch decision
                        0        680                 -
 + New bound is 0
                        0        680                 -
 + New bound is 1
                        2        680    1   F   142 != node_797
 + New bound is 2
 *            40      414  0.14s        3      (gap is 95.00%)
 *            38      597  0.14s        5      (gap is 94.74%)
 *            36     1712  0.21s        6      (gap is 94.44%)
 *            34     3002  0.27s       12      (gap is 94.12%)
 *            32     4719  0.40s        3      (gap is 93.75%)
 *            30     6149  0.53s        3      (gap is 93.33%)
 *            28    11109  0.95s        2      (gap is 92.86%)
 *            26    11543  1.05s        1      (gap is 92.31%)
 *            24    19876  1.79s        4      (gap is 91.67%)
 *            22    44146  4.93s        7      (gap is 90.91%)
[runlim] sample:		74.27 time, 10.01 real, 190 MB, 5.26 load
              22     170k        666    4   F   778 != node_277
 + New bound is 3 (gap is 86.36%)
[runlim] sample:		153.50 time, 20.01 real, 204 MB, 5.55 load
[runlim] sample:		238.49 time, 30.01 real, 209 MB, 5.61 load
[runlim] sample:		323.00 time, 40.01 real, 212 MB, 6.67 load
[runlim] sample:		405.51 time, 50.01 real, 214 MB, 6.84 load
[runlim] sample:		492.21 time, 60.01 real, 217 MB, 7.71 load
[runlim] sample:		562.68 time, 70.01 real, 218 MB, 7.64 load
[runlim] sample:		649.36 time, 80.01 real, 220 MB, 7.50 load
[runlim] sample:		730.56 time, 90.01 real, 221 MB, 8.19 load
[runlim] sample:		815.72 time, 100.02 real, 222 MB, 7.91 load
[runlim] sample:		898.44 time, 110.01 real, 222 MB, 8.09 load
[runlim] sample:		981.61 time, 120.01 real, 223 MB, 8.61 load
[runlim] sample:		1067.46 time, 130.01 real, 223 MB, 9.13 load
[runlim] sample:		1149.32 time, 140.01 real, 224 MB, 9.57 load
[runlim] sample:		1232.17 time, 150.01 real, 224 MB, 9.18 load
[runlim] sample:		1318.84 time, 160.02 real, 225 MB, 8.74 load
[runlim] sample:		1396.74 time, 170.01 real, 226 MB, 9.41 load
[runlim] sample:		1482.70 time, 180.01 real, 226 MB, 9.29 load
[runlim] sample:		1557.71 time, 190.01 real, 228 MB, 9.15 load
[runlim] sample:		1643.09 time, 200.01 real, 228 MB, 8.78 load
[runlim] sample:		1728.47 time, 210.02 real, 228 MB, 8.90 load
[runlim] sample:		1812.36 time, 220.02 real, 229 MB, 8.99 load
[runlim] sample:		1890.03 time, 230.01 real, 229 MB, 9.39 load
[runlim] sample:		1976.78 time, 240.02 real, 229 MB, 8.81 load
[runlim] sample:		2061.04 time, 250.02 real, 229 MB, 8.78 load
[runlim] sample:		2142.44 time, 260.01 real, 230 MB, 9.20 load
[runlim] sample:		2225.60 time, 270.01 real, 230 MB, 8.70 load
[runlim] sample:		2310.64 time, 280.02 real, 230 MB, 9.13 load
[runlim] sample:		2391.54 time, 290.01 real, 231 MB, 9.01 load
[runlim] sample:		2479.17 time, 300.01 real, 231 MB, 9.47 load
[runlim] sample:		2564.70 time, 310.01 real, 231 MB, 8.62 load
[runlim] sample:		2648.62 time, 320.01 real, 232 MB, 8.92 load
[runlim] sample:		2736.80 time, 330.01 real, 232 MB, 9.39 load
[runlim] sample:		2816.56 time, 340.02 real, 232 MB, 9.42 load
[runlim] sample:		2903.36 time, 350.01 real, 232 MB, 9.82 load
[runlim] sample:		2992.70 time, 360.01 real, 233 MB, 10.24 load
[runlim] sample:		3076.83 time, 370.02 real, 233 MB, 9.63 load
[runlim] sample:		3159.31 time, 380.01 real, 233 MB, 9.32 load
[runlim] sample:		3242.67 time, 390.01 real, 234 MB, 9.44 load
[runlim] sample:		3326.57 time, 400.01 real, 234 MB, 9.03 load
[runlim] sample:		3398.14 time, 410.01 real, 234 MB, 8.89 load
[runlim] sample:		3475.39 time, 420.01 real, 235 MB, 8.48 load
[runlim] sample:		3558.12 time, 430.01 real, 235 MB, 7.97 load
[runlim] sample:		3638.54 time, 440.01 real, 235 MB, 8.07 load
[runlim] sample:		3721.07 time, 450.02 real, 235 MB, 8.68 load
[runlim] sample:		3806.95 time, 460.01 real, 235 MB, 9.19 load
[runlim] sample:		3897.06 time, 470.02 real, 236 MB, 9.06 load
[runlim] sample:		3982.63 time, 480.01 real, 236 MB, 9.43 load
[runlim] sample:		4063.73 time, 490.01 real, 236 MB, 8.50 load
[runlim] sample:		4144.96 time, 500.01 real, 237 MB, 8.89 load
[runlim] sample:		4228.43 time, 510.01 real, 237 MB, 8.72 load
[runlim] sample:		4316.70 time, 520.01 real, 237 MB, 9.22 load
[runlim] sample:		4398.25 time, 530.01 real, 237 MB, 9.09 load
[runlim] sample:		4478.71 time, 540.01 real, 238 MB, 9.13 load
[runlim] sample:		4561.27 time, 550.01 real, 238 MB, 9.80 load
[runlim] sample:		4648.51 time, 560.01 real, 238 MB, 9.77 load
[runlim] sample:		4724.24 time, 570.01 real, 238 MB, 8.82 load
[runlim] sample:		4811.65 time, 580.01 real, 238 MB, 8.66 load
[runlim] sample:		4894.11 time, 590.01 real, 238 MB, 8.69 load
[runlim] sample:		4979.68 time, 600.02 real, 239 MB, 8.56 load
[runlim] end:			Wed Mar 25 05:54:16 2026
[runlim] status:		out of time
[runlim] result:		2
[runlim] children:		2
[runlim] processes:		3
[runlim] real:			601.07 seconds
[runlim] time:			4979.68 seconds
[runlim] space:			239 MB
[runlim] load:			10.38 maximum
[runlim] samples:		6000
