[runlim] version:		2.0.0rc12
[runlim] host:			ap-Precision-7550
[runlim] time limit:		311040000 seconds
[runlim] real time limit:	600 seconds
[runlim] space limit:		14000 MB
[runlim] argv[0]:		python3
[runlim] argv[1]:		cp_no.py
[runlim] argv[2]:		TUD916.3
[runlim] start:			Wed Mar 25 06:40:54 2026
[runlim] child:			76539
--- Building model for 916 variables ---
--- Solving with CP Optimizer (Integer Mode) ---
 ! --------------------------------------------------- CP Optimizer 22.1.1.0 --
 ! Minimization problem - 916 variables, 5262 constraints
 ! LogVerbosity         = Terse
 ! Initial process time : 0.04s (0.04s extraction + 0.00s propagation)
 !  . Log search space  : 4712.9 (before), 4712.9 (after)
 !  . Memory usage      : 2.8 MB (before), 2.8 MB (after)
 ! Using parallel search with 12 workers.
 ! ----------------------------------------------------------------------------
 !          Best Branches  Non-fixed    W       Branch decision
                        0        916                 -
 + New bound is 0
                        0        916                 -
 + New bound is 2
                        8        916    1   F   380 != node_728
 + New bound is 3
 *            46     1324  0.19s       11      (gap is 93.48%)
 *            24    11582  0.80s       11      (gap is 87.50%)
              24    11926          2   11   F   156 != node_551
 + New bound is 14 (gap is 41.67%)
              24    14810        888   11   F   792 != node_371
 + New bound is 20 (gap is 16.67%)
[runlim] sample:		75.33 time, 10.01 real, 272 MB, 7.84 load
[runlim] sample:		158.42 time, 20.01 real, 282 MB, 7.17 load
              24     315k        896    2   F   156 != node_372
 + New bound is 21 (gap is 12.50%)
[runlim] sample:		236.82 time, 30.01 real, 288 MB, 7.03 load
[runlim] sample:		314.84 time, 40.02 real, 290 MB, 7.80 load
              24     438k        866    9            -
 + New bound is 24 (gap is 0.00%)
 ! ----------------------------------------------------------------------------
 ! Search completed, 2 solutions found.
 ! Best objective         : 24 (optimal - effective tol. is 0)
 ! Best bound             : 24
 ! ----------------------------------------------------------------------------
 ! Number of branches     : 5489802
 ! Number of fails        : 2583268
 ! Total memory usage     : 117.6 MB (117.0 MB CP Optimizer + 0.6 MB Concert)
 ! Time spent in solve    : 43.00s (42.96s engine + 0.04s extraction)
 ! Search speed (br. / s) : 127788.7
 ! ----------------------------------------------------------------------------

==============================
OPTIMAL SOLUTION:
Label list: [722, 484, 310, 72, 30, 268, 380, 142, 414, 652, 680, 442, 282, 44, 442, 680, 142, 380, 254, 16, 268, 30, 792, 554, 338, 100, 380, 142, 30, 268, 764, 526, 680, 442, 100, 338, 30, 268, 44, 282, 142, 380, 310, 72, 142, 380, 100, 338, 16, 254, 338, 100, 652, 414, 30, 268, 30, 268, 72, 310, 484, 722, 414, 652, 16, 254, 16, 254, 72, 310, 240, 478, 282, 44, 16, 254, 16, 254, 100, 338, 16, 254, 44, 282, 338, 100, 16, 254, 414, 652, 16, 254, 100, 338, 268, 30, 310, 72, 44, 282, 282, 44, 338, 100, 414, 652, 72, 310, 414, 652, 554, 792, 268, 30, 380, 142, 30, 268, 652, 414, 526, 764, 680, 442, 44, 282, 310, 72, 30, 268, 72, 310, 72, 310, 764, 526, 554, 792, 30, 268, 16, 254, 268, 30, 414, 652, 680, 442, 72, 310, 30, 268, 72, 310, 268, 30, 310, 72, 680, 442, 484, 722, 72, 310, 338, 100, 380, 142, 484, 722, 30, 268, 338, 100, 16, 254, 380, 142, 72, 310, 142, 380, 380, 142, 526, 764, 442, 680, 764, 526, 44, 282, 100, 338, 30, 268, 652, 414, 380, 142, 268, 30, 338, 100, 142, 380, 764, 526, 72, 310, 792, 554, 680, 442, 380, 142, 100, 338, 16, 254, 30, 268, 100, 338, 254, 16, 30, 268, 526, 764, 652, 414, 72, 310, 652, 414, 254, 16, 30, 268, 16, 254, 44, 282, 30, 268, 30, 268, 652, 414, 268, 30, 268, 30, 44, 282, 268, 30, 680, 442, 526, 764, 652, 414, 16, 254, 16, 254, 652, 414, 338, 100, 310, 72, 30, 268, 764, 526, 282, 44, 554, 792, 16, 254, 268, 30, 554, 792, 100, 338, 100, 338, 30, 268, 100, 338, 338, 100, 30, 268, 268, 30, 268, 30, 268, 30, 282, 44, 442, 680, 442, 680, 30, 268, 254, 16, 414, 652, 680, 442, 16, 254, 268, 30, 254, 16, 30, 268, 72, 310, 554, 792, 142, 380, 100, 338, 380, 142, 526, 764, 764, 526, 254, 16, 310, 72, 442, 680, 310, 72, 764, 526, 282, 44, 268, 30, 16, 254, 310, 72, 142, 380, 338, 100, 282, 44, 142, 380, 484, 722, 792, 554, 652, 414, 680, 442, 72, 310, 380, 142, 142, 380, 142, 380, 44, 282, 254, 16, 792, 554, 100, 338, 338, 100, 338, 100, 100, 338, 764, 526, 526, 764, 484, 722, 30, 268, 30, 268, 240, 478, 30, 268, 310, 72, 652, 414, 652, 414, 722, 484, 44, 282, 310, 72, 338, 100, 72, 310, 254, 16, 652, 414, 16, 254, 268, 30, 380, 142, 442, 680, 16, 254, 142, 380, 100, 338, 254, 16, 30, 268, 268, 30, 310, 72, 722, 484, 268, 30, 268, 30, 380, 142, 30, 268, 16, 254, 484, 722, 414, 652, 652, 414, 722, 484, 282, 44, 414, 652, 16, 254, 310, 72, 30, 268, 268, 30, 30, 268, 16, 254, 380, 142, 380, 142, 652, 414, 142, 380, 268, 30, 680, 442, 380, 142, 442, 680, 142, 380, 722, 484, 722, 484, 16, 254, 16, 254, 414, 652, 30, 268, 44, 282, 380, 142, 722, 484, 652, 414, 268, 30, 72, 310, 680, 442, 268, 30, 72, 310, 254, 16, 652, 414, 16, 254, 338, 100, 442, 680, 16, 254, 72, 310, 722, 484, 652, 414, 792, 554, 722, 484, 792, 554, 282, 44, 442, 680, 30, 268, 142, 380, 100, 338, 254, 16, 72, 310, 722, 484, 16, 254, 652, 414, 526, 764, 380, 142, 554, 792, 652, 414, 310, 72, 554, 792, 72, 310, 142, 380, 268, 30, 100, 338, 44, 282, 30, 268, 44, 282, 282, 44, 310, 72, 484, 722, 142, 380, 16, 254, 254, 16, 100, 338, 30, 268, 72, 310, 268, 30, 72, 310, 142, 380, 254, 16, 254, 16, 338, 100, 442, 680, 310, 72, 268, 30, 652, 414, 100, 338, 380, 142, 652, 414, 254, 16, 414, 652, 72, 310, 142, 380, 142, 380, 72, 310, 268, 30, 268, 30, 484, 722, 30, 268, 30, 268, 100, 338, 338, 100, 72, 310, 268, 30, 722, 484, 142, 380, 526, 764, 792, 554, 792, 554, 310, 72, 338, 100, 680, 442, 338, 100, 484, 722, 380, 142, 652, 414, 100, 338, 380, 142, 30, 268, 338, 100, 310, 72, 310, 72, 792, 554, 16, 254, 142, 380, 268, 30, 142, 380, 652, 414, 282, 44, 30, 268, 380, 142, 680, 442, 142, 380, 764, 526, 16, 254, 722, 484, 44, 282, 30, 268, 380, 142, 142, 380, 254, 16, 764, 526, 72, 310, 680, 442, 722, 484, 100, 338, 764, 526, 72, 310, 30, 268, 240, 478, 100, 338, 16, 254, 380, 142, 254, 16, 484, 722, 338, 100, 100, 338, 30, 268, 680, 442, 16, 254, 268, 30, 414, 652, 478, 240, 30, 268, 142, 380, 100, 338, 380, 142, 380, 142, 722, 484, 338, 100, 268, 30, 442, 680, 380, 142, 722, 484, 792, 554, 764, 526, 442, 680, 338, 100, 722, 484, 282, 44, 680, 442, 722, 484, 652, 414, 764, 526, 484, 722, 652, 414, 722, 484, 722, 484, 44, 282, 792, 554, 72, 310, 142, 380, 792, 554, 442, 680, 142, 380, 254, 16, 680, 442, 652, 414, 764, 526, 72, 310, 16, 254, 44, 282, 722, 484, 44, 282, 254, 16, 484, 722, 142, 380, 652, 414, 310, 72, 310, 72, 268, 30, 380, 142, 268, 30, 414, 652, 414, 652, 414, 652, 100, 338, 526, 764, 254, 16, 100, 338, 30, 268]
Number of labels used: 24
Specific labels: [16, 30, 44, 72, 100, 142, 240, 254, 268, 282, 310, 338, 380, 414, 442, 478, 484, 526, 554, 652, 680, 722, 764, 792]
==============================
Total time: 43.17s
Memory used: 31.55 MB
[runlim] end:			Wed Mar 25 06:41:37 2026
[runlim] status:		ok
[runlim] result:		0
[runlim] children:		2
[runlim] processes:		3
[runlim] real:			43.26 seconds
[runlim] time:			340.92 seconds
[runlim] space:			291 MB
[runlim] load:			8.13 maximum
[runlim] samples:		433
