[runlim] version:		2.0.0rc12
[runlim] host:			ap-Precision-7550
[runlim] time limit:		311040000 seconds
[runlim] real time limit:	600 seconds
[runlim] space limit:		14000 MB
[runlim] argv[0]:		python3
[runlim] argv[1]:		-u
[runlim] argv[2]:		main.py
[runlim] argv[3]:		graph04
[runlim] start:			Thu Mar 26 00:38:46 2026
[runlim] child:			28255
Building Gurobi model...
Set parameter WLSAccessID
Set parameter WLSSecret
Set parameter LicenseID to value 2663665
Academic license 2663665 - for non-commercial use only - registered to tu___@vnu.edu.vn
Build time used: 7.13 sec
Solving...
[runlim] sample:		14.27 time, 10.01 real, 530 MB, 3.52 load
[runlim] sample:		61.83 time, 20.01 real, 1056 MB, 3.75 load
[runlim] sample:		103.06 time, 30.01 real, 1073 MB, 3.78 load
[runlim] sample:		143.24 time, 40.01 real, 1074 MB, 3.98 load
[runlim] sample:		176.99 time, 50.01 real, 931 MB, 3.74 load
[runlim] sample:		187.20 time, 60.01 real, 932 MB, 3.32 load
[runlim] sample:		203.39 time, 70.01 real, 1173 MB, 3.20 load
[runlim] sample:		243.60 time, 80.01 real, 1204 MB, 3.33 load
[runlim] sample:		283.78 time, 90.01 real, 1205 MB, 3.43 load
[runlim] sample:		323.96 time, 100.01 real, 1232 MB, 3.52 load
[runlim] sample:		364.13 time, 110.01 real, 1284 MB, 3.75 load
[runlim] sample:		404.32 time, 120.01 real, 1393 MB, 3.87 load
[runlim] sample:		444.50 time, 130.01 real, 1393 MB, 3.97 load
[runlim] sample:		484.67 time, 140.01 real, 1539 MB, 3.97 load
[runlim] sample:		524.82 time, 150.01 real, 1549 MB, 3.98 load
{1: 764, 2: 526, 3: 792, 4: 554, 5: 114, 6: 352, 7: 778, 8: 540, 9: 666, 10: 428, 11: 156, 12: 394, 13: 128, 14: 366, 15: 708, 16: 470, 17: 16, 18: 254, 19: 156, 20: 394, 21: 16, 22: 254, 23: 72, 24: 310, 25: 680, 26: 442, 27: 72, 28: 310, 29: 128, 30: 366, 31: 652, 32: 414, 33: 58, 34: 296, 35: 44, 36: 282, 37: 792, 38: 554, 39: 100, 40: 338, 41: 86, 42: 324, 43: 44, 44: 282, 45: 142, 46: 380, 47: 44, 48: 282, 49: 792, 50: 554, 51: 750, 52: 512, 53: 708, 54: 470, 55: 652, 56: 414, 57: 30, 58: 268, 59: 792, 60: 554, 61: 694, 62: 456, 63: 666, 64: 428, 65: 792, 66: 554, 67: 58, 68: 296, 69: 680, 70: 442, 71: 142, 72: 380, 73: 778, 74: 540, 75: 792, 76: 554, 77: 652, 78: 414, 79: 736, 80: 498, 81: 708, 82: 470, 83: 30, 84: 268, 85: 30, 86: 268, 87: 30, 88: 268, 89: 16, 90: 254, 91: 16, 92: 254, 93: 114, 94: 352, 95: 156, 96: 394, 97: 680, 98: 442, 99: 652, 100: 414, 101: 16, 102: 254, 103: 16, 104: 254, 105: 100, 106: 338, 107: 666, 108: 428, 109: 750, 110: 512, 111: 156, 112: 394, 113: 114, 114: 352, 115: 736, 116: 498, 117: 16, 118: 254, 119: 736, 120: 498, 121: 100, 122: 338, 123: 128, 124: 366, 125: 156, 126: 394, 127: 16, 128: 254, 129: 58, 130: 296, 131: 764, 132: 526, 133: 58, 134: 296, 135: 708, 136: 470, 137: 764, 138: 526, 139: 666, 140: 428, 141: 156, 142: 394, 143: 722, 144: 484, 145: 792, 146: 554, 147: 16, 148: 254, 149: 44, 150: 282, 151: 736, 152: 498, 153: 16, 154: 254, 155: 666, 156: 428, 157: 722, 158: 484, 159: 736, 160: 498, 161: 694, 162: 456, 163: 16, 164: 254, 165: 58, 166: 296, 167: 778, 168: 540, 169: 156, 170: 394, 171: 666, 172: 428, 173: 736, 174: 498, 175: 100, 176: 338, 177: 16, 178: 254, 179: 100, 180: 338, 181: 58, 182: 296, 183: 30, 184: 268, 185: 792, 186: 554, 187: 58, 188: 296, 189: 16, 190: 254, 191: 750, 192: 512, 193: 128, 194: 366, 195: 764, 196: 526, 197: 680, 198: 442, 199: 722, 200: 484, 201: 722, 202: 484, 203: 30, 204: 268, 205: 764, 206: 526, 207: 736, 208: 498, 209: 792, 210: 554, 211: 142, 212: 380, 213: 708, 214: 470, 215: 708, 216: 470, 217: 708, 218: 470, 219: 156, 220: 394, 221: 792, 222: 554, 223: 708, 224: 470, 225: 694, 226: 456, 227: 694, 228: 456, 229: 778, 230: 540, 231: 30, 232: 268, 233: 694, 234: 456, 235: 128, 236: 366, 237: 778, 238: 540, 239: 736, 240: 498, 241: 778, 242: 540, 243: 736, 244: 498, 245: 694, 246: 456, 247: 750, 248: 512, 249: 778, 250: 540, 251: 666, 252: 428, 253: 764, 254: 526, 255: 666, 256: 428, 257: 778, 258: 540, 259: 114, 260: 352, 261: 16, 262: 254, 263: 30, 264: 268, 265: 778, 266: 540, 267: 736, 268: 498, 269: 666, 270: 428, 271: 764, 272: 526, 273: 114, 274: 352, 275: 764, 276: 526, 277: 736, 278: 498, 279: 16, 280: 254, 281: 156, 282: 394, 283: 722, 284: 484, 285: 58, 286: 296, 287: 156, 288: 394, 289: 750, 290: 512, 291: 156, 292: 394, 293: 652, 294: 414, 295: 16, 296: 254, 297: 114, 298: 352, 299: 30, 300: 268, 301: 708, 302: 470, 303: 86, 304: 324, 305: 750, 306: 512, 307: 652, 308: 414, 309: 750, 310: 512, 311: 778, 312: 540, 313: 128, 314: 366, 315: 128, 316: 366, 317: 44, 318: 282, 319: 44, 320: 282, 321: 736, 322: 498, 323: 666, 324: 428, 325: 86, 326: 324, 327: 666, 328: 428, 329: 100, 330: 338, 331: 30, 332: 268, 333: 142, 334: 380, 335: 652, 336: 414, 337: 736, 338: 498, 339: 722, 340: 484, 341: 142, 342: 380, 343: 694, 344: 456, 345: 778, 346: 540, 347: 30, 348: 268, 349: 722, 350: 484, 351: 764, 352: 526, 353: 764, 354: 526, 355: 30, 356: 268, 357: 16, 358: 254, 359: 100, 360: 338, 361: 778, 362: 540, 363: 86, 364: 324, 365: 750, 366: 512, 367: 72, 368: 310, 369: 72, 370: 310, 371: 30, 372: 268, 373: 30, 374: 268, 375: 778, 376: 540, 377: 666, 378: 428, 379: 750, 380: 512, 381: 778, 382: 540, 383: 72, 384: 310, 385: 142, 386: 380, 387: 694, 388: 456, 389: 30, 390: 268, 391: 16, 392: 254, 393: 750, 394: 512, 395: 666, 396: 428, 397: 16, 398: 254, 399: 764, 400: 526}

Number of labels used: 44
Total time used: 152.24 sec
Memory used: 1550.23 MB
================================
[runlim] sample:		564.99 time, 160.01 real, 1549 MB, 4.05 load
[runlim] sample:		605.16 time, 170.01 real, 1549 MB, 4.05 load
[runlim] sample:		645.32 time, 180.01 real, 1553 MB, 4.04 load
[runlim] sample:		685.53 time, 190.01 real, 1554 MB, 4.03 load
[runlim] sample:		725.71 time, 200.01 real, 1554 MB, 4.11 load
[runlim] sample:		765.93 time, 210.01 real, 1557 MB, 4.09 load
[runlim] sample:		806.12 time, 220.01 real, 1557 MB, 4.16 load
[runlim] sample:		846.32 time, 230.01 real, 1557 MB, 4.13 load
[runlim] sample:		886.50 time, 240.01 real, 1565 MB, 4.11 load
[runlim] sample:		926.69 time, 250.01 real, 1550 MB, 4.09 load
[runlim] sample:		966.90 time, 260.01 real, 1550 MB, 4.16 load
[runlim] sample:		1007.12 time, 270.01 real, 1551 MB, 4.13 load
[runlim] sample:		1047.33 time, 280.01 real, 1551 MB, 4.11 load
[runlim] sample:		1087.56 time, 290.01 real, 1553 MB, 4.10 load
[runlim] sample:		1127.76 time, 300.01 real, 1632 MB, 4.08 load
[runlim] sample:		1167.96 time, 310.01 real, 1636 MB, 4.07 load
[runlim] sample:		1208.17 time, 320.01 real, 1638 MB, 4.06 load
[runlim] sample:		1248.36 time, 330.01 real, 1639 MB, 4.05 load
[runlim] sample:		1288.55 time, 340.01 real, 1641 MB, 4.04 load
[runlim] sample:		1328.73 time, 350.01 real, 1642 MB, 4.03 load
[runlim] sample:		1368.91 time, 360.01 real, 1642 MB, 4.03 load
[runlim] sample:		1409.09 time, 370.01 real, 1643 MB, 4.02 load
[runlim] sample:		1449.28 time, 380.01 real, 1581 MB, 4.02 load
[runlim] sample:		1489.48 time, 390.01 real, 1616 MB, 4.10 load
[runlim] sample:		1529.66 time, 400.01 real, 1615 MB, 4.08 load
[runlim] sample:		1569.85 time, 410.01 real, 1614 MB, 4.07 load
[runlim] sample:		1610.04 time, 420.01 real, 1614 MB, 4.06 load
[runlim] sample:		1650.25 time, 430.01 real, 1614 MB, 4.05 load
[runlim] sample:		1690.43 time, 440.01 real, 1617 MB, 4.12 load
[runlim] sample:		1730.62 time, 450.01 real, 1617 MB, 4.10 load
[runlim] sample:		1770.80 time, 460.01 real, 1617 MB, 4.16 load
[runlim] sample:		1811.01 time, 470.01 real, 1618 MB, 4.43 load
[runlim] sample:		1851.19 time, 480.01 real, 1617 MB, 4.44 load
[runlim] sample:		1891.37 time, 490.02 real, 1617 MB, 4.37 load
[runlim] sample:		1931.56 time, 500.01 real, 1615 MB, 4.31 load
[runlim] sample:		1971.73 time, 510.01 real, 1614 MB, 4.26 load
[runlim] sample:		2011.92 time, 520.01 real, 1615 MB, 4.38 load
[runlim] sample:		2052.14 time, 530.01 real, 1615 MB, 4.32 load
[runlim] sample:		2092.33 time, 540.01 real, 1643 MB, 4.27 load
[runlim] sample:		2120.56 time, 550.01 real, 1561 MB, 3.99 load
[runlim] sample:		2130.73 time, 560.01 real, 1561 MB, 3.75 load
[runlim] sample:		2140.88 time, 570.01 real, 1562 MB, 3.33 load
[runlim] sample:		2151.05 time, 580.01 real, 1562 MB, 2.97 load
[runlim] sample:		2161.22 time, 590.01 real, 1562 MB, 2.67 load
[runlim] sample:		2171.38 time, 600.01 real, 1562 MB, 2.41 load
[runlim] end:			Thu Mar 26 00:48:47 2026
[runlim] status:		out of time
[runlim] result:		2
[runlim] children:		1
[runlim] processes:		2
[runlim] real:			601.06 seconds
[runlim] time:			2171.38 seconds
[runlim] space:			1649 MB
[runlim] load:			4.47 maximum
[runlim] samples:		6000
