[runlim] version:		2.0.0rc12
[runlim] host:			ap-Precision-7550
[runlim] time limit:		311040000 seconds
[runlim] real time limit:	600 seconds
[runlim] space limit:		14000 MB
[runlim] argv[0]:		python3
[runlim] argv[1]:		-u
[runlim] argv[2]:		main.py
[runlim] argv[3]:		graph06
[runlim] start:			Thu Mar 26 00:48:47 2026
[runlim] child:			28285
Warning: variable 365 has no valid labels after preprocessing.
Cannot find solution!
Total time used: 0.09 sec
Memory used: 19.61 MB
[runlim] end:			Thu Mar 26 00:48:47 2026
[runlim] status:		ok
[runlim] result:		0
[runlim] children:		1
[runlim] processes:		2
[runlim] real:			0.13 seconds
[runlim] time:			0.10 seconds
[runlim] space:			19 MB
[runlim] load:			2.30 maximum
[runlim] samples:		2
