[runlim] version:		2.0.0rc12
[runlim] host:			ap-Precision-7550
[runlim] time limit:		311040000 seconds
[runlim] real time limit:	600 seconds
[runlim] space limit:		14000 MB
[runlim] argv[0]:		python3
[runlim] argv[1]:		-u
[runlim] argv[2]:		main.py
[runlim] argv[3]:		scen08
[runlim] start:			Thu Mar 26 00:58:51 2026
[runlim] child:			28351
Warning: variable 825 has no valid labels after preprocessing.
Cannot find solution!
Total time used: 0.28 sec
Memory used: 20.41 MB
[runlim] end:			Thu Mar 26 00:58:51 2026
[runlim] status:		ok
[runlim] result:		0
[runlim] children:		1
[runlim] processes:		2
[runlim] real:			0.32 seconds
[runlim] time:			0.30 seconds
[runlim] space:			21 MB
[runlim] load:			1.13 maximum
[runlim] samples:		4
