[runlim] version:		2.0.0rc12
[runlim] host:			ap-Precision-7550
[runlim] time limit:		311040000 seconds
[runlim] real time limit:	600 seconds
[runlim] space limit:		14000 MB
[runlim] argv[0]:		python3
[runlim] argv[1]:		-u
[runlim] argv[2]:		main.py
[runlim] argv[3]:		scen10
[runlim] start:			Thu Mar 26 00:58:51 2026
[runlim] child:			28357
Warning: variable 13 has no valid labels after preprocessing.
Cannot find solution!
Total time used: 0.01 sec
Memory used: 20.19 MB
[runlim] end:			Thu Mar 26 00:58:51 2026
[runlim] status:		ok
[runlim] result:		0
[runlim] children:		0
[runlim] processes:		0
[runlim] real:			0.06 seconds
[runlim] time:			0.00 seconds
[runlim] space:			0 MB
[runlim] load:			1.12 maximum
[runlim] samples:		1
