[runlim] version:		2.0.0rc12
[runlim] host:			ap-Precision-7550
[runlim] time limit:		311040000 seconds
[runlim] real time limit:	600 seconds
[runlim] space limit:		14000 MB
[runlim] argv[0]:		python3
[runlim] argv[1]:		-u
[runlim] argv[2]:		main.py
[runlim] argv[3]:		TUD200.1
[runlim] start:			Thu Mar 26 00:58:51 2026
[runlim] child:			28360
Building Gurobi model...
Set parameter WLSAccessID
Set parameter WLSSecret
Set parameter LicenseID to value 2663665
Academic license 2663665 - for non-commercial use only - registered to tu___@vnu.edu.vn
Build time used: 1.47 sec
Solving...
{1: 86, 2: 324, 3: 16, 4: 254, 5: 484, 6: 722, 7: 666, 8: 428, 9: 268, 10: 30, 11: 268, 12: 30, 13: 554, 14: 792, 15: 30, 16: 268, 17: 128, 18: 366, 19: 722, 20: 484, 21: 338, 22: 100, 23: 708, 24: 470, 25: 778, 26: 540, 27: 498, 28: 736, 29: 722, 30: 484, 31: 16, 32: 254, 33: 72, 34: 310, 35: 338, 36: 100, 37: 764, 38: 526, 39: 142, 40: 380, 41: 338, 42: 100, 43: 114, 44: 352, 45: 526, 46: 764, 47: 44, 48: 282, 49: 512, 50: 750, 51: 554, 52: 792, 53: 282, 54: 44, 55: 414, 56: 652, 57: 72, 58: 310, 59: 380, 60: 142, 61: 380, 62: 142, 63: 16, 64: 254, 65: 72, 66: 310, 67: 16, 68: 254, 69: 324, 70: 86, 71: 16, 72: 254, 73: 470, 74: 708, 75: 324, 76: 86, 77: 414, 78: 652, 79: 58, 80: 296, 81: 512, 82: 750, 83: 310, 84: 72, 85: 792, 86: 554, 87: 540, 88: 778, 89: 680, 90: 442, 91: 72, 92: 310, 93: 764, 94: 526, 95: 526, 96: 764, 97: 296, 98: 58, 99: 694, 100: 456, 101: 268, 102: 30, 103: 680, 104: 442, 105: 268, 106: 30, 107: 58, 108: 296, 109: 128, 110: 366, 111: 764, 112: 526, 113: 652, 114: 414, 115: 792, 116: 554, 117: 414, 118: 652, 119: 792, 120: 554, 121: 338, 122: 100, 123: 282, 124: 44, 125: 526, 126: 764, 127: 380, 128: 142, 129: 478, 130: 240, 131: 30, 132: 268, 133: 764, 134: 526, 135: 156, 136: 394, 137: 722, 138: 484, 139: 428, 140: 666, 141: 484, 142: 722, 143: 540, 144: 778, 145: 792, 146: 554, 147: 526, 148: 764, 149: 554, 150: 792, 151: 792, 152: 554, 153: 30, 154: 268, 155: 380, 156: 142, 157: 750, 158: 512, 159: 142, 160: 380, 161: 380, 162: 142, 163: 16, 164: 254, 165: 736, 166: 498, 167: 100, 168: 338, 169: 100, 170: 338, 171: 722, 172: 484, 173: 268, 174: 30, 175: 442, 176: 680, 177: 352, 178: 114, 179: 254, 180: 16, 181: 44, 182: 282, 183: 554, 184: 792, 185: 156, 186: 394, 187: 296, 188: 58, 189: 268, 190: 30, 191: 100, 192: 338, 193: 254, 194: 16, 195: 750, 196: 512, 197: 694, 198: 456, 199: 778, 200: 540}

Number of labels used: 46
Total time used: 6.32 sec
Memory used: 340.66 MB
================================
{1: 72, 2: 310, 3: 142, 4: 380, 5: 142, 6: 380, 7: 16, 8: 254, 9: 16, 10: 254, 11: 722, 12: 484, 13: 554, 14: 792, 15: 652, 16: 414, 17: 414, 18: 652, 19: 792, 20: 554, 21: 142, 22: 380, 23: 792, 24: 554, 25: 792, 26: 554, 27: 414, 28: 652, 29: 554, 30: 792, 31: 142, 32: 380, 33: 254, 34: 16, 35: 268, 36: 30, 37: 86, 38: 324, 39: 666, 40: 428, 41: 652, 42: 414, 43: 254, 44: 16, 45: 156, 46: 394, 47: 722, 48: 484, 49: 380, 50: 142, 51: 680, 52: 442, 53: 380, 54: 142, 55: 652, 56: 414, 57: 652, 58: 414, 59: 722, 60: 484, 61: 30, 62: 268, 63: 456, 64: 694, 65: 792, 66: 554, 67: 414, 68: 652, 69: 254, 70: 16, 71: 652, 72: 414, 73: 268, 74: 30, 75: 414, 76: 652, 77: 268, 78: 30, 79: 380, 80: 142, 81: 554, 82: 792, 83: 414, 84: 652, 85: 792, 86: 554, 87: 554, 88: 792, 89: 44, 90: 282, 91: 72, 92: 310, 93: 722, 94: 484, 95: 380, 96: 142, 97: 792, 98: 554, 99: 414, 100: 652, 101: 484, 102: 722, 103: 30, 104: 268, 105: 16, 106: 254, 107: 554, 108: 792, 109: 268, 110: 30, 111: 16, 112: 254, 113: 380, 114: 142, 115: 792, 116: 554, 117: 554, 118: 792, 119: 792, 120: 554, 121: 86, 122: 324, 123: 792, 124: 554, 125: 30, 126: 268, 127: 380, 128: 142, 129: 240, 130: 478, 131: 268, 132: 30, 133: 380, 134: 142, 135: 722, 136: 484, 137: 722, 138: 484, 139: 268, 140: 30, 141: 484, 142: 722, 143: 30, 144: 268, 145: 72, 146: 310, 147: 254, 148: 16, 149: 554, 150: 792, 151: 310, 152: 72, 153: 268, 154: 30, 155: 30, 156: 268, 157: 16, 158: 254, 159: 30, 160: 268, 161: 142, 162: 380, 163: 484, 164: 722, 165: 16, 166: 254, 167: 540, 168: 778, 169: 16, 170: 254, 171: 792, 172: 554, 173: 792, 174: 554, 175: 652, 176: 414, 177: 268, 178: 30, 179: 380, 180: 142, 181: 792, 182: 554, 183: 554, 184: 792, 185: 324, 186: 86, 187: 86, 188: 324, 189: 680, 190: 442, 191: 324, 192: 86, 193: 16, 194: 254, 195: 268, 196: 30, 197: 652, 198: 414, 199: 484, 200: 722}

Number of labels used: 30
Total time used: 6.35 sec
Memory used: 344.23 MB
================================
{1: 72, 2: 310, 3: 142, 4: 380, 5: 142, 6: 380, 7: 16, 8: 254, 9: 16, 10: 254, 11: 722, 12: 484, 13: 554, 14: 792, 15: 652, 16: 414, 17: 414, 18: 652, 19: 792, 20: 554, 21: 142, 22: 380, 23: 792, 24: 554, 25: 792, 26: 554, 27: 414, 28: 652, 29: 554, 30: 792, 31: 142, 32: 380, 33: 254, 34: 16, 35: 268, 36: 30, 37: 86, 38: 324, 39: 666, 40: 428, 41: 652, 42: 414, 43: 254, 44: 16, 45: 156, 46: 394, 47: 722, 48: 484, 49: 380, 50: 142, 51: 680, 52: 442, 53: 380, 54: 142, 55: 652, 56: 414, 57: 652, 58: 414, 59: 722, 60: 484, 61: 30, 62: 268, 63: 456, 64: 694, 65: 792, 66: 554, 67: 414, 68: 652, 69: 254, 70: 16, 71: 652, 72: 414, 73: 268, 74: 30, 75: 414, 76: 652, 77: 268, 78: 30, 79: 380, 80: 142, 81: 554, 82: 792, 83: 414, 84: 652, 85: 792, 86: 554, 87: 554, 88: 792, 89: 44, 90: 282, 91: 72, 92: 310, 93: 722, 94: 484, 95: 380, 96: 142, 97: 792, 98: 554, 99: 414, 100: 652, 101: 484, 102: 722, 103: 30, 104: 268, 105: 16, 106: 254, 107: 554, 108: 792, 109: 268, 110: 30, 111: 16, 112: 254, 113: 380, 114: 142, 115: 792, 116: 554, 117: 554, 118: 792, 119: 792, 120: 554, 121: 86, 122: 324, 123: 792, 124: 554, 125: 30, 126: 268, 127: 380, 128: 142, 129: 240, 130: 478, 131: 268, 132: 30, 133: 380, 134: 142, 135: 722, 136: 484, 137: 722, 138: 484, 139: 268, 140: 30, 141: 484, 142: 722, 143: 30, 144: 268, 145: 72, 146: 310, 147: 254, 148: 16, 149: 554, 150: 792, 151: 310, 152: 72, 153: 268, 154: 30, 155: 30, 156: 268, 157: 16, 158: 254, 159: 30, 160: 268, 161: 142, 162: 380, 163: 484, 164: 722, 165: 16, 166: 254, 167: 540, 168: 778, 169: 16, 170: 254, 171: 792, 172: 554, 173: 792, 174: 554, 175: 652, 176: 414, 177: 268, 178: 30, 179: 380, 180: 142, 181: 792, 182: 554, 183: 554, 184: 792, 185: 324, 186: 86, 187: 86, 188: 324, 189: 680, 190: 442, 191: 324, 192: 86, 193: 16, 194: 254, 195: 268, 196: 30, 197: 652, 198: 414, 199: 484, 200: 722}

Number of labels used: 30
Total time used: 6.39 sec
Memory used: 346.64 MB
================================
{1: 142, 2: 380, 3: 142, 4: 380, 5: 142, 6: 380, 7: 16, 8: 254, 9: 16, 10: 254, 11: 722, 12: 484, 13: 792, 14: 554, 15: 652, 16: 414, 17: 414, 18: 652, 19: 792, 20: 554, 21: 142, 22: 380, 23: 792, 24: 554, 25: 792, 26: 554, 27: 414, 28: 652, 29: 554, 30: 792, 31: 142, 32: 380, 33: 254, 34: 16, 35: 268, 36: 30, 37: 86, 38: 324, 39: 666, 40: 428, 41: 652, 42: 414, 43: 254, 44: 16, 45: 156, 46: 394, 47: 722, 48: 484, 49: 380, 50: 142, 51: 680, 52: 442, 53: 380, 54: 142, 55: 652, 56: 414, 57: 652, 58: 414, 59: 792, 60: 554, 61: 30, 62: 268, 63: 414, 64: 652, 65: 792, 66: 554, 67: 414, 68: 652, 69: 254, 70: 16, 71: 652, 72: 414, 73: 268, 74: 30, 75: 414, 76: 652, 77: 268, 78: 30, 79: 380, 80: 142, 81: 554, 82: 792, 83: 414, 84: 652, 85: 792, 86: 554, 87: 554, 88: 792, 89: 30, 90: 268, 91: 72, 92: 310, 93: 722, 94: 484, 95: 380, 96: 142, 97: 792, 98: 554, 99: 414, 100: 652, 101: 484, 102: 722, 103: 30, 104: 268, 105: 310, 106: 72, 107: 554, 108: 792, 109: 268, 110: 30, 111: 72, 112: 310, 113: 380, 114: 142, 115: 792, 116: 554, 117: 554, 118: 792, 119: 792, 120: 554, 121: 86, 122: 324, 123: 554, 124: 792, 125: 30, 126: 268, 127: 380, 128: 142, 129: 240, 130: 478, 131: 268, 132: 30, 133: 380, 134: 142, 135: 722, 136: 484, 137: 722, 138: 484, 139: 268, 140: 30, 141: 484, 142: 722, 143: 30, 144: 268, 145: 72, 146: 310, 147: 254, 148: 16, 149: 554, 150: 792, 151: 310, 152: 72, 153: 268, 154: 30, 155: 30, 156: 268, 157: 16, 158: 254, 159: 30, 160: 268, 161: 142, 162: 380, 163: 484, 164: 722, 165: 16, 166: 254, 167: 540, 168: 778, 169: 16, 170: 254, 171: 792, 172: 554, 173: 792, 174: 554, 175: 652, 176: 414, 177: 268, 178: 30, 179: 380, 180: 142, 181: 792, 182: 554, 183: 554, 184: 792, 185: 324, 186: 86, 187: 380, 188: 142, 189: 680, 190: 442, 191: 324, 192: 86, 193: 16, 194: 254, 195: 16, 196: 254, 197: 652, 198: 414, 199: 484, 200: 722}

Number of labels used: 26
Total time used: 6.43 sec
Memory used: 354.61 MB
================================
{1: 142, 2: 380, 3: 142, 4: 380, 5: 142, 6: 380, 7: 16, 8: 254, 9: 16, 10: 254, 11: 722, 12: 484, 13: 792, 14: 554, 15: 652, 16: 414, 17: 414, 18: 652, 19: 792, 20: 554, 21: 142, 22: 380, 23: 792, 24: 554, 25: 792, 26: 554, 27: 414, 28: 652, 29: 554, 30: 792, 31: 142, 32: 380, 33: 254, 34: 16, 35: 268, 36: 30, 37: 86, 38: 324, 39: 666, 40: 428, 41: 652, 42: 414, 43: 254, 44: 16, 45: 156, 46: 394, 47: 722, 48: 484, 49: 380, 50: 142, 51: 680, 52: 442, 53: 380, 54: 142, 55: 652, 56: 414, 57: 652, 58: 414, 59: 792, 60: 554, 61: 30, 62: 268, 63: 414, 64: 652, 65: 792, 66: 554, 67: 414, 68: 652, 69: 254, 70: 16, 71: 652, 72: 414, 73: 268, 74: 30, 75: 414, 76: 652, 77: 268, 78: 30, 79: 380, 80: 142, 81: 554, 82: 792, 83: 414, 84: 652, 85: 792, 86: 554, 87: 554, 88: 792, 89: 30, 90: 268, 91: 72, 92: 310, 93: 722, 94: 484, 95: 254, 96: 16, 97: 792, 98: 554, 99: 414, 100: 652, 101: 484, 102: 722, 103: 30, 104: 268, 105: 310, 106: 72, 107: 554, 108: 792, 109: 268, 110: 30, 111: 72, 112: 310, 113: 380, 114: 142, 115: 792, 116: 554, 117: 554, 118: 792, 119: 792, 120: 554, 121: 86, 122: 324, 123: 554, 124: 792, 125: 30, 126: 268, 127: 380, 128: 142, 129: 142, 130: 380, 131: 268, 132: 30, 133: 380, 134: 142, 135: 722, 136: 484, 137: 722, 138: 484, 139: 380, 140: 142, 141: 484, 142: 722, 143: 30, 144: 268, 145: 72, 146: 310, 147: 254, 148: 16, 149: 554, 150: 792, 151: 310, 152: 72, 153: 268, 154: 30, 155: 30, 156: 268, 157: 16, 158: 254, 159: 30, 160: 268, 161: 142, 162: 380, 163: 484, 164: 722, 165: 16, 166: 254, 167: 540, 168: 778, 169: 16, 170: 254, 171: 792, 172: 554, 173: 792, 174: 554, 175: 652, 176: 414, 177: 268, 178: 30, 179: 380, 180: 142, 181: 792, 182: 554, 183: 554, 184: 792, 185: 324, 186: 86, 187: 380, 188: 142, 189: 680, 190: 442, 191: 324, 192: 86, 193: 16, 194: 254, 195: 16, 196: 254, 197: 652, 198: 414, 199: 484, 200: 722}

Number of labels used: 24
Total time used: 6.44 sec
Memory used: 354.61 MB
================================
{1: 142, 2: 380, 3: 142, 4: 380, 5: 142, 6: 380, 7: 16, 8: 254, 9: 16, 10: 254, 11: 380, 12: 142, 13: 792, 14: 554, 15: 652, 16: 414, 17: 414, 18: 652, 19: 792, 20: 554, 21: 142, 22: 380, 23: 792, 24: 554, 25: 792, 26: 554, 27: 414, 28: 652, 29: 554, 30: 792, 31: 142, 32: 380, 33: 254, 34: 16, 35: 268, 36: 30, 37: 750, 38: 512, 39: 750, 40: 512, 41: 652, 42: 414, 43: 254, 44: 16, 45: 254, 46: 16, 47: 512, 48: 750, 49: 380, 50: 142, 51: 554, 52: 792, 53: 380, 54: 142, 55: 652, 56: 414, 57: 254, 58: 16, 59: 792, 60: 554, 61: 30, 62: 268, 63: 414, 64: 652, 65: 792, 66: 554, 67: 414, 68: 652, 69: 254, 70: 16, 71: 652, 72: 414, 73: 512, 74: 750, 75: 414, 76: 652, 77: 268, 78: 30, 79: 750, 80: 512, 81: 554, 82: 792, 83: 414, 84: 652, 85: 792, 86: 554, 87: 554, 88: 792, 89: 30, 90: 268, 91: 72, 92: 310, 93: 652, 94: 414, 95: 254, 96: 16, 97: 792, 98: 554, 99: 414, 100: 652, 101: 512, 102: 750, 103: 30, 104: 268, 105: 310, 106: 72, 107: 554, 108: 792, 109: 268, 110: 30, 111: 72, 112: 310, 113: 380, 114: 142, 115: 792, 116: 554, 117: 554, 118: 792, 119: 792, 120: 554, 121: 268, 122: 30, 123: 554, 124: 792, 125: 30, 126: 268, 127: 456, 128: 694, 129: 380, 130: 142, 131: 72, 132: 310, 133: 380, 134: 142, 135: 750, 136: 512, 137: 310, 138: 72, 139: 380, 140: 142, 141: 310, 142: 72, 143: 512, 144: 750, 145: 72, 146: 310, 147: 254, 148: 16, 149: 554, 150: 792, 151: 72, 152: 310, 153: 680, 154: 442, 155: 310, 156: 72, 157: 16, 158: 254, 159: 30, 160: 268, 161: 142, 162: 380, 163: 414, 164: 652, 165: 16, 166: 254, 167: 512, 168: 750, 169: 652, 170: 414, 171: 512, 172: 750, 173: 792, 174: 554, 175: 652, 176: 414, 177: 268, 178: 30, 179: 380, 180: 142, 181: 792, 182: 554, 183: 554, 184: 792, 185: 380, 186: 142, 187: 380, 188: 142, 189: 652, 190: 414, 191: 254, 192: 16, 193: 16, 194: 254, 195: 16, 196: 254, 197: 652, 198: 414, 199: 72, 200: 310}

Number of labels used: 18
Total time used: 6.45 sec
Memory used: 354.61 MB
================================
{1: 142, 2: 380, 3: 142, 4: 380, 5: 142, 6: 380, 7: 16, 8: 254, 9: 16, 10: 254, 11: 380, 12: 142, 13: 792, 14: 554, 15: 652, 16: 414, 17: 414, 18: 652, 19: 792, 20: 554, 21: 142, 22: 380, 23: 792, 24: 554, 25: 792, 26: 554, 27: 414, 28: 652, 29: 554, 30: 792, 31: 142, 32: 380, 33: 254, 34: 16, 35: 268, 36: 30, 37: 750, 38: 512, 39: 750, 40: 512, 41: 652, 42: 414, 43: 254, 44: 16, 45: 254, 46: 16, 47: 512, 48: 750, 49: 380, 50: 142, 51: 254, 52: 16, 53: 380, 54: 142, 55: 652, 56: 414, 57: 254, 58: 16, 59: 792, 60: 554, 61: 30, 62: 268, 63: 414, 64: 652, 65: 792, 66: 554, 67: 414, 68: 652, 69: 254, 70: 16, 71: 652, 72: 414, 73: 512, 74: 750, 75: 414, 76: 652, 77: 268, 78: 30, 79: 750, 80: 512, 81: 554, 82: 792, 83: 414, 84: 652, 85: 792, 86: 554, 87: 554, 88: 792, 89: 30, 90: 268, 91: 72, 92: 310, 93: 722, 94: 484, 95: 254, 96: 16, 97: 792, 98: 554, 99: 414, 100: 652, 101: 512, 102: 750, 103: 30, 104: 268, 105: 310, 106: 72, 107: 554, 108: 792, 109: 268, 110: 30, 111: 72, 112: 310, 113: 380, 114: 142, 115: 792, 116: 554, 117: 554, 118: 792, 119: 792, 120: 554, 121: 268, 122: 30, 123: 554, 124: 792, 125: 30, 126: 268, 127: 380, 128: 142, 129: 380, 130: 142, 131: 72, 132: 310, 133: 380, 134: 142, 135: 722, 136: 484, 137: 310, 138: 72, 139: 380, 140: 142, 141: 310, 142: 72, 143: 512, 144: 750, 145: 72, 146: 310, 147: 254, 148: 16, 149: 554, 150: 792, 151: 72, 152: 310, 153: 268, 154: 30, 155: 722, 156: 484, 157: 16, 158: 254, 159: 30, 160: 268, 161: 142, 162: 380, 163: 414, 164: 652, 165: 16, 166: 254, 167: 512, 168: 750, 169: 652, 170: 414, 171: 792, 172: 554, 173: 792, 174: 554, 175: 652, 176: 414, 177: 268, 178: 30, 179: 380, 180: 142, 181: 792, 182: 554, 183: 554, 184: 792, 185: 310, 186: 72, 187: 380, 188: 142, 189: 652, 190: 414, 191: 722, 192: 484, 193: 16, 194: 254, 195: 16, 196: 254, 197: 652, 198: 414, 199: 512, 200: 750}

Number of labels used: 16
Total time used: 6.46 sec
Memory used: 354.61 MB
================================
[runlim] sample:		28.00 time, 10.01 real, 433 MB, 1.34 load
{1: 142, 2: 380, 3: 414, 4: 652, 5: 142, 6: 380, 7: 652, 8: 414, 9: 254, 10: 16, 11: 484, 12: 722, 13: 652, 14: 414, 15: 652, 16: 414, 17: 414, 18: 652, 19: 792, 20: 554, 21: 792, 22: 554, 23: 792, 24: 554, 25: 792, 26: 554, 27: 414, 28: 652, 29: 554, 30: 792, 31: 142, 32: 380, 33: 254, 34: 16, 35: 268, 36: 30, 37: 484, 38: 722, 39: 554, 40: 792, 41: 484, 42: 722, 43: 254, 44: 16, 45: 254, 46: 16, 47: 722, 48: 484, 49: 380, 50: 142, 51: 554, 52: 792, 53: 380, 54: 142, 55: 652, 56: 414, 57: 652, 58: 414, 59: 722, 60: 484, 61: 268, 62: 30, 63: 554, 64: 792, 65: 792, 66: 554, 67: 414, 68: 652, 69: 254, 70: 16, 71: 652, 72: 414, 73: 268, 74: 30, 75: 652, 76: 414, 77: 268, 78: 30, 79: 380, 80: 142, 81: 380, 82: 142, 83: 414, 84: 652, 85: 792, 86: 554, 87: 792, 88: 554, 89: 268, 90: 30, 91: 380, 92: 142, 93: 722, 94: 484, 95: 254, 96: 16, 97: 792, 98: 554, 99: 484, 100: 722, 101: 484, 102: 722, 103: 30, 104: 268, 105: 16, 106: 254, 107: 142, 108: 380, 109: 268, 110: 30, 111: 16, 112: 254, 113: 380, 114: 142, 115: 792, 116: 554, 117: 554, 118: 792, 119: 792, 120: 554, 121: 268, 122: 30, 123: 554, 124: 792, 125: 30, 126: 268, 127: 72, 128: 310, 129: 380, 130: 142, 131: 310, 132: 72, 133: 380, 134: 142, 135: 722, 136: 484, 137: 722, 138: 484, 139: 722, 140: 484, 141: 484, 142: 722, 143: 30, 144: 268, 145: 30, 146: 268, 147: 254, 148: 16, 149: 554, 150: 792, 151: 414, 152: 652, 153: 722, 154: 484, 155: 380, 156: 142, 157: 16, 158: 254, 159: 30, 160: 268, 161: 142, 162: 380, 163: 414, 164: 652, 165: 254, 166: 16, 167: 380, 168: 142, 169: 16, 170: 254, 171: 310, 172: 72, 173: 792, 174: 554, 175: 652, 176: 414, 177: 30, 178: 268, 179: 380, 180: 142, 181: 792, 182: 554, 183: 554, 184: 792, 185: 380, 186: 142, 187: 268, 188: 30, 189: 254, 190: 16, 191: 268, 192: 30, 193: 16, 194: 254, 195: 268, 196: 30, 197: 652, 198: 414, 199: 722, 200: 484}

Number of labels used: 14
Total time used: 13.18 sec
Memory used: 463.65 MB
================================
{1: 142, 2: 380, 3: 414, 4: 652, 5: 142, 6: 380, 7: 652, 8: 414, 9: 254, 10: 16, 11: 484, 12: 722, 13: 652, 14: 414, 15: 652, 16: 414, 17: 414, 18: 652, 19: 792, 20: 554, 21: 792, 22: 554, 23: 792, 24: 554, 25: 792, 26: 554, 27: 414, 28: 652, 29: 554, 30: 792, 31: 142, 32: 380, 33: 254, 34: 16, 35: 268, 36: 30, 37: 484, 38: 722, 39: 554, 40: 792, 41: 484, 42: 722, 43: 254, 44: 16, 45: 254, 46: 16, 47: 722, 48: 484, 49: 380, 50: 142, 51: 554, 52: 792, 53: 380, 54: 142, 55: 652, 56: 414, 57: 652, 58: 414, 59: 722, 60: 484, 61: 268, 62: 30, 63: 554, 64: 792, 65: 792, 66: 554, 67: 414, 68: 652, 69: 254, 70: 16, 71: 652, 72: 414, 73: 268, 74: 30, 75: 652, 76: 414, 77: 268, 78: 30, 79: 380, 80: 142, 81: 380, 82: 142, 83: 414, 84: 652, 85: 792, 86: 554, 87: 792, 88: 554, 89: 268, 90: 30, 91: 380, 92: 142, 93: 722, 94: 484, 95: 254, 96: 16, 97: 792, 98: 554, 99: 484, 100: 722, 101: 484, 102: 722, 103: 30, 104: 268, 105: 16, 106: 254, 107: 142, 108: 380, 109: 268, 110: 30, 111: 16, 112: 254, 113: 380, 114: 142, 115: 792, 116: 554, 117: 554, 118: 792, 119: 792, 120: 554, 121: 268, 122: 30, 123: 554, 124: 792, 125: 30, 126: 268, 127: 72, 128: 310, 129: 380, 130: 142, 131: 310, 132: 72, 133: 380, 134: 142, 135: 722, 136: 484, 137: 722, 138: 484, 139: 722, 140: 484, 141: 484, 142: 722, 143: 30, 144: 268, 145: 30, 146: 268, 147: 254, 148: 16, 149: 554, 150: 792, 151: 414, 152: 652, 153: 722, 154: 484, 155: 380, 156: 142, 157: 16, 158: 254, 159: 30, 160: 268, 161: 142, 162: 380, 163: 414, 164: 652, 165: 254, 166: 16, 167: 380, 168: 142, 169: 16, 170: 254, 171: 310, 172: 72, 173: 792, 174: 554, 175: 652, 176: 414, 177: 30, 178: 268, 179: 380, 180: 142, 181: 792, 182: 554, 183: 554, 184: 792, 185: 380, 186: 142, 187: 268, 188: 30, 189: 254, 190: 16, 191: 268, 192: 30, 193: 16, 194: 254, 195: 268, 196: 30, 197: 652, 198: 414, 199: 722, 200: 484}

Number of labels used: 14
Total time used: 13.21 sec
Memory used: 464.63 MB
================================
{1: 310, 2: 72, 3: 380, 4: 142, 5: 30, 6: 268, 7: 142, 8: 380, 9: 72, 10: 310, 11: 254, 12: 16, 13: 792, 14: 554, 15: 792, 16: 554, 17: 380, 18: 142, 19: 792, 20: 554, 21: 722, 22: 484, 23: 792, 24: 554, 25: 380, 26: 142, 27: 310, 28: 72, 29: 722, 30: 484, 31: 380, 32: 142, 33: 254, 34: 16, 35: 268, 36: 30, 37: 72, 38: 310, 39: 16, 40: 254, 41: 792, 42: 554, 43: 254, 44: 16, 45: 268, 46: 30, 47: 792, 48: 554, 49: 380, 50: 142, 51: 268, 52: 30, 53: 310, 54: 72, 55: 310, 56: 72, 57: 554, 58: 792, 59: 722, 60: 484, 61: 484, 62: 722, 63: 722, 64: 484, 65: 792, 66: 554, 67: 254, 68: 16, 69: 722, 70: 484, 71: 72, 72: 310, 73: 310, 74: 72, 75: 142, 76: 380, 77: 484, 78: 722, 79: 72, 80: 310, 81: 268, 82: 30, 83: 380, 84: 142, 85: 254, 86: 16, 87: 254, 88: 16, 89: 268, 90: 30, 91: 310, 92: 72, 93: 722, 94: 484, 95: 72, 96: 310, 97: 722, 98: 484, 99: 722, 100: 484, 101: 484, 102: 722, 103: 268, 104: 30, 105: 16, 106: 254, 107: 142, 108: 380, 109: 30, 110: 268, 111: 268, 112: 30, 113: 310, 114: 72, 115: 380, 116: 142, 117: 554, 118: 792, 119: 792, 120: 554, 121: 722, 122: 484, 123: 792, 124: 554, 125: 72, 126: 310, 127: 16, 128: 254, 129: 380, 130: 142, 131: 722, 132: 484, 133: 792, 134: 554, 135: 72, 136: 310, 137: 380, 138: 142, 139: 268, 140: 30, 141: 484, 142: 722, 143: 30, 144: 268, 145: 722, 146: 484, 147: 16, 148: 254, 149: 554, 150: 792, 151: 72, 152: 310, 153: 484, 154: 722, 155: 380, 156: 142, 157: 254, 158: 16, 159: 16, 160: 254, 161: 254, 162: 16, 163: 792, 164: 554, 165: 554, 166: 792, 167: 380, 168: 142, 169: 380, 170: 142, 171: 554, 172: 792, 173: 722, 174: 484, 175: 142, 176: 380, 177: 722, 178: 484, 179: 16, 180: 254, 181: 310, 182: 72, 183: 554, 184: 792, 185: 268, 186: 30, 187: 268, 188: 30, 189: 554, 190: 792, 191: 16, 192: 254, 193: 72, 194: 310, 195: 268, 196: 30, 197: 30, 198: 268, 199: 722, 200: 484}

Number of labels used: 12
Total time used: 14.22 sec
Memory used: 465.96 MB
================================
[runlim] end:			Thu Mar 26 00:59:06 2026
[runlim] status:		ok
[runlim] result:		0
[runlim] children:		1
[runlim] processes:		2
[runlim] real:			15.27 seconds
[runlim] time:			45.03 seconds
[runlim] space:			479 MB
[runlim] load:			1.47 maximum
[runlim] samples:		153
