[runlim] version:		2.0.0rc12
[runlim] host:			ap-Precision-7550
[runlim] time limit:		311040000 seconds
[runlim] real time limit:	600 seconds
[runlim] space limit:		14000 MB
[runlim] argv[0]:		python3
[runlim] argv[1]:		-u
[runlim] argv[2]:		main.py
[runlim] argv[3]:		TUD916.5
[runlim] start:			Thu Mar 26 01:19:26 2026
[runlim] child:			28472
Warning: variable 366 has no valid labels after preprocessing.
Cannot find solution!
Total time used: 0.19 sec
Memory used: 20.40 MB
[runlim] end:			Thu Mar 26 01:19:27 2026
[runlim] status:		ok
[runlim] result:		0
[runlim] children:		1
[runlim] processes:		2
[runlim] real:			0.23 seconds
[runlim] time:			0.20 seconds
[runlim] space:			20 MB
[runlim] load:			3.85 maximum
[runlim] samples:		3
