[runlim] version:		2.0.0rc12
[runlim] host:			ap-Precision-7550
[runlim] time limit:		311040000 seconds
[runlim] real time limit:	600 seconds
[runlim] space limit:		14000 MB
[runlim] argv[0]:		python3
[runlim] argv[1]:		-u
[runlim] argv[2]:		main.py
[runlim] argv[3]:		graph05
[runlim] start:			Thu Mar 26 00:48:47 2026
[runlim] child:			28282
Warning: variable 181 has no valid labels after preprocessing.
Cannot find solution!
Total time used: 0.04 sec
Memory used: 19.30 MB
[runlim] end:			Thu Mar 26 00:48:47 2026
[runlim] status:		ok
[runlim] result:		0
[runlim] children:		0
[runlim] processes:		0
[runlim] real:			0.08 seconds
[runlim] time:			0.00 seconds
[runlim] space:			0 MB
[runlim] load:			2.30 maximum
[runlim] samples:		1
