[runlim] version:		2.0.0rc12
[runlim] host:			ap-Precision-7550
[runlim] time limit:		311040000 seconds
[runlim] real time limit:	600 seconds
[runlim] space limit:		14000 MB
[runlim] argv[0]:		python3
[runlim] argv[1]:		-u
[runlim] argv[2]:		main.py
[runlim] argv[3]:		graph03
[runlim] start:			Thu Mar 26 00:28:45 2026
[runlim] child:			28220
Building Gurobi model...
Set parameter WLSAccessID
Set parameter WLSSecret
Set parameter LicenseID to value 2663665
Academic license 2663665 - for non-commercial use only - registered to tu___@vnu.edu.vn
Build time used: 4.04 sec
Solving...
[runlim] sample:		15.98 time, 10.01 real, 370 MB, 2.97 load
[runlim] sample:		26.15 time, 20.01 real, 371 MB, 2.67 load
[runlim] sample:		36.33 time, 30.01 real, 417 MB, 2.41 load
[runlim] sample:		75.32 time, 40.01 real, 657 MB, 2.81 load
[runlim] sample:		115.51 time, 50.01 real, 669 MB, 2.99 load
[runlim] sample:		155.70 time, 60.01 real, 675 MB, 3.22 load
{1: 750, 2: 512, 3: 156, 4: 394, 5: 708, 6: 470, 7: 142, 8: 380, 9: 708, 10: 470, 11: 708, 12: 470, 13: 792, 14: 554, 15: 114, 16: 352, 17: 114, 18: 352, 19: 792, 20: 554, 21: 30, 22: 268, 23: 142, 24: 380, 25: 100, 26: 338, 27: 750, 28: 512, 29: 736, 30: 498, 31: 142, 32: 380, 33: 44, 34: 282, 35: 142, 36: 380, 37: 708, 38: 470, 39: 792, 40: 554, 41: 778, 42: 540, 43: 694, 44: 456, 45: 72, 46: 310, 47: 694, 48: 456, 49: 30, 50: 268, 51: 142, 52: 380, 53: 680, 54: 442, 55: 778, 56: 540, 57: 764, 58: 526, 59: 708, 60: 470, 61: 736, 62: 498, 63: 792, 64: 554, 65: 764, 66: 526, 67: 680, 68: 442, 69: 30, 70: 268, 71: 652, 72: 414, 73: 666, 74: 428, 75: 58, 76: 296, 77: 44, 78: 282, 79: 72, 80: 310, 81: 708, 82: 470, 83: 778, 84: 540, 85: 16, 86: 254, 87: 16, 88: 254, 89: 778, 90: 540, 91: 16, 92: 254, 93: 30, 94: 268, 95: 170, 96: 408, 97: 764, 98: 526, 99: 764, 100: 526, 101: 16, 102: 254, 103: 680, 104: 442, 105: 708, 106: 470, 107: 100, 108: 338, 109: 680, 110: 442, 111: 16, 112: 254, 113: 778, 114: 540, 115: 750, 116: 512, 117: 652, 118: 414, 119: 778, 120: 540, 121: 666, 122: 428, 123: 764, 124: 526, 125: 142, 126: 380, 127: 778, 128: 540, 129: 666, 130: 428, 131: 142, 132: 380, 133: 736, 134: 498, 135: 142, 136: 380, 137: 114, 138: 352, 139: 114, 140: 352, 141: 694, 142: 456, 143: 764, 144: 526, 145: 58, 146: 296, 147: 750, 148: 512, 149: 128, 150: 366, 151: 736, 152: 498, 153: 16, 154: 254, 155: 736, 156: 498, 157: 16, 158: 254, 159: 30, 160: 268, 161: 708, 162: 470, 163: 708, 164: 470, 165: 708, 166: 470, 167: 764, 168: 526, 169: 128, 170: 366, 171: 666, 172: 428, 173: 778, 174: 540, 175: 722, 176: 484, 177: 44, 178: 282, 179: 750, 180: 512, 181: 114, 182: 352, 183: 708, 184: 470, 185: 142, 186: 380, 187: 722, 188: 484, 189: 750, 190: 512, 191: 16, 192: 254, 193: 736, 194: 498, 195: 44, 196: 282, 197: 128, 198: 366, 199: 30, 200: 268}

Number of labels used: 44
Total time used: 61.80 sec
Memory used: 674.64 MB
================================
[runlim] sample:		195.85 time, 70.01 real, 824 MB, 3.34 load
[runlim] sample:		236.04 time, 80.01 real, 836 MB, 3.59 load
[runlim] sample:		276.26 time, 90.01 real, 834 MB, 3.65 load
[runlim] sample:		316.47 time, 100.01 real, 864 MB, 3.78 load
[runlim] sample:		356.69 time, 110.01 real, 868 MB, 3.90 load
[runlim] sample:		396.91 time, 120.01 real, 869 MB, 4.06 load
[runlim] sample:		437.12 time, 130.01 real, 918 MB, 4.13 load
[runlim] sample:		477.33 time, 140.01 real, 1131 MB, 4.18 load
[runlim] sample:		517.53 time, 150.01 real, 1146 MB, 4.16 load
[runlim] sample:		557.73 time, 160.01 real, 1148 MB, 4.21 load
[runlim] sample:		597.94 time, 170.01 real, 1147 MB, 4.18 load
{1: 694, 2: 456, 3: 666, 4: 428, 5: 652, 6: 414, 7: 666, 8: 428, 9: 142, 10: 380, 11: 666, 12: 428, 13: 750, 14: 512, 15: 142, 16: 380, 17: 114, 18: 352, 19: 16, 20: 254, 21: 792, 22: 554, 23: 100, 24: 338, 25: 708, 26: 470, 27: 114, 28: 352, 29: 694, 30: 456, 31: 142, 32: 380, 33: 764, 34: 526, 35: 142, 36: 380, 37: 30, 38: 268, 39: 16, 40: 254, 41: 792, 42: 554, 43: 100, 44: 338, 45: 72, 46: 310, 47: 722, 48: 484, 49: 30, 50: 268, 51: 680, 52: 442, 53: 666, 54: 428, 55: 736, 56: 498, 57: 722, 58: 484, 59: 114, 60: 352, 61: 100, 62: 338, 63: 792, 64: 554, 65: 750, 66: 512, 67: 708, 68: 470, 69: 778, 70: 540, 71: 666, 72: 428, 73: 666, 74: 428, 75: 750, 76: 512, 77: 764, 78: 526, 79: 30, 80: 268, 81: 722, 82: 484, 83: 30, 84: 268, 85: 792, 86: 554, 87: 792, 88: 554, 89: 736, 90: 498, 91: 792, 92: 554, 93: 778, 94: 540, 95: 142, 96: 380, 97: 30, 98: 268, 99: 764, 100: 526, 101: 16, 102: 254, 103: 666, 104: 428, 105: 722, 106: 484, 107: 708, 108: 470, 109: 666, 110: 428, 111: 16, 112: 254, 113: 792, 114: 554, 115: 750, 116: 512, 117: 666, 118: 428, 119: 58, 120: 296, 121: 694, 122: 456, 123: 792, 124: 554, 125: 156, 126: 394, 127: 736, 128: 498, 129: 694, 130: 456, 131: 142, 132: 380, 133: 736, 134: 498, 135: 100, 136: 338, 137: 694, 138: 456, 139: 722, 140: 484, 141: 114, 142: 352, 143: 750, 144: 512, 145: 778, 146: 540, 147: 736, 148: 498, 149: 142, 150: 380, 151: 764, 152: 526, 153: 792, 154: 554, 155: 778, 156: 540, 157: 764, 158: 526, 159: 750, 160: 512, 161: 736, 162: 498, 163: 694, 164: 456, 165: 30, 166: 268, 167: 792, 168: 554, 169: 128, 170: 366, 171: 142, 172: 380, 173: 736, 174: 498, 175: 680, 176: 442, 177: 30, 178: 268, 179: 736, 180: 498, 181: 694, 182: 456, 183: 100, 184: 338, 185: 666, 186: 428, 187: 750, 188: 512, 189: 778, 190: 540, 191: 792, 192: 554, 193: 750, 194: 512, 195: 764, 196: 526, 197: 30, 198: 268, 199: 764, 200: 526}

Number of labels used: 40
Total time used: 176.40 sec
Memory used: 1150.18 MB
================================
{1: 694, 2: 456, 3: 156, 4: 394, 5: 114, 6: 352, 7: 666, 8: 428, 9: 142, 10: 380, 11: 666, 12: 428, 13: 750, 14: 512, 15: 142, 16: 380, 17: 114, 18: 352, 19: 30, 20: 268, 21: 792, 22: 554, 23: 100, 24: 338, 25: 708, 26: 470, 27: 114, 28: 352, 29: 128, 30: 366, 31: 142, 32: 380, 33: 764, 34: 526, 35: 666, 36: 428, 37: 736, 38: 498, 39: 792, 40: 554, 41: 792, 42: 554, 43: 722, 44: 484, 45: 750, 46: 512, 47: 722, 48: 484, 49: 30, 50: 268, 51: 680, 52: 442, 53: 666, 54: 428, 55: 694, 56: 456, 57: 722, 58: 484, 59: 114, 60: 352, 61: 100, 62: 338, 63: 792, 64: 554, 65: 750, 66: 512, 67: 708, 68: 470, 69: 778, 70: 540, 71: 666, 72: 428, 73: 666, 74: 428, 75: 750, 76: 512, 77: 764, 78: 526, 79: 30, 80: 268, 81: 100, 82: 338, 83: 778, 84: 540, 85: 792, 86: 554, 87: 792, 88: 554, 89: 736, 90: 498, 91: 792, 92: 554, 93: 778, 94: 540, 95: 142, 96: 380, 97: 778, 98: 540, 99: 764, 100: 526, 101: 16, 102: 254, 103: 666, 104: 428, 105: 722, 106: 484, 107: 708, 108: 470, 109: 666, 110: 428, 111: 16, 112: 254, 113: 792, 114: 554, 115: 750, 116: 512, 117: 666, 118: 428, 119: 764, 120: 526, 121: 694, 122: 456, 123: 792, 124: 554, 125: 156, 126: 394, 127: 736, 128: 498, 129: 694, 130: 456, 131: 142, 132: 380, 133: 736, 134: 498, 135: 30, 136: 268, 137: 694, 138: 456, 139: 722, 140: 484, 141: 114, 142: 352, 143: 750, 144: 512, 145: 778, 146: 540, 147: 736, 148: 498, 149: 142, 150: 380, 151: 764, 152: 526, 153: 792, 154: 554, 155: 778, 156: 540, 157: 764, 158: 526, 159: 750, 160: 512, 161: 736, 162: 498, 163: 694, 164: 456, 165: 30, 166: 268, 167: 792, 168: 554, 169: 128, 170: 366, 171: 142, 172: 380, 173: 736, 174: 498, 175: 680, 176: 442, 177: 30, 178: 268, 179: 736, 180: 498, 181: 694, 182: 456, 183: 100, 184: 338, 185: 666, 186: 428, 187: 750, 188: 512, 189: 778, 190: 540, 191: 16, 192: 254, 193: 750, 194: 512, 195: 764, 196: 526, 197: 30, 198: 268, 199: 764, 200: 526}

Number of labels used: 34
Total time used: 176.41 sec
Memory used: 1150.18 MB
================================
{1: 694, 2: 456, 3: 156, 4: 394, 5: 114, 6: 352, 7: 666, 8: 428, 9: 142, 10: 380, 11: 666, 12: 428, 13: 750, 14: 512, 15: 142, 16: 380, 17: 114, 18: 352, 19: 30, 20: 268, 21: 792, 22: 554, 23: 100, 24: 338, 25: 708, 26: 470, 27: 114, 28: 352, 29: 128, 30: 366, 31: 142, 32: 380, 33: 764, 34: 526, 35: 666, 36: 428, 37: 736, 38: 498, 39: 792, 40: 554, 41: 792, 42: 554, 43: 722, 44: 484, 45: 750, 46: 512, 47: 722, 48: 484, 49: 30, 50: 268, 51: 680, 52: 442, 53: 666, 54: 428, 55: 694, 56: 456, 57: 722, 58: 484, 59: 114, 60: 352, 61: 100, 62: 338, 63: 792, 64: 554, 65: 750, 66: 512, 67: 708, 68: 470, 69: 778, 70: 540, 71: 666, 72: 428, 73: 666, 74: 428, 75: 750, 76: 512, 77: 764, 78: 526, 79: 30, 80: 268, 81: 100, 82: 338, 83: 778, 84: 540, 85: 792, 86: 554, 87: 792, 88: 554, 89: 736, 90: 498, 91: 792, 92: 554, 93: 778, 94: 540, 95: 142, 96: 380, 97: 778, 98: 540, 99: 764, 100: 526, 101: 16, 102: 254, 103: 666, 104: 428, 105: 722, 106: 484, 107: 708, 108: 470, 109: 666, 110: 428, 111: 16, 112: 254, 113: 792, 114: 554, 115: 750, 116: 512, 117: 666, 118: 428, 119: 764, 120: 526, 121: 694, 122: 456, 123: 792, 124: 554, 125: 156, 126: 394, 127: 736, 128: 498, 129: 694, 130: 456, 131: 142, 132: 380, 133: 736, 134: 498, 135: 30, 136: 268, 137: 694, 138: 456, 139: 722, 140: 484, 141: 114, 142: 352, 143: 750, 144: 512, 145: 778, 146: 540, 147: 736, 148: 498, 149: 142, 150: 380, 151: 764, 152: 526, 153: 792, 154: 554, 155: 778, 156: 540, 157: 764, 158: 526, 159: 750, 160: 512, 161: 736, 162: 498, 163: 694, 164: 456, 165: 30, 166: 268, 167: 792, 168: 554, 169: 128, 170: 366, 171: 142, 172: 380, 173: 736, 174: 498, 175: 680, 176: 442, 177: 30, 178: 268, 179: 736, 180: 498, 181: 694, 182: 456, 183: 100, 184: 338, 185: 666, 186: 428, 187: 750, 188: 512, 189: 778, 190: 540, 191: 16, 192: 254, 193: 750, 194: 512, 195: 764, 196: 526, 197: 30, 198: 268, 199: 764, 200: 526}

Number of labels used: 34
Total time used: 176.41 sec
Memory used: 1150.18 MB
================================
[runlim] sample:		638.13 time, 180.01 real, 1225 MB, 4.15 load
[runlim] sample:		666.64 time, 190.01 real, 1310 MB, 4.13 load
[runlim] sample:		681.05 time, 200.01 real, 1311 MB, 4.02 load
[runlim] sample:		691.22 time, 210.01 real, 1325 MB, 3.55 load
[runlim] sample:		701.37 time, 220.01 real, 1326 MB, 3.24 load
[runlim] sample:		711.53 time, 230.01 real, 1348 MB, 2.89 load
[runlim] sample:		721.71 time, 240.01 real, 1348 MB, 2.68 load
[runlim] sample:		743.52 time, 250.01 real, 1415 MB, 2.42 load
[runlim] sample:		783.65 time, 260.01 real, 1511 MB, 2.67 load
[runlim] sample:		823.79 time, 270.01 real, 1611 MB, 2.95 load
[runlim] sample:		863.95 time, 280.01 real, 1611 MB, 3.19 load
[runlim] sample:		904.12 time, 290.01 real, 1611 MB, 3.39 load
[runlim] sample:		944.28 time, 300.01 real, 1611 MB, 3.49 load
[runlim] sample:		984.45 time, 310.01 real, 1612 MB, 3.57 load
[runlim] sample:		1024.60 time, 320.01 real, 1705 MB, 3.63 load
[runlim] sample:		1061.07 time, 330.01 real, 1639 MB, 3.69 load
[runlim] sample:		1101.23 time, 340.01 real, 1684 MB, 3.74 load
[runlim] sample:		1140.39 time, 350.01 real, 1744 MB, 3.85 load
[runlim] sample:		1180.54 time, 360.01 real, 1772 MB, 3.95 load
[runlim] sample:		1220.68 time, 370.01 real, 1806 MB, 4.04 load
[runlim] sample:		1260.84 time, 380.01 real, 1817 MB, 4.03 load
[runlim] sample:		1301.00 time, 390.01 real, 1816 MB, 4.03 load
[runlim] sample:		1341.17 time, 400.01 real, 1817 MB, 4.18 load
[runlim] sample:		1381.34 time, 410.01 real, 1832 MB, 4.30 load
[runlim] sample:		1421.50 time, 420.01 real, 1863 MB, 4.26 load
[runlim] sample:		1461.67 time, 430.01 real, 1830 MB, 4.22 load
[runlim] sample:		1501.83 time, 440.01 real, 1832 MB, 4.18 load
[runlim] sample:		1542.00 time, 450.01 real, 1850 MB, 4.15 load
[runlim] sample:		1582.16 time, 460.01 real, 1831 MB, 4.13 load
[runlim] sample:		1622.32 time, 470.01 real, 1832 MB, 4.11 load
[runlim] sample:		1662.49 time, 480.01 real, 1832 MB, 4.09 load
{1: 694, 2: 456, 3: 156, 4: 394, 5: 114, 6: 352, 7: 666, 8: 428, 9: 666, 10: 428, 11: 666, 12: 428, 13: 750, 14: 512, 15: 142, 16: 380, 17: 114, 18: 352, 19: 30, 20: 268, 21: 30, 22: 268, 23: 100, 24: 338, 25: 708, 26: 470, 27: 114, 28: 352, 29: 128, 30: 366, 31: 142, 32: 380, 33: 764, 34: 526, 35: 666, 36: 428, 37: 736, 38: 498, 39: 792, 40: 554, 41: 792, 42: 554, 43: 722, 44: 484, 45: 750, 46: 512, 47: 722, 48: 484, 49: 30, 50: 268, 51: 680, 52: 442, 53: 666, 54: 428, 55: 764, 56: 526, 57: 722, 58: 484, 59: 114, 60: 352, 61: 100, 62: 338, 63: 792, 64: 554, 65: 750, 66: 512, 67: 708, 68: 470, 69: 778, 70: 540, 71: 666, 72: 428, 73: 666, 74: 428, 75: 750, 76: 512, 77: 764, 78: 526, 79: 792, 80: 554, 81: 100, 82: 338, 83: 778, 84: 540, 85: 792, 86: 554, 87: 792, 88: 554, 89: 736, 90: 498, 91: 792, 92: 554, 93: 778, 94: 540, 95: 142, 96: 380, 97: 30, 98: 268, 99: 764, 100: 526, 101: 792, 102: 554, 103: 666, 104: 428, 105: 722, 106: 484, 107: 708, 108: 470, 109: 666, 110: 428, 111: 792, 112: 554, 113: 792, 114: 554, 115: 750, 116: 512, 117: 666, 118: 428, 119: 764, 120: 526, 121: 694, 122: 456, 123: 792, 124: 554, 125: 156, 126: 394, 127: 736, 128: 498, 129: 694, 130: 456, 131: 142, 132: 380, 133: 736, 134: 498, 135: 666, 136: 428, 137: 694, 138: 456, 139: 722, 140: 484, 141: 114, 142: 352, 143: 750, 144: 512, 145: 778, 146: 540, 147: 736, 148: 498, 149: 142, 150: 380, 151: 764, 152: 526, 153: 792, 154: 554, 155: 722, 156: 484, 157: 764, 158: 526, 159: 750, 160: 512, 161: 736, 162: 498, 163: 694, 164: 456, 165: 722, 166: 484, 167: 792, 168: 554, 169: 114, 170: 352, 171: 142, 172: 380, 173: 736, 174: 498, 175: 680, 176: 442, 177: 30, 178: 268, 179: 736, 180: 498, 181: 694, 182: 456, 183: 722, 184: 484, 185: 666, 186: 428, 187: 750, 188: 512, 189: 778, 190: 540, 191: 792, 192: 554, 193: 750, 194: 512, 195: 764, 196: 526, 197: 30, 198: 268, 199: 764, 200: 526}

Number of labels used: 32
Total time used: 487.38 sec
Memory used: 1832.81 MB
================================
{1: 694, 2: 456, 3: 666, 4: 428, 5: 30, 6: 268, 7: 666, 8: 428, 9: 666, 10: 428, 11: 666, 12: 428, 13: 750, 14: 512, 15: 142, 16: 380, 17: 142, 18: 380, 19: 736, 20: 498, 21: 792, 22: 554, 23: 100, 24: 338, 25: 708, 26: 470, 27: 114, 28: 352, 29: 128, 30: 366, 31: 100, 32: 338, 33: 764, 34: 526, 35: 666, 36: 428, 37: 736, 38: 498, 39: 792, 40: 554, 41: 792, 42: 554, 43: 722, 44: 484, 45: 750, 46: 512, 47: 722, 48: 484, 49: 30, 50: 268, 51: 100, 52: 338, 53: 666, 54: 428, 55: 708, 56: 470, 57: 722, 58: 484, 59: 114, 60: 352, 61: 722, 62: 484, 63: 792, 64: 554, 65: 750, 66: 512, 67: 708, 68: 470, 69: 778, 70: 540, 71: 666, 72: 428, 73: 666, 74: 428, 75: 750, 76: 512, 77: 764, 78: 526, 79: 792, 80: 554, 81: 722, 82: 484, 83: 778, 84: 540, 85: 792, 86: 554, 87: 792, 88: 554, 89: 736, 90: 498, 91: 792, 92: 554, 93: 778, 94: 540, 95: 142, 96: 380, 97: 778, 98: 540, 99: 764, 100: 526, 101: 16, 102: 254, 103: 666, 104: 428, 105: 722, 106: 484, 107: 708, 108: 470, 109: 666, 110: 428, 111: 16, 112: 254, 113: 792, 114: 554, 115: 750, 116: 512, 117: 666, 118: 428, 119: 764, 120: 526, 121: 694, 122: 456, 123: 792, 124: 554, 125: 666, 126: 428, 127: 736, 128: 498, 129: 694, 130: 456, 131: 142, 132: 380, 133: 736, 134: 498, 135: 30, 136: 268, 137: 694, 138: 456, 139: 722, 140: 484, 141: 708, 142: 470, 143: 750, 144: 512, 145: 30, 146: 268, 147: 736, 148: 498, 149: 142, 150: 380, 151: 764, 152: 526, 153: 792, 154: 554, 155: 778, 156: 540, 157: 30, 158: 268, 159: 750, 160: 512, 161: 736, 162: 498, 163: 694, 164: 456, 165: 30, 166: 268, 167: 792, 168: 554, 169: 128, 170: 366, 171: 128, 172: 366, 173: 764, 174: 526, 175: 114, 176: 352, 177: 30, 178: 268, 179: 736, 180: 498, 181: 694, 182: 456, 183: 722, 184: 484, 185: 666, 186: 428, 187: 750, 188: 512, 189: 778, 190: 540, 191: 792, 192: 554, 193: 750, 194: 512, 195: 764, 196: 526, 197: 142, 198: 380, 199: 764, 200: 526}

Number of labels used: 30
Total time used: 487.39 sec
Memory used: 1832.81 MB
================================
{1: 694, 2: 456, 3: 666, 4: 428, 5: 30, 6: 268, 7: 666, 8: 428, 9: 666, 10: 428, 11: 666, 12: 428, 13: 750, 14: 512, 15: 142, 16: 380, 17: 142, 18: 380, 19: 736, 20: 498, 21: 792, 22: 554, 23: 100, 24: 338, 25: 708, 26: 470, 27: 708, 28: 470, 29: 128, 30: 366, 31: 142, 32: 380, 33: 764, 34: 526, 35: 666, 36: 428, 37: 736, 38: 498, 39: 792, 40: 554, 41: 792, 42: 554, 43: 722, 44: 484, 45: 750, 46: 512, 47: 722, 48: 484, 49: 30, 50: 268, 51: 100, 52: 338, 53: 666, 54: 428, 55: 764, 56: 526, 57: 722, 58: 484, 59: 114, 60: 352, 61: 722, 62: 484, 63: 792, 64: 554, 65: 750, 66: 512, 67: 708, 68: 470, 69: 778, 70: 540, 71: 666, 72: 428, 73: 666, 74: 428, 75: 750, 76: 512, 77: 764, 78: 526, 79: 792, 80: 554, 81: 722, 82: 484, 83: 778, 84: 540, 85: 792, 86: 554, 87: 792, 88: 554, 89: 736, 90: 498, 91: 792, 92: 554, 93: 778, 94: 540, 95: 142, 96: 380, 97: 778, 98: 540, 99: 764, 100: 526, 101: 792, 102: 554, 103: 666, 104: 428, 105: 722, 106: 484, 107: 708, 108: 470, 109: 666, 110: 428, 111: 792, 112: 554, 113: 792, 114: 554, 115: 750, 116: 512, 117: 666, 118: 428, 119: 764, 120: 526, 121: 694, 122: 456, 123: 792, 124: 554, 125: 666, 126: 428, 127: 736, 128: 498, 129: 694, 130: 456, 131: 142, 132: 380, 133: 736, 134: 498, 135: 30, 136: 268, 137: 694, 138: 456, 139: 722, 140: 484, 141: 708, 142: 470, 143: 750, 144: 512, 145: 778, 146: 540, 147: 736, 148: 498, 149: 142, 150: 380, 151: 764, 152: 526, 153: 792, 154: 554, 155: 722, 156: 484, 157: 30, 158: 268, 159: 750, 160: 512, 161: 736, 162: 498, 163: 694, 164: 456, 165: 722, 166: 484, 167: 792, 168: 554, 169: 128, 170: 366, 171: 142, 172: 380, 173: 764, 174: 526, 175: 114, 176: 352, 177: 30, 178: 268, 179: 736, 180: 498, 181: 694, 182: 456, 183: 722, 184: 484, 185: 666, 186: 428, 187: 750, 188: 512, 189: 778, 190: 540, 191: 792, 192: 554, 193: 750, 194: 512, 195: 764, 196: 526, 197: 30, 198: 268, 199: 764, 200: 526}

Number of labels used: 28
Total time used: 488.68 sec
Memory used: 1831.32 MB
================================
[runlim] sample:		1702.65 time, 490.01 real, 1831 MB, 4.08 load
[runlim] sample:		1742.81 time, 500.01 real, 1850 MB, 4.07 load
{1: 694, 2: 456, 3: 666, 4: 428, 5: 142, 6: 380, 7: 666, 8: 428, 9: 666, 10: 428, 11: 666, 12: 428, 13: 750, 14: 512, 15: 142, 16: 380, 17: 142, 18: 380, 19: 736, 20: 498, 21: 792, 22: 554, 23: 86, 24: 324, 25: 708, 26: 470, 27: 708, 28: 470, 29: 694, 30: 456, 31: 142, 32: 380, 33: 764, 34: 526, 35: 666, 36: 428, 37: 736, 38: 498, 39: 792, 40: 554, 41: 792, 42: 554, 43: 722, 44: 484, 45: 750, 46: 512, 47: 722, 48: 484, 49: 30, 50: 268, 51: 86, 52: 324, 53: 666, 54: 428, 55: 764, 56: 526, 57: 722, 58: 484, 59: 694, 60: 456, 61: 722, 62: 484, 63: 792, 64: 554, 65: 750, 66: 512, 67: 708, 68: 470, 69: 778, 70: 540, 71: 666, 72: 428, 73: 86, 74: 324, 75: 750, 76: 512, 77: 764, 78: 526, 79: 792, 80: 554, 81: 722, 82: 484, 83: 778, 84: 540, 85: 792, 86: 554, 87: 792, 88: 554, 89: 736, 90: 498, 91: 792, 92: 554, 93: 30, 94: 268, 95: 142, 96: 380, 97: 30, 98: 268, 99: 764, 100: 526, 101: 792, 102: 554, 103: 666, 104: 428, 105: 722, 106: 484, 107: 708, 108: 470, 109: 142, 110: 380, 111: 30, 112: 268, 113: 792, 114: 554, 115: 750, 116: 512, 117: 666, 118: 428, 119: 764, 120: 526, 121: 694, 122: 456, 123: 792, 124: 554, 125: 666, 126: 428, 127: 736, 128: 498, 129: 694, 130: 456, 131: 142, 132: 380, 133: 736, 134: 498, 135: 142, 136: 380, 137: 694, 138: 456, 139: 722, 140: 484, 141: 708, 142: 470, 143: 750, 144: 512, 145: 30, 146: 268, 147: 736, 148: 498, 149: 142, 150: 380, 151: 764, 152: 526, 153: 792, 154: 554, 155: 722, 156: 484, 157: 792, 158: 554, 159: 750, 160: 512, 161: 736, 162: 498, 163: 694, 164: 456, 165: 722, 166: 484, 167: 792, 168: 554, 169: 142, 170: 380, 171: 142, 172: 380, 173: 764, 174: 526, 175: 708, 176: 470, 177: 764, 178: 526, 179: 736, 180: 498, 181: 694, 182: 456, 183: 722, 184: 484, 185: 666, 186: 428, 187: 750, 188: 512, 189: 778, 190: 540, 191: 792, 192: 554, 193: 750, 194: 512, 195: 764, 196: 526, 197: 86, 198: 324, 199: 764, 200: 526}

Number of labels used: 24
Total time used: 500.37 sec
Memory used: 1896.53 MB
================================
{1: 694, 2: 456, 3: 666, 4: 428, 5: 30, 6: 268, 7: 666, 8: 428, 9: 666, 10: 428, 11: 666, 12: 428, 13: 750, 14: 512, 15: 142, 16: 380, 17: 142, 18: 380, 19: 736, 20: 498, 21: 792, 22: 554, 23: 86, 24: 324, 25: 708, 26: 470, 27: 708, 28: 470, 29: 694, 30: 456, 31: 142, 32: 380, 33: 764, 34: 526, 35: 666, 36: 428, 37: 736, 38: 498, 39: 792, 40: 554, 41: 792, 42: 554, 43: 722, 44: 484, 45: 750, 46: 512, 47: 722, 48: 484, 49: 30, 50: 268, 51: 86, 52: 324, 53: 142, 54: 380, 55: 764, 56: 526, 57: 722, 58: 484, 59: 694, 60: 456, 61: 722, 62: 484, 63: 792, 64: 554, 65: 750, 66: 512, 67: 708, 68: 470, 69: 778, 70: 540, 71: 666, 72: 428, 73: 86, 74: 324, 75: 750, 76: 512, 77: 764, 78: 526, 79: 792, 80: 554, 81: 722, 82: 484, 83: 778, 84: 540, 85: 792, 86: 554, 87: 792, 88: 554, 89: 736, 90: 498, 91: 792, 92: 554, 93: 30, 94: 268, 95: 142, 96: 380, 97: 30, 98: 268, 99: 764, 100: 526, 101: 792, 102: 554, 103: 666, 104: 428, 105: 722, 106: 484, 107: 708, 108: 470, 109: 142, 110: 380, 111: 30, 112: 268, 113: 792, 114: 554, 115: 750, 116: 512, 117: 666, 118: 428, 119: 764, 120: 526, 121: 694, 122: 456, 123: 792, 124: 554, 125: 666, 126: 428, 127: 736, 128: 498, 129: 694, 130: 456, 131: 142, 132: 380, 133: 736, 134: 498, 135: 142, 136: 380, 137: 694, 138: 456, 139: 722, 140: 484, 141: 708, 142: 470, 143: 750, 144: 512, 145: 30, 146: 268, 147: 736, 148: 498, 149: 142, 150: 380, 151: 764, 152: 526, 153: 792, 154: 554, 155: 722, 156: 484, 157: 792, 158: 554, 159: 750, 160: 512, 161: 736, 162: 498, 163: 694, 164: 456, 165: 722, 166: 484, 167: 792, 168: 554, 169: 142, 170: 380, 171: 142, 172: 380, 173: 764, 174: 526, 175: 708, 176: 470, 177: 764, 178: 526, 179: 736, 180: 498, 181: 694, 182: 456, 183: 722, 184: 484, 185: 666, 186: 428, 187: 750, 188: 512, 189: 778, 190: 540, 191: 792, 192: 554, 193: 750, 194: 512, 195: 764, 196: 526, 197: 86, 198: 324, 199: 764, 200: 526}

Number of labels used: 24
Total time used: 500.38 sec
Memory used: 1896.53 MB
================================
{1: 694, 2: 456, 3: 666, 4: 428, 5: 142, 6: 380, 7: 666, 8: 428, 9: 666, 10: 428, 11: 666, 12: 428, 13: 750, 14: 512, 15: 142, 16: 380, 17: 142, 18: 380, 19: 736, 20: 498, 21: 792, 22: 554, 23: 86, 24: 324, 25: 708, 26: 470, 27: 708, 28: 470, 29: 694, 30: 456, 31: 142, 32: 380, 33: 764, 34: 526, 35: 666, 36: 428, 37: 736, 38: 498, 39: 792, 40: 554, 41: 792, 42: 554, 43: 722, 44: 484, 45: 750, 46: 512, 47: 722, 48: 484, 49: 778, 50: 540, 51: 86, 52: 324, 53: 142, 54: 380, 55: 764, 56: 526, 57: 722, 58: 484, 59: 694, 60: 456, 61: 722, 62: 484, 63: 792, 64: 554, 65: 750, 66: 512, 67: 708, 68: 470, 69: 778, 70: 540, 71: 666, 72: 428, 73: 86, 74: 324, 75: 750, 76: 512, 77: 764, 78: 526, 79: 792, 80: 554, 81: 722, 82: 484, 83: 778, 84: 540, 85: 792, 86: 554, 87: 792, 88: 554, 89: 736, 90: 498, 91: 792, 92: 554, 93: 778, 94: 540, 95: 142, 96: 380, 97: 778, 98: 540, 99: 764, 100: 526, 101: 792, 102: 554, 103: 666, 104: 428, 105: 722, 106: 484, 107: 708, 108: 470, 109: 142, 110: 380, 111: 792, 112: 554, 113: 792, 114: 554, 115: 750, 116: 512, 117: 666, 118: 428, 119: 764, 120: 526, 121: 694, 122: 456, 123: 792, 124: 554, 125: 666, 126: 428, 127: 736, 128: 498, 129: 694, 130: 456, 131: 142, 132: 380, 133: 736, 134: 498, 135: 142, 136: 380, 137: 694, 138: 456, 139: 86, 140: 324, 141: 708, 142: 470, 143: 750, 144: 512, 145: 778, 146: 540, 147: 736, 148: 498, 149: 142, 150: 380, 151: 764, 152: 526, 153: 792, 154: 554, 155: 722, 156: 484, 157: 792, 158: 554, 159: 750, 160: 512, 161: 736, 162: 498, 163: 694, 164: 456, 165: 722, 166: 484, 167: 792, 168: 554, 169: 142, 170: 380, 171: 142, 172: 380, 173: 764, 174: 526, 175: 708, 176: 470, 177: 764, 178: 526, 179: 736, 180: 498, 181: 694, 182: 456, 183: 722, 184: 484, 185: 666, 186: 428, 187: 750, 188: 512, 189: 778, 190: 540, 191: 792, 192: 554, 193: 750, 194: 512, 195: 764, 196: 526, 197: 86, 198: 324, 199: 764, 200: 526}

Number of labels used: 22
Total time used: 505.25 sec
Memory used: 1829.83 MB
================================
[runlim] sample:		1782.97 time, 510.01 real, 1876 MB, 4.06 load
[runlim] sample:		1823.10 time, 520.01 real, 1808 MB, 4.13 load
[runlim] sample:		1863.26 time, 530.01 real, 1883 MB, 4.11 load
[runlim] sample:		1903.43 time, 540.01 real, 1884 MB, 4.09 load
[runlim] sample:		1943.60 time, 550.01 real, 1937 MB, 4.08 load
[runlim] sample:		1983.76 time, 560.01 real, 1912 MB, 4.06 load
[runlim] sample:		2023.91 time, 570.01 real, 1883 MB, 4.05 load
[runlim] sample:		2064.06 time, 580.01 real, 1911 MB, 4.21 load
[runlim] sample:		2104.24 time, 590.01 real, 1913 MB, 4.17 load
[runlim] sample:		2144.39 time, 600.01 real, 1911 MB, 4.15 load
[runlim] end:			Thu Mar 26 00:38:46 2026
[runlim] status:		out of time
[runlim] result:		2
[runlim] children:		1
[runlim] processes:		2
[runlim] real:			601.06 seconds
[runlim] time:			2144.39 seconds
[runlim] space:			2003 MB
[runlim] load:			4.30 maximum
[runlim] samples:		6000
