[runlim] version:		2.0.0rc12
[runlim] host:			ap-Precision-7550
[runlim] time limit:		311040000 seconds
[runlim] real time limit:	600 seconds
[runlim] space limit:		14000 MB
[runlim] argv[0]:		python3
[runlim] argv[1]:		-u
[runlim] argv[2]:		main.py
[runlim] argv[3]:		scen05
[runlim] start:			Thu Mar 26 00:58:49 2026
[runlim] child:			28336
Building Gurobi model...
Set parameter WLSAccessID
Set parameter WLSSecret
Set parameter LicenseID to value 2663665
Academic license 2663665 - for non-commercial use only - registered to tu___@vnu.edu.vn
Build time used: 0.90 sec
Solving...
{13: 156, 14: 394, 15: 156, 16: 394, 53: 16, 54: 254, 71: 114, 72: 352, 79: 428, 80: 666, 81: 254, 82: 16, 83: 128, 84: 366, 85: 428, 86: 666, 117: 792, 118: 554, 119: 554, 120: 792, 127: 16, 128: 254, 129: 708, 130: 470, 143: 666, 144: 428, 145: 442, 146: 680, 151: 72, 152: 310, 153: 428, 154: 666, 163: 128, 164: 366, 165: 778, 166: 540, 179: 44, 180: 282, 181: 254, 182: 16, 183: 442, 184: 680, 191: 736, 192: 498, 193: 268, 194: 30, 205: 310, 206: 72, 209: 736, 210: 498, 211: 792, 212: 554, 213: 310, 214: 72, 217: 764, 218: 526, 219: 324, 220: 86, 233: 428, 234: 666, 235: 30, 236: 268, 237: 498, 238: 736, 255: 114, 256: 352, 259: 44, 260: 282, 261: 268, 262: 30, 263: 254, 264: 16, 265: 16, 266: 254, 267: 484, 268: 722, 269: 296, 270: 58, 271: 296, 272: 58, 273: 30, 274: 268, 275: 30, 276: 268, 277: 296, 278: 58, 281: 366, 282: 128, 283: 128, 284: 366, 285: 16, 286: 254, 287: 268, 288: 30, 289: 792, 290: 554, 291: 156, 292: 394, 293: 380, 294: 142, 295: 792, 296: 554, 299: 254, 300: 16, 301: 156, 302: 394, 303: 324, 304: 86, 305: 554, 306: 792, 307: 526, 308: 764, 309: 394, 310: 156, 311: 30, 312: 268, 313: 296, 314: 58, 321: 254, 322: 16, 323: 156, 324: 394, 325: 456, 326: 694, 327: 310, 328: 72, 329: 268, 330: 30, 335: 792, 336: 554, 337: 540, 338: 778, 341: 394, 342: 156, 343: 394, 344: 156, 349: 268, 350: 30, 351: 708, 352: 470, 353: 680, 354: 442, 369: 778, 370: 540, 371: 456, 372: 694, 373: 722, 374: 484, 375: 114, 376: 352, 377: 352, 378: 114, 379: 352, 380: 114, 381: 30, 382: 268, 385: 778, 386: 540, 391: 722, 392: 484, 393: 778, 394: 540, 401: 366, 402: 128, 403: 268, 404: 30, 405: 428, 406: 666, 413: 778, 414: 540, 435: 778, 436: 540, 439: 394, 440: 156, 443: 16, 444: 254, 449: 764, 450: 526, 471: 792, 472: 554, 473: 366, 474: 128, 475: 352, 476: 114, 477: 680, 478: 442, 479: 268, 480: 30, 481: 708, 482: 470, 517: 666, 518: 428, 519: 442, 520: 680, 537: 156, 538: 394, 539: 72, 540: 310, 541: 428, 542: 666, 545: 652, 546: 414, 551: 792, 552: 554, 553: 254, 554: 16, 555: 442, 556: 680, 557: 540, 558: 778, 559: 352, 560: 114, 561: 128, 562: 366, 563: 708, 564: 470, 565: 526, 566: 764, 567: 268, 568: 30, 569: 540, 570: 778, 571: 484, 572: 722, 573: 30, 574: 268, 575: 58, 576: 296, 577: 554, 578: 792, 579: 680, 580: 442, 581: 16, 582: 254, 583: 778, 584: 540, 585: 366, 586: 128, 587: 666, 588: 428, 589: 254, 590: 16, 591: 526, 592: 764, 593: 268, 594: 30, 595: 428, 596: 666, 597: 296, 598: 58, 599: 708, 600: 470, 601: 268, 602: 30, 603: 428, 604: 666, 605: 268, 606: 30, 607: 324, 608: 86, 613: 310, 614: 72, 615: 86, 616: 324, 617: 764, 618: 526, 619: 540, 620: 778, 621: 540, 622: 778, 623: 764, 624: 526, 625: 30, 626: 268, 629: 310, 630: 72, 631: 428, 632: 666, 633: 128, 634: 366, 635: 680, 636: 442, 639: 128, 640: 366, 641: 128, 642: 366, 643: 128, 644: 366, 645: 44, 646: 282, 651: 16, 652: 254, 653: 680, 654: 442, 661: 764, 662: 526, 663: 442, 664: 680, 665: 394, 666: 156, 667: 778, 668: 540, 671: 310, 672: 72, 711: 352, 712: 114, 713: 296, 714: 58, 715: 694, 716: 456, 717: 128, 718: 366, 719: 254, 720: 16, 721: 554, 722: 792, 723: 442, 724: 680, 739: 694, 740: 456, 741: 470, 742: 708, 743: 352, 744: 114, 745: 58, 746: 296, 747: 526, 748: 764, 751: 540, 752: 778, 753: 58, 754: 296, 755: 694, 756: 456, 757: 128, 758: 366, 759: 540, 760: 778, 763: 540, 764: 778, 765: 16, 766: 254, 767: 324, 768: 86, 769: 268, 770: 30, 773: 128, 774: 366, 775: 540, 776: 778, 783: 30, 784: 268, 785: 708, 786: 470, 787: 526, 788: 764, 789: 268, 790: 30, 791: 736, 792: 498, 793: 268, 794: 30, 795: 540, 796: 778, 797: 442, 798: 680, 799: 282, 800: 44, 801: 764, 802: 526, 803: 114, 804: 352, 805: 778, 806: 540, 807: 30, 808: 268, 809: 554, 810: 792, 811: 498, 812: 736, 813: 282, 814: 44, 815: 526, 816: 764, 817: 268, 818: 30, 825: 268, 826: 30, 827: 694, 828: 456, 829: 778, 830: 540, 879: 268, 880: 30, 911: 114, 912: 352, 913: 296, 914: 58, 915: 30, 916: 268}

Number of labels used: 40
Total time used: 1.37 sec
Memory used: 69.78 MB
================================
[runlim] end:			Thu Mar 26 00:58:50 2026
[runlim] status:		ok
[runlim] result:		0
[runlim] children:		1
[runlim] processes:		2
[runlim] real:			1.44 seconds
[runlim] time:			1.58 seconds
[runlim] space:			74 MB
[runlim] load:			1.13 maximum
[runlim] samples:		15
