[runlim] version:		2.0.0rc12
[runlim] host:			ap-Precision-7550
[runlim] time limit:		311040000 seconds
[runlim] real time limit:	600 seconds
[runlim] space limit:		14000 MB
[runlim] argv[0]:		python3
[runlim] argv[1]:		-u
[runlim] argv[2]:		main.py
[runlim] argv[3]:		TUD200.3
[runlim] start:			Thu Mar 26 00:59:07 2026
[runlim] child:			28373
Building Gurobi model...
Set parameter WLSAccessID
Set parameter WLSSecret
Set parameter LicenseID to value 2663665
Academic license 2663665 - for non-commercial use only - registered to tu___@vnu.edu.vn
Build time used: 1.41 sec
Solving...
{1: 540, 2: 778, 3: 414, 4: 652, 5: 666, 6: 428, 7: 526, 8: 764, 9: 498, 10: 736, 11: 380, 12: 142, 13: 526, 14: 764, 15: 554, 16: 792, 17: 170, 18: 408, 19: 414, 20: 652, 21: 554, 22: 792, 23: 58, 24: 296, 25: 268, 26: 30, 27: 792, 28: 554, 29: 352, 30: 114, 31: 100, 32: 338, 33: 380, 34: 142, 35: 778, 36: 540, 37: 764, 38: 526, 39: 694, 40: 456, 41: 142, 42: 380, 43: 72, 44: 310, 45: 338, 46: 100, 47: 380, 48: 142, 49: 142, 50: 380, 51: 722, 52: 484, 53: 114, 54: 352, 55: 750, 56: 512, 57: 324, 58: 86, 59: 16, 60: 254, 61: 268, 62: 30, 63: 414, 64: 652, 65: 750, 66: 512, 67: 268, 68: 30, 69: 268, 70: 30, 71: 268, 72: 30, 73: 428, 74: 666, 75: 540, 76: 778, 77: 58, 78: 296, 79: 100, 80: 338, 81: 792, 82: 554, 83: 114, 84: 352, 85: 764, 86: 526, 87: 442, 88: 680, 89: 128, 90: 366, 91: 338, 92: 100, 93: 310, 94: 72, 95: 428, 96: 666, 97: 240, 98: 478, 99: 478, 100: 240, 101: 380, 102: 142, 103: 72, 104: 310, 105: 16, 106: 254, 107: 268, 108: 30, 109: 470, 110: 708, 111: 296, 112: 58, 113: 694, 114: 456, 115: 30, 116: 268, 117: 296, 118: 58, 119: 694, 120: 456, 121: 408, 122: 170, 123: 86, 124: 324, 125: 114, 126: 352, 127: 652, 128: 414, 129: 540, 130: 778, 131: 408, 132: 170, 133: 428, 134: 666, 135: 254, 136: 16, 137: 792, 138: 554, 139: 722, 140: 484, 141: 484, 142: 722, 143: 366, 144: 128, 145: 30, 146: 268, 147: 128, 148: 366, 149: 156, 150: 394, 151: 778, 152: 540, 153: 666, 154: 428, 155: 268, 156: 30, 157: 44, 158: 282, 159: 652, 160: 414, 161: 484, 162: 722, 163: 394, 164: 156, 165: 310, 166: 72, 167: 778, 168: 540, 169: 268, 170: 30, 171: 254, 172: 16, 173: 764, 174: 526, 175: 324, 176: 86, 177: 310, 178: 72, 179: 170, 180: 408, 181: 792, 182: 554, 183: 442, 184: 680, 185: 414, 186: 652, 187: 750, 188: 512, 189: 778, 190: 540, 191: 736, 192: 498, 193: 456, 194: 694, 195: 86, 196: 324, 197: 778, 198: 540, 199: 142, 200: 380}

Number of labels used: 48
Total time used: 5.99 sec
Memory used: 271.35 MB
================================
{1: 456, 2: 694, 3: 554, 4: 792, 5: 680, 6: 442, 7: 268, 8: 30, 9: 442, 10: 680, 11: 478, 12: 240, 13: 554, 14: 792, 15: 268, 16: 30, 17: 170, 18: 408, 19: 30, 20: 268, 21: 554, 22: 792, 23: 792, 24: 554, 25: 380, 26: 142, 27: 792, 28: 554, 29: 324, 30: 86, 31: 456, 32: 694, 33: 142, 34: 380, 35: 142, 36: 380, 37: 694, 38: 456, 39: 694, 40: 456, 41: 114, 42: 352, 43: 114, 44: 352, 45: 30, 46: 268, 47: 380, 48: 142, 49: 380, 50: 142, 51: 268, 52: 30, 53: 442, 54: 680, 55: 442, 56: 680, 57: 792, 58: 554, 59: 680, 60: 442, 61: 254, 62: 16, 63: 456, 64: 694, 65: 268, 66: 30, 67: 414, 68: 652, 69: 142, 70: 380, 71: 554, 72: 792, 73: 792, 74: 554, 75: 792, 76: 554, 77: 142, 78: 380, 79: 694, 80: 456, 81: 16, 82: 254, 83: 442, 84: 680, 85: 352, 86: 114, 87: 456, 88: 694, 89: 554, 90: 792, 91: 142, 92: 380, 93: 30, 94: 268, 95: 414, 96: 652, 97: 240, 98: 478, 99: 478, 100: 240, 101: 694, 102: 456, 103: 268, 104: 30, 105: 86, 106: 324, 107: 680, 108: 442, 109: 554, 110: 792, 111: 86, 112: 324, 113: 142, 114: 380, 115: 30, 116: 268, 117: 666, 118: 428, 119: 442, 120: 680, 121: 408, 122: 170, 123: 86, 124: 324, 125: 352, 126: 114, 127: 554, 128: 792, 129: 792, 130: 554, 131: 380, 132: 142, 133: 268, 134: 30, 135: 792, 136: 554, 137: 30, 138: 268, 139: 652, 140: 414, 141: 338, 142: 100, 143: 694, 144: 456, 145: 792, 146: 554, 147: 324, 148: 86, 149: 414, 150: 652, 151: 484, 152: 722, 153: 268, 154: 30, 155: 722, 156: 484, 157: 142, 158: 380, 159: 16, 160: 254, 161: 268, 162: 30, 163: 554, 164: 792, 165: 30, 166: 268, 167: 16, 168: 254, 169: 414, 170: 652, 171: 380, 172: 142, 173: 268, 174: 30, 175: 792, 176: 554, 177: 792, 178: 554, 179: 478, 180: 240, 181: 142, 182: 380, 183: 142, 184: 380, 185: 456, 186: 694, 187: 86, 188: 324, 189: 484, 190: 722, 191: 680, 192: 442, 193: 484, 194: 722, 195: 442, 196: 680, 197: 380, 198: 142, 199: 456, 200: 694}

Number of labels used: 28
Total time used: 6.02 sec
Memory used: 272.96 MB
================================
{1: 456, 2: 694, 3: 554, 4: 792, 5: 680, 6: 442, 7: 268, 8: 30, 9: 442, 10: 680, 11: 478, 12: 240, 13: 554, 14: 792, 15: 268, 16: 30, 17: 170, 18: 408, 19: 30, 20: 268, 21: 554, 22: 792, 23: 792, 24: 554, 25: 380, 26: 142, 27: 792, 28: 554, 29: 324, 30: 86, 31: 456, 32: 694, 33: 142, 34: 380, 35: 142, 36: 380, 37: 694, 38: 456, 39: 694, 40: 456, 41: 114, 42: 352, 43: 114, 44: 352, 45: 30, 46: 268, 47: 380, 48: 142, 49: 380, 50: 142, 51: 268, 52: 30, 53: 442, 54: 680, 55: 442, 56: 680, 57: 792, 58: 554, 59: 680, 60: 442, 61: 254, 62: 16, 63: 456, 64: 694, 65: 268, 66: 30, 67: 414, 68: 652, 69: 142, 70: 380, 71: 554, 72: 792, 73: 792, 74: 554, 75: 792, 76: 554, 77: 142, 78: 380, 79: 694, 80: 456, 81: 16, 82: 254, 83: 442, 84: 680, 85: 352, 86: 114, 87: 456, 88: 694, 89: 554, 90: 792, 91: 142, 92: 380, 93: 30, 94: 268, 95: 414, 96: 652, 97: 240, 98: 478, 99: 478, 100: 240, 101: 694, 102: 456, 103: 268, 104: 30, 105: 86, 106: 324, 107: 680, 108: 442, 109: 554, 110: 792, 111: 86, 112: 324, 113: 142, 114: 380, 115: 30, 116: 268, 117: 666, 118: 428, 119: 442, 120: 680, 121: 408, 122: 170, 123: 86, 124: 324, 125: 352, 126: 114, 127: 554, 128: 792, 129: 792, 130: 554, 131: 380, 132: 142, 133: 268, 134: 30, 135: 792, 136: 554, 137: 30, 138: 268, 139: 652, 140: 414, 141: 338, 142: 100, 143: 694, 144: 456, 145: 792, 146: 554, 147: 324, 148: 86, 149: 414, 150: 652, 151: 484, 152: 722, 153: 268, 154: 30, 155: 722, 156: 484, 157: 142, 158: 380, 159: 16, 160: 254, 161: 268, 162: 30, 163: 554, 164: 792, 165: 30, 166: 268, 167: 16, 168: 254, 169: 414, 170: 652, 171: 380, 172: 142, 173: 268, 174: 30, 175: 792, 176: 554, 177: 792, 178: 554, 179: 478, 180: 240, 181: 142, 182: 380, 183: 142, 184: 380, 185: 456, 186: 694, 187: 86, 188: 324, 189: 484, 190: 722, 191: 680, 192: 442, 193: 484, 194: 722, 195: 442, 196: 680, 197: 380, 198: 142, 199: 456, 200: 694}

Number of labels used: 28
Total time used: 6.04 sec
Memory used: 273.93 MB
================================
{1: 456, 2: 694, 3: 554, 4: 792, 5: 680, 6: 442, 7: 268, 8: 30, 9: 442, 10: 680, 11: 478, 12: 240, 13: 554, 14: 792, 15: 268, 16: 30, 17: 170, 18: 408, 19: 30, 20: 268, 21: 554, 22: 792, 23: 792, 24: 554, 25: 380, 26: 142, 27: 792, 28: 554, 29: 380, 30: 142, 31: 456, 32: 694, 33: 142, 34: 380, 35: 142, 36: 380, 37: 694, 38: 456, 39: 680, 40: 442, 41: 114, 42: 352, 43: 114, 44: 352, 45: 30, 46: 268, 47: 380, 48: 142, 49: 380, 50: 142, 51: 268, 52: 30, 53: 442, 54: 680, 55: 442, 56: 680, 57: 792, 58: 554, 59: 680, 60: 442, 61: 254, 62: 16, 63: 456, 64: 694, 65: 268, 66: 30, 67: 442, 68: 680, 69: 142, 70: 380, 71: 554, 72: 792, 73: 792, 74: 554, 75: 792, 76: 554, 77: 142, 78: 380, 79: 694, 80: 456, 81: 16, 82: 254, 83: 442, 84: 680, 85: 352, 86: 114, 87: 456, 88: 694, 89: 554, 90: 792, 91: 254, 92: 16, 93: 30, 94: 268, 95: 414, 96: 652, 97: 240, 98: 478, 99: 478, 100: 240, 101: 694, 102: 456, 103: 268, 104: 30, 105: 484, 106: 722, 107: 680, 108: 442, 109: 554, 110: 792, 111: 86, 112: 324, 113: 142, 114: 380, 115: 30, 116: 268, 117: 680, 118: 442, 119: 442, 120: 680, 121: 408, 122: 170, 123: 86, 124: 324, 125: 352, 126: 114, 127: 554, 128: 792, 129: 792, 130: 554, 131: 380, 132: 142, 133: 268, 134: 30, 135: 792, 136: 554, 137: 30, 138: 268, 139: 652, 140: 414, 141: 338, 142: 100, 143: 442, 144: 680, 145: 792, 146: 554, 147: 324, 148: 86, 149: 414, 150: 652, 151: 484, 152: 722, 153: 268, 154: 30, 155: 722, 156: 484, 157: 142, 158: 380, 159: 16, 160: 254, 161: 268, 162: 30, 163: 554, 164: 792, 165: 30, 166: 268, 167: 16, 168: 254, 169: 414, 170: 652, 171: 380, 172: 142, 173: 268, 174: 30, 175: 792, 176: 554, 177: 792, 178: 554, 179: 478, 180: 240, 181: 142, 182: 380, 183: 142, 184: 380, 185: 484, 186: 722, 187: 86, 188: 324, 189: 484, 190: 722, 191: 680, 192: 442, 193: 484, 194: 722, 195: 442, 196: 680, 197: 324, 198: 86, 199: 268, 200: 30}

Number of labels used: 26
Total time used: 6.09 sec
Memory used: 278.70 MB
================================
{1: 456, 2: 694, 3: 554, 4: 792, 5: 680, 6: 442, 7: 268, 8: 30, 9: 86, 10: 324, 11: 478, 12: 240, 13: 554, 14: 792, 15: 268, 16: 30, 17: 240, 18: 478, 19: 30, 20: 268, 21: 694, 22: 456, 23: 792, 24: 554, 25: 380, 26: 142, 27: 792, 28: 554, 29: 380, 30: 142, 31: 456, 32: 694, 33: 142, 34: 380, 35: 142, 36: 380, 37: 30, 38: 268, 39: 680, 40: 442, 41: 324, 42: 86, 43: 680, 44: 442, 45: 30, 46: 268, 47: 366, 48: 128, 49: 380, 50: 142, 51: 268, 52: 30, 53: 442, 54: 680, 55: 442, 56: 680, 57: 792, 58: 554, 59: 142, 60: 380, 61: 324, 62: 86, 63: 484, 64: 722, 65: 268, 66: 30, 67: 442, 68: 680, 69: 142, 70: 380, 71: 554, 72: 792, 73: 792, 74: 554, 75: 792, 76: 554, 77: 142, 78: 380, 79: 694, 80: 456, 81: 16, 82: 254, 83: 442, 84: 680, 85: 366, 86: 128, 87: 456, 88: 694, 89: 554, 90: 792, 91: 254, 92: 16, 93: 30, 94: 268, 95: 380, 96: 142, 97: 142, 98: 380, 99: 142, 100: 380, 101: 694, 102: 456, 103: 268, 104: 30, 105: 484, 106: 722, 107: 680, 108: 442, 109: 554, 110: 792, 111: 86, 112: 324, 113: 142, 114: 380, 115: 30, 116: 268, 117: 680, 118: 442, 119: 442, 120: 680, 121: 240, 122: 478, 123: 268, 124: 30, 125: 442, 126: 680, 127: 554, 128: 792, 129: 30, 130: 268, 131: 380, 132: 142, 133: 268, 134: 30, 135: 792, 136: 554, 137: 30, 138: 268, 139: 722, 140: 484, 141: 86, 142: 324, 143: 366, 144: 128, 145: 792, 146: 554, 147: 324, 148: 86, 149: 380, 150: 142, 151: 484, 152: 722, 153: 254, 154: 16, 155: 722, 156: 484, 157: 442, 158: 680, 159: 16, 160: 254, 161: 268, 162: 30, 163: 554, 164: 792, 165: 30, 166: 268, 167: 442, 168: 680, 169: 442, 170: 680, 171: 554, 172: 792, 173: 268, 174: 30, 175: 324, 176: 86, 177: 792, 178: 554, 179: 478, 180: 240, 181: 142, 182: 380, 183: 142, 184: 380, 185: 484, 186: 722, 187: 30, 188: 268, 189: 484, 190: 722, 191: 680, 192: 442, 193: 554, 194: 792, 195: 442, 196: 680, 197: 366, 198: 128, 199: 268, 200: 30}

Number of labels used: 20
Total time used: 6.10 sec
Memory used: 282.29 MB
================================
{1: 680, 2: 442, 3: 554, 4: 792, 5: 324, 6: 86, 7: 268, 8: 30, 9: 86, 10: 324, 11: 478, 12: 240, 13: 554, 14: 792, 15: 268, 16: 30, 17: 240, 18: 478, 19: 30, 20: 268, 21: 694, 22: 456, 23: 792, 24: 554, 25: 380, 26: 142, 27: 792, 28: 554, 29: 380, 30: 142, 31: 442, 32: 680, 33: 380, 34: 142, 35: 86, 36: 324, 37: 30, 38: 268, 39: 680, 40: 442, 41: 324, 42: 86, 43: 680, 44: 442, 45: 30, 46: 268, 47: 380, 48: 142, 49: 380, 50: 142, 51: 268, 52: 30, 53: 680, 54: 442, 55: 442, 56: 680, 57: 792, 58: 554, 59: 142, 60: 380, 61: 324, 62: 86, 63: 484, 64: 722, 65: 268, 66: 30, 67: 442, 68: 680, 69: 142, 70: 380, 71: 554, 72: 792, 73: 792, 74: 554, 75: 30, 76: 268, 77: 142, 78: 380, 79: 680, 80: 442, 81: 86, 82: 324, 83: 324, 84: 86, 85: 366, 86: 128, 87: 456, 88: 694, 89: 554, 90: 792, 91: 324, 92: 86, 93: 30, 94: 268, 95: 380, 96: 142, 97: 142, 98: 380, 99: 142, 100: 380, 101: 694, 102: 456, 103: 268, 104: 30, 105: 484, 106: 722, 107: 680, 108: 442, 109: 554, 110: 792, 111: 86, 112: 324, 113: 142, 114: 380, 115: 30, 116: 268, 117: 680, 118: 442, 119: 442, 120: 680, 121: 240, 122: 478, 123: 268, 124: 30, 125: 442, 126: 680, 127: 554, 128: 792, 129: 30, 130: 268, 131: 380, 132: 142, 133: 268, 134: 30, 135: 792, 136: 554, 137: 324, 138: 86, 139: 722, 140: 484, 141: 324, 142: 86, 143: 366, 144: 128, 145: 792, 146: 554, 147: 324, 148: 86, 149: 380, 150: 142, 151: 484, 152: 722, 153: 142, 154: 380, 155: 554, 156: 792, 157: 442, 158: 680, 159: 366, 160: 128, 161: 268, 162: 30, 163: 554, 164: 792, 165: 30, 166: 268, 167: 442, 168: 680, 169: 442, 170: 680, 171: 554, 172: 792, 173: 268, 174: 30, 175: 324, 176: 86, 177: 792, 178: 554, 179: 478, 180: 240, 181: 142, 182: 380, 183: 142, 184: 380, 185: 484, 186: 722, 187: 30, 188: 268, 189: 694, 190: 456, 191: 442, 192: 680, 193: 554, 194: 792, 195: 442, 196: 680, 197: 324, 198: 86, 199: 30, 200: 268}

Number of labels used: 18
Total time used: 7.47 sec
Memory used: 336.95 MB
================================
[runlim] sample:		27.42 time, 10.01 real, 376 MB, 1.72 load
{1: 680, 2: 442, 3: 268, 4: 30, 5: 694, 6: 456, 7: 268, 8: 30, 9: 86, 10: 324, 11: 240, 12: 478, 13: 792, 14: 554, 15: 86, 16: 324, 17: 240, 18: 478, 19: 30, 20: 268, 21: 694, 22: 456, 23: 792, 24: 554, 25: 380, 26: 142, 27: 792, 28: 554, 29: 380, 30: 142, 31: 442, 32: 680, 33: 722, 34: 484, 35: 86, 36: 324, 37: 30, 38: 268, 39: 680, 40: 442, 41: 324, 42: 86, 43: 680, 44: 442, 45: 30, 46: 268, 47: 380, 48: 142, 49: 442, 50: 680, 51: 268, 52: 30, 53: 554, 54: 792, 55: 484, 56: 722, 57: 554, 58: 792, 59: 142, 60: 380, 61: 324, 62: 86, 63: 456, 64: 694, 65: 268, 66: 30, 67: 442, 68: 680, 69: 142, 70: 380, 71: 554, 72: 792, 73: 792, 74: 554, 75: 142, 76: 380, 77: 142, 78: 380, 79: 680, 80: 442, 81: 86, 82: 324, 83: 324, 84: 86, 85: 324, 86: 86, 87: 456, 88: 694, 89: 554, 90: 792, 91: 142, 92: 380, 93: 30, 94: 268, 95: 380, 96: 142, 97: 142, 98: 380, 99: 142, 100: 380, 101: 694, 102: 456, 103: 268, 104: 30, 105: 484, 106: 722, 107: 680, 108: 442, 109: 554, 110: 792, 111: 86, 112: 324, 113: 142, 114: 380, 115: 30, 116: 268, 117: 680, 118: 442, 119: 442, 120: 680, 121: 240, 122: 478, 123: 268, 124: 30, 125: 442, 126: 680, 127: 554, 128: 792, 129: 30, 130: 268, 131: 380, 132: 142, 133: 268, 134: 30, 135: 86, 136: 324, 137: 30, 138: 268, 139: 722, 140: 484, 141: 324, 142: 86, 143: 484, 144: 722, 145: 792, 146: 554, 147: 324, 148: 86, 149: 142, 150: 380, 151: 484, 152: 722, 153: 142, 154: 380, 155: 554, 156: 792, 157: 442, 158: 680, 159: 268, 160: 30, 161: 268, 162: 30, 163: 554, 164: 792, 165: 30, 166: 268, 167: 442, 168: 680, 169: 792, 170: 554, 171: 554, 172: 792, 173: 268, 174: 30, 175: 324, 176: 86, 177: 792, 178: 554, 179: 478, 180: 240, 181: 86, 182: 324, 183: 142, 184: 380, 185: 484, 186: 722, 187: 30, 188: 268, 189: 694, 190: 456, 191: 442, 192: 680, 193: 554, 194: 792, 195: 442, 196: 680, 197: 324, 198: 86, 199: 380, 200: 142}

Number of labels used: 16
Total time used: 14.48 sec
Memory used: 401.43 MB
================================
{1: 680, 2: 442, 3: 268, 4: 30, 5: 694, 6: 456, 7: 268, 8: 30, 9: 86, 10: 324, 11: 240, 12: 478, 13: 792, 14: 554, 15: 86, 16: 324, 17: 240, 18: 478, 19: 30, 20: 268, 21: 694, 22: 456, 23: 792, 24: 554, 25: 380, 26: 142, 27: 792, 28: 554, 29: 380, 30: 142, 31: 442, 32: 680, 33: 722, 34: 484, 35: 86, 36: 324, 37: 30, 38: 268, 39: 680, 40: 442, 41: 324, 42: 86, 43: 680, 44: 442, 45: 30, 46: 268, 47: 380, 48: 142, 49: 442, 50: 680, 51: 268, 52: 30, 53: 554, 54: 792, 55: 484, 56: 722, 57: 554, 58: 792, 59: 142, 60: 380, 61: 324, 62: 86, 63: 456, 64: 694, 65: 268, 66: 30, 67: 442, 68: 680, 69: 142, 70: 380, 71: 554, 72: 792, 73: 792, 74: 554, 75: 142, 76: 380, 77: 142, 78: 380, 79: 680, 80: 442, 81: 86, 82: 324, 83: 324, 84: 86, 85: 324, 86: 86, 87: 456, 88: 694, 89: 554, 90: 792, 91: 142, 92: 380, 93: 30, 94: 268, 95: 380, 96: 142, 97: 142, 98: 380, 99: 142, 100: 380, 101: 694, 102: 456, 103: 268, 104: 30, 105: 484, 106: 722, 107: 680, 108: 442, 109: 554, 110: 792, 111: 86, 112: 324, 113: 142, 114: 380, 115: 30, 116: 268, 117: 680, 118: 442, 119: 442, 120: 680, 121: 240, 122: 478, 123: 268, 124: 30, 125: 442, 126: 680, 127: 554, 128: 792, 129: 30, 130: 268, 131: 380, 132: 142, 133: 268, 134: 30, 135: 86, 136: 324, 137: 30, 138: 268, 139: 722, 140: 484, 141: 324, 142: 86, 143: 484, 144: 722, 145: 792, 146: 554, 147: 324, 148: 86, 149: 142, 150: 380, 151: 484, 152: 722, 153: 142, 154: 380, 155: 554, 156: 792, 157: 442, 158: 680, 159: 268, 160: 30, 161: 268, 162: 30, 163: 554, 164: 792, 165: 30, 166: 268, 167: 442, 168: 680, 169: 792, 170: 554, 171: 554, 172: 792, 173: 268, 174: 30, 175: 324, 176: 86, 177: 792, 178: 554, 179: 478, 180: 240, 181: 86, 182: 324, 183: 142, 184: 380, 185: 484, 186: 722, 187: 30, 188: 268, 189: 694, 190: 456, 191: 442, 192: 680, 193: 554, 194: 792, 195: 442, 196: 680, 197: 324, 198: 86, 199: 380, 200: 142}

Number of labels used: 16
Total time used: 14.48 sec
Memory used: 401.44 MB
================================
{1: 72, 2: 310, 3: 380, 4: 142, 5: 722, 6: 484, 7: 254, 8: 16, 9: 442, 10: 680, 11: 240, 12: 478, 13: 554, 14: 792, 15: 554, 16: 792, 17: 142, 18: 380, 19: 792, 20: 554, 21: 554, 22: 792, 23: 792, 24: 554, 25: 484, 26: 722, 27: 792, 28: 554, 29: 310, 30: 72, 31: 310, 32: 72, 33: 484, 34: 722, 35: 142, 36: 380, 37: 792, 38: 554, 39: 554, 40: 792, 41: 72, 42: 310, 43: 72, 44: 310, 45: 16, 46: 254, 47: 380, 48: 142, 49: 254, 50: 16, 51: 142, 52: 380, 53: 72, 54: 310, 55: 680, 56: 442, 57: 380, 58: 142, 59: 72, 60: 310, 61: 254, 62: 16, 63: 442, 64: 680, 65: 16, 66: 254, 67: 484, 68: 722, 69: 72, 70: 310, 71: 554, 72: 792, 73: 442, 74: 680, 75: 554, 76: 792, 77: 16, 78: 254, 79: 680, 80: 442, 81: 16, 82: 254, 83: 380, 84: 142, 85: 484, 86: 722, 87: 484, 88: 722, 89: 554, 90: 792, 91: 16, 92: 254, 93: 554, 94: 792, 95: 554, 96: 792, 97: 240, 98: 478, 99: 478, 100: 240, 101: 722, 102: 484, 103: 792, 104: 554, 105: 254, 106: 16, 107: 254, 108: 16, 109: 442, 110: 680, 111: 310, 112: 72, 113: 72, 114: 310, 115: 16, 116: 254, 117: 142, 118: 380, 119: 722, 120: 484, 121: 380, 122: 142, 123: 792, 124: 554, 125: 72, 126: 310, 127: 554, 128: 792, 129: 792, 130: 554, 131: 380, 132: 142, 133: 380, 134: 142, 135: 16, 136: 254, 137: 380, 138: 142, 139: 142, 140: 380, 141: 310, 142: 72, 143: 72, 144: 310, 145: 722, 146: 484, 147: 680, 148: 442, 149: 142, 150: 380, 151: 16, 152: 254, 153: 72, 154: 310, 155: 442, 156: 680, 157: 142, 158: 380, 159: 254, 160: 16, 161: 310, 162: 72, 163: 442, 164: 680, 165: 380, 166: 142, 167: 722, 168: 484, 169: 792, 170: 554, 171: 442, 172: 680, 173: 142, 174: 380, 175: 380, 176: 142, 177: 16, 178: 254, 179: 478, 180: 240, 181: 72, 182: 310, 183: 310, 184: 72, 185: 442, 186: 680, 187: 254, 188: 16, 189: 484, 190: 722, 191: 680, 192: 442, 193: 484, 194: 722, 195: 16, 196: 254, 197: 554, 198: 792, 199: 722, 200: 484}

Number of labels used: 14
Total time used: 15.13 sec
Memory used: 425.28 MB
================================
[runlim] end:			Thu Mar 26 00:59:23 2026
[runlim] status:		ok
[runlim] result:		0
[runlim] children:		1
[runlim] processes:		2
[runlim] real:			16.06 seconds
[runlim] time:			50.42 seconds
[runlim] space:			436 MB
[runlim] load:			1.90 maximum
[runlim] samples:		161
