[runlim] version:		2.0.0rc12
[runlim] host:			ap-Precision-7550
[runlim] time limit:		311040000 seconds
[runlim] real time limit:	600 seconds
[runlim] space limit:		14000 MB
[runlim] argv[0]:		python3
[runlim] argv[1]:		-u
[runlim] argv[2]:		main.py
[runlim] argv[3]:		graph01
[runlim] argv[4]:		POSE
[runlim] start:			Thu Jun 11 21:30:03 2026
[runlim] child:			5699
---  POSE  ---
 solving MaxSAT (RC2)...
[runlim] sample:		10.00 time, 10.01 real, 57 MB, 1.11 load
[runlim] sample:		19.99 time, 20.01 real, 61 MB, 1.09 load
[runlim] sample:		29.99 time, 30.01 real, 65 MB, 1.08 load
[runlim] sample:		39.99 time, 40.01 real, 73 MB, 1.07 load
[runlim] sample:		49.98 time, 50.01 real, 73 MB, 1.06 load
[runlim] sample:		59.97 time, 60.01 real, 74 MB, 1.05 load
[runlim] sample:		69.97 time, 70.01 real, 75 MB, 1.04 load
[runlim] sample:		79.97 time, 80.01 real, 87 MB, 1.03 load
[runlim] sample:		89.96 time, 90.01 real, 88 MB, 1.03 load
[runlim] sample:		99.96 time, 100.01 real, 88 MB, 1.02 load
[runlim] sample:		109.96 time, 110.01 real, 88 MB, 1.02 load
[runlim] sample:		119.95 time, 120.01 real, 89 MB, 1.02 load
[runlim] sample:		129.95 time, 130.01 real, 103 MB, 1.01 load
[runlim] sample:		139.94 time, 140.01 real, 108 MB, 1.01 load
[runlim] sample:		149.93 time, 150.01 real, 108 MB, 1.01 load
[runlim] sample:		159.93 time, 160.01 real, 108 MB, 1.01 load
[runlim] sample:		169.93 time, 170.01 real, 108 MB, 1.00 load
[runlim] sample:		179.92 time, 180.01 real, 108 MB, 1.00 load
[runlim] sample:		189.92 time, 190.01 real, 108 MB, 1.00 load
[runlim] sample:		199.91 time, 200.01 real, 108 MB, 1.08 load
[runlim] sample:		209.91 time, 210.01 real, 108 MB, 1.14 load
[runlim] sample:		219.91 time, 220.01 real, 108 MB, 1.12 load
[runlim] sample:		229.90 time, 230.01 real, 108 MB, 1.10 load
[runlim] sample:		239.90 time, 240.01 real, 108 MB, 1.09 load
[runlim] sample:		249.89 time, 250.01 real, 108 MB, 1.15 load
[runlim] sample:		259.89 time, 260.01 real, 108 MB, 1.12 load
[runlim] sample:		269.89 time, 270.01 real, 108 MB, 1.18 load
[runlim] sample:		279.88 time, 280.01 real, 108 MB, 1.15 load
[runlim] sample:		289.88 time, 290.01 real, 108 MB, 1.20 load
[runlim] sample:		299.88 time, 300.01 real, 117 MB, 1.17 load
[runlim] sample:		309.87 time, 310.01 real, 118 MB, 1.22 load
[runlim] sample:		319.87 time, 320.01 real, 118 MB, 1.18 load
[runlim] sample:		329.86 time, 330.01 real, 118 MB, 1.15 load
[runlim] sample:		339.86 time, 340.01 real, 119 MB, 1.13 load
[runlim] sample:		349.85 time, 350.01 real, 137 MB, 1.11 load
[runlim] sample:		359.85 time, 360.01 real, 138 MB, 1.09 load
[runlim] sample:		369.85 time, 370.01 real, 138 MB, 1.08 load
[runlim] sample:		379.84 time, 380.01 real, 138 MB, 1.07 load
[runlim] sample:		389.84 time, 390.01 real, 138 MB, 1.06 load
[runlim] sample:		399.84 time, 400.01 real, 139 MB, 1.05 load
[runlim] sample:		409.83 time, 410.01 real, 139 MB, 1.04 load
[runlim] sample:		419.83 time, 420.01 real, 139 MB, 1.03 load
[runlim] sample:		429.83 time, 430.01 real, 139 MB, 1.03 load

--------------------------------------------------
Found solution!
Number of labels used: 18
--------------------------------------------------
Time taken: 431.42 seconds
Memory used: 50.38 MB
[runlim] end:			Thu Jun 11 21:37:14 2026
[runlim] status:		ok
[runlim] result:		0
[runlim] children:		1
[runlim] processes:		2
[runlim] real:			431.47 seconds
[runlim] time:			431.23 seconds
[runlim] space:			169 MB
[runlim] load:			1.24 maximum
[runlim] samples:		4315
