[runlim] version:		2.0.0rc12
[runlim] host:			ap-Precision-7550
[runlim] time limit:		311040000 seconds
[runlim] real time limit:	600 seconds
[runlim] space limit:		14000 MB
[runlim] argv[0]:		python3
[runlim] argv[1]:		-u
[runlim] argv[2]:		main.py
[runlim] argv[3]:		graph10
[runlim] argv[4]:		POSE
[runlim] start:			Thu Jun 11 21:48:21 2026
[runlim] child:			5765
---  POSE  ---
 solving MaxSAT (RC2)...
[runlim] sample:		10.00 time, 10.01 real, 104 MB, 1.17 load
[runlim] sample:		19.99 time, 20.01 real, 119 MB, 1.14 load
[runlim] sample:		29.99 time, 30.01 real, 127 MB, 1.12 load
[runlim] sample:		39.98 time, 40.01 real, 127 MB, 1.10 load
[runlim] sample:		49.98 time, 50.01 real, 127 MB, 1.09 load
[runlim] sample:		59.98 time, 60.01 real, 127 MB, 1.07 load
[runlim] sample:		69.97 time, 70.01 real, 127 MB, 1.06 load
[runlim] sample:		79.97 time, 80.01 real, 127 MB, 1.05 load
[runlim] sample:		89.96 time, 90.01 real, 113 MB, 1.20 load
[runlim] sample:		99.96 time, 100.01 real, 132 MB, 1.17 load
[runlim] sample:		109.95 time, 110.01 real, 136 MB, 1.14 load
[runlim] sample:		119.95 time, 120.01 real, 136 MB, 1.12 load
[runlim] sample:		129.95 time, 130.01 real, 137 MB, 1.10 load
[runlim] sample:		139.94 time, 140.01 real, 137 MB, 1.08 load
[runlim] sample:		149.94 time, 150.01 real, 138 MB, 1.07 load
[runlim] sample:		159.94 time, 160.01 real, 139 MB, 1.06 load
[runlim] sample:		169.94 time, 170.01 real, 139 MB, 1.05 load
[runlim] sample:		179.93 time, 180.01 real, 144 MB, 1.04 load

--------------------------------------------------
Found solution!
Number of labels used: 22
--------------------------------------------------
Time taken: 183.74 seconds
Memory used: 139.94 MB
[runlim] end:			Thu Jun 11 21:51:24 2026
[runlim] status:		ok
[runlim] result:		0
[runlim] children:		1
[runlim] processes:		2
[runlim] real:			183.80 seconds
[runlim] time:			183.63 seconds
[runlim] space:			144 MB
[runlim] load:			1.20 maximum
[runlim] samples:		1838
