[runlim] version:		2.0.0rc12
[runlim] host:			ap-Precision-7550
[runlim] time limit:		311040000 seconds
[runlim] real time limit:	600 seconds
[runlim] space limit:		14000 MB
[runlim] argv[0]:		python3
[runlim] argv[1]:		-u
[runlim] argv[2]:		main.py
[runlim] argv[3]:		graph07
[runlim] argv[4]:		POSE
[runlim] start:			Tue Jun 30 15:41:18 2026
[runlim] child:			21787
Warning: variable 182 has assigned label 716 that is not in the domain 5.
Cannot find solution!
Time taken: 0.00098 seconds
Memory used: 17.62109 MB
[runlim] end:			Tue Jun 30 15:41:18 2026
[runlim] status:		ok
[runlim] result:		0
[runlim] children:		0
[runlim] processes:		0
[runlim] real:			0.05 seconds
[runlim] time:			0.00 seconds
[runlim] space:			0 MB
[runlim] load:			0.43 maximum
[runlim] samples:		1
