[runlim] version:		2.0.0rc12
[runlim] host:			ap-Precision-7550
[runlim] time limit:		311040000 seconds
[runlim] real time limit:	600 seconds
[runlim] space limit:		14000 MB
[runlim] argv[0]:		python3
[runlim] argv[1]:		-u
[runlim] argv[2]:		main.py
[runlim] argv[3]:		scen02
[runlim] argv[4]:		POSE
[runlim] start:			Thu Jun 11 21:25:44 2026
[runlim] child:			5682
---  POSE  ---
 solving MaxSAT (RC2)...
[runlim] sample:		10.00 time, 10.01 real, 57 MB, 1.05 load
[runlim] sample:		19.99 time, 20.01 real, 69 MB, 1.04 load

--------------------------------------------------
Found solution!
Number of labels used: 14
--------------------------------------------------
Time taken: 29.95 seconds
Memory used: 69.51 MB
[runlim] sample:		29.89 time, 30.01 real, 0 MB, 1.03 load
[runlim] end:			Thu Jun 11 21:26:14 2026
[runlim] status:		ok
[runlim] result:		0
[runlim] children:		1
[runlim] processes:		2
[runlim] real:			30.00 seconds
[runlim] time:			29.89 seconds
[runlim] space:			71 MB
[runlim] load:			1.06 maximum
[runlim] samples:		300
