[runlim] version:		2.0.0rc12
[runlim] host:			ap-Precision-7550
[runlim] time limit:		311040000 seconds
[runlim] real time limit:	600 seconds
[runlim] space limit:		14000 MB
[runlim] argv[0]:		python3
[runlim] argv[1]:		-u
[runlim] argv[2]:		main.py
[runlim] argv[3]:		scen03
[runlim] argv[4]:		POSE
[runlim] start:			Thu Jun 11 21:26:14 2026
[runlim] child:			5687
---  POSE  ---
 solving MaxSAT (RC2)...
[runlim] sample:		10.00 time, 10.01 real, 89 MB, 1.03 load
[runlim] sample:		20.00 time, 20.01 real, 89 MB, 1.02 load
[runlim] sample:		29.99 time, 30.01 real, 89 MB, 1.02 load
[runlim] sample:		39.99 time, 40.01 real, 95 MB, 1.02 load
[runlim] sample:		49.98 time, 50.01 real, 108 MB, 1.01 load
[runlim] sample:		59.97 time, 60.01 real, 109 MB, 1.01 load
[runlim] sample:		69.97 time, 70.01 real, 109 MB, 1.01 load
[runlim] sample:		79.96 time, 80.01 real, 110 MB, 1.01 load
[runlim] sample:		89.96 time, 90.01 real, 111 MB, 1.00 load
[runlim] sample:		99.95 time, 100.01 real, 111 MB, 1.00 load
[runlim] sample:		109.96 time, 110.01 real, 112 MB, 1.00 load
[runlim] sample:		119.96 time, 120.01 real, 112 MB, 1.00 load
[runlim] sample:		129.94 time, 130.01 real, 113 MB, 1.00 load
[runlim] sample:		139.94 time, 140.01 real, 131 MB, 1.00 load
[runlim] sample:		149.94 time, 150.01 real, 131 MB, 1.00 load

--------------------------------------------------
Found solution!
Number of labels used: 14
--------------------------------------------------
Time taken: 154.87 seconds
Memory used: 130.47 MB
[runlim] end:			Thu Jun 11 21:28:49 2026
[runlim] status:		ok
[runlim] result:		0
[runlim] children:		1
[runlim] processes:		2
[runlim] real:			154.93 seconds
[runlim] time:			154.83 seconds
[runlim] space:			133 MB
[runlim] load:			1.03 maximum
[runlim] samples:		1550
