[runlim] version:		2.0.0rc12
[runlim] host:			ap-Precision-7550
[runlim] time limit:		311040000 seconds
[runlim] real time limit:	600 seconds
[runlim] space limit:		14000 MB
[runlim] argv[0]:		python3
[runlim] argv[1]:		-u
[runlim] argv[2]:		main.py
[runlim] argv[3]:		scen04
[runlim] argv[4]:		POSE
[runlim] start:			Thu Jun 11 21:28:49 2026
[runlim] child:			5691
---  POSE  ---
 solving MaxSAT (RC2)...

--------------------------------------------------
Found solution!
Number of labels used: 46
--------------------------------------------------
Time taken: 0.12 seconds
Memory used: 23.86 MB
[runlim] end:			Thu Jun 11 21:28:49 2026
[runlim] status:		ok
[runlim] result:		0
[runlim] children:		1
[runlim] processes:		2
[runlim] real:			0.16 seconds
[runlim] time:			0.10 seconds
[runlim] space:			22 MB
[runlim] load:			1.00 maximum
[runlim] samples:		2
