[runlim] version:		2.0.0rc12
[runlim] host:			ap-Precision-7550
[runlim] time limit:		311040000 seconds
[runlim] real time limit:	600 seconds
[runlim] space limit:		14000 MB
[runlim] argv[0]:		python3
[runlim] argv[1]:		-u
[runlim] argv[2]:		main.py
[runlim] argv[3]:		TUD200.3
[runlim] argv[4]:		POSE
[runlim] start:			Thu Jun 11 21:51:30 2026
[runlim] child:			5809
---  POSE  ---
 solving MaxSAT (RC2)...

--------------------------------------------------
Found solution!
Number of labels used: 14
--------------------------------------------------
Time taken: 1.91 seconds
Memory used: 40.91 MB
[runlim] end:			Thu Jun 11 21:51:32 2026
[runlim] status:		ok
[runlim] result:		0
[runlim] children:		1
[runlim] processes:		2
[runlim] real:			1.96 seconds
[runlim] time:			1.90 seconds
[runlim] space:			42 MB
[runlim] load:			1.04 maximum
[runlim] samples:		20
