[runlim] version:		2.0.0rc12
[runlim] host:			ap-Precision-7550
[runlim] time limit:		311040000 seconds
[runlim] real time limit:	600 seconds
[runlim] space limit:		14000 MB
[runlim] argv[0]:		python3
[runlim] argv[1]:		-u
[runlim] argv[2]:		main.py
[runlim] argv[3]:		TUD200.1
[runlim] argv[4]:		POSE
[runlim] start:			Thu Jun 11 21:51:26 2026
[runlim] child:			5803
---  POSE  ---
 solving MaxSAT (RC2)...

--------------------------------------------------
Found solution!
Number of labels used: 12
--------------------------------------------------
Time taken: 3.99 seconds
Memory used: 50.03 MB
[runlim] end:			Thu Jun 11 21:51:30 2026
[runlim] status:		ok
[runlim] result:		0
[runlim] children:		1
[runlim] processes:		2
[runlim] real:			4.05 seconds
[runlim] time:			4.00 seconds
[runlim] space:			51 MB
[runlim] load:			1.04 maximum
[runlim] samples:		41
