[runlim] version:		2.0.0rc12
[runlim] host:			ap-Precision-7550
[runlim] time limit:		311040000 seconds
[runlim] real time limit:	600 seconds
[runlim] space limit:		14000 MB
[runlim] argv[0]:		python3
[runlim] argv[1]:		-u
[runlim] argv[2]:		main.py
[runlim] argv[3]:		TUD200.4
[runlim] argv[4]:		POSE
[runlim] start:			Thu Jun 11 21:51:32 2026
[runlim] child:			5812
---  POSE  ---
 solving MaxSAT (RC2)...

--------------------------------------------------
Found solution!
Number of labels used: 20
--------------------------------------------------
Time taken: 0.08 seconds
Memory used: 21.46 MB
[runlim] end:			Thu Jun 11 21:51:33 2026
[runlim] status:		ok
[runlim] result:		0
[runlim] children:		1
[runlim] processes:		2
[runlim] real:			0.12 seconds
[runlim] time:			0.10 seconds
[runlim] space:			21 MB
[runlim] load:			1.04 maximum
[runlim] samples:		2
