[runlim] version:		2.0.0rc12
[runlim] host:			ap-Precision-7550
[runlim] time limit:		311040000 seconds
[runlim] real time limit:	600 seconds
[runlim] space limit:		14000 MB
[runlim] argv[0]:		python3
[runlim] argv[1]:		-u
[runlim] argv[2]:		main.py
[runlim] argv[3]:		TUD916.3
[runlim] argv[4]:		POSE
[runlim] start:			Thu Jun 11 21:51:52 2026
[runlim] child:			5824
---  POSE  ---
 solving MaxSAT (RC2)...
[runlim] sample:		10.00 time, 10.01 real, 121 MB, 1.08 load
[runlim] sample:		20.00 time, 20.01 real, 121 MB, 1.07 load

--------------------------------------------------
Found solution!
Number of labels used: 24
--------------------------------------------------
Time taken: 22.79 seconds
Memory used: 115.64 MB
[runlim] end:			Thu Jun 11 21:52:15 2026
[runlim] status:		ok
[runlim] result:		0
[runlim] children:		1
[runlim] processes:		2
[runlim] real:			22.86 seconds
[runlim] time:			22.80 seconds
[runlim] space:			121 MB
[runlim] load:			1.09 maximum
[runlim] samples:		229
