[runlim] version:		2.0.0rc12
[runlim] host:			ap-Precision-7550
[runlim] time limit:		311040000 seconds
[runlim] real time limit:	600 seconds
[runlim] space limit:		14000 MB
[runlim] argv[0]:		python3
[runlim] argv[1]:		-u
[runlim] argv[2]:		main.py
[runlim] argv[3]:		TUD916.1
[runlim] argv[4]:		POSE
[runlim] start:			Thu Jun 11 21:51:33 2026
[runlim] child:			5818
---  POSE  ---
 solving MaxSAT (RC2)...
[runlim] sample:		9.99 time, 10.01 real, 116 MB, 1.11 load

--------------------------------------------------
Found solution!
Number of labels used: 18
--------------------------------------------------
Time taken: 18.78 seconds
Memory used: 100.76 MB
[runlim] end:			Thu Jun 11 21:51:51 2026
[runlim] status:		ok
[runlim] result:		0
[runlim] children:		1
[runlim] processes:		2
[runlim] real:			18.84 seconds
[runlim] time:			18.80 seconds
[runlim] space:			116 MB
[runlim] load:			1.11 maximum
[runlim] samples:		189
