[runlim] version:		2.0.0rc12
[runlim] host:			ap-Precision-7550
[runlim] time limit:		311040000 seconds
[runlim] real time limit:	600 seconds
[runlim] space limit:		14000 MB
[runlim] argv[0]:		python3
[runlim] argv[1]:		-u
[runlim] argv[2]:		main.py
[runlim] argv[3]:		TUD916.2
[runlim] argv[4]:		POSE
[runlim] start:			Thu Jun 11 21:51:51 2026
[runlim] child:			5821
---  POSE  ---
 solving MaxSAT (RC2)...

--------------------------------------------------
Found solution!
Number of labels used: 48
--------------------------------------------------
Time taken: 0.27 seconds
Memory used: 22.44 MB
[runlim] end:			Thu Jun 11 21:51:52 2026
[runlim] status:		ok
[runlim] result:		0
[runlim] children:		1
[runlim] processes:		2
[runlim] real:			0.32 seconds
[runlim] time:			0.30 seconds
[runlim] space:			22 MB
[runlim] load:			1.09 maximum
[runlim] samples:		4
