[runlim] version:		2.0.0rc12
[runlim] host:			ap-Precision-7550
[runlim] time limit:		311040000 seconds
[runlim] real time limit:	600 seconds
[runlim] space limit:		14000 MB
[runlim] argv[0]:		python3
[runlim] argv[1]:		-u
[runlim] argv[2]:		no_preprocessing.py
[runlim] argv[3]:		TUD200.1
[runlim] argv[4]:		nsc
[runlim] argv[5]:		assumptions
[runlim] argv[6]:		cadical195
[runlim] start:			Mon Mar 23 23:52:58 2026
[runlim] child:			16607
Solve first problem:
Solution:
{1: 366, 2: 128, 3: 652, 4: 414, 5: 366, 6: 128, 7: 442, 8: 680, 9: 128, 10: 366, 11: 44, 12: 282, 13: 792, 14: 554, 15: 414, 16: 652, 17: 156, 18: 394, 19: 498, 20: 736, 21: 470, 22: 708, 23: 792, 24: 554, 25: 484, 26: 722, 27: 128, 28: 366, 29: 142, 30: 380, 31: 156, 32: 394, 33: 554, 34: 792, 35: 456, 36: 694, 37: 128, 38: 366, 39: 268, 40: 30, 41: 526, 42: 764, 43: 142, 44: 380, 45: 442, 46: 680, 47: 792, 48: 554, 49: 470, 50: 708, 51: 58, 52: 296, 53: 142, 54: 380, 55: 86, 56: 324, 57: 72, 58: 310, 59: 540, 60: 778, 61: 512, 62: 750, 63: 414, 64: 652, 65: 16, 66: 254, 67: 414, 68: 652, 69: 680, 70: 442, 71: 268, 72: 30, 73: 456, 74: 694, 75: 512, 76: 750, 77: 540, 78: 778, 79: 792, 80: 554, 81: 554, 82: 792, 83: 428, 84: 666, 85: 736, 86: 498, 87: 778, 88: 540, 89: 44, 90: 282, 91: 540, 92: 778, 93: 16, 94: 254, 95: 352, 96: 114, 97: 540, 98: 778, 99: 142, 100: 380, 101: 380, 102: 142, 103: 540, 104: 778, 105: 156, 106: 394, 107: 380, 108: 142, 109: 694, 110: 456, 111: 722, 112: 484, 113: 414, 114: 652, 115: 470, 116: 708, 117: 526, 118: 764, 119: 100, 120: 338, 121: 456, 122: 694, 123: 156, 124: 394, 125: 310, 126: 72, 127: 72, 128: 310, 129: 408, 130: 170, 131: 380, 132: 142, 133: 554, 134: 792, 135: 554, 136: 792, 137: 456, 138: 694, 139: 442, 140: 680, 141: 380, 142: 142, 143: 540, 144: 778, 145: 554, 146: 792, 147: 254, 148: 16, 149: 554, 150: 792, 151: 72, 152: 310, 153: 498, 154: 736, 155: 554, 156: 792, 157: 554, 158: 792, 159: 498, 160: 736, 161: 554, 162: 792, 163: 526, 164: 764, 165: 100, 166: 338, 167: 526, 168: 764, 169: 554, 170: 792, 171: 498, 172: 736, 173: 540, 174: 778, 175: 526, 176: 764, 177: 666, 178: 428, 179: 498, 180: 736, 181: 554, 182: 792, 183: 526, 184: 764, 185: 156, 186: 394, 187: 156, 188: 394, 189: 484, 190: 722, 191: 428, 192: 666, 193: 484, 194: 722, 195: 554, 196: 792, 197: 484, 198: 722, 199: 540, 200: 778}
Number of lables used:  46
Time taken: 0.22 seconds
Memory used: 36.42 MB
--------------------------------------------------

Trying with at most 45 labels...
Solution:
{1: 16, 2: 254, 3: 324, 4: 86, 5: 366, 6: 128, 7: 722, 8: 484, 9: 128, 10: 366, 11: 44, 12: 282, 13: 442, 14: 680, 15: 694, 16: 456, 17: 86, 18: 324, 19: 414, 20: 652, 21: 442, 22: 680, 23: 750, 24: 512, 25: 666, 26: 428, 27: 30, 28: 268, 29: 72, 30: 310, 31: 394, 32: 156, 33: 512, 34: 750, 35: 44, 36: 282, 37: 86, 38: 324, 39: 394, 40: 156, 41: 498, 42: 736, 43: 128, 44: 366, 45: 442, 46: 680, 47: 680, 48: 442, 49: 470, 50: 708, 51: 366, 52: 128, 53: 142, 54: 380, 55: 338, 56: 100, 57: 72, 58: 310, 59: 512, 60: 750, 61: 708, 62: 470, 63: 414, 64: 652, 65: 16, 66: 254, 67: 666, 68: 428, 69: 30, 70: 268, 71: 268, 72: 30, 73: 142, 74: 380, 75: 498, 76: 736, 77: 484, 78: 722, 79: 722, 80: 484, 81: 512, 82: 750, 83: 428, 84: 666, 85: 666, 86: 428, 87: 338, 88: 100, 89: 44, 90: 282, 91: 512, 92: 750, 93: 16, 94: 254, 95: 338, 96: 100, 97: 484, 98: 722, 99: 142, 100: 380, 101: 380, 102: 142, 103: 498, 104: 736, 105: 86, 106: 324, 107: 282, 108: 44, 109: 142, 110: 380, 111: 156, 112: 394, 113: 694, 114: 456, 115: 156, 116: 394, 117: 100, 118: 338, 119: 100, 120: 338, 121: 442, 122: 680, 123: 86, 124: 324, 125: 58, 126: 296, 127: 72, 128: 310, 129: 408, 130: 170, 131: 380, 132: 142, 133: 498, 134: 736, 135: 470, 136: 708, 137: 142, 138: 380, 139: 142, 140: 380, 141: 380, 142: 142, 143: 498, 144: 736, 145: 512, 146: 750, 147: 254, 148: 16, 149: 470, 150: 708, 151: 72, 152: 310, 153: 428, 154: 666, 155: 470, 156: 708, 157: 512, 158: 750, 159: 498, 160: 736, 161: 512, 162: 750, 163: 484, 164: 722, 165: 44, 166: 282, 167: 512, 168: 750, 169: 512, 170: 750, 171: 498, 172: 736, 173: 498, 174: 736, 175: 456, 176: 694, 177: 114, 178: 352, 179: 498, 180: 736, 181: 512, 182: 750, 183: 456, 184: 694, 185: 156, 186: 394, 187: 156, 188: 394, 189: 652, 190: 414, 191: 750, 192: 512, 193: 750, 194: 512, 195: 484, 196: 722, 197: 750, 198: 512, 199: 456, 200: 694}
Number of lables used:  40
Time taken: 0.24 seconds
Memory used: 37.79 MB
--------------------------------------------------

Trying with at most 39 labels...
Solution:
{1: 750, 2: 512, 3: 100, 4: 338, 5: 750, 6: 512, 7: 156, 8: 394, 9: 142, 10: 380, 11: 324, 12: 86, 13: 324, 14: 86, 15: 44, 16: 282, 17: 750, 18: 512, 19: 100, 20: 338, 21: 100, 22: 338, 23: 254, 24: 16, 25: 156, 26: 394, 27: 380, 28: 142, 29: 58, 30: 296, 31: 114, 32: 352, 33: 442, 34: 680, 35: 366, 36: 128, 37: 750, 38: 512, 39: 100, 40: 338, 41: 512, 42: 750, 43: 750, 44: 512, 45: 254, 46: 16, 47: 680, 48: 442, 49: 750, 50: 512, 51: 366, 52: 128, 53: 750, 54: 512, 55: 282, 56: 44, 57: 282, 58: 44, 59: 156, 60: 394, 61: 142, 62: 380, 63: 680, 64: 442, 65: 750, 66: 512, 67: 58, 68: 296, 69: 282, 70: 44, 71: 296, 72: 58, 73: 100, 74: 338, 75: 750, 76: 512, 77: 254, 78: 16, 79: 750, 80: 512, 81: 442, 82: 680, 83: 16, 84: 254, 85: 750, 86: 512, 87: 268, 88: 30, 89: 128, 90: 366, 91: 86, 92: 324, 93: 442, 94: 680, 95: 30, 96: 268, 97: 156, 98: 394, 99: 128, 100: 366, 101: 352, 102: 114, 103: 72, 104: 310, 105: 268, 106: 30, 107: 296, 108: 58, 109: 142, 110: 380, 111: 394, 112: 156, 113: 254, 114: 16, 115: 114, 116: 352, 117: 30, 118: 268, 119: 680, 120: 442, 121: 442, 122: 680, 123: 310, 124: 72, 125: 128, 126: 366, 127: 100, 128: 338, 129: 170, 130: 408, 131: 310, 132: 72, 133: 442, 134: 680, 135: 680, 136: 442, 137: 750, 138: 512, 139: 142, 140: 380, 141: 296, 142: 58, 143: 380, 144: 142, 145: 680, 146: 442, 147: 254, 148: 16, 149: 442, 150: 680, 151: 58, 152: 296, 153: 142, 154: 380, 155: 750, 156: 512, 157: 680, 158: 442, 159: 680, 160: 442, 161: 442, 162: 680, 163: 750, 164: 512, 165: 16, 166: 254, 167: 72, 168: 310, 169: 442, 170: 680, 171: 394, 172: 156, 173: 30, 174: 268, 175: 680, 176: 442, 177: 268, 178: 30, 179: 100, 180: 338, 181: 442, 182: 680, 183: 394, 184: 156, 185: 310, 186: 72, 187: 156, 188: 394, 189: 44, 190: 282, 191: 30, 192: 268, 193: 86, 194: 324, 195: 44, 196: 282, 197: 750, 198: 512, 199: 142, 200: 380}
Number of lables used:  28
Time taken: 0.24 seconds
Memory used: 37.82 MB
--------------------------------------------------

Trying with at most 27 labels...
Solution:
{1: 750, 2: 512, 3: 442, 4: 680, 5: 750, 6: 512, 7: 156, 8: 394, 9: 142, 10: 380, 11: 324, 12: 86, 13: 324, 14: 86, 15: 44, 16: 282, 17: 680, 18: 442, 19: 86, 20: 324, 21: 86, 22: 324, 23: 254, 24: 16, 25: 156, 26: 394, 27: 380, 28: 142, 29: 58, 30: 296, 31: 114, 32: 352, 33: 750, 34: 512, 35: 366, 36: 128, 37: 750, 38: 512, 39: 86, 40: 324, 41: 512, 42: 750, 43: 750, 44: 512, 45: 254, 46: 16, 47: 680, 48: 442, 49: 750, 50: 512, 51: 366, 52: 128, 53: 750, 54: 512, 55: 282, 56: 44, 57: 282, 58: 44, 59: 156, 60: 394, 61: 142, 62: 380, 63: 680, 64: 442, 65: 750, 66: 512, 67: 44, 68: 282, 69: 282, 70: 44, 71: 268, 72: 30, 73: 86, 74: 324, 75: 512, 76: 750, 77: 254, 78: 16, 79: 128, 80: 366, 81: 442, 82: 680, 83: 16, 84: 254, 85: 750, 86: 512, 87: 268, 88: 30, 89: 128, 90: 366, 91: 86, 92: 324, 93: 442, 94: 680, 95: 30, 96: 268, 97: 156, 98: 394, 99: 128, 100: 366, 101: 352, 102: 114, 103: 72, 104: 310, 105: 268, 106: 30, 107: 296, 108: 58, 109: 142, 110: 380, 111: 324, 112: 86, 113: 254, 114: 16, 115: 114, 116: 352, 117: 30, 118: 268, 119: 128, 120: 366, 121: 442, 122: 680, 123: 310, 124: 72, 125: 128, 126: 366, 127: 114, 128: 352, 129: 170, 130: 408, 131: 310, 132: 72, 133: 442, 134: 680, 135: 680, 136: 442, 137: 86, 138: 324, 139: 142, 140: 380, 141: 296, 142: 58, 143: 380, 144: 142, 145: 680, 146: 442, 147: 254, 148: 16, 149: 750, 150: 512, 151: 58, 152: 296, 153: 750, 154: 512, 155: 750, 156: 512, 157: 680, 158: 442, 159: 680, 160: 442, 161: 442, 162: 680, 163: 750, 164: 512, 165: 16, 166: 254, 167: 72, 168: 310, 169: 442, 170: 680, 171: 394, 172: 156, 173: 30, 174: 268, 175: 394, 176: 156, 177: 268, 178: 30, 179: 680, 180: 442, 181: 442, 182: 680, 183: 394, 184: 156, 185: 310, 186: 72, 187: 156, 188: 394, 189: 44, 190: 282, 191: 30, 192: 268, 193: 86, 194: 324, 195: 44, 196: 282, 197: 750, 198: 512, 199: 142, 200: 380}
Number of lables used:  26
Time taken: 0.24 seconds
Memory used: 37.83 MB
--------------------------------------------------

Trying with at most 25 labels...
Solution:
{1: 750, 2: 512, 3: 442, 4: 680, 5: 750, 6: 512, 7: 156, 8: 394, 9: 142, 10: 380, 11: 324, 12: 86, 13: 324, 14: 86, 15: 16, 16: 254, 17: 680, 18: 442, 19: 86, 20: 324, 21: 86, 22: 324, 23: 254, 24: 16, 25: 394, 26: 156, 27: 380, 28: 142, 29: 58, 30: 296, 31: 366, 32: 128, 33: 750, 34: 512, 35: 366, 36: 128, 37: 750, 38: 512, 39: 86, 40: 324, 41: 512, 42: 750, 43: 750, 44: 512, 45: 310, 46: 72, 47: 680, 48: 442, 49: 750, 50: 512, 51: 366, 52: 128, 53: 750, 54: 512, 55: 282, 56: 44, 57: 282, 58: 44, 59: 156, 60: 394, 61: 142, 62: 380, 63: 680, 64: 442, 65: 750, 66: 512, 67: 44, 68: 282, 69: 282, 70: 44, 71: 268, 72: 30, 73: 86, 74: 324, 75: 512, 76: 750, 77: 254, 78: 16, 79: 750, 80: 512, 81: 442, 82: 680, 83: 16, 84: 254, 85: 394, 86: 156, 87: 268, 88: 30, 89: 128, 90: 366, 91: 86, 92: 324, 93: 442, 94: 680, 95: 30, 96: 268, 97: 156, 98: 394, 99: 680, 100: 442, 101: 324, 102: 86, 103: 72, 104: 310, 105: 268, 106: 30, 107: 296, 108: 58, 109: 142, 110: 380, 111: 324, 112: 86, 113: 254, 114: 16, 115: 394, 116: 156, 117: 30, 118: 268, 119: 128, 120: 366, 121: 442, 122: 680, 123: 296, 124: 58, 125: 128, 126: 366, 127: 128, 128: 366, 129: 380, 130: 142, 131: 310, 132: 72, 133: 442, 134: 680, 135: 680, 136: 442, 137: 86, 138: 324, 139: 142, 140: 380, 141: 296, 142: 58, 143: 512, 144: 750, 145: 680, 146: 442, 147: 254, 148: 16, 149: 750, 150: 512, 151: 58, 152: 296, 153: 366, 154: 128, 155: 750, 156: 512, 157: 680, 158: 442, 159: 282, 160: 44, 161: 442, 162: 680, 163: 750, 164: 512, 165: 16, 166: 254, 167: 72, 168: 310, 169: 442, 170: 680, 171: 394, 172: 156, 173: 30, 174: 268, 175: 394, 176: 156, 177: 268, 178: 30, 179: 680, 180: 442, 181: 442, 182: 680, 183: 394, 184: 156, 185: 310, 186: 72, 187: 156, 188: 394, 189: 44, 190: 282, 191: 30, 192: 268, 193: 86, 194: 324, 195: 44, 196: 282, 197: 750, 198: 512, 199: 142, 200: 380}
Number of lables used:  22
Time taken: 0.24 seconds
Memory used: 37.96 MB
--------------------------------------------------

Trying with at most 21 labels...
Solution:
{1: 778, 2: 540, 3: 366, 4: 128, 5: 778, 6: 540, 7: 296, 8: 58, 9: 128, 10: 366, 11: 324, 12: 86, 13: 254, 14: 16, 15: 16, 16: 254, 17: 778, 18: 540, 19: 86, 20: 324, 21: 86, 22: 324, 23: 652, 24: 414, 25: 366, 26: 128, 27: 554, 28: 792, 29: 652, 30: 414, 31: 324, 32: 86, 33: 652, 34: 414, 35: 366, 36: 128, 37: 778, 38: 540, 39: 254, 40: 16, 41: 792, 42: 554, 43: 792, 44: 554, 45: 282, 46: 44, 47: 652, 48: 414, 49: 324, 50: 86, 51: 296, 52: 58, 53: 86, 54: 324, 55: 366, 56: 128, 57: 282, 58: 44, 59: 128, 60: 366, 61: 296, 62: 58, 63: 792, 64: 554, 65: 652, 66: 414, 67: 254, 68: 16, 69: 268, 70: 30, 71: 268, 72: 30, 73: 778, 74: 540, 75: 58, 76: 296, 77: 414, 78: 652, 79: 268, 80: 30, 81: 414, 82: 652, 83: 16, 84: 254, 85: 366, 86: 128, 87: 652, 88: 414, 89: 86, 90: 324, 91: 324, 92: 86, 93: 554, 94: 792, 95: 86, 96: 324, 97: 128, 98: 366, 99: 128, 100: 366, 101: 268, 102: 30, 103: 58, 104: 296, 105: 44, 106: 282, 107: 540, 108: 778, 109: 58, 110: 296, 111: 254, 112: 16, 113: 254, 114: 16, 115: 652, 116: 414, 117: 540, 118: 778, 119: 128, 120: 366, 121: 282, 122: 44, 123: 652, 124: 414, 125: 128, 126: 366, 127: 652, 128: 414, 129: 240, 130: 478, 131: 268, 132: 30, 133: 86, 134: 324, 135: 366, 136: 128, 137: 86, 138: 324, 139: 58, 140: 296, 141: 296, 142: 58, 143: 792, 144: 554, 145: 366, 146: 128, 147: 16, 148: 254, 149: 366, 150: 128, 151: 58, 152: 296, 153: 282, 154: 44, 155: 778, 156: 540, 157: 86, 158: 324, 159: 778, 160: 540, 161: 414, 162: 652, 163: 652, 164: 414, 165: 778, 166: 540, 167: 30, 168: 268, 169: 414, 170: 652, 171: 414, 172: 652, 173: 30, 174: 268, 175: 324, 176: 86, 177: 86, 178: 324, 179: 792, 180: 554, 181: 30, 182: 268, 183: 778, 184: 540, 185: 366, 186: 128, 187: 86, 188: 324, 189: 366, 190: 128, 191: 366, 192: 128, 193: 86, 194: 324, 195: 128, 196: 366, 197: 554, 198: 792, 199: 30, 200: 268}
Number of lables used:  20
Time taken: 0.25 seconds
Memory used: 37.96 MB
--------------------------------------------------

Trying with at most 19 labels...
Solution:
{1: 338, 2: 100, 3: 156, 4: 394, 5: 526, 6: 764, 7: 380, 8: 142, 9: 338, 10: 100, 11: 442, 12: 680, 13: 764, 14: 526, 15: 764, 16: 526, 17: 708, 18: 470, 19: 16, 20: 254, 21: 16, 22: 254, 23: 526, 24: 764, 25: 156, 26: 394, 27: 708, 28: 470, 29: 100, 30: 338, 31: 16, 32: 254, 33: 100, 34: 338, 35: 16, 36: 254, 37: 442, 38: 680, 39: 380, 40: 142, 41: 16, 42: 254, 43: 708, 44: 470, 45: 254, 46: 16, 47: 142, 48: 380, 49: 764, 50: 526, 51: 338, 52: 100, 53: 100, 54: 338, 55: 394, 56: 156, 57: 142, 58: 380, 59: 100, 60: 338, 61: 380, 62: 142, 63: 254, 64: 16, 65: 764, 66: 526, 67: 708, 68: 470, 69: 338, 70: 100, 71: 394, 72: 156, 73: 764, 74: 526, 75: 764, 76: 526, 77: 338, 78: 100, 79: 394, 80: 156, 81: 764, 82: 526, 83: 394, 84: 156, 85: 708, 86: 470, 87: 470, 88: 708, 89: 526, 90: 764, 91: 142, 92: 380, 93: 442, 94: 680, 95: 470, 96: 708, 97: 100, 98: 338, 99: 394, 100: 156, 101: 338, 102: 100, 103: 680, 104: 442, 105: 380, 106: 142, 107: 100, 108: 338, 109: 680, 110: 442, 111: 526, 112: 764, 113: 680, 114: 442, 115: 156, 116: 394, 117: 142, 118: 380, 119: 16, 120: 254, 121: 470, 122: 708, 123: 100, 124: 338, 125: 708, 126: 470, 127: 156, 128: 394, 129: 240, 130: 478, 131: 526, 132: 764, 133: 16, 134: 254, 135: 680, 136: 442, 137: 380, 138: 142, 139: 526, 140: 764, 141: 100, 142: 338, 143: 526, 144: 764, 145: 680, 146: 442, 147: 470, 148: 708, 149: 442, 150: 680, 151: 442, 152: 680, 153: 708, 154: 470, 155: 526, 156: 764, 157: 16, 158: 254, 159: 708, 160: 470, 161: 680, 162: 442, 163: 254, 164: 16, 165: 338, 166: 100, 167: 442, 168: 680, 169: 16, 170: 254, 171: 16, 172: 254, 173: 338, 174: 100, 175: 680, 176: 442, 177: 142, 178: 380, 179: 470, 180: 708, 181: 680, 182: 442, 183: 764, 184: 526, 185: 254, 186: 16, 187: 380, 188: 142, 189: 338, 190: 100, 191: 254, 192: 16, 193: 16, 194: 254, 195: 16, 196: 254, 197: 156, 198: 394, 199: 764, 200: 526}
Number of lables used:  16
Time taken: 0.26 seconds
Memory used: 38.07 MB
--------------------------------------------------

Trying with at most 15 labels...
Solution:
{1: 338, 2: 100, 3: 114, 4: 352, 5: 470, 6: 708, 7: 254, 8: 16, 9: 352, 10: 114, 11: 442, 12: 680, 13: 764, 14: 526, 15: 708, 16: 470, 17: 764, 18: 526, 19: 380, 20: 142, 21: 142, 22: 380, 23: 526, 24: 764, 25: 526, 26: 764, 27: 708, 28: 470, 29: 764, 30: 526, 31: 380, 32: 142, 33: 16, 34: 254, 35: 16, 36: 254, 37: 764, 38: 526, 39: 380, 40: 142, 41: 16, 42: 254, 43: 708, 44: 470, 45: 708, 46: 470, 47: 114, 48: 352, 49: 764, 50: 526, 51: 380, 52: 142, 53: 100, 54: 338, 55: 352, 56: 114, 57: 442, 58: 680, 59: 100, 60: 338, 61: 380, 62: 142, 63: 254, 64: 16, 65: 680, 66: 442, 67: 680, 68: 442, 69: 470, 70: 708, 71: 254, 72: 16, 73: 764, 74: 526, 75: 708, 76: 470, 77: 338, 78: 100, 79: 442, 80: 680, 81: 708, 82: 470, 83: 380, 84: 142, 85: 114, 86: 352, 87: 442, 88: 680, 89: 526, 90: 764, 91: 142, 92: 380, 93: 470, 94: 708, 95: 470, 96: 708, 97: 100, 98: 338, 99: 254, 100: 16, 101: 680, 102: 442, 103: 442, 104: 680, 105: 380, 106: 142, 107: 100, 108: 338, 109: 680, 110: 442, 111: 526, 112: 764, 113: 142, 114: 380, 115: 526, 116: 764, 117: 142, 118: 380, 119: 764, 120: 526, 121: 470, 122: 708, 123: 100, 124: 338, 125: 764, 126: 526, 127: 142, 128: 380, 129: 142, 130: 380, 131: 526, 132: 764, 133: 16, 134: 254, 135: 338, 136: 100, 137: 380, 138: 142, 139: 442, 140: 680, 141: 470, 142: 708, 143: 526, 144: 764, 145: 764, 146: 526, 147: 470, 148: 708, 149: 442, 150: 680, 151: 526, 152: 764, 153: 352, 154: 114, 155: 526, 156: 764, 157: 16, 158: 254, 159: 764, 160: 526, 161: 114, 162: 352, 163: 254, 164: 16, 165: 254, 166: 16, 167: 470, 168: 708, 169: 254, 170: 16, 171: 16, 172: 254, 173: 338, 174: 100, 175: 708, 176: 470, 177: 680, 178: 442, 179: 16, 180: 254, 181: 764, 182: 526, 183: 764, 184: 526, 185: 338, 186: 100, 187: 380, 188: 142, 189: 338, 190: 100, 191: 254, 192: 16, 193: 16, 194: 254, 195: 16, 196: 254, 197: 16, 198: 254, 199: 708, 200: 470}
Number of lables used:  14
Time taken: 0.27 seconds
Memory used: 38.20 MB
--------------------------------------------------

Trying with at most 13 labels...
Solution:
{1: 338, 2: 100, 3: 100, 4: 338, 5: 470, 6: 708, 7: 254, 8: 16, 9: 338, 10: 100, 11: 442, 12: 680, 13: 764, 14: 526, 15: 708, 16: 470, 17: 764, 18: 526, 19: 380, 20: 142, 21: 142, 22: 380, 23: 526, 24: 764, 25: 526, 26: 764, 27: 708, 28: 470, 29: 764, 30: 526, 31: 380, 32: 142, 33: 16, 34: 254, 35: 16, 36: 254, 37: 764, 38: 526, 39: 380, 40: 142, 41: 16, 42: 254, 43: 708, 44: 470, 45: 708, 46: 470, 47: 16, 48: 254, 49: 764, 50: 526, 51: 380, 52: 142, 53: 100, 54: 338, 55: 338, 56: 100, 57: 442, 58: 680, 59: 100, 60: 338, 61: 380, 62: 142, 63: 254, 64: 16, 65: 680, 66: 442, 67: 680, 68: 442, 69: 470, 70: 708, 71: 254, 72: 16, 73: 764, 74: 526, 75: 708, 76: 470, 77: 338, 78: 100, 79: 526, 80: 764, 81: 708, 82: 470, 83: 380, 84: 142, 85: 100, 86: 338, 87: 442, 88: 680, 89: 526, 90: 764, 91: 142, 92: 380, 93: 470, 94: 708, 95: 470, 96: 708, 97: 100, 98: 338, 99: 254, 100: 16, 101: 680, 102: 442, 103: 442, 104: 680, 105: 380, 106: 142, 107: 100, 108: 338, 109: 680, 110: 442, 111: 16, 112: 254, 113: 380, 114: 142, 115: 526, 116: 764, 117: 142, 118: 380, 119: 764, 120: 526, 121: 470, 122: 708, 123: 100, 124: 338, 125: 526, 126: 764, 127: 142, 128: 380, 129: 142, 130: 380, 131: 526, 132: 764, 133: 16, 134: 254, 135: 338, 136: 100, 137: 380, 138: 142, 139: 442, 140: 680, 141: 470, 142: 708, 143: 526, 144: 764, 145: 764, 146: 526, 147: 470, 148: 708, 149: 442, 150: 680, 151: 526, 152: 764, 153: 380, 154: 142, 155: 526, 156: 764, 157: 16, 158: 254, 159: 764, 160: 526, 161: 100, 162: 338, 163: 254, 164: 16, 165: 254, 166: 16, 167: 470, 168: 708, 169: 254, 170: 16, 171: 16, 172: 254, 173: 338, 174: 100, 175: 470, 176: 708, 177: 680, 178: 442, 179: 16, 180: 254, 181: 764, 182: 526, 183: 764, 184: 526, 185: 338, 186: 100, 187: 380, 188: 142, 189: 338, 190: 100, 191: 442, 192: 680, 193: 526, 194: 764, 195: 16, 196: 254, 197: 16, 198: 254, 199: 708, 200: 470}
Number of lables used:  12
Time taken: 0.27 seconds
Memory used: 38.20 MB
--------------------------------------------------

Trying with at most 11 labels...
Cannot find solution.
No more solutions found.
Optimal number of labels used:  12
Time taken: 2.30 seconds
Memory used: 63.85 MB
[runlim] end:			Mon Mar 23 23:53:00 2026
[runlim] status:		ok
[runlim] result:		0
[runlim] children:		1
[runlim] processes:		2
[runlim] real:			2.34 seconds
[runlim] time:			2.30 seconds
[runlim] space:			69 MB
[runlim] load:			1.21 maximum
[runlim] samples:		24
