[runlim] version:		2.0.0rc12
[runlim] host:			ap-Precision-7550
[runlim] time limit:		311040000 seconds
[runlim] real time limit:	600 seconds
[runlim] space limit:		14000 MB
[runlim] argv[0]:		python3
[runlim] argv[1]:		-u
[runlim] argv[2]:		pairwise.py
[runlim] argv[3]:		graph13
[runlim] argv[4]:		assumptions
[runlim] start:			Thu Mar 26 02:27:24 2026
[runlim] child:			31197
Solve first problem:
Cannot find solution.
Time taken: 1.45 seconds 
Memory used: 63.25 MB
[runlim] end:			Thu Mar 26 02:27:25 2026
[runlim] status:		ok
[runlim] result:		0
[runlim] children:		1
[runlim] processes:		2
[runlim] real:			1.50 seconds
[runlim] time:			1.40 seconds
[runlim] space:			63 MB
[runlim] load:			0.93 maximum
[runlim] samples:		15
