[runlim] version:		2.0.0rc12
[runlim] host:			ap-Precision-7550
[runlim] time limit:		311040000 seconds
[runlim] real time limit:	600 seconds
[runlim] space limit:		14000 MB
[runlim] argv[0]:		python3
[runlim] argv[1]:		-u
[runlim] argv[2]:		pairwise.py
[runlim] argv[3]:		graph03
[runlim] argv[4]:		nsc
[runlim] argv[5]:		assumptions
[runlim] argv[6]:		cadical195
[runlim] start:			Sat Jun 27 02:58:42 2026
[runlim] child:			18152
Exactly-one cardinality encoding:  1
Distance constraint mode:  pairwise
Distance cardinality encoding:  1
Objective strategy:  nsc
SAT type:  assumptions
Solver:  cadical195
Number of assignment variables:  7480
Number of clauses for exactly one constraints:  142620
Number of clauses for distance constraints:  455923
---------------------------------------------------
Solve first problem:
Solution:
{1: 30, 2: 268, 3: 338, 4: 100, 5: 652, 6: 414, 7: 268, 8: 30, 9: 268, 10: 30, 11: 268, 12: 30, 13: 352, 14: 114, 15: 394, 16: 156, 17: 352, 18: 114, 19: 736, 20: 498, 21: 792, 22: 554, 23: 324, 24: 86, 25: 394, 26: 156, 27: 310, 28: 72, 29: 296, 30: 58, 31: 282, 32: 44, 33: 498, 34: 736, 35: 324, 36: 86, 37: 338, 38: 100, 39: 764, 40: 526, 41: 470, 42: 708, 43: 324, 44: 86, 45: 512, 46: 750, 47: 540, 48: 778, 49: 778, 50: 540, 51: 352, 52: 114, 53: 352, 54: 114, 55: 764, 56: 526, 57: 456, 58: 694, 59: 296, 60: 58, 61: 324, 62: 86, 63: 470, 64: 708, 65: 554, 66: 792, 67: 310, 68: 72, 69: 512, 70: 750, 71: 268, 72: 30, 73: 366, 74: 128, 75: 352, 76: 114, 77: 526, 78: 764, 79: 394, 80: 156, 81: 324, 82: 86, 83: 484, 84: 722, 85: 498, 86: 736, 87: 456, 88: 694, 89: 338, 90: 100, 91: 470, 92: 708, 93: 526, 94: 764, 95: 142, 96: 380, 97: 484, 98: 722, 99: 736, 100: 498, 101: 792, 102: 554, 103: 268, 104: 30, 105: 540, 106: 778, 107: 414, 108: 652, 109: 324, 110: 86, 111: 456, 112: 694, 113: 394, 114: 156, 115: 722, 116: 484, 117: 268, 118: 30, 119: 540, 120: 778, 121: 296, 122: 58, 123: 498, 124: 736, 125: 268, 126: 30, 127: 554, 128: 792, 129: 296, 130: 58, 131: 268, 132: 30, 133: 554, 134: 792, 135: 268, 136: 30, 137: 512, 138: 750, 139: 694, 140: 456, 141: 310, 142: 72, 143: 498, 144: 736, 145: 30, 146: 268, 147: 338, 148: 100, 149: 282, 150: 44, 151: 498, 152: 736, 153: 512, 154: 750, 155: 324, 156: 86, 157: 512, 158: 750, 159: 352, 160: 114, 161: 338, 162: 100, 163: 554, 164: 792, 165: 324, 166: 86, 167: 554, 168: 792, 169: 282, 170: 44, 171: 282, 172: 44, 173: 540, 174: 778, 175: 310, 176: 72, 177: 484, 178: 722, 179: 512, 180: 750, 181: 296, 182: 58, 183: 540, 184: 778, 185: 268, 186: 30, 187: 512, 188: 750, 189: 380, 190: 142, 191: 554, 192: 792, 193: 352, 194: 114, 195: 366, 196: 128, 197: 282, 198: 44, 199: 764, 200: 526}
Number of lables used:  38
Total time: 0.65 seconds
Memory used: 81.85 MB
--------------------------------------------------
Number of label variables:  48
Number of clauses for label constraints:  7477
Number of new variables for cardinality constraints:  1110
Number of clauses for cardinality constraints:  4366
Initial variable count:  8638
Initial clause count:  611114
--------------------------------------------------

Trying with at most 37 labels...
Solution:
{1: 100, 2: 338, 3: 142, 4: 380, 5: 142, 6: 380, 7: 142, 8: 380, 9: 142, 10: 380, 11: 142, 12: 380, 13: 58, 14: 296, 15: 114, 16: 352, 17: 114, 18: 352, 19: 58, 20: 296, 21: 16, 22: 254, 23: 86, 24: 324, 25: 100, 26: 338, 27: 100, 28: 338, 29: 114, 30: 352, 31: 128, 32: 366, 33: 44, 34: 282, 35: 142, 36: 380, 37: 72, 38: 310, 39: 16, 40: 254, 41: 16, 42: 254, 43: 86, 44: 324, 45: 58, 46: 296, 47: 86, 48: 324, 49: 30, 50: 268, 51: 128, 52: 366, 53: 142, 54: 380, 55: 44, 56: 282, 57: 86, 58: 324, 59: 114, 60: 352, 61: 86, 62: 324, 63: 16, 64: 254, 65: 58, 66: 296, 67: 100, 68: 338, 69: 30, 70: 268, 71: 142, 72: 380, 73: 142, 74: 380, 75: 58, 76: 296, 77: 44, 78: 282, 79: 16, 80: 254, 81: 86, 82: 324, 83: 30, 84: 268, 85: 16, 86: 254, 87: 16, 88: 254, 89: 72, 90: 310, 91: 16, 92: 254, 93: 30, 94: 268, 95: 142, 96: 380, 97: 30, 98: 268, 99: 44, 100: 282, 101: 16, 102: 254, 103: 142, 104: 380, 105: 86, 106: 324, 107: 100, 108: 338, 109: 142, 110: 380, 111: 16, 112: 254, 113: 16, 114: 254, 115: 58, 116: 296, 117: 142, 118: 380, 119: 44, 120: 282, 121: 114, 122: 352, 123: 16, 124: 254, 125: 142, 126: 380, 127: 72, 128: 310, 129: 114, 130: 352, 131: 142, 132: 380, 133: 72, 134: 310, 135: 142, 136: 380, 137: 114, 138: 352, 139: 86, 140: 324, 141: 100, 142: 338, 143: 58, 144: 296, 145: 30, 146: 268, 147: 72, 148: 310, 149: 128, 150: 366, 151: 44, 152: 282, 153: 16, 154: 254, 155: 86, 156: 324, 157: 16, 158: 254, 159: 58, 160: 296, 161: 72, 162: 310, 163: 114, 164: 352, 165: 86, 166: 324, 167: 16, 168: 254, 169: 128, 170: 366, 171: 128, 172: 366, 173: 44, 174: 282, 175: 100, 176: 338, 177: 44, 178: 282, 179: 72, 180: 310, 181: 114, 182: 352, 183: 86, 184: 324, 185: 142, 186: 380, 187: 58, 188: 296, 189: 30, 190: 268, 191: 16, 192: 254, 193: 58, 194: 296, 195: 44, 196: 282, 197: 128, 198: 366, 199: 30, 200: 268}
Number of lables used:  20
Total time: 0.67 seconds
Memory used: 97.24 MB
--------------------------------------------------

Trying with at most 19 labels...
[runlim] sample:		9.99 time, 10.01 real, 151 MB, 1.06 load
[runlim] sample:		19.99 time, 20.01 real, 137 MB, 1.05 load
[runlim] sample:		29.99 time, 30.01 real, 136 MB, 1.04 load
Cannot find solution.
No more solutions found.
Optimal number of labels used:  20
Total time: 32.60 seconds
Memory used: 151.91 MB
[runlim] end:			Sat Jun 27 02:59:15 2026
[runlim] status:		ok
[runlim] result:		0
[runlim] children:		1
[runlim] processes:		2
[runlim] real:			32.66 seconds
[runlim] time:			32.58 seconds
[runlim] space:			152 MB
[runlim] load:			1.08 maximum
[runlim] samples:		327
