[runlim] version:		2.0.0rc12
[runlim] host:			ap-Precision-7550
[runlim] time limit:		311040000 seconds
[runlim] real time limit:	600 seconds
[runlim] space limit:		14000 MB
[runlim] argv[0]:		python3
[runlim] argv[1]:		-u
[runlim] argv[2]:		pairwise.py
[runlim] argv[3]:		graph02
[runlim] argv[4]:		nsc
[runlim] argv[5]:		assumptions
[runlim] argv[6]:		cadical195
[runlim] start:			Sat Jun 27 02:26:54 2026
[runlim] child:			18065
Exactly-one cardinality encoding:  1
Distance constraint mode:  pairwise
Distance cardinality encoding:  1
Objective strategy:  nsc
SAT type:  assumptions
Solver:  cadical195
Number of assignment variables:  14624
Number of clauses for exactly one constraints:  293088
Number of clauses for distance constraints:  182741
---------------------------------------------------
Solve first problem:
Solution:
{1: 792, 2: 554, 3: 792, 4: 554, 5: 792, 6: 554, 7: 792, 8: 554, 9: 792, 10: 554, 11: 792, 12: 554, 13: 792, 14: 554, 15: 792, 16: 554, 17: 792, 18: 554, 19: 792, 20: 554, 21: 792, 22: 554, 23: 792, 24: 554, 25: 792, 26: 554, 27: 750, 28: 512, 29: 792, 30: 554, 31: 792, 32: 554, 33: 722, 34: 484, 35: 722, 36: 484, 37: 792, 38: 554, 39: 792, 40: 554, 41: 680, 42: 442, 43: 708, 44: 470, 45: 764, 46: 526, 47: 750, 48: 512, 49: 750, 50: 512, 51: 792, 52: 554, 53: 408, 54: 170, 55: 792, 56: 554, 57: 792, 58: 554, 59: 736, 60: 498, 61: 764, 62: 526, 63: 778, 64: 540, 65: 764, 66: 526, 67: 750, 68: 512, 69: 736, 70: 498, 71: 478, 72: 240, 73: 792, 74: 554, 75: 750, 76: 512, 77: 792, 78: 554, 79: 764, 80: 526, 81: 722, 82: 484, 83: 792, 84: 554, 85: 722, 86: 484, 87: 778, 88: 540, 89: 792, 90: 554, 91: 736, 92: 498, 93: 750, 94: 512, 95: 778, 96: 540, 97: 792, 98: 554, 99: 736, 100: 498, 101: 764, 102: 526, 103: 722, 104: 484, 105: 722, 106: 484, 107: 736, 108: 498, 109: 792, 110: 554, 111: 708, 112: 470, 113: 778, 114: 540, 115: 708, 116: 470, 117: 792, 118: 554, 119: 478, 120: 240, 121: 750, 122: 512, 123: 792, 124: 554, 125: 680, 126: 442, 127: 778, 128: 540, 129: 408, 130: 170, 131: 778, 132: 540, 133: 778, 134: 540, 135: 478, 136: 240, 137: 694, 138: 456, 139: 708, 140: 470, 141: 736, 142: 498, 143: 764, 144: 526, 145: 778, 146: 540, 147: 792, 148: 554, 149: 792, 150: 554, 151: 764, 152: 526, 153: 722, 154: 484, 155: 478, 156: 240, 157: 792, 158: 554, 159: 792, 160: 554, 161: 792, 162: 554, 163: 408, 164: 170, 165: 666, 166: 428, 167: 764, 168: 526, 169: 750, 170: 512, 171: 778, 172: 540, 173: 764, 174: 526, 175: 792, 176: 554, 177: 736, 178: 498, 179: 408, 180: 170, 181: 764, 182: 526, 183: 736, 184: 498, 185: 750, 186: 512, 187: 736, 188: 498, 189: 408, 190: 170, 191: 750, 192: 512, 193: 722, 194: 484, 195: 722, 196: 484, 197: 792, 198: 554, 199: 764, 200: 526, 201: 722, 202: 484, 203: 680, 204: 442, 205: 708, 206: 470, 207: 694, 208: 456, 209: 694, 210: 456, 211: 764, 212: 526, 213: 478, 214: 240, 215: 456, 216: 694, 217: 442, 218: 680, 219: 652, 220: 414, 221: 792, 222: 554, 223: 764, 224: 526, 225: 792, 226: 554, 227: 408, 228: 170, 229: 764, 230: 526, 231: 694, 232: 456, 233: 680, 234: 442, 235: 708, 236: 470, 237: 778, 238: 540, 239: 694, 240: 456, 241: 750, 242: 512, 243: 750, 244: 512, 245: 428, 246: 666, 247: 478, 248: 240, 249: 764, 250: 526, 251: 722, 252: 484, 253: 708, 254: 470, 255: 380, 256: 142, 257: 666, 258: 428, 259: 478, 260: 240, 261: 498, 262: 736, 263: 478, 264: 240, 265: 478, 266: 240, 267: 722, 268: 484, 269: 750, 270: 512, 271: 414, 272: 652, 273: 722, 274: 484, 275: 680, 276: 442, 277: 778, 278: 540, 279: 428, 280: 666, 281: 666, 282: 428, 283: 694, 284: 456, 285: 408, 286: 170, 287: 484, 288: 722, 289: 666, 290: 428, 291: 478, 292: 240, 293: 408, 294: 170, 295: 778, 296: 540, 297: 408, 298: 170, 299: 408, 300: 170, 301: 324, 302: 86, 303: 736, 304: 498, 305: 778, 306: 540, 307: 694, 308: 456, 309: 408, 310: 170, 311: 478, 312: 240, 313: 408, 314: 170, 315: 736, 316: 498, 317: 408, 318: 170, 319: 736, 320: 498, 321: 792, 322: 554, 323: 338, 324: 100, 325: 470, 326: 708, 327: 652, 328: 414, 329: 778, 330: 540, 331: 442, 332: 680, 333: 380, 334: 142, 335: 526, 336: 764, 337: 792, 338: 554, 339: 478, 340: 240, 341: 694, 342: 456, 343: 470, 344: 708, 345: 792, 346: 554, 347: 722, 348: 484, 349: 408, 350: 170, 351: 408, 352: 170, 353: 394, 354: 156, 355: 680, 356: 442, 357: 352, 358: 114, 359: 778, 360: 540, 361: 338, 362: 100, 363: 750, 364: 512, 365: 680, 366: 442, 367: 680, 368: 442, 369: 652, 370: 414, 371: 366, 372: 128, 373: 652, 374: 414, 375: 652, 376: 414, 377: 366, 378: 128, 379: 708, 380: 470, 381: 764, 382: 526, 383: 680, 384: 442, 385: 750, 386: 512, 387: 694, 388: 456, 389: 456, 390: 694, 391: 652, 392: 414, 393: 666, 394: 428, 395: 778, 396: 540, 397: 310, 398: 72, 399: 750, 400: 512}
Number of lables used:  40
Total time: 0.50 seconds
Memory used: 73.04 MB
--------------------------------------------------
Number of label variables:  48
Number of clauses for label constraints:  14624
Number of new variables for cardinality constraints:  1131
Number of clauses for cardinality constraints:  4446
Initial variable count:  15803
Initial clause count:  494899
--------------------------------------------------

Trying with at most 39 labels...
Solution:
{1: 380, 2: 142, 3: 338, 4: 100, 5: 156, 6: 394, 7: 296, 8: 58, 9: 296, 10: 58, 11: 254, 12: 16, 13: 652, 14: 414, 15: 254, 16: 16, 17: 296, 18: 58, 19: 268, 20: 30, 21: 324, 22: 86, 23: 352, 24: 114, 25: 282, 26: 44, 27: 282, 28: 44, 29: 394, 30: 156, 31: 268, 32: 30, 33: 414, 34: 652, 35: 414, 36: 652, 37: 142, 38: 380, 39: 254, 40: 16, 41: 254, 42: 16, 43: 414, 44: 652, 45: 268, 46: 30, 47: 310, 48: 72, 49: 282, 50: 44, 51: 324, 52: 86, 53: 240, 54: 478, 55: 254, 56: 16, 57: 352, 58: 114, 59: 338, 60: 100, 61: 310, 62: 72, 63: 428, 64: 666, 65: 324, 66: 86, 67: 310, 68: 72, 69: 268, 70: 30, 71: 240, 72: 478, 73: 352, 74: 114, 75: 310, 76: 72, 77: 352, 78: 114, 79: 428, 80: 666, 81: 282, 82: 44, 83: 324, 84: 86, 85: 394, 86: 156, 87: 414, 88: 652, 89: 310, 90: 72, 91: 428, 92: 666, 93: 296, 94: 58, 95: 352, 96: 114, 97: 310, 98: 72, 99: 282, 100: 44, 101: 282, 102: 44, 103: 128, 104: 366, 105: 310, 106: 72, 107: 324, 108: 86, 109: 254, 110: 16, 111: 414, 112: 652, 113: 282, 114: 44, 115: 310, 116: 72, 117: 114, 118: 352, 119: 240, 120: 478, 121: 414, 122: 652, 123: 414, 124: 652, 125: 428, 126: 666, 127: 428, 128: 666, 129: 240, 130: 478, 131: 254, 132: 16, 133: 338, 134: 100, 135: 380, 136: 142, 137: 268, 138: 30, 139: 268, 140: 30, 141: 268, 142: 30, 143: 428, 144: 666, 145: 296, 146: 58, 147: 310, 148: 72, 149: 156, 150: 394, 151: 324, 152: 86, 153: 428, 154: 666, 155: 240, 156: 478, 157: 324, 158: 86, 159: 428, 160: 666, 161: 394, 162: 156, 163: 240, 164: 478, 165: 338, 166: 100, 167: 296, 168: 58, 169: 338, 170: 100, 171: 428, 172: 666, 173: 428, 174: 666, 175: 414, 176: 652, 177: 338, 178: 100, 179: 240, 180: 478, 181: 428, 182: 666, 183: 352, 184: 114, 185: 282, 186: 44, 187: 310, 188: 72, 189: 240, 190: 478, 191: 366, 192: 128, 193: 156, 194: 394, 195: 296, 196: 58, 197: 254, 198: 16, 199: 324, 200: 86, 201: 366, 202: 128, 203: 428, 204: 666, 205: 338, 206: 100, 207: 428, 208: 666, 209: 254, 210: 16, 211: 428, 212: 666, 213: 240, 214: 478, 215: 366, 216: 128, 217: 310, 218: 72, 219: 428, 220: 666, 221: 428, 222: 666, 223: 100, 224: 338, 225: 414, 226: 652, 227: 380, 228: 142, 229: 254, 230: 16, 231: 58, 232: 296, 233: 268, 234: 30, 235: 268, 236: 30, 237: 282, 238: 44, 239: 324, 240: 86, 241: 652, 242: 414, 243: 268, 244: 30, 245: 324, 246: 86, 247: 240, 248: 478, 249: 324, 250: 86, 251: 324, 252: 86, 253: 338, 254: 100, 255: 478, 256: 240, 257: 268, 258: 30, 259: 240, 260: 478, 261: 428, 262: 666, 263: 240, 264: 478, 265: 240, 266: 478, 267: 58, 268: 296, 269: 428, 270: 666, 271: 428, 272: 666, 273: 282, 274: 44, 275: 428, 276: 666, 277: 324, 278: 86, 279: 282, 280: 44, 281: 114, 282: 352, 283: 282, 284: 44, 285: 240, 286: 478, 287: 296, 288: 58, 289: 254, 290: 16, 291: 240, 292: 478, 293: 240, 294: 478, 295: 310, 296: 72, 297: 240, 298: 478, 299: 380, 300: 142, 301: 268, 302: 30, 303: 324, 304: 86, 305: 268, 306: 30, 307: 268, 308: 30, 309: 240, 310: 478, 311: 380, 312: 142, 313: 380, 314: 142, 315: 268, 316: 30, 317: 380, 318: 142, 319: 296, 320: 58, 321: 428, 322: 666, 323: 268, 324: 30, 325: 254, 326: 16, 327: 268, 328: 30, 329: 310, 330: 72, 331: 268, 332: 30, 333: 428, 334: 666, 335: 428, 336: 666, 337: 428, 338: 666, 339: 380, 340: 142, 341: 268, 342: 30, 343: 428, 344: 666, 345: 268, 346: 30, 347: 142, 348: 380, 349: 240, 350: 478, 351: 380, 352: 142, 353: 428, 354: 666, 355: 282, 356: 44, 357: 428, 358: 666, 359: 268, 360: 30, 361: 268, 362: 30, 363: 428, 364: 666, 365: 414, 366: 652, 367: 428, 368: 666, 369: 268, 370: 30, 371: 428, 372: 666, 373: 268, 374: 30, 375: 254, 376: 16, 377: 268, 378: 30, 379: 414, 380: 652, 381: 414, 382: 652, 383: 428, 384: 666, 385: 428, 386: 666, 387: 428, 388: 666, 389: 428, 390: 666, 391: 428, 392: 666, 393: 428, 394: 666, 395: 428, 396: 666, 397: 254, 398: 16, 399: 428, 400: 666}
Number of lables used:  28
Total time: 0.52 seconds
Memory used: 75.45 MB
--------------------------------------------------

Trying with at most 27 labels...
Solution:
{1: 380, 2: 142, 3: 338, 4: 100, 5: 338, 6: 100, 7: 296, 8: 58, 9: 296, 10: 58, 11: 254, 12: 16, 13: 652, 14: 414, 15: 254, 16: 16, 17: 296, 18: 58, 19: 268, 20: 30, 21: 324, 22: 86, 23: 338, 24: 100, 25: 282, 26: 44, 27: 282, 28: 44, 29: 394, 30: 156, 31: 268, 32: 30, 33: 414, 34: 652, 35: 414, 36: 652, 37: 142, 38: 380, 39: 254, 40: 16, 41: 254, 42: 16, 43: 414, 44: 652, 45: 268, 46: 30, 47: 310, 48: 72, 49: 128, 50: 366, 51: 324, 52: 86, 53: 240, 54: 478, 55: 254, 56: 16, 57: 366, 58: 128, 59: 338, 60: 100, 61: 310, 62: 72, 63: 428, 64: 666, 65: 324, 66: 86, 67: 310, 68: 72, 69: 268, 70: 30, 71: 240, 72: 478, 73: 366, 74: 128, 75: 652, 76: 414, 77: 366, 78: 128, 79: 428, 80: 666, 81: 282, 82: 44, 83: 324, 84: 86, 85: 394, 86: 156, 87: 414, 88: 652, 89: 310, 90: 72, 91: 428, 92: 666, 93: 296, 94: 58, 95: 156, 96: 394, 97: 310, 98: 72, 99: 282, 100: 44, 101: 282, 102: 44, 103: 16, 104: 254, 105: 310, 106: 72, 107: 324, 108: 86, 109: 254, 110: 16, 111: 414, 112: 652, 113: 282, 114: 44, 115: 310, 116: 72, 117: 128, 118: 366, 119: 240, 120: 478, 121: 414, 122: 652, 123: 414, 124: 652, 125: 428, 126: 666, 127: 428, 128: 666, 129: 240, 130: 478, 131: 254, 132: 16, 133: 338, 134: 100, 135: 380, 136: 142, 137: 268, 138: 30, 139: 268, 140: 30, 141: 268, 142: 30, 143: 428, 144: 666, 145: 296, 146: 58, 147: 310, 148: 72, 149: 156, 150: 394, 151: 324, 152: 86, 153: 428, 154: 666, 155: 240, 156: 478, 157: 324, 158: 86, 159: 428, 160: 666, 161: 394, 162: 156, 163: 240, 164: 478, 165: 338, 166: 100, 167: 296, 168: 58, 169: 338, 170: 100, 171: 428, 172: 666, 173: 428, 174: 666, 175: 414, 176: 652, 177: 338, 178: 100, 179: 240, 180: 478, 181: 428, 182: 666, 183: 338, 184: 100, 185: 282, 186: 44, 187: 310, 188: 72, 189: 240, 190: 478, 191: 366, 192: 128, 193: 156, 194: 394, 195: 296, 196: 58, 197: 254, 198: 16, 199: 324, 200: 86, 201: 366, 202: 128, 203: 428, 204: 666, 205: 338, 206: 100, 207: 428, 208: 666, 209: 254, 210: 16, 211: 428, 212: 666, 213: 240, 214: 478, 215: 366, 216: 128, 217: 310, 218: 72, 219: 428, 220: 666, 221: 428, 222: 666, 223: 100, 224: 338, 225: 414, 226: 652, 227: 380, 228: 142, 229: 254, 230: 16, 231: 58, 232: 296, 233: 268, 234: 30, 235: 268, 236: 30, 237: 282, 238: 44, 239: 324, 240: 86, 241: 652, 242: 414, 243: 268, 244: 30, 245: 324, 246: 86, 247: 240, 248: 478, 249: 324, 250: 86, 251: 324, 252: 86, 253: 338, 254: 100, 255: 478, 256: 240, 257: 268, 258: 30, 259: 240, 260: 478, 261: 428, 262: 666, 263: 240, 264: 478, 265: 240, 266: 478, 267: 58, 268: 296, 269: 428, 270: 666, 271: 428, 272: 666, 273: 282, 274: 44, 275: 428, 276: 666, 277: 324, 278: 86, 279: 282, 280: 44, 281: 128, 282: 366, 283: 282, 284: 44, 285: 240, 286: 478, 287: 296, 288: 58, 289: 72, 290: 310, 291: 240, 292: 478, 293: 240, 294: 478, 295: 310, 296: 72, 297: 240, 298: 478, 299: 478, 300: 240, 301: 268, 302: 30, 303: 324, 304: 86, 305: 268, 306: 30, 307: 268, 308: 30, 309: 240, 310: 478, 311: 380, 312: 142, 313: 380, 314: 142, 315: 268, 316: 30, 317: 380, 318: 142, 319: 296, 320: 58, 321: 428, 322: 666, 323: 268, 324: 30, 325: 254, 326: 16, 327: 268, 328: 30, 329: 324, 330: 86, 331: 268, 332: 30, 333: 428, 334: 666, 335: 428, 336: 666, 337: 428, 338: 666, 339: 380, 340: 142, 341: 268, 342: 30, 343: 428, 344: 666, 345: 30, 346: 268, 347: 142, 348: 380, 349: 240, 350: 478, 351: 380, 352: 142, 353: 428, 354: 666, 355: 282, 356: 44, 357: 428, 358: 666, 359: 268, 360: 30, 361: 268, 362: 30, 363: 428, 364: 666, 365: 414, 366: 652, 367: 428, 368: 666, 369: 268, 370: 30, 371: 428, 372: 666, 373: 268, 374: 30, 375: 254, 376: 16, 377: 268, 378: 30, 379: 414, 380: 652, 381: 414, 382: 652, 383: 428, 384: 666, 385: 428, 386: 666, 387: 428, 388: 666, 389: 72, 390: 310, 391: 428, 392: 666, 393: 428, 394: 666, 395: 428, 396: 666, 397: 254, 398: 16, 399: 428, 400: 666}
Number of lables used:  26
Total time: 0.52 seconds
Memory used: 75.47 MB
--------------------------------------------------

Trying with at most 25 labels...
Solution:
{1: 380, 2: 142, 3: 338, 4: 100, 5: 338, 6: 100, 7: 296, 8: 58, 9: 296, 10: 58, 11: 254, 12: 16, 13: 652, 14: 414, 15: 254, 16: 16, 17: 296, 18: 58, 19: 268, 20: 30, 21: 324, 22: 86, 23: 338, 24: 100, 25: 296, 26: 58, 27: 58, 28: 296, 29: 254, 30: 16, 31: 268, 32: 30, 33: 414, 34: 652, 35: 414, 36: 652, 37: 142, 38: 380, 39: 254, 40: 16, 41: 254, 42: 16, 43: 414, 44: 652, 45: 268, 46: 30, 47: 310, 48: 72, 49: 128, 50: 366, 51: 324, 52: 86, 53: 240, 54: 478, 55: 254, 56: 16, 57: 366, 58: 128, 59: 338, 60: 100, 61: 310, 62: 72, 63: 428, 64: 666, 65: 324, 66: 86, 67: 58, 68: 296, 69: 268, 70: 30, 71: 240, 72: 478, 73: 366, 74: 128, 75: 652, 76: 414, 77: 366, 78: 128, 79: 428, 80: 666, 81: 100, 82: 338, 83: 324, 84: 86, 85: 394, 86: 156, 87: 414, 88: 652, 89: 310, 90: 72, 91: 428, 92: 666, 93: 296, 94: 58, 95: 156, 96: 394, 97: 310, 98: 72, 99: 156, 100: 394, 101: 58, 102: 296, 103: 16, 104: 254, 105: 310, 106: 72, 107: 324, 108: 86, 109: 254, 110: 16, 111: 414, 112: 652, 113: 72, 114: 310, 115: 310, 116: 72, 117: 156, 118: 394, 119: 240, 120: 478, 121: 414, 122: 652, 123: 414, 124: 652, 125: 428, 126: 666, 127: 428, 128: 666, 129: 240, 130: 478, 131: 254, 132: 16, 133: 338, 134: 100, 135: 380, 136: 142, 137: 268, 138: 30, 139: 268, 140: 30, 141: 268, 142: 30, 143: 428, 144: 666, 145: 296, 146: 58, 147: 310, 148: 72, 149: 156, 150: 394, 151: 324, 152: 86, 153: 428, 154: 666, 155: 240, 156: 478, 157: 324, 158: 86, 159: 428, 160: 666, 161: 394, 162: 156, 163: 240, 164: 478, 165: 338, 166: 100, 167: 296, 168: 58, 169: 338, 170: 100, 171: 428, 172: 666, 173: 428, 174: 666, 175: 414, 176: 652, 177: 338, 178: 100, 179: 240, 180: 478, 181: 428, 182: 666, 183: 338, 184: 100, 185: 58, 186: 296, 187: 414, 188: 652, 189: 240, 190: 478, 191: 366, 192: 128, 193: 156, 194: 394, 195: 296, 196: 58, 197: 254, 198: 16, 199: 324, 200: 86, 201: 366, 202: 128, 203: 428, 204: 666, 205: 338, 206: 100, 207: 428, 208: 666, 209: 254, 210: 16, 211: 428, 212: 666, 213: 240, 214: 478, 215: 366, 216: 128, 217: 310, 218: 72, 219: 428, 220: 666, 221: 428, 222: 666, 223: 100, 224: 338, 225: 414, 226: 652, 227: 380, 228: 142, 229: 254, 230: 16, 231: 58, 232: 296, 233: 268, 234: 30, 235: 268, 236: 30, 237: 128, 238: 366, 239: 324, 240: 86, 241: 652, 242: 414, 243: 268, 244: 30, 245: 324, 246: 86, 247: 240, 248: 478, 249: 72, 250: 310, 251: 324, 252: 86, 253: 338, 254: 100, 255: 478, 256: 240, 257: 268, 258: 30, 259: 240, 260: 478, 261: 428, 262: 666, 263: 240, 264: 478, 265: 240, 266: 478, 267: 58, 268: 296, 269: 428, 270: 666, 271: 428, 272: 666, 273: 58, 274: 296, 275: 428, 276: 666, 277: 324, 278: 86, 279: 58, 280: 296, 281: 128, 282: 366, 283: 30, 284: 268, 285: 240, 286: 478, 287: 296, 288: 58, 289: 72, 290: 310, 291: 240, 292: 478, 293: 240, 294: 478, 295: 310, 296: 72, 297: 240, 298: 478, 299: 478, 300: 240, 301: 268, 302: 30, 303: 128, 304: 366, 305: 268, 306: 30, 307: 268, 308: 30, 309: 240, 310: 478, 311: 380, 312: 142, 313: 380, 314: 142, 315: 268, 316: 30, 317: 380, 318: 142, 319: 296, 320: 58, 321: 428, 322: 666, 323: 268, 324: 30, 325: 254, 326: 16, 327: 268, 328: 30, 329: 324, 330: 86, 331: 268, 332: 30, 333: 428, 334: 666, 335: 428, 336: 666, 337: 428, 338: 666, 339: 380, 340: 142, 341: 268, 342: 30, 343: 428, 344: 666, 345: 30, 346: 268, 347: 142, 348: 380, 349: 240, 350: 478, 351: 380, 352: 142, 353: 428, 354: 666, 355: 30, 356: 268, 357: 428, 358: 666, 359: 58, 360: 296, 361: 268, 362: 30, 363: 428, 364: 666, 365: 366, 366: 128, 367: 428, 368: 666, 369: 268, 370: 30, 371: 428, 372: 666, 373: 268, 374: 30, 375: 254, 376: 16, 377: 268, 378: 30, 379: 414, 380: 652, 381: 414, 382: 652, 383: 428, 384: 666, 385: 428, 386: 666, 387: 428, 388: 666, 389: 72, 390: 310, 391: 428, 392: 666, 393: 428, 394: 666, 395: 428, 396: 666, 397: 254, 398: 16, 399: 428, 400: 666}
Number of lables used:  24
Total time: 0.52 seconds
Memory used: 75.47 MB
--------------------------------------------------

Trying with at most 23 labels...
Solution:
{1: 394, 2: 156, 3: 338, 4: 100, 5: 338, 6: 100, 7: 296, 8: 58, 9: 296, 10: 58, 11: 254, 12: 16, 13: 652, 14: 414, 15: 254, 16: 16, 17: 296, 18: 58, 19: 268, 20: 30, 21: 324, 22: 86, 23: 338, 24: 100, 25: 296, 26: 58, 27: 58, 28: 296, 29: 254, 30: 16, 31: 268, 32: 30, 33: 414, 34: 652, 35: 414, 36: 652, 37: 254, 38: 16, 39: 254, 40: 16, 41: 254, 42: 16, 43: 414, 44: 652, 45: 268, 46: 30, 47: 310, 48: 72, 49: 128, 50: 366, 51: 324, 52: 86, 53: 240, 54: 478, 55: 254, 56: 16, 57: 366, 58: 128, 59: 338, 60: 100, 61: 310, 62: 72, 63: 428, 64: 666, 65: 324, 66: 86, 67: 58, 68: 296, 69: 268, 70: 30, 71: 240, 72: 478, 73: 366, 74: 128, 75: 652, 76: 414, 77: 366, 78: 128, 79: 428, 80: 666, 81: 100, 82: 338, 83: 324, 84: 86, 85: 394, 86: 156, 87: 414, 88: 652, 89: 310, 90: 72, 91: 428, 92: 666, 93: 296, 94: 58, 95: 156, 96: 394, 97: 310, 98: 72, 99: 156, 100: 394, 101: 58, 102: 296, 103: 16, 104: 254, 105: 310, 106: 72, 107: 324, 108: 86, 109: 58, 110: 296, 111: 414, 112: 652, 113: 72, 114: 310, 115: 310, 116: 72, 117: 156, 118: 394, 119: 240, 120: 478, 121: 414, 122: 652, 123: 414, 124: 652, 125: 428, 126: 666, 127: 428, 128: 666, 129: 240, 130: 478, 131: 254, 132: 16, 133: 338, 134: 100, 135: 240, 136: 478, 137: 268, 138: 30, 139: 268, 140: 30, 141: 310, 142: 72, 143: 428, 144: 666, 145: 296, 146: 58, 147: 310, 148: 72, 149: 156, 150: 394, 151: 324, 152: 86, 153: 428, 154: 666, 155: 240, 156: 478, 157: 324, 158: 86, 159: 428, 160: 666, 161: 394, 162: 156, 163: 240, 164: 478, 165: 338, 166: 100, 167: 296, 168: 58, 169: 338, 170: 100, 171: 428, 172: 666, 173: 428, 174: 666, 175: 414, 176: 652, 177: 338, 178: 100, 179: 240, 180: 478, 181: 428, 182: 666, 183: 338, 184: 100, 185: 58, 186: 296, 187: 414, 188: 652, 189: 240, 190: 478, 191: 366, 192: 128, 193: 156, 194: 394, 195: 296, 196: 58, 197: 254, 198: 16, 199: 324, 200: 86, 201: 366, 202: 128, 203: 428, 204: 666, 205: 338, 206: 100, 207: 428, 208: 666, 209: 254, 210: 16, 211: 428, 212: 666, 213: 240, 214: 478, 215: 366, 216: 128, 217: 310, 218: 72, 219: 428, 220: 666, 221: 428, 222: 666, 223: 100, 224: 338, 225: 414, 226: 652, 227: 478, 228: 240, 229: 254, 230: 16, 231: 58, 232: 296, 233: 268, 234: 30, 235: 268, 236: 30, 237: 128, 238: 366, 239: 324, 240: 86, 241: 652, 242: 414, 243: 268, 244: 30, 245: 324, 246: 86, 247: 240, 248: 478, 249: 72, 250: 310, 251: 324, 252: 86, 253: 338, 254: 100, 255: 478, 256: 240, 257: 268, 258: 30, 259: 240, 260: 478, 261: 428, 262: 666, 263: 240, 264: 478, 265: 240, 266: 478, 267: 58, 268: 296, 269: 428, 270: 666, 271: 428, 272: 666, 273: 58, 274: 296, 275: 428, 276: 666, 277: 324, 278: 86, 279: 58, 280: 296, 281: 128, 282: 366, 283: 30, 284: 268, 285: 240, 286: 478, 287: 296, 288: 58, 289: 72, 290: 310, 291: 240, 292: 478, 293: 240, 294: 478, 295: 72, 296: 310, 297: 240, 298: 478, 299: 478, 300: 240, 301: 268, 302: 30, 303: 128, 304: 366, 305: 268, 306: 30, 307: 268, 308: 30, 309: 240, 310: 478, 311: 478, 312: 240, 313: 478, 314: 240, 315: 30, 316: 268, 317: 478, 318: 240, 319: 128, 320: 366, 321: 428, 322: 666, 323: 268, 324: 30, 325: 254, 326: 16, 327: 268, 328: 30, 329: 324, 330: 86, 331: 268, 332: 30, 333: 428, 334: 666, 335: 428, 336: 666, 337: 428, 338: 666, 339: 240, 340: 478, 341: 268, 342: 30, 343: 428, 344: 666, 345: 30, 346: 268, 347: 86, 348: 324, 349: 240, 350: 478, 351: 240, 352: 478, 353: 428, 354: 666, 355: 30, 356: 268, 357: 428, 358: 666, 359: 58, 360: 296, 361: 268, 362: 30, 363: 428, 364: 666, 365: 366, 366: 128, 367: 428, 368: 666, 369: 30, 370: 268, 371: 428, 372: 666, 373: 268, 374: 30, 375: 254, 376: 16, 377: 268, 378: 30, 379: 414, 380: 652, 381: 414, 382: 652, 383: 428, 384: 666, 385: 428, 386: 666, 387: 428, 388: 666, 389: 72, 390: 310, 391: 428, 392: 666, 393: 428, 394: 666, 395: 428, 396: 666, 397: 254, 398: 16, 399: 428, 400: 666}
Number of lables used:  22
Total time: 0.53 seconds
Memory used: 75.47 MB
--------------------------------------------------

Trying with at most 21 labels...
Solution:
{1: 16, 2: 254, 3: 338, 4: 100, 5: 338, 6: 100, 7: 296, 8: 58, 9: 58, 10: 296, 11: 254, 12: 16, 13: 58, 14: 296, 15: 254, 16: 16, 17: 296, 18: 58, 19: 58, 20: 296, 21: 58, 22: 296, 23: 338, 24: 100, 25: 296, 26: 58, 27: 58, 28: 296, 29: 254, 30: 16, 31: 268, 32: 30, 33: 414, 34: 652, 35: 414, 36: 652, 37: 652, 38: 414, 39: 100, 40: 338, 41: 254, 42: 16, 43: 414, 44: 652, 45: 268, 46: 30, 47: 310, 48: 72, 49: 414, 50: 652, 51: 72, 52: 310, 53: 240, 54: 478, 55: 254, 56: 16, 57: 366, 58: 128, 59: 338, 60: 100, 61: 310, 62: 72, 63: 338, 64: 100, 65: 72, 66: 310, 67: 554, 68: 792, 69: 16, 70: 254, 71: 170, 72: 408, 73: 366, 74: 128, 75: 128, 76: 366, 77: 58, 78: 296, 79: 310, 80: 72, 81: 100, 82: 338, 83: 268, 84: 30, 85: 254, 86: 16, 87: 414, 88: 652, 89: 100, 90: 338, 91: 296, 92: 58, 93: 296, 94: 58, 95: 366, 96: 128, 97: 128, 98: 366, 99: 366, 100: 128, 101: 268, 102: 30, 103: 58, 104: 296, 105: 310, 106: 72, 107: 338, 108: 100, 109: 16, 110: 254, 111: 414, 112: 652, 113: 296, 114: 58, 115: 310, 116: 72, 117: 128, 118: 366, 119: 478, 120: 240, 121: 268, 122: 30, 123: 414, 124: 652, 125: 30, 126: 268, 127: 310, 128: 72, 129: 170, 130: 408, 131: 254, 132: 16, 133: 310, 134: 72, 135: 240, 136: 478, 137: 268, 138: 30, 139: 268, 140: 30, 141: 128, 142: 366, 143: 268, 144: 30, 145: 296, 146: 58, 147: 310, 148: 72, 149: 268, 150: 30, 151: 58, 152: 296, 153: 16, 154: 254, 155: 170, 156: 408, 157: 310, 158: 72, 159: 254, 160: 16, 161: 58, 162: 296, 163: 478, 164: 240, 165: 128, 166: 366, 167: 30, 168: 268, 169: 310, 170: 72, 171: 30, 172: 268, 173: 128, 174: 366, 175: 366, 176: 128, 177: 58, 178: 296, 179: 170, 180: 408, 181: 296, 182: 58, 183: 554, 184: 792, 185: 58, 186: 296, 187: 72, 188: 310, 189: 408, 190: 170, 191: 652, 192: 414, 193: 128, 194: 366, 195: 296, 196: 58, 197: 100, 198: 338, 199: 16, 200: 254, 201: 30, 202: 268, 203: 296, 204: 58, 205: 16, 206: 254, 207: 268, 208: 30, 209: 16, 210: 254, 211: 268, 212: 30, 213: 170, 214: 408, 215: 72, 216: 310, 217: 128, 218: 366, 219: 296, 220: 58, 221: 792, 222: 554, 223: 792, 224: 554, 225: 414, 226: 652, 227: 408, 228: 170, 229: 16, 230: 254, 231: 16, 232: 254, 233: 128, 234: 366, 235: 296, 236: 58, 237: 128, 238: 366, 239: 338, 240: 100, 241: 128, 242: 366, 243: 128, 244: 366, 245: 310, 246: 72, 247: 170, 248: 408, 249: 366, 250: 128, 251: 310, 252: 72, 253: 310, 254: 72, 255: 170, 256: 408, 257: 268, 258: 30, 259: 408, 260: 170, 261: 414, 262: 652, 263: 170, 264: 408, 265: 170, 266: 408, 267: 268, 268: 30, 269: 310, 270: 72, 271: 296, 272: 58, 273: 58, 274: 296, 275: 72, 276: 310, 277: 338, 278: 100, 279: 366, 280: 128, 281: 100, 282: 338, 283: 100, 284: 338, 285: 478, 286: 240, 287: 366, 288: 128, 289: 310, 290: 72, 291: 408, 292: 170, 293: 170, 294: 408, 295: 30, 296: 268, 297: 170, 298: 408, 299: 170, 300: 408, 301: 652, 302: 414, 303: 16, 304: 254, 305: 268, 306: 30, 307: 268, 308: 30, 309: 170, 310: 408, 311: 240, 312: 478, 313: 170, 314: 408, 315: 128, 316: 366, 317: 240, 318: 478, 319: 30, 320: 268, 321: 16, 322: 254, 323: 652, 324: 414, 325: 554, 326: 792, 327: 100, 328: 338, 329: 366, 330: 128, 331: 268, 332: 30, 333: 652, 334: 414, 335: 16, 336: 254, 337: 296, 338: 58, 339: 240, 340: 478, 341: 268, 342: 30, 343: 310, 344: 72, 345: 72, 346: 310, 347: 100, 348: 338, 349: 408, 350: 170, 351: 408, 352: 170, 353: 414, 354: 652, 355: 58, 356: 296, 357: 554, 358: 792, 359: 72, 360: 310, 361: 128, 362: 366, 363: 310, 364: 72, 365: 554, 366: 792, 367: 72, 368: 310, 369: 58, 370: 296, 371: 652, 372: 414, 373: 268, 374: 30, 375: 254, 376: 16, 377: 414, 378: 652, 379: 128, 380: 366, 381: 414, 382: 652, 383: 16, 384: 254, 385: 128, 386: 366, 387: 268, 388: 30, 389: 72, 390: 310, 391: 16, 392: 254, 393: 652, 394: 414, 395: 338, 396: 100, 397: 554, 398: 792, 399: 366, 400: 128}
Number of lables used:  20
Total time: 0.53 seconds
Memory used: 75.51 MB
--------------------------------------------------

Trying with at most 19 labels...
Solution:
{1: 16, 2: 254, 3: 554, 4: 792, 5: 338, 6: 100, 7: 296, 8: 58, 9: 58, 10: 296, 11: 254, 12: 16, 13: 58, 14: 296, 15: 254, 16: 16, 17: 338, 18: 100, 19: 58, 20: 296, 21: 58, 22: 296, 23: 338, 24: 100, 25: 296, 26: 58, 27: 58, 28: 296, 29: 254, 30: 16, 31: 268, 32: 30, 33: 414, 34: 652, 35: 58, 36: 296, 37: 652, 38: 414, 39: 100, 40: 338, 41: 254, 42: 16, 43: 254, 44: 16, 45: 100, 46: 338, 47: 310, 48: 72, 49: 414, 50: 652, 51: 72, 52: 310, 53: 170, 54: 408, 55: 254, 56: 16, 57: 366, 58: 128, 59: 338, 60: 100, 61: 310, 62: 72, 63: 338, 64: 100, 65: 72, 66: 310, 67: 554, 68: 792, 69: 16, 70: 254, 71: 170, 72: 408, 73: 366, 74: 128, 75: 128, 76: 366, 77: 58, 78: 296, 79: 310, 80: 72, 81: 100, 82: 338, 83: 268, 84: 30, 85: 254, 86: 16, 87: 414, 88: 652, 89: 100, 90: 338, 91: 296, 92: 58, 93: 296, 94: 58, 95: 366, 96: 128, 97: 128, 98: 366, 99: 366, 100: 128, 101: 268, 102: 30, 103: 58, 104: 296, 105: 310, 106: 72, 107: 338, 108: 100, 109: 16, 110: 254, 111: 268, 112: 30, 113: 296, 114: 58, 115: 310, 116: 72, 117: 128, 118: 366, 119: 170, 120: 408, 121: 268, 122: 30, 123: 414, 124: 652, 125: 30, 126: 268, 127: 310, 128: 72, 129: 170, 130: 408, 131: 254, 132: 16, 133: 310, 134: 72, 135: 408, 136: 170, 137: 268, 138: 30, 139: 268, 140: 30, 141: 414, 142: 652, 143: 268, 144: 30, 145: 296, 146: 58, 147: 310, 148: 72, 149: 366, 150: 128, 151: 58, 152: 296, 153: 16, 154: 254, 155: 170, 156: 408, 157: 310, 158: 72, 159: 254, 160: 16, 161: 58, 162: 296, 163: 170, 164: 408, 165: 128, 166: 366, 167: 30, 168: 268, 169: 310, 170: 72, 171: 30, 172: 268, 173: 128, 174: 366, 175: 366, 176: 128, 177: 58, 178: 296, 179: 170, 180: 408, 181: 296, 182: 58, 183: 554, 184: 792, 185: 58, 186: 296, 187: 72, 188: 310, 189: 408, 190: 170, 191: 792, 192: 554, 193: 128, 194: 366, 195: 296, 196: 58, 197: 100, 198: 338, 199: 16, 200: 254, 201: 30, 202: 268, 203: 296, 204: 58, 205: 16, 206: 254, 207: 268, 208: 30, 209: 16, 210: 254, 211: 268, 212: 30, 213: 170, 214: 408, 215: 72, 216: 310, 217: 128, 218: 366, 219: 296, 220: 58, 221: 792, 222: 554, 223: 792, 224: 554, 225: 414, 226: 652, 227: 170, 228: 408, 229: 16, 230: 254, 231: 16, 232: 254, 233: 128, 234: 366, 235: 296, 236: 58, 237: 128, 238: 366, 239: 338, 240: 100, 241: 128, 242: 366, 243: 128, 244: 366, 245: 296, 246: 58, 247: 170, 248: 408, 249: 366, 250: 128, 251: 310, 252: 72, 253: 310, 254: 72, 255: 170, 256: 408, 257: 268, 258: 30, 259: 408, 260: 170, 261: 414, 262: 652, 263: 170, 264: 408, 265: 170, 266: 408, 267: 268, 268: 30, 269: 310, 270: 72, 271: 296, 272: 58, 273: 58, 274: 296, 275: 72, 276: 310, 277: 338, 278: 100, 279: 366, 280: 128, 281: 100, 282: 338, 283: 100, 284: 338, 285: 170, 286: 408, 287: 16, 288: 254, 289: 310, 290: 72, 291: 408, 292: 170, 293: 170, 294: 408, 295: 30, 296: 268, 297: 170, 298: 408, 299: 170, 300: 408, 301: 652, 302: 414, 303: 16, 304: 254, 305: 268, 306: 30, 307: 268, 308: 30, 309: 170, 310: 408, 311: 170, 312: 408, 313: 170, 314: 408, 315: 128, 316: 366, 317: 170, 318: 408, 319: 30, 320: 268, 321: 16, 322: 254, 323: 652, 324: 414, 325: 554, 326: 792, 327: 100, 328: 338, 329: 366, 330: 128, 331: 268, 332: 30, 333: 652, 334: 414, 335: 16, 336: 254, 337: 296, 338: 58, 339: 170, 340: 408, 341: 268, 342: 30, 343: 310, 344: 72, 345: 72, 346: 310, 347: 100, 348: 338, 349: 408, 350: 170, 351: 408, 352: 170, 353: 414, 354: 652, 355: 58, 356: 296, 357: 414, 358: 652, 359: 72, 360: 310, 361: 100, 362: 338, 363: 310, 364: 72, 365: 554, 366: 792, 367: 72, 368: 310, 369: 58, 370: 296, 371: 652, 372: 414, 373: 268, 374: 30, 375: 254, 376: 16, 377: 414, 378: 652, 379: 128, 380: 366, 381: 414, 382: 652, 383: 16, 384: 254, 385: 128, 386: 366, 387: 268, 388: 30, 389: 72, 390: 310, 391: 16, 392: 254, 393: 652, 394: 414, 395: 366, 396: 128, 397: 554, 398: 792, 399: 366, 400: 128}
Number of lables used:  18
Total time: 0.54 seconds
Memory used: 75.52 MB
--------------------------------------------------

Trying with at most 17 labels...
Solution:
{1: 652, 2: 414, 3: 554, 4: 792, 5: 268, 6: 30, 7: 100, 8: 338, 9: 366, 10: 128, 11: 100, 12: 338, 13: 72, 14: 310, 15: 156, 16: 394, 17: 338, 18: 100, 19: 30, 20: 268, 21: 72, 22: 310, 23: 338, 24: 100, 25: 268, 26: 30, 27: 30, 28: 268, 29: 338, 30: 100, 31: 268, 32: 30, 33: 30, 34: 268, 35: 72, 36: 310, 37: 30, 38: 268, 39: 100, 40: 338, 41: 414, 42: 652, 43: 72, 44: 310, 45: 100, 46: 338, 47: 156, 48: 394, 49: 30, 50: 268, 51: 554, 52: 792, 53: 240, 54: 478, 55: 310, 56: 72, 57: 72, 58: 310, 59: 338, 60: 100, 61: 310, 62: 72, 63: 310, 64: 72, 65: 128, 66: 366, 67: 394, 68: 156, 69: 30, 70: 268, 71: 240, 72: 478, 73: 310, 74: 72, 75: 72, 76: 310, 77: 72, 78: 310, 79: 394, 80: 156, 81: 156, 82: 394, 83: 72, 84: 310, 85: 156, 86: 394, 87: 72, 88: 310, 89: 554, 90: 792, 91: 366, 92: 128, 93: 30, 94: 268, 95: 72, 96: 310, 97: 100, 98: 338, 99: 128, 100: 366, 101: 554, 102: 792, 103: 128, 104: 366, 105: 310, 106: 72, 107: 100, 108: 338, 109: 72, 110: 310, 111: 652, 112: 414, 113: 128, 114: 366, 115: 310, 116: 72, 117: 156, 118: 394, 119: 478, 120: 240, 121: 268, 122: 30, 123: 310, 124: 72, 125: 30, 126: 268, 127: 310, 128: 72, 129: 240, 130: 478, 131: 554, 132: 792, 133: 554, 134: 792, 135: 240, 136: 478, 137: 268, 138: 30, 139: 268, 140: 30, 141: 156, 142: 394, 143: 100, 144: 338, 145: 100, 146: 338, 147: 72, 148: 310, 149: 268, 150: 30, 151: 310, 152: 72, 153: 128, 154: 366, 155: 478, 156: 240, 157: 310, 158: 72, 159: 268, 160: 30, 161: 268, 162: 30, 163: 478, 164: 240, 165: 72, 166: 310, 167: 30, 168: 268, 169: 366, 170: 128, 171: 30, 172: 268, 173: 128, 174: 366, 175: 156, 176: 394, 177: 72, 178: 310, 179: 240, 180: 478, 181: 268, 182: 30, 183: 554, 184: 792, 185: 100, 186: 338, 187: 100, 188: 338, 189: 478, 190: 240, 191: 792, 192: 554, 193: 100, 194: 338, 195: 72, 196: 310, 197: 100, 198: 338, 199: 128, 200: 366, 201: 554, 202: 792, 203: 366, 204: 128, 205: 414, 206: 652, 207: 394, 208: 156, 209: 394, 210: 156, 211: 268, 212: 30, 213: 240, 214: 478, 215: 554, 216: 792, 217: 30, 218: 268, 219: 268, 220: 30, 221: 100, 222: 338, 223: 792, 224: 554, 225: 156, 226: 394, 227: 478, 228: 240, 229: 128, 230: 366, 231: 338, 232: 100, 233: 30, 234: 268, 235: 30, 236: 268, 237: 128, 238: 366, 239: 394, 240: 156, 241: 156, 242: 394, 243: 30, 244: 268, 245: 72, 246: 310, 247: 240, 248: 478, 249: 30, 250: 268, 251: 128, 252: 366, 253: 652, 254: 414, 255: 478, 256: 240, 257: 268, 258: 30, 259: 478, 260: 240, 261: 414, 262: 652, 263: 240, 264: 478, 265: 240, 266: 478, 267: 554, 268: 792, 269: 338, 270: 100, 271: 338, 272: 100, 273: 30, 274: 268, 275: 310, 276: 72, 277: 310, 278: 72, 279: 366, 280: 128, 281: 100, 282: 338, 283: 100, 284: 338, 285: 478, 286: 240, 287: 394, 288: 156, 289: 554, 290: 792, 291: 478, 292: 240, 293: 240, 294: 478, 295: 100, 296: 338, 297: 240, 298: 478, 299: 478, 300: 240, 301: 338, 302: 100, 303: 128, 304: 366, 305: 72, 306: 310, 307: 366, 308: 128, 309: 240, 310: 478, 311: 478, 312: 240, 313: 240, 314: 478, 315: 156, 316: 394, 317: 478, 318: 240, 319: 72, 320: 310, 321: 30, 322: 268, 323: 128, 324: 366, 325: 394, 326: 156, 327: 128, 328: 366, 329: 72, 330: 310, 331: 394, 332: 156, 333: 414, 334: 652, 335: 30, 336: 268, 337: 268, 338: 30, 339: 478, 340: 240, 341: 268, 342: 30, 343: 366, 344: 128, 345: 72, 346: 310, 347: 100, 348: 338, 349: 240, 350: 478, 351: 240, 352: 478, 353: 100, 354: 338, 355: 268, 356: 30, 357: 72, 358: 310, 359: 72, 360: 310, 361: 128, 362: 366, 363: 30, 364: 268, 365: 554, 366: 792, 367: 30, 368: 268, 369: 30, 370: 268, 371: 128, 372: 366, 373: 268, 374: 30, 375: 414, 376: 652, 377: 72, 378: 310, 379: 366, 380: 128, 381: 652, 382: 414, 383: 30, 384: 268, 385: 30, 386: 268, 387: 72, 388: 310, 389: 156, 390: 394, 391: 394, 392: 156, 393: 310, 394: 72, 395: 366, 396: 128, 397: 554, 398: 792, 399: 310, 400: 72}
Number of lables used:  16
Total time: 0.56 seconds
Memory used: 75.52 MB
--------------------------------------------------

Trying with at most 15 labels...
Solution:
{1: 296, 2: 58, 3: 30, 4: 268, 5: 394, 6: 156, 7: 128, 8: 366, 9: 366, 10: 128, 11: 268, 12: 30, 13: 156, 14: 394, 15: 296, 16: 58, 17: 456, 18: 694, 19: 58, 20: 296, 21: 30, 22: 268, 23: 58, 24: 296, 25: 268, 26: 30, 27: 128, 28: 366, 29: 456, 30: 694, 31: 456, 32: 694, 33: 30, 34: 268, 35: 58, 36: 296, 37: 30, 38: 268, 39: 128, 40: 366, 41: 554, 42: 792, 43: 394, 44: 156, 45: 58, 46: 296, 47: 128, 48: 366, 49: 58, 50: 296, 51: 30, 52: 268, 53: 240, 54: 478, 55: 268, 56: 30, 57: 58, 58: 296, 59: 30, 60: 268, 61: 58, 62: 296, 63: 296, 64: 58, 65: 366, 66: 128, 67: 554, 68: 792, 69: 128, 70: 366, 71: 240, 72: 478, 73: 268, 74: 30, 75: 128, 76: 366, 77: 296, 78: 58, 79: 694, 80: 456, 81: 156, 82: 394, 83: 128, 84: 366, 85: 156, 86: 394, 87: 128, 88: 366, 89: 694, 90: 456, 91: 366, 92: 128, 93: 128, 94: 366, 95: 58, 96: 296, 97: 268, 98: 30, 99: 128, 100: 366, 101: 268, 102: 30, 103: 156, 104: 394, 105: 30, 106: 268, 107: 30, 108: 268, 109: 30, 110: 268, 111: 554, 112: 792, 113: 268, 114: 30, 115: 58, 116: 296, 117: 456, 118: 694, 119: 478, 120: 240, 121: 268, 122: 30, 123: 394, 124: 156, 125: 30, 126: 268, 127: 268, 128: 30, 129: 240, 130: 478, 131: 128, 132: 366, 133: 456, 134: 694, 135: 240, 136: 478, 137: 268, 138: 30, 139: 456, 140: 694, 141: 156, 142: 394, 143: 456, 144: 694, 145: 128, 146: 366, 147: 30, 148: 268, 149: 456, 150: 694, 151: 296, 152: 58, 153: 128, 154: 366, 155: 478, 156: 240, 157: 156, 158: 394, 159: 394, 160: 156, 161: 792, 162: 554, 163: 478, 164: 240, 165: 30, 166: 268, 167: 128, 168: 366, 169: 792, 170: 554, 171: 694, 172: 456, 173: 128, 174: 366, 175: 554, 176: 792, 177: 128, 178: 366, 179: 240, 180: 478, 181: 58, 182: 296, 183: 268, 184: 30, 185: 128, 186: 366, 187: 156, 188: 394, 189: 478, 190: 240, 191: 58, 192: 296, 193: 394, 194: 156, 195: 128, 196: 366, 197: 156, 198: 394, 199: 30, 200: 268, 201: 30, 202: 268, 203: 296, 204: 58, 205: 128, 206: 366, 207: 394, 208: 156, 209: 554, 210: 792, 211: 394, 212: 156, 213: 240, 214: 478, 215: 456, 216: 694, 217: 58, 218: 296, 219: 268, 220: 30, 221: 128, 222: 366, 223: 30, 224: 268, 225: 456, 226: 694, 227: 240, 228: 478, 229: 128, 230: 366, 231: 128, 232: 366, 233: 128, 234: 366, 235: 30, 236: 268, 237: 58, 238: 296, 239: 268, 240: 30, 241: 58, 242: 296, 243: 128, 244: 366, 245: 296, 246: 58, 247: 240, 248: 478, 249: 268, 250: 30, 251: 156, 252: 394, 253: 30, 254: 268, 255: 478, 256: 240, 257: 156, 258: 394, 259: 240, 260: 478, 261: 366, 262: 128, 263: 240, 264: 478, 265: 478, 266: 240, 267: 30, 268: 268, 269: 694, 270: 456, 271: 394, 272: 156, 273: 30, 274: 268, 275: 156, 276: 394, 277: 694, 278: 456, 279: 366, 280: 128, 281: 366, 282: 128, 283: 128, 284: 366, 285: 240, 286: 478, 287: 58, 288: 296, 289: 456, 290: 694, 291: 478, 292: 240, 293: 240, 294: 478, 295: 128, 296: 366, 297: 240, 298: 478, 299: 240, 300: 478, 301: 58, 302: 296, 303: 456, 304: 694, 305: 58, 306: 296, 307: 366, 308: 128, 309: 240, 310: 478, 311: 478, 312: 240, 313: 478, 314: 240, 315: 58, 316: 296, 317: 478, 318: 240, 319: 296, 320: 58, 321: 456, 322: 694, 323: 456, 324: 694, 325: 30, 326: 268, 327: 58, 328: 296, 329: 296, 330: 58, 331: 156, 332: 394, 333: 394, 334: 156, 335: 554, 336: 792, 337: 394, 338: 156, 339: 240, 340: 478, 341: 268, 342: 30, 343: 554, 344: 792, 345: 128, 346: 366, 347: 58, 348: 296, 349: 478, 350: 240, 351: 240, 352: 478, 353: 128, 354: 366, 355: 156, 356: 394, 357: 456, 358: 694, 359: 128, 360: 366, 361: 554, 362: 792, 363: 394, 364: 156, 365: 554, 366: 792, 367: 394, 368: 156, 369: 128, 370: 366, 371: 554, 372: 792, 373: 30, 374: 268, 375: 554, 376: 792, 377: 58, 378: 296, 379: 30, 380: 268, 381: 296, 382: 58, 383: 30, 384: 268, 385: 30, 386: 268, 387: 58, 388: 296, 389: 128, 390: 366, 391: 394, 392: 156, 393: 792, 394: 554, 395: 128, 396: 366, 397: 456, 398: 694, 399: 296, 400: 58}
Number of lables used:  14
Total time: 0.57 seconds
Memory used: 75.52 MB
--------------------------------------------------

Trying with at most 13 labels...
[runlim] sample:		10.00 time, 10.01 real, 97 MB, 1.08 load
[runlim] sample:		19.99 time, 20.01 real, 118 MB, 1.07 load
[runlim] sample:		29.99 time, 30.01 real, 119 MB, 1.06 load
[runlim] sample:		39.98 time, 40.01 real, 119 MB, 1.05 load
[runlim] sample:		49.98 time, 50.01 real, 119 MB, 1.04 load
[runlim] sample:		59.97 time, 60.01 real, 139 MB, 1.04 load
[runlim] sample:		69.97 time, 70.01 real, 139 MB, 1.03 load
[runlim] sample:		79.96 time, 80.01 real, 140 MB, 1.02 load
[runlim] sample:		89.96 time, 90.01 real, 140 MB, 1.02 load
[runlim] sample:		99.96 time, 100.01 real, 140 MB, 1.02 load
[runlim] sample:		109.95 time, 110.01 real, 141 MB, 1.01 load
[runlim] sample:		119.95 time, 120.01 real, 141 MB, 1.01 load
[runlim] sample:		129.94 time, 130.01 real, 141 MB, 1.01 load
[runlim] sample:		139.94 time, 140.01 real, 143 MB, 1.01 load
[runlim] sample:		149.94 time, 150.01 real, 143 MB, 1.01 load
[runlim] sample:		159.94 time, 160.01 real, 144 MB, 1.00 load
[runlim] sample:		169.94 time, 170.01 real, 148 MB, 1.00 load
[runlim] sample:		179.93 time, 180.01 real, 148 MB, 1.00 load
[runlim] sample:		189.92 time, 190.01 real, 119 MB, 1.00 load
[runlim] sample:		199.91 time, 200.01 real, 136 MB, 1.00 load
[runlim] sample:		209.91 time, 210.01 real, 136 MB, 1.00 load
[runlim] sample:		219.90 time, 220.01 real, 152 MB, 1.00 load
[runlim] sample:		229.90 time, 230.01 real, 152 MB, 1.00 load
[runlim] sample:		239.89 time, 240.01 real, 153 MB, 1.00 load
[runlim] sample:		249.89 time, 250.01 real, 156 MB, 1.00 load
[runlim] sample:		259.88 time, 260.01 real, 156 MB, 1.15 load
[runlim] sample:		269.88 time, 270.01 real, 156 MB, 1.13 load
[runlim] sample:		279.87 time, 280.01 real, 159 MB, 1.11 load
[runlim] sample:		289.87 time, 290.01 real, 159 MB, 1.09 load
[runlim] sample:		299.86 time, 300.01 real, 159 MB, 1.08 load
[runlim] sample:		309.86 time, 310.01 real, 117 MB, 1.06 load
[runlim] sample:		319.86 time, 320.01 real, 136 MB, 1.05 load
[runlim] sample:		329.86 time, 330.01 real, 152 MB, 1.05 load
[runlim] sample:		339.85 time, 340.01 real, 154 MB, 1.12 load
[runlim] sample:		349.85 time, 350.01 real, 154 MB, 1.10 load
[runlim] sample:		359.84 time, 360.01 real, 154 MB, 1.17 load
[runlim] sample:		369.84 time, 370.01 real, 154 MB, 1.14 load
[runlim] sample:		379.84 time, 380.01 real, 156 MB, 1.12 load
[runlim] sample:		389.83 time, 390.01 real, 158 MB, 1.10 load
[runlim] sample:		399.83 time, 400.01 real, 158 MB, 1.08 load
[runlim] sample:		409.83 time, 410.01 real, 158 MB, 1.07 load
[runlim] sample:		419.82 time, 420.01 real, 159 MB, 1.06 load
[runlim] sample:		429.82 time, 430.01 real, 160 MB, 1.05 load
[runlim] sample:		439.81 time, 440.01 real, 160 MB, 1.04 load
[runlim] sample:		449.81 time, 450.01 real, 161 MB, 1.03 load
[runlim] sample:		459.81 time, 460.01 real, 161 MB, 1.03 load
[runlim] sample:		469.80 time, 470.01 real, 161 MB, 1.02 load
[runlim] sample:		479.80 time, 480.01 real, 161 MB, 1.17 load
[runlim] sample:		489.79 time, 490.01 real, 162 MB, 1.14 load
[runlim] sample:		499.79 time, 500.01 real, 162 MB, 1.12 load
[runlim] sample:		509.78 time, 510.01 real, 162 MB, 1.10 load
[runlim] sample:		519.78 time, 520.01 real, 162 MB, 1.17 load
[runlim] sample:		529.78 time, 530.01 real, 162 MB, 1.14 load
[runlim] sample:		539.77 time, 540.01 real, 164 MB, 1.12 load
[runlim] sample:		549.77 time, 550.01 real, 164 MB, 1.10 load
[runlim] sample:		559.76 time, 560.01 real, 120 MB, 1.08 load
[runlim] sample:		569.76 time, 570.01 real, 119 MB, 1.07 load
[runlim] sample:		579.76 time, 580.01 real, 165 MB, 1.06 load
[runlim] sample:		589.75 time, 590.01 real, 165 MB, 1.05 load
[runlim] sample:		599.74 time, 600.01 real, 132 MB, 1.04 load
[runlim] end:			Sat Jun 27 02:36:55 2026
[runlim] status:		out of time
[runlim] result:		2
[runlim] children:		1
[runlim] processes:		2
[runlim] real:			601.06 seconds
[runlim] time:			599.74 seconds
[runlim] space:			187 MB
[runlim] load:			1.18 maximum
[runlim] samples:		6000
