[runlim] version:		2.0.0rc12
[runlim] host:			ap-Precision-7550
[runlim] time limit:		311040000 seconds
[runlim] real time limit:	600 seconds
[runlim] space limit:		14000 MB
[runlim] argv[0]:		python3
[runlim] argv[1]:		-u
[runlim] argv[2]:		pairwise.py
[runlim] argv[3]:		scen05
[runlim] argv[4]:		assumptions
[runlim] start:			Thu Mar 26 02:27:25 2026
[runlim] child:			31200
Solve first problem:
Solution:
{13: 156, 14: 394, 15: 156, 16: 394, 53: 254, 54: 16, 71: 30, 72: 268, 79: 792, 80: 554, 81: 254, 82: 16, 83: 128, 84: 366, 85: 414, 86: 652, 117: 792, 118: 554, 119: 554, 120: 792, 127: 44, 128: 282, 129: 792, 130: 554, 143: 666, 144: 428, 145: 442, 146: 680, 151: 72, 152: 310, 153: 428, 154: 666, 163: 128, 164: 366, 165: 736, 166: 498, 179: 44, 180: 282, 181: 254, 182: 16, 183: 442, 184: 680, 191: 736, 192: 498, 193: 268, 194: 30, 205: 310, 206: 72, 209: 736, 210: 498, 211: 792, 212: 554, 213: 310, 214: 72, 217: 764, 218: 526, 219: 310, 220: 72, 233: 428, 234: 666, 235: 778, 236: 540, 237: 484, 238: 722, 255: 142, 256: 380, 259: 142, 260: 380, 261: 254, 262: 16, 263: 254, 264: 16, 265: 30, 266: 268, 267: 484, 268: 722, 269: 296, 270: 58, 271: 296, 272: 58, 273: 16, 274: 254, 275: 16, 276: 254, 277: 296, 278: 58, 281: 366, 282: 128, 283: 128, 284: 366, 285: 16, 286: 254, 287: 554, 288: 792, 289: 736, 290: 498, 291: 156, 292: 394, 293: 142, 294: 380, 295: 792, 296: 554, 299: 254, 300: 16, 301: 156, 302: 394, 303: 324, 304: 86, 305: 540, 306: 778, 307: 554, 308: 792, 309: 394, 310: 156, 311: 30, 312: 268, 313: 296, 314: 58, 321: 254, 322: 16, 323: 156, 324: 394, 325: 456, 326: 694, 327: 268, 328: 30, 329: 254, 330: 16, 335: 736, 336: 498, 337: 442, 338: 680, 341: 394, 342: 156, 343: 394, 344: 156, 349: 268, 350: 30, 351: 694, 352: 456, 353: 666, 354: 428, 369: 750, 370: 512, 371: 414, 372: 652, 373: 694, 374: 456, 375: 100, 376: 338, 377: 324, 378: 86, 379: 338, 380: 100, 381: 86, 382: 324, 385: 750, 386: 512, 391: 722, 392: 484, 393: 750, 394: 512, 401: 380, 402: 142, 403: 268, 404: 30, 405: 428, 406: 666, 413: 694, 414: 456, 435: 736, 436: 498, 439: 394, 440: 156, 443: 16, 444: 254, 449: 764, 450: 526, 471: 142, 472: 380, 473: 338, 474: 100, 475: 324, 476: 86, 477: 680, 478: 442, 479: 268, 480: 30, 481: 666, 482: 428, 517: 666, 518: 428, 519: 540, 520: 778, 537: 128, 538: 366, 539: 72, 540: 310, 541: 414, 542: 652, 545: 652, 546: 414, 551: 792, 552: 554, 553: 254, 554: 16, 555: 428, 556: 666, 557: 512, 558: 750, 559: 352, 560: 114, 561: 114, 562: 352, 563: 708, 564: 470, 565: 512, 566: 750, 567: 268, 568: 30, 569: 512, 570: 750, 571: 456, 572: 694, 573: 44, 574: 282, 575: 58, 576: 296, 577: 554, 578: 792, 579: 652, 580: 414, 581: 72, 582: 310, 583: 764, 584: 526, 585: 380, 586: 142, 587: 666, 588: 428, 589: 254, 590: 16, 591: 512, 592: 750, 593: 268, 594: 30, 595: 428, 596: 666, 597: 296, 598: 58, 599: 680, 600: 442, 601: 268, 602: 30, 603: 428, 604: 666, 605: 540, 606: 778, 607: 324, 608: 86, 613: 310, 614: 72, 615: 86, 616: 324, 617: 750, 618: 512, 619: 540, 620: 778, 621: 540, 622: 778, 623: 708, 624: 470, 625: 30, 626: 268, 629: 282, 630: 44, 631: 428, 632: 666, 633: 128, 634: 366, 635: 680, 636: 442, 639: 142, 640: 380, 641: 128, 642: 366, 643: 128, 644: 366, 645: 58, 646: 296, 651: 16, 652: 254, 653: 694, 654: 456, 661: 694, 662: 456, 663: 428, 664: 666, 665: 394, 666: 156, 667: 778, 668: 540, 671: 296, 672: 58, 711: 366, 712: 128, 713: 296, 714: 58, 715: 694, 716: 456, 717: 128, 718: 366, 719: 254, 720: 16, 721: 540, 722: 778, 723: 442, 724: 680, 739: 666, 740: 428, 741: 414, 742: 652, 743: 310, 744: 72, 745: 58, 746: 296, 747: 484, 748: 722, 751: 512, 752: 750, 753: 30, 754: 268, 755: 666, 756: 428, 757: 114, 758: 352, 759: 540, 760: 778, 763: 540, 764: 778, 765: 16, 766: 254, 767: 324, 768: 86, 769: 268, 770: 30, 773: 86, 774: 324, 775: 428, 776: 666, 783: 30, 784: 268, 785: 694, 786: 456, 787: 512, 788: 750, 789: 268, 790: 30, 791: 666, 792: 428, 793: 268, 794: 30, 795: 498, 796: 736, 797: 428, 798: 666, 799: 282, 800: 44, 801: 750, 802: 512, 803: 86, 804: 324, 805: 540, 806: 778, 807: 30, 808: 268, 809: 484, 810: 722, 811: 428, 812: 666, 813: 268, 814: 30, 815: 540, 816: 778, 817: 268, 818: 30, 825: 268, 826: 30, 827: 694, 828: 456, 829: 764, 830: 526, 879: 268, 880: 30, 911: 114, 912: 352, 913: 268, 914: 30, 915: 156, 916: 394}
Number of lables used:  44
Total time: 0.65 seconds
Memory used: 76.10 MB
--------------------------------------------------

Trying with at most 43 labels...
Solution:
{13: 156, 14: 394, 15: 156, 16: 394, 53: 254, 54: 16, 71: 30, 72: 268, 79: 484, 80: 722, 81: 254, 82: 16, 83: 128, 84: 366, 85: 414, 86: 652, 117: 792, 118: 554, 119: 554, 120: 792, 127: 44, 128: 282, 129: 708, 130: 470, 143: 666, 144: 428, 145: 442, 146: 680, 151: 72, 152: 310, 153: 428, 154: 666, 163: 128, 164: 366, 165: 736, 166: 498, 179: 44, 180: 282, 181: 268, 182: 30, 183: 442, 184: 680, 191: 736, 192: 498, 193: 268, 194: 30, 205: 310, 206: 72, 209: 736, 210: 498, 211: 792, 212: 554, 213: 310, 214: 72, 217: 764, 218: 526, 219: 310, 220: 72, 233: 428, 234: 666, 235: 778, 236: 540, 237: 484, 238: 722, 255: 254, 256: 16, 259: 16, 260: 254, 261: 254, 262: 16, 263: 254, 264: 16, 265: 58, 266: 296, 267: 498, 268: 736, 269: 296, 270: 58, 271: 296, 272: 58, 273: 30, 274: 268, 275: 16, 276: 254, 277: 296, 278: 58, 281: 366, 282: 128, 283: 128, 284: 366, 285: 16, 286: 254, 287: 254, 288: 16, 289: 764, 290: 526, 291: 156, 292: 394, 293: 240, 294: 478, 295: 792, 296: 554, 299: 254, 300: 16, 301: 156, 302: 394, 303: 324, 304: 86, 305: 554, 306: 792, 307: 526, 308: 764, 309: 394, 310: 156, 311: 16, 312: 254, 313: 282, 314: 44, 321: 254, 322: 16, 323: 156, 324: 394, 325: 414, 326: 652, 327: 268, 328: 30, 329: 254, 330: 16, 335: 736, 336: 498, 337: 442, 338: 680, 341: 394, 342: 156, 343: 394, 344: 156, 349: 268, 350: 30, 351: 680, 352: 442, 353: 666, 354: 428, 369: 778, 370: 540, 371: 428, 372: 666, 373: 708, 374: 470, 375: 114, 376: 352, 377: 352, 378: 114, 379: 338, 380: 100, 381: 44, 382: 282, 385: 764, 386: 526, 391: 722, 392: 484, 393: 764, 394: 526, 401: 366, 402: 128, 403: 268, 404: 30, 405: 428, 406: 666, 413: 722, 414: 484, 435: 736, 436: 498, 439: 394, 440: 156, 443: 16, 444: 254, 449: 764, 450: 526, 471: 666, 472: 428, 473: 338, 474: 100, 475: 324, 476: 86, 477: 680, 478: 442, 479: 268, 480: 30, 481: 666, 482: 428, 517: 666, 518: 428, 519: 428, 520: 666, 537: 156, 538: 394, 539: 72, 540: 310, 541: 428, 542: 666, 545: 652, 546: 414, 551: 792, 552: 554, 553: 254, 554: 16, 555: 428, 556: 666, 557: 540, 558: 778, 559: 352, 560: 114, 561: 114, 562: 352, 563: 708, 564: 470, 565: 526, 566: 764, 567: 268, 568: 30, 569: 526, 570: 764, 571: 456, 572: 694, 573: 44, 574: 282, 575: 44, 576: 282, 577: 554, 578: 792, 579: 652, 580: 414, 581: 16, 582: 254, 583: 764, 584: 526, 585: 394, 586: 156, 587: 680, 588: 442, 589: 254, 590: 16, 591: 526, 592: 764, 593: 268, 594: 30, 595: 428, 596: 666, 597: 296, 598: 58, 599: 680, 600: 442, 601: 268, 602: 30, 603: 428, 604: 666, 605: 268, 606: 30, 607: 324, 608: 86, 613: 310, 614: 72, 615: 86, 616: 324, 617: 764, 618: 526, 619: 540, 620: 778, 621: 540, 622: 778, 623: 708, 624: 470, 625: 30, 626: 268, 629: 282, 630: 44, 631: 428, 632: 666, 633: 114, 634: 352, 635: 680, 636: 442, 639: 86, 640: 324, 641: 114, 642: 352, 643: 114, 644: 352, 645: 30, 646: 268, 651: 16, 652: 254, 653: 666, 654: 428, 661: 666, 662: 428, 663: 428, 664: 666, 665: 394, 666: 156, 667: 778, 668: 540, 671: 310, 672: 72, 711: 282, 712: 44, 713: 296, 714: 58, 715: 694, 716: 456, 717: 128, 718: 366, 719: 254, 720: 16, 721: 540, 722: 778, 723: 442, 724: 680, 739: 666, 740: 428, 741: 442, 742: 680, 743: 310, 744: 72, 745: 58, 746: 296, 747: 498, 748: 736, 751: 526, 752: 764, 753: 30, 754: 268, 755: 680, 756: 442, 757: 114, 758: 352, 759: 428, 760: 666, 763: 498, 764: 736, 765: 16, 766: 254, 767: 324, 768: 86, 769: 268, 770: 30, 773: 100, 774: 338, 775: 428, 776: 666, 783: 30, 784: 268, 785: 694, 786: 456, 787: 526, 788: 764, 789: 268, 790: 30, 791: 666, 792: 428, 793: 296, 794: 58, 795: 498, 796: 736, 797: 428, 798: 666, 799: 282, 800: 44, 801: 764, 802: 526, 803: 86, 804: 324, 805: 666, 806: 428, 807: 30, 808: 268, 809: 484, 810: 722, 811: 428, 812: 666, 813: 268, 814: 30, 815: 428, 816: 666, 817: 282, 818: 44, 825: 268, 826: 30, 827: 694, 828: 456, 829: 764, 830: 526, 879: 268, 880: 30, 911: 114, 912: 352, 913: 268, 914: 30, 915: 16, 916: 254}
Number of lables used:  42
Total time: 0.74 seconds
Memory used: 96.88 MB
--------------------------------------------------

Trying with at most 41 labels...
Solution:
{13: 156, 14: 394, 15: 156, 16: 394, 53: 254, 54: 16, 71: 30, 72: 268, 79: 484, 80: 722, 81: 254, 82: 16, 83: 128, 84: 366, 85: 428, 86: 666, 117: 792, 118: 554, 119: 554, 120: 792, 127: 44, 128: 282, 129: 708, 130: 470, 143: 666, 144: 428, 145: 442, 146: 680, 151: 72, 152: 310, 153: 428, 154: 666, 163: 128, 164: 366, 165: 764, 166: 526, 179: 44, 180: 282, 181: 268, 182: 30, 183: 442, 184: 680, 191: 736, 192: 498, 193: 268, 194: 30, 205: 310, 206: 72, 209: 736, 210: 498, 211: 792, 212: 554, 213: 310, 214: 72, 217: 764, 218: 526, 219: 310, 220: 72, 233: 428, 234: 666, 235: 778, 236: 540, 237: 484, 238: 722, 255: 254, 256: 16, 259: 72, 260: 310, 261: 254, 262: 16, 263: 254, 264: 16, 265: 16, 266: 254, 267: 498, 268: 736, 269: 296, 270: 58, 271: 296, 272: 58, 273: 30, 274: 268, 275: 16, 276: 254, 277: 296, 278: 58, 281: 366, 282: 128, 283: 128, 284: 366, 285: 16, 286: 254, 287: 254, 288: 16, 289: 764, 290: 526, 291: 156, 292: 394, 293: 240, 294: 478, 295: 792, 296: 554, 299: 254, 300: 16, 301: 156, 302: 394, 303: 324, 304: 86, 305: 554, 306: 792, 307: 526, 308: 764, 309: 394, 310: 156, 311: 16, 312: 254, 313: 282, 314: 44, 321: 254, 322: 16, 323: 156, 324: 394, 325: 428, 326: 666, 327: 268, 328: 30, 329: 254, 330: 16, 335: 764, 336: 526, 337: 442, 338: 680, 341: 394, 342: 156, 343: 394, 344: 156, 349: 268, 350: 30, 351: 680, 352: 442, 353: 680, 354: 442, 369: 778, 370: 540, 371: 428, 372: 666, 373: 708, 374: 470, 375: 114, 376: 352, 377: 352, 378: 114, 379: 352, 380: 114, 381: 30, 382: 268, 385: 764, 386: 526, 391: 722, 392: 484, 393: 778, 394: 540, 401: 366, 402: 128, 403: 282, 404: 44, 405: 428, 406: 666, 413: 778, 414: 540, 435: 736, 436: 498, 439: 394, 440: 156, 443: 16, 444: 254, 449: 764, 450: 526, 471: 666, 472: 428, 473: 366, 474: 128, 475: 324, 476: 86, 477: 680, 478: 442, 479: 268, 480: 30, 481: 666, 482: 428, 517: 666, 518: 428, 519: 428, 520: 666, 537: 156, 538: 394, 539: 86, 540: 324, 541: 428, 542: 666, 545: 652, 546: 414, 551: 792, 552: 554, 553: 254, 554: 16, 555: 428, 556: 666, 557: 540, 558: 778, 559: 352, 560: 114, 561: 114, 562: 352, 563: 708, 564: 470, 565: 526, 566: 764, 567: 268, 568: 30, 569: 540, 570: 778, 571: 484, 572: 722, 573: 44, 574: 282, 575: 44, 576: 282, 577: 554, 578: 792, 579: 652, 580: 414, 581: 16, 582: 254, 583: 764, 584: 526, 585: 366, 586: 128, 587: 652, 588: 414, 589: 254, 590: 16, 591: 526, 592: 764, 593: 268, 594: 30, 595: 428, 596: 666, 597: 296, 598: 58, 599: 680, 600: 442, 601: 268, 602: 30, 603: 428, 604: 666, 605: 268, 606: 30, 607: 324, 608: 86, 613: 310, 614: 72, 615: 86, 616: 324, 617: 764, 618: 526, 619: 540, 620: 778, 621: 540, 622: 778, 623: 708, 624: 470, 625: 30, 626: 268, 629: 282, 630: 44, 631: 428, 632: 666, 633: 114, 634: 352, 635: 680, 636: 442, 639: 86, 640: 324, 641: 114, 642: 352, 643: 114, 644: 352, 645: 44, 646: 282, 651: 16, 652: 254, 653: 666, 654: 428, 661: 680, 662: 442, 663: 428, 664: 666, 665: 394, 666: 156, 667: 778, 668: 540, 671: 310, 672: 72, 711: 282, 712: 44, 713: 296, 714: 58, 715: 694, 716: 456, 717: 128, 718: 366, 719: 254, 720: 16, 721: 540, 722: 778, 723: 442, 724: 680, 739: 680, 740: 442, 741: 442, 742: 680, 743: 310, 744: 72, 745: 30, 746: 268, 747: 498, 748: 736, 751: 526, 752: 764, 753: 30, 754: 268, 755: 680, 756: 442, 757: 114, 758: 352, 759: 428, 760: 666, 763: 526, 764: 764, 765: 16, 766: 254, 767: 324, 768: 86, 769: 268, 770: 30, 773: 114, 774: 352, 775: 428, 776: 666, 783: 30, 784: 268, 785: 722, 786: 484, 787: 526, 788: 764, 789: 268, 790: 30, 791: 666, 792: 428, 793: 296, 794: 58, 795: 498, 796: 736, 797: 428, 798: 666, 799: 282, 800: 44, 801: 764, 802: 526, 803: 86, 804: 324, 805: 666, 806: 428, 807: 30, 808: 268, 809: 484, 810: 722, 811: 428, 812: 666, 813: 268, 814: 30, 815: 428, 816: 666, 817: 282, 818: 44, 825: 268, 826: 30, 827: 694, 828: 456, 829: 764, 830: 526, 879: 268, 880: 30, 911: 114, 912: 352, 913: 268, 914: 30, 915: 16, 916: 254}
Number of lables used:  40
Total time: 0.75 seconds
Memory used: 96.88 MB
--------------------------------------------------

Trying with at most 39 labels...
Cannot find solution.
No more solutions found.
Optimal number of labels used:  40
Total time: 0.79 seconds
Memory used: 95.87 MB
[runlim] end:			Thu Mar 26 02:27:26 2026
[runlim] status:		ok
[runlim] result:		0
[runlim] children:		1
[runlim] processes:		2
[runlim] real:			0.84 seconds
[runlim] time:			0.80 seconds
[runlim] space:			96 MB
[runlim] load:			0.93 maximum
[runlim] samples:		9
