[runlim] version:		2.0.0rc12
[runlim] host:			ap-Precision-7550
[runlim] time limit:		311040000 seconds
[runlim] real time limit:	600 seconds
[runlim] space limit:		14000 MB
[runlim] argv[0]:		python3
[runlim] argv[1]:		-u
[runlim] argv[2]:		pairwise.py
[runlim] argv[3]:		scen08
[runlim] argv[4]:		assumptions
[runlim] start:			Thu Mar 26 02:27:27 2026
[runlim] child:			31209
Solve first problem:
Cannot find solution.
Time taken: 1.73 seconds 
Memory used: 181.83 MB
[runlim] end:			Thu Mar 26 02:27:29 2026
[runlim] status:		ok
[runlim] result:		0
[runlim] children:		1
[runlim] processes:		2
[runlim] real:			1.82 seconds
[runlim] time:			1.80 seconds
[runlim] space:			182 MB
[runlim] load:			0.93 maximum
[runlim] samples:		19
