[runlim] version:		2.0.0rc12
[runlim] host:			ap-Precision-7550
[runlim] time limit:		311040000 seconds
[runlim] real time limit:	600 seconds
[runlim] space limit:		14000 MB
[runlim] argv[0]:		python3
[runlim] argv[1]:		-u
[runlim] argv[2]:		pairwise.py
[runlim] argv[3]:		scen02
[runlim] argv[4]:		assumptions
[runlim] start:			Wed Mar 25 21:38:30 2026
[runlim] child:			22006
Solve first problem:
Solution:
{13: 16, 14: 254, 15: 16, 16: 254, 53: 16, 54: 254, 79: 30, 80: 268, 81: 16, 82: 254, 83: 16, 84: 254, 85: 86, 86: 324, 127: 16, 128: 254, 129: 114, 130: 352, 143: 16, 144: 254, 145: 16, 146: 254, 205: 44, 206: 282, 233: 30, 234: 268, 235: 44, 236: 282, 237: 30, 238: 268, 261: 16, 262: 254, 263: 16, 264: 254, 265: 16, 266: 254, 267: 86, 268: 324, 269: 16, 270: 254, 271: 16, 272: 254, 273: 86, 274: 324, 275: 86, 276: 324, 277: 30, 278: 268, 281: 44, 282: 282, 283: 44, 284: 282, 289: 30, 290: 268, 291: 44, 292: 282, 303: 16, 304: 254, 305: 86, 306: 324, 321: 30, 322: 268, 323: 100, 324: 338, 325: 30, 326: 268, 327: 100, 328: 338, 329: 16, 330: 254, 341: 114, 342: 352, 343: 114, 344: 352, 349: 100, 350: 338, 351: 86, 352: 324, 435: 30, 436: 268, 475: 44, 476: 282, 481: 58, 482: 296, 517: 310, 518: 72, 519: 30, 520: 268, 555: 282, 556: 44, 557: 44, 558: 282, 559: 268, 560: 30, 561: 128, 562: 366, 565: 100, 566: 338, 577: 114, 578: 352, 579: 16, 580: 254, 583: 296, 584: 58, 585: 30, 586: 268, 587: 86, 588: 324, 589: 16, 590: 254, 591: 428, 592: 666, 593: 30, 594: 268, 595: 86, 596: 324, 597: 100, 598: 338, 599: 58, 600: 296, 601: 428, 602: 666, 603: 44, 604: 282, 605: 30, 606: 268, 607: 128, 608: 366, 613: 428, 614: 666, 615: 30, 616: 268, 617: 72, 618: 310, 621: 100, 622: 338, 625: 268, 626: 30, 629: 86, 630: 324, 631: 114, 632: 352, 633: 338, 634: 100, 635: 380, 636: 142, 645: 30, 646: 268, 651: 16, 652: 254, 661: 72, 662: 310, 663: 16, 664: 254, 665: 352, 666: 114, 667: 16, 668: 254, 713: 30, 714: 268, 717: 86, 718: 324, 719: 156, 720: 394, 721: 366, 722: 128, 723: 16, 724: 254, 743: 44, 744: 282, 745: 128, 746: 366, 747: 114, 748: 352, 763: 296, 764: 58, 765: 268, 766: 30, 767: 156, 768: 394, 785: 16, 786: 254, 787: 310, 788: 72, 789: 44, 790: 282, 791: 114, 792: 352, 793: 30, 794: 268, 795: 100, 796: 338, 797: 30, 798: 268, 799: 100, 800: 338, 801: 498, 802: 736, 879: 44, 880: 282}
Number of lables used:  26
Total time: 0.43 seconds
Memory used: 54.76 MB
--------------------------------------------------

Trying with at most 25 labels...
Solution:
{13: 296, 14: 58, 15: 310, 16: 72, 53: 156, 54: 394, 79: 128, 80: 366, 81: 156, 82: 394, 83: 100, 84: 338, 85: 16, 86: 254, 127: 58, 128: 296, 129: 156, 130: 394, 143: 156, 144: 394, 145: 156, 146: 394, 205: 156, 206: 394, 233: 268, 234: 30, 235: 366, 236: 128, 237: 30, 238: 268, 261: 156, 262: 394, 263: 338, 264: 100, 265: 282, 266: 44, 267: 156, 268: 394, 269: 30, 270: 268, 271: 30, 272: 268, 273: 352, 274: 114, 275: 352, 276: 114, 277: 30, 278: 268, 281: 142, 282: 380, 283: 128, 284: 366, 289: 142, 290: 380, 291: 86, 292: 324, 303: 352, 304: 114, 305: 16, 306: 254, 321: 296, 322: 58, 323: 366, 324: 128, 325: 254, 326: 16, 327: 324, 328: 86, 329: 156, 330: 394, 341: 380, 342: 142, 343: 380, 344: 142, 349: 72, 350: 310, 351: 380, 352: 142, 435: 114, 436: 352, 475: 128, 476: 366, 481: 142, 482: 380, 517: 142, 518: 380, 519: 142, 520: 380, 555: 282, 556: 44, 557: 338, 558: 100, 559: 58, 560: 296, 561: 44, 562: 282, 565: 44, 566: 282, 577: 366, 578: 128, 579: 394, 580: 156, 583: 142, 584: 380, 585: 268, 586: 30, 587: 156, 588: 394, 589: 44, 590: 282, 591: 58, 592: 296, 593: 310, 594: 72, 595: 114, 596: 352, 597: 296, 598: 58, 599: 324, 600: 86, 601: 128, 602: 366, 603: 142, 604: 380, 605: 142, 606: 380, 607: 58, 608: 296, 613: 268, 614: 30, 615: 128, 616: 366, 617: 142, 618: 380, 621: 72, 622: 310, 625: 142, 626: 380, 629: 128, 630: 366, 631: 142, 632: 380, 633: 128, 634: 366, 635: 142, 636: 380, 645: 114, 646: 352, 651: 156, 652: 394, 661: 156, 662: 394, 663: 254, 664: 16, 665: 44, 666: 282, 667: 156, 668: 394, 713: 30, 714: 268, 717: 352, 718: 114, 719: 16, 720: 254, 721: 86, 722: 324, 723: 156, 724: 394, 743: 366, 744: 128, 745: 142, 746: 380, 747: 86, 748: 324, 763: 142, 764: 380, 765: 156, 766: 394, 767: 254, 768: 16, 785: 156, 786: 394, 787: 142, 788: 380, 789: 72, 790: 310, 791: 142, 792: 380, 793: 72, 794: 310, 795: 142, 796: 380, 797: 58, 798: 296, 799: 128, 800: 366, 801: 142, 802: 380, 879: 142, 880: 380}
Number of lables used:  22
Total time: 0.44 seconds
Memory used: 57.52 MB
--------------------------------------------------

Trying with at most 21 labels...
Solution:
{13: 296, 14: 58, 15: 310, 16: 72, 53: 156, 54: 394, 79: 254, 80: 16, 81: 156, 82: 394, 83: 100, 84: 338, 85: 16, 86: 254, 127: 58, 128: 296, 129: 156, 130: 394, 143: 156, 144: 394, 145: 156, 146: 394, 205: 156, 206: 394, 233: 268, 234: 30, 235: 282, 236: 44, 237: 30, 238: 268, 261: 156, 262: 394, 263: 338, 264: 100, 265: 282, 266: 44, 267: 156, 268: 394, 269: 30, 270: 268, 271: 30, 272: 268, 273: 352, 274: 114, 275: 352, 276: 114, 277: 30, 278: 268, 281: 142, 282: 380, 283: 16, 284: 254, 289: 142, 290: 380, 291: 86, 292: 324, 303: 352, 304: 114, 305: 16, 306: 254, 321: 296, 322: 58, 323: 380, 324: 142, 325: 254, 326: 16, 327: 324, 328: 86, 329: 156, 330: 394, 341: 380, 342: 142, 343: 380, 344: 142, 349: 72, 350: 310, 351: 380, 352: 142, 435: 114, 436: 352, 475: 268, 476: 30, 481: 142, 482: 380, 517: 142, 518: 380, 519: 142, 520: 380, 555: 282, 556: 44, 557: 338, 558: 100, 559: 58, 560: 296, 561: 44, 562: 282, 565: 44, 566: 282, 577: 394, 578: 156, 579: 394, 580: 156, 583: 142, 584: 380, 585: 268, 586: 30, 587: 156, 588: 394, 589: 44, 590: 282, 591: 58, 592: 296, 593: 310, 594: 72, 595: 114, 596: 352, 597: 296, 598: 58, 599: 324, 600: 86, 601: 268, 602: 30, 603: 142, 604: 380, 605: 142, 606: 380, 607: 58, 608: 296, 613: 268, 614: 30, 615: 268, 616: 30, 617: 142, 618: 380, 621: 72, 622: 310, 625: 142, 626: 380, 629: 282, 630: 44, 631: 142, 632: 380, 633: 30, 634: 268, 635: 142, 636: 380, 645: 114, 646: 352, 651: 156, 652: 394, 661: 156, 662: 394, 663: 254, 664: 16, 665: 44, 666: 282, 667: 156, 668: 394, 713: 30, 714: 268, 717: 352, 718: 114, 719: 16, 720: 254, 721: 86, 722: 324, 723: 156, 724: 394, 743: 268, 744: 30, 745: 142, 746: 380, 747: 86, 748: 324, 763: 142, 764: 380, 765: 156, 766: 394, 767: 254, 768: 16, 785: 156, 786: 394, 787: 142, 788: 380, 789: 72, 790: 310, 791: 142, 792: 380, 793: 72, 794: 310, 795: 142, 796: 380, 797: 58, 798: 296, 799: 268, 800: 30, 801: 142, 802: 380, 879: 142, 880: 380}
Number of lables used:  20
Total time: 0.44 seconds
Memory used: 57.52 MB
--------------------------------------------------

Trying with at most 19 labels...
Solution:
{13: 296, 14: 58, 15: 310, 16: 72, 53: 156, 54: 394, 79: 254, 80: 16, 81: 156, 82: 394, 83: 72, 84: 310, 85: 142, 86: 380, 127: 58, 128: 296, 129: 156, 130: 394, 143: 156, 144: 394, 145: 156, 146: 394, 205: 156, 206: 394, 233: 282, 234: 44, 235: 268, 236: 30, 237: 44, 238: 282, 261: 156, 262: 394, 263: 282, 264: 44, 265: 282, 266: 44, 267: 156, 268: 394, 269: 30, 270: 268, 271: 30, 272: 268, 273: 16, 274: 254, 275: 16, 276: 254, 277: 30, 278: 268, 281: 142, 282: 380, 283: 16, 284: 254, 289: 142, 290: 380, 291: 86, 292: 324, 303: 16, 304: 254, 305: 394, 306: 156, 321: 296, 322: 58, 323: 380, 324: 142, 325: 254, 326: 16, 327: 324, 328: 86, 329: 156, 330: 394, 341: 380, 342: 142, 343: 380, 344: 142, 349: 30, 350: 268, 351: 380, 352: 142, 435: 282, 436: 44, 475: 268, 476: 30, 481: 142, 482: 380, 517: 142, 518: 380, 519: 142, 520: 380, 555: 282, 556: 44, 557: 352, 558: 114, 559: 58, 560: 296, 561: 72, 562: 310, 565: 44, 566: 282, 577: 394, 578: 156, 579: 394, 580: 156, 583: 114, 584: 352, 585: 268, 586: 30, 587: 156, 588: 394, 589: 352, 590: 114, 591: 58, 592: 296, 593: 310, 594: 72, 595: 282, 596: 44, 597: 296, 598: 58, 599: 324, 600: 86, 601: 268, 602: 30, 603: 142, 604: 380, 605: 142, 606: 380, 607: 58, 608: 296, 613: 268, 614: 30, 615: 268, 616: 30, 617: 142, 618: 380, 621: 30, 622: 268, 625: 142, 626: 380, 629: 282, 630: 44, 631: 142, 632: 380, 633: 30, 634: 268, 635: 142, 636: 380, 645: 254, 646: 16, 651: 156, 652: 394, 661: 156, 662: 394, 663: 254, 664: 16, 665: 44, 666: 282, 667: 156, 668: 394, 713: 30, 714: 268, 717: 16, 718: 254, 719: 380, 720: 142, 721: 86, 722: 324, 723: 156, 724: 394, 743: 268, 744: 30, 745: 142, 746: 380, 747: 86, 748: 324, 763: 142, 764: 380, 765: 282, 766: 44, 767: 254, 768: 16, 785: 324, 786: 86, 787: 310, 788: 72, 789: 30, 790: 268, 791: 142, 792: 380, 793: 268, 794: 30, 795: 142, 796: 380, 797: 58, 798: 296, 799: 268, 800: 30, 801: 142, 802: 380, 879: 142, 880: 380}
Number of lables used:  18
Total time: 0.44 seconds
Memory used: 57.53 MB
--------------------------------------------------

Trying with at most 17 labels...
Solution:
{13: 296, 14: 58, 15: 394, 16: 156, 53: 268, 54: 30, 79: 254, 80: 16, 81: 268, 82: 30, 83: 16, 84: 254, 85: 142, 86: 380, 127: 394, 128: 156, 129: 296, 130: 58, 143: 156, 144: 394, 145: 156, 146: 394, 205: 254, 206: 16, 233: 380, 234: 142, 235: 268, 236: 30, 237: 44, 238: 282, 261: 254, 262: 16, 263: 282, 264: 44, 265: 156, 266: 394, 267: 254, 268: 16, 269: 254, 270: 16, 271: 254, 272: 16, 273: 414, 274: 652, 275: 414, 276: 652, 277: 254, 278: 16, 281: 142, 282: 380, 283: 652, 284: 414, 289: 142, 290: 380, 291: 86, 292: 324, 303: 16, 304: 254, 305: 652, 306: 414, 321: 296, 322: 58, 323: 380, 324: 142, 325: 254, 326: 16, 327: 324, 328: 86, 329: 16, 330: 254, 341: 380, 342: 142, 343: 380, 344: 142, 349: 86, 350: 324, 351: 380, 352: 142, 435: 282, 436: 44, 475: 268, 476: 30, 481: 142, 482: 380, 517: 380, 518: 142, 519: 142, 520: 380, 555: 142, 556: 380, 557: 324, 558: 86, 559: 58, 560: 296, 561: 30, 562: 268, 565: 44, 566: 282, 577: 652, 578: 414, 579: 394, 580: 156, 583: 58, 584: 296, 585: 268, 586: 30, 587: 16, 588: 254, 589: 394, 590: 156, 591: 58, 592: 296, 593: 282, 594: 44, 595: 282, 596: 44, 597: 296, 598: 58, 599: 282, 600: 44, 601: 268, 602: 30, 603: 142, 604: 380, 605: 142, 606: 380, 607: 44, 608: 282, 613: 268, 614: 30, 615: 268, 616: 30, 617: 142, 618: 380, 621: 86, 622: 324, 625: 268, 626: 30, 629: 282, 630: 44, 631: 142, 632: 380, 633: 30, 634: 268, 635: 142, 636: 380, 645: 296, 646: 58, 651: 254, 652: 16, 661: 254, 662: 16, 663: 254, 664: 16, 665: 652, 666: 414, 667: 254, 668: 16, 713: 254, 714: 16, 717: 414, 718: 652, 719: 268, 720: 30, 721: 86, 722: 324, 723: 156, 724: 394, 743: 268, 744: 30, 745: 142, 746: 380, 747: 86, 748: 324, 763: 142, 764: 380, 765: 282, 766: 44, 767: 254, 768: 16, 785: 394, 786: 156, 787: 268, 788: 30, 789: 44, 790: 282, 791: 142, 792: 380, 793: 268, 794: 30, 795: 142, 796: 380, 797: 58, 798: 296, 799: 268, 800: 30, 801: 282, 802: 44, 879: 142, 880: 380}
Number of lables used:  16
Total time: 0.45 seconds
Memory used: 57.60 MB
--------------------------------------------------

Trying with at most 15 labels...
Solution:
{13: 86, 14: 324, 15: 86, 16: 324, 53: 268, 54: 30, 79: 156, 80: 394, 81: 282, 82: 44, 83: 142, 84: 380, 85: 282, 86: 44, 127: 156, 128: 394, 129: 268, 130: 30, 143: 268, 144: 30, 145: 268, 146: 30, 205: 268, 206: 30, 233: 282, 234: 44, 235: 296, 236: 58, 237: 380, 238: 142, 261: 268, 262: 30, 263: 156, 264: 394, 265: 792, 266: 554, 267: 394, 268: 156, 269: 324, 270: 86, 271: 324, 272: 86, 273: 156, 274: 394, 275: 156, 276: 394, 277: 324, 278: 86, 281: 282, 282: 44, 283: 282, 284: 44, 289: 268, 290: 30, 291: 282, 292: 44, 303: 30, 304: 268, 305: 394, 306: 156, 321: 142, 322: 380, 323: 30, 324: 268, 325: 554, 326: 792, 327: 324, 328: 86, 329: 44, 330: 282, 341: 58, 342: 296, 343: 58, 344: 296, 349: 58, 350: 296, 351: 268, 352: 30, 435: 282, 436: 44, 475: 142, 476: 380, 481: 268, 482: 30, 517: 282, 518: 44, 519: 268, 520: 30, 555: 30, 556: 268, 557: 44, 558: 282, 559: 282, 560: 44, 561: 30, 562: 268, 565: 324, 566: 86, 577: 156, 578: 394, 579: 156, 580: 394, 583: 44, 584: 282, 585: 142, 586: 380, 587: 282, 588: 44, 589: 380, 590: 142, 591: 142, 592: 380, 593: 86, 594: 324, 595: 268, 596: 30, 597: 58, 598: 296, 599: 58, 600: 296, 601: 142, 602: 380, 603: 380, 604: 142, 605: 380, 606: 142, 607: 380, 608: 142, 613: 30, 614: 268, 615: 142, 616: 380, 617: 282, 618: 44, 621: 58, 622: 296, 625: 268, 626: 30, 629: 30, 630: 268, 631: 380, 632: 142, 633: 58, 634: 296, 635: 30, 636: 268, 645: 324, 646: 86, 651: 268, 652: 30, 661: 268, 662: 30, 663: 30, 664: 268, 665: 394, 666: 156, 667: 268, 668: 30, 713: 324, 714: 86, 717: 156, 718: 394, 719: 554, 720: 792, 721: 380, 722: 142, 723: 268, 724: 30, 743: 142, 744: 380, 745: 268, 746: 30, 747: 296, 748: 58, 763: 30, 764: 268, 765: 86, 766: 324, 767: 554, 768: 792, 785: 394, 786: 156, 787: 58, 788: 296, 789: 268, 790: 30, 791: 380, 792: 142, 793: 268, 794: 30, 795: 380, 796: 142, 797: 268, 798: 30, 799: 380, 800: 142, 801: 324, 802: 86, 879: 268, 880: 30}
Number of lables used:  14
Total time: 0.48 seconds
Memory used: 57.61 MB
--------------------------------------------------

Trying with at most 13 labels...
[runlim] sample:		9.99 time, 10.01 real, 97 MB, 1.43 load
[runlim] sample:		19.99 time, 20.01 real, 97 MB, 1.36 load
[runlim] sample:		29.99 time, 30.01 real, 93 MB, 1.31 load
[runlim] sample:		39.98 time, 40.01 real, 93 MB, 1.26 load
[runlim] sample:		49.98 time, 50.01 real, 94 MB, 1.22 load
[runlim] sample:		59.97 time, 60.01 real, 95 MB, 1.18 load
[runlim] sample:		69.97 time, 70.01 real, 95 MB, 1.16 load
[runlim] sample:		79.96 time, 80.01 real, 95 MB, 1.13 load
[runlim] sample:		89.96 time, 90.01 real, 95 MB, 1.11 load
[runlim] sample:		99.96 time, 100.01 real, 96 MB, 1.09 load
[runlim] sample:		109.95 time, 110.01 real, 97 MB, 1.08 load
[runlim] sample:		119.95 time, 120.01 real, 99 MB, 1.07 load
[runlim] sample:		129.95 time, 130.01 real, 99 MB, 1.06 load
[runlim] sample:		139.95 time, 140.01 real, 78 MB, 1.05 load
[runlim] sample:		149.94 time, 150.01 real, 78 MB, 1.04 load
[runlim] sample:		159.93 time, 160.01 real, 74 MB, 1.03 load
[runlim] sample:		169.93 time, 170.01 real, 101 MB, 1.03 load
[runlim] sample:		179.93 time, 180.01 real, 106 MB, 1.02 load
[runlim] sample:		189.92 time, 190.01 real, 106 MB, 1.02 load
[runlim] sample:		199.92 time, 200.01 real, 107 MB, 1.02 load
[runlim] sample:		209.91 time, 210.01 real, 107 MB, 1.01 load
[runlim] sample:		219.91 time, 220.01 real, 107 MB, 1.01 load
[runlim] sample:		229.90 time, 230.01 real, 74 MB, 1.16 load
[runlim] sample:		239.90 time, 240.01 real, 89 MB, 1.14 load
[runlim] sample:		249.89 time, 250.01 real, 106 MB, 1.12 load
[runlim] sample:		259.89 time, 260.01 real, 106 MB, 1.10 load
[runlim] sample:		269.89 time, 270.01 real, 76 MB, 1.08 load
[runlim] sample:		279.88 time, 280.01 real, 93 MB, 1.07 load
[runlim] sample:		289.88 time, 290.01 real, 112 MB, 1.06 load
[runlim] sample:		299.88 time, 300.01 real, 96 MB, 1.05 load
[runlim] sample:		309.87 time, 310.01 real, 111 MB, 1.04 load
[runlim] sample:		319.87 time, 320.01 real, 111 MB, 1.03 load
[runlim] sample:		329.86 time, 330.01 real, 111 MB, 1.11 load
[runlim] sample:		339.86 time, 340.01 real, 112 MB, 1.09 load
[runlim] sample:		349.85 time, 350.01 real, 112 MB, 1.16 load
[runlim] sample:		359.85 time, 360.01 real, 116 MB, 1.13 load
[runlim] sample:		369.84 time, 370.01 real, 116 MB, 1.19 load
[runlim] sample:		379.83 time, 380.01 real, 78 MB, 1.16 load
[runlim] sample:		389.83 time, 390.01 real, 115 MB, 1.22 load
[runlim] sample:		399.82 time, 400.01 real, 117 MB, 1.18 load
[runlim] sample:		409.82 time, 410.01 real, 101 MB, 1.24 load
[runlim] sample:		419.82 time, 420.01 real, 104 MB, 1.20 load
[runlim] sample:		429.81 time, 430.01 real, 104 MB, 1.17 load
[runlim] sample:		439.81 time, 440.01 real, 104 MB, 1.14 load
[runlim] sample:		449.80 time, 450.01 real, 102 MB, 1.12 load
[runlim] sample:		459.80 time, 460.01 real, 102 MB, 1.10 load
[runlim] sample:		469.79 time, 470.01 real, 119 MB, 1.08 load
[runlim] sample:		479.79 time, 480.01 real, 119 MB, 1.22 load
[runlim] sample:		489.78 time, 490.01 real, 87 MB, 1.19 load
[runlim] sample:		499.78 time, 500.01 real, 86 MB, 1.16 load
[runlim] sample:		509.78 time, 510.01 real, 90 MB, 1.13 load
[runlim] sample:		519.77 time, 520.01 real, 106 MB, 1.11 load
[runlim] sample:		529.77 time, 530.01 real, 88 MB, 1.09 load
[runlim] sample:		539.77 time, 540.01 real, 109 MB, 1.08 load
[runlim] sample:		549.76 time, 550.01 real, 87 MB, 1.07 load
[runlim] sample:		559.75 time, 560.01 real, 92 MB, 1.06 load
[runlim] sample:		569.75 time, 570.01 real, 106 MB, 1.05 load
[runlim] sample:		579.75 time, 580.01 real, 105 MB, 1.04 load
[runlim] sample:		589.74 time, 590.01 real, 134 MB, 1.03 load
[runlim] sample:		599.74 time, 600.01 real, 165 MB, 1.03 load
[runlim] end:			Wed Mar 25 21:48:31 2026
[runlim] status:		out of time
[runlim] result:		2
[runlim] children:		1
[runlim] processes:		2
[runlim] real:			601.06 seconds
[runlim] time:			599.74 seconds
[runlim] space:			165 MB
[runlim] load:			1.51 maximum
[runlim] samples:		6000
