[runlim] version:		2.0.0rc12
[runlim] host:			ap-Precision-7550
[runlim] time limit:		311040000 seconds
[runlim] real time limit:	600 seconds
[runlim] space limit:		14000 MB
[runlim] argv[0]:		python3
[runlim] argv[1]:		-u
[runlim] argv[2]:		pairwise.py
[runlim] argv[3]:		TUD200.3
[runlim] argv[4]:		nsc
[runlim] argv[5]:		assumptions
[runlim] argv[6]:		cadical195
[runlim] start:			Sat Jun 27 03:10:54 2026
[runlim] child:			18228
Exactly-one cardinality encoding:  1
Distance constraint mode:  pairwise
Distance cardinality encoding:  1
Objective strategy:  nsc
SAT type:  assumptions
Solver:  cadical195
Number of assignment variables:  7066
Number of clauses for exactly one constraints:  133760
Number of clauses for distance constraints:  154945
---------------------------------------------------
Solve first problem:
Solution:
{1: 526, 2: 764, 3: 470, 4: 708, 5: 72, 6: 310, 7: 380, 8: 142, 9: 414, 10: 652, 11: 142, 12: 380, 13: 380, 14: 142, 15: 296, 16: 58, 17: 142, 18: 380, 19: 72, 20: 310, 21: 526, 22: 764, 23: 512, 24: 750, 25: 268, 26: 30, 27: 30, 28: 268, 29: 268, 30: 30, 31: 254, 32: 16, 33: 540, 34: 778, 35: 44, 36: 282, 37: 764, 38: 526, 39: 324, 40: 86, 41: 72, 42: 310, 43: 128, 44: 366, 45: 484, 46: 722, 47: 352, 48: 114, 49: 414, 50: 652, 51: 456, 52: 694, 53: 324, 54: 86, 55: 394, 56: 156, 57: 296, 58: 58, 59: 526, 60: 764, 61: 310, 62: 72, 63: 156, 64: 394, 65: 16, 66: 254, 67: 414, 68: 652, 69: 722, 70: 484, 71: 268, 72: 30, 73: 324, 74: 86, 75: 442, 76: 680, 77: 156, 78: 394, 79: 58, 80: 296, 81: 554, 82: 792, 83: 512, 84: 750, 85: 428, 86: 666, 87: 722, 88: 484, 89: 792, 90: 554, 91: 554, 92: 792, 93: 554, 94: 792, 95: 268, 96: 30, 97: 478, 98: 240, 99: 170, 100: 408, 101: 352, 102: 114, 103: 296, 104: 58, 105: 498, 106: 736, 107: 100, 108: 338, 109: 394, 110: 156, 111: 540, 112: 778, 113: 16, 114: 254, 115: 254, 116: 16, 117: 100, 118: 338, 119: 310, 120: 72, 121: 240, 122: 478, 123: 512, 124: 750, 125: 498, 126: 736, 127: 428, 128: 666, 129: 268, 130: 30, 131: 240, 132: 478, 133: 498, 134: 736, 135: 554, 136: 792, 137: 652, 138: 414, 139: 554, 140: 792, 141: 498, 142: 736, 143: 254, 144: 16, 145: 456, 146: 694, 147: 268, 148: 30, 149: 254, 150: 16, 151: 352, 152: 114, 153: 324, 154: 86, 155: 394, 156: 156, 157: 540, 158: 778, 159: 512, 160: 750, 161: 554, 162: 792, 163: 554, 164: 792, 165: 254, 166: 16, 167: 442, 168: 680, 169: 498, 170: 736, 171: 554, 172: 792, 173: 282, 174: 44, 175: 470, 176: 708, 177: 442, 178: 680, 179: 380, 180: 142, 181: 254, 182: 16, 183: 498, 184: 736, 185: 484, 186: 722, 187: 254, 188: 16, 189: 498, 190: 736, 191: 540, 192: 778, 193: 484, 194: 722, 195: 72, 196: 310, 197: 526, 198: 764, 199: 554, 200: 792}
Number of lables used:  48
Total time: 0.43 seconds
Memory used: 51.95 MB
--------------------------------------------------
Number of label variables:  48
Number of clauses for label constraints:  7064
Number of new variables for cardinality constraints:  1175
Number of clauses for cardinality constraints:  4606
Initial variable count:  8289
Initial clause count:  300466
--------------------------------------------------

Trying with at most 47 labels...
Solution:
{1: 526, 2: 764, 3: 470, 4: 708, 5: 72, 6: 310, 7: 526, 8: 764, 9: 414, 10: 652, 11: 408, 12: 170, 13: 380, 14: 142, 15: 296, 16: 58, 17: 142, 18: 380, 19: 72, 20: 310, 21: 526, 22: 764, 23: 512, 24: 750, 25: 268, 26: 30, 27: 30, 28: 268, 29: 268, 30: 30, 31: 254, 32: 16, 33: 540, 34: 778, 35: 44, 36: 282, 37: 764, 38: 526, 39: 44, 40: 282, 41: 394, 42: 156, 43: 128, 44: 366, 45: 484, 46: 722, 47: 352, 48: 114, 49: 414, 50: 652, 51: 456, 52: 694, 53: 324, 54: 86, 55: 394, 56: 156, 57: 296, 58: 58, 59: 526, 60: 764, 61: 310, 62: 72, 63: 296, 64: 58, 65: 16, 66: 254, 67: 414, 68: 652, 69: 722, 70: 484, 71: 268, 72: 30, 73: 324, 74: 86, 75: 442, 76: 680, 77: 156, 78: 394, 79: 58, 80: 296, 81: 324, 82: 86, 83: 310, 84: 72, 85: 428, 86: 666, 87: 722, 88: 484, 89: 764, 90: 526, 91: 114, 92: 352, 93: 254, 94: 16, 95: 268, 96: 30, 97: 478, 98: 240, 99: 170, 100: 408, 101: 352, 102: 114, 103: 296, 104: 58, 105: 498, 106: 736, 107: 100, 108: 338, 109: 282, 110: 44, 111: 540, 112: 778, 113: 16, 114: 254, 115: 254, 116: 16, 117: 100, 118: 338, 119: 310, 120: 72, 121: 240, 122: 478, 123: 512, 124: 750, 125: 498, 126: 736, 127: 428, 128: 666, 129: 268, 130: 30, 131: 240, 132: 478, 133: 498, 134: 736, 135: 114, 136: 352, 137: 652, 138: 414, 139: 652, 140: 414, 141: 498, 142: 736, 143: 778, 144: 540, 145: 456, 146: 694, 147: 268, 148: 30, 149: 254, 150: 16, 151: 352, 152: 114, 153: 324, 154: 86, 155: 394, 156: 156, 157: 540, 158: 778, 159: 512, 160: 750, 161: 778, 162: 540, 163: 470, 164: 708, 165: 254, 166: 16, 167: 442, 168: 680, 169: 498, 170: 736, 171: 380, 172: 142, 173: 268, 174: 30, 175: 470, 176: 708, 177: 268, 178: 30, 179: 380, 180: 142, 181: 338, 182: 100, 183: 324, 184: 86, 185: 484, 186: 722, 187: 254, 188: 16, 189: 498, 190: 736, 191: 540, 192: 778, 193: 484, 194: 722, 195: 72, 196: 310, 197: 526, 198: 764, 199: 254, 200: 16}
Number of lables used:  46
Total time: 0.44 seconds
Memory used: 54.37 MB
--------------------------------------------------

Trying with at most 45 labels...
Solution:
{1: 526, 2: 764, 3: 470, 4: 708, 5: 72, 6: 310, 7: 526, 8: 764, 9: 414, 10: 652, 11: 408, 12: 170, 13: 380, 14: 142, 15: 296, 16: 58, 17: 142, 18: 380, 19: 72, 20: 310, 21: 526, 22: 764, 23: 30, 24: 268, 25: 268, 26: 30, 27: 30, 28: 268, 29: 268, 30: 30, 31: 254, 32: 16, 33: 44, 34: 282, 35: 44, 36: 282, 37: 764, 38: 526, 39: 44, 40: 282, 41: 394, 42: 156, 43: 128, 44: 366, 45: 484, 46: 722, 47: 352, 48: 114, 49: 414, 50: 652, 51: 456, 52: 694, 53: 324, 54: 86, 55: 414, 56: 652, 57: 296, 58: 58, 59: 526, 60: 764, 61: 310, 62: 72, 63: 296, 64: 58, 65: 16, 66: 254, 67: 414, 68: 652, 69: 736, 70: 498, 71: 268, 72: 30, 73: 324, 74: 86, 75: 442, 76: 680, 77: 156, 78: 394, 79: 58, 80: 296, 81: 324, 82: 86, 83: 310, 84: 72, 85: 442, 86: 680, 87: 722, 88: 484, 89: 764, 90: 526, 91: 114, 92: 352, 93: 254, 94: 16, 95: 268, 96: 30, 97: 478, 98: 240, 99: 170, 100: 408, 101: 352, 102: 114, 103: 296, 104: 58, 105: 498, 106: 736, 107: 100, 108: 338, 109: 282, 110: 44, 111: 540, 112: 778, 113: 16, 114: 254, 115: 254, 116: 16, 117: 100, 118: 338, 119: 310, 120: 72, 121: 240, 122: 478, 123: 338, 124: 100, 125: 498, 126: 736, 127: 442, 128: 680, 129: 268, 130: 30, 131: 240, 132: 478, 133: 498, 134: 736, 135: 114, 136: 352, 137: 652, 138: 414, 139: 652, 140: 414, 141: 268, 142: 30, 143: 778, 144: 540, 145: 456, 146: 694, 147: 268, 148: 30, 149: 254, 150: 16, 151: 352, 152: 114, 153: 324, 154: 86, 155: 394, 156: 156, 157: 540, 158: 778, 159: 736, 160: 498, 161: 778, 162: 540, 163: 470, 164: 708, 165: 254, 166: 16, 167: 442, 168: 680, 169: 498, 170: 736, 171: 380, 172: 142, 173: 268, 174: 30, 175: 470, 176: 708, 177: 268, 178: 30, 179: 380, 180: 142, 181: 338, 182: 100, 183: 324, 184: 86, 185: 484, 186: 722, 187: 254, 188: 16, 189: 498, 190: 736, 191: 540, 192: 778, 193: 484, 194: 722, 195: 72, 196: 310, 197: 526, 198: 764, 199: 254, 200: 16}
Number of lables used:  42
Total time: 0.44 seconds
Memory used: 54.37 MB
--------------------------------------------------

Trying with at most 41 labels...
Solution:
{1: 736, 2: 498, 3: 470, 4: 708, 5: 778, 6: 540, 7: 498, 8: 736, 9: 414, 10: 652, 11: 408, 12: 170, 13: 414, 14: 652, 15: 296, 16: 58, 17: 142, 18: 380, 19: 72, 20: 310, 21: 540, 22: 778, 23: 778, 24: 540, 25: 268, 26: 30, 27: 30, 28: 268, 29: 394, 30: 156, 31: 254, 32: 16, 33: 44, 34: 282, 35: 44, 36: 282, 37: 778, 38: 540, 39: 44, 40: 282, 41: 394, 42: 156, 43: 128, 44: 366, 45: 86, 46: 324, 47: 352, 48: 114, 49: 708, 50: 470, 51: 380, 52: 142, 53: 324, 54: 86, 55: 414, 56: 652, 57: 296, 58: 58, 59: 296, 60: 58, 61: 310, 62: 72, 63: 296, 64: 58, 65: 16, 66: 254, 67: 470, 68: 708, 69: 778, 70: 540, 71: 268, 72: 30, 73: 324, 74: 86, 75: 114, 76: 352, 77: 156, 78: 394, 79: 58, 80: 296, 81: 324, 82: 86, 83: 310, 84: 72, 85: 498, 86: 736, 87: 414, 88: 652, 89: 470, 90: 708, 91: 114, 92: 352, 93: 254, 94: 16, 95: 268, 96: 30, 97: 240, 98: 478, 99: 170, 100: 408, 101: 352, 102: 114, 103: 296, 104: 58, 105: 498, 106: 736, 107: 100, 108: 338, 109: 470, 110: 708, 111: 540, 112: 778, 113: 16, 114: 254, 115: 254, 116: 16, 117: 100, 118: 338, 119: 310, 120: 72, 121: 240, 122: 478, 123: 16, 124: 254, 125: 498, 126: 736, 127: 470, 128: 708, 129: 268, 130: 30, 131: 240, 132: 478, 133: 498, 134: 736, 135: 114, 136: 352, 137: 652, 138: 414, 139: 708, 140: 470, 141: 268, 142: 30, 143: 778, 144: 540, 145: 470, 146: 708, 147: 268, 148: 30, 149: 254, 150: 16, 151: 352, 152: 114, 153: 324, 154: 86, 155: 394, 156: 156, 157: 352, 158: 114, 159: 736, 160: 498, 161: 414, 162: 652, 163: 470, 164: 708, 165: 254, 166: 16, 167: 86, 168: 324, 169: 498, 170: 736, 171: 380, 172: 142, 173: 268, 174: 30, 175: 470, 176: 708, 177: 128, 178: 366, 179: 380, 180: 142, 181: 338, 182: 100, 183: 324, 184: 86, 185: 30, 186: 268, 187: 254, 188: 16, 189: 498, 190: 736, 191: 540, 192: 778, 193: 470, 194: 708, 195: 72, 196: 310, 197: 540, 198: 778, 199: 254, 200: 16}
Number of lables used:  34
Total time: 0.44 seconds
Memory used: 54.37 MB
--------------------------------------------------

Trying with at most 33 labels...
Solution:
{1: 736, 2: 498, 3: 470, 4: 708, 5: 778, 6: 540, 7: 498, 8: 736, 9: 414, 10: 652, 11: 408, 12: 170, 13: 414, 14: 652, 15: 296, 16: 58, 17: 240, 18: 478, 19: 72, 20: 310, 21: 540, 22: 778, 23: 128, 24: 366, 25: 268, 26: 30, 27: 30, 28: 268, 29: 394, 30: 156, 31: 254, 32: 16, 33: 44, 34: 282, 35: 44, 36: 282, 37: 778, 38: 540, 39: 44, 40: 282, 41: 394, 42: 156, 43: 128, 44: 366, 45: 86, 46: 324, 47: 352, 48: 114, 49: 708, 50: 470, 51: 778, 52: 540, 53: 324, 54: 86, 55: 414, 56: 652, 57: 296, 58: 58, 59: 296, 60: 58, 61: 310, 62: 72, 63: 296, 64: 58, 65: 16, 66: 254, 67: 470, 68: 708, 69: 778, 70: 540, 71: 268, 72: 30, 73: 324, 74: 86, 75: 114, 76: 352, 77: 156, 78: 394, 79: 58, 80: 296, 81: 324, 82: 86, 83: 310, 84: 72, 85: 498, 86: 736, 87: 414, 88: 652, 89: 470, 90: 708, 91: 114, 92: 352, 93: 254, 94: 16, 95: 268, 96: 30, 97: 240, 98: 478, 99: 170, 100: 408, 101: 352, 102: 114, 103: 296, 104: 58, 105: 498, 106: 736, 107: 100, 108: 338, 109: 470, 110: 708, 111: 540, 112: 778, 113: 16, 114: 254, 115: 254, 116: 16, 117: 100, 118: 338, 119: 310, 120: 72, 121: 240, 122: 478, 123: 16, 124: 254, 125: 540, 126: 778, 127: 470, 128: 708, 129: 268, 130: 30, 131: 240, 132: 478, 133: 498, 134: 736, 135: 114, 136: 352, 137: 652, 138: 414, 139: 708, 140: 470, 141: 268, 142: 30, 143: 778, 144: 540, 145: 498, 146: 736, 147: 268, 148: 30, 149: 254, 150: 16, 151: 352, 152: 114, 153: 324, 154: 86, 155: 394, 156: 156, 157: 352, 158: 114, 159: 736, 160: 498, 161: 414, 162: 652, 163: 470, 164: 708, 165: 254, 166: 16, 167: 86, 168: 324, 169: 498, 170: 736, 171: 352, 172: 114, 173: 268, 174: 30, 175: 470, 176: 708, 177: 128, 178: 366, 179: 408, 180: 170, 181: 338, 182: 100, 183: 324, 184: 86, 185: 30, 186: 268, 187: 254, 188: 16, 189: 498, 190: 736, 191: 540, 192: 778, 193: 470, 194: 708, 195: 72, 196: 310, 197: 540, 198: 778, 199: 254, 200: 16}
Number of lables used:  32
Total time: 0.44 seconds
Memory used: 54.37 MB
--------------------------------------------------

Trying with at most 31 labels...
Solution:
{1: 128, 2: 366, 3: 58, 4: 296, 5: 778, 6: 540, 7: 498, 8: 736, 9: 414, 10: 652, 11: 408, 12: 170, 13: 414, 14: 652, 15: 58, 16: 296, 17: 408, 18: 170, 19: 652, 20: 414, 21: 540, 22: 778, 23: 778, 24: 540, 25: 414, 26: 652, 27: 30, 28: 268, 29: 394, 30: 156, 31: 254, 32: 16, 33: 338, 34: 100, 35: 44, 36: 282, 37: 736, 38: 498, 39: 44, 40: 282, 41: 100, 42: 338, 43: 128, 44: 366, 45: 100, 46: 338, 47: 352, 48: 114, 49: 114, 50: 352, 51: 736, 52: 498, 53: 30, 54: 268, 55: 414, 56: 652, 57: 296, 58: 58, 59: 296, 60: 58, 61: 338, 62: 100, 63: 414, 64: 652, 65: 16, 66: 254, 67: 58, 68: 296, 69: 30, 70: 268, 71: 268, 72: 30, 73: 324, 74: 86, 75: 652, 76: 414, 77: 156, 78: 394, 79: 58, 80: 296, 81: 324, 82: 86, 83: 310, 84: 72, 85: 498, 86: 736, 87: 156, 88: 394, 89: 498, 90: 736, 91: 114, 92: 352, 93: 254, 94: 16, 95: 268, 96: 30, 97: 240, 98: 478, 99: 478, 100: 240, 101: 498, 102: 736, 103: 296, 104: 58, 105: 498, 106: 736, 107: 540, 108: 778, 109: 414, 110: 652, 111: 498, 112: 736, 113: 16, 114: 254, 115: 254, 116: 16, 117: 296, 118: 58, 119: 128, 120: 366, 121: 408, 122: 170, 123: 16, 124: 254, 125: 778, 126: 540, 127: 540, 128: 778, 129: 44, 130: 282, 131: 240, 132: 478, 133: 498, 134: 736, 135: 58, 136: 296, 137: 352, 138: 114, 139: 30, 140: 268, 141: 268, 142: 30, 143: 540, 144: 778, 145: 498, 146: 736, 147: 652, 148: 414, 149: 254, 150: 16, 151: 86, 152: 324, 153: 652, 154: 414, 155: 394, 156: 156, 157: 114, 158: 352, 159: 736, 160: 498, 161: 414, 162: 652, 163: 352, 164: 114, 165: 254, 166: 16, 167: 86, 168: 324, 169: 498, 170: 736, 171: 352, 172: 114, 173: 268, 174: 30, 175: 414, 176: 652, 177: 128, 178: 366, 179: 408, 180: 170, 181: 338, 182: 100, 183: 324, 184: 86, 185: 30, 186: 268, 187: 254, 188: 16, 189: 498, 190: 736, 191: 352, 192: 114, 193: 498, 194: 736, 195: 72, 196: 310, 197: 652, 198: 414, 199: 324, 200: 86}
Number of lables used:  30
Total time: 0.44 seconds
Memory used: 54.38 MB
--------------------------------------------------

Trying with at most 29 labels...
Solution:
{1: 498, 2: 736, 3: 296, 4: 58, 5: 268, 6: 30, 7: 652, 8: 414, 9: 652, 10: 414, 11: 408, 12: 170, 13: 414, 14: 652, 15: 652, 16: 414, 17: 170, 18: 408, 19: 414, 20: 652, 21: 72, 22: 310, 23: 296, 24: 58, 25: 540, 26: 778, 27: 652, 28: 414, 29: 736, 30: 498, 31: 16, 32: 254, 33: 310, 34: 72, 35: 44, 36: 282, 37: 722, 38: 484, 39: 44, 40: 282, 41: 128, 42: 366, 43: 58, 44: 296, 45: 16, 46: 254, 47: 778, 48: 540, 49: 736, 50: 498, 51: 778, 52: 540, 53: 30, 54: 268, 55: 366, 56: 128, 57: 414, 58: 652, 59: 282, 60: 44, 61: 296, 62: 58, 63: 498, 64: 736, 65: 736, 66: 498, 67: 72, 68: 310, 69: 44, 70: 282, 71: 484, 72: 722, 73: 484, 74: 722, 75: 366, 76: 128, 77: 128, 78: 366, 79: 778, 80: 540, 81: 254, 82: 16, 83: 72, 84: 310, 85: 484, 86: 722, 87: 484, 88: 722, 89: 498, 90: 736, 91: 128, 92: 366, 93: 254, 94: 16, 95: 128, 96: 366, 97: 240, 98: 478, 99: 478, 100: 240, 101: 498, 102: 736, 103: 58, 104: 296, 105: 128, 106: 366, 107: 778, 108: 540, 109: 414, 110: 652, 111: 310, 112: 72, 113: 30, 114: 268, 115: 16, 116: 254, 117: 268, 118: 30, 119: 540, 120: 778, 121: 408, 122: 170, 123: 778, 124: 540, 125: 778, 126: 540, 127: 484, 128: 722, 129: 366, 130: 128, 131: 478, 132: 240, 133: 778, 134: 540, 135: 58, 136: 296, 137: 652, 138: 414, 139: 128, 140: 366, 141: 778, 142: 540, 143: 722, 144: 484, 145: 498, 146: 736, 147: 414, 148: 652, 149: 16, 150: 254, 151: 128, 152: 366, 153: 652, 154: 414, 155: 282, 156: 44, 157: 30, 158: 268, 159: 498, 160: 736, 161: 296, 162: 58, 163: 310, 164: 72, 165: 268, 166: 30, 167: 282, 168: 44, 169: 540, 170: 778, 171: 16, 172: 254, 173: 268, 174: 30, 175: 778, 176: 540, 177: 254, 178: 16, 179: 408, 180: 170, 181: 72, 182: 310, 183: 540, 184: 778, 185: 30, 186: 268, 187: 72, 188: 310, 189: 722, 190: 484, 191: 30, 192: 268, 193: 128, 194: 366, 195: 72, 196: 310, 197: 652, 198: 414, 199: 366, 200: 128}
Number of lables used:  24
Total time: 0.45 seconds
Memory used: 54.39 MB
--------------------------------------------------

Trying with at most 23 labels...
Solution:
{1: 498, 2: 736, 3: 296, 4: 58, 5: 268, 6: 30, 7: 652, 8: 414, 9: 652, 10: 414, 11: 408, 12: 170, 13: 414, 14: 652, 15: 652, 16: 414, 17: 170, 18: 408, 19: 414, 20: 652, 21: 72, 22: 310, 23: 722, 24: 484, 25: 540, 26: 778, 27: 652, 28: 414, 29: 736, 30: 498, 31: 16, 32: 254, 33: 268, 34: 30, 35: 128, 36: 366, 37: 722, 38: 484, 39: 366, 40: 128, 41: 128, 42: 366, 43: 58, 44: 296, 45: 16, 46: 254, 47: 778, 48: 540, 49: 736, 50: 498, 51: 30, 52: 268, 53: 30, 54: 268, 55: 366, 56: 128, 57: 414, 58: 652, 59: 736, 60: 498, 61: 296, 62: 58, 63: 498, 64: 736, 65: 736, 66: 498, 67: 72, 68: 310, 69: 58, 70: 296, 71: 484, 72: 722, 73: 484, 74: 722, 75: 366, 76: 128, 77: 128, 78: 366, 79: 778, 80: 540, 81: 254, 82: 16, 83: 72, 84: 310, 85: 484, 86: 722, 87: 484, 88: 722, 89: 498, 90: 736, 91: 254, 92: 16, 93: 254, 94: 16, 95: 128, 96: 366, 97: 240, 98: 478, 99: 478, 100: 240, 101: 498, 102: 736, 103: 58, 104: 296, 105: 128, 106: 366, 107: 778, 108: 540, 109: 414, 110: 652, 111: 310, 112: 72, 113: 30, 114: 268, 115: 16, 116: 254, 117: 484, 118: 722, 119: 540, 120: 778, 121: 408, 122: 170, 123: 778, 124: 540, 125: 778, 126: 540, 127: 484, 128: 722, 129: 366, 130: 128, 131: 478, 132: 240, 133: 778, 134: 540, 135: 58, 136: 296, 137: 652, 138: 414, 139: 128, 140: 366, 141: 310, 142: 72, 143: 722, 144: 484, 145: 498, 146: 736, 147: 414, 148: 652, 149: 16, 150: 254, 151: 128, 152: 366, 153: 652, 154: 414, 155: 414, 156: 652, 157: 30, 158: 268, 159: 254, 160: 16, 161: 296, 162: 58, 163: 310, 164: 72, 165: 268, 166: 30, 167: 296, 168: 58, 169: 540, 170: 778, 171: 16, 172: 254, 173: 268, 174: 30, 175: 778, 176: 540, 177: 254, 178: 16, 179: 408, 180: 170, 181: 72, 182: 310, 183: 540, 184: 778, 185: 30, 186: 268, 187: 72, 188: 310, 189: 722, 190: 484, 191: 30, 192: 268, 193: 128, 194: 366, 195: 72, 196: 310, 197: 652, 198: 414, 199: 366, 200: 128}
Number of lables used:  22
Total time: 0.45 seconds
Memory used: 54.40 MB
--------------------------------------------------

Trying with at most 21 labels...
Solution:
{1: 86, 2: 324, 3: 114, 4: 352, 5: 114, 6: 352, 7: 114, 8: 352, 9: 324, 10: 86, 11: 408, 12: 170, 13: 114, 14: 352, 15: 554, 16: 792, 17: 170, 18: 408, 19: 666, 20: 428, 21: 792, 22: 554, 23: 324, 24: 86, 25: 428, 26: 666, 27: 666, 28: 428, 29: 86, 30: 324, 31: 512, 32: 750, 33: 114, 34: 352, 35: 114, 36: 352, 37: 792, 38: 554, 39: 352, 40: 114, 41: 114, 42: 352, 43: 694, 44: 456, 45: 16, 46: 254, 47: 114, 48: 352, 49: 254, 50: 16, 51: 778, 52: 540, 53: 512, 54: 750, 55: 666, 56: 428, 57: 352, 58: 114, 59: 694, 60: 456, 61: 254, 62: 16, 63: 428, 64: 666, 65: 778, 66: 540, 67: 428, 68: 666, 69: 114, 70: 352, 71: 428, 72: 666, 73: 694, 74: 456, 75: 456, 76: 694, 77: 16, 78: 254, 79: 778, 80: 540, 81: 254, 82: 16, 83: 540, 84: 778, 85: 352, 86: 114, 87: 666, 88: 428, 89: 694, 90: 456, 91: 254, 92: 16, 93: 750, 94: 512, 95: 428, 96: 666, 97: 408, 98: 170, 99: 478, 100: 240, 101: 114, 102: 352, 103: 352, 104: 114, 105: 254, 106: 16, 107: 512, 108: 750, 109: 324, 110: 86, 111: 86, 112: 324, 113: 86, 114: 324, 115: 16, 116: 254, 117: 428, 118: 666, 119: 666, 120: 428, 121: 408, 122: 170, 123: 750, 124: 512, 125: 540, 126: 778, 127: 512, 128: 750, 129: 324, 130: 86, 131: 478, 132: 240, 133: 456, 134: 694, 135: 540, 136: 778, 137: 554, 138: 792, 139: 114, 140: 352, 141: 324, 142: 86, 143: 254, 144: 16, 145: 750, 146: 512, 147: 254, 148: 16, 149: 16, 150: 254, 151: 554, 152: 792, 153: 16, 154: 254, 155: 540, 156: 778, 157: 428, 158: 666, 159: 16, 160: 254, 161: 86, 162: 324, 163: 694, 164: 456, 165: 324, 166: 86, 167: 512, 168: 750, 169: 352, 170: 114, 171: 792, 172: 554, 173: 86, 174: 324, 175: 86, 176: 324, 177: 666, 178: 428, 179: 478, 180: 240, 181: 16, 182: 254, 183: 666, 184: 428, 185: 512, 186: 750, 187: 86, 188: 324, 189: 86, 190: 324, 191: 540, 192: 778, 193: 750, 194: 512, 195: 540, 196: 778, 197: 324, 198: 86, 199: 254, 200: 16}
Number of lables used:  20
Total time: 0.47 seconds
Memory used: 54.40 MB
--------------------------------------------------

Trying with at most 19 labels...
Solution:
{1: 456, 2: 694, 3: 414, 4: 652, 5: 652, 6: 414, 7: 16, 8: 254, 9: 498, 10: 736, 11: 478, 12: 240, 13: 16, 14: 254, 15: 268, 16: 30, 17: 240, 18: 478, 19: 540, 20: 778, 21: 652, 22: 414, 23: 652, 24: 414, 25: 498, 26: 736, 27: 694, 28: 456, 29: 498, 30: 736, 31: 16, 32: 254, 33: 30, 34: 268, 35: 778, 36: 540, 37: 30, 38: 268, 39: 540, 40: 778, 41: 352, 42: 114, 43: 694, 44: 456, 45: 16, 46: 254, 47: 352, 48: 114, 49: 414, 50: 652, 51: 268, 52: 30, 53: 114, 54: 352, 55: 540, 56: 778, 57: 114, 58: 352, 59: 498, 60: 736, 61: 352, 62: 114, 63: 268, 64: 30, 65: 30, 66: 268, 67: 778, 68: 540, 69: 114, 70: 352, 71: 540, 72: 778, 73: 414, 74: 652, 75: 114, 76: 352, 77: 114, 78: 352, 79: 778, 80: 540, 81: 352, 82: 114, 83: 540, 84: 778, 85: 498, 86: 736, 87: 414, 88: 652, 89: 652, 90: 414, 91: 30, 92: 268, 93: 16, 94: 254, 95: 114, 96: 352, 97: 408, 98: 170, 99: 170, 100: 408, 101: 540, 102: 778, 103: 540, 104: 778, 105: 114, 106: 352, 107: 254, 108: 16, 109: 540, 110: 778, 111: 268, 112: 30, 113: 114, 114: 352, 115: 254, 116: 16, 117: 694, 118: 456, 119: 540, 120: 778, 121: 240, 122: 478, 123: 16, 124: 254, 125: 694, 126: 456, 127: 498, 128: 736, 129: 268, 130: 30, 131: 478, 132: 240, 133: 352, 134: 114, 135: 694, 136: 456, 137: 652, 138: 414, 139: 114, 140: 352, 141: 736, 142: 498, 143: 694, 144: 456, 145: 16, 146: 254, 147: 254, 148: 16, 149: 352, 150: 114, 151: 456, 152: 694, 153: 114, 154: 352, 155: 778, 156: 540, 157: 456, 158: 694, 159: 16, 160: 254, 161: 30, 162: 268, 163: 414, 164: 652, 165: 268, 166: 30, 167: 736, 168: 498, 169: 540, 170: 778, 171: 652, 172: 414, 173: 456, 174: 694, 175: 30, 176: 268, 177: 16, 178: 254, 179: 170, 180: 408, 181: 652, 182: 414, 183: 114, 184: 352, 185: 352, 186: 114, 187: 30, 188: 268, 189: 498, 190: 736, 191: 456, 192: 694, 193: 540, 194: 778, 195: 652, 196: 414, 197: 736, 198: 498, 199: 254, 200: 16}
Number of lables used:  18
Total time: 0.49 seconds
Memory used: 54.40 MB
--------------------------------------------------

Trying with at most 17 labels...
Solution:
{1: 484, 2: 722, 3: 414, 4: 652, 5: 128, 6: 366, 7: 352, 8: 114, 9: 414, 10: 652, 11: 408, 12: 170, 13: 414, 14: 652, 15: 652, 16: 414, 17: 170, 18: 408, 19: 414, 20: 652, 21: 540, 22: 778, 23: 414, 24: 652, 25: 540, 26: 778, 27: 652, 28: 414, 29: 540, 30: 778, 31: 114, 32: 352, 33: 778, 34: 540, 35: 722, 36: 484, 37: 722, 38: 484, 39: 652, 40: 414, 41: 128, 42: 366, 43: 128, 44: 366, 45: 16, 46: 254, 47: 352, 48: 114, 49: 254, 50: 16, 51: 484, 52: 722, 53: 114, 54: 352, 55: 114, 56: 352, 57: 652, 58: 414, 59: 254, 60: 16, 61: 254, 62: 16, 63: 540, 64: 778, 65: 778, 66: 540, 67: 114, 68: 352, 69: 352, 70: 114, 71: 540, 72: 778, 73: 484, 74: 722, 75: 128, 76: 366, 77: 16, 78: 254, 79: 114, 80: 352, 81: 352, 82: 114, 83: 414, 84: 652, 85: 484, 86: 722, 87: 414, 88: 652, 89: 128, 90: 366, 91: 16, 92: 254, 93: 540, 94: 778, 95: 778, 96: 540, 97: 240, 98: 478, 99: 478, 100: 240, 101: 652, 102: 414, 103: 540, 104: 778, 105: 254, 106: 16, 107: 366, 108: 128, 109: 484, 110: 722, 111: 352, 112: 114, 113: 16, 114: 254, 115: 254, 116: 16, 117: 114, 118: 352, 119: 366, 120: 128, 121: 408, 122: 170, 123: 652, 124: 414, 125: 778, 126: 540, 127: 722, 128: 484, 129: 366, 130: 128, 131: 478, 132: 240, 133: 484, 134: 722, 135: 722, 136: 484, 137: 414, 138: 652, 139: 114, 140: 352, 141: 484, 142: 722, 143: 128, 144: 366, 145: 778, 146: 540, 147: 652, 148: 414, 149: 16, 150: 254, 151: 778, 152: 540, 153: 16, 154: 254, 155: 414, 156: 652, 157: 114, 158: 352, 159: 254, 160: 16, 161: 540, 162: 778, 163: 540, 164: 778, 165: 254, 166: 16, 167: 16, 168: 254, 169: 352, 170: 114, 171: 652, 172: 414, 173: 366, 174: 128, 175: 722, 176: 484, 177: 540, 178: 778, 179: 408, 180: 170, 181: 16, 182: 254, 183: 114, 184: 352, 185: 484, 186: 722, 187: 778, 188: 540, 189: 484, 190: 722, 191: 352, 192: 114, 193: 484, 194: 722, 195: 16, 196: 254, 197: 778, 198: 540, 199: 254, 200: 16}
Number of lables used:  16
Total time: 0.55 seconds
Memory used: 65.83 MB
--------------------------------------------------

Trying with at most 15 labels...
Solution:
{1: 470, 2: 708, 3: 554, 4: 792, 5: 708, 6: 470, 7: 58, 8: 296, 9: 142, 10: 380, 11: 478, 12: 240, 13: 58, 14: 296, 15: 708, 16: 470, 17: 478, 18: 240, 19: 58, 20: 296, 21: 708, 22: 470, 23: 470, 24: 708, 25: 554, 26: 792, 27: 792, 28: 554, 29: 142, 30: 380, 31: 428, 32: 666, 33: 708, 34: 470, 35: 142, 36: 380, 37: 142, 38: 380, 39: 792, 40: 554, 41: 296, 42: 58, 43: 750, 44: 512, 45: 512, 46: 750, 47: 58, 48: 296, 49: 58, 50: 296, 51: 428, 52: 666, 53: 380, 54: 142, 55: 58, 56: 296, 57: 554, 58: 792, 59: 792, 60: 554, 61: 296, 62: 58, 63: 554, 64: 792, 65: 142, 66: 380, 67: 708, 68: 470, 69: 58, 70: 296, 71: 708, 72: 470, 73: 58, 74: 296, 75: 750, 76: 512, 77: 380, 78: 142, 79: 58, 80: 296, 81: 58, 82: 296, 83: 296, 84: 58, 85: 512, 86: 750, 87: 58, 88: 296, 89: 470, 90: 708, 91: 380, 92: 142, 93: 380, 94: 142, 95: 666, 96: 428, 97: 142, 98: 380, 99: 142, 100: 380, 101: 512, 102: 750, 103: 554, 104: 792, 105: 428, 106: 666, 107: 380, 108: 142, 109: 554, 110: 792, 111: 750, 112: 512, 113: 666, 114: 428, 115: 792, 116: 554, 117: 380, 118: 142, 119: 470, 120: 708, 121: 240, 122: 478, 123: 512, 124: 750, 125: 428, 126: 666, 127: 554, 128: 792, 129: 792, 130: 554, 131: 142, 132: 380, 133: 750, 134: 512, 135: 142, 136: 380, 137: 58, 138: 296, 139: 58, 140: 296, 141: 428, 142: 666, 143: 750, 144: 512, 145: 58, 146: 296, 147: 512, 148: 750, 149: 708, 150: 470, 151: 428, 152: 666, 153: 792, 154: 554, 155: 58, 156: 296, 157: 470, 158: 708, 159: 792, 160: 554, 161: 750, 162: 512, 163: 296, 164: 58, 165: 380, 166: 142, 167: 142, 168: 380, 169: 512, 170: 750, 171: 708, 172: 470, 173: 428, 174: 666, 175: 792, 176: 554, 177: 708, 178: 470, 179: 240, 180: 478, 181: 750, 182: 512, 183: 512, 184: 750, 185: 750, 186: 512, 187: 58, 188: 296, 189: 428, 190: 666, 191: 58, 192: 296, 193: 666, 194: 428, 195: 428, 196: 666, 197: 296, 198: 58, 199: 708, 200: 470}
Number of lables used:  14
Total time: 0.57 seconds
Memory used: 65.83 MB
--------------------------------------------------

Trying with at most 13 labels...
Cannot find solution.
No more solutions found.
Optimal number of labels used:  14
Total time: 9.76 seconds
Memory used: 87.01 MB
[runlim] end:			Sat Jun 27 03:11:04 2026
[runlim] status:		ok
[runlim] result:		0
[runlim] children:		1
[runlim] processes:		2
[runlim] real:			9.81 seconds
[runlim] time:			9.69 seconds
[runlim] space:			87 MB
[runlim] load:			1.03 maximum
[runlim] samples:		98
