[runlim] version:		2.0.0rc12
[runlim] host:			ap-Precision-7550
[runlim] time limit:		311040000 seconds
[runlim] real time limit:	600 seconds
[runlim] space limit:		14000 MB
[runlim] argv[0]:		python3
[runlim] argv[1]:		-u
[runlim] argv[2]:		pairwise.py
[runlim] argv[3]:		TUD200.1
[runlim] argv[4]:		nsc
[runlim] argv[5]:		assumptions
[runlim] argv[6]:		cadical195
[runlim] start:			Sat Jun 27 03:10:14 2026
[runlim] child:			18220
Exactly-one cardinality encoding:  1
Distance constraint mode:  pairwise
Distance cardinality encoding:  1
Objective strategy:  nsc
SAT type:  assumptions
Solver:  cadical195
Number of assignment variables:  7986
Number of clauses for exactly one constraints:  160844
Number of clauses for distance constraints:  178421
---------------------------------------------------
Solve first problem:
Solution:
{1: 114, 2: 352, 3: 324, 4: 86, 5: 254, 6: 16, 7: 750, 8: 512, 9: 296, 10: 58, 11: 16, 12: 254, 13: 792, 14: 554, 15: 58, 16: 296, 17: 16, 18: 254, 19: 498, 20: 736, 21: 470, 22: 708, 23: 100, 24: 338, 25: 484, 26: 722, 27: 512, 28: 750, 29: 540, 30: 778, 31: 442, 32: 680, 33: 554, 34: 792, 35: 282, 36: 44, 37: 254, 38: 16, 39: 366, 40: 128, 41: 414, 42: 652, 43: 254, 44: 16, 45: 310, 46: 72, 47: 750, 48: 512, 49: 470, 50: 708, 51: 394, 52: 156, 53: 652, 54: 414, 55: 296, 56: 58, 57: 394, 58: 156, 59: 540, 60: 778, 61: 310, 62: 72, 63: 414, 64: 652, 65: 750, 66: 512, 67: 414, 68: 652, 69: 254, 70: 16, 71: 394, 72: 156, 73: 268, 74: 30, 75: 470, 76: 708, 77: 86, 78: 324, 79: 456, 80: 694, 81: 554, 82: 792, 83: 428, 84: 666, 85: 30, 86: 268, 87: 778, 88: 540, 89: 30, 90: 268, 91: 456, 92: 694, 93: 16, 94: 254, 95: 428, 96: 666, 97: 540, 98: 778, 99: 652, 100: 414, 101: 380, 102: 142, 103: 268, 104: 30, 105: 128, 106: 366, 107: 282, 108: 44, 109: 268, 110: 30, 111: 296, 112: 58, 113: 254, 114: 16, 115: 526, 116: 764, 117: 526, 118: 764, 119: 72, 120: 310, 121: 456, 122: 694, 123: 338, 124: 100, 125: 268, 126: 30, 127: 254, 128: 16, 129: 380, 130: 142, 131: 380, 132: 142, 133: 554, 134: 792, 135: 554, 136: 792, 137: 30, 138: 268, 139: 338, 140: 100, 141: 380, 142: 142, 143: 540, 144: 778, 145: 554, 146: 792, 147: 254, 148: 16, 149: 554, 150: 792, 151: 44, 152: 282, 153: 268, 154: 30, 155: 554, 156: 792, 157: 554, 158: 792, 159: 254, 160: 16, 161: 554, 162: 792, 163: 526, 164: 764, 165: 58, 166: 296, 167: 526, 168: 764, 169: 554, 170: 792, 171: 498, 172: 736, 173: 540, 174: 778, 175: 526, 176: 764, 177: 666, 178: 428, 179: 498, 180: 736, 181: 554, 182: 792, 183: 58, 184: 296, 185: 156, 186: 394, 187: 156, 188: 394, 189: 484, 190: 722, 191: 428, 192: 666, 193: 484, 194: 722, 195: 554, 196: 792, 197: 484, 198: 722, 199: 540, 200: 778}
Number of lables used:  44
Total time: 0.40 seconds
Memory used: 56.96 MB
--------------------------------------------------
Number of label variables:  48
Number of clauses for label constraints:  7986
Number of new variables for cardinality constraints:  1161
Number of clauses for cardinality constraints:  4558
Initial variable count:  9195
Initial clause count:  351866
--------------------------------------------------

Trying with at most 43 labels...
Solution:
{1: 16, 2: 254, 3: 128, 4: 366, 5: 484, 6: 722, 7: 310, 8: 72, 9: 268, 10: 30, 11: 16, 12: 254, 13: 442, 14: 680, 15: 470, 16: 708, 17: 16, 18: 254, 19: 352, 20: 114, 21: 470, 22: 708, 23: 722, 24: 484, 25: 72, 26: 310, 27: 16, 28: 254, 29: 722, 30: 484, 31: 16, 32: 254, 33: 282, 34: 44, 35: 86, 36: 324, 37: 254, 38: 16, 39: 428, 40: 666, 41: 58, 42: 296, 43: 324, 44: 86, 45: 86, 46: 324, 47: 652, 48: 414, 49: 652, 50: 414, 51: 310, 52: 72, 53: 16, 54: 254, 55: 394, 56: 156, 57: 72, 58: 310, 59: 72, 60: 310, 61: 310, 62: 72, 63: 16, 64: 254, 65: 114, 66: 352, 67: 414, 68: 652, 69: 156, 70: 394, 71: 442, 72: 680, 73: 268, 74: 30, 75: 442, 76: 680, 77: 414, 78: 652, 79: 254, 80: 16, 81: 30, 82: 268, 83: 428, 84: 666, 85: 30, 86: 268, 87: 708, 88: 470, 89: 380, 90: 142, 91: 72, 92: 310, 93: 652, 94: 414, 95: 86, 96: 324, 97: 394, 98: 156, 99: 380, 100: 142, 101: 30, 102: 268, 103: 366, 104: 128, 105: 128, 106: 366, 107: 282, 108: 44, 109: 268, 110: 30, 111: 380, 112: 142, 113: 254, 114: 16, 115: 414, 116: 652, 117: 708, 118: 470, 119: 16, 120: 254, 121: 30, 122: 268, 123: 338, 124: 100, 125: 72, 126: 310, 127: 254, 128: 16, 129: 478, 130: 240, 131: 380, 132: 142, 133: 380, 134: 142, 135: 58, 136: 296, 137: 58, 138: 296, 139: 456, 140: 694, 141: 428, 142: 666, 143: 282, 144: 44, 145: 352, 146: 114, 147: 442, 148: 680, 149: 268, 150: 30, 151: 652, 152: 414, 153: 268, 154: 30, 155: 484, 156: 722, 157: 352, 158: 114, 159: 44, 160: 282, 161: 666, 162: 428, 163: 156, 164: 394, 165: 58, 166: 296, 167: 456, 168: 694, 169: 142, 170: 380, 171: 442, 172: 680, 173: 380, 174: 142, 175: 442, 176: 680, 177: 268, 178: 30, 179: 708, 180: 470, 181: 722, 182: 484, 183: 694, 184: 456, 185: 352, 186: 114, 187: 282, 188: 44, 189: 484, 190: 722, 191: 428, 192: 666, 193: 16, 194: 254, 195: 30, 196: 268, 197: 484, 198: 722, 199: 86, 200: 324}
Number of lables used:  36
Total time: 0.42 seconds
Memory used: 59.54 MB
--------------------------------------------------

Trying with at most 35 labels...
Solution:
{1: 16, 2: 254, 3: 128, 4: 366, 5: 484, 6: 722, 7: 310, 8: 72, 9: 268, 10: 30, 11: 16, 12: 254, 13: 442, 14: 680, 15: 470, 16: 708, 17: 16, 18: 254, 19: 352, 20: 114, 21: 470, 22: 708, 23: 722, 24: 484, 25: 72, 26: 310, 27: 16, 28: 254, 29: 722, 30: 484, 31: 16, 32: 254, 33: 282, 34: 44, 35: 86, 36: 324, 37: 254, 38: 16, 39: 428, 40: 666, 41: 58, 42: 296, 43: 324, 44: 86, 45: 86, 46: 324, 47: 652, 48: 414, 49: 652, 50: 414, 51: 310, 52: 72, 53: 16, 54: 254, 55: 394, 56: 156, 57: 72, 58: 310, 59: 72, 60: 310, 61: 310, 62: 72, 63: 16, 64: 254, 65: 114, 66: 352, 67: 414, 68: 652, 69: 156, 70: 394, 71: 442, 72: 680, 73: 268, 74: 30, 75: 442, 76: 680, 77: 414, 78: 652, 79: 324, 80: 86, 81: 30, 82: 268, 83: 428, 84: 666, 85: 30, 86: 268, 87: 708, 88: 470, 89: 380, 90: 142, 91: 72, 92: 310, 93: 652, 94: 414, 95: 86, 96: 324, 97: 394, 98: 156, 99: 380, 100: 142, 101: 30, 102: 268, 103: 366, 104: 128, 105: 128, 106: 366, 107: 282, 108: 44, 109: 268, 110: 30, 111: 44, 112: 282, 113: 254, 114: 16, 115: 414, 116: 652, 117: 708, 118: 470, 119: 16, 120: 254, 121: 30, 122: 268, 123: 16, 124: 254, 125: 72, 126: 310, 127: 254, 128: 16, 129: 478, 130: 240, 131: 380, 132: 142, 133: 380, 134: 142, 135: 58, 136: 296, 137: 58, 138: 296, 139: 456, 140: 694, 141: 428, 142: 666, 143: 282, 144: 44, 145: 352, 146: 114, 147: 442, 148: 680, 149: 268, 150: 30, 151: 652, 152: 414, 153: 268, 154: 30, 155: 484, 156: 722, 157: 352, 158: 114, 159: 44, 160: 282, 161: 666, 162: 428, 163: 156, 164: 394, 165: 58, 166: 296, 167: 456, 168: 694, 169: 142, 170: 380, 171: 442, 172: 680, 173: 380, 174: 142, 175: 442, 176: 680, 177: 268, 178: 30, 179: 708, 180: 470, 181: 722, 182: 484, 183: 694, 184: 456, 185: 352, 186: 114, 187: 282, 188: 44, 189: 484, 190: 722, 191: 428, 192: 666, 193: 16, 194: 254, 195: 30, 196: 268, 197: 484, 198: 722, 199: 86, 200: 324}
Number of lables used:  34
Total time: 0.42 seconds
Memory used: 59.55 MB
--------------------------------------------------

Trying with at most 33 labels...
Solution:
{1: 16, 2: 254, 3: 128, 4: 366, 5: 484, 6: 722, 7: 310, 8: 72, 9: 296, 10: 58, 11: 16, 12: 254, 13: 442, 14: 680, 15: 470, 16: 708, 17: 254, 18: 16, 19: 652, 20: 414, 21: 470, 22: 708, 23: 722, 24: 484, 25: 72, 26: 310, 27: 16, 28: 254, 29: 722, 30: 484, 31: 72, 32: 310, 33: 310, 34: 72, 35: 86, 36: 324, 37: 254, 38: 16, 39: 442, 40: 680, 41: 58, 42: 296, 43: 324, 44: 86, 45: 86, 46: 324, 47: 652, 48: 414, 49: 652, 50: 414, 51: 310, 52: 72, 53: 16, 54: 254, 55: 394, 56: 156, 57: 72, 58: 310, 59: 72, 60: 310, 61: 310, 62: 72, 63: 16, 64: 254, 65: 114, 66: 352, 67: 414, 68: 652, 69: 414, 70: 652, 71: 442, 72: 680, 73: 268, 74: 30, 75: 442, 76: 680, 77: 414, 78: 652, 79: 324, 80: 86, 81: 30, 82: 268, 83: 254, 84: 16, 85: 30, 86: 268, 87: 16, 88: 254, 89: 380, 90: 142, 91: 72, 92: 310, 93: 652, 94: 414, 95: 86, 96: 324, 97: 394, 98: 156, 99: 16, 100: 254, 101: 30, 102: 268, 103: 366, 104: 128, 105: 128, 106: 366, 107: 282, 108: 44, 109: 268, 110: 30, 111: 44, 112: 282, 113: 254, 114: 16, 115: 414, 116: 652, 117: 708, 118: 470, 119: 16, 120: 254, 121: 30, 122: 268, 123: 16, 124: 254, 125: 72, 126: 310, 127: 254, 128: 16, 129: 478, 130: 240, 131: 58, 132: 296, 133: 380, 134: 142, 135: 142, 136: 380, 137: 58, 138: 296, 139: 456, 140: 694, 141: 694, 142: 456, 143: 282, 144: 44, 145: 352, 146: 114, 147: 442, 148: 680, 149: 268, 150: 30, 151: 652, 152: 414, 153: 268, 154: 30, 155: 484, 156: 722, 157: 352, 158: 114, 159: 414, 160: 652, 161: 680, 162: 442, 163: 156, 164: 394, 165: 58, 166: 296, 167: 652, 168: 414, 169: 142, 170: 380, 171: 442, 172: 680, 173: 380, 174: 142, 175: 442, 176: 680, 177: 268, 178: 30, 179: 708, 180: 470, 181: 722, 182: 484, 183: 694, 184: 456, 185: 394, 186: 156, 187: 282, 188: 44, 189: 484, 190: 722, 191: 414, 192: 652, 193: 86, 194: 324, 195: 282, 196: 44, 197: 722, 198: 484, 199: 268, 200: 30}
Number of lables used:  32
Total time: 0.42 seconds
Memory used: 59.56 MB
--------------------------------------------------

Trying with at most 31 labels...
Solution:
{1: 16, 2: 254, 3: 128, 4: 366, 5: 484, 6: 722, 7: 310, 8: 72, 9: 296, 10: 58, 11: 16, 12: 254, 13: 442, 14: 680, 15: 484, 16: 722, 17: 254, 18: 16, 19: 652, 20: 414, 21: 352, 22: 114, 23: 722, 24: 484, 25: 72, 26: 310, 27: 16, 28: 254, 29: 722, 30: 484, 31: 72, 32: 310, 33: 310, 34: 72, 35: 86, 36: 324, 37: 254, 38: 16, 39: 442, 40: 680, 41: 58, 42: 296, 43: 324, 44: 86, 45: 86, 46: 324, 47: 652, 48: 414, 49: 652, 50: 414, 51: 310, 52: 72, 53: 16, 54: 254, 55: 394, 56: 156, 57: 72, 58: 310, 59: 72, 60: 310, 61: 310, 62: 72, 63: 16, 64: 254, 65: 114, 66: 352, 67: 414, 68: 652, 69: 414, 70: 652, 71: 442, 72: 680, 73: 268, 74: 30, 75: 442, 76: 680, 77: 414, 78: 652, 79: 324, 80: 86, 81: 30, 82: 268, 83: 254, 84: 16, 85: 30, 86: 268, 87: 16, 88: 254, 89: 380, 90: 142, 91: 72, 92: 310, 93: 652, 94: 414, 95: 86, 96: 324, 97: 394, 98: 156, 99: 16, 100: 254, 101: 30, 102: 268, 103: 366, 104: 128, 105: 128, 106: 366, 107: 282, 108: 44, 109: 268, 110: 30, 111: 44, 112: 282, 113: 254, 114: 16, 115: 414, 116: 652, 117: 722, 118: 484, 119: 16, 120: 254, 121: 30, 122: 268, 123: 16, 124: 254, 125: 72, 126: 310, 127: 254, 128: 16, 129: 478, 130: 240, 131: 58, 132: 296, 133: 380, 134: 142, 135: 142, 136: 380, 137: 58, 138: 296, 139: 456, 140: 694, 141: 694, 142: 456, 143: 282, 144: 44, 145: 352, 146: 114, 147: 442, 148: 680, 149: 268, 150: 30, 151: 652, 152: 414, 153: 268, 154: 30, 155: 484, 156: 722, 157: 352, 158: 114, 159: 414, 160: 652, 161: 680, 162: 442, 163: 156, 164: 394, 165: 58, 166: 296, 167: 652, 168: 414, 169: 142, 170: 380, 171: 442, 172: 680, 173: 380, 174: 142, 175: 442, 176: 680, 177: 268, 178: 30, 179: 722, 180: 484, 181: 722, 182: 484, 183: 694, 184: 456, 185: 394, 186: 156, 187: 282, 188: 44, 189: 484, 190: 722, 191: 414, 192: 652, 193: 86, 194: 324, 195: 282, 196: 44, 197: 722, 198: 484, 199: 268, 200: 30}
Number of lables used:  30
Total time: 0.42 seconds
Memory used: 59.57 MB
--------------------------------------------------

Trying with at most 29 labels...
Solution:
{1: 16, 2: 254, 3: 86, 4: 324, 5: 652, 6: 414, 7: 310, 8: 72, 9: 254, 10: 16, 11: 352, 12: 114, 13: 442, 14: 680, 15: 484, 16: 722, 17: 254, 18: 16, 19: 680, 20: 442, 21: 352, 22: 114, 23: 722, 24: 484, 25: 72, 26: 310, 27: 16, 28: 254, 29: 44, 30: 282, 31: 72, 32: 310, 33: 352, 34: 114, 35: 86, 36: 324, 37: 254, 38: 16, 39: 142, 40: 380, 41: 16, 42: 254, 43: 324, 44: 86, 45: 86, 46: 324, 47: 16, 48: 254, 49: 652, 50: 414, 51: 310, 52: 72, 53: 16, 54: 254, 55: 394, 56: 156, 57: 72, 58: 310, 59: 72, 60: 310, 61: 310, 62: 72, 63: 30, 64: 268, 65: 114, 66: 352, 67: 414, 68: 652, 69: 442, 70: 680, 71: 456, 72: 694, 73: 268, 74: 30, 75: 442, 76: 680, 77: 282, 78: 44, 79: 86, 80: 324, 81: 30, 82: 268, 83: 86, 84: 324, 85: 30, 86: 268, 87: 16, 88: 254, 89: 680, 90: 442, 91: 72, 92: 310, 93: 652, 94: 414, 95: 414, 96: 652, 97: 394, 98: 156, 99: 16, 100: 254, 101: 30, 102: 268, 103: 380, 104: 142, 105: 30, 106: 268, 107: 114, 108: 352, 109: 652, 110: 414, 111: 44, 112: 282, 113: 254, 114: 16, 115: 652, 116: 414, 117: 722, 118: 484, 119: 156, 120: 394, 121: 30, 122: 268, 123: 16, 124: 254, 125: 680, 126: 442, 127: 254, 128: 16, 129: 478, 130: 240, 131: 58, 132: 296, 133: 380, 134: 142, 135: 142, 136: 380, 137: 114, 138: 352, 139: 456, 140: 694, 141: 694, 142: 456, 143: 282, 144: 44, 145: 30, 146: 268, 147: 680, 148: 442, 149: 268, 150: 30, 151: 652, 152: 414, 153: 268, 154: 30, 155: 484, 156: 722, 157: 352, 158: 114, 159: 414, 160: 652, 161: 680, 162: 442, 163: 296, 164: 58, 165: 58, 166: 296, 167: 114, 168: 352, 169: 142, 170: 380, 171: 414, 172: 652, 173: 44, 174: 282, 175: 352, 176: 114, 177: 268, 178: 30, 179: 722, 180: 484, 181: 722, 182: 484, 183: 694, 184: 456, 185: 394, 186: 156, 187: 72, 188: 310, 189: 484, 190: 722, 191: 414, 192: 652, 193: 142, 194: 380, 195: 142, 196: 380, 197: 722, 198: 484, 199: 268, 200: 30}
Number of lables used:  28
Total time: 0.42 seconds
Memory used: 59.57 MB
--------------------------------------------------

Trying with at most 27 labels...
Solution:
{1: 16, 2: 254, 3: 142, 4: 380, 5: 652, 6: 414, 7: 352, 8: 114, 9: 254, 10: 16, 11: 352, 12: 114, 13: 442, 14: 680, 15: 484, 16: 722, 17: 254, 18: 16, 19: 680, 20: 442, 21: 142, 22: 380, 23: 722, 24: 484, 25: 114, 26: 352, 27: 16, 28: 254, 29: 44, 30: 282, 31: 114, 32: 352, 33: 352, 34: 114, 35: 114, 36: 352, 37: 254, 38: 16, 39: 142, 40: 380, 41: 16, 42: 254, 43: 722, 44: 484, 45: 442, 46: 680, 47: 16, 48: 254, 49: 652, 50: 414, 51: 254, 52: 16, 53: 16, 54: 254, 55: 394, 56: 156, 57: 114, 58: 352, 59: 352, 60: 114, 61: 380, 62: 142, 63: 30, 64: 268, 65: 114, 66: 352, 67: 414, 68: 652, 69: 442, 70: 680, 71: 456, 72: 694, 73: 268, 74: 30, 75: 442, 76: 680, 77: 282, 78: 44, 79: 156, 80: 394, 81: 30, 82: 268, 83: 114, 84: 352, 85: 44, 86: 282, 87: 16, 88: 254, 89: 722, 90: 484, 91: 114, 92: 352, 93: 652, 94: 414, 95: 414, 96: 652, 97: 394, 98: 156, 99: 16, 100: 254, 101: 30, 102: 268, 103: 30, 104: 268, 105: 30, 106: 268, 107: 114, 108: 352, 109: 652, 110: 414, 111: 44, 112: 282, 113: 16, 114: 254, 115: 652, 116: 414, 117: 722, 118: 484, 119: 156, 120: 394, 121: 282, 122: 44, 123: 16, 124: 254, 125: 680, 126: 442, 127: 254, 128: 16, 129: 478, 130: 240, 131: 58, 132: 296, 133: 380, 134: 142, 135: 156, 136: 394, 137: 114, 138: 352, 139: 456, 140: 694, 141: 694, 142: 456, 143: 296, 144: 58, 145: 30, 146: 268, 147: 680, 148: 442, 149: 268, 150: 30, 151: 652, 152: 414, 153: 268, 154: 30, 155: 484, 156: 722, 157: 58, 158: 296, 159: 414, 160: 652, 161: 680, 162: 442, 163: 296, 164: 58, 165: 58, 166: 296, 167: 114, 168: 352, 169: 142, 170: 380, 171: 414, 172: 652, 173: 44, 174: 282, 175: 352, 176: 114, 177: 268, 178: 30, 179: 652, 180: 414, 181: 722, 182: 484, 183: 694, 184: 456, 185: 394, 186: 156, 187: 142, 188: 380, 189: 484, 190: 722, 191: 680, 192: 442, 193: 680, 194: 442, 195: 142, 196: 380, 197: 722, 198: 484, 199: 268, 200: 30}
Number of lables used:  24
Total time: 0.42 seconds
Memory used: 59.57 MB
--------------------------------------------------

Trying with at most 23 labels...
Solution:
{1: 16, 2: 254, 3: 114, 4: 352, 5: 652, 6: 414, 7: 352, 8: 114, 9: 16, 10: 254, 11: 394, 12: 156, 13: 652, 14: 414, 15: 484, 16: 722, 17: 30, 18: 268, 19: 680, 20: 442, 21: 394, 22: 156, 23: 722, 24: 484, 25: 72, 26: 310, 27: 16, 28: 254, 29: 58, 30: 296, 31: 114, 32: 352, 33: 310, 34: 72, 35: 114, 36: 352, 37: 414, 38: 652, 39: 414, 40: 652, 41: 16, 42: 254, 43: 722, 44: 484, 45: 484, 46: 722, 47: 44, 48: 282, 49: 652, 50: 414, 51: 254, 52: 16, 53: 16, 54: 254, 55: 282, 56: 44, 57: 44, 58: 282, 59: 442, 60: 680, 61: 268, 62: 30, 63: 72, 64: 310, 65: 114, 66: 352, 67: 414, 68: 652, 69: 30, 70: 268, 71: 414, 72: 652, 73: 268, 74: 30, 75: 680, 76: 442, 77: 310, 78: 72, 79: 156, 80: 394, 81: 72, 82: 310, 83: 114, 84: 352, 85: 414, 86: 652, 87: 16, 88: 254, 89: 442, 90: 680, 91: 30, 92: 268, 93: 652, 94: 414, 95: 30, 96: 268, 97: 72, 98: 310, 99: 16, 100: 254, 101: 30, 102: 268, 103: 442, 104: 680, 105: 282, 106: 44, 107: 442, 108: 680, 109: 652, 110: 414, 111: 30, 112: 268, 113: 16, 114: 254, 115: 156, 116: 394, 117: 722, 118: 484, 119: 16, 120: 254, 121: 352, 122: 114, 123: 16, 124: 254, 125: 722, 126: 484, 127: 254, 128: 16, 129: 478, 130: 240, 131: 58, 132: 296, 133: 114, 134: 352, 135: 156, 136: 394, 137: 442, 138: 680, 139: 114, 140: 352, 141: 722, 142: 484, 143: 156, 144: 394, 145: 282, 146: 44, 147: 442, 148: 680, 149: 268, 150: 30, 151: 652, 152: 414, 153: 722, 154: 484, 155: 484, 156: 722, 157: 114, 158: 352, 159: 680, 160: 442, 161: 680, 162: 442, 163: 484, 164: 722, 165: 58, 166: 296, 167: 156, 168: 394, 169: 114, 170: 352, 171: 442, 172: 680, 173: 16, 174: 254, 175: 352, 176: 114, 177: 268, 178: 30, 179: 484, 180: 722, 181: 652, 182: 414, 183: 442, 184: 680, 185: 352, 186: 114, 187: 30, 188: 268, 189: 254, 190: 16, 191: 680, 192: 442, 193: 722, 194: 484, 195: 30, 196: 268, 197: 722, 198: 484, 199: 58, 200: 296}
Number of lables used:  22
Total time: 0.43 seconds
Memory used: 59.58 MB
--------------------------------------------------

Trying with at most 21 labels...
Solution:
{1: 16, 2: 254, 3: 114, 4: 352, 5: 652, 6: 414, 7: 352, 8: 114, 9: 254, 10: 16, 11: 414, 12: 652, 13: 652, 14: 414, 15: 484, 16: 722, 17: 30, 18: 268, 19: 680, 20: 442, 21: 722, 22: 484, 23: 722, 24: 484, 25: 72, 26: 310, 27: 16, 28: 254, 29: 58, 30: 296, 31: 114, 32: 352, 33: 310, 34: 72, 35: 114, 36: 352, 37: 442, 38: 680, 39: 414, 40: 652, 41: 16, 42: 254, 43: 722, 44: 484, 45: 16, 46: 254, 47: 44, 48: 282, 49: 652, 50: 414, 51: 254, 52: 16, 53: 16, 54: 254, 55: 296, 56: 58, 57: 414, 58: 652, 59: 442, 60: 680, 61: 268, 62: 30, 63: 30, 64: 268, 65: 30, 66: 268, 67: 414, 68: 652, 69: 30, 70: 268, 71: 414, 72: 652, 73: 268, 74: 30, 75: 680, 76: 442, 77: 310, 78: 72, 79: 72, 80: 310, 81: 72, 82: 310, 83: 114, 84: 352, 85: 254, 86: 16, 87: 16, 88: 254, 89: 442, 90: 680, 91: 30, 92: 268, 93: 652, 94: 414, 95: 30, 96: 268, 97: 72, 98: 310, 99: 58, 100: 296, 101: 30, 102: 268, 103: 680, 104: 442, 105: 282, 106: 44, 107: 442, 108: 680, 109: 652, 110: 414, 111: 30, 112: 268, 113: 680, 114: 442, 115: 114, 116: 352, 117: 722, 118: 484, 119: 16, 120: 254, 121: 442, 122: 680, 123: 16, 124: 254, 125: 722, 126: 484, 127: 254, 128: 16, 129: 408, 130: 170, 131: 58, 132: 296, 133: 114, 134: 352, 135: 414, 136: 652, 137: 442, 138: 680, 139: 114, 140: 352, 141: 722, 142: 484, 143: 30, 144: 268, 145: 282, 146: 44, 147: 442, 148: 680, 149: 268, 150: 30, 151: 722, 152: 484, 153: 442, 154: 680, 155: 484, 156: 722, 157: 44, 158: 282, 159: 680, 160: 442, 161: 680, 162: 442, 163: 484, 164: 722, 165: 58, 166: 296, 167: 114, 168: 352, 169: 114, 170: 352, 171: 114, 172: 352, 173: 16, 174: 254, 175: 352, 176: 114, 177: 268, 178: 30, 179: 484, 180: 722, 181: 652, 182: 414, 183: 442, 184: 680, 185: 352, 186: 114, 187: 72, 188: 310, 189: 254, 190: 16, 191: 414, 192: 652, 193: 722, 194: 484, 195: 30, 196: 268, 197: 722, 198: 484, 199: 58, 200: 296}
Number of lables used:  20
Total time: 0.43 seconds
Memory used: 59.59 MB
--------------------------------------------------

Trying with at most 19 labels...
Solution:
{1: 442, 2: 680, 3: 156, 4: 394, 5: 680, 6: 442, 7: 484, 8: 722, 9: 310, 10: 72, 11: 394, 12: 156, 13: 16, 14: 254, 15: 16, 16: 254, 17: 44, 18: 282, 19: 394, 20: 156, 21: 394, 22: 156, 23: 484, 24: 722, 25: 156, 26: 394, 27: 16, 28: 254, 29: 72, 30: 310, 31: 484, 32: 722, 33: 310, 34: 72, 35: 792, 36: 554, 37: 428, 38: 666, 39: 680, 40: 442, 41: 680, 42: 442, 43: 722, 44: 484, 45: 484, 46: 722, 47: 156, 48: 394, 49: 394, 50: 156, 51: 722, 52: 484, 53: 72, 54: 310, 55: 16, 56: 254, 57: 156, 58: 394, 59: 442, 60: 680, 61: 282, 62: 44, 63: 792, 64: 554, 65: 44, 66: 282, 67: 722, 68: 484, 69: 428, 70: 666, 71: 16, 72: 254, 73: 310, 74: 72, 75: 666, 76: 428, 77: 554, 78: 792, 79: 394, 80: 156, 81: 72, 82: 310, 83: 484, 84: 722, 85: 554, 86: 792, 87: 72, 88: 310, 89: 282, 90: 44, 91: 666, 92: 428, 93: 554, 94: 792, 95: 16, 96: 254, 97: 394, 98: 156, 99: 428, 100: 666, 101: 282, 102: 44, 103: 44, 104: 282, 105: 282, 106: 44, 107: 44, 108: 282, 109: 484, 110: 722, 111: 16, 112: 254, 113: 484, 114: 722, 115: 156, 116: 394, 117: 722, 118: 484, 119: 72, 120: 310, 121: 666, 122: 428, 123: 44, 124: 282, 125: 666, 126: 428, 127: 792, 128: 554, 129: 478, 130: 240, 131: 428, 132: 666, 133: 16, 134: 254, 135: 554, 136: 792, 137: 428, 138: 666, 139: 484, 140: 722, 141: 442, 142: 680, 143: 44, 144: 282, 145: 792, 146: 554, 147: 254, 148: 16, 149: 310, 150: 72, 151: 156, 152: 394, 153: 442, 154: 680, 155: 72, 156: 310, 157: 792, 158: 554, 159: 16, 160: 254, 161: 680, 162: 442, 163: 156, 164: 394, 165: 254, 166: 16, 167: 680, 168: 442, 169: 72, 170: 310, 171: 554, 172: 792, 173: 72, 174: 310, 175: 554, 176: 792, 177: 72, 178: 310, 179: 484, 180: 722, 181: 484, 182: 722, 183: 428, 184: 666, 185: 394, 186: 156, 187: 156, 188: 394, 189: 254, 190: 16, 191: 310, 192: 72, 193: 44, 194: 282, 195: 16, 196: 254, 197: 156, 198: 394, 199: 442, 200: 680}
Number of lables used:  18
Total time: 0.45 seconds
Memory used: 59.59 MB
--------------------------------------------------

Trying with at most 17 labels...
Solution:
{1: 792, 2: 554, 3: 554, 4: 792, 5: 554, 6: 792, 7: 484, 8: 722, 9: 86, 10: 324, 11: 554, 12: 792, 13: 254, 14: 16, 15: 16, 16: 254, 17: 282, 18: 44, 19: 792, 20: 554, 21: 324, 22: 86, 23: 666, 24: 428, 25: 44, 26: 282, 27: 86, 28: 324, 29: 86, 30: 324, 31: 484, 32: 722, 33: 394, 34: 156, 35: 792, 36: 554, 37: 44, 38: 282, 39: 86, 40: 324, 41: 428, 42: 666, 43: 722, 44: 484, 45: 722, 46: 484, 47: 86, 48: 324, 49: 394, 50: 156, 51: 722, 52: 484, 53: 16, 54: 254, 55: 44, 56: 282, 57: 156, 58: 394, 59: 16, 60: 254, 61: 484, 62: 722, 63: 428, 64: 666, 65: 792, 66: 554, 67: 722, 68: 484, 69: 428, 70: 666, 71: 44, 72: 282, 73: 666, 74: 428, 75: 484, 76: 722, 77: 16, 78: 254, 79: 394, 80: 156, 81: 156, 82: 394, 83: 484, 84: 722, 85: 554, 86: 792, 87: 16, 88: 254, 89: 44, 90: 282, 91: 484, 92: 722, 93: 16, 94: 254, 95: 394, 96: 156, 97: 44, 98: 282, 99: 428, 100: 666, 101: 282, 102: 44, 103: 428, 104: 666, 105: 86, 106: 324, 107: 44, 108: 282, 109: 156, 110: 394, 111: 282, 112: 44, 113: 16, 114: 254, 115: 484, 116: 722, 117: 722, 118: 484, 119: 722, 120: 484, 121: 666, 122: 428, 123: 484, 124: 722, 125: 666, 126: 428, 127: 428, 128: 666, 129: 240, 130: 478, 131: 428, 132: 666, 133: 86, 134: 324, 135: 282, 136: 44, 137: 86, 138: 324, 139: 484, 140: 722, 141: 484, 142: 722, 143: 428, 144: 666, 145: 666, 146: 428, 147: 254, 148: 16, 149: 428, 150: 666, 151: 156, 152: 394, 153: 324, 154: 86, 155: 156, 156: 394, 157: 156, 158: 394, 159: 16, 160: 254, 161: 666, 162: 428, 163: 254, 164: 16, 165: 16, 166: 254, 167: 554, 168: 792, 169: 86, 170: 324, 171: 254, 172: 16, 173: 16, 174: 254, 175: 554, 176: 792, 177: 86, 178: 324, 179: 156, 180: 394, 181: 792, 182: 554, 183: 554, 184: 792, 185: 156, 186: 394, 187: 394, 188: 156, 189: 428, 190: 666, 191: 16, 192: 254, 193: 156, 194: 394, 195: 394, 196: 156, 197: 156, 198: 394, 199: 484, 200: 722}
Number of lables used:  16
Total time: 0.45 seconds
Memory used: 59.59 MB
--------------------------------------------------

Trying with at most 15 labels...
Solution:
{1: 142, 2: 380, 3: 380, 4: 142, 5: 282, 6: 44, 7: 722, 8: 484, 9: 16, 10: 254, 11: 156, 12: 394, 13: 792, 14: 554, 15: 652, 16: 414, 17: 44, 18: 282, 19: 792, 20: 554, 21: 254, 22: 16, 23: 16, 24: 254, 25: 722, 26: 484, 27: 16, 28: 254, 29: 16, 30: 254, 31: 16, 32: 254, 33: 254, 34: 16, 35: 142, 36: 380, 37: 44, 38: 282, 39: 652, 40: 414, 41: 44, 42: 282, 43: 380, 44: 142, 45: 156, 46: 394, 47: 142, 48: 380, 49: 554, 50: 792, 51: 16, 52: 254, 53: 722, 54: 484, 55: 484, 56: 722, 57: 414, 58: 652, 59: 44, 60: 282, 61: 722, 62: 484, 63: 142, 64: 380, 65: 652, 66: 414, 67: 792, 68: 554, 69: 414, 70: 652, 71: 142, 72: 380, 73: 484, 74: 722, 75: 414, 76: 652, 77: 484, 78: 722, 79: 380, 80: 142, 81: 142, 82: 380, 83: 394, 84: 156, 85: 44, 86: 282, 87: 792, 88: 554, 89: 484, 90: 722, 91: 722, 92: 484, 93: 554, 94: 792, 95: 484, 96: 722, 97: 44, 98: 282, 99: 44, 100: 282, 101: 44, 102: 282, 103: 44, 104: 282, 105: 44, 106: 282, 107: 554, 108: 792, 109: 554, 110: 792, 111: 484, 112: 722, 113: 16, 114: 254, 115: 722, 116: 484, 117: 652, 118: 414, 119: 792, 120: 554, 121: 142, 122: 380, 123: 414, 124: 652, 125: 722, 126: 484, 127: 44, 128: 282, 129: 142, 130: 380, 131: 722, 132: 484, 133: 16, 134: 254, 135: 142, 136: 380, 137: 282, 138: 44, 139: 142, 140: 380, 141: 484, 142: 722, 143: 554, 144: 792, 145: 44, 146: 282, 147: 414, 148: 652, 149: 554, 150: 792, 151: 792, 152: 554, 153: 44, 154: 282, 155: 554, 156: 792, 157: 554, 158: 792, 159: 554, 160: 792, 161: 722, 162: 484, 163: 254, 164: 16, 165: 16, 166: 254, 167: 414, 168: 652, 169: 156, 170: 394, 171: 44, 172: 282, 173: 414, 174: 652, 175: 554, 176: 792, 177: 722, 178: 484, 179: 380, 180: 142, 181: 554, 182: 792, 183: 142, 184: 380, 185: 380, 186: 142, 187: 44, 188: 282, 189: 554, 190: 792, 191: 16, 192: 254, 193: 254, 194: 16, 195: 254, 196: 16, 197: 44, 198: 282, 199: 722, 200: 484}
Number of lables used:  14
Total time: 0.46 seconds
Memory used: 59.59 MB
--------------------------------------------------

Trying with at most 13 labels...
Solution:
{1: 16, 2: 254, 3: 16, 4: 254, 5: 16, 6: 254, 7: 16, 8: 254, 9: 16, 10: 254, 11: 16, 12: 254, 13: 442, 14: 680, 15: 778, 16: 540, 17: 16, 18: 254, 19: 338, 20: 100, 21: 680, 22: 442, 23: 142, 24: 380, 25: 680, 26: 442, 27: 100, 28: 338, 29: 778, 30: 540, 31: 16, 32: 254, 33: 442, 34: 680, 35: 142, 36: 380, 37: 338, 38: 100, 39: 100, 40: 338, 41: 100, 42: 338, 43: 16, 44: 254, 45: 442, 46: 680, 47: 680, 48: 442, 49: 58, 50: 296, 51: 100, 52: 338, 53: 680, 54: 442, 55: 58, 56: 296, 57: 142, 58: 380, 59: 778, 60: 540, 61: 442, 62: 680, 63: 58, 64: 296, 65: 16, 66: 254, 67: 16, 68: 254, 69: 100, 70: 338, 71: 16, 72: 254, 73: 338, 74: 100, 75: 338, 76: 100, 77: 680, 78: 442, 79: 16, 80: 254, 81: 142, 82: 380, 83: 380, 84: 142, 85: 100, 86: 338, 87: 142, 88: 380, 89: 680, 90: 442, 91: 58, 92: 296, 93: 680, 94: 442, 95: 540, 96: 778, 97: 778, 98: 540, 99: 58, 100: 296, 101: 680, 102: 442, 103: 58, 104: 296, 105: 16, 106: 254, 107: 296, 108: 58, 109: 380, 110: 142, 111: 778, 112: 540, 113: 254, 114: 16, 115: 100, 116: 338, 117: 778, 118: 540, 119: 778, 120: 540, 121: 142, 122: 380, 123: 338, 124: 100, 125: 58, 126: 296, 127: 380, 128: 142, 129: 380, 130: 142, 131: 100, 132: 338, 133: 442, 134: 680, 135: 442, 136: 680, 137: 142, 138: 380, 139: 380, 140: 142, 141: 680, 142: 442, 143: 296, 144: 58, 145: 680, 146: 442, 147: 442, 148: 680, 149: 338, 150: 100, 151: 778, 152: 540, 153: 680, 154: 442, 155: 778, 156: 540, 157: 142, 158: 380, 159: 540, 160: 778, 161: 16, 162: 254, 163: 16, 164: 254, 165: 778, 166: 540, 167: 142, 168: 380, 169: 778, 170: 540, 171: 680, 172: 442, 173: 778, 174: 540, 175: 142, 176: 380, 177: 442, 178: 680, 179: 254, 180: 16, 181: 58, 182: 296, 183: 100, 184: 338, 185: 254, 186: 16, 187: 100, 188: 338, 189: 540, 190: 778, 191: 58, 192: 296, 193: 58, 194: 296, 195: 296, 196: 58, 197: 778, 198: 540, 199: 380, 200: 142}
Number of lables used:  12
Total time: 0.60 seconds
Memory used: 73.25 MB
--------------------------------------------------

Trying with at most 11 labels...
[runlim] sample:		9.99 time, 10.01 real, 91 MB, 0.94 load
[runlim] sample:		19.99 time, 20.01 real, 94 MB, 0.95 load
[runlim] sample:		29.99 time, 30.01 real, 77 MB, 1.03 load
Cannot find solution.
No more solutions found.
Optimal number of labels used:  12
Total time: 39.97 seconds
Memory used: 77.40 MB
[runlim] sample:		39.98 time, 40.01 real, 63 MB, 1.03 load
[runlim] end:			Sat Jun 27 03:10:54 2026
[runlim] status:		ok
[runlim] result:		0
[runlim] children:		1
[runlim] processes:		2
[runlim] real:			40.02 seconds
[runlim] time:			39.98 seconds
[runlim] space:			102 MB
[runlim] load:			1.03 maximum
[runlim] samples:		401
