[runlim] version:		2.0.0rc12
[runlim] host:			ap-Precision-7550
[runlim] time limit:		311040000 seconds
[runlim] real time limit:	600 seconds
[runlim] space limit:		14000 MB
[runlim] argv[0]:		python3
[runlim] argv[1]:		-u
[runlim] argv[2]:		main.py
[runlim] argv[3]:		graph01
[runlim] argv[4]:		600
[runlim] start:			Sun Jun 14 17:06:10 2026
[runlim] child:			45361
Dataset: graph01
Preprocessing: on
Building CP-SAT model for 200 variables...
Number of assignment variables: 6920
Number of label variables: 48
Build time: 0.49s
Solving with OR-Tools CP-SAT...
Number of labels used: 42
Time taken: 1.23s
Number of labels used: 34
Time taken: 1.30s
Number of labels used: 38
Time taken: 1.30s
Number of labels used: 32
Time taken: 1.31s
Number of labels used: 30
Time taken: 1.32s
Number of labels used: 28
Time taken: 1.33s
Number of labels used: 26
Time taken: 1.34s
Number of labels used: 22
Time taken: 1.35s
Number of labels used: 20
Time taken: 1.36s
Number of labels used: 20
Time taken: 1.37s
Number of labels used: 18
Time taken: 1.44s
Status: OPTIMAL
Solution:
{1: 680, 2: 442, 3: 554, 4: 792, 5: 156, 6: 394, 7: 240, 8: 478, 9: 142, 10: 380, 11: 792, 12: 554, 13: 394, 14: 156, 15: 680, 16: 442, 17: 526, 18: 764, 19: 156, 20: 394, 21: 792, 22: 554, 23: 142, 24: 380, 25: 764, 26: 526, 27: 394, 28: 156, 29: 100, 30: 338, 31: 100, 32: 338, 33: 142, 34: 380, 35: 44, 36: 282, 37: 72, 38: 310, 39: 100, 40: 338, 41: 156, 42: 394, 43: 380, 44: 142, 45: 142, 46: 380, 47: 764, 48: 526, 49: 44, 50: 282, 51: 310, 52: 72, 53: 764, 54: 526, 55: 380, 56: 142, 57: 380, 58: 142, 59: 100, 60: 338, 61: 526, 62: 764, 63: 142, 64: 380, 65: 44, 66: 282, 67: 100, 68: 338, 69: 72, 70: 310, 71: 142, 72: 380, 73: 240, 74: 478, 75: 310, 76: 72, 77: 394, 78: 156, 79: 44, 80: 282, 81: 44, 82: 282, 83: 44, 84: 282, 85: 100, 86: 338, 87: 792, 88: 554, 89: 526, 90: 764, 91: 442, 92: 680, 93: 442, 94: 680, 95: 764, 96: 526, 97: 240, 98: 478, 99: 442, 100: 680, 101: 310, 102: 72, 103: 764, 104: 526, 105: 526, 106: 764, 107: 72, 108: 310, 109: 100, 110: 338, 111: 282, 112: 44, 113: 44, 114: 282, 115: 442, 116: 680, 117: 44, 118: 282, 119: 44, 120: 282, 121: 240, 122: 478, 123: 240, 124: 478, 125: 680, 126: 442, 127: 44, 128: 282, 129: 100, 130: 338, 131: 44, 132: 282, 133: 338, 134: 100, 135: 478, 136: 240, 137: 72, 138: 310, 139: 72, 140: 310, 141: 680, 142: 442, 143: 442, 144: 680, 145: 44, 146: 282, 147: 100, 148: 338, 149: 554, 150: 792, 151: 394, 152: 156, 153: 44, 154: 282, 155: 100, 156: 338, 157: 44, 158: 282, 159: 44, 160: 282, 161: 310, 162: 72, 163: 156, 164: 394, 165: 442, 166: 680, 167: 282, 168: 44, 169: 142, 170: 380, 171: 100, 172: 338, 173: 526, 174: 764, 175: 680, 176: 442, 177: 100, 178: 338, 179: 792, 180: 554, 181: 44, 182: 282, 183: 72, 184: 310, 185: 792, 186: 554, 187: 72, 188: 310, 189: 526, 190: 764, 191: 764, 192: 526, 193: 240, 194: 478, 195: 380, 196: 142, 197: 100, 198: 338, 199: 156, 200: 394}
Number of labels used: 18
Objective value: 18.0
Best objective bound: 18.0
Solution is CORRECT!
Total time: 1.68s
Memory used: 250.09 MB
[runlim] end:			Sun Jun 14 17:06:12 2026
[runlim] status:		ok
[runlim] result:		0
[runlim] children:		1
[runlim] processes:		2
[runlim] real:			2.09 seconds
[runlim] time:			7.11 seconds
[runlim] space:			262 MB
[runlim] load:			0.68 maximum
[runlim] samples:		21
