[runlim] version:		2.0.0rc12
[runlim] host:			ap-Precision-7550
[runlim] time limit:		311040000 seconds
[runlim] real time limit:	600 seconds
[runlim] space limit:		14000 MB
[runlim] argv[0]:		python3
[runlim] argv[1]:		-u
[runlim] argv[2]:		main.py
[runlim] argv[3]:		graph08
[runlim] argv[4]:		600
[runlim] start:			Sun Jun 14 17:06:43 2026
[runlim] child:			45578
Dataset: graph08
Preprocessing: on
Building CP-SAT model for 680 variables...
Number of assignment variables: 25628
Number of label variables: 48
Build time: 2.35s
Solving with OR-Tools CP-SAT...
Number of labels used: 48
Time taken: 6.18s
Number of labels used: 40
Time taken: 6.40s
Number of labels used: 38
Time taken: 6.44s
Number of labels used: 36
Time taken: 6.48s
Number of labels used: 36
Time taken: 6.51s
Number of labels used: 34
Time taken: 6.53s
Number of labels used: 32
Time taken: 6.57s
Number of labels used: 30
Time taken: 6.59s
Number of labels used: 30
Time taken: 6.61s
Number of labels used: 30
Time taken: 6.65s
Number of labels used: 30
Time taken: 6.68s
Number of labels used: 28
Time taken: 6.72s
Number of labels used: 28
Time taken: 6.75s
Number of labels used: 26
Time taken: 6.79s
Number of labels used: 24
Time taken: 6.83s
Number of labels used: 22
Time taken: 6.89s
Number of labels used: 20
Time taken: 7.15s
Number of labels used: 20
Time taken: 7.17s
Number of labels used: 18
Time taken: 7.53s
[runlim] sample:		47.69 time, 10.02 real, 888 MB, 5.61 load
[runlim] sample:		166.23 time, 20.02 real, 1000 MB, 6.67 load
[runlim] sample:		284.49 time, 30.02 real, 1050 MB, 7.64 load
[runlim] sample:		403.09 time, 40.02 real, 1055 MB, 8.61 load
[runlim] sample:		521.73 time, 50.02 real, 1044 MB, 9.36 load
[runlim] sample:		639.98 time, 60.02 real, 1119 MB, 10.07 load
[runlim] sample:		758.55 time, 70.02 real, 1132 MB, 10.52 load
[runlim] sample:		877.07 time, 80.02 real, 1077 MB, 11.27 load
[runlim] sample:		995.14 time, 90.02 real, 1091 MB, 11.68 load
Status: OPTIMAL
Solution:
{1: 380, 2: 142, 3: 456, 4: 694, 5: 764, 6: 526, 7: 142, 8: 380, 9: 72, 10: 310, 11: 478, 12: 240, 13: 142, 14: 380, 15: 30, 16: 268, 17: 708, 18: 470, 19: 792, 20: 554, 21: 114, 22: 352, 23: 352, 24: 114, 25: 380, 26: 142, 27: 142, 28: 380, 29: 380, 30: 142, 31: 268, 32: 30, 33: 72, 34: 310, 35: 694, 36: 456, 37: 240, 38: 478, 39: 30, 40: 268, 41: 526, 42: 764, 43: 554, 44: 792, 45: 142, 46: 380, 47: 30, 48: 268, 49: 268, 50: 30, 51: 240, 52: 478, 53: 764, 54: 526, 55: 764, 56: 526, 57: 352, 58: 114, 59: 72, 60: 310, 61: 764, 62: 526, 63: 30, 64: 268, 65: 352, 66: 114, 67: 114, 68: 352, 69: 310, 70: 72, 71: 268, 72: 30, 73: 470, 74: 708, 75: 72, 76: 310, 77: 694, 78: 456, 79: 792, 80: 554, 81: 142, 82: 380, 83: 114, 84: 352, 85: 470, 86: 708, 87: 456, 88: 694, 89: 764, 90: 526, 91: 792, 92: 554, 93: 764, 94: 526, 95: 72, 96: 310, 97: 352, 98: 114, 99: 764, 100: 526, 101: 694, 102: 456, 103: 792, 104: 554, 105: 708, 106: 470, 107: 792, 108: 554, 109: 470, 110: 708, 111: 72, 112: 310, 113: 456, 114: 694, 115: 470, 116: 708, 117: 478, 118: 240, 119: 114, 120: 352, 121: 72, 122: 310, 123: 792, 124: 554, 125: 310, 126: 72, 127: 72, 128: 310, 129: 240, 130: 478, 131: 554, 132: 792, 133: 526, 134: 764, 135: 142, 136: 380, 137: 478, 138: 240, 139: 764, 140: 526, 141: 268, 142: 30, 143: 352, 144: 114, 145: 764, 146: 526, 147: 30, 148: 268, 149: 792, 150: 554, 151: 456, 152: 694, 153: 268, 154: 30, 155: 268, 156: 30, 157: 792, 158: 554, 159: 268, 160: 30, 161: 142, 162: 380, 163: 764, 164: 526, 165: 708, 166: 470, 167: 72, 168: 310, 169: 554, 170: 792, 171: 30, 172: 268, 173: 694, 174: 456, 175: 72, 176: 310, 177: 72, 178: 310, 179: 142, 180: 380, 181: 142, 182: 380, 183: 268, 184: 30, 185: 380, 186: 142, 187: 456, 188: 694, 189: 142, 190: 380, 191: 792, 192: 554, 193: 72, 194: 310, 195: 764, 196: 526, 197: 268, 198: 30, 199: 30, 200: 268, 201: 142, 202: 380, 203: 470, 204: 708, 205: 792, 206: 554, 207: 694, 208: 456, 209: 694, 210: 456, 211: 310, 212: 72, 213: 352, 214: 114, 215: 30, 216: 268, 217: 470, 218: 708, 219: 554, 220: 792, 221: 114, 222: 352, 223: 72, 224: 310, 225: 380, 226: 142, 227: 72, 228: 310, 229: 708, 230: 470, 231: 792, 232: 554, 233: 526, 234: 764, 235: 380, 236: 142, 237: 694, 238: 456, 239: 792, 240: 554, 241: 456, 242: 694, 243: 30, 244: 268, 245: 310, 246: 72, 247: 470, 248: 708, 249: 526, 250: 764, 251: 114, 252: 352, 253: 142, 254: 380, 255: 142, 256: 380, 257: 352, 258: 114, 259: 456, 260: 694, 261: 764, 262: 526, 263: 142, 264: 380, 265: 72, 266: 310, 267: 764, 268: 526, 269: 352, 270: 114, 271: 310, 272: 72, 273: 694, 274: 456, 275: 310, 276: 72, 277: 72, 278: 310, 279: 352, 280: 114, 281: 694, 282: 456, 283: 792, 284: 554, 285: 554, 286: 792, 287: 30, 288: 268, 289: 30, 290: 268, 291: 114, 292: 352, 293: 380, 294: 142, 295: 554, 296: 792, 297: 694, 298: 456, 299: 694, 300: 456, 301: 380, 302: 142, 303: 30, 304: 268, 305: 310, 306: 72, 307: 310, 308: 72, 309: 708, 310: 470, 311: 30, 312: 268, 313: 478, 314: 240, 315: 694, 316: 456, 317: 268, 318: 30, 319: 478, 320: 240, 321: 114, 322: 352, 323: 792, 324: 554, 325: 470, 326: 708, 327: 708, 328: 470, 329: 30, 330: 268, 331: 240, 332: 478, 333: 470, 334: 708, 335: 352, 336: 114, 337: 240, 338: 478, 339: 142, 340: 380, 341: 764, 342: 526, 343: 240, 344: 478, 345: 142, 346: 380, 347: 470, 348: 708, 349: 526, 350: 764, 351: 310, 352: 72, 353: 142, 354: 380, 355: 310, 356: 72, 357: 380, 358: 142, 359: 240, 360: 478, 361: 114, 362: 352, 363: 30, 364: 268, 365: 268, 366: 30, 367: 380, 368: 142, 369: 708, 370: 470, 371: 478, 372: 240, 373: 380, 374: 142, 375: 114, 376: 352, 377: 310, 378: 72, 379: 30, 380: 268, 381: 310, 382: 72, 383: 30, 384: 268, 385: 554, 386: 792, 387: 114, 388: 352, 389: 470, 390: 708, 391: 114, 392: 352, 393: 554, 394: 792, 395: 30, 396: 268, 397: 352, 398: 114, 399: 470, 400: 708, 401: 30, 402: 268, 403: 30, 404: 268, 405: 554, 406: 792, 407: 268, 408: 30, 409: 310, 410: 72, 411: 72, 412: 310, 413: 708, 414: 470, 415: 380, 416: 142, 417: 114, 418: 352, 419: 114, 420: 352, 421: 240, 422: 478, 423: 792, 424: 554, 425: 792, 426: 554, 427: 114, 428: 352, 429: 114, 430: 352, 431: 456, 432: 694, 433: 694, 434: 456, 435: 268, 436: 30, 437: 114, 438: 352, 439: 352, 440: 114, 441: 142, 442: 380, 443: 72, 444: 310, 445: 456, 446: 694, 447: 708, 448: 470, 449: 114, 450: 352, 451: 268, 452: 30, 453: 708, 454: 470, 455: 142, 456: 380, 457: 142, 458: 380, 459: 30, 460: 268, 461: 526, 462: 764, 463: 554, 464: 792, 465: 708, 466: 470, 467: 554, 468: 792, 469: 310, 470: 72, 471: 72, 472: 310, 473: 478, 474: 240, 475: 310, 476: 72, 477: 142, 478: 380, 479: 352, 480: 114, 481: 268, 482: 30, 483: 310, 484: 72, 485: 792, 486: 554, 487: 526, 488: 764, 489: 352, 490: 114, 491: 526, 492: 764, 493: 792, 494: 554, 495: 764, 496: 526, 497: 694, 498: 456, 499: 792, 500: 554, 501: 142, 502: 380, 503: 764, 504: 526, 505: 526, 506: 764, 507: 72, 508: 310, 509: 114, 510: 352, 511: 268, 512: 30, 513: 554, 514: 792, 515: 792, 516: 554, 517: 310, 518: 72, 519: 380, 520: 142, 521: 310, 522: 72, 523: 792, 524: 554, 525: 694, 526: 456, 527: 380, 528: 142, 529: 526, 530: 764, 531: 352, 532: 114, 533: 380, 534: 142, 535: 554, 536: 792, 537: 764, 538: 526, 539: 380, 540: 142, 541: 792, 542: 554, 543: 764, 544: 526, 545: 72, 546: 310, 547: 526, 548: 764, 549: 526, 550: 764, 551: 526, 552: 764, 553: 352, 554: 114, 555: 708, 556: 470, 557: 792, 558: 554, 559: 142, 560: 380, 561: 792, 562: 554, 563: 380, 564: 142, 565: 526, 566: 764, 567: 792, 568: 554, 569: 114, 570: 352, 571: 470, 572: 708, 573: 30, 574: 268, 575: 268, 576: 30, 577: 708, 578: 470, 579: 72, 580: 310, 581: 72, 582: 310, 583: 456, 584: 694, 585: 792, 586: 554, 587: 478, 588: 240, 589: 142, 590: 380, 591: 352, 592: 114, 593: 708, 594: 470, 595: 456, 596: 694, 597: 456, 598: 694, 599: 694, 600: 456, 601: 554, 602: 792, 603: 72, 604: 310, 605: 554, 606: 792, 607: 526, 608: 764, 609: 310, 610: 72, 611: 352, 612: 114, 613: 708, 614: 470, 615: 478, 616: 240, 617: 478, 618: 240, 619: 114, 620: 352, 621: 526, 622: 764, 623: 792, 624: 554, 625: 240, 626: 478, 627: 380, 628: 142, 629: 310, 630: 72, 631: 694, 632: 456, 633: 764, 634: 526, 635: 30, 636: 268, 637: 142, 638: 380, 639: 526, 640: 764, 641: 380, 642: 142, 643: 456, 644: 694, 645: 268, 646: 30, 647: 268, 648: 30, 649: 694, 650: 456, 651: 380, 652: 142, 653: 380, 654: 142, 655: 380, 656: 142, 657: 764, 658: 526, 659: 792, 660: 554, 661: 694, 662: 456, 663: 142, 664: 380, 665: 526, 666: 764, 667: 268, 668: 30, 669: 268, 670: 30, 671: 72, 672: 310, 673: 142, 674: 380, 675: 310, 676: 72, 677: 764, 678: 526, 679: 694, 680: 456}
Number of labels used: 18
Objective value: 18.0
Best objective bound: 18.0
Solution is CORRECT!
Total time: 96.06s
Memory used: 1082.72 MB
[runlim] end:			Sun Jun 14 17:08:20 2026
[runlim] status:		ok
[runlim] result:		0
[runlim] children:		1
[runlim] processes:		2
[runlim] real:			96.54 seconds
[runlim] time:			1067.12 seconds
[runlim] space:			1179 MB
[runlim] load:			11.70 maximum
[runlim] samples:		966
