[runlim] version:		2.0.0rc12
[runlim] host:			ap-Precision-7550
[runlim] time limit:		311040000 seconds
[runlim] real time limit:	600 seconds
[runlim] space limit:		14000 MB
[runlim] argv[0]:		python3
[runlim] argv[1]:		-u
[runlim] argv[2]:		main.py
[runlim] argv[3]:		graph14
[runlim] argv[4]:		600
[runlim] start:			Sun Jun 14 17:09:16 2026
[runlim] child:			46275
Dataset: graph14
Preprocessing: on
Building CP-SAT model for 916 variables...
Number of assignment variables: 36716
Number of label variables: 44
Build time: 3.00s
Solving with OR-Tools CP-SAT...
Number of labels used: 44
Time taken: 9.09s
Number of labels used: 18
Time taken: 9.30s
Number of labels used: 16
Time taken: 9.34s
Number of labels used: 14
Time taken: 9.40s
Number of labels used: 14
Time taken: 9.43s
Number of labels used: 12
Time taken: 9.56s
Number of labels used: 12
Time taken: 9.61s
[runlim] sample:		16.91 time, 10.02 real, 883 MB, 10.00 load
Number of labels used: 10
Time taken: 9.95s
Number of labels used: 10
Time taken: 10.02s
Number of labels used: 8
Time taken: 10.97s
Number of labels used: 8
Time taken: 11.03s
[runlim] sample:		134.23 time, 20.02 real, 1158 MB, 10.30 load
[runlim] sample:		252.39 time, 30.02 real, 1234 MB, 10.57 load
Status: OPTIMAL
Solution:
{1: 666, 2: 428, 3: 554, 4: 792, 5: 268, 6: 30, 7: 554, 8: 792, 9: 666, 10: 428, 11: 792, 12: 554, 13: 338, 14: 100, 15: 268, 16: 30, 17: 666, 18: 428, 19: 100, 20: 338, 21: 428, 22: 666, 23: 268, 24: 30, 25: 338, 26: 100, 27: 428, 28: 666, 29: 338, 30: 100, 31: 268, 32: 30, 33: 792, 34: 554, 35: 792, 36: 554, 37: 554, 38: 792, 39: 338, 40: 100, 41: 792, 42: 554, 43: 268, 44: 30, 45: 100, 46: 338, 47: 554, 48: 792, 49: 554, 50: 792, 51: 792, 52: 554, 53: 792, 54: 554, 55: 268, 56: 30, 57: 792, 58: 554, 59: 268, 60: 30, 61: 338, 62: 100, 63: 338, 64: 100, 65: 100, 66: 338, 67: 268, 68: 30, 69: 428, 70: 666, 71: 792, 72: 554, 73: 268, 74: 30, 75: 428, 76: 666, 77: 338, 78: 100, 79: 666, 80: 428, 81: 792, 82: 554, 83: 666, 84: 428, 85: 792, 86: 554, 87: 30, 88: 268, 89: 554, 90: 792, 91: 554, 92: 792, 93: 100, 94: 338, 95: 792, 96: 554, 97: 268, 98: 30, 99: 666, 100: 428, 101: 338, 102: 100, 103: 338, 104: 100, 105: 30, 106: 268, 107: 30, 108: 268, 109: 666, 110: 428, 111: 792, 112: 554, 113: 792, 114: 554, 115: 428, 116: 666, 117: 268, 118: 30, 119: 30, 120: 268, 121: 268, 122: 30, 123: 268, 124: 30, 125: 100, 126: 338, 127: 30, 128: 268, 129: 428, 130: 666, 131: 792, 132: 554, 133: 554, 134: 792, 135: 792, 136: 554, 137: 338, 138: 100, 139: 666, 140: 428, 141: 100, 142: 338, 143: 338, 144: 100, 145: 338, 146: 100, 147: 554, 148: 792, 149: 666, 150: 428, 151: 792, 152: 554, 153: 338, 154: 100, 155: 792, 156: 554, 157: 30, 158: 268, 159: 792, 160: 554, 161: 666, 162: 428, 163: 268, 164: 30, 165: 268, 166: 30, 167: 666, 168: 428, 169: 554, 170: 792, 171: 100, 172: 338, 173: 792, 174: 554, 175: 428, 176: 666, 177: 30, 178: 268, 179: 100, 180: 338, 181: 428, 182: 666, 183: 666, 184: 428, 185: 338, 186: 100, 187: 268, 188: 30, 189: 268, 190: 30, 191: 268, 192: 30, 193: 428, 194: 666, 195: 268, 196: 30, 197: 268, 198: 30, 199: 30, 200: 268, 201: 338, 202: 100, 203: 666, 204: 428, 205: 338, 206: 100, 207: 792, 208: 554, 209: 338, 210: 100, 211: 792, 212: 554, 213: 428, 214: 666, 215: 268, 216: 30, 217: 428, 218: 666, 219: 666, 220: 428, 221: 792, 222: 554, 223: 268, 224: 30, 225: 666, 226: 428, 227: 428, 228: 666, 229: 428, 230: 666, 231: 792, 232: 554, 233: 30, 234: 268, 235: 792, 236: 554, 237: 30, 238: 268, 239: 268, 240: 30, 241: 338, 242: 100, 243: 338, 244: 100, 245: 792, 246: 554, 247: 666, 248: 428, 249: 666, 250: 428, 251: 100, 252: 338, 253: 554, 254: 792, 255: 554, 256: 792, 257: 268, 258: 30, 259: 338, 260: 100, 261: 268, 262: 30, 263: 428, 264: 666, 265: 666, 266: 428, 267: 338, 268: 100, 269: 338, 270: 100, 271: 554, 272: 792, 273: 792, 274: 554, 275: 666, 276: 428, 277: 268, 278: 30, 279: 268, 280: 30, 281: 666, 282: 428, 283: 792, 284: 554, 285: 338, 286: 100, 287: 268, 288: 30, 289: 792, 290: 554, 291: 792, 292: 554, 293: 338, 294: 100, 295: 666, 296: 428, 297: 428, 298: 666, 299: 338, 300: 100, 301: 666, 302: 428, 303: 268, 304: 30, 305: 338, 306: 100, 307: 554, 308: 792, 309: 554, 310: 792, 311: 338, 312: 100, 313: 666, 314: 428, 315: 268, 316: 30, 317: 428, 318: 666, 319: 666, 320: 428, 321: 100, 322: 338, 323: 666, 324: 428, 325: 268, 326: 30, 327: 666, 328: 428, 329: 338, 330: 100, 331: 428, 332: 666, 333: 268, 334: 30, 335: 268, 336: 30, 337: 338, 338: 100, 339: 792, 340: 554, 341: 428, 342: 666, 343: 338, 344: 100, 345: 268, 346: 30, 347: 554, 348: 792, 349: 792, 350: 554, 351: 100, 352: 338, 353: 428, 354: 666, 355: 338, 356: 100, 357: 268, 358: 30, 359: 554, 360: 792, 361: 268, 362: 30, 363: 554, 364: 792, 365: 30, 366: 268, 367: 792, 368: 554, 369: 338, 370: 100, 371: 792, 372: 554, 373: 792, 374: 554, 375: 338, 376: 100, 377: 666, 378: 428, 379: 666, 380: 428, 381: 554, 382: 792, 383: 666, 384: 428, 385: 428, 386: 666, 387: 338, 388: 100, 389: 666, 390: 428, 391: 100, 392: 338, 393: 338, 394: 100, 395: 428, 396: 666, 397: 554, 398: 792, 399: 666, 400: 428, 401: 792, 402: 554, 403: 100, 404: 338, 405: 666, 406: 428, 407: 30, 408: 268, 409: 338, 410: 100, 411: 666, 412: 428, 413: 100, 414: 338, 415: 666, 416: 428, 417: 792, 418: 554, 419: 268, 420: 30, 421: 100, 422: 338, 423: 666, 424: 428, 425: 338, 426: 100, 427: 666, 428: 428, 429: 666, 430: 428, 431: 666, 432: 428, 433: 666, 434: 428, 435: 792, 436: 554, 437: 100, 438: 338, 439: 666, 440: 428, 441: 338, 442: 100, 443: 100, 444: 338, 445: 268, 446: 30, 447: 338, 448: 100, 449: 792, 450: 554, 451: 338, 452: 100, 453: 792, 454: 554, 455: 666, 456: 428, 457: 666, 458: 428, 459: 428, 460: 666, 461: 30, 462: 268, 463: 268, 464: 30, 465: 792, 466: 554, 467: 338, 468: 100, 469: 338, 470: 100, 471: 666, 472: 428, 473: 554, 474: 792, 475: 100, 476: 338, 477: 268, 478: 30, 479: 268, 480: 30, 481: 666, 482: 428, 483: 268, 484: 30, 485: 268, 486: 30, 487: 554, 488: 792, 489: 268, 490: 30, 491: 268, 492: 30, 493: 268, 494: 30, 495: 268, 496: 30, 497: 268, 498: 30, 499: 666, 500: 428, 501: 792, 502: 554, 503: 338, 504: 100, 505: 30, 506: 268, 507: 792, 508: 554, 509: 554, 510: 792, 511: 792, 512: 554, 513: 792, 514: 554, 515: 268, 516: 30, 517: 428, 518: 666, 519: 268, 520: 30, 521: 30, 522: 268, 523: 338, 524: 100, 525: 666, 526: 428, 527: 338, 528: 100, 529: 792, 530: 554, 531: 792, 532: 554, 533: 100, 534: 338, 535: 30, 536: 268, 537: 30, 538: 268, 539: 338, 540: 100, 541: 338, 542: 100, 543: 100, 544: 338, 545: 666, 546: 428, 547: 428, 548: 666, 549: 268, 550: 30, 551: 338, 552: 100, 553: 338, 554: 100, 555: 100, 556: 338, 557: 428, 558: 666, 559: 792, 560: 554, 561: 338, 562: 100, 563: 338, 564: 100, 565: 666, 566: 428, 567: 268, 568: 30, 569: 338, 570: 100, 571: 100, 572: 338, 573: 666, 574: 428, 575: 792, 576: 554, 577: 268, 578: 30, 579: 30, 580: 268, 581: 268, 582: 30, 583: 338, 584: 100, 585: 268, 586: 30, 587: 30, 588: 268, 589: 554, 590: 792, 591: 428, 592: 666, 593: 666, 594: 428, 595: 338, 596: 100, 597: 338, 598: 100, 599: 268, 600: 30, 601: 338, 602: 100, 603: 268, 604: 30, 605: 792, 606: 554, 607: 792, 608: 554, 609: 338, 610: 100, 611: 792, 612: 554, 613: 666, 614: 428, 615: 338, 616: 100, 617: 268, 618: 30, 619: 268, 620: 30, 621: 268, 622: 30, 623: 100, 624: 338, 625: 792, 626: 554, 627: 30, 628: 268, 629: 792, 630: 554, 631: 30, 632: 268, 633: 338, 634: 100, 635: 30, 636: 268, 637: 100, 638: 338, 639: 666, 640: 428, 641: 792, 642: 554, 643: 554, 644: 792, 645: 554, 646: 792, 647: 554, 648: 792, 649: 792, 650: 554, 651: 792, 652: 554, 653: 100, 654: 338, 655: 338, 656: 100, 657: 554, 658: 792, 659: 338, 660: 100, 661: 268, 662: 30, 663: 554, 664: 792, 665: 338, 666: 100, 667: 792, 668: 554, 669: 792, 670: 554, 671: 428, 672: 666, 673: 554, 674: 792, 675: 338, 676: 100, 677: 792, 678: 554, 679: 268, 680: 30, 681: 30, 682: 268, 683: 30, 684: 268, 685: 666, 686: 428, 687: 30, 688: 268, 689: 268, 690: 30, 691: 666, 692: 428, 693: 338, 694: 100, 695: 338, 696: 100, 697: 792, 698: 554, 699: 792, 700: 554, 701: 666, 702: 428, 703: 268, 704: 30, 705: 666, 706: 428, 707: 30, 708: 268, 709: 792, 710: 554, 711: 666, 712: 428, 713: 338, 714: 100, 715: 338, 716: 100, 717: 338, 718: 100, 719: 338, 720: 100, 721: 268, 722: 30, 723: 666, 724: 428, 725: 792, 726: 554, 727: 792, 728: 554, 729: 268, 730: 30, 731: 666, 732: 428, 733: 792, 734: 554, 735: 338, 736: 100, 737: 428, 738: 666, 739: 554, 740: 792, 741: 268, 742: 30, 743: 666, 744: 428, 745: 268, 746: 30, 747: 30, 748: 268, 749: 666, 750: 428, 751: 428, 752: 666, 753: 30, 754: 268, 755: 666, 756: 428, 757: 792, 758: 554, 759: 666, 760: 428, 761: 666, 762: 428, 763: 268, 764: 30, 765: 554, 766: 792, 767: 338, 768: 100, 769: 554, 770: 792, 771: 268, 772: 30, 773: 666, 774: 428, 775: 792, 776: 554, 777: 338, 778: 100, 779: 100, 780: 338, 781: 100, 782: 338, 783: 792, 784: 554, 785: 338, 786: 100, 787: 338, 788: 100, 789: 792, 790: 554, 791: 268, 792: 30, 793: 554, 794: 792, 795: 338, 796: 100, 797: 666, 798: 428, 799: 30, 800: 268, 801: 666, 802: 428, 803: 338, 804: 100, 805: 666, 806: 428, 807: 338, 808: 100, 809: 428, 810: 666, 811: 338, 812: 100, 813: 428, 814: 666, 815: 666, 816: 428, 817: 338, 818: 100, 819: 30, 820: 268, 821: 666, 822: 428, 823: 792, 824: 554, 825: 428, 826: 666, 827: 100, 828: 338, 829: 30, 830: 268, 831: 428, 832: 666, 833: 666, 834: 428, 835: 268, 836: 30, 837: 338, 838: 100, 839: 554, 840: 792, 841: 268, 842: 30, 843: 268, 844: 30, 845: 268, 846: 30, 847: 792, 848: 554, 849: 666, 850: 428, 851: 666, 852: 428, 853: 268, 854: 30, 855: 30, 856: 268, 857: 554, 858: 792, 859: 666, 860: 428, 861: 268, 862: 30, 863: 666, 864: 428, 865: 792, 866: 554, 867: 792, 868: 554, 869: 100, 870: 338, 871: 792, 872: 554, 873: 268, 874: 30, 875: 666, 876: 428, 877: 100, 878: 338, 879: 338, 880: 100, 881: 338, 882: 100, 883: 666, 884: 428, 885: 268, 886: 30, 887: 268, 888: 30, 889: 666, 890: 428, 891: 792, 892: 554, 893: 100, 894: 338, 895: 268, 896: 30, 897: 792, 898: 554, 899: 268, 900: 30, 901: 428, 902: 666, 903: 338, 904: 100, 905: 792, 906: 554, 907: 428, 908: 666, 909: 792, 910: 554, 911: 428, 912: 666, 913: 554, 914: 792, 915: 30, 916: 268}
Number of labels used: 8
Objective value: 8.0
Best objective bound: 8.0
Solution is CORRECT!
Total time: 32.92s
Memory used: 1161.78 MB
[runlim] end:			Sun Jun 14 17:09:49 2026
[runlim] status:		ok
[runlim] result:		0
[runlim] children:		1
[runlim] processes:		2
[runlim] real:			33.44 seconds
[runlim] time:			287.56 seconds
[runlim] space:			1268 MB
[runlim] load:			11.63 maximum
[runlim] samples:		335
