[runlim] version:		2.0.0rc12
[runlim] host:			ap-Precision-7550
[runlim] time limit:		311040000 seconds
[runlim] real time limit:	600 seconds
[runlim] space limit:		14000 MB
[runlim] argv[0]:		python3
[runlim] argv[1]:		-u
[runlim] argv[2]:		main.py
[runlim] argv[3]:		graph06
[runlim] argv[4]:		600
[runlim] start:			Sun Jun 14 17:35:44 2026
[runlim] child:			52281
Warning: variable 365 has no valid labels after preprocessing.
Cannot find solution!
Total time: 0.10s
Memory used: 83.34 MB
[runlim] end:			Sun Jun 14 17:35:44 2026
[runlim] status:		ok
[runlim] result:		0
[runlim] children:		1
[runlim] processes:		2
[runlim] real:			0.47 seconds
[runlim] time:			1.48 seconds
[runlim] space:			83 MB
[runlim] load:			11.32 maximum
[runlim] samples:		5
