[runlim] version:		2.0.0rc12
[runlim] host:			ap-Precision-7550
[runlim] time limit:		311040000 seconds
[runlim] real time limit:	600 seconds
[runlim] space limit:		14000 MB
[runlim] argv[0]:		python3
[runlim] argv[1]:		-u
[runlim] argv[2]:		main.py
[runlim] argv[3]:		graph09
[runlim] argv[4]:		600
[runlim] start:			Sun Jun 14 17:08:20 2026
[runlim] child:			45975
Dataset: graph09
Preprocessing: on
Building CP-SAT model for 916 variables...
Number of assignment variables: 36092
Number of label variables: 48
Build time: 3.50s
Solving with OR-Tools CP-SAT...
Number of labels used: 46
Time taken: 9.39s
Number of labels used: 38
Time taken: 9.59s
Number of labels used: 36
Time taken: 9.66s
[runlim] sample:		14.92 time, 10.02 real, 932 MB, 10.06 load
Number of labels used: 34
Time taken: 9.71s
Number of labels used: 34
Time taken: 9.75s
Number of labels used: 32
Time taken: 9.79s
Number of labels used: 30
Time taken: 9.83s
Number of labels used: 28
Time taken: 9.86s
Number of labels used: 26
Time taken: 9.89s
Number of labels used: 26
Time taken: 9.92s
Number of labels used: 26
Time taken: 9.96s
Number of labels used: 26
Time taken: 9.99s
Number of labels used: 24
Time taken: 10.02s
Number of labels used: 24
Time taken: 10.08s
Number of labels used: 22
Time taken: 10.18s
Number of labels used: 22
Time taken: 10.24s
Number of labels used: 20
Time taken: 10.39s
Number of labels used: 18
Time taken: 11.34s
Number of labels used: 18
Time taken: 11.40s
[runlim] sample:		131.59 time, 20.02 real, 1360 MB, 11.17 load
[runlim] sample:		250.15 time, 30.02 real, 1474 MB, 11.29 load
[runlim] sample:		368.13 time, 40.02 real, 1471 MB, 11.48 load
[runlim] sample:		486.68 time, 50.02 real, 1533 MB, 11.56 load
Status: OPTIMAL
Solution:
{1: 694, 2: 456, 3: 428, 4: 666, 5: 310, 6: 72, 7: 268, 8: 30, 9: 380, 10: 142, 11: 72, 12: 310, 13: 380, 14: 142, 15: 512, 16: 750, 17: 778, 18: 540, 19: 296, 20: 58, 21: 30, 22: 268, 23: 694, 24: 456, 25: 428, 26: 666, 27: 428, 28: 666, 29: 142, 30: 380, 31: 428, 32: 666, 33: 456, 34: 694, 35: 30, 36: 268, 37: 540, 38: 778, 39: 512, 40: 750, 41: 540, 42: 778, 43: 142, 44: 380, 45: 456, 46: 694, 47: 128, 48: 366, 49: 428, 50: 666, 51: 58, 52: 296, 53: 750, 54: 512, 55: 142, 56: 380, 57: 128, 58: 366, 59: 428, 60: 666, 61: 428, 62: 666, 63: 296, 64: 58, 65: 750, 66: 512, 67: 380, 68: 142, 69: 128, 70: 366, 71: 778, 72: 540, 73: 310, 74: 72, 75: 750, 76: 512, 77: 366, 78: 128, 79: 142, 80: 380, 81: 380, 82: 142, 83: 142, 84: 380, 85: 540, 86: 778, 87: 268, 88: 30, 89: 58, 90: 296, 91: 142, 92: 380, 93: 666, 94: 428, 95: 380, 96: 142, 97: 58, 98: 296, 99: 666, 100: 428, 101: 456, 102: 694, 103: 30, 104: 268, 105: 694, 106: 456, 107: 58, 108: 296, 109: 268, 110: 30, 111: 72, 112: 310, 113: 428, 114: 666, 115: 128, 116: 366, 117: 778, 118: 540, 119: 268, 120: 30, 121: 30, 122: 268, 123: 512, 124: 750, 125: 310, 126: 72, 127: 428, 128: 666, 129: 128, 130: 366, 131: 268, 132: 30, 133: 58, 134: 296, 135: 694, 136: 456, 137: 366, 138: 128, 139: 428, 140: 666, 141: 428, 142: 666, 143: 428, 144: 666, 145: 72, 146: 310, 147: 428, 148: 666, 149: 666, 150: 428, 151: 30, 152: 268, 153: 750, 154: 512, 155: 128, 156: 366, 157: 694, 158: 456, 159: 540, 160: 778, 161: 72, 162: 310, 163: 142, 164: 380, 165: 428, 166: 666, 167: 750, 168: 512, 169: 366, 170: 128, 171: 366, 172: 128, 173: 72, 174: 310, 175: 142, 176: 380, 177: 366, 178: 128, 179: 366, 180: 128, 181: 72, 182: 310, 183: 72, 184: 310, 185: 540, 186: 778, 187: 428, 188: 666, 189: 778, 190: 540, 191: 380, 192: 142, 193: 778, 194: 540, 195: 30, 196: 268, 197: 30, 198: 268, 199: 58, 200: 296, 201: 366, 202: 128, 203: 30, 204: 268, 205: 142, 206: 380, 207: 666, 208: 428, 209: 310, 210: 72, 211: 428, 212: 666, 213: 778, 214: 540, 215: 380, 216: 142, 217: 58, 218: 296, 219: 72, 220: 310, 221: 456, 222: 694, 223: 666, 224: 428, 225: 512, 226: 750, 227: 296, 228: 58, 229: 58, 230: 296, 231: 142, 232: 380, 233: 128, 234: 366, 235: 30, 236: 268, 237: 128, 238: 366, 239: 30, 240: 268, 241: 30, 242: 268, 243: 30, 244: 268, 245: 142, 246: 380, 247: 694, 248: 456, 249: 778, 250: 540, 251: 428, 252: 666, 253: 72, 254: 310, 255: 540, 256: 778, 257: 366, 258: 128, 259: 512, 260: 750, 261: 268, 262: 30, 263: 778, 264: 540, 265: 456, 266: 694, 267: 456, 268: 694, 269: 778, 270: 540, 271: 30, 272: 268, 273: 380, 274: 142, 275: 72, 276: 310, 277: 58, 278: 296, 279: 128, 280: 366, 281: 142, 282: 380, 283: 30, 284: 268, 285: 428, 286: 666, 287: 456, 288: 694, 289: 268, 290: 30, 291: 268, 292: 30, 293: 128, 294: 366, 295: 456, 296: 694, 297: 778, 298: 540, 299: 778, 300: 540, 301: 310, 302: 72, 303: 512, 304: 750, 305: 778, 306: 540, 307: 58, 308: 296, 309: 30, 310: 268, 311: 778, 312: 540, 313: 72, 314: 310, 315: 142, 316: 380, 317: 310, 318: 72, 319: 456, 320: 694, 321: 58, 322: 296, 323: 666, 324: 428, 325: 456, 326: 694, 327: 540, 328: 778, 329: 30, 330: 268, 331: 366, 332: 128, 333: 512, 334: 750, 335: 142, 336: 380, 337: 512, 338: 750, 339: 456, 340: 694, 341: 142, 342: 380, 343: 456, 344: 694, 345: 142, 346: 380, 347: 750, 348: 512, 349: 666, 350: 428, 351: 428, 352: 666, 353: 72, 354: 310, 355: 58, 356: 296, 357: 428, 358: 666, 359: 428, 360: 666, 361: 128, 362: 366, 363: 778, 364: 540, 365: 666, 366: 428, 367: 512, 368: 750, 369: 72, 370: 310, 371: 268, 372: 30, 373: 30, 374: 268, 375: 296, 376: 58, 377: 30, 378: 268, 379: 296, 380: 58, 381: 456, 382: 694, 383: 512, 384: 750, 385: 512, 386: 750, 387: 778, 388: 540, 389: 142, 390: 380, 391: 268, 392: 30, 393: 666, 394: 428, 395: 456, 396: 694, 397: 540, 398: 778, 399: 128, 400: 366, 401: 30, 402: 268, 403: 72, 404: 310, 405: 72, 406: 310, 407: 30, 408: 268, 409: 694, 410: 456, 411: 72, 412: 310, 413: 268, 414: 30, 415: 694, 416: 456, 417: 540, 418: 778, 419: 540, 420: 778, 421: 268, 422: 30, 423: 750, 424: 512, 425: 778, 426: 540, 427: 142, 428: 380, 429: 30, 430: 268, 431: 30, 432: 268, 433: 58, 434: 296, 435: 72, 436: 310, 437: 366, 438: 128, 439: 30, 440: 268, 441: 72, 442: 310, 443: 694, 444: 456, 445: 296, 446: 58, 447: 30, 448: 268, 449: 750, 450: 512, 451: 540, 452: 778, 453: 366, 454: 128, 455: 380, 456: 142, 457: 30, 458: 268, 459: 750, 460: 512, 461: 30, 462: 268, 463: 310, 464: 72, 465: 380, 466: 142, 467: 456, 468: 694, 469: 30, 470: 268, 471: 128, 472: 366, 473: 72, 474: 310, 475: 428, 476: 666, 477: 58, 478: 296, 479: 30, 480: 268, 481: 456, 482: 694, 483: 30, 484: 268, 485: 310, 486: 72, 487: 58, 488: 296, 489: 296, 490: 58, 491: 268, 492: 30, 493: 30, 494: 268, 495: 268, 496: 30, 497: 750, 498: 512, 499: 750, 500: 512, 501: 58, 502: 296, 503: 540, 504: 778, 505: 72, 506: 310, 507: 58, 508: 296, 509: 296, 510: 58, 511: 310, 512: 72, 513: 778, 514: 540, 515: 666, 516: 428, 517: 30, 518: 268, 519: 72, 520: 310, 521: 456, 522: 694, 523: 58, 524: 296, 525: 142, 526: 380, 527: 428, 528: 666, 529: 512, 530: 750, 531: 30, 532: 268, 533: 666, 534: 428, 535: 428, 536: 666, 537: 310, 538: 72, 539: 30, 540: 268, 541: 750, 542: 512, 543: 30, 544: 268, 545: 58, 546: 296, 547: 142, 548: 380, 549: 366, 550: 128, 551: 58, 552: 296, 553: 456, 554: 694, 555: 30, 556: 268, 557: 72, 558: 310, 559: 30, 560: 268, 561: 30, 562: 268, 563: 428, 564: 666, 565: 30, 566: 268, 567: 310, 568: 72, 569: 72, 570: 310, 571: 428, 572: 666, 573: 30, 574: 268, 575: 380, 576: 142, 577: 540, 578: 778, 579: 30, 580: 268, 581: 366, 582: 128, 583: 72, 584: 310, 585: 778, 586: 540, 587: 128, 588: 366, 589: 72, 590: 310, 591: 30, 592: 268, 593: 540, 594: 778, 595: 72, 596: 310, 597: 456, 598: 694, 599: 142, 600: 380, 601: 512, 602: 750, 603: 512, 604: 750, 605: 694, 606: 456, 607: 778, 608: 540, 609: 380, 610: 142, 611: 512, 612: 750, 613: 142, 614: 380, 615: 72, 616: 310, 617: 30, 618: 268, 619: 128, 620: 366, 621: 380, 622: 142, 623: 58, 624: 296, 625: 30, 626: 268, 627: 72, 628: 310, 629: 30, 630: 268, 631: 58, 632: 296, 633: 30, 634: 268, 635: 30, 636: 268, 637: 456, 638: 694, 639: 694, 640: 456, 641: 310, 642: 72, 643: 750, 644: 512, 645: 666, 646: 428, 647: 142, 648: 380, 649: 512, 650: 750, 651: 30, 652: 268, 653: 128, 654: 366, 655: 512, 656: 750, 657: 366, 658: 128, 659: 428, 660: 666, 661: 72, 662: 310, 663: 380, 664: 142, 665: 296, 666: 58, 667: 58, 668: 296, 669: 30, 670: 268, 671: 58, 672: 296, 673: 778, 674: 540, 675: 366, 676: 128, 677: 30, 678: 268, 679: 30, 680: 268, 681: 366, 682: 128, 683: 428, 684: 666, 685: 750, 686: 512, 687: 456, 688: 694, 689: 128, 690: 366, 691: 778, 692: 540, 693: 380, 694: 142, 695: 778, 696: 540, 697: 540, 698: 778, 699: 72, 700: 310, 701: 366, 702: 128, 703: 366, 704: 128, 705: 58, 706: 296, 707: 750, 708: 512, 709: 366, 710: 128, 711: 72, 712: 310, 713: 30, 714: 268, 715: 666, 716: 428, 717: 540, 718: 778, 719: 380, 720: 142, 721: 750, 722: 512, 723: 30, 724: 268, 725: 778, 726: 540, 727: 750, 728: 512, 729: 72, 730: 310, 731: 30, 732: 268, 733: 30, 734: 268, 735: 366, 736: 128, 737: 58, 738: 296, 739: 58, 740: 296, 741: 128, 742: 366, 743: 666, 744: 428, 745: 30, 746: 268, 747: 296, 748: 58, 749: 694, 750: 456, 751: 310, 752: 72, 753: 512, 754: 750, 755: 72, 756: 310, 757: 366, 758: 128, 759: 128, 760: 366, 761: 380, 762: 142, 763: 694, 764: 456, 765: 30, 766: 268, 767: 142, 768: 380, 769: 540, 770: 778, 771: 268, 772: 30, 773: 666, 774: 428, 775: 30, 776: 268, 777: 72, 778: 310, 779: 750, 780: 512, 781: 778, 782: 540, 783: 512, 784: 750, 785: 778, 786: 540, 787: 778, 788: 540, 789: 128, 790: 366, 791: 380, 792: 142, 793: 310, 794: 72, 795: 666, 796: 428, 797: 380, 798: 142, 799: 268, 800: 30, 801: 142, 802: 380, 803: 366, 804: 128, 805: 694, 806: 456, 807: 694, 808: 456, 809: 30, 810: 268, 811: 296, 812: 58, 813: 30, 814: 268, 815: 694, 816: 456, 817: 694, 818: 456, 819: 694, 820: 456, 821: 540, 822: 778, 823: 428, 824: 666, 825: 58, 826: 296, 827: 30, 828: 268, 829: 30, 830: 268, 831: 750, 832: 512, 833: 58, 834: 296, 835: 512, 836: 750, 837: 428, 838: 666, 839: 58, 840: 296, 841: 128, 842: 366, 843: 428, 844: 666, 845: 380, 846: 142, 847: 456, 848: 694, 849: 142, 850: 380, 851: 366, 852: 128, 853: 128, 854: 366, 855: 428, 856: 666, 857: 72, 858: 310, 859: 72, 860: 310, 861: 750, 862: 512, 863: 366, 864: 128, 865: 58, 866: 296, 867: 778, 868: 540, 869: 694, 870: 456, 871: 30, 872: 268, 873: 30, 874: 268, 875: 694, 876: 456, 877: 380, 878: 142, 879: 750, 880: 512, 881: 666, 882: 428, 883: 72, 884: 310, 885: 456, 886: 694, 887: 540, 888: 778, 889: 72, 890: 310, 891: 58, 892: 296, 893: 512, 894: 750, 895: 428, 896: 666, 897: 456, 898: 694, 899: 778, 900: 540, 901: 380, 902: 142, 903: 456, 904: 694, 905: 778, 906: 540, 907: 456, 908: 694, 909: 512, 910: 750, 911: 778, 912: 540, 913: 268, 914: 30, 915: 750, 916: 512}
Number of labels used: 18
Objective value: 18.0
Best objective bound: 18.0
Solution is CORRECT!
Total time: 55.91s
Memory used: 1273.82 MB
[runlim] end:			Sun Jun 14 17:09:16 2026
[runlim] status:		ok
[runlim] result:		0
[runlim] children:		1
[runlim] processes:		2
[runlim] real:			56.44 seconds
[runlim] time:			555.04 seconds
[runlim] space:			1581 MB
[runlim] load:			11.70 maximum
[runlim] samples:		565
