[runlim] version:		2.0.0rc12
[runlim] host:			ap-Precision-7550
[runlim] time limit:		311040000 seconds
[runlim] real time limit:	600 seconds
[runlim] space limit:		14000 MB
[runlim] argv[0]:		python3
[runlim] argv[1]:		-u
[runlim] argv[2]:		main.py
[runlim] argv[3]:		graph02
[runlim] argv[4]:		600
[runlim] start:			Sun Jun 14 17:06:12 2026
[runlim] child:			45408
Dataset: graph02
Preprocessing: on
Building CP-SAT model for 400 variables...
Number of assignment variables: 14624
Number of label variables: 48
Build time: 1.09s
Solving with OR-Tools CP-SAT...
Number of labels used: 48
Time taken: 2.85s
Number of labels used: 46
Time taken: 3.00s
Number of labels used: 44
Time taken: 3.01s
Number of labels used: 44
Time taken: 3.03s
Number of labels used: 44
Time taken: 3.05s
Number of labels used: 24
Time taken: 3.07s
Number of labels used: 22
Time taken: 3.09s
Number of labels used: 20
Time taken: 3.11s
Number of labels used: 18
Time taken: 3.13s
Number of labels used: 18
Time taken: 3.15s
Number of labels used: 18
Time taken: 3.16s
Number of labels used: 16
Time taken: 3.18s
Number of labels used: 14
Time taken: 3.19s
Number of labels used: 14
Time taken: 3.22s
Number of labels used: 14
Time taken: 3.24s
[runlim] sample:		83.91 time, 10.02 real, 561 MB, 2.57 load
[runlim] sample:		199.70 time, 20.02 real, 610 MB, 4.02 load
[runlim] sample:		318.34 time, 30.02 real, 627 MB, 5.25 load
Status: OPTIMAL
Solution:
{1: 380, 2: 142, 3: 268, 4: 30, 5: 778, 6: 540, 7: 324, 8: 86, 9: 86, 10: 324, 11: 142, 12: 380, 13: 778, 14: 540, 15: 324, 16: 86, 17: 296, 18: 58, 19: 324, 20: 86, 21: 380, 22: 142, 23: 142, 24: 380, 25: 86, 26: 324, 27: 86, 28: 324, 29: 540, 30: 778, 31: 86, 32: 324, 33: 512, 34: 750, 35: 86, 36: 324, 37: 540, 38: 778, 39: 296, 40: 58, 41: 778, 42: 540, 43: 142, 44: 380, 45: 512, 46: 750, 47: 296, 48: 58, 49: 268, 50: 30, 51: 380, 52: 142, 53: 478, 54: 240, 55: 778, 56: 540, 57: 142, 58: 380, 59: 296, 60: 58, 61: 86, 62: 324, 63: 512, 64: 750, 65: 30, 66: 268, 67: 30, 68: 268, 69: 296, 70: 58, 71: 478, 72: 240, 73: 58, 74: 296, 75: 86, 76: 324, 77: 380, 78: 142, 79: 540, 80: 778, 81: 750, 82: 512, 83: 380, 84: 142, 85: 512, 86: 750, 87: 750, 88: 512, 89: 142, 90: 380, 91: 778, 92: 540, 93: 30, 94: 268, 95: 58, 96: 296, 97: 540, 98: 778, 99: 268, 100: 30, 101: 296, 102: 58, 103: 268, 104: 30, 105: 30, 106: 268, 107: 86, 108: 324, 109: 268, 110: 30, 111: 380, 112: 142, 113: 750, 114: 512, 115: 30, 116: 268, 117: 778, 118: 540, 119: 240, 120: 478, 121: 750, 122: 512, 123: 778, 124: 540, 125: 540, 126: 778, 127: 512, 128: 750, 129: 240, 130: 478, 131: 540, 132: 778, 133: 268, 134: 30, 135: 240, 136: 478, 137: 778, 138: 540, 139: 540, 140: 778, 141: 58, 142: 296, 143: 380, 144: 142, 145: 380, 146: 142, 147: 324, 148: 86, 149: 380, 150: 142, 151: 380, 152: 142, 153: 30, 154: 268, 155: 240, 156: 478, 157: 778, 158: 540, 159: 750, 160: 512, 161: 540, 162: 778, 163: 478, 164: 240, 165: 58, 166: 296, 167: 324, 168: 86, 169: 30, 170: 268, 171: 750, 172: 512, 173: 380, 174: 142, 175: 142, 176: 380, 177: 324, 178: 86, 179: 478, 180: 240, 181: 296, 182: 58, 183: 512, 184: 750, 185: 30, 186: 268, 187: 58, 188: 296, 189: 478, 190: 240, 191: 86, 192: 324, 193: 778, 194: 540, 195: 324, 196: 86, 197: 512, 198: 750, 199: 296, 200: 58, 201: 778, 202: 540, 203: 30, 204: 268, 205: 512, 206: 750, 207: 30, 208: 268, 209: 268, 210: 30, 211: 296, 212: 58, 213: 478, 214: 240, 215: 324, 216: 86, 217: 778, 218: 540, 219: 30, 220: 268, 221: 750, 222: 512, 223: 30, 224: 268, 225: 540, 226: 778, 227: 380, 228: 142, 229: 30, 230: 268, 231: 296, 232: 58, 233: 512, 234: 750, 235: 324, 236: 86, 237: 778, 238: 540, 239: 380, 240: 142, 241: 142, 242: 380, 243: 142, 244: 380, 245: 540, 246: 778, 247: 380, 248: 142, 249: 380, 250: 142, 251: 324, 252: 86, 253: 750, 254: 512, 255: 240, 256: 478, 257: 58, 258: 296, 259: 142, 260: 380, 261: 750, 262: 512, 263: 478, 264: 240, 265: 478, 266: 240, 267: 512, 268: 750, 269: 750, 270: 512, 271: 324, 272: 86, 273: 30, 274: 268, 275: 30, 276: 268, 277: 58, 278: 296, 279: 58, 280: 296, 281: 58, 282: 296, 283: 296, 284: 58, 285: 240, 286: 478, 287: 268, 288: 30, 289: 58, 290: 296, 291: 478, 292: 240, 293: 240, 294: 478, 295: 540, 296: 778, 297: 478, 298: 240, 299: 478, 300: 240, 301: 30, 302: 268, 303: 86, 304: 324, 305: 58, 306: 296, 307: 142, 308: 380, 309: 240, 310: 478, 311: 240, 312: 478, 313: 142, 314: 380, 315: 296, 316: 58, 317: 240, 318: 478, 319: 324, 320: 86, 321: 512, 322: 750, 323: 86, 324: 324, 325: 540, 326: 778, 327: 296, 328: 58, 329: 86, 330: 324, 331: 30, 332: 268, 333: 30, 334: 268, 335: 268, 336: 30, 337: 380, 338: 142, 339: 142, 340: 380, 341: 268, 342: 30, 343: 540, 344: 778, 345: 778, 346: 540, 347: 58, 348: 296, 349: 240, 350: 478, 351: 240, 352: 478, 353: 512, 354: 750, 355: 512, 356: 750, 357: 380, 358: 142, 359: 540, 360: 778, 361: 86, 362: 324, 363: 296, 364: 58, 365: 142, 366: 380, 367: 512, 368: 750, 369: 296, 370: 58, 371: 750, 372: 512, 373: 58, 374: 296, 375: 512, 376: 750, 377: 86, 378: 324, 379: 142, 380: 380, 381: 380, 382: 142, 383: 380, 384: 142, 385: 512, 386: 750, 387: 296, 388: 58, 389: 512, 390: 750, 391: 512, 392: 750, 393: 512, 394: 750, 395: 380, 396: 142, 397: 30, 398: 268, 399: 778, 400: 540}
Number of labels used: 14
Objective value: 14.0
Best objective bound: 14.0
Solution is CORRECT!
Total time: 30.86s
Memory used: 594.77 MB
[runlim] end:			Sun Jun 14 17:06:43 2026
[runlim] status:		ok
[runlim] result:		0
[runlim] children:		1
[runlim] processes:		2
[runlim] real:			31.26 seconds
[runlim] time:			330.53 seconds
[runlim] space:			628 MB
[runlim] load:			5.25 maximum
[runlim] samples:		313
