[runlim] version:		2.0.0rc12
[runlim] host:			ap-Precision-7550
[runlim] time limit:		311040000 seconds
[runlim] real time limit:	600 seconds
[runlim] space limit:		14000 MB
[runlim] argv[0]:		python3
[runlim] argv[1]:		-u
[runlim] argv[2]:		main.py
[runlim] argv[3]:		graph05
[runlim] argv[4]:		600
[runlim] start:			Sun Jun 14 17:35:43 2026
[runlim] child:			52267
Warning: variable 181 has no valid labels after preprocessing.
Cannot find solution!
Total time: 0.04s
Memory used: 82.96 MB
[runlim] end:			Sun Jun 14 17:35:44 2026
[runlim] status:		ok
[runlim] result:		0
[runlim] children:		1
[runlim] processes:		2
[runlim] real:			0.40 seconds
[runlim] time:			1.38 seconds
[runlim] space:			82 MB
[runlim] load:			11.32 maximum
[runlim] samples:		4
