[runlim] version:		2.0.0rc12
[runlim] host:			ap-Precision-7550
[runlim] time limit:		311040000 seconds
[runlim] real time limit:	600 seconds
[runlim] space limit:		14000 MB
[runlim] argv[0]:		python3
[runlim] argv[1]:		-u
[runlim] argv[2]:		main.py
[runlim] argv[3]:		graph10
[runlim] argv[4]:		600
[runlim] start:			Sun Jun 14 17:35:45 2026
[runlim] child:			52321
Dataset: graph10
Preprocessing: on
Building CP-SAT model for 680 variables...
Number of assignment variables: 26594
Number of label variables: 44
Build time: 8.90s
Solving with OR-Tools CP-SAT...
[runlim] sample:		11.07 time, 10.01 real, 1019 MB, 9.73 load
[runlim] sample:		21.06 time, 20.01 real, 1772 MB, 8.39 load
Number of labels used: 22
Time taken: 27.97s
[runlim] sample:		60.44 time, 30.02 real, 2594 MB, 7.25 load
[runlim] sample:		178.17 time, 40.02 real, 2906 MB, 7.98 load
[runlim] sample:		296.26 time, 50.02 real, 3113 MB, 8.53 load
[runlim] sample:		414.67 time, 60.02 real, 3241 MB, 9.06 load
[runlim] sample:		532.83 time, 70.03 real, 3324 MB, 9.59 load
[runlim] sample:		651.17 time, 80.02 real, 3309 MB, 9.96 load
[runlim] sample:		769.51 time, 90.02 real, 3299 MB, 10.28 load
[runlim] sample:		887.57 time, 100.02 real, 3477 MB, 10.54 load
[runlim] sample:		1005.92 time, 110.02 real, 3507 MB, 10.77 load
[runlim] sample:		1124.36 time, 120.02 real, 3525 MB, 10.96 load
[runlim] sample:		1242.41 time, 130.03 real, 3863 MB, 11.12 load
[runlim] sample:		1360.81 time, 140.02 real, 3835 MB, 11.33 load
[runlim] sample:		1479.20 time, 150.02 real, 3812 MB, 11.43 load
[runlim] sample:		1597.22 time, 160.02 real, 3758 MB, 11.52 load
[runlim] sample:		1715.64 time, 170.02 real, 4022 MB, 11.59 load
[runlim] sample:		1834.16 time, 180.02 real, 4016 MB, 11.74 load
[runlim] sample:		1952.20 time, 190.03 real, 3631 MB, 11.78 load
[runlim] sample:		2070.57 time, 200.02 real, 3612 MB, 11.81 load
[runlim] sample:		2188.97 time, 210.02 real, 3696 MB, 11.84 load
[runlim] sample:		2307.03 time, 220.02 real, 3804 MB, 12.03 load
[runlim] sample:		2425.47 time, 230.02 real, 3655 MB, 12.18 load
[runlim] sample:		2543.90 time, 240.02 real, 3772 MB, 12.30 load
[runlim] sample:		2661.85 time, 250.02 real, 4073 MB, 12.41 load
[runlim] sample:		2780.21 time, 260.02 real, 3541 MB, 12.58 load
[runlim] sample:		2898.61 time, 270.02 real, 3879 MB, 12.65 load
[runlim] sample:		3016.49 time, 280.02 real, 3792 MB, 12.70 load
[runlim] sample:		3134.93 time, 290.02 real, 3653 MB, 12.67 load
[runlim] sample:		3253.35 time, 300.02 real, 3862 MB, 12.56 load
[runlim] sample:		3371.79 time, 310.02 real, 3681 MB, 12.56 load
[runlim] sample:		3489.81 time, 320.02 real, 3791 MB, 12.55 load
[runlim] sample:		3608.26 time, 330.02 real, 3680 MB, 12.46 load
[runlim] sample:		3726.68 time, 340.02 real, 3898 MB, 12.46 load
[runlim] sample:		3844.76 time, 350.02 real, 3804 MB, 12.47 load
[runlim] sample:		3963.21 time, 360.02 real, 3909 MB, 12.40 load
[runlim] sample:		4081.64 time, 370.02 real, 3707 MB, 12.42 load
[runlim] sample:		4199.68 time, 380.02 real, 3645 MB, 12.35 load
Status: OPTIMAL
Solution:
{1: 16, 2: 254, 3: 764, 4: 526, 5: 58, 6: 296, 7: 128, 8: 366, 9: 114, 10: 352, 11: 30, 12: 268, 13: 100, 14: 338, 15: 100, 16: 338, 17: 100, 18: 338, 19: 30, 20: 268, 21: 114, 22: 352, 23: 128, 24: 366, 25: 100, 26: 338, 27: 114, 28: 352, 29: 86, 30: 324, 31: 156, 32: 394, 33: 44, 34: 282, 35: 156, 36: 394, 37: 44, 38: 282, 39: 58, 40: 296, 41: 30, 42: 268, 43: 114, 44: 352, 45: 764, 46: 526, 47: 156, 48: 394, 49: 44, 50: 282, 51: 16, 52: 254, 53: 128, 54: 366, 55: 58, 56: 296, 57: 16, 58: 254, 59: 16, 60: 254, 61: 16, 62: 254, 63: 72, 64: 310, 65: 72, 66: 310, 67: 764, 68: 526, 69: 58, 70: 296, 71: 100, 72: 338, 73: 58, 74: 296, 75: 128, 76: 366, 77: 128, 78: 366, 79: 16, 80: 254, 81: 58, 82: 296, 83: 156, 84: 394, 85: 16, 86: 254, 87: 764, 88: 526, 89: 156, 90: 394, 91: 114, 92: 352, 93: 764, 94: 526, 95: 100, 96: 338, 97: 72, 98: 310, 99: 44, 100: 282, 101: 156, 102: 394, 103: 128, 104: 366, 105: 16, 106: 254, 107: 114, 108: 352, 109: 764, 110: 526, 111: 86, 112: 324, 113: 764, 114: 526, 115: 100, 116: 338, 117: 30, 118: 268, 119: 100, 120: 338, 121: 764, 122: 526, 123: 86, 124: 324, 125: 128, 126: 366, 127: 128, 128: 366, 129: 16, 130: 254, 131: 72, 132: 310, 133: 114, 134: 352, 135: 72, 136: 310, 137: 156, 138: 394, 139: 16, 140: 254, 141: 58, 142: 296, 143: 128, 144: 366, 145: 128, 146: 366, 147: 44, 148: 282, 149: 30, 150: 268, 151: 44, 152: 282, 153: 16, 154: 254, 155: 16, 156: 254, 157: 764, 158: 526, 159: 58, 160: 296, 161: 764, 162: 526, 163: 16, 164: 254, 165: 526, 166: 764, 167: 156, 168: 394, 169: 764, 170: 526, 171: 16, 172: 254, 173: 86, 174: 324, 175: 764, 176: 526, 177: 72, 178: 310, 179: 44, 180: 282, 181: 156, 182: 394, 183: 156, 184: 394, 185: 156, 186: 394, 187: 16, 188: 254, 189: 86, 190: 324, 191: 44, 192: 282, 193: 764, 194: 526, 195: 44, 196: 282, 197: 16, 198: 254, 199: 764, 200: 526, 201: 526, 202: 764, 203: 58, 204: 296, 205: 764, 206: 526, 207: 114, 208: 352, 209: 30, 210: 268, 211: 114, 212: 352, 213: 764, 214: 526, 215: 44, 216: 282, 217: 30, 218: 268, 219: 114, 220: 352, 221: 156, 222: 394, 223: 156, 224: 394, 225: 58, 226: 296, 227: 58, 228: 296, 229: 86, 230: 324, 231: 58, 232: 296, 233: 526, 234: 764, 235: 16, 236: 254, 237: 764, 238: 526, 239: 764, 240: 526, 241: 16, 242: 254, 243: 764, 244: 526, 245: 156, 246: 394, 247: 156, 248: 394, 249: 156, 250: 394, 251: 16, 252: 254, 253: 128, 254: 366, 255: 58, 256: 296, 257: 114, 258: 352, 259: 58, 260: 296, 261: 16, 262: 254, 263: 156, 264: 394, 265: 100, 266: 338, 267: 30, 268: 268, 269: 72, 270: 310, 271: 100, 272: 338, 273: 16, 274: 254, 275: 100, 276: 338, 277: 156, 278: 394, 279: 100, 280: 338, 281: 764, 282: 526, 283: 44, 284: 282, 285: 128, 286: 366, 287: 764, 288: 526, 289: 86, 290: 324, 291: 764, 292: 526, 293: 100, 294: 338, 295: 100, 296: 338, 297: 86, 298: 324, 299: 156, 300: 394, 301: 16, 302: 254, 303: 44, 304: 282, 305: 86, 306: 324, 307: 16, 308: 254, 309: 58, 310: 296, 311: 72, 312: 310, 313: 86, 314: 324, 315: 156, 316: 394, 317: 44, 318: 282, 319: 100, 320: 338, 321: 30, 322: 268, 323: 72, 324: 310, 325: 156, 326: 394, 327: 156, 328: 394, 329: 16, 330: 254, 331: 44, 332: 282, 333: 764, 334: 526, 335: 58, 336: 296, 337: 100, 338: 338, 339: 30, 340: 268, 341: 72, 342: 310, 343: 764, 344: 526, 345: 16, 346: 254, 347: 16, 348: 254, 349: 30, 350: 268, 351: 128, 352: 366, 353: 114, 354: 352, 355: 16, 356: 254, 357: 58, 358: 296, 359: 86, 360: 324, 361: 86, 362: 324, 363: 30, 364: 268, 365: 128, 366: 366, 367: 58, 368: 296, 369: 128, 370: 366, 371: 764, 372: 526, 373: 16, 374: 254, 375: 128, 376: 366, 377: 156, 378: 394, 379: 100, 380: 338, 381: 114, 382: 352, 383: 156, 384: 394, 385: 114, 386: 352, 387: 16, 388: 254, 389: 58, 390: 296, 391: 114, 392: 352, 393: 30, 394: 268, 395: 16, 396: 254, 397: 58, 398: 296, 399: 128, 400: 366, 401: 156, 402: 394, 403: 128, 404: 366, 405: 30, 406: 268, 407: 44, 408: 282, 409: 156, 410: 394, 411: 764, 412: 526, 413: 30, 414: 268, 415: 128, 416: 366, 417: 72, 418: 310, 419: 128, 420: 366, 421: 156, 422: 394, 423: 58, 424: 296, 425: 72, 426: 310, 427: 764, 428: 526, 429: 86, 430: 324, 431: 72, 432: 310, 433: 156, 434: 394, 435: 100, 436: 338, 437: 764, 438: 526, 439: 44, 440: 282, 441: 58, 442: 296, 443: 764, 444: 526, 445: 44, 446: 282, 447: 100, 448: 338, 449: 72, 450: 310, 451: 156, 452: 394, 453: 128, 454: 366, 455: 58, 456: 296, 457: 128, 458: 366, 459: 100, 460: 338, 461: 16, 462: 254, 463: 30, 464: 268, 465: 114, 466: 352, 467: 44, 468: 282, 469: 16, 470: 254, 471: 72, 472: 310, 473: 114, 474: 352, 475: 86, 476: 324, 477: 58, 478: 296, 479: 30, 480: 268, 481: 86, 482: 324, 483: 30, 484: 268, 485: 100, 486: 338, 487: 86, 488: 324, 489: 16, 490: 254, 491: 156, 492: 394, 493: 128, 494: 366, 495: 86, 496: 324, 497: 16, 498: 254, 499: 764, 500: 526, 501: 156, 502: 394, 503: 156, 504: 394, 505: 86, 506: 324, 507: 72, 508: 310, 509: 16, 510: 254, 511: 156, 512: 394, 513: 58, 514: 296, 515: 16, 516: 254, 517: 100, 518: 338, 519: 114, 520: 352, 521: 72, 522: 310, 523: 30, 524: 268, 525: 114, 526: 352, 527: 156, 528: 394, 529: 44, 530: 282, 531: 114, 532: 352, 533: 156, 534: 394, 535: 128, 536: 366, 537: 16, 538: 254, 539: 764, 540: 526, 541: 86, 542: 324, 543: 764, 544: 526, 545: 16, 546: 254, 547: 58, 548: 296, 549: 128, 550: 366, 551: 86, 552: 324, 553: 764, 554: 526, 555: 86, 556: 324, 557: 16, 558: 254, 559: 86, 560: 324, 561: 58, 562: 296, 563: 764, 564: 526, 565: 30, 566: 268, 567: 764, 568: 526, 569: 30, 570: 268, 571: 764, 572: 526, 573: 100, 574: 338, 575: 156, 576: 394, 577: 156, 578: 394, 579: 526, 580: 764, 581: 100, 582: 338, 583: 764, 584: 526, 585: 128, 586: 366, 587: 16, 588: 254, 589: 58, 590: 296, 591: 156, 592: 394, 593: 30, 594: 268, 595: 128, 596: 366, 597: 30, 598: 268, 599: 114, 600: 352, 601: 30, 602: 268, 603: 58, 604: 296, 605: 86, 606: 324, 607: 764, 608: 526, 609: 16, 610: 254, 611: 156, 612: 394, 613: 156, 614: 394, 615: 72, 616: 310, 617: 16, 618: 254, 619: 72, 620: 310, 621: 72, 622: 310, 623: 114, 624: 352, 625: 128, 626: 366, 627: 100, 628: 338, 629: 72, 630: 310, 631: 30, 632: 268, 633: 100, 634: 338, 635: 128, 636: 366, 637: 30, 638: 268, 639: 16, 640: 254, 641: 44, 642: 282, 643: 30, 644: 268, 645: 72, 646: 310, 647: 764, 648: 526, 649: 44, 650: 282, 651: 72, 652: 310, 653: 764, 654: 526, 655: 16, 656: 254, 657: 72, 658: 310, 659: 156, 660: 394, 661: 58, 662: 296, 663: 764, 664: 526, 665: 764, 666: 526, 667: 764, 668: 526, 669: 86, 670: 324, 671: 44, 672: 282, 673: 114, 674: 352, 675: 156, 676: 394, 677: 16, 678: 254, 679: 30, 680: 268}
Number of labels used: 22
Objective value: 22.0
Best objective bound: 22.0
Solution is CORRECT!
Total time: 386.77s
Memory used: 2484.53 MB
[runlim] end:			Sun Jun 14 17:42:12 2026
[runlim] status:		ok
[runlim] result:		0
[runlim] children:		1
[runlim] processes:		2
[runlim] real:			387.54 seconds
[runlim] time:			4274.40 seconds
[runlim] space:			4073 MB
[runlim] load:			12.73 maximum
[runlim] samples:		3876
