[runlim] version:		2.0.0rc12
[runlim] host:			ap-Precision-7550
[runlim] time limit:		311040000 seconds
[runlim] real time limit:	600 seconds
[runlim] space limit:		14000 MB
[runlim] argv[0]:		python3
[runlim] argv[1]:		-u
[runlim] argv[2]:		main.py
[runlim] argv[3]:		graph03
[runlim] argv[4]:		600
[runlim] start:			Sun Jun 14 17:34:16 2026
[runlim] child:			51790
Dataset: graph03
Preprocessing: on
Building CP-SAT model for 200 variables...
Number of assignment variables: 7480
Number of label variables: 48
Build time: 2.38s
Solving with OR-Tools CP-SAT...
Number of labels used: 42
Time taken: 6.91s
Number of labels used: 20
Time taken: 6.97s
[runlim] sample:		39.75 time, 10.02 real, 755 MB, 12.76 load
[runlim] sample:		158.42 time, 20.02 real, 911 MB, 12.79 load
Status: OPTIMAL
Solution:
{1: 100, 2: 338, 3: 142, 4: 380, 5: 142, 6: 380, 7: 142, 8: 380, 9: 142, 10: 380, 11: 142, 12: 380, 13: 58, 14: 296, 15: 114, 16: 352, 17: 114, 18: 352, 19: 58, 20: 296, 21: 16, 22: 254, 23: 86, 24: 324, 25: 100, 26: 338, 27: 100, 28: 338, 29: 114, 30: 352, 31: 128, 32: 366, 33: 44, 34: 282, 35: 142, 36: 380, 37: 72, 38: 310, 39: 16, 40: 254, 41: 16, 42: 254, 43: 86, 44: 324, 45: 58, 46: 296, 47: 86, 48: 324, 49: 30, 50: 268, 51: 128, 52: 366, 53: 142, 54: 380, 55: 44, 56: 282, 57: 86, 58: 324, 59: 114, 60: 352, 61: 86, 62: 324, 63: 16, 64: 254, 65: 58, 66: 296, 67: 100, 68: 338, 69: 30, 70: 268, 71: 142, 72: 380, 73: 142, 74: 380, 75: 58, 76: 296, 77: 44, 78: 282, 79: 16, 80: 254, 81: 86, 82: 324, 83: 30, 84: 268, 85: 16, 86: 254, 87: 16, 88: 254, 89: 72, 90: 310, 91: 16, 92: 254, 93: 30, 94: 268, 95: 142, 96: 380, 97: 30, 98: 268, 99: 44, 100: 282, 101: 16, 102: 254, 103: 142, 104: 380, 105: 86, 106: 324, 107: 100, 108: 338, 109: 142, 110: 380, 111: 16, 112: 254, 113: 16, 114: 254, 115: 58, 116: 296, 117: 142, 118: 380, 119: 44, 120: 282, 121: 114, 122: 352, 123: 16, 124: 254, 125: 142, 126: 380, 127: 72, 128: 310, 129: 114, 130: 352, 131: 142, 132: 380, 133: 72, 134: 310, 135: 142, 136: 380, 137: 114, 138: 352, 139: 86, 140: 324, 141: 100, 142: 338, 143: 58, 144: 296, 145: 30, 146: 268, 147: 72, 148: 310, 149: 128, 150: 366, 151: 44, 152: 282, 153: 16, 154: 254, 155: 86, 156: 324, 157: 16, 158: 254, 159: 58, 160: 296, 161: 72, 162: 310, 163: 114, 164: 352, 165: 86, 166: 324, 167: 16, 168: 254, 169: 128, 170: 366, 171: 128, 172: 366, 173: 44, 174: 282, 175: 100, 176: 338, 177: 44, 178: 282, 179: 72, 180: 310, 181: 114, 182: 352, 183: 86, 184: 324, 185: 142, 186: 380, 187: 58, 188: 296, 189: 30, 190: 268, 191: 16, 192: 254, 193: 58, 194: 296, 195: 44, 196: 282, 197: 128, 198: 366, 199: 30, 200: 268}
Number of labels used: 20
Objective value: 20.0
Best objective bound: 20.0
Solution is CORRECT!
Total time: 27.21s
Memory used: 840.95 MB
[runlim] end:			Sun Jun 14 17:34:44 2026
[runlim] status:		ok
[runlim] result:		0
[runlim] children:		1
[runlim] processes:		2
[runlim] real:			27.69 seconds
[runlim] time:			244.35 seconds
[runlim] space:			934 MB
[runlim] load:			13.66 maximum
[runlim] samples:		277
