[runlim] version:		2.0.0rc12
[runlim] host:			ap-Precision-7550
[runlim] time limit:		311040000 seconds
[runlim] real time limit:	600 seconds
[runlim] space limit:		14000 MB
[runlim] argv[0]:		python3
[runlim] argv[1]:		-u
[runlim] argv[2]:		main.py
[runlim] argv[3]:		scen03
[runlim] argv[4]:		600
[runlim] start:			Sun Jun 14 17:20:02 2026
[runlim] child:			48694
Dataset: scen03
Preprocessing: on
Building CP-SAT model for 400 variables...
Number of assignment variables: 15892
Number of label variables: 48
Build time: 2.35s
Solving with OR-Tools CP-SAT...
Number of labels used: 44
Time taken: 5.80s
Number of labels used: 34
Time taken: 5.85s
Number of labels used: 32
Time taken: 5.96s
Number of labels used: 18
Time taken: 5.99s
Number of labels used: 16
Time taken: 6.01s
Number of labels used: 14
Time taken: 7.25s
[runlim] sample:		51.41 time, 10.02 real, 713 MB, 11.63 load
[runlim] sample:		170.02 time, 20.02 real, 786 MB, 11.77 load
[runlim] sample:		288.47 time, 30.02 real, 815 MB, 11.81 load
[runlim] sample:		406.70 time, 40.02 real, 831 MB, 11.84 load
[runlim] sample:		525.30 time, 50.02 real, 849 MB, 11.86 load
[runlim] sample:		643.82 time, 60.02 real, 854 MB, 11.88 load
[runlim] sample:		761.95 time, 70.02 real, 862 MB, 11.90 load
[runlim] sample:		880.48 time, 80.02 real, 876 MB, 11.92 load
[runlim] sample:		999.05 time, 90.02 real, 880 MB, 12.08 load
[runlim] sample:		1117.31 time, 100.02 real, 885 MB, 12.30 load
[runlim] sample:		1235.83 time, 110.02 real, 890 MB, 12.41 load
[runlim] sample:		1354.33 time, 120.02 real, 895 MB, 12.57 load
[runlim] sample:		1472.50 time, 130.02 real, 897 MB, 12.64 load
[runlim] sample:		1591.03 time, 140.02 real, 900 MB, 12.69 load
[runlim] sample:		1709.64 time, 150.02 real, 901 MB, 12.59 load
[runlim] sample:		1827.77 time, 160.02 real, 903 MB, 12.50 load
[runlim] sample:		1946.27 time, 170.02 real, 905 MB, 12.42 load
[runlim] sample:		2064.71 time, 180.02 real, 908 MB, 12.36 load
[runlim] sample:		2182.77 time, 190.02 real, 911 MB, 12.30 load
[runlim] sample:		2301.27 time, 200.02 real, 914 MB, 12.25 load
[runlim] sample:		2419.82 time, 210.02 real, 919 MB, 12.21 load
[runlim] sample:		2537.96 time, 220.02 real, 920 MB, 12.18 load
[runlim] sample:		2656.43 time, 230.02 real, 921 MB, 12.15 load
[runlim] sample:		2774.86 time, 240.02 real, 924 MB, 12.13 load
[runlim] sample:		2893.33 time, 250.02 real, 930 MB, 12.11 load
[runlim] sample:		3011.42 time, 260.02 real, 930 MB, 12.09 load
[runlim] sample:		3129.94 time, 270.02 real, 931 MB, 12.24 load
[runlim] sample:		3247.98 time, 280.02 real, 933 MB, 12.42 load
[runlim] sample:		3366.46 time, 290.02 real, 936 MB, 12.36 load
[runlim] sample:		3484.48 time, 300.02 real, 937 MB, 12.30 load
[runlim] sample:		3602.98 time, 310.02 real, 939 MB, 12.25 load
[runlim] sample:		3721.53 time, 320.02 real, 940 MB, 12.21 load
[runlim] sample:		3839.58 time, 330.02 real, 941 MB, 12.18 load
[runlim] sample:		3958.02 time, 340.02 real, 946 MB, 12.15 load
[runlim] sample:		4076.53 time, 350.02 real, 951 MB, 12.21 load
[runlim] sample:		4194.63 time, 360.02 real, 953 MB, 12.18 load
[runlim] sample:		4313.16 time, 370.02 real, 954 MB, 12.15 load
[runlim] sample:		4431.78 time, 380.02 real, 956 MB, 12.13 load
[runlim] sample:		4549.85 time, 390.02 real, 956 MB, 12.11 load
[runlim] sample:		4668.40 time, 400.02 real, 962 MB, 12.09 load
[runlim] sample:		4786.89 time, 410.02 real, 962 MB, 12.08 load
[runlim] sample:		4904.96 time, 420.02 real, 964 MB, 12.06 load
[runlim] sample:		5023.50 time, 430.02 real, 966 MB, 12.05 load
[runlim] sample:		5142.02 time, 440.02 real, 968 MB, 12.04 load
[runlim] sample:		5260.13 time, 450.02 real, 969 MB, 12.04 load
[runlim] sample:		5378.61 time, 460.02 real, 971 MB, 12.03 load
[runlim] sample:		5497.10 time, 470.02 real, 974 MB, 12.03 load
[runlim] sample:		5615.14 time, 480.02 real, 974 MB, 12.02 load
[runlim] sample:		5733.61 time, 490.02 real, 975 MB, 12.02 load
[runlim] sample:		5852.03 time, 500.02 real, 975 MB, 12.01 load
[runlim] sample:		5970.07 time, 510.02 real, 976 MB, 12.01 load
[runlim] sample:		6088.02 time, 520.02 real, 980 MB, 12.01 load
[runlim] sample:		6206.47 time, 530.02 real, 981 MB, 12.01 load
[runlim] sample:		6324.48 time, 540.02 real, 988 MB, 12.01 load
[runlim] sample:		6442.99 time, 550.02 real, 989 MB, 12.00 load
[runlim] sample:		6561.46 time, 560.02 real, 990 MB, 12.00 load
[runlim] sample:		6679.59 time, 570.02 real, 991 MB, 12.00 load
[runlim] sample:		6798.02 time, 580.02 real, 992 MB, 12.00 load
[runlim] sample:		6916.42 time, 590.02 real, 992 MB, 12.24 load
[runlim] sample:		7034.43 time, 600.02 real, 994 MB, 12.35 load
[runlim] end:			Sun Jun 14 17:30:03 2026
[runlim] status:		out of time
[runlim] result:		2
[runlim] children:		1
[runlim] processes:		2
[runlim] real:			601.08 seconds
[runlim] time:			7034.43 seconds
[runlim] space:			994 MB
[runlim] load:			12.69 maximum
[runlim] samples:		6000
