[runlim] version:		2.0.0rc12
[runlim] host:			ap-Precision-7550
[runlim] time limit:		311040000 seconds
[runlim] real time limit:	600 seconds
[runlim] space limit:		14000 MB
[runlim] argv[0]:		python3
[runlim] argv[1]:		-u
[runlim] argv[2]:		main.py
[runlim] argv[3]:		scen10
[runlim] argv[4]:		600
[runlim] start:			Sun Jun 14 17:42:18 2026
[runlim] child:			53855
Warning: variable 13 has no valid labels after preprocessing.
Cannot find solution!
Total time: 0.01s
Memory used: 83.77 MB
[runlim] end:			Sun Jun 14 17:42:18 2026
[runlim] status:		ok
[runlim] result:		0
[runlim] children:		1
[runlim] processes:		2
[runlim] real:			0.37 seconds
[runlim] time:			1.38 seconds
[runlim] space:			82 MB
[runlim] load:			11.39 maximum
[runlim] samples:		4
