[runlim] version:		2.0.0rc12
[runlim] host:			ap-Precision-7550
[runlim] time limit:		311040000 seconds
[runlim] real time limit:	600 seconds
[runlim] space limit:		14000 MB
[runlim] argv[0]:		python3
[runlim] argv[1]:		-u
[runlim] argv[2]:		main.py
[runlim] argv[3]:		scen05
[runlim] argv[4]:		600
[runlim] start:			Sun Jun 14 17:42:14 2026
[runlim] child:			53757
Dataset: scen05
Preprocessing: on
Building CP-SAT model for 400 variables...
Number of assignment variables: 3722
Number of label variables: 48
Build time: 0.76s
Solving with OR-Tools CP-SAT...
Number of labels used: 40
Time taken: 1.48s
Status: OPTIMAL
Solution:
{13: 156, 14: 394, 15: 156, 16: 394, 53: 268, 54: 30, 71: 86, 72: 324, 79: 554, 80: 792, 81: 254, 82: 16, 83: 128, 84: 366, 85: 428, 86: 666, 117: 792, 118: 554, 119: 554, 120: 792, 127: 44, 128: 282, 129: 792, 130: 554, 143: 666, 144: 428, 145: 442, 146: 680, 151: 72, 152: 310, 153: 428, 154: 666, 163: 128, 164: 366, 165: 764, 166: 526, 179: 44, 180: 282, 181: 254, 182: 16, 183: 442, 184: 680, 191: 736, 192: 498, 193: 268, 194: 30, 205: 310, 206: 72, 209: 736, 210: 498, 211: 792, 212: 554, 213: 310, 214: 72, 217: 764, 218: 526, 219: 352, 220: 114, 233: 428, 234: 666, 235: 778, 236: 540, 237: 498, 238: 736, 255: 44, 256: 282, 259: 44, 260: 282, 261: 324, 262: 86, 263: 254, 264: 16, 265: 58, 266: 296, 267: 526, 268: 764, 269: 296, 270: 58, 271: 296, 272: 58, 273: 30, 274: 268, 275: 30, 276: 268, 277: 296, 278: 58, 281: 394, 282: 156, 283: 128, 284: 366, 285: 16, 286: 254, 287: 310, 288: 72, 289: 792, 290: 554, 291: 156, 292: 394, 293: 408, 294: 170, 295: 792, 296: 554, 299: 254, 300: 16, 301: 156, 302: 394, 303: 324, 304: 86, 305: 554, 306: 792, 307: 554, 308: 792, 309: 394, 310: 156, 311: 30, 312: 268, 313: 310, 314: 72, 321: 254, 322: 16, 323: 156, 324: 394, 325: 456, 326: 694, 327: 310, 328: 72, 329: 282, 330: 44, 335: 792, 336: 554, 337: 526, 338: 764, 341: 394, 342: 156, 343: 394, 344: 156, 349: 268, 350: 30, 351: 708, 352: 470, 353: 680, 354: 442, 369: 764, 370: 526, 371: 442, 372: 680, 373: 722, 374: 484, 375: 128, 376: 366, 377: 324, 378: 86, 379: 352, 380: 114, 381: 44, 382: 282, 385: 778, 386: 540, 391: 722, 392: 484, 393: 778, 394: 540, 401: 366, 402: 128, 403: 268, 404: 30, 405: 428, 406: 666, 413: 778, 414: 540, 435: 736, 436: 498, 439: 394, 440: 156, 443: 792, 444: 554, 449: 764, 450: 526, 471: 708, 472: 470, 473: 366, 474: 128, 475: 324, 476: 86, 477: 680, 478: 442, 479: 268, 480: 30, 481: 666, 482: 428, 517: 666, 518: 428, 519: 540, 520: 778, 537: 156, 538: 394, 539: 72, 540: 310, 541: 428, 542: 666, 545: 652, 546: 414, 551: 792, 552: 554, 553: 254, 554: 16, 555: 442, 556: 680, 557: 540, 558: 778, 559: 352, 560: 114, 561: 128, 562: 366, 563: 708, 564: 470, 565: 526, 566: 764, 567: 268, 568: 30, 569: 540, 570: 778, 571: 484, 572: 722, 573: 30, 574: 268, 575: 58, 576: 296, 577: 554, 578: 792, 579: 680, 580: 442, 581: 30, 582: 268, 583: 778, 584: 540, 585: 366, 586: 128, 587: 666, 588: 428, 589: 366, 590: 128, 591: 526, 592: 764, 593: 268, 594: 30, 595: 428, 596: 666, 597: 310, 598: 72, 599: 680, 600: 442, 601: 268, 602: 30, 603: 470, 604: 708, 605: 268, 606: 30, 607: 324, 608: 86, 613: 310, 614: 72, 615: 86, 616: 324, 617: 764, 618: 526, 619: 540, 620: 778, 621: 540, 622: 778, 623: 778, 624: 540, 625: 58, 626: 296, 629: 310, 630: 72, 631: 540, 632: 778, 633: 128, 634: 366, 635: 680, 636: 442, 639: 128, 640: 366, 641: 128, 642: 366, 643: 128, 644: 366, 645: 16, 646: 254, 651: 16, 652: 254, 653: 694, 654: 456, 661: 792, 662: 554, 663: 442, 664: 680, 665: 394, 666: 156, 667: 778, 668: 540, 671: 310, 672: 72, 711: 58, 712: 296, 713: 296, 714: 58, 715: 694, 716: 456, 717: 128, 718: 366, 719: 254, 720: 16, 721: 554, 722: 792, 723: 442, 724: 680, 739: 666, 740: 428, 741: 442, 742: 680, 743: 352, 744: 114, 745: 58, 746: 296, 747: 540, 748: 778, 751: 540, 752: 778, 753: 44, 754: 282, 755: 694, 756: 456, 757: 128, 758: 366, 759: 540, 760: 778, 763: 540, 764: 778, 765: 16, 766: 254, 767: 324, 768: 86, 769: 310, 770: 72, 773: 86, 774: 324, 775: 540, 776: 778, 783: 30, 784: 268, 785: 708, 786: 470, 787: 540, 788: 778, 789: 282, 790: 44, 791: 778, 792: 540, 793: 296, 794: 58, 795: 540, 796: 778, 797: 428, 798: 666, 799: 282, 800: 44, 801: 764, 802: 526, 803: 268, 804: 30, 805: 694, 806: 456, 807: 30, 808: 268, 809: 554, 810: 792, 811: 498, 812: 736, 813: 268, 814: 30, 815: 540, 816: 778, 817: 268, 818: 30, 825: 268, 826: 30, 827: 694, 828: 456, 829: 778, 830: 540, 879: 310, 880: 72, 911: 114, 912: 352, 913: 282, 914: 44, 915: 268, 916: 30}
Number of labels used: 40
Objective value: 40.0
Best objective bound: 40.0
Solution is CORRECT!
Total time: 1.49s
Memory used: 169.65 MB
[runlim] end:			Sun Jun 14 17:42:16 2026
[runlim] status:		ok
[runlim] result:		0
[runlim] children:		1
[runlim] processes:		2
[runlim] real:			1.87 seconds
[runlim] time:			2.89 seconds
[runlim] space:			172 MB
[runlim] load:			12.30 maximum
[runlim] samples:		19
