[runlim] version:		2.0.0rc12
[runlim] host:			ap-Precision-7550
[runlim] time limit:		311040000 seconds
[runlim] real time limit:	600 seconds
[runlim] space limit:		14000 MB
[runlim] argv[0]:		python3
[runlim] argv[1]:		-u
[runlim] argv[2]:		main.py
[runlim] argv[3]:		scen02
[runlim] argv[4]:		600
[runlim] start:			Sun Jun 14 17:19:51 2026
[runlim] child:			48604
Dataset: scen02
Preprocessing: on
Building CP-SAT model for 200 variables...
Number of assignment variables: 8004
Number of label variables: 44
Build time: 1.12s
Solving with OR-Tools CP-SAT...
Number of labels used: 38
Time taken: 2.82s
Number of labels used: 32
Time taken: 2.88s
Number of labels used: 30
Time taken: 2.89s
Number of labels used: 16
Time taken: 2.89s
Number of labels used: 14
Time taken: 2.90s
[runlim] sample:		84.56 time, 10.02 real, 470 MB, 12.52 load
Status: OPTIMAL
Solution:
{13: 540, 14: 778, 15: 456, 16: 694, 53: 282, 54: 44, 79: 380, 80: 142, 81: 30, 82: 268, 83: 540, 84: 778, 85: 44, 86: 282, 127: 380, 128: 142, 129: 30, 130: 268, 143: 540, 144: 778, 145: 540, 146: 778, 205: 736, 206: 498, 233: 540, 234: 778, 235: 30, 236: 268, 237: 380, 238: 142, 261: 282, 262: 44, 263: 72, 264: 310, 265: 142, 266: 380, 267: 72, 268: 310, 269: 778, 270: 540, 271: 778, 272: 540, 273: 142, 274: 380, 275: 142, 276: 380, 277: 282, 278: 44, 281: 380, 282: 142, 283: 380, 284: 142, 289: 282, 290: 44, 291: 268, 292: 30, 303: 30, 304: 268, 305: 540, 306: 778, 321: 540, 322: 778, 323: 268, 324: 30, 325: 380, 326: 142, 327: 30, 328: 268, 329: 44, 330: 282, 341: 72, 342: 310, 343: 72, 344: 310, 349: 694, 350: 456, 351: 380, 352: 142, 435: 72, 436: 310, 475: 44, 476: 282, 481: 30, 482: 268, 517: 310, 518: 72, 519: 736, 520: 498, 555: 72, 556: 310, 557: 498, 558: 736, 559: 778, 560: 540, 561: 142, 562: 380, 565: 694, 566: 456, 577: 736, 578: 498, 579: 142, 580: 380, 583: 694, 584: 456, 585: 30, 586: 268, 587: 380, 588: 142, 589: 380, 590: 142, 591: 30, 592: 268, 593: 540, 594: 778, 595: 694, 596: 456, 597: 456, 598: 694, 599: 142, 600: 380, 601: 142, 602: 380, 603: 694, 604: 456, 605: 778, 606: 540, 607: 736, 608: 498, 613: 380, 614: 142, 615: 778, 616: 540, 617: 310, 618: 72, 621: 72, 622: 310, 625: 282, 626: 44, 629: 736, 630: 498, 631: 30, 632: 268, 633: 694, 634: 456, 635: 268, 636: 30, 645: 44, 646: 282, 651: 380, 652: 142, 661: 694, 662: 456, 663: 72, 664: 310, 665: 44, 666: 282, 667: 380, 668: 142, 713: 282, 714: 44, 717: 142, 718: 380, 719: 268, 720: 30, 721: 456, 722: 694, 723: 540, 724: 778, 743: 44, 744: 282, 745: 540, 746: 778, 747: 694, 748: 456, 763: 778, 764: 540, 765: 268, 766: 30, 767: 310, 768: 72, 785: 30, 786: 268, 787: 142, 788: 380, 789: 282, 790: 44, 791: 30, 792: 268, 793: 380, 794: 142, 795: 282, 796: 44, 797: 142, 798: 380, 799: 540, 800: 778, 801: 282, 802: 44, 879: 142, 880: 380}
Number of labels used: 14
Objective value: 14.0
Best objective bound: 14.0
Solution is CORRECT!
Total time: 10.70s
Memory used: 475.71 MB
[runlim] end:			Sun Jun 14 17:20:02 2026
[runlim] status:		ok
[runlim] result:		0
[runlim] children:		1
[runlim] processes:		2
[runlim] real:			11.15 seconds
[runlim] time:			96.11 seconds
[runlim] space:			476 MB
[runlim] load:			12.62 maximum
[runlim] samples:		112
