[runlim] version:		2.0.0rc12
[runlim] host:			ap-Precision-7550
[runlim] time limit:		311040000 seconds
[runlim] real time limit:	600 seconds
[runlim] space limit:		14000 MB
[runlim] argv[0]:		python3
[runlim] argv[1]:		-u
[runlim] argv[2]:		main.py
[runlim] argv[3]:		scen11
[runlim] argv[4]:		600
[runlim] start:			Sun Jun 14 17:30:03 2026
[runlim] child:			50839
Dataset: scen11
Preprocessing: on
Building CP-SAT model for 680 variables...
Number of assignment variables: 26856
Number of label variables: 48
Build time: 3.35s
Solving with OR-Tools CP-SAT...
Number of labels used: 44
Time taken: 9.62s
Number of labels used: 40
Time taken: 9.68s
[runlim] sample:		12.79 time, 10.01 real, 737 MB, 10.61 load
Number of labels used: 38
Time taken: 9.82s
Number of labels used: 36
Time taken: 9.84s
Number of labels used: 34
Time taken: 9.92s
Number of labels used: 28
Time taken: 9.95s
Number of labels used: 24
Time taken: 10.00s
Number of labels used: 22
Time taken: 10.66s
[runlim] sample:		129.83 time, 20.02 real, 1032 MB, 10.82 load
[runlim] sample:		247.99 time, 30.02 real, 1088 MB, 11.08 load
[runlim] sample:		366.53 time, 40.02 real, 1108 MB, 11.31 load
[runlim] sample:		485.09 time, 50.02 real, 1122 MB, 11.71 load
[runlim] sample:		603.13 time, 60.02 real, 1157 MB, 11.75 load
[runlim] sample:		721.60 time, 70.02 real, 1170 MB, 11.79 load
[runlim] sample:		840.07 time, 80.02 real, 1191 MB, 11.82 load
[runlim] sample:		958.61 time, 90.02 real, 1213 MB, 11.85 load
[runlim] sample:		1076.73 time, 100.02 real, 1222 MB, 11.88 load
[runlim] sample:		1195.22 time, 110.02 real, 1227 MB, 11.89 load
[runlim] sample:		1313.62 time, 120.02 real, 1237 MB, 11.91 load
[runlim] sample:		1431.64 time, 130.02 real, 1243 MB, 11.93 load
[runlim] sample:		1550.08 time, 140.02 real, 1250 MB, 12.01 load
[runlim] sample:		1668.55 time, 150.02 real, 1254 MB, 12.01 load
[runlim] sample:		1786.60 time, 160.02 real, 1259 MB, 12.60 load
[runlim] sample:		1905.11 time, 170.02 real, 1262 MB, 12.73 load
[runlim] sample:		2023.40 time, 180.02 real, 1265 MB, 12.69 load
[runlim] sample:		2141.44 time, 190.02 real, 1266 MB, 12.73 load
[runlim] sample:		2259.87 time, 200.02 real, 1266 MB, 12.62 load
[runlim] sample:		2378.33 time, 210.02 real, 1268 MB, 12.52 load
[runlim] sample:		2496.45 time, 220.02 real, 1272 MB, 13.03 load
[runlim] sample:		2614.87 time, 230.02 real, 1276 MB, 13.17 load
[runlim] sample:		2733.26 time, 240.02 real, 1280 MB, 13.37 load
[runlim] sample:		2851.28 time, 250.02 real, 1282 MB, 13.46 load
Status: OPTIMAL
Solution:
{1: 792, 2: 554, 7: 414, 8: 652, 9: 44, 10: 282, 13: 156, 14: 394, 15: 554, 16: 792, 21: 456, 22: 694, 23: 540, 24: 778, 25: 282, 26: 44, 27: 792, 28: 554, 49: 792, 50: 554, 51: 456, 52: 694, 53: 352, 54: 114, 67: 86, 68: 324, 69: 414, 70: 652, 71: 484, 72: 722, 79: 324, 80: 86, 81: 554, 82: 792, 83: 554, 84: 792, 85: 114, 86: 352, 87: 456, 88: 694, 91: 114, 92: 352, 93: 792, 94: 554, 95: 394, 96: 156, 97: 16, 98: 254, 103: 722, 104: 484, 105: 16, 106: 254, 107: 456, 108: 694, 117: 652, 118: 414, 119: 254, 120: 16, 127: 554, 128: 792, 129: 16, 130: 254, 143: 778, 144: 540, 145: 282, 146: 44, 151: 554, 152: 792, 153: 414, 154: 652, 155: 554, 156: 792, 157: 484, 158: 722, 163: 792, 164: 554, 165: 352, 166: 114, 171: 142, 172: 380, 179: 380, 180: 142, 181: 156, 182: 394, 183: 722, 184: 484, 185: 142, 186: 380, 187: 792, 188: 554, 191: 394, 192: 156, 193: 44, 194: 282, 195: 44, 196: 282, 197: 16, 198: 254, 199: 44, 200: 282, 205: 142, 206: 380, 209: 352, 210: 114, 211: 282, 212: 44, 213: 16, 214: 254, 215: 156, 216: 394, 217: 778, 218: 540, 219: 254, 220: 16, 229: 254, 230: 16, 233: 778, 234: 540, 235: 694, 236: 456, 237: 456, 238: 694, 255: 722, 256: 484, 259: 414, 260: 652, 261: 394, 262: 156, 263: 484, 264: 722, 265: 156, 266: 394, 267: 16, 268: 254, 269: 142, 270: 380, 271: 778, 272: 540, 273: 694, 274: 456, 275: 86, 276: 324, 277: 722, 278: 484, 279: 156, 280: 394, 281: 324, 282: 86, 283: 394, 284: 156, 285: 156, 286: 394, 287: 254, 288: 16, 289: 792, 290: 554, 291: 16, 292: 254, 293: 380, 294: 142, 295: 142, 296: 380, 297: 282, 298: 44, 299: 156, 300: 394, 301: 86, 302: 324, 303: 484, 304: 722, 305: 142, 306: 380, 307: 44, 308: 282, 309: 114, 310: 352, 311: 554, 312: 792, 313: 142, 314: 380, 317: 380, 318: 142, 319: 16, 320: 254, 321: 652, 322: 414, 323: 16, 324: 254, 325: 324, 326: 86, 327: 254, 328: 16, 329: 16, 330: 254, 331: 156, 332: 394, 333: 86, 334: 324, 335: 16, 336: 254, 337: 652, 338: 414, 339: 456, 340: 694, 341: 16, 342: 254, 343: 142, 344: 380, 345: 352, 346: 114, 347: 282, 348: 44, 349: 484, 350: 722, 351: 282, 352: 44, 353: 722, 354: 484, 355: 380, 356: 142, 357: 456, 358: 694, 359: 484, 360: 722, 361: 86, 362: 324, 363: 456, 364: 694, 365: 44, 366: 282, 367: 114, 368: 352, 369: 352, 370: 114, 371: 394, 372: 156, 373: 484, 374: 722, 375: 380, 376: 142, 377: 456, 378: 694, 379: 352, 380: 114, 381: 142, 382: 380, 383: 44, 384: 282, 385: 456, 386: 694, 387: 142, 388: 380, 389: 16, 390: 254, 391: 114, 392: 352, 393: 380, 394: 142, 395: 86, 396: 324, 397: 156, 398: 394, 399: 456, 400: 694, 401: 778, 402: 540, 403: 142, 404: 380, 405: 380, 406: 142, 409: 44, 410: 282, 411: 86, 412: 324, 413: 86, 414: 324, 415: 114, 416: 352, 417: 352, 418: 114, 419: 142, 420: 380, 435: 142, 436: 380, 439: 86, 440: 324, 441: 352, 442: 114, 443: 114, 444: 352, 449: 282, 450: 44, 451: 142, 452: 380, 455: 16, 456: 254, 457: 456, 458: 694, 459: 86, 460: 324, 461: 44, 462: 282, 463: 380, 464: 142, 465: 86, 466: 324, 467: 44, 468: 282, 469: 380, 470: 142, 471: 456, 472: 694, 473: 456, 474: 694, 475: 114, 476: 352, 477: 778, 478: 540, 479: 778, 480: 540, 481: 456, 482: 694, 485: 16, 486: 254, 489: 142, 490: 380, 491: 142, 492: 380, 493: 44, 494: 282, 495: 380, 496: 142, 515: 394, 516: 156, 517: 44, 518: 282, 519: 142, 520: 380, 523: 142, 524: 380, 525: 778, 526: 540, 527: 86, 528: 324, 529: 254, 530: 16, 533: 86, 534: 324, 535: 16, 536: 254, 537: 114, 538: 352, 539: 16, 540: 254, 541: 414, 542: 652, 543: 16, 544: 254, 545: 16, 546: 254, 547: 16, 548: 254, 549: 414, 550: 652, 551: 16, 552: 254, 553: 16, 554: 254, 555: 282, 556: 44, 557: 540, 558: 778, 559: 352, 560: 114, 561: 456, 562: 694, 563: 694, 564: 456, 565: 456, 566: 694, 567: 352, 568: 114, 569: 142, 570: 380, 571: 114, 572: 352, 573: 44, 574: 282, 575: 114, 576: 352, 577: 554, 578: 792, 579: 156, 580: 394, 581: 156, 582: 394, 583: 352, 584: 114, 585: 554, 586: 792, 587: 16, 588: 254, 589: 394, 590: 156, 591: 142, 592: 380, 593: 484, 594: 722, 595: 114, 596: 352, 597: 456, 598: 694, 599: 142, 600: 380, 601: 86, 602: 324, 603: 44, 604: 282, 605: 352, 606: 114, 607: 722, 608: 484, 609: 16, 610: 254, 611: 44, 612: 282, 613: 380, 614: 142, 615: 456, 616: 694, 617: 44, 618: 282, 619: 380, 620: 142, 621: 114, 622: 352, 623: 142, 624: 380, 625: 44, 626: 282, 627: 114, 628: 352, 629: 86, 630: 324, 631: 142, 632: 380, 633: 86, 634: 324, 635: 44, 636: 282, 637: 16, 638: 254, 639: 44, 640: 282, 641: 44, 642: 282, 643: 456, 644: 694, 645: 44, 646: 282, 651: 254, 652: 16, 653: 16, 654: 254, 661: 414, 662: 652, 663: 16, 664: 254, 665: 282, 666: 44, 667: 156, 668: 394, 671: 44, 672: 282, 677: 380, 678: 142, 679: 114, 680: 352, 681: 380, 682: 142, 683: 44, 684: 282, 685: 380, 686: 142, 687: 44, 688: 282, 689: 380, 690: 142, 691: 44, 692: 282, 693: 324, 694: 86, 703: 554, 704: 792, 705: 324, 706: 86, 711: 456, 712: 694, 713: 792, 714: 554, 715: 16, 716: 254, 717: 156, 718: 394, 719: 16, 720: 254, 721: 352, 722: 114, 723: 414, 724: 652, 725: 86, 726: 324, 727: 16, 728: 254, 729: 282, 730: 44, 731: 380, 732: 142, 733: 324, 734: 86, 735: 44, 736: 282, 737: 86, 738: 324, 739: 456, 740: 694, 741: 16, 742: 254, 743: 352, 744: 114, 745: 44, 746: 282, 747: 86, 748: 324, 749: 44, 750: 282, 751: 114, 752: 352, 753: 86, 754: 324, 755: 282, 756: 44, 757: 114, 758: 352, 759: 282, 760: 44, 761: 282, 762: 44, 763: 142, 764: 380, 765: 394, 766: 156, 767: 114, 768: 352, 769: 44, 770: 282, 771: 554, 772: 792, 773: 414, 774: 652, 775: 540, 776: 778, 783: 778, 784: 540, 785: 414, 786: 652, 787: 380, 788: 142, 789: 282, 790: 44, 791: 540, 792: 778, 793: 456, 794: 694, 795: 86, 796: 324, 797: 380, 798: 142, 799: 86, 800: 324, 801: 44, 802: 282, 803: 282, 804: 44, 805: 380, 806: 142, 807: 44, 808: 282, 809: 380, 810: 142, 811: 114, 812: 352, 813: 324, 814: 86, 815: 114, 816: 352, 817: 44, 818: 282, 819: 778, 820: 540, 821: 44, 822: 282, 823: 722, 824: 484, 825: 86, 826: 324, 827: 114, 828: 352, 829: 114, 830: 352, 833: 44, 834: 282, 835: 778, 836: 540, 837: 86, 838: 324, 839: 282, 840: 44, 841: 86, 842: 324, 843: 352, 844: 114, 845: 380, 846: 142, 847: 554, 848: 792, 849: 86, 850: 324, 859: 114, 860: 352, 861: 142, 862: 380, 863: 16, 864: 254, 865: 44, 866: 282, 867: 352, 868: 114, 869: 16, 870: 254, 871: 254, 872: 16, 875: 114, 876: 352, 877: 694, 878: 456, 879: 44, 880: 282, 881: 44, 882: 282, 883: 86, 884: 324, 885: 778, 886: 540, 887: 114, 888: 352, 889: 142, 890: 380, 891: 86, 892: 324, 893: 44, 894: 282, 895: 44, 896: 282, 897: 44, 898: 282, 899: 114, 900: 352, 901: 44, 902: 282, 903: 652, 904: 414, 905: 792, 906: 554, 911: 254, 912: 16, 913: 352, 914: 114, 915: 44, 916: 282}
Number of labels used: 22
Objective value: 22.0
Best objective bound: 22.0
Solution is CORRECT!
Total time: 252.00s
Memory used: 1241.55 MB
[runlim] end:			Sun Jun 14 17:34:16 2026
[runlim] status:		ok
[runlim] result:		0
[runlim] children:		1
[runlim] processes:		2
[runlim] real:			252.53 seconds
[runlim] time:			2874.83 seconds
[runlim] space:			1282 MB
[runlim] load:			13.66 maximum
[runlim] samples:		2526
