[runlim] version:		2.0.0rc12
[runlim] host:			ap-Precision-7550
[runlim] time limit:		311040000 seconds
[runlim] real time limit:	600 seconds
[runlim] space limit:		14000 MB
[runlim] argv[0]:		python3
[runlim] argv[1]:		-u
[runlim] argv[2]:		main.py
[runlim] argv[3]:		TUD200.5
[runlim] argv[4]:		600
[runlim] start:			Sun Jun 14 17:42:38 2026
[runlim] child:			54095
Warning: variable 163 has no valid labels after preprocessing.
Cannot find solution!
Total time: 0.05s
Memory used: 83.00 MB
[runlim] end:			Sun Jun 14 17:42:39 2026
[runlim] status:		ok
[runlim] result:		0
[runlim] children:		1
[runlim] processes:		2
[runlim] real:			0.42 seconds
[runlim] time:			1.48 seconds
[runlim] space:			81 MB
[runlim] load:			10.88 maximum
[runlim] samples:		5
