[runlim] version:		2.0.0rc12
[runlim] host:			ap-Precision-7550
[runlim] time limit:		311040000 seconds
[runlim] real time limit:	600 seconds
[runlim] space limit:		14000 MB
[runlim] argv[0]:		python3
[runlim] argv[1]:		-u
[runlim] argv[2]:		main.py
[runlim] argv[3]:		TUD916.3
[runlim] argv[4]:		600
[runlim] start:			Sun Jun 14 17:43:15 2026
[runlim] child:			54367
Dataset: TUD916.3
Preprocessing: on
Building CP-SAT model for 916 variables...
Number of assignment variables: 34386
Number of label variables: 48
Build time: 5.36s
Solving with OR-Tools CP-SAT...
[runlim] sample:		11.08 time, 10.01 real, 947 MB, 8.31 load
Number of labels used: 48
Time taken: 15.25s
Number of labels used: 44
Time taken: 15.36s
Number of labels used: 42
Time taken: 15.44s
Number of labels used: 40
Time taken: 15.48s
Number of labels used: 38
Time taken: 15.54s
Number of labels used: 36
Time taken: 15.60s
Number of labels used: 36
Time taken: 15.66s
Number of labels used: 34
Time taken: 15.75s
Number of labels used: 32
Time taken: 15.81s
Number of labels used: 32
Time taken: 15.87s
Number of labels used: 32
Time taken: 15.95s
Number of labels used: 30
Time taken: 16.02s
Number of labels used: 30
Time taken: 16.07s
Number of labels used: 28
Time taken: 16.71s
Number of labels used: 26
Time taken: 16.76s
Number of labels used: 26
Time taken: 16.82s
Number of labels used: 24
Time taken: 16.90s
Status: OPTIMAL
Solution:
{1: 778, 2: 540, 3: 310, 4: 72, 5: 792, 6: 554, 7: 142, 8: 380, 9: 128, 10: 366, 11: 694, 12: 456, 13: 72, 14: 310, 15: 254, 16: 16, 17: 268, 18: 30, 19: 428, 20: 666, 21: 554, 22: 792, 23: 268, 24: 30, 25: 428, 26: 666, 27: 30, 28: 268, 29: 694, 30: 456, 31: 30, 32: 268, 33: 58, 34: 296, 35: 114, 36: 352, 37: 792, 38: 554, 39: 540, 40: 778, 41: 142, 42: 380, 43: 142, 44: 380, 45: 296, 46: 58, 47: 792, 48: 554, 49: 114, 50: 352, 51: 428, 52: 666, 53: 428, 54: 666, 55: 352, 56: 114, 57: 268, 58: 30, 59: 72, 60: 310, 61: 310, 62: 72, 63: 554, 64: 792, 65: 554, 66: 792, 67: 554, 68: 792, 69: 456, 70: 694, 71: 380, 72: 142, 73: 296, 74: 58, 75: 540, 76: 778, 77: 778, 78: 540, 79: 380, 80: 142, 81: 58, 82: 296, 83: 554, 84: 792, 85: 750, 86: 512, 87: 554, 88: 792, 89: 778, 90: 540, 91: 792, 92: 554, 93: 254, 94: 16, 95: 114, 96: 352, 97: 72, 98: 310, 99: 268, 100: 30, 101: 778, 102: 540, 103: 428, 104: 666, 105: 792, 106: 554, 107: 72, 108: 310, 109: 30, 110: 268, 111: 512, 112: 750, 113: 128, 114: 366, 115: 30, 116: 268, 117: 554, 118: 792, 119: 114, 120: 352, 121: 554, 122: 792, 123: 554, 124: 792, 125: 268, 126: 30, 127: 30, 128: 268, 129: 554, 130: 792, 131: 540, 132: 778, 133: 554, 134: 792, 135: 666, 136: 428, 137: 554, 138: 792, 139: 30, 140: 268, 141: 540, 142: 778, 143: 268, 144: 30, 145: 554, 146: 792, 147: 792, 148: 554, 149: 30, 150: 268, 151: 666, 152: 428, 153: 554, 154: 792, 155: 58, 156: 296, 157: 750, 158: 512, 159: 30, 160: 268, 161: 694, 162: 456, 163: 114, 164: 352, 165: 792, 166: 554, 167: 456, 168: 694, 169: 72, 170: 310, 171: 268, 172: 30, 173: 778, 174: 540, 175: 778, 176: 540, 177: 380, 178: 142, 179: 792, 180: 554, 181: 512, 182: 750, 183: 694, 184: 456, 185: 554, 186: 792, 187: 456, 188: 694, 189: 310, 190: 72, 191: 512, 192: 750, 193: 16, 194: 254, 195: 268, 196: 30, 197: 792, 198: 554, 199: 540, 200: 778, 201: 380, 202: 142, 203: 694, 204: 456, 205: 142, 206: 380, 207: 778, 208: 540, 209: 554, 210: 792, 211: 114, 212: 352, 213: 512, 214: 750, 215: 540, 216: 778, 217: 114, 218: 352, 219: 268, 220: 30, 221: 380, 222: 142, 223: 310, 224: 72, 225: 456, 226: 694, 227: 554, 228: 792, 229: 114, 230: 352, 231: 58, 232: 296, 233: 58, 234: 296, 235: 352, 236: 114, 237: 268, 238: 30, 239: 296, 240: 58, 241: 694, 242: 456, 243: 792, 244: 554, 245: 554, 246: 792, 247: 792, 248: 554, 249: 512, 250: 750, 251: 512, 252: 750, 253: 792, 254: 554, 255: 268, 256: 30, 257: 72, 258: 310, 259: 554, 260: 792, 261: 142, 262: 380, 263: 792, 264: 554, 265: 16, 266: 254, 267: 128, 268: 366, 269: 254, 270: 16, 271: 792, 272: 554, 273: 750, 274: 512, 275: 750, 276: 512, 277: 456, 278: 694, 279: 428, 280: 666, 281: 554, 282: 792, 283: 750, 284: 512, 285: 268, 286: 30, 287: 750, 288: 512, 289: 268, 290: 30, 291: 72, 292: 310, 293: 554, 294: 792, 295: 554, 296: 792, 297: 352, 298: 114, 299: 296, 300: 58, 301: 380, 302: 142, 303: 30, 304: 268, 305: 554, 306: 792, 307: 352, 308: 114, 309: 310, 310: 72, 311: 30, 312: 268, 313: 512, 314: 750, 315: 16, 316: 254, 317: 428, 318: 666, 319: 366, 320: 128, 321: 792, 322: 554, 323: 792, 324: 554, 325: 114, 326: 352, 327: 554, 328: 792, 329: 16, 330: 254, 331: 72, 332: 310, 333: 456, 334: 694, 335: 16, 336: 254, 337: 792, 338: 554, 339: 380, 340: 142, 341: 792, 342: 554, 343: 352, 344: 114, 345: 268, 346: 30, 347: 778, 348: 540, 349: 268, 350: 30, 351: 554, 352: 792, 353: 792, 354: 554, 355: 456, 356: 694, 357: 512, 358: 750, 359: 310, 360: 72, 361: 142, 362: 380, 363: 296, 364: 58, 365: 296, 366: 58, 367: 310, 368: 72, 369: 296, 370: 58, 371: 792, 372: 554, 373: 268, 374: 30, 375: 366, 376: 128, 377: 268, 378: 30, 379: 142, 380: 380, 381: 380, 382: 142, 383: 142, 384: 380, 385: 366, 386: 128, 387: 750, 388: 512, 389: 750, 390: 512, 391: 428, 392: 666, 393: 296, 394: 58, 395: 792, 396: 554, 397: 30, 398: 268, 399: 792, 400: 554, 401: 310, 402: 72, 403: 554, 404: 792, 405: 366, 406: 128, 407: 554, 408: 792, 409: 142, 410: 380, 411: 268, 412: 30, 413: 694, 414: 456, 415: 666, 416: 428, 417: 792, 418: 554, 419: 456, 420: 694, 421: 352, 422: 114, 423: 554, 424: 792, 425: 58, 426: 296, 427: 512, 428: 750, 429: 428, 430: 666, 431: 380, 432: 142, 433: 352, 434: 114, 435: 268, 436: 30, 437: 366, 438: 128, 439: 428, 440: 666, 441: 750, 442: 512, 443: 554, 444: 792, 445: 778, 446: 540, 447: 254, 448: 16, 449: 428, 450: 666, 451: 268, 452: 30, 453: 554, 454: 792, 455: 296, 456: 58, 457: 792, 458: 554, 459: 58, 460: 296, 461: 380, 462: 142, 463: 72, 464: 310, 465: 554, 466: 792, 467: 128, 468: 366, 469: 456, 470: 694, 471: 666, 472: 428, 473: 16, 474: 254, 475: 540, 476: 778, 477: 114, 478: 352, 479: 456, 480: 694, 481: 778, 482: 540, 483: 72, 484: 310, 485: 142, 486: 380, 487: 750, 488: 512, 489: 666, 490: 428, 491: 114, 492: 352, 493: 380, 494: 142, 495: 456, 496: 694, 497: 254, 498: 16, 499: 268, 500: 30, 501: 694, 502: 456, 503: 142, 504: 380, 505: 30, 506: 268, 507: 142, 508: 380, 509: 792, 510: 554, 511: 792, 512: 554, 513: 142, 514: 380, 515: 254, 516: 16, 517: 428, 518: 666, 519: 352, 520: 114, 521: 750, 522: 512, 523: 792, 524: 554, 525: 310, 526: 72, 527: 554, 528: 792, 529: 310, 530: 72, 531: 666, 532: 428, 533: 666, 534: 428, 535: 268, 536: 30, 537: 540, 538: 778, 539: 554, 540: 792, 541: 30, 542: 268, 543: 554, 544: 792, 545: 310, 546: 72, 547: 428, 548: 666, 549: 792, 550: 554, 551: 456, 552: 694, 553: 128, 554: 366, 555: 694, 556: 456, 557: 792, 558: 554, 559: 512, 560: 750, 561: 540, 562: 778, 563: 792, 564: 554, 565: 310, 566: 72, 567: 694, 568: 456, 569: 380, 570: 142, 571: 16, 572: 254, 573: 352, 574: 114, 575: 16, 576: 254, 577: 792, 578: 554, 579: 30, 580: 268, 581: 142, 582: 380, 583: 142, 584: 380, 585: 142, 586: 380, 587: 114, 588: 352, 589: 750, 590: 512, 591: 16, 592: 254, 593: 456, 594: 694, 595: 268, 596: 30, 597: 142, 598: 380, 599: 30, 600: 268, 601: 694, 602: 456, 603: 254, 604: 16, 605: 778, 606: 540, 607: 540, 608: 778, 609: 268, 610: 30, 611: 268, 612: 30, 613: 456, 614: 694, 615: 30, 616: 268, 617: 380, 618: 142, 619: 666, 620: 428, 621: 428, 622: 666, 623: 554, 624: 792, 625: 268, 626: 30, 627: 296, 628: 58, 629: 694, 630: 456, 631: 142, 632: 380, 633: 792, 634: 554, 635: 428, 636: 666, 637: 512, 638: 750, 639: 750, 640: 512, 641: 540, 642: 778, 643: 778, 644: 540, 645: 142, 646: 380, 647: 30, 648: 268, 649: 142, 650: 380, 651: 58, 652: 296, 653: 296, 654: 58, 655: 750, 656: 512, 657: 428, 658: 666, 659: 30, 660: 268, 661: 310, 662: 72, 663: 428, 664: 666, 665: 750, 666: 512, 667: 456, 668: 694, 669: 352, 670: 114, 671: 30, 672: 268, 673: 540, 674: 778, 675: 366, 676: 128, 677: 142, 678: 380, 679: 352, 680: 114, 681: 456, 682: 694, 683: 750, 684: 512, 685: 380, 686: 142, 687: 16, 688: 254, 689: 72, 690: 310, 691: 554, 692: 792, 693: 296, 694: 58, 695: 512, 696: 750, 697: 310, 698: 72, 699: 254, 700: 16, 701: 366, 702: 128, 703: 380, 704: 142, 705: 428, 706: 666, 707: 456, 708: 694, 709: 72, 710: 310, 711: 268, 712: 30, 713: 268, 714: 30, 715: 268, 716: 30, 717: 540, 718: 778, 719: 30, 720: 268, 721: 792, 722: 554, 723: 128, 724: 366, 725: 666, 726: 428, 727: 380, 728: 142, 729: 72, 730: 310, 731: 30, 732: 268, 733: 694, 734: 456, 735: 296, 736: 58, 737: 694, 738: 456, 739: 142, 740: 380, 741: 666, 742: 428, 743: 30, 744: 268, 745: 694, 746: 456, 747: 296, 748: 58, 749: 114, 750: 352, 751: 128, 752: 366, 753: 142, 754: 380, 755: 30, 756: 268, 757: 666, 758: 428, 759: 72, 760: 310, 761: 456, 762: 694, 763: 16, 764: 254, 765: 310, 766: 72, 767: 694, 768: 456, 769: 268, 770: 30, 771: 750, 772: 512, 773: 142, 774: 380, 775: 72, 776: 310, 777: 554, 778: 792, 779: 142, 780: 380, 781: 792, 782: 554, 783: 666, 784: 428, 785: 694, 786: 456, 787: 750, 788: 512, 789: 694, 790: 456, 791: 268, 792: 30, 793: 16, 794: 254, 795: 296, 796: 58, 797: 428, 798: 666, 799: 142, 800: 380, 801: 512, 802: 750, 803: 352, 804: 114, 805: 310, 806: 72, 807: 554, 808: 792, 809: 72, 810: 310, 811: 58, 812: 296, 813: 296, 814: 58, 815: 58, 816: 296, 817: 254, 818: 16, 819: 666, 820: 428, 821: 666, 822: 428, 823: 792, 824: 554, 825: 268, 826: 30, 827: 380, 828: 142, 829: 58, 830: 296, 831: 114, 832: 352, 833: 30, 834: 268, 835: 16, 836: 254, 837: 58, 838: 296, 839: 666, 840: 428, 841: 750, 842: 512, 843: 352, 844: 114, 845: 512, 846: 750, 847: 456, 848: 694, 849: 778, 850: 540, 851: 750, 852: 512, 853: 30, 854: 268, 855: 750, 856: 512, 857: 142, 858: 380, 859: 792, 860: 554, 861: 58, 862: 296, 863: 380, 864: 142, 865: 310, 866: 72, 867: 778, 868: 540, 869: 456, 870: 694, 871: 778, 872: 540, 873: 694, 874: 456, 875: 694, 876: 456, 877: 428, 878: 666, 879: 778, 880: 540, 881: 142, 882: 380, 883: 428, 884: 666, 885: 750, 886: 512, 887: 30, 888: 268, 889: 540, 890: 778, 891: 268, 892: 30, 893: 428, 894: 666, 895: 540, 896: 778, 897: 512, 898: 750, 899: 428, 900: 666, 901: 310, 902: 72, 903: 554, 904: 792, 905: 380, 906: 142, 907: 114, 908: 352, 909: 58, 910: 296, 911: 554, 912: 792, 913: 456, 914: 694, 915: 30, 916: 268}
Number of labels used: 24
Objective value: 24.0
Best objective bound: 24.0
Solution is CORRECT!
Total time: 18.09s
Memory used: 1317.52 MB
[runlim] end:			Sun Jun 14 17:43:33 2026
[runlim] status:		ok
[runlim] result:		0
[runlim] children:		1
[runlim] processes:		2
[runlim] real:			18.64 seconds
[runlim] time:			54.47 seconds
[runlim] space:			1482 MB
[runlim] load:			9.64 maximum
[runlim] samples:		187
