[runlim] version:		2.0.0rc12
[runlim] host:			ap-Precision-7550
[runlim] time limit:		311040000 seconds
[runlim] real time limit:	600 seconds
[runlim] space limit:		14000 MB
[runlim] argv[0]:		python3
[runlim] argv[1]:		-u
[runlim] argv[2]:		main.py
[runlim] argv[3]:		TUD916.1
[runlim] argv[4]:		600
[runlim] start:			Sun Jun 14 17:42:39 2026
[runlim] child:			54116
Dataset: TUD916.1
Preprocessing: on
Building CP-SAT model for 916 variables...
Number of assignment variables: 33572
Number of label variables: 48
Build time: 4.97s
Solving with OR-Tools CP-SAT...
[runlim] sample:		11.07 time, 10.01 real, 852 MB, 9.36 load
Number of labels used: 48
Time taken: 14.19s
Number of labels used: 46
Time taken: 14.27s
Number of labels used: 44
Time taken: 14.37s
Number of labels used: 42
Time taken: 14.42s
Number of labels used: 40
Time taken: 14.49s
Number of labels used: 40
Time taken: 14.53s
Number of labels used: 38
Time taken: 14.80s
Number of labels used: 38
Time taken: 14.86s
Number of labels used: 36
Time taken: 14.93s
Number of labels used: 36
Time taken: 14.98s
Number of labels used: 34
Time taken: 15.05s
Number of labels used: 32
Time taken: 15.17s
Number of labels used: 32
Time taken: 15.22s
Number of labels used: 30
Time taken: 15.41s
Number of labels used: 30
Time taken: 15.45s
Number of labels used: 28
Time taken: 16.19s
Number of labels used: 28
Time taken: 16.38s
Number of labels used: 26
Time taken: 16.50s
Number of labels used: 26
Time taken: 16.55s
[runlim] sample:		84.34 time, 20.02 real, 1420 MB, 8.80 load
Number of labels used: 24
Time taken: 21.22s
Number of labels used: 24
Time taken: 21.27s
[runlim] sample:		202.22 time, 30.02 real, 1557 MB, 9.44 load
Number of labels used: 18
Time taken: 34.36s
Status: OPTIMAL
Solution:
{1: 498, 2: 736, 3: 666, 4: 428, 5: 128, 6: 366, 7: 324, 8: 86, 9: 128, 10: 366, 11: 114, 12: 352, 13: 324, 14: 86, 15: 498, 16: 736, 17: 352, 18: 114, 19: 240, 20: 478, 21: 114, 22: 352, 23: 498, 24: 736, 25: 366, 26: 128, 27: 366, 28: 128, 29: 478, 30: 240, 31: 16, 32: 254, 33: 478, 34: 240, 35: 428, 36: 666, 37: 792, 38: 554, 39: 86, 40: 324, 41: 128, 42: 366, 43: 666, 44: 428, 45: 666, 46: 428, 47: 128, 48: 366, 49: 366, 50: 128, 51: 128, 52: 366, 53: 86, 54: 324, 55: 414, 56: 652, 57: 324, 58: 86, 59: 352, 60: 114, 61: 254, 62: 16, 63: 478, 64: 240, 65: 240, 66: 478, 67: 114, 68: 352, 69: 324, 70: 86, 71: 114, 72: 352, 73: 736, 74: 498, 75: 86, 76: 324, 77: 652, 78: 414, 79: 428, 80: 666, 81: 324, 82: 86, 83: 498, 84: 736, 85: 652, 86: 414, 87: 736, 88: 498, 89: 324, 90: 86, 91: 240, 92: 478, 93: 652, 94: 414, 95: 128, 96: 366, 97: 352, 98: 114, 99: 428, 100: 666, 101: 428, 102: 666, 103: 324, 104: 86, 105: 652, 106: 414, 107: 666, 108: 428, 109: 352, 110: 114, 111: 240, 112: 478, 113: 414, 114: 652, 115: 498, 116: 736, 117: 366, 118: 128, 119: 478, 120: 240, 121: 478, 122: 240, 123: 428, 124: 666, 125: 86, 126: 324, 127: 652, 128: 414, 129: 240, 130: 478, 131: 652, 132: 414, 133: 16, 134: 254, 135: 478, 136: 240, 137: 86, 138: 324, 139: 128, 140: 366, 141: 240, 142: 478, 143: 554, 144: 792, 145: 428, 146: 666, 147: 478, 148: 240, 149: 736, 150: 498, 151: 16, 152: 254, 153: 128, 154: 366, 155: 498, 156: 736, 157: 414, 158: 652, 159: 86, 160: 324, 161: 652, 162: 414, 163: 792, 164: 554, 165: 254, 166: 16, 167: 254, 168: 16, 169: 792, 170: 554, 171: 428, 172: 666, 173: 792, 174: 554, 175: 352, 176: 114, 177: 792, 178: 554, 179: 652, 180: 414, 181: 554, 182: 792, 183: 114, 184: 352, 185: 478, 186: 240, 187: 128, 188: 366, 189: 254, 190: 16, 191: 428, 192: 666, 193: 414, 194: 652, 195: 240, 196: 478, 197: 498, 198: 736, 199: 16, 200: 254, 201: 86, 202: 324, 203: 16, 204: 254, 205: 666, 206: 428, 207: 736, 208: 498, 209: 114, 210: 352, 211: 240, 212: 478, 213: 666, 214: 428, 215: 16, 216: 254, 217: 16, 218: 254, 219: 554, 220: 792, 221: 792, 222: 554, 223: 478, 224: 240, 225: 414, 226: 652, 227: 736, 228: 498, 229: 736, 230: 498, 231: 792, 232: 554, 233: 114, 234: 352, 235: 498, 236: 736, 237: 666, 238: 428, 239: 114, 240: 352, 241: 498, 242: 736, 243: 128, 244: 366, 245: 554, 246: 792, 247: 478, 248: 240, 249: 498, 250: 736, 251: 666, 252: 428, 253: 478, 254: 240, 255: 128, 256: 366, 257: 16, 258: 254, 259: 428, 260: 666, 261: 666, 262: 428, 263: 498, 264: 736, 265: 240, 266: 478, 267: 128, 268: 366, 269: 666, 270: 428, 271: 652, 272: 414, 273: 240, 274: 478, 275: 792, 276: 554, 277: 736, 278: 498, 279: 736, 280: 498, 281: 366, 282: 128, 283: 254, 284: 16, 285: 114, 286: 352, 287: 240, 288: 478, 289: 736, 290: 498, 291: 114, 292: 352, 293: 114, 294: 352, 295: 554, 296: 792, 297: 792, 298: 554, 299: 128, 300: 366, 301: 498, 302: 736, 303: 86, 304: 324, 305: 736, 306: 498, 307: 554, 308: 792, 309: 128, 310: 366, 311: 366, 312: 128, 313: 554, 314: 792, 315: 478, 316: 240, 317: 114, 318: 352, 319: 240, 320: 478, 321: 16, 322: 254, 323: 366, 324: 128, 325: 792, 326: 554, 327: 240, 328: 478, 329: 254, 330: 16, 331: 128, 332: 366, 333: 478, 334: 240, 335: 666, 336: 428, 337: 666, 338: 428, 339: 498, 340: 736, 341: 736, 342: 498, 343: 414, 344: 652, 345: 428, 346: 666, 347: 666, 348: 428, 349: 792, 350: 554, 351: 86, 352: 324, 353: 240, 354: 478, 355: 352, 356: 114, 357: 666, 358: 428, 359: 498, 360: 736, 361: 324, 362: 86, 363: 736, 364: 498, 365: 554, 366: 792, 367: 736, 368: 498, 369: 414, 370: 652, 371: 240, 372: 478, 373: 736, 374: 498, 375: 666, 376: 428, 377: 414, 378: 652, 379: 16, 380: 254, 381: 478, 382: 240, 383: 554, 384: 792, 385: 736, 386: 498, 387: 478, 388: 240, 389: 736, 390: 498, 391: 114, 392: 352, 393: 128, 394: 366, 395: 414, 396: 652, 397: 666, 398: 428, 399: 240, 400: 478, 401: 128, 402: 366, 403: 114, 404: 352, 405: 478, 406: 240, 407: 652, 408: 414, 409: 666, 410: 428, 411: 792, 412: 554, 413: 86, 414: 324, 415: 16, 416: 254, 417: 128, 418: 366, 419: 736, 420: 498, 421: 128, 422: 366, 423: 498, 424: 736, 425: 652, 426: 414, 427: 792, 428: 554, 429: 352, 430: 114, 431: 324, 432: 86, 433: 736, 434: 498, 435: 128, 436: 366, 437: 128, 438: 366, 439: 554, 440: 792, 441: 240, 442: 478, 443: 666, 444: 428, 445: 478, 446: 240, 447: 240, 448: 478, 449: 736, 450: 498, 451: 128, 452: 366, 453: 240, 454: 478, 455: 366, 456: 128, 457: 324, 458: 86, 459: 86, 460: 324, 461: 652, 462: 414, 463: 414, 464: 652, 465: 16, 466: 254, 467: 128, 468: 366, 469: 736, 470: 498, 471: 128, 472: 366, 473: 114, 474: 352, 475: 414, 476: 652, 477: 128, 478: 366, 479: 554, 480: 792, 481: 428, 482: 666, 483: 128, 484: 366, 485: 240, 486: 478, 487: 792, 488: 554, 489: 240, 490: 478, 491: 554, 492: 792, 493: 240, 494: 478, 495: 792, 496: 554, 497: 736, 498: 498, 499: 128, 500: 366, 501: 16, 502: 254, 503: 498, 504: 736, 505: 324, 506: 86, 507: 114, 508: 352, 509: 652, 510: 414, 511: 736, 512: 498, 513: 554, 514: 792, 515: 554, 516: 792, 517: 652, 518: 414, 519: 240, 520: 478, 521: 324, 522: 86, 523: 478, 524: 240, 525: 240, 526: 478, 527: 792, 528: 554, 529: 240, 530: 478, 531: 240, 532: 478, 533: 554, 534: 792, 535: 16, 536: 254, 537: 240, 538: 478, 539: 554, 540: 792, 541: 114, 542: 352, 543: 86, 544: 324, 545: 114, 546: 352, 547: 498, 548: 736, 549: 792, 550: 554, 551: 666, 552: 428, 553: 792, 554: 554, 555: 240, 556: 478, 557: 114, 558: 352, 559: 86, 560: 324, 561: 498, 562: 736, 563: 16, 564: 254, 565: 324, 566: 86, 567: 86, 568: 324, 569: 16, 570: 254, 571: 554, 572: 792, 573: 478, 574: 240, 575: 478, 576: 240, 577: 128, 578: 366, 579: 652, 580: 414, 581: 792, 582: 554, 583: 86, 584: 324, 585: 114, 586: 352, 587: 652, 588: 414, 589: 554, 590: 792, 591: 366, 592: 128, 593: 128, 594: 366, 595: 366, 596: 128, 597: 240, 598: 478, 599: 736, 600: 498, 601: 792, 602: 554, 603: 792, 604: 554, 605: 428, 606: 666, 607: 666, 608: 428, 609: 16, 610: 254, 611: 792, 612: 554, 613: 240, 614: 478, 615: 666, 616: 428, 617: 414, 618: 652, 619: 114, 620: 352, 621: 792, 622: 554, 623: 666, 624: 428, 625: 666, 626: 428, 627: 414, 628: 652, 629: 666, 630: 428, 631: 414, 632: 652, 633: 554, 634: 792, 635: 324, 636: 86, 637: 666, 638: 428, 639: 114, 640: 352, 641: 792, 642: 554, 643: 114, 644: 352, 645: 414, 646: 652, 647: 792, 648: 554, 649: 792, 650: 554, 651: 736, 652: 498, 653: 86, 654: 324, 655: 16, 656: 254, 657: 666, 658: 428, 659: 114, 660: 352, 661: 652, 662: 414, 663: 16, 664: 254, 665: 736, 666: 498, 667: 86, 668: 324, 669: 666, 670: 428, 671: 414, 672: 652, 673: 240, 674: 478, 675: 86, 676: 324, 677: 666, 678: 428, 679: 428, 680: 666, 681: 652, 682: 414, 683: 652, 684: 414, 685: 16, 686: 254, 687: 652, 688: 414, 689: 652, 690: 414, 691: 666, 692: 428, 693: 554, 694: 792, 695: 16, 696: 254, 697: 324, 698: 86, 699: 792, 700: 554, 701: 16, 702: 254, 703: 666, 704: 428, 705: 652, 706: 414, 707: 666, 708: 428, 709: 428, 710: 666, 711: 554, 712: 792, 713: 652, 714: 414, 715: 792, 716: 554, 717: 428, 718: 666, 719: 792, 720: 554, 721: 114, 722: 352, 723: 666, 724: 428, 725: 114, 726: 352, 727: 16, 728: 254, 729: 114, 730: 352, 731: 86, 732: 324, 733: 114, 734: 352, 735: 428, 736: 666, 737: 666, 738: 428, 739: 16, 740: 254, 741: 16, 742: 254, 743: 666, 744: 428, 745: 666, 746: 428, 747: 366, 748: 128, 749: 16, 750: 254, 751: 414, 752: 652, 753: 666, 754: 428, 755: 666, 756: 428, 757: 554, 758: 792, 759: 86, 760: 324, 761: 498, 762: 736, 763: 652, 764: 414, 765: 652, 766: 414, 767: 86, 768: 324, 769: 86, 770: 324, 771: 16, 772: 254, 773: 554, 774: 792, 775: 666, 776: 428, 777: 652, 778: 414, 779: 86, 780: 324, 781: 414, 782: 652, 783: 114, 784: 352, 785: 16, 786: 254, 787: 428, 788: 666, 789: 666, 790: 428, 791: 652, 792: 414, 793: 16, 794: 254, 795: 652, 796: 414, 797: 666, 798: 428, 799: 652, 800: 414, 801: 414, 802: 652, 803: 16, 804: 254, 805: 16, 806: 254, 807: 736, 808: 498, 809: 114, 810: 352, 811: 652, 812: 414, 813: 114, 814: 352, 815: 114, 816: 352, 817: 128, 818: 366, 819: 16, 820: 254, 821: 414, 822: 652, 823: 16, 824: 254, 825: 16, 826: 254, 827: 128, 828: 366, 829: 86, 830: 324, 831: 652, 832: 414, 833: 114, 834: 352, 835: 86, 836: 324, 837: 652, 838: 414, 839: 16, 840: 254, 841: 428, 842: 666, 843: 86, 844: 324, 845: 792, 846: 554, 847: 114, 848: 352, 849: 16, 850: 254, 851: 16, 852: 254, 853: 86, 854: 324, 855: 324, 856: 86, 857: 652, 858: 414, 859: 86, 860: 324, 861: 16, 862: 254, 863: 254, 864: 16, 865: 666, 866: 428, 867: 792, 868: 554, 869: 16, 870: 254, 871: 652, 872: 414, 873: 86, 874: 324, 875: 86, 876: 324, 877: 86, 878: 324, 879: 428, 880: 666, 881: 16, 882: 254, 883: 324, 884: 86, 885: 652, 886: 414, 887: 652, 888: 414, 889: 666, 890: 428, 891: 498, 892: 736, 893: 792, 894: 554, 895: 652, 896: 414, 897: 86, 898: 324, 899: 86, 900: 324, 901: 16, 902: 254, 903: 86, 904: 324, 905: 16, 906: 254, 907: 16, 908: 254, 909: 652, 910: 414, 911: 86, 912: 324, 913: 16, 914: 254, 915: 666, 916: 428}
Number of labels used: 18
Objective value: 18.0
Best objective bound: 18.0
Solution is CORRECT!
Total time: 34.52s
Memory used: 1298.01 MB
[runlim] end:			Sun Jun 14 17:43:14 2026
[runlim] status:		ok
[runlim] result:		0
[runlim] children:		1
[runlim] processes:		2
[runlim] real:			35.08 seconds
[runlim] time:			257.63 seconds
[runlim] space:			1608 MB
[runlim] load:			10.88 maximum
[runlim] samples:		351
