[runlim] version:		2.0.0rc12
[runlim] host:			ap-Precision-7550
[runlim] time limit:		311040000 seconds
[runlim] real time limit:	600 seconds
[runlim] space limit:		14000 MB
[runlim] argv[0]:		python3
[runlim] argv[1]:		-u
[runlim] argv[2]:		main_no_preprocessing.py
[runlim] argv[3]:		graph03
[runlim] argv[4]:		tot
[runlim] argv[5]:		assumptions
[runlim] argv[6]:		cadical195
[runlim] start:			Tue Mar 24 17:12:35 2026
[runlim] child:			48026
Solve first problem:
Solution:
{1: 72, 2: 310, 3: 128, 4: 366, 5: 114, 6: 352, 7: 652, 8: 414, 9: 142, 10: 380, 11: 142, 12: 380, 13: 58, 14: 296, 15: 16, 16: 254, 17: 16, 18: 254, 19: 30, 20: 268, 21: 736, 22: 498, 23: 86, 24: 324, 25: 666, 26: 428, 27: 666, 28: 428, 29: 114, 30: 352, 31: 128, 32: 366, 33: 750, 34: 512, 35: 44, 36: 282, 37: 128, 38: 366, 39: 764, 40: 526, 41: 16, 42: 254, 43: 72, 44: 310, 45: 44, 46: 282, 47: 680, 48: 442, 49: 722, 50: 484, 51: 114, 52: 352, 53: 142, 54: 380, 55: 30, 56: 268, 57: 86, 58: 324, 59: 100, 60: 338, 61: 72, 62: 310, 63: 792, 64: 554, 65: 708, 66: 470, 67: 666, 68: 428, 69: 736, 70: 498, 71: 128, 72: 366, 73: 44, 74: 282, 75: 44, 76: 282, 77: 722, 78: 484, 79: 16, 80: 254, 81: 666, 82: 428, 83: 778, 84: 540, 85: 750, 86: 512, 87: 16, 88: 254, 89: 72, 90: 310, 91: 750, 92: 512, 93: 30, 94: 268, 95: 142, 96: 380, 97: 764, 98: 526, 99: 44, 100: 282, 101: 736, 102: 498, 103: 128, 104: 366, 105: 708, 106: 470, 107: 652, 108: 414, 109: 652, 110: 414, 111: 778, 112: 540, 113: 764, 114: 526, 115: 58, 116: 296, 117: 58, 118: 296, 119: 722, 120: 484, 121: 652, 122: 414, 123: 736, 124: 498, 125: 128, 126: 366, 127: 694, 128: 456, 129: 100, 130: 338, 131: 128, 132: 366, 133: 694, 134: 456, 135: 30, 136: 268, 137: 100, 138: 338, 139: 694, 140: 456, 141: 652, 142: 414, 143: 736, 144: 498, 145: 750, 146: 512, 147: 722, 148: 484, 149: 114, 150: 352, 151: 722, 152: 484, 153: 750, 154: 512, 155: 666, 156: 428, 157: 736, 158: 498, 159: 722, 160: 484, 161: 680, 162: 442, 163: 680, 164: 442, 165: 694, 166: 456, 167: 750, 168: 512, 169: 114, 170: 352, 171: 114, 172: 352, 173: 30, 174: 268, 175: 652, 176: 414, 177: 44, 178: 282, 179: 72, 180: 310, 181: 100, 182: 338, 183: 72, 184: 310, 185: 128, 186: 366, 187: 708, 188: 470, 189: 736, 190: 498, 191: 16, 192: 254, 193: 694, 194: 456, 195: 708, 196: 470, 197: 128, 198: 366, 199: 778, 200: 540}
Number of lables used:  42
Time taken: 0.12 seconds
Memory used: 31.59 MB
--------------------------------------------------

Trying with at most 41 labels...
Solution:
{1: 44, 2: 282, 3: 142, 4: 380, 5: 86, 6: 324, 7: 142, 8: 380, 9: 680, 10: 442, 11: 142, 12: 380, 13: 58, 14: 296, 15: 156, 16: 394, 17: 114, 18: 352, 19: 680, 20: 442, 21: 16, 22: 254, 23: 86, 24: 324, 25: 100, 26: 338, 27: 100, 28: 338, 29: 114, 30: 352, 31: 128, 32: 366, 33: 44, 34: 282, 35: 142, 36: 380, 37: 708, 38: 470, 39: 16, 40: 254, 41: 16, 42: 254, 43: 86, 44: 324, 45: 58, 46: 296, 47: 694, 48: 456, 49: 750, 50: 512, 51: 128, 52: 366, 53: 142, 54: 380, 55: 736, 56: 498, 57: 86, 58: 324, 59: 666, 60: 428, 61: 86, 62: 324, 63: 16, 64: 254, 65: 708, 66: 470, 67: 680, 68: 442, 69: 764, 70: 526, 71: 142, 72: 380, 73: 128, 74: 366, 75: 58, 76: 296, 77: 30, 78: 268, 79: 764, 80: 526, 81: 86, 82: 324, 83: 764, 84: 526, 85: 750, 86: 512, 87: 16, 88: 254, 89: 750, 90: 512, 91: 764, 92: 526, 93: 30, 94: 268, 95: 142, 96: 380, 97: 30, 98: 268, 99: 750, 100: 512, 101: 30, 102: 268, 103: 666, 104: 428, 105: 86, 106: 324, 107: 708, 108: 470, 109: 142, 110: 380, 111: 16, 112: 254, 113: 16, 114: 254, 115: 58, 116: 296, 117: 666, 118: 428, 119: 44, 120: 282, 121: 666, 122: 428, 123: 16, 124: 254, 125: 708, 126: 470, 127: 708, 128: 470, 129: 114, 130: 352, 131: 156, 132: 394, 133: 694, 134: 456, 135: 142, 136: 380, 137: 736, 138: 498, 139: 708, 140: 470, 141: 100, 142: 338, 143: 58, 144: 296, 145: 30, 146: 268, 147: 736, 148: 498, 149: 128, 150: 366, 151: 44, 152: 282, 153: 16, 154: 254, 155: 100, 156: 338, 157: 16, 158: 254, 159: 58, 160: 296, 161: 736, 162: 498, 163: 114, 164: 352, 165: 86, 166: 324, 167: 764, 168: 526, 169: 128, 170: 366, 171: 128, 172: 366, 173: 44, 174: 282, 175: 750, 176: 512, 177: 44, 178: 282, 179: 694, 180: 456, 181: 114, 182: 352, 183: 86, 184: 324, 185: 142, 186: 380, 187: 58, 188: 296, 189: 750, 190: 512, 191: 16, 192: 254, 193: 750, 194: 512, 195: 44, 196: 282, 197: 128, 198: 366, 199: 708, 200: 470}
Number of lables used:  34
Time taken: 0.14 seconds
Memory used: 32.60 MB
--------------------------------------------------

Trying with at most 33 labels...
Solution:
{1: 44, 2: 282, 3: 156, 4: 394, 5: 86, 6: 324, 7: 142, 8: 380, 9: 680, 10: 442, 11: 142, 12: 380, 13: 58, 14: 296, 15: 156, 16: 394, 17: 708, 18: 470, 19: 680, 20: 442, 21: 16, 22: 254, 23: 86, 24: 324, 25: 100, 26: 338, 27: 100, 28: 338, 29: 114, 30: 352, 31: 128, 32: 366, 33: 44, 34: 282, 35: 680, 36: 442, 37: 750, 38: 512, 39: 16, 40: 254, 41: 16, 42: 254, 43: 750, 44: 512, 45: 736, 46: 498, 47: 100, 48: 338, 49: 750, 50: 512, 51: 142, 52: 380, 53: 142, 54: 380, 55: 58, 56: 296, 57: 86, 58: 324, 59: 128, 60: 366, 61: 764, 62: 526, 63: 30, 64: 268, 65: 708, 66: 470, 67: 680, 68: 442, 69: 750, 70: 512, 71: 142, 72: 380, 73: 128, 74: 366, 75: 58, 76: 296, 77: 736, 78: 498, 79: 16, 80: 254, 81: 86, 82: 324, 83: 764, 84: 526, 85: 764, 86: 526, 87: 16, 88: 254, 89: 750, 90: 512, 91: 30, 92: 268, 93: 30, 94: 268, 95: 142, 96: 380, 97: 30, 98: 268, 99: 750, 100: 512, 101: 30, 102: 268, 103: 680, 104: 442, 105: 86, 106: 324, 107: 736, 108: 498, 109: 142, 110: 380, 111: 16, 112: 254, 113: 16, 114: 254, 115: 58, 116: 296, 117: 680, 118: 442, 119: 44, 120: 282, 121: 114, 122: 352, 123: 30, 124: 268, 125: 708, 126: 470, 127: 764, 128: 526, 129: 128, 130: 366, 131: 156, 132: 394, 133: 708, 134: 470, 135: 142, 136: 380, 137: 736, 138: 498, 139: 708, 140: 470, 141: 100, 142: 338, 143: 58, 144: 296, 145: 30, 146: 268, 147: 750, 148: 512, 149: 142, 150: 380, 151: 58, 152: 296, 153: 16, 154: 254, 155: 100, 156: 338, 157: 30, 158: 268, 159: 58, 160: 296, 161: 86, 162: 324, 163: 114, 164: 352, 165: 86, 166: 324, 167: 16, 168: 254, 169: 694, 170: 456, 171: 680, 172: 442, 173: 58, 174: 296, 175: 750, 176: 512, 177: 44, 178: 282, 179: 694, 180: 456, 181: 114, 182: 352, 183: 694, 184: 456, 185: 156, 186: 394, 187: 764, 188: 526, 189: 30, 190: 268, 191: 16, 192: 254, 193: 764, 194: 526, 195: 44, 196: 282, 197: 128, 198: 366, 199: 708, 200: 470}
Number of lables used:  32
Time taken: 0.14 seconds
Memory used: 32.72 MB
--------------------------------------------------

Trying with at most 31 labels...
Solution:
{1: 44, 2: 282, 3: 156, 4: 394, 5: 86, 6: 324, 7: 142, 8: 380, 9: 680, 10: 442, 11: 142, 12: 380, 13: 58, 14: 296, 15: 156, 16: 394, 17: 708, 18: 470, 19: 680, 20: 442, 21: 16, 22: 254, 23: 86, 24: 324, 25: 100, 26: 338, 27: 100, 28: 338, 29: 114, 30: 352, 31: 128, 32: 366, 33: 44, 34: 282, 35: 680, 36: 442, 37: 750, 38: 512, 39: 16, 40: 254, 41: 16, 42: 254, 43: 750, 44: 512, 45: 736, 46: 498, 47: 100, 48: 338, 49: 750, 50: 512, 51: 142, 52: 380, 53: 142, 54: 380, 55: 58, 56: 296, 57: 86, 58: 324, 59: 128, 60: 366, 61: 764, 62: 526, 63: 30, 64: 268, 65: 708, 66: 470, 67: 680, 68: 442, 69: 750, 70: 512, 71: 142, 72: 380, 73: 128, 74: 366, 75: 58, 76: 296, 77: 736, 78: 498, 79: 16, 80: 254, 81: 86, 82: 324, 83: 764, 84: 526, 85: 764, 86: 526, 87: 16, 88: 254, 89: 750, 90: 512, 91: 30, 92: 268, 93: 30, 94: 268, 95: 142, 96: 380, 97: 30, 98: 268, 99: 750, 100: 512, 101: 30, 102: 268, 103: 142, 104: 380, 105: 86, 106: 324, 107: 736, 108: 498, 109: 142, 110: 380, 111: 16, 112: 254, 113: 16, 114: 254, 115: 58, 116: 296, 117: 680, 118: 442, 119: 44, 120: 282, 121: 114, 122: 352, 123: 30, 124: 268, 125: 708, 126: 470, 127: 764, 128: 526, 129: 128, 130: 366, 131: 156, 132: 394, 133: 708, 134: 470, 135: 142, 136: 380, 137: 736, 138: 498, 139: 708, 140: 470, 141: 100, 142: 338, 143: 58, 144: 296, 145: 30, 146: 268, 147: 736, 148: 498, 149: 142, 150: 380, 151: 58, 152: 296, 153: 16, 154: 254, 155: 100, 156: 338, 157: 30, 158: 268, 159: 58, 160: 296, 161: 86, 162: 324, 163: 114, 164: 352, 165: 86, 166: 324, 167: 16, 168: 254, 169: 680, 170: 442, 171: 680, 172: 442, 173: 58, 174: 296, 175: 750, 176: 512, 177: 44, 178: 282, 179: 708, 180: 470, 181: 114, 182: 352, 183: 708, 184: 470, 185: 156, 186: 394, 187: 764, 188: 526, 189: 30, 190: 268, 191: 16, 192: 254, 193: 764, 194: 526, 195: 44, 196: 282, 197: 128, 198: 366, 199: 708, 200: 470}
Number of lables used:  30
Time taken: 0.14 seconds
Memory used: 32.72 MB
--------------------------------------------------

Trying with at most 29 labels...
Solution:
{1: 30, 2: 268, 3: 30, 4: 268, 5: 652, 6: 414, 7: 30, 8: 268, 9: 30, 10: 268, 11: 652, 12: 414, 13: 736, 14: 498, 15: 16, 16: 254, 17: 30, 18: 268, 19: 736, 20: 498, 21: 736, 22: 498, 23: 16, 24: 254, 25: 100, 26: 338, 27: 30, 28: 268, 29: 44, 30: 282, 31: 86, 32: 324, 33: 750, 34: 512, 35: 100, 36: 338, 37: 722, 38: 484, 39: 764, 40: 526, 41: 778, 42: 540, 43: 708, 44: 470, 45: 736, 46: 498, 47: 708, 48: 470, 49: 764, 50: 526, 51: 666, 52: 428, 53: 142, 54: 380, 55: 750, 56: 512, 57: 708, 58: 470, 59: 142, 60: 380, 61: 708, 62: 470, 63: 778, 64: 540, 65: 708, 66: 470, 67: 86, 68: 324, 69: 764, 70: 526, 71: 652, 72: 414, 73: 44, 74: 282, 75: 736, 76: 498, 77: 750, 78: 512, 79: 778, 80: 540, 81: 708, 82: 470, 83: 764, 84: 526, 85: 778, 86: 540, 87: 778, 88: 540, 89: 722, 90: 484, 91: 778, 92: 540, 93: 736, 94: 498, 95: 142, 96: 380, 97: 764, 98: 526, 99: 44, 100: 282, 101: 778, 102: 540, 103: 44, 104: 282, 105: 708, 106: 470, 107: 30, 108: 268, 109: 652, 110: 414, 111: 778, 112: 540, 113: 778, 114: 540, 115: 722, 116: 484, 117: 100, 118: 338, 119: 722, 120: 484, 121: 100, 122: 338, 123: 778, 124: 540, 125: 142, 126: 380, 127: 722, 128: 484, 129: 44, 130: 282, 131: 44, 132: 282, 133: 722, 134: 484, 135: 652, 136: 414, 137: 142, 138: 380, 139: 86, 140: 324, 141: 652, 142: 414, 143: 736, 144: 498, 145: 30, 146: 268, 147: 722, 148: 484, 149: 666, 150: 428, 151: 750, 152: 512, 153: 16, 154: 254, 155: 708, 156: 470, 157: 778, 158: 540, 159: 736, 160: 498, 161: 722, 162: 484, 163: 86, 164: 324, 165: 708, 166: 470, 167: 778, 168: 540, 169: 666, 170: 428, 171: 666, 172: 428, 173: 750, 174: 512, 175: 100, 176: 338, 177: 750, 178: 512, 179: 44, 180: 282, 181: 16, 182: 254, 183: 708, 184: 470, 185: 652, 186: 414, 187: 736, 188: 498, 189: 764, 190: 526, 191: 778, 192: 540, 193: 16, 194: 254, 195: 750, 196: 512, 197: 666, 198: 428, 199: 764, 200: 526}
Number of lables used:  28
Time taken: 0.23 seconds
Memory used: 36.20 MB
--------------------------------------------------

Trying with at most 27 labels...
Solution:
{1: 736, 2: 498, 3: 142, 4: 380, 5: 142, 6: 380, 7: 142, 8: 380, 9: 142, 10: 380, 11: 142, 12: 380, 13: 58, 14: 296, 15: 114, 16: 352, 17: 114, 18: 352, 19: 778, 20: 540, 21: 16, 22: 254, 23: 86, 24: 324, 25: 722, 26: 484, 27: 708, 28: 470, 29: 114, 30: 352, 31: 128, 32: 366, 33: 44, 34: 282, 35: 722, 36: 484, 37: 652, 38: 414, 39: 16, 40: 254, 41: 16, 42: 254, 43: 708, 44: 470, 45: 58, 46: 296, 47: 778, 48: 540, 49: 30, 50: 268, 51: 128, 52: 366, 53: 142, 54: 380, 55: 708, 56: 470, 57: 86, 58: 324, 59: 114, 60: 352, 61: 86, 62: 324, 63: 16, 64: 254, 65: 58, 66: 296, 67: 708, 68: 470, 69: 778, 70: 540, 71: 722, 72: 484, 73: 142, 74: 380, 75: 722, 76: 484, 77: 44, 78: 282, 79: 16, 80: 254, 81: 86, 82: 324, 83: 30, 84: 268, 85: 16, 86: 254, 87: 16, 88: 254, 89: 708, 90: 470, 91: 16, 92: 254, 93: 30, 94: 268, 95: 142, 96: 380, 97: 736, 98: 498, 99: 736, 100: 498, 101: 16, 102: 254, 103: 142, 104: 380, 105: 86, 106: 324, 107: 44, 108: 282, 109: 142, 110: 380, 111: 16, 112: 254, 113: 16, 114: 254, 115: 722, 116: 484, 117: 736, 118: 498, 119: 778, 120: 540, 121: 114, 122: 352, 123: 778, 124: 540, 125: 142, 126: 380, 127: 736, 128: 498, 129: 58, 130: 296, 131: 142, 132: 380, 133: 708, 134: 470, 135: 142, 136: 380, 137: 114, 138: 352, 139: 86, 140: 324, 141: 778, 142: 540, 143: 722, 144: 484, 145: 30, 146: 268, 147: 708, 148: 470, 149: 128, 150: 366, 151: 44, 152: 282, 153: 16, 154: 254, 155: 778, 156: 540, 157: 16, 158: 254, 159: 58, 160: 296, 161: 722, 162: 484, 163: 114, 164: 352, 165: 86, 166: 324, 167: 16, 168: 254, 169: 652, 170: 414, 171: 128, 172: 366, 173: 44, 174: 282, 175: 708, 176: 470, 177: 44, 178: 282, 179: 708, 180: 470, 181: 114, 182: 352, 183: 86, 184: 324, 185: 652, 186: 414, 187: 58, 188: 296, 189: 30, 190: 268, 191: 16, 192: 254, 193: 58, 194: 296, 195: 736, 196: 498, 197: 128, 198: 366, 199: 30, 200: 268}
Number of lables used:  26
Time taken: 0.31 seconds
Memory used: 36.26 MB
--------------------------------------------------

Trying with at most 25 labels...
Solution:
{1: 722, 2: 484, 3: 142, 4: 380, 5: 142, 6: 380, 7: 722, 8: 484, 9: 142, 10: 380, 11: 142, 12: 380, 13: 722, 14: 484, 15: 114, 16: 352, 17: 114, 18: 352, 19: 764, 20: 526, 21: 16, 22: 254, 23: 86, 24: 324, 25: 722, 26: 484, 27: 764, 28: 526, 29: 114, 30: 352, 31: 128, 32: 366, 33: 44, 34: 282, 35: 142, 36: 380, 37: 72, 38: 310, 39: 764, 40: 526, 41: 16, 42: 254, 43: 778, 44: 540, 45: 722, 46: 484, 47: 86, 48: 324, 49: 764, 50: 526, 51: 128, 52: 366, 53: 142, 54: 380, 55: 778, 56: 540, 57: 86, 58: 324, 59: 114, 60: 352, 61: 86, 62: 324, 63: 16, 64: 254, 65: 764, 66: 526, 67: 764, 68: 526, 69: 30, 70: 268, 71: 142, 72: 380, 73: 142, 74: 380, 75: 722, 76: 484, 77: 44, 78: 282, 79: 16, 80: 254, 81: 86, 82: 324, 83: 30, 84: 268, 85: 16, 86: 254, 87: 16, 88: 254, 89: 778, 90: 540, 91: 764, 92: 526, 93: 30, 94: 268, 95: 142, 96: 380, 97: 30, 98: 268, 99: 44, 100: 282, 101: 16, 102: 254, 103: 142, 104: 380, 105: 778, 106: 540, 107: 764, 108: 526, 109: 142, 110: 380, 111: 16, 112: 254, 113: 16, 114: 254, 115: 722, 116: 484, 117: 142, 118: 380, 119: 44, 120: 282, 121: 114, 122: 352, 123: 16, 124: 254, 125: 142, 126: 380, 127: 72, 128: 310, 129: 114, 130: 352, 131: 142, 132: 380, 133: 722, 134: 484, 135: 722, 136: 484, 137: 114, 138: 352, 139: 86, 140: 324, 141: 722, 142: 484, 143: 764, 144: 526, 145: 30, 146: 268, 147: 72, 148: 310, 149: 128, 150: 366, 151: 44, 152: 282, 153: 16, 154: 254, 155: 86, 156: 324, 157: 16, 158: 254, 159: 722, 160: 484, 161: 72, 162: 310, 163: 114, 164: 352, 165: 86, 166: 324, 167: 16, 168: 254, 169: 128, 170: 366, 171: 128, 172: 366, 173: 778, 174: 540, 175: 722, 176: 484, 177: 778, 178: 540, 179: 72, 180: 310, 181: 114, 182: 352, 183: 86, 184: 324, 185: 142, 186: 380, 187: 722, 188: 484, 189: 30, 190: 268, 191: 16, 192: 254, 193: 764, 194: 526, 195: 44, 196: 282, 197: 128, 198: 366, 199: 30, 200: 268}
Number of lables used:  22
Time taken: 1.04 seconds
Memory used: 39.61 MB
--------------------------------------------------

Trying with at most 21 labels...
Solution:
{1: 680, 2: 442, 3: 142, 4: 380, 5: 142, 6: 380, 7: 142, 8: 380, 9: 142, 10: 380, 11: 142, 12: 380, 13: 58, 14: 296, 15: 114, 16: 352, 17: 114, 18: 352, 19: 58, 20: 296, 21: 764, 22: 526, 23: 86, 24: 324, 25: 680, 26: 442, 27: 680, 28: 442, 29: 114, 30: 352, 31: 128, 32: 366, 33: 736, 34: 498, 35: 142, 36: 380, 37: 708, 38: 470, 39: 764, 40: 526, 41: 764, 42: 526, 43: 86, 44: 324, 45: 58, 46: 296, 47: 86, 48: 324, 49: 30, 50: 268, 51: 128, 52: 366, 53: 142, 54: 380, 55: 708, 56: 470, 57: 86, 58: 324, 59: 114, 60: 352, 61: 86, 62: 324, 63: 764, 64: 526, 65: 58, 66: 296, 67: 680, 68: 442, 69: 30, 70: 268, 71: 142, 72: 380, 73: 142, 74: 380, 75: 58, 76: 296, 77: 736, 78: 498, 79: 764, 80: 526, 81: 86, 82: 324, 83: 30, 84: 268, 85: 764, 86: 526, 87: 764, 88: 526, 89: 708, 90: 470, 91: 764, 92: 526, 93: 30, 94: 268, 95: 142, 96: 380, 97: 30, 98: 268, 99: 736, 100: 498, 101: 736, 102: 498, 103: 142, 104: 380, 105: 86, 106: 324, 107: 680, 108: 442, 109: 142, 110: 380, 111: 764, 112: 526, 113: 764, 114: 526, 115: 58, 116: 296, 117: 142, 118: 380, 119: 736, 120: 498, 121: 114, 122: 352, 123: 764, 124: 526, 125: 142, 126: 380, 127: 708, 128: 470, 129: 114, 130: 352, 131: 142, 132: 380, 133: 708, 134: 470, 135: 142, 136: 380, 137: 114, 138: 352, 139: 86, 140: 324, 141: 680, 142: 442, 143: 58, 144: 296, 145: 30, 146: 268, 147: 708, 148: 470, 149: 128, 150: 366, 151: 736, 152: 498, 153: 764, 154: 526, 155: 86, 156: 324, 157: 764, 158: 526, 159: 58, 160: 296, 161: 708, 162: 470, 163: 114, 164: 352, 165: 680, 166: 442, 167: 764, 168: 526, 169: 128, 170: 366, 171: 128, 172: 366, 173: 736, 174: 498, 175: 680, 176: 442, 177: 736, 178: 498, 179: 708, 180: 470, 181: 114, 182: 352, 183: 680, 184: 442, 185: 142, 186: 380, 187: 58, 188: 296, 189: 30, 190: 268, 191: 764, 192: 526, 193: 58, 194: 296, 195: 736, 196: 498, 197: 128, 198: 366, 199: 30, 200: 268}
Number of lables used:  20
Time taken: 1.20 seconds
Memory used: 42.95 MB
--------------------------------------------------

Trying with at most 19 labels...
Cannot find solution.
No more solutions found.
Optimal number of labels used:  20
Time taken: 4.49 seconds
Memory used: 43.76 MB
[runlim] end:			Tue Mar 24 17:12:40 2026
[runlim] status:		ok
[runlim] result:		0
[runlim] children:		1
[runlim] processes:		2
[runlim] real:			4.54 seconds
[runlim] time:			4.50 seconds
[runlim] space:			44 MB
[runlim] load:			1.03 maximum
[runlim] samples:		46
