[runlim] version:		2.0.0rc12
[runlim] host:			ap-Precision-7550
[runlim] time limit:		311040000 seconds
[runlim] real time limit:	600 seconds
[runlim] space limit:		14000 MB
[runlim] argv[0]:		python3
[runlim] argv[1]:		-u
[runlim] argv[2]:		main_no_preprocessing.py
[runlim] argv[3]:		scen07
[runlim] argv[4]:		tot
[runlim] argv[5]:		assumptions
[runlim] argv[6]:		cadical195
[runlim] start:			Sat Jun 20 00:35:25 2026
[runlim] child:			38386
Solve first problem:
Cannot find solution.
Time taken: 0.22 seconds
Memory used: 48.77 MB
[runlim] end:			Sat Jun 20 00:35:25 2026
[runlim] status:		ok
[runlim] result:		0
[runlim] children:		1
[runlim] processes:		2
[runlim] real:			0.28 seconds
[runlim] time:			0.20 seconds
[runlim] space:			47 MB
[runlim] load:			1.02 maximum
[runlim] samples:		3
