[runlim] version:		2.0.0rc12
[runlim] host:			ap-Precision-7550
[runlim] time limit:		311040000 seconds
[runlim] real time limit:	600 seconds
[runlim] space limit:		14000 MB
[runlim] argv[0]:		python3
[runlim] argv[1]:		-u
[runlim] argv[2]:		main_no_preprocessing.py
[runlim] argv[3]:		scen05
[runlim] argv[4]:		tot
[runlim] argv[5]:		assumptions
[runlim] argv[6]:		cadical195
[runlim] start:			Sat Jun 20 00:35:24 2026
[runlim] child:			38380
Solve first problem:
Solution:
{13: 156, 14: 394, 15: 156, 16: 394, 53: 764, 54: 526, 71: 44, 72: 282, 79: 554, 80: 792, 81: 394, 82: 156, 83: 128, 84: 366, 85: 414, 86: 652, 117: 792, 118: 554, 119: 554, 120: 792, 127: 58, 128: 296, 129: 792, 130: 554, 143: 680, 144: 442, 145: 456, 146: 694, 151: 72, 152: 310, 153: 428, 154: 666, 163: 142, 164: 380, 165: 764, 166: 526, 179: 44, 180: 282, 181: 282, 182: 44, 183: 442, 184: 680, 191: 750, 192: 512, 193: 310, 194: 72, 205: 324, 206: 86, 209: 736, 210: 498, 211: 792, 212: 554, 213: 324, 214: 86, 217: 764, 218: 526, 219: 324, 220: 86, 233: 442, 234: 680, 235: 778, 236: 540, 237: 498, 238: 736, 255: 142, 256: 380, 259: 16, 260: 254, 261: 456, 262: 694, 263: 254, 264: 16, 265: 86, 266: 324, 267: 554, 268: 792, 269: 296, 270: 58, 271: 296, 272: 58, 273: 30, 274: 268, 275: 30, 276: 268, 277: 296, 278: 58, 281: 394, 282: 156, 283: 128, 284: 366, 285: 16, 286: 254, 287: 554, 288: 792, 289: 736, 290: 498, 291: 156, 292: 394, 293: 240, 294: 478, 295: 792, 296: 554, 299: 254, 300: 16, 301: 156, 302: 394, 303: 324, 304: 86, 305: 554, 306: 792, 307: 554, 308: 792, 309: 394, 310: 156, 311: 30, 312: 268, 313: 310, 314: 72, 321: 254, 322: 16, 323: 156, 324: 394, 325: 456, 326: 694, 327: 268, 328: 30, 329: 296, 330: 58, 335: 708, 336: 470, 337: 442, 338: 680, 341: 394, 342: 156, 343: 394, 344: 156, 349: 296, 350: 58, 351: 708, 352: 470, 353: 694, 354: 456, 369: 778, 370: 540, 371: 456, 372: 694, 373: 722, 374: 484, 375: 142, 376: 380, 377: 352, 378: 114, 379: 366, 380: 128, 381: 30, 382: 268, 385: 778, 386: 540, 391: 722, 392: 484, 393: 750, 394: 512, 401: 380, 402: 142, 403: 268, 404: 30, 405: 428, 406: 666, 413: 694, 414: 456, 435: 72, 436: 310, 439: 394, 440: 156, 443: 792, 444: 554, 449: 764, 450: 526, 471: 142, 472: 380, 473: 338, 474: 100, 475: 456, 476: 694, 477: 680, 478: 442, 479: 296, 480: 58, 481: 142, 482: 380, 517: 680, 518: 442, 519: 540, 520: 778, 537: 128, 538: 366, 539: 72, 540: 310, 541: 414, 542: 652, 545: 652, 546: 414, 551: 792, 552: 554, 553: 268, 554: 30, 555: 428, 556: 666, 557: 526, 558: 764, 559: 380, 560: 142, 561: 142, 562: 380, 563: 708, 564: 470, 565: 498, 566: 736, 567: 352, 568: 114, 569: 540, 570: 778, 571: 456, 572: 694, 573: 72, 574: 310, 575: 58, 576: 296, 577: 554, 578: 792, 579: 680, 580: 442, 581: 72, 582: 310, 583: 778, 584: 540, 585: 380, 586: 142, 587: 666, 588: 428, 589: 394, 590: 156, 591: 526, 592: 764, 593: 282, 594: 44, 595: 442, 596: 680, 597: 310, 598: 72, 599: 694, 600: 456, 601: 296, 602: 58, 603: 498, 604: 736, 605: 540, 606: 778, 607: 324, 608: 86, 613: 310, 614: 72, 615: 100, 616: 338, 617: 764, 618: 526, 619: 540, 620: 778, 621: 540, 622: 778, 623: 778, 624: 540, 625: 86, 626: 324, 629: 310, 630: 72, 631: 540, 632: 778, 633: 128, 634: 366, 635: 666, 636: 428, 639: 142, 640: 380, 641: 128, 642: 366, 643: 128, 644: 366, 645: 114, 646: 352, 651: 512, 652: 750, 653: 708, 654: 470, 661: 792, 662: 554, 663: 428, 664: 666, 665: 394, 666: 156, 667: 778, 668: 540, 671: 310, 672: 72, 711: 338, 712: 100, 713: 296, 714: 58, 715: 694, 716: 456, 717: 128, 718: 366, 719: 254, 720: 16, 721: 554, 722: 792, 723: 456, 724: 694, 739: 666, 740: 428, 741: 442, 742: 680, 743: 310, 744: 72, 745: 58, 746: 296, 747: 484, 748: 722, 751: 540, 752: 778, 753: 142, 754: 380, 755: 666, 756: 428, 757: 142, 758: 380, 759: 540, 760: 778, 763: 540, 764: 778, 765: 16, 766: 254, 767: 324, 768: 86, 769: 310, 770: 72, 773: 128, 774: 366, 775: 456, 776: 694, 783: 778, 784: 540, 785: 708, 786: 470, 787: 526, 788: 764, 789: 282, 790: 44, 791: 708, 792: 470, 793: 380, 794: 142, 795: 540, 796: 778, 797: 470, 798: 708, 799: 282, 800: 44, 801: 764, 802: 526, 803: 540, 804: 778, 805: 44, 806: 282, 807: 128, 808: 366, 809: 484, 810: 722, 811: 428, 812: 666, 813: 282, 814: 44, 815: 442, 816: 680, 817: 310, 818: 72, 825: 268, 826: 30, 827: 694, 828: 456, 829: 778, 830: 540, 879: 128, 880: 366, 911: 114, 912: 352, 913: 310, 914: 72, 915: 128, 916: 366}
Number of lables used:  46
Time taken: 0.22 seconds
Memory used: 48.26 MB
--------------------------------------------------

Trying with at most 45 labels...
Solution:
{13: 156, 14: 394, 15: 156, 16: 394, 53: 680, 54: 442, 71: 44, 72: 282, 79: 470, 80: 708, 81: 394, 82: 156, 83: 128, 84: 366, 85: 414, 86: 652, 117: 792, 118: 554, 119: 554, 120: 792, 127: 44, 128: 282, 129: 778, 130: 540, 143: 680, 144: 442, 145: 442, 146: 680, 151: 72, 152: 310, 153: 428, 154: 666, 163: 142, 164: 380, 165: 764, 166: 526, 179: 44, 180: 282, 181: 282, 182: 44, 183: 442, 184: 680, 191: 750, 192: 512, 193: 310, 194: 72, 205: 310, 206: 72, 209: 736, 210: 498, 211: 792, 212: 554, 213: 310, 214: 72, 217: 764, 218: 526, 219: 324, 220: 86, 233: 428, 234: 666, 235: 778, 236: 540, 237: 498, 238: 736, 255: 142, 256: 380, 259: 16, 260: 254, 261: 456, 262: 694, 263: 254, 264: 16, 265: 86, 266: 324, 267: 554, 268: 792, 269: 296, 270: 58, 271: 296, 272: 58, 273: 30, 274: 268, 275: 30, 276: 268, 277: 296, 278: 58, 281: 394, 282: 156, 283: 128, 284: 366, 285: 16, 286: 254, 287: 554, 288: 792, 289: 750, 290: 512, 291: 156, 292: 394, 293: 380, 294: 142, 295: 792, 296: 554, 299: 254, 300: 16, 301: 156, 302: 394, 303: 324, 304: 86, 305: 554, 306: 792, 307: 554, 308: 792, 309: 394, 310: 156, 311: 30, 312: 268, 313: 310, 314: 72, 321: 254, 322: 16, 323: 156, 324: 394, 325: 456, 326: 694, 327: 282, 328: 44, 329: 296, 330: 58, 335: 708, 336: 470, 337: 442, 338: 680, 341: 394, 342: 156, 343: 394, 344: 156, 349: 282, 350: 44, 351: 694, 352: 456, 353: 680, 354: 442, 369: 764, 370: 526, 371: 442, 372: 680, 373: 722, 374: 484, 375: 142, 376: 380, 377: 352, 378: 114, 379: 352, 380: 114, 381: 58, 382: 296, 385: 778, 386: 540, 391: 722, 392: 484, 393: 778, 394: 540, 401: 380, 402: 142, 403: 282, 404: 44, 405: 428, 406: 666, 413: 708, 414: 470, 435: 72, 436: 310, 439: 394, 440: 156, 443: 792, 444: 554, 449: 764, 450: 526, 471: 142, 472: 380, 473: 352, 474: 114, 475: 456, 476: 694, 477: 680, 478: 442, 479: 282, 480: 44, 481: 142, 482: 380, 517: 666, 518: 428, 519: 540, 520: 778, 537: 142, 538: 380, 539: 86, 540: 324, 541: 414, 542: 652, 545: 652, 546: 414, 551: 792, 552: 554, 553: 254, 554: 16, 555: 442, 556: 680, 557: 540, 558: 778, 559: 380, 560: 142, 561: 142, 562: 380, 563: 708, 564: 470, 565: 498, 566: 736, 567: 352, 568: 114, 569: 540, 570: 778, 571: 484, 572: 722, 573: 72, 574: 310, 575: 58, 576: 296, 577: 554, 578: 792, 579: 680, 580: 442, 581: 72, 582: 310, 583: 778, 584: 540, 585: 380, 586: 142, 587: 666, 588: 428, 589: 394, 590: 156, 591: 512, 592: 750, 593: 282, 594: 44, 595: 442, 596: 680, 597: 310, 598: 72, 599: 680, 600: 442, 601: 296, 602: 58, 603: 498, 604: 736, 605: 540, 606: 778, 607: 324, 608: 86, 613: 310, 614: 72, 615: 86, 616: 324, 617: 764, 618: 526, 619: 540, 620: 778, 621: 540, 622: 778, 623: 778, 624: 540, 625: 86, 626: 324, 629: 310, 630: 72, 631: 540, 632: 778, 633: 128, 634: 366, 635: 666, 636: 428, 639: 142, 640: 380, 641: 128, 642: 366, 643: 128, 644: 366, 645: 114, 646: 352, 651: 428, 652: 666, 653: 708, 654: 470, 661: 792, 662: 554, 663: 428, 664: 666, 665: 394, 666: 156, 667: 778, 668: 540, 671: 310, 672: 72, 711: 324, 712: 86, 713: 296, 714: 58, 715: 694, 716: 456, 717: 128, 718: 366, 719: 254, 720: 16, 721: 554, 722: 792, 723: 442, 724: 680, 739: 666, 740: 428, 741: 456, 742: 694, 743: 324, 744: 86, 745: 58, 746: 296, 747: 484, 748: 722, 751: 540, 752: 778, 753: 128, 754: 366, 755: 694, 756: 456, 757: 142, 758: 380, 759: 540, 760: 778, 763: 540, 764: 778, 765: 16, 766: 254, 767: 324, 768: 86, 769: 310, 770: 72, 773: 128, 774: 366, 775: 456, 776: 694, 783: 778, 784: 540, 785: 708, 786: 470, 787: 540, 788: 778, 789: 366, 790: 128, 791: 736, 792: 498, 793: 380, 794: 142, 795: 540, 796: 778, 797: 470, 798: 708, 799: 282, 800: 44, 801: 750, 802: 512, 803: 540, 804: 778, 805: 44, 806: 282, 807: 128, 808: 366, 809: 484, 810: 722, 811: 428, 812: 666, 813: 282, 814: 44, 815: 442, 816: 680, 817: 310, 818: 72, 825: 268, 826: 30, 827: 694, 828: 456, 829: 778, 830: 540, 879: 44, 880: 282, 911: 114, 912: 352, 913: 310, 914: 72, 915: 114, 916: 352}
Correct solution!
Number of lables used:  42
Time taken: 0.26 seconds
Memory used: 50.14 MB
--------------------------------------------------

Trying with at most 41 labels...
Solution:
{13: 156, 14: 394, 15: 156, 16: 394, 53: 680, 54: 442, 71: 44, 72: 282, 79: 470, 80: 708, 81: 394, 82: 156, 83: 128, 84: 366, 85: 414, 86: 652, 117: 792, 118: 554, 119: 554, 120: 792, 127: 44, 128: 282, 129: 778, 130: 540, 143: 680, 144: 442, 145: 442, 146: 680, 151: 72, 152: 310, 153: 428, 154: 666, 163: 142, 164: 380, 165: 764, 166: 526, 179: 44, 180: 282, 181: 282, 182: 44, 183: 442, 184: 680, 191: 736, 192: 498, 193: 310, 194: 72, 205: 310, 206: 72, 209: 736, 210: 498, 211: 792, 212: 554, 213: 310, 214: 72, 217: 764, 218: 526, 219: 324, 220: 86, 233: 428, 234: 666, 235: 778, 236: 540, 237: 498, 238: 736, 255: 142, 256: 380, 259: 16, 260: 254, 261: 456, 262: 694, 263: 254, 264: 16, 265: 86, 266: 324, 267: 554, 268: 792, 269: 296, 270: 58, 271: 296, 272: 58, 273: 30, 274: 268, 275: 30, 276: 268, 277: 296, 278: 58, 281: 394, 282: 156, 283: 128, 284: 366, 285: 16, 286: 254, 287: 554, 288: 792, 289: 764, 290: 526, 291: 156, 292: 394, 293: 380, 294: 142, 295: 792, 296: 554, 299: 254, 300: 16, 301: 156, 302: 394, 303: 324, 304: 86, 305: 554, 306: 792, 307: 554, 308: 792, 309: 394, 310: 156, 311: 30, 312: 268, 313: 310, 314: 72, 321: 254, 322: 16, 323: 156, 324: 394, 325: 456, 326: 694, 327: 282, 328: 44, 329: 296, 330: 58, 335: 708, 336: 470, 337: 442, 338: 680, 341: 394, 342: 156, 343: 394, 344: 156, 349: 282, 350: 44, 351: 694, 352: 456, 353: 680, 354: 442, 369: 764, 370: 526, 371: 442, 372: 680, 373: 722, 374: 484, 375: 142, 376: 380, 377: 352, 378: 114, 379: 352, 380: 114, 381: 58, 382: 296, 385: 778, 386: 540, 391: 722, 392: 484, 393: 778, 394: 540, 401: 380, 402: 142, 403: 282, 404: 44, 405: 428, 406: 666, 413: 708, 414: 470, 435: 72, 436: 310, 439: 394, 440: 156, 443: 792, 444: 554, 449: 764, 450: 526, 471: 142, 472: 380, 473: 352, 474: 114, 475: 456, 476: 694, 477: 680, 478: 442, 479: 282, 480: 44, 481: 142, 482: 380, 517: 666, 518: 428, 519: 540, 520: 778, 537: 142, 538: 380, 539: 86, 540: 324, 541: 414, 542: 652, 545: 652, 546: 414, 551: 792, 552: 554, 553: 254, 554: 16, 555: 442, 556: 680, 557: 540, 558: 778, 559: 380, 560: 142, 561: 142, 562: 380, 563: 708, 564: 470, 565: 498, 566: 736, 567: 352, 568: 114, 569: 540, 570: 778, 571: 484, 572: 722, 573: 72, 574: 310, 575: 58, 576: 296, 577: 554, 578: 792, 579: 680, 580: 442, 581: 72, 582: 310, 583: 778, 584: 540, 585: 380, 586: 142, 587: 666, 588: 428, 589: 394, 590: 156, 591: 526, 592: 764, 593: 282, 594: 44, 595: 442, 596: 680, 597: 310, 598: 72, 599: 680, 600: 442, 601: 296, 602: 58, 603: 498, 604: 736, 605: 540, 606: 778, 607: 324, 608: 86, 613: 310, 614: 72, 615: 86, 616: 324, 617: 764, 618: 526, 619: 540, 620: 778, 621: 540, 622: 778, 623: 778, 624: 540, 625: 86, 626: 324, 629: 310, 630: 72, 631: 540, 632: 778, 633: 128, 634: 366, 635: 666, 636: 428, 639: 142, 640: 380, 641: 128, 642: 366, 643: 128, 644: 366, 645: 114, 646: 352, 651: 428, 652: 666, 653: 694, 654: 456, 661: 792, 662: 554, 663: 428, 664: 666, 665: 394, 666: 156, 667: 778, 668: 540, 671: 310, 672: 72, 711: 324, 712: 86, 713: 296, 714: 58, 715: 694, 716: 456, 717: 128, 718: 366, 719: 254, 720: 16, 721: 554, 722: 792, 723: 442, 724: 680, 739: 666, 740: 428, 741: 456, 742: 694, 743: 324, 744: 86, 745: 58, 746: 296, 747: 484, 748: 722, 751: 540, 752: 778, 753: 128, 754: 366, 755: 694, 756: 456, 757: 142, 758: 380, 759: 540, 760: 778, 763: 540, 764: 778, 765: 16, 766: 254, 767: 324, 768: 86, 769: 310, 770: 72, 773: 128, 774: 366, 775: 456, 776: 694, 783: 778, 784: 540, 785: 708, 786: 470, 787: 540, 788: 778, 789: 366, 790: 128, 791: 736, 792: 498, 793: 380, 794: 142, 795: 540, 796: 778, 797: 470, 798: 708, 799: 282, 800: 44, 801: 764, 802: 526, 803: 540, 804: 778, 805: 44, 806: 282, 807: 128, 808: 366, 809: 484, 810: 722, 811: 428, 812: 666, 813: 282, 814: 44, 815: 442, 816: 680, 817: 310, 818: 72, 825: 268, 826: 30, 827: 694, 828: 456, 829: 778, 830: 540, 879: 44, 880: 282, 911: 114, 912: 352, 913: 310, 914: 72, 915: 114, 916: 352}
Correct solution!
Number of lables used:  40
Time taken: 0.26 seconds
Memory used: 50.14 MB
--------------------------------------------------

Trying with at most 39 labels...
Cannot find solution.
No more solutions found.
Optimal number of labels used:  40
Time taken: 0.27 seconds
Memory used: 50.14 MB
[runlim] end:			Sat Jun 20 00:35:25 2026
[runlim] status:		ok
[runlim] result:		0
[runlim] children:		1
[runlim] processes:		2
[runlim] real:			0.33 seconds
[runlim] time:			0.30 seconds
[runlim] space:			50 MB
[runlim] load:			1.02 maximum
[runlim] samples:		4
