[runlim] version:		2.0.0rc12
[runlim] host:			ap-Precision-7550
[runlim] time limit:		311040000 seconds
[runlim] real time limit:	600 seconds
[runlim] space limit:		14000 MB
[runlim] argv[0]:		python3
[runlim] argv[1]:		-u
[runlim] argv[2]:		main_no_preprocessing.py
[runlim] argv[3]:		TUD200.3
[runlim] argv[4]:		tot
[runlim] argv[5]:		assumptions
[runlim] argv[6]:		cadical195
[runlim] start:			Sat Jun 20 00:35:29 2026
[runlim] child:			38404
Solve first problem:
Solution:
{1: 526, 2: 764, 3: 442, 4: 680, 5: 414, 6: 652, 7: 352, 8: 114, 9: 442, 10: 680, 11: 142, 12: 380, 13: 16, 14: 254, 15: 86, 16: 324, 17: 408, 18: 170, 19: 708, 20: 470, 21: 526, 22: 764, 23: 778, 24: 540, 25: 282, 26: 44, 27: 58, 28: 296, 29: 394, 30: 156, 31: 366, 32: 128, 33: 456, 34: 694, 35: 694, 36: 456, 37: 142, 38: 380, 39: 142, 40: 380, 41: 86, 42: 324, 43: 540, 44: 778, 45: 484, 46: 722, 47: 282, 48: 44, 49: 554, 50: 792, 51: 428, 52: 666, 53: 470, 54: 708, 55: 394, 56: 156, 57: 442, 58: 680, 59: 100, 60: 338, 61: 324, 62: 86, 63: 156, 64: 394, 65: 680, 66: 442, 67: 456, 68: 694, 69: 114, 70: 352, 71: 512, 72: 750, 73: 142, 74: 380, 75: 442, 76: 680, 77: 156, 78: 394, 79: 142, 80: 380, 81: 554, 82: 792, 83: 512, 84: 750, 85: 526, 86: 764, 87: 652, 88: 414, 89: 44, 90: 282, 91: 554, 92: 792, 93: 58, 94: 296, 95: 30, 96: 268, 97: 478, 98: 240, 99: 478, 100: 240, 101: 666, 102: 428, 103: 484, 104: 722, 105: 498, 106: 736, 107: 554, 108: 792, 109: 394, 110: 156, 111: 540, 112: 778, 113: 86, 114: 324, 115: 142, 116: 380, 117: 100, 118: 338, 119: 72, 120: 310, 121: 380, 122: 142, 123: 512, 124: 750, 125: 764, 126: 526, 127: 736, 128: 498, 129: 456, 130: 694, 131: 240, 132: 478, 133: 498, 134: 736, 135: 554, 136: 792, 137: 652, 138: 414, 139: 554, 140: 792, 141: 498, 142: 736, 143: 512, 144: 750, 145: 86, 146: 324, 147: 694, 148: 456, 149: 428, 150: 666, 151: 792, 152: 554, 153: 156, 154: 394, 155: 394, 156: 156, 157: 540, 158: 778, 159: 512, 160: 750, 161: 554, 162: 792, 163: 554, 164: 792, 165: 394, 166: 156, 167: 428, 168: 666, 169: 498, 170: 736, 171: 554, 172: 792, 173: 442, 174: 680, 175: 470, 176: 708, 177: 428, 178: 666, 179: 170, 180: 408, 181: 792, 182: 554, 183: 498, 184: 736, 185: 484, 186: 722, 187: 792, 188: 554, 189: 498, 190: 736, 191: 540, 192: 778, 193: 484, 194: 722, 195: 72, 196: 310, 197: 526, 198: 764, 199: 554, 200: 792}
Number of lables used:  48
Time taken: 0.09 seconds
Memory used: 32.77 MB
--------------------------------------------------

Trying with at most 47 labels...
Solution:
{1: 526, 2: 764, 3: 442, 4: 680, 5: 680, 6: 442, 7: 352, 8: 114, 9: 442, 10: 680, 11: 142, 12: 380, 13: 16, 14: 254, 15: 86, 16: 324, 17: 408, 18: 170, 19: 708, 20: 470, 21: 526, 22: 764, 23: 778, 24: 540, 25: 282, 26: 44, 27: 58, 28: 296, 29: 394, 30: 156, 31: 366, 32: 128, 33: 442, 34: 680, 35: 694, 36: 456, 37: 142, 38: 380, 39: 142, 40: 380, 41: 86, 42: 324, 43: 540, 44: 778, 45: 484, 46: 722, 47: 282, 48: 44, 49: 554, 50: 792, 51: 428, 52: 666, 53: 470, 54: 708, 55: 394, 56: 156, 57: 442, 58: 680, 59: 100, 60: 338, 61: 324, 62: 86, 63: 156, 64: 394, 65: 680, 66: 442, 67: 456, 68: 694, 69: 100, 70: 338, 71: 512, 72: 750, 73: 142, 74: 380, 75: 428, 76: 666, 77: 156, 78: 394, 79: 142, 80: 380, 81: 554, 82: 792, 83: 512, 84: 750, 85: 526, 86: 764, 87: 652, 88: 414, 89: 44, 90: 282, 91: 554, 92: 792, 93: 44, 94: 282, 95: 30, 96: 268, 97: 478, 98: 240, 99: 478, 100: 240, 101: 666, 102: 428, 103: 484, 104: 722, 105: 456, 106: 694, 107: 366, 108: 128, 109: 394, 110: 156, 111: 540, 112: 778, 113: 86, 114: 324, 115: 142, 116: 380, 117: 100, 118: 338, 119: 72, 120: 310, 121: 380, 122: 142, 123: 512, 124: 750, 125: 764, 126: 526, 127: 722, 128: 484, 129: 456, 130: 694, 131: 240, 132: 478, 133: 484, 134: 722, 135: 554, 136: 792, 137: 268, 138: 30, 139: 554, 140: 792, 141: 484, 142: 722, 143: 512, 144: 750, 145: 86, 146: 324, 147: 680, 148: 442, 149: 86, 150: 324, 151: 792, 152: 554, 153: 156, 154: 394, 155: 394, 156: 156, 157: 540, 158: 778, 159: 512, 160: 750, 161: 554, 162: 792, 163: 554, 164: 792, 165: 394, 166: 156, 167: 414, 168: 652, 169: 484, 170: 722, 171: 554, 172: 792, 173: 428, 174: 666, 175: 470, 176: 708, 177: 428, 178: 666, 179: 170, 180: 408, 181: 792, 182: 554, 183: 484, 184: 722, 185: 484, 186: 722, 187: 778, 188: 540, 189: 484, 190: 722, 191: 540, 192: 778, 193: 470, 194: 708, 195: 72, 196: 310, 197: 526, 198: 764, 199: 554, 200: 792}
Correct solution!
Number of lables used:  46
Time taken: 0.10 seconds
Memory used: 33.70 MB
--------------------------------------------------

Trying with at most 45 labels...
Solution:
{1: 540, 2: 778, 3: 442, 4: 680, 5: 680, 6: 442, 7: 380, 8: 142, 9: 442, 10: 680, 11: 142, 12: 380, 13: 16, 14: 254, 15: 86, 16: 324, 17: 408, 18: 170, 19: 708, 20: 470, 21: 512, 22: 750, 23: 778, 24: 540, 25: 282, 26: 44, 27: 58, 28: 296, 29: 394, 30: 156, 31: 366, 32: 128, 33: 442, 34: 680, 35: 694, 36: 456, 37: 142, 38: 380, 39: 142, 40: 380, 41: 86, 42: 324, 43: 540, 44: 778, 45: 554, 46: 792, 47: 282, 48: 44, 49: 554, 50: 792, 51: 428, 52: 666, 53: 470, 54: 708, 55: 394, 56: 156, 57: 442, 58: 680, 59: 100, 60: 338, 61: 324, 62: 86, 63: 156, 64: 394, 65: 680, 66: 442, 67: 456, 68: 694, 69: 100, 70: 338, 71: 512, 72: 750, 73: 142, 74: 380, 75: 428, 76: 666, 77: 156, 78: 394, 79: 142, 80: 380, 81: 554, 82: 792, 83: 512, 84: 750, 85: 540, 86: 778, 87: 44, 88: 282, 89: 44, 90: 282, 91: 554, 92: 792, 93: 44, 94: 282, 95: 30, 96: 268, 97: 478, 98: 240, 99: 478, 100: 240, 101: 666, 102: 428, 103: 484, 104: 722, 105: 456, 106: 694, 107: 366, 108: 128, 109: 394, 110: 156, 111: 540, 112: 778, 113: 86, 114: 324, 115: 142, 116: 380, 117: 100, 118: 338, 119: 72, 120: 310, 121: 380, 122: 142, 123: 512, 124: 750, 125: 778, 126: 540, 127: 722, 128: 484, 129: 456, 130: 694, 131: 240, 132: 478, 133: 484, 134: 722, 135: 554, 136: 792, 137: 268, 138: 30, 139: 722, 140: 484, 141: 484, 142: 722, 143: 512, 144: 750, 145: 86, 146: 324, 147: 680, 148: 442, 149: 86, 150: 324, 151: 792, 152: 554, 153: 156, 154: 394, 155: 394, 156: 156, 157: 540, 158: 778, 159: 470, 160: 708, 161: 554, 162: 792, 163: 512, 164: 750, 165: 394, 166: 156, 167: 156, 168: 394, 169: 484, 170: 722, 171: 554, 172: 792, 173: 428, 174: 666, 175: 470, 176: 708, 177: 792, 178: 554, 179: 170, 180: 408, 181: 792, 182: 554, 183: 484, 184: 722, 185: 484, 186: 722, 187: 778, 188: 540, 189: 484, 190: 722, 191: 540, 192: 778, 193: 470, 194: 708, 195: 72, 196: 310, 197: 554, 198: 792, 199: 512, 200: 750}
Correct solution!
Number of lables used:  40
Time taken: 0.10 seconds
Memory used: 33.81 MB
--------------------------------------------------

Trying with at most 39 labels...
Solution:
{1: 540, 2: 778, 3: 442, 4: 680, 5: 680, 6: 442, 7: 380, 8: 142, 9: 442, 10: 680, 11: 142, 12: 380, 13: 16, 14: 254, 15: 86, 16: 324, 17: 408, 18: 170, 19: 708, 20: 470, 21: 512, 22: 750, 23: 778, 24: 540, 25: 282, 26: 44, 27: 44, 28: 282, 29: 394, 30: 156, 31: 366, 32: 128, 33: 442, 34: 680, 35: 694, 36: 456, 37: 142, 38: 380, 39: 142, 40: 380, 41: 86, 42: 324, 43: 540, 44: 778, 45: 554, 46: 792, 47: 282, 48: 44, 49: 554, 50: 792, 51: 428, 52: 666, 53: 470, 54: 708, 55: 394, 56: 156, 57: 442, 58: 680, 59: 100, 60: 338, 61: 324, 62: 86, 63: 156, 64: 394, 65: 680, 66: 442, 67: 456, 68: 694, 69: 100, 70: 338, 71: 512, 72: 750, 73: 142, 74: 380, 75: 428, 76: 666, 77: 156, 78: 394, 79: 142, 80: 380, 81: 554, 82: 792, 83: 512, 84: 750, 85: 540, 86: 778, 87: 44, 88: 282, 89: 44, 90: 282, 91: 554, 92: 792, 93: 44, 94: 282, 95: 30, 96: 268, 97: 478, 98: 240, 99: 478, 100: 240, 101: 666, 102: 428, 103: 484, 104: 722, 105: 456, 106: 694, 107: 366, 108: 128, 109: 394, 110: 156, 111: 540, 112: 778, 113: 86, 114: 324, 115: 142, 116: 380, 117: 100, 118: 338, 119: 72, 120: 310, 121: 380, 122: 142, 123: 512, 124: 750, 125: 778, 126: 540, 127: 722, 128: 484, 129: 456, 130: 694, 131: 240, 132: 478, 133: 484, 134: 722, 135: 554, 136: 792, 137: 268, 138: 30, 139: 722, 140: 484, 141: 484, 142: 722, 143: 512, 144: 750, 145: 86, 146: 324, 147: 680, 148: 442, 149: 86, 150: 324, 151: 792, 152: 554, 153: 156, 154: 394, 155: 394, 156: 156, 157: 540, 158: 778, 159: 470, 160: 708, 161: 554, 162: 792, 163: 512, 164: 750, 165: 394, 166: 156, 167: 156, 168: 394, 169: 484, 170: 722, 171: 554, 172: 792, 173: 428, 174: 666, 175: 470, 176: 708, 177: 792, 178: 554, 179: 170, 180: 408, 181: 792, 182: 554, 183: 484, 184: 722, 185: 484, 186: 722, 187: 778, 188: 540, 189: 484, 190: 722, 191: 540, 192: 778, 193: 470, 194: 708, 195: 72, 196: 310, 197: 554, 198: 792, 199: 512, 200: 750}
Correct solution!
Number of lables used:  38
Time taken: 0.11 seconds
Memory used: 33.81 MB
--------------------------------------------------

Trying with at most 37 labels...
Solution:
{1: 540, 2: 778, 3: 442, 4: 680, 5: 680, 6: 442, 7: 380, 8: 142, 9: 442, 10: 680, 11: 142, 12: 380, 13: 554, 14: 792, 15: 86, 16: 324, 17: 408, 18: 170, 19: 708, 20: 470, 21: 512, 22: 750, 23: 778, 24: 540, 25: 282, 26: 44, 27: 44, 28: 282, 29: 394, 30: 156, 31: 366, 32: 128, 33: 442, 34: 680, 35: 694, 36: 456, 37: 142, 38: 380, 39: 142, 40: 380, 41: 86, 42: 324, 43: 540, 44: 778, 45: 554, 46: 792, 47: 282, 48: 44, 49: 554, 50: 792, 51: 428, 52: 666, 53: 470, 54: 708, 55: 394, 56: 156, 57: 442, 58: 680, 59: 100, 60: 338, 61: 324, 62: 86, 63: 156, 64: 394, 65: 680, 66: 442, 67: 456, 68: 694, 69: 100, 70: 338, 71: 512, 72: 750, 73: 142, 74: 380, 75: 428, 76: 666, 77: 156, 78: 394, 79: 142, 80: 380, 81: 554, 82: 792, 83: 512, 84: 750, 85: 540, 86: 778, 87: 44, 88: 282, 89: 44, 90: 282, 91: 554, 92: 792, 93: 44, 94: 282, 95: 338, 96: 100, 97: 478, 98: 240, 99: 478, 100: 240, 101: 666, 102: 428, 103: 484, 104: 722, 105: 456, 106: 694, 107: 366, 108: 128, 109: 394, 110: 156, 111: 540, 112: 778, 113: 86, 114: 324, 115: 142, 116: 380, 117: 100, 118: 338, 119: 72, 120: 310, 121: 380, 122: 142, 123: 512, 124: 750, 125: 778, 126: 540, 127: 722, 128: 484, 129: 456, 130: 694, 131: 240, 132: 478, 133: 484, 134: 722, 135: 484, 136: 722, 137: 792, 138: 554, 139: 722, 140: 484, 141: 484, 142: 722, 143: 512, 144: 750, 145: 86, 146: 324, 147: 680, 148: 442, 149: 86, 150: 324, 151: 792, 152: 554, 153: 156, 154: 394, 155: 394, 156: 156, 157: 540, 158: 778, 159: 470, 160: 708, 161: 554, 162: 792, 163: 512, 164: 750, 165: 394, 166: 156, 167: 156, 168: 394, 169: 470, 170: 708, 171: 554, 172: 792, 173: 428, 174: 666, 175: 470, 176: 708, 177: 792, 178: 554, 179: 170, 180: 408, 181: 778, 182: 540, 183: 484, 184: 722, 185: 484, 186: 722, 187: 778, 188: 540, 189: 484, 190: 722, 191: 540, 192: 778, 193: 470, 194: 708, 195: 72, 196: 310, 197: 554, 198: 792, 199: 512, 200: 750}
Correct solution!
Number of lables used:  34
Time taken: 0.11 seconds
Memory used: 33.81 MB
--------------------------------------------------

Trying with at most 33 labels...
Solution:
{1: 470, 2: 708, 3: 652, 4: 414, 5: 652, 6: 414, 7: 736, 8: 498, 9: 142, 10: 380, 11: 142, 12: 380, 13: 736, 14: 498, 15: 58, 16: 296, 17: 240, 18: 478, 19: 554, 20: 792, 21: 722, 22: 484, 23: 380, 24: 142, 25: 282, 26: 44, 27: 44, 28: 282, 29: 792, 30: 554, 31: 268, 32: 30, 33: 380, 34: 142, 35: 142, 36: 380, 37: 100, 38: 338, 39: 44, 40: 282, 41: 44, 42: 282, 43: 708, 44: 470, 45: 554, 46: 792, 47: 72, 48: 310, 49: 498, 50: 736, 51: 428, 52: 666, 53: 156, 54: 394, 55: 394, 56: 156, 57: 792, 58: 554, 59: 72, 60: 310, 61: 30, 62: 268, 63: 156, 64: 394, 65: 394, 66: 156, 67: 142, 68: 380, 69: 72, 70: 310, 71: 142, 72: 380, 73: 156, 74: 394, 75: 792, 76: 554, 77: 142, 78: 380, 79: 142, 80: 380, 81: 554, 82: 792, 83: 498, 84: 736, 85: 428, 86: 666, 87: 44, 88: 282, 89: 484, 90: 722, 91: 428, 92: 666, 93: 338, 94: 100, 95: 338, 96: 100, 97: 142, 98: 380, 99: 170, 100: 408, 101: 554, 102: 792, 103: 414, 104: 652, 105: 428, 106: 666, 107: 268, 108: 30, 109: 708, 110: 470, 111: 484, 112: 722, 113: 72, 114: 310, 115: 792, 116: 554, 117: 310, 118: 72, 119: 380, 120: 142, 121: 240, 122: 478, 123: 736, 124: 498, 125: 100, 126: 338, 127: 722, 128: 484, 129: 428, 130: 666, 131: 240, 132: 478, 133: 310, 134: 72, 135: 484, 136: 722, 137: 792, 138: 554, 139: 722, 140: 484, 141: 484, 142: 722, 143: 666, 144: 428, 145: 792, 146: 554, 147: 666, 148: 428, 149: 100, 150: 338, 151: 792, 152: 554, 153: 44, 154: 282, 155: 338, 156: 100, 157: 58, 158: 296, 159: 428, 160: 666, 161: 554, 162: 792, 163: 484, 164: 722, 165: 296, 166: 58, 167: 156, 168: 394, 169: 470, 170: 708, 171: 30, 172: 268, 173: 708, 174: 470, 175: 792, 176: 554, 177: 792, 178: 554, 179: 478, 180: 240, 181: 30, 182: 268, 183: 142, 184: 380, 185: 428, 186: 666, 187: 268, 188: 30, 189: 484, 190: 722, 191: 708, 192: 470, 193: 652, 194: 414, 195: 30, 196: 268, 197: 484, 198: 722, 199: 792, 200: 554}
Correct solution!
Number of lables used:  30
Time taken: 0.12 seconds
Memory used: 33.88 MB
--------------------------------------------------

Trying with at most 29 labels...
Solution:
{1: 428, 2: 666, 3: 142, 4: 380, 5: 142, 6: 380, 7: 554, 8: 792, 9: 268, 10: 30, 11: 170, 12: 408, 13: 142, 14: 380, 15: 30, 16: 268, 17: 142, 18: 380, 19: 792, 20: 554, 21: 750, 22: 512, 23: 666, 24: 428, 25: 512, 26: 750, 27: 792, 28: 554, 29: 792, 30: 554, 31: 254, 32: 16, 33: 380, 34: 142, 35: 58, 36: 296, 37: 666, 38: 428, 39: 380, 40: 142, 41: 268, 42: 30, 43: 352, 44: 114, 45: 554, 46: 792, 47: 100, 48: 338, 49: 142, 50: 380, 51: 30, 52: 268, 53: 666, 54: 428, 55: 512, 56: 750, 57: 792, 58: 554, 59: 114, 60: 352, 61: 30, 62: 268, 63: 792, 64: 554, 65: 58, 66: 296, 67: 366, 68: 128, 69: 114, 70: 352, 71: 58, 72: 296, 73: 324, 74: 86, 75: 296, 76: 58, 77: 296, 78: 58, 79: 778, 80: 540, 81: 554, 82: 792, 83: 380, 84: 142, 85: 428, 86: 666, 87: 380, 88: 142, 89: 428, 90: 666, 91: 268, 92: 30, 93: 352, 94: 114, 95: 366, 96: 128, 97: 408, 98: 170, 99: 170, 100: 408, 101: 554, 102: 792, 103: 792, 104: 554, 105: 86, 106: 324, 107: 100, 108: 338, 109: 324, 110: 86, 111: 540, 112: 778, 113: 58, 114: 296, 115: 792, 116: 554, 117: 512, 118: 750, 119: 100, 120: 338, 121: 240, 122: 478, 123: 380, 124: 142, 125: 750, 126: 512, 127: 512, 128: 750, 129: 324, 130: 86, 131: 478, 132: 240, 133: 428, 134: 666, 135: 428, 136: 666, 137: 142, 138: 380, 139: 142, 140: 380, 141: 428, 142: 666, 143: 666, 144: 428, 145: 792, 146: 554, 147: 142, 148: 380, 149: 16, 150: 254, 151: 58, 152: 296, 153: 554, 154: 792, 155: 268, 156: 30, 157: 512, 158: 750, 159: 338, 160: 100, 161: 30, 162: 268, 163: 380, 164: 142, 165: 254, 166: 16, 167: 296, 168: 58, 169: 750, 170: 512, 171: 30, 172: 268, 173: 114, 174: 352, 175: 512, 176: 750, 177: 778, 178: 540, 179: 142, 180: 380, 181: 30, 182: 268, 183: 750, 184: 512, 185: 296, 186: 58, 187: 142, 188: 380, 189: 428, 190: 666, 191: 114, 192: 352, 193: 666, 194: 428, 195: 512, 196: 750, 197: 338, 198: 100, 199: 792, 200: 554}
Correct solution!
Number of lables used:  28
Time taken: 0.14 seconds
Memory used: 33.92 MB
--------------------------------------------------

Trying with at most 27 labels...
Solution:
{1: 428, 2: 666, 3: 114, 4: 352, 5: 142, 6: 380, 7: 554, 8: 792, 9: 554, 10: 792, 11: 380, 12: 142, 13: 142, 14: 380, 15: 792, 16: 554, 17: 170, 18: 408, 19: 100, 20: 338, 21: 58, 22: 296, 23: 666, 24: 428, 25: 512, 26: 750, 27: 792, 28: 554, 29: 296, 30: 58, 31: 254, 32: 16, 33: 114, 34: 352, 35: 58, 36: 296, 37: 128, 38: 366, 39: 380, 40: 142, 41: 254, 42: 16, 43: 428, 44: 666, 45: 540, 46: 778, 47: 750, 48: 512, 49: 142, 50: 380, 51: 750, 52: 512, 53: 142, 54: 380, 55: 296, 56: 58, 57: 792, 58: 554, 59: 114, 60: 352, 61: 254, 62: 16, 63: 792, 64: 554, 65: 58, 66: 296, 67: 100, 68: 338, 69: 114, 70: 352, 71: 58, 72: 296, 73: 324, 74: 86, 75: 128, 76: 366, 77: 296, 78: 58, 79: 114, 80: 352, 81: 554, 82: 792, 83: 380, 84: 142, 85: 428, 86: 666, 87: 380, 88: 142, 89: 428, 90: 666, 91: 296, 92: 58, 93: 352, 94: 114, 95: 366, 96: 128, 97: 478, 98: 240, 99: 142, 100: 380, 101: 554, 102: 792, 103: 792, 104: 554, 105: 58, 106: 296, 107: 100, 108: 338, 109: 324, 110: 86, 111: 540, 112: 778, 113: 16, 114: 254, 115: 16, 116: 254, 117: 428, 118: 666, 119: 666, 120: 428, 121: 240, 122: 478, 123: 380, 124: 142, 125: 750, 126: 512, 127: 512, 128: 750, 129: 338, 130: 100, 131: 408, 132: 170, 133: 540, 134: 778, 135: 114, 136: 352, 137: 86, 138: 324, 139: 86, 140: 324, 141: 540, 142: 778, 143: 666, 144: 428, 145: 16, 146: 254, 147: 142, 148: 380, 149: 16, 150: 254, 151: 58, 152: 296, 153: 778, 154: 540, 155: 296, 156: 58, 157: 428, 158: 666, 159: 750, 160: 512, 161: 750, 162: 512, 163: 380, 164: 142, 165: 254, 166: 16, 167: 296, 168: 58, 169: 750, 170: 512, 171: 16, 172: 254, 173: 114, 174: 352, 175: 512, 176: 750, 177: 750, 178: 512, 179: 142, 180: 380, 181: 750, 182: 512, 183: 778, 184: 540, 185: 540, 186: 778, 187: 142, 188: 380, 189: 428, 190: 666, 191: 380, 192: 142, 193: 114, 194: 352, 195: 86, 196: 324, 197: 666, 198: 428, 199: 792, 200: 554}
Correct solution!
Number of lables used:  26
Time taken: 0.15 seconds
Memory used: 33.92 MB
--------------------------------------------------

Trying with at most 25 labels...
Solution:
{1: 498, 2: 736, 3: 114, 4: 352, 5: 114, 6: 352, 7: 498, 8: 736, 9: 680, 10: 442, 11: 380, 12: 142, 13: 114, 14: 352, 15: 792, 16: 554, 17: 240, 18: 478, 19: 680, 20: 442, 21: 792, 22: 554, 23: 554, 24: 792, 25: 554, 26: 792, 27: 792, 28: 554, 29: 44, 30: 282, 31: 254, 32: 16, 33: 114, 34: 352, 35: 352, 36: 114, 37: 680, 38: 442, 39: 394, 40: 156, 41: 44, 42: 282, 43: 380, 44: 142, 45: 44, 46: 282, 47: 114, 48: 352, 49: 142, 50: 380, 51: 680, 52: 442, 53: 142, 54: 380, 55: 694, 56: 456, 57: 792, 58: 554, 59: 114, 60: 352, 61: 352, 62: 114, 63: 792, 64: 554, 65: 114, 66: 352, 67: 156, 68: 394, 69: 114, 70: 352, 71: 44, 72: 282, 73: 680, 74: 442, 75: 442, 76: 680, 77: 282, 78: 44, 79: 44, 80: 282, 81: 736, 82: 498, 83: 380, 84: 142, 85: 498, 86: 736, 87: 352, 88: 114, 89: 254, 90: 16, 91: 282, 92: 44, 93: 352, 94: 114, 95: 352, 96: 114, 97: 478, 98: 240, 99: 170, 100: 408, 101: 498, 102: 736, 103: 792, 104: 554, 105: 254, 106: 16, 107: 456, 108: 694, 109: 380, 110: 142, 111: 44, 112: 282, 113: 680, 114: 442, 115: 16, 116: 254, 117: 44, 118: 282, 119: 442, 120: 680, 121: 240, 122: 478, 123: 792, 124: 554, 125: 282, 126: 44, 127: 554, 128: 792, 129: 694, 130: 456, 131: 380, 132: 142, 133: 442, 134: 680, 135: 114, 136: 352, 137: 498, 138: 736, 139: 114, 140: 352, 141: 498, 142: 736, 143: 792, 144: 554, 145: 694, 146: 456, 147: 254, 148: 16, 149: 394, 150: 156, 151: 498, 152: 736, 153: 792, 154: 554, 155: 156, 156: 394, 157: 456, 158: 694, 159: 792, 160: 554, 161: 442, 162: 680, 163: 380, 164: 142, 165: 380, 166: 142, 167: 44, 168: 282, 169: 282, 170: 44, 171: 254, 172: 16, 173: 114, 174: 352, 175: 456, 176: 694, 177: 736, 178: 498, 179: 142, 180: 380, 181: 44, 182: 282, 183: 282, 184: 44, 185: 456, 186: 694, 187: 498, 188: 736, 189: 442, 190: 680, 191: 380, 192: 142, 193: 736, 194: 498, 195: 254, 196: 16, 197: 792, 198: 554, 199: 736, 200: 498}
Correct solution!
Number of lables used:  22
Time taken: 0.16 seconds
Memory used: 33.92 MB
--------------------------------------------------

Trying with at most 21 labels...
Solution:
{1: 470, 2: 708, 3: 652, 4: 414, 5: 100, 6: 338, 7: 268, 8: 30, 9: 652, 10: 414, 11: 142, 12: 380, 13: 30, 14: 268, 15: 652, 16: 414, 17: 380, 18: 142, 19: 296, 20: 58, 21: 100, 22: 338, 23: 58, 24: 296, 25: 540, 26: 778, 27: 778, 28: 540, 29: 58, 30: 296, 31: 708, 32: 470, 33: 100, 34: 338, 35: 58, 36: 296, 37: 156, 38: 394, 39: 394, 40: 156, 41: 156, 42: 394, 43: 470, 44: 708, 45: 268, 46: 30, 47: 778, 48: 540, 49: 414, 50: 652, 51: 540, 52: 778, 53: 58, 54: 296, 55: 142, 56: 380, 57: 296, 58: 58, 59: 30, 60: 268, 61: 268, 62: 30, 63: 652, 64: 414, 65: 722, 66: 484, 67: 142, 68: 380, 69: 100, 70: 338, 71: 722, 72: 484, 73: 778, 74: 540, 75: 156, 76: 394, 77: 380, 78: 142, 79: 30, 80: 268, 81: 652, 82: 414, 83: 380, 84: 142, 85: 338, 86: 100, 87: 778, 88: 540, 89: 652, 90: 414, 91: 296, 92: 58, 93: 30, 94: 268, 95: 338, 96: 100, 97: 478, 98: 240, 99: 478, 100: 240, 101: 414, 102: 652, 103: 100, 104: 338, 105: 296, 106: 58, 107: 652, 108: 414, 109: 338, 110: 100, 111: 30, 112: 268, 113: 708, 114: 470, 115: 58, 116: 296, 117: 484, 118: 722, 119: 30, 120: 268, 121: 380, 122: 142, 123: 652, 124: 414, 125: 778, 126: 540, 127: 778, 128: 540, 129: 338, 130: 100, 131: 380, 132: 142, 133: 100, 134: 338, 135: 268, 136: 30, 137: 296, 138: 58, 139: 100, 140: 338, 141: 30, 142: 268, 143: 58, 144: 296, 145: 30, 146: 268, 147: 58, 148: 296, 149: 394, 150: 156, 151: 722, 152: 484, 153: 708, 154: 470, 155: 778, 156: 540, 157: 778, 158: 540, 159: 58, 160: 296, 161: 470, 162: 708, 163: 268, 164: 30, 165: 142, 166: 380, 167: 722, 168: 484, 169: 540, 170: 778, 171: 470, 172: 708, 173: 540, 174: 778, 175: 394, 176: 156, 177: 156, 178: 394, 179: 240, 180: 478, 181: 652, 182: 414, 183: 100, 184: 338, 185: 484, 186: 722, 187: 30, 188: 268, 189: 484, 190: 722, 191: 778, 192: 540, 193: 156, 194: 394, 195: 652, 196: 414, 197: 778, 198: 540, 199: 722, 200: 484}
Correct solution!
Number of lables used:  20
Time taken: 0.17 seconds
Memory used: 33.92 MB
--------------------------------------------------

Trying with at most 19 labels...
Solution:
{1: 778, 2: 540, 3: 58, 4: 296, 5: 750, 6: 512, 7: 554, 8: 792, 9: 142, 10: 380, 11: 380, 12: 142, 13: 58, 14: 296, 15: 58, 16: 296, 17: 142, 18: 380, 19: 296, 20: 58, 21: 750, 22: 512, 23: 554, 24: 792, 25: 352, 26: 114, 27: 72, 28: 310, 29: 114, 30: 352, 31: 666, 32: 428, 33: 380, 34: 142, 35: 114, 36: 352, 37: 666, 38: 428, 39: 792, 40: 554, 41: 72, 42: 310, 43: 310, 44: 72, 45: 666, 46: 428, 47: 58, 48: 296, 49: 352, 50: 114, 51: 512, 52: 750, 53: 666, 54: 428, 55: 142, 56: 380, 57: 554, 58: 792, 59: 666, 60: 428, 61: 296, 62: 58, 63: 512, 64: 750, 65: 114, 66: 352, 67: 792, 68: 554, 69: 58, 70: 296, 71: 58, 72: 296, 73: 666, 74: 428, 75: 554, 76: 792, 77: 114, 78: 352, 79: 142, 80: 380, 81: 114, 82: 352, 83: 310, 84: 72, 85: 380, 86: 142, 87: 352, 88: 114, 89: 750, 90: 512, 91: 72, 92: 310, 93: 58, 94: 296, 95: 750, 96: 512, 97: 142, 98: 380, 99: 478, 100: 240, 101: 778, 102: 540, 103: 512, 104: 750, 105: 352, 106: 114, 107: 554, 108: 792, 109: 512, 110: 750, 111: 58, 112: 296, 113: 114, 114: 352, 115: 792, 116: 554, 117: 540, 118: 778, 119: 666, 120: 428, 121: 380, 122: 142, 123: 666, 124: 428, 125: 428, 126: 666, 127: 750, 128: 512, 129: 114, 130: 352, 131: 240, 132: 478, 133: 666, 134: 428, 135: 666, 136: 428, 137: 296, 138: 58, 139: 750, 140: 512, 141: 114, 142: 352, 143: 778, 144: 540, 145: 778, 146: 540, 147: 114, 148: 352, 149: 142, 150: 380, 151: 792, 152: 554, 153: 142, 154: 380, 155: 666, 156: 428, 157: 58, 158: 296, 159: 58, 160: 296, 161: 778, 162: 540, 163: 778, 164: 540, 165: 310, 166: 72, 167: 666, 168: 428, 169: 778, 170: 540, 171: 296, 172: 58, 173: 58, 174: 296, 175: 380, 176: 142, 177: 296, 178: 58, 179: 478, 180: 240, 181: 114, 182: 352, 183: 114, 184: 352, 185: 666, 186: 428, 187: 58, 188: 296, 189: 512, 190: 750, 191: 72, 192: 310, 193: 666, 194: 428, 195: 512, 196: 750, 197: 114, 198: 352, 199: 142, 200: 380}
Correct solution!
Number of lables used:  18
Time taken: 0.21 seconds
Memory used: 37.02 MB
--------------------------------------------------

Trying with at most 17 labels...
Solution:
{1: 380, 2: 142, 3: 58, 4: 296, 5: 750, 6: 512, 7: 296, 8: 58, 9: 142, 10: 380, 11: 380, 12: 142, 13: 58, 14: 296, 15: 296, 16: 58, 17: 142, 18: 380, 19: 512, 20: 750, 21: 750, 22: 512, 23: 554, 24: 792, 25: 352, 26: 114, 27: 72, 28: 310, 29: 114, 30: 352, 31: 666, 32: 428, 33: 380, 34: 142, 35: 114, 36: 352, 37: 792, 38: 554, 39: 750, 40: 512, 41: 72, 42: 310, 43: 310, 44: 72, 45: 666, 46: 428, 47: 58, 48: 296, 49: 554, 50: 792, 51: 512, 52: 750, 53: 666, 54: 428, 55: 512, 56: 750, 57: 380, 58: 142, 59: 666, 60: 428, 61: 296, 62: 58, 63: 512, 64: 750, 65: 114, 66: 352, 67: 792, 68: 554, 69: 58, 70: 296, 71: 58, 72: 296, 73: 666, 74: 428, 75: 554, 76: 792, 77: 352, 78: 114, 79: 142, 80: 380, 81: 114, 82: 352, 83: 310, 84: 72, 85: 380, 86: 142, 87: 352, 88: 114, 89: 428, 90: 666, 91: 72, 92: 310, 93: 296, 94: 58, 95: 750, 96: 512, 97: 142, 98: 380, 99: 478, 100: 240, 101: 792, 102: 554, 103: 512, 104: 750, 105: 352, 106: 114, 107: 554, 108: 792, 109: 512, 110: 750, 111: 58, 112: 296, 113: 114, 114: 352, 115: 792, 116: 554, 117: 512, 118: 750, 119: 666, 120: 428, 121: 380, 122: 142, 123: 428, 124: 666, 125: 428, 126: 666, 127: 750, 128: 512, 129: 114, 130: 352, 131: 240, 132: 478, 133: 666, 134: 428, 135: 666, 136: 428, 137: 296, 138: 58, 139: 750, 140: 512, 141: 114, 142: 352, 143: 428, 144: 666, 145: 792, 146: 554, 147: 114, 148: 352, 149: 142, 150: 380, 151: 792, 152: 554, 153: 142, 154: 380, 155: 666, 156: 428, 157: 58, 158: 296, 159: 58, 160: 296, 161: 792, 162: 554, 163: 792, 164: 554, 165: 310, 166: 72, 167: 380, 168: 142, 169: 792, 170: 554, 171: 554, 172: 792, 173: 58, 174: 296, 175: 310, 176: 72, 177: 72, 178: 310, 179: 478, 180: 240, 181: 114, 182: 352, 183: 114, 184: 352, 185: 666, 186: 428, 187: 58, 188: 296, 189: 428, 190: 666, 191: 750, 192: 512, 193: 666, 194: 428, 195: 512, 196: 750, 197: 114, 198: 352, 199: 142, 200: 380}
Correct solution!
Number of lables used:  16
Time taken: 0.21 seconds
Memory used: 37.02 MB
--------------------------------------------------

Trying with at most 15 labels...
Solution:
{1: 512, 2: 750, 3: 58, 4: 296, 5: 58, 6: 296, 7: 296, 8: 58, 9: 142, 10: 380, 11: 380, 12: 142, 13: 58, 14: 296, 15: 58, 16: 296, 17: 142, 18: 380, 19: 296, 20: 58, 21: 750, 22: 512, 23: 296, 24: 58, 25: 380, 26: 142, 27: 666, 28: 428, 29: 114, 30: 352, 31: 666, 32: 428, 33: 352, 34: 114, 35: 114, 36: 352, 37: 750, 38: 512, 39: 750, 40: 512, 41: 114, 42: 352, 43: 352, 44: 114, 45: 666, 46: 428, 47: 58, 48: 296, 49: 554, 50: 792, 51: 512, 52: 750, 53: 666, 54: 428, 55: 512, 56: 750, 57: 380, 58: 142, 59: 666, 60: 428, 61: 296, 62: 58, 63: 512, 64: 750, 65: 554, 66: 792, 67: 792, 68: 554, 69: 58, 70: 296, 71: 58, 72: 296, 73: 666, 74: 428, 75: 554, 76: 792, 77: 114, 78: 352, 79: 142, 80: 380, 81: 114, 82: 352, 83: 296, 84: 58, 85: 380, 86: 142, 87: 666, 88: 428, 89: 554, 90: 792, 91: 352, 92: 114, 93: 296, 94: 58, 95: 750, 96: 512, 97: 478, 98: 240, 99: 478, 100: 240, 101: 792, 102: 554, 103: 512, 104: 750, 105: 352, 106: 114, 107: 554, 108: 792, 109: 296, 110: 58, 111: 352, 112: 114, 113: 114, 114: 352, 115: 792, 116: 554, 117: 512, 118: 750, 119: 666, 120: 428, 121: 380, 122: 142, 123: 428, 124: 666, 125: 428, 126: 666, 127: 750, 128: 512, 129: 114, 130: 352, 131: 478, 132: 240, 133: 666, 134: 428, 135: 666, 136: 428, 137: 296, 138: 58, 139: 792, 140: 554, 141: 428, 142: 666, 143: 428, 144: 666, 145: 792, 146: 554, 147: 142, 148: 380, 149: 58, 150: 296, 151: 792, 152: 554, 153: 142, 154: 380, 155: 296, 156: 58, 157: 512, 158: 750, 159: 380, 160: 142, 161: 792, 162: 554, 163: 792, 164: 554, 165: 114, 166: 352, 167: 380, 168: 142, 169: 792, 170: 554, 171: 554, 172: 792, 173: 58, 174: 296, 175: 352, 176: 114, 177: 58, 178: 296, 179: 478, 180: 240, 181: 114, 182: 352, 183: 142, 184: 380, 185: 666, 186: 428, 187: 296, 188: 58, 189: 428, 190: 666, 191: 750, 192: 512, 193: 666, 194: 428, 195: 512, 196: 750, 197: 114, 198: 352, 199: 142, 200: 380}
Correct solution!
Number of lables used:  14
Time taken: 0.22 seconds
Memory used: 37.02 MB
--------------------------------------------------

Trying with at most 13 labels...
Cannot find solution.
No more solutions found.
Optimal number of labels used:  14
Time taken: 1.51 seconds
Memory used: 42.14 MB
[runlim] end:			Sat Jun 20 00:35:30 2026
[runlim] status:		ok
[runlim] result:		0
[runlim] children:		1
[runlim] processes:		2
[runlim] real:			1.56 seconds
[runlim] time:			1.50 seconds
[runlim] space:			42 MB
[runlim] load:			1.02 maximum
[runlim] samples:		16
