[runlim] version:		2.0.0rc12
[runlim] host:			ap-Precision-7550
[runlim] time limit:		311040000 seconds
[runlim] real time limit:	600 seconds
[runlim] space limit:		14000 MB
[runlim] argv[0]:		python3
[runlim] argv[1]:		-u
[runlim] argv[2]:		main_no_preprocessing.py
[runlim] argv[3]:		TUD200.1
[runlim] argv[4]:		tot
[runlim] argv[5]:		assumptions
[runlim] argv[6]:		cadical195
[runlim] start:			Tue Mar 24 17:13:39 2026
[runlim] child:			48072
Solve first problem:
Solution:
{1: 338, 2: 100, 3: 86, 4: 324, 5: 366, 6: 128, 7: 694, 8: 456, 9: 128, 10: 366, 11: 44, 12: 282, 13: 792, 14: 554, 15: 414, 16: 652, 17: 156, 18: 394, 19: 498, 20: 736, 21: 470, 22: 708, 23: 792, 24: 554, 25: 484, 26: 722, 27: 128, 28: 366, 29: 128, 30: 366, 31: 156, 32: 394, 33: 554, 34: 792, 35: 456, 36: 694, 37: 128, 38: 366, 39: 268, 40: 30, 41: 428, 42: 666, 43: 142, 44: 380, 45: 254, 46: 16, 47: 792, 48: 554, 49: 470, 50: 708, 51: 58, 52: 296, 53: 156, 54: 394, 55: 86, 56: 324, 57: 72, 58: 310, 59: 540, 60: 778, 61: 512, 62: 750, 63: 414, 64: 652, 65: 554, 66: 792, 67: 414, 68: 652, 69: 680, 70: 442, 71: 268, 72: 30, 73: 456, 74: 694, 75: 512, 76: 750, 77: 540, 78: 778, 79: 792, 80: 554, 81: 554, 82: 792, 83: 428, 84: 666, 85: 736, 86: 498, 87: 778, 88: 540, 89: 30, 90: 268, 91: 778, 92: 540, 93: 16, 94: 254, 95: 352, 96: 114, 97: 540, 98: 778, 99: 156, 100: 394, 101: 380, 102: 142, 103: 540, 104: 778, 105: 114, 106: 352, 107: 380, 108: 142, 109: 694, 110: 456, 111: 722, 112: 484, 113: 414, 114: 652, 115: 470, 116: 708, 117: 526, 118: 764, 119: 100, 120: 338, 121: 456, 122: 694, 123: 156, 124: 394, 125: 310, 126: 72, 127: 72, 128: 310, 129: 170, 130: 408, 131: 380, 132: 142, 133: 554, 134: 792, 135: 526, 136: 764, 137: 456, 138: 694, 139: 442, 140: 680, 141: 380, 142: 142, 143: 540, 144: 778, 145: 554, 146: 792, 147: 254, 148: 16, 149: 554, 150: 792, 151: 86, 152: 324, 153: 498, 154: 736, 155: 554, 156: 792, 157: 554, 158: 792, 159: 498, 160: 736, 161: 554, 162: 792, 163: 526, 164: 764, 165: 100, 166: 338, 167: 526, 168: 764, 169: 554, 170: 792, 171: 498, 172: 736, 173: 540, 174: 778, 175: 526, 176: 764, 177: 666, 178: 428, 179: 498, 180: 736, 181: 554, 182: 792, 183: 526, 184: 764, 185: 156, 186: 394, 187: 156, 188: 394, 189: 484, 190: 722, 191: 428, 192: 666, 193: 484, 194: 722, 195: 554, 196: 792, 197: 484, 198: 722, 199: 540, 200: 778}
Number of lables used:  46
Time taken: 0.13 seconds
Memory used: 32.12 MB
--------------------------------------------------

Trying with at most 45 labels...
Solution:
{1: 338, 2: 100, 3: 652, 4: 414, 5: 366, 6: 128, 7: 694, 8: 456, 9: 268, 10: 30, 11: 44, 12: 282, 13: 792, 14: 554, 15: 414, 16: 652, 17: 156, 18: 394, 19: 484, 20: 722, 21: 470, 22: 708, 23: 792, 24: 554, 25: 484, 26: 722, 27: 128, 28: 366, 29: 128, 30: 366, 31: 156, 32: 394, 33: 554, 34: 792, 35: 456, 36: 694, 37: 128, 38: 366, 39: 156, 40: 394, 41: 282, 42: 44, 43: 142, 44: 380, 45: 254, 46: 16, 47: 792, 48: 554, 49: 470, 50: 708, 51: 58, 52: 296, 53: 156, 54: 394, 55: 86, 56: 324, 57: 72, 58: 310, 59: 540, 60: 778, 61: 72, 62: 310, 63: 16, 64: 254, 65: 554, 66: 792, 67: 414, 68: 652, 69: 666, 70: 428, 71: 268, 72: 30, 73: 456, 74: 694, 75: 456, 76: 694, 77: 540, 78: 778, 79: 792, 80: 554, 81: 554, 82: 792, 83: 428, 84: 666, 85: 708, 86: 470, 87: 778, 88: 540, 89: 666, 90: 428, 91: 100, 92: 338, 93: 16, 94: 254, 95: 254, 96: 16, 97: 540, 98: 778, 99: 380, 100: 142, 101: 380, 102: 142, 103: 540, 104: 778, 105: 114, 106: 352, 107: 366, 108: 128, 109: 694, 110: 456, 111: 722, 112: 484, 113: 414, 114: 652, 115: 470, 116: 708, 117: 86, 118: 324, 119: 100, 120: 338, 121: 142, 122: 380, 123: 156, 124: 394, 125: 310, 126: 72, 127: 72, 128: 310, 129: 170, 130: 408, 131: 380, 132: 142, 133: 554, 134: 792, 135: 484, 136: 722, 137: 456, 138: 694, 139: 58, 140: 296, 141: 380, 142: 142, 143: 540, 144: 778, 145: 792, 146: 554, 147: 792, 148: 554, 149: 394, 150: 156, 151: 694, 152: 456, 153: 380, 154: 142, 155: 554, 156: 792, 157: 554, 158: 792, 159: 722, 160: 484, 161: 554, 162: 792, 163: 484, 164: 722, 165: 44, 166: 282, 167: 100, 168: 338, 169: 554, 170: 792, 171: 484, 172: 722, 173: 540, 174: 778, 175: 442, 176: 680, 177: 114, 178: 352, 179: 554, 180: 792, 181: 554, 182: 792, 183: 484, 184: 722, 185: 156, 186: 394, 187: 142, 188: 380, 189: 484, 190: 722, 191: 428, 192: 666, 193: 484, 194: 722, 195: 554, 196: 792, 197: 456, 198: 694, 199: 30, 200: 268}
Number of lables used:  40
Time taken: 0.14 seconds
Memory used: 33.26 MB
--------------------------------------------------

Trying with at most 39 labels...
Solution:
{1: 338, 2: 100, 3: 652, 4: 414, 5: 366, 6: 128, 7: 694, 8: 456, 9: 268, 10: 30, 11: 44, 12: 282, 13: 792, 14: 554, 15: 414, 16: 652, 17: 156, 18: 394, 19: 484, 20: 722, 21: 470, 22: 708, 23: 792, 24: 554, 25: 484, 26: 722, 27: 128, 28: 366, 29: 128, 30: 366, 31: 156, 32: 394, 33: 554, 34: 792, 35: 456, 36: 694, 37: 128, 38: 366, 39: 156, 40: 394, 41: 282, 42: 44, 43: 142, 44: 380, 45: 254, 46: 16, 47: 792, 48: 554, 49: 470, 50: 708, 51: 58, 52: 296, 53: 58, 54: 296, 55: 86, 56: 324, 57: 72, 58: 310, 59: 540, 60: 778, 61: 72, 62: 310, 63: 16, 64: 254, 65: 554, 66: 792, 67: 414, 68: 652, 69: 666, 70: 428, 71: 268, 72: 30, 73: 456, 74: 694, 75: 456, 76: 694, 77: 540, 78: 778, 79: 792, 80: 554, 81: 554, 82: 792, 83: 428, 84: 666, 85: 708, 86: 470, 87: 778, 88: 540, 89: 666, 90: 428, 91: 100, 92: 338, 93: 16, 94: 254, 95: 254, 96: 16, 97: 540, 98: 778, 99: 380, 100: 142, 101: 380, 102: 142, 103: 540, 104: 778, 105: 100, 106: 338, 107: 366, 108: 128, 109: 694, 110: 456, 111: 722, 112: 484, 113: 414, 114: 652, 115: 470, 116: 708, 117: 86, 118: 324, 119: 100, 120: 338, 121: 142, 122: 380, 123: 156, 124: 394, 125: 310, 126: 72, 127: 72, 128: 310, 129: 170, 130: 408, 131: 380, 132: 142, 133: 554, 134: 792, 135: 484, 136: 722, 137: 456, 138: 694, 139: 58, 140: 296, 141: 380, 142: 142, 143: 540, 144: 778, 145: 792, 146: 554, 147: 792, 148: 554, 149: 394, 150: 156, 151: 694, 152: 456, 153: 380, 154: 142, 155: 554, 156: 792, 157: 554, 158: 792, 159: 722, 160: 484, 161: 554, 162: 792, 163: 484, 164: 722, 165: 44, 166: 282, 167: 100, 168: 338, 169: 554, 170: 792, 171: 484, 172: 722, 173: 540, 174: 778, 175: 442, 176: 680, 177: 484, 178: 722, 179: 554, 180: 792, 181: 554, 182: 792, 183: 652, 184: 414, 185: 156, 186: 394, 187: 142, 188: 380, 189: 484, 190: 722, 191: 428, 192: 666, 193: 484, 194: 722, 195: 554, 196: 792, 197: 456, 198: 694, 199: 30, 200: 268}
Number of lables used:  38
Time taken: 0.15 seconds
Memory used: 33.26 MB
--------------------------------------------------

Trying with at most 37 labels...
Solution:
{1: 338, 2: 100, 3: 652, 4: 414, 5: 366, 6: 128, 7: 694, 8: 456, 9: 268, 10: 30, 11: 44, 12: 282, 13: 792, 14: 554, 15: 414, 16: 652, 17: 156, 18: 394, 19: 484, 20: 722, 21: 470, 22: 708, 23: 792, 24: 554, 25: 484, 26: 722, 27: 128, 28: 366, 29: 128, 30: 366, 31: 156, 32: 394, 33: 554, 34: 792, 35: 456, 36: 694, 37: 128, 38: 366, 39: 156, 40: 394, 41: 282, 42: 44, 43: 142, 44: 380, 45: 254, 46: 16, 47: 792, 48: 554, 49: 470, 50: 708, 51: 58, 52: 296, 53: 58, 54: 296, 55: 86, 56: 324, 57: 72, 58: 310, 59: 540, 60: 778, 61: 72, 62: 310, 63: 16, 64: 254, 65: 554, 66: 792, 67: 414, 68: 652, 69: 666, 70: 428, 71: 268, 72: 30, 73: 456, 74: 694, 75: 456, 76: 694, 77: 540, 78: 778, 79: 792, 80: 554, 81: 554, 82: 792, 83: 428, 84: 666, 85: 708, 86: 470, 87: 778, 88: 540, 89: 666, 90: 428, 91: 100, 92: 338, 93: 16, 94: 254, 95: 254, 96: 16, 97: 540, 98: 778, 99: 380, 100: 142, 101: 380, 102: 142, 103: 540, 104: 778, 105: 100, 106: 338, 107: 366, 108: 128, 109: 694, 110: 456, 111: 652, 112: 414, 113: 414, 114: 652, 115: 470, 116: 708, 117: 86, 118: 324, 119: 100, 120: 338, 121: 142, 122: 380, 123: 156, 124: 394, 125: 310, 126: 72, 127: 72, 128: 310, 129: 170, 130: 408, 131: 380, 132: 142, 133: 554, 134: 792, 135: 484, 136: 722, 137: 456, 138: 694, 139: 58, 140: 296, 141: 380, 142: 142, 143: 540, 144: 778, 145: 792, 146: 554, 147: 792, 148: 554, 149: 394, 150: 156, 151: 694, 152: 456, 153: 380, 154: 142, 155: 554, 156: 792, 157: 554, 158: 792, 159: 722, 160: 484, 161: 554, 162: 792, 163: 484, 164: 722, 165: 44, 166: 282, 167: 100, 168: 338, 169: 554, 170: 792, 171: 484, 172: 722, 173: 540, 174: 778, 175: 722, 176: 484, 177: 484, 178: 722, 179: 554, 180: 792, 181: 554, 182: 792, 183: 652, 184: 414, 185: 156, 186: 394, 187: 142, 188: 380, 189: 484, 190: 722, 191: 428, 192: 666, 193: 484, 194: 722, 195: 554, 196: 792, 197: 456, 198: 694, 199: 30, 200: 268}
Number of lables used:  36
Time taken: 0.15 seconds
Memory used: 33.26 MB
--------------------------------------------------

Trying with at most 35 labels...
Solution:
{1: 652, 2: 414, 3: 652, 4: 414, 5: 366, 6: 128, 7: 666, 8: 428, 9: 324, 10: 86, 11: 44, 12: 282, 13: 142, 14: 380, 15: 156, 16: 394, 17: 156, 18: 394, 19: 484, 20: 722, 21: 414, 22: 652, 23: 722, 24: 484, 25: 484, 26: 722, 27: 128, 28: 366, 29: 128, 30: 366, 31: 156, 32: 394, 33: 554, 34: 792, 35: 792, 36: 554, 37: 128, 38: 366, 39: 156, 40: 394, 41: 282, 42: 44, 43: 142, 44: 380, 45: 254, 46: 16, 47: 792, 48: 554, 49: 722, 50: 484, 51: 58, 52: 296, 53: 58, 54: 296, 55: 86, 56: 324, 57: 72, 58: 310, 59: 484, 60: 722, 61: 72, 62: 310, 63: 58, 64: 296, 65: 554, 66: 792, 67: 666, 68: 428, 69: 666, 70: 428, 71: 16, 72: 254, 73: 778, 74: 540, 75: 428, 76: 666, 77: 540, 78: 778, 79: 778, 80: 540, 81: 554, 82: 792, 83: 428, 84: 666, 85: 666, 86: 428, 87: 30, 88: 268, 89: 666, 90: 428, 91: 100, 92: 338, 93: 792, 94: 554, 95: 254, 96: 16, 97: 484, 98: 722, 99: 380, 100: 142, 101: 380, 102: 142, 103: 540, 104: 778, 105: 100, 106: 338, 107: 366, 108: 128, 109: 722, 110: 484, 111: 652, 112: 414, 113: 414, 114: 652, 115: 484, 116: 722, 117: 86, 118: 324, 119: 72, 120: 310, 121: 142, 122: 380, 123: 156, 124: 394, 125: 310, 126: 72, 127: 72, 128: 310, 129: 170, 130: 408, 131: 540, 132: 778, 133: 324, 134: 86, 135: 100, 136: 338, 137: 428, 138: 666, 139: 58, 140: 296, 141: 380, 142: 142, 143: 540, 144: 778, 145: 792, 146: 554, 147: 554, 148: 792, 149: 394, 150: 156, 151: 722, 152: 484, 153: 380, 154: 142, 155: 554, 156: 792, 157: 554, 158: 792, 159: 30, 160: 268, 161: 778, 162: 540, 163: 484, 164: 722, 165: 44, 166: 282, 167: 792, 168: 554, 169: 554, 170: 792, 171: 484, 172: 722, 173: 540, 174: 778, 175: 338, 176: 100, 177: 484, 178: 722, 179: 554, 180: 792, 181: 554, 182: 792, 183: 652, 184: 414, 185: 128, 186: 366, 187: 16, 188: 254, 189: 484, 190: 722, 191: 428, 192: 666, 193: 484, 194: 722, 195: 484, 196: 722, 197: 254, 198: 16, 199: 338, 200: 100}
Number of lables used:  32
Time taken: 0.15 seconds
Memory used: 33.26 MB
--------------------------------------------------

Trying with at most 31 labels...
Solution:
{1: 652, 2: 414, 3: 652, 4: 414, 5: 366, 6: 128, 7: 666, 8: 428, 9: 324, 10: 86, 11: 30, 12: 268, 13: 142, 14: 380, 15: 156, 16: 394, 17: 156, 18: 394, 19: 484, 20: 722, 21: 414, 22: 652, 23: 722, 24: 484, 25: 484, 26: 722, 27: 128, 28: 366, 29: 128, 30: 366, 31: 156, 32: 394, 33: 554, 34: 792, 35: 792, 36: 554, 37: 128, 38: 366, 39: 156, 40: 394, 41: 268, 42: 30, 43: 142, 44: 380, 45: 254, 46: 16, 47: 792, 48: 554, 49: 722, 50: 484, 51: 58, 52: 296, 53: 58, 54: 296, 55: 86, 56: 324, 57: 72, 58: 310, 59: 484, 60: 722, 61: 72, 62: 310, 63: 58, 64: 296, 65: 554, 66: 792, 67: 666, 68: 428, 69: 666, 70: 428, 71: 16, 72: 254, 73: 778, 74: 540, 75: 428, 76: 666, 77: 540, 78: 778, 79: 778, 80: 540, 81: 554, 82: 792, 83: 428, 84: 666, 85: 666, 86: 428, 87: 30, 88: 268, 89: 666, 90: 428, 91: 100, 92: 338, 93: 792, 94: 554, 95: 254, 96: 16, 97: 484, 98: 722, 99: 380, 100: 142, 101: 380, 102: 142, 103: 540, 104: 778, 105: 100, 106: 338, 107: 366, 108: 128, 109: 722, 110: 484, 111: 652, 112: 414, 113: 414, 114: 652, 115: 484, 116: 722, 117: 86, 118: 324, 119: 72, 120: 310, 121: 142, 122: 380, 123: 156, 124: 394, 125: 310, 126: 72, 127: 72, 128: 310, 129: 170, 130: 408, 131: 540, 132: 778, 133: 324, 134: 86, 135: 100, 136: 338, 137: 428, 138: 666, 139: 58, 140: 296, 141: 380, 142: 142, 143: 540, 144: 778, 145: 792, 146: 554, 147: 554, 148: 792, 149: 394, 150: 156, 151: 722, 152: 484, 153: 380, 154: 142, 155: 554, 156: 792, 157: 554, 158: 792, 159: 30, 160: 268, 161: 778, 162: 540, 163: 484, 164: 722, 165: 30, 166: 268, 167: 792, 168: 554, 169: 554, 170: 792, 171: 484, 172: 722, 173: 540, 174: 778, 175: 338, 176: 100, 177: 484, 178: 722, 179: 554, 180: 792, 181: 554, 182: 792, 183: 652, 184: 414, 185: 128, 186: 366, 187: 16, 188: 254, 189: 484, 190: 722, 191: 428, 192: 666, 193: 484, 194: 722, 195: 484, 196: 722, 197: 254, 198: 16, 199: 338, 200: 100}
Number of lables used:  30
Time taken: 0.16 seconds
Memory used: 33.26 MB
--------------------------------------------------

Trying with at most 29 labels...
Solution:
{1: 652, 2: 414, 3: 652, 4: 414, 5: 366, 6: 128, 7: 666, 8: 428, 9: 324, 10: 86, 11: 30, 12: 268, 13: 142, 14: 380, 15: 156, 16: 394, 17: 156, 18: 394, 19: 484, 20: 722, 21: 414, 22: 652, 23: 722, 24: 484, 25: 484, 26: 722, 27: 128, 28: 366, 29: 100, 30: 338, 31: 156, 32: 394, 33: 554, 34: 792, 35: 792, 36: 554, 37: 128, 38: 366, 39: 156, 40: 394, 41: 268, 42: 30, 43: 142, 44: 380, 45: 540, 46: 778, 47: 792, 48: 554, 49: 722, 50: 484, 51: 58, 52: 296, 53: 58, 54: 296, 55: 86, 56: 324, 57: 72, 58: 310, 59: 484, 60: 722, 61: 72, 62: 310, 63: 58, 64: 296, 65: 554, 66: 792, 67: 666, 68: 428, 69: 666, 70: 428, 71: 16, 72: 254, 73: 778, 74: 540, 75: 428, 76: 666, 77: 540, 78: 778, 79: 778, 80: 540, 81: 554, 82: 792, 83: 428, 84: 666, 85: 666, 86: 428, 87: 30, 88: 268, 89: 666, 90: 428, 91: 72, 92: 310, 93: 792, 94: 554, 95: 254, 96: 16, 97: 484, 98: 722, 99: 338, 100: 100, 101: 380, 102: 142, 103: 540, 104: 778, 105: 100, 106: 338, 107: 366, 108: 128, 109: 722, 110: 484, 111: 652, 112: 414, 113: 414, 114: 652, 115: 484, 116: 722, 117: 86, 118: 324, 119: 72, 120: 310, 121: 142, 122: 380, 123: 156, 124: 394, 125: 310, 126: 72, 127: 72, 128: 310, 129: 142, 130: 380, 131: 540, 132: 778, 133: 324, 134: 86, 135: 100, 136: 338, 137: 428, 138: 666, 139: 58, 140: 296, 141: 380, 142: 142, 143: 540, 144: 778, 145: 792, 146: 554, 147: 554, 148: 792, 149: 394, 150: 156, 151: 722, 152: 484, 153: 380, 154: 142, 155: 554, 156: 792, 157: 554, 158: 792, 159: 30, 160: 268, 161: 778, 162: 540, 163: 484, 164: 722, 165: 30, 166: 268, 167: 792, 168: 554, 169: 554, 170: 792, 171: 484, 172: 722, 173: 540, 174: 778, 175: 338, 176: 100, 177: 484, 178: 722, 179: 554, 180: 792, 181: 554, 182: 792, 183: 652, 184: 414, 185: 128, 186: 366, 187: 16, 188: 254, 189: 484, 190: 722, 191: 428, 192: 666, 193: 484, 194: 722, 195: 484, 196: 722, 197: 254, 198: 16, 199: 338, 200: 100}
Number of lables used:  28
Time taken: 0.16 seconds
Memory used: 33.26 MB
--------------------------------------------------

Trying with at most 27 labels...
Solution:
{1: 652, 2: 414, 3: 652, 4: 414, 5: 338, 6: 100, 7: 666, 8: 428, 9: 310, 10: 72, 11: 30, 12: 268, 13: 142, 14: 380, 15: 156, 16: 394, 17: 156, 18: 394, 19: 484, 20: 722, 21: 414, 22: 652, 23: 722, 24: 484, 25: 484, 26: 722, 27: 100, 28: 338, 29: 100, 30: 338, 31: 156, 32: 394, 33: 554, 34: 792, 35: 792, 36: 554, 37: 30, 38: 268, 39: 156, 40: 394, 41: 268, 42: 30, 43: 142, 44: 380, 45: 540, 46: 778, 47: 792, 48: 554, 49: 722, 50: 484, 51: 58, 52: 296, 53: 58, 54: 296, 55: 86, 56: 324, 57: 72, 58: 310, 59: 484, 60: 722, 61: 86, 62: 324, 63: 58, 64: 296, 65: 554, 66: 792, 67: 666, 68: 428, 69: 652, 70: 414, 71: 30, 72: 268, 73: 778, 74: 540, 75: 792, 76: 554, 77: 540, 78: 778, 79: 778, 80: 540, 81: 540, 82: 778, 83: 428, 84: 666, 85: 666, 86: 428, 87: 484, 88: 722, 89: 666, 90: 428, 91: 72, 92: 310, 93: 792, 94: 554, 95: 428, 96: 666, 97: 484, 98: 722, 99: 338, 100: 100, 101: 380, 102: 142, 103: 540, 104: 778, 105: 100, 106: 338, 107: 338, 108: 100, 109: 722, 110: 484, 111: 652, 112: 414, 113: 414, 114: 652, 115: 484, 116: 722, 117: 86, 118: 324, 119: 86, 120: 324, 121: 142, 122: 380, 123: 156, 124: 394, 125: 310, 126: 72, 127: 72, 128: 310, 129: 142, 130: 380, 131: 540, 132: 778, 133: 324, 134: 86, 135: 100, 136: 338, 137: 142, 138: 380, 139: 30, 140: 268, 141: 380, 142: 142, 143: 540, 144: 778, 145: 778, 146: 540, 147: 554, 148: 792, 149: 394, 150: 156, 151: 722, 152: 484, 153: 380, 154: 142, 155: 554, 156: 792, 157: 554, 158: 792, 159: 30, 160: 268, 161: 778, 162: 540, 163: 484, 164: 722, 165: 30, 166: 268, 167: 792, 168: 554, 169: 554, 170: 792, 171: 484, 172: 722, 173: 540, 174: 778, 175: 338, 176: 100, 177: 484, 178: 722, 179: 554, 180: 792, 181: 428, 182: 666, 183: 652, 184: 414, 185: 366, 186: 128, 187: 324, 188: 86, 189: 722, 190: 484, 191: 428, 192: 666, 193: 484, 194: 722, 195: 484, 196: 722, 197: 268, 198: 30, 199: 142, 200: 380}
Number of lables used:  26
Time taken: 0.16 seconds
Memory used: 33.26 MB
--------------------------------------------------

Trying with at most 25 labels...
Solution:
{1: 652, 2: 414, 3: 652, 4: 414, 5: 268, 6: 30, 7: 666, 8: 428, 9: 310, 10: 72, 11: 554, 12: 792, 13: 142, 14: 380, 15: 156, 16: 394, 17: 156, 18: 394, 19: 484, 20: 722, 21: 414, 22: 652, 23: 722, 24: 484, 25: 484, 26: 722, 27: 100, 28: 338, 29: 100, 30: 338, 31: 156, 32: 394, 33: 554, 34: 792, 35: 792, 36: 554, 37: 30, 38: 268, 39: 156, 40: 394, 41: 268, 42: 30, 43: 142, 44: 380, 45: 540, 46: 778, 47: 792, 48: 554, 49: 722, 50: 484, 51: 128, 52: 366, 53: 30, 54: 268, 55: 86, 56: 324, 57: 72, 58: 310, 59: 484, 60: 722, 61: 86, 62: 324, 63: 30, 64: 268, 65: 554, 66: 792, 67: 666, 68: 428, 69: 652, 70: 414, 71: 30, 72: 268, 73: 778, 74: 540, 75: 792, 76: 554, 77: 100, 78: 338, 79: 778, 80: 540, 81: 540, 82: 778, 83: 428, 84: 666, 85: 666, 86: 428, 87: 484, 88: 722, 89: 666, 90: 428, 91: 72, 92: 310, 93: 792, 94: 554, 95: 428, 96: 666, 97: 484, 98: 722, 99: 338, 100: 100, 101: 380, 102: 142, 103: 540, 104: 778, 105: 100, 106: 338, 107: 338, 108: 100, 109: 722, 110: 484, 111: 652, 112: 414, 113: 414, 114: 652, 115: 484, 116: 722, 117: 86, 118: 324, 119: 86, 120: 324, 121: 142, 122: 380, 123: 156, 124: 394, 125: 310, 126: 72, 127: 72, 128: 310, 129: 142, 130: 380, 131: 540, 132: 778, 133: 324, 134: 86, 135: 100, 136: 338, 137: 142, 138: 380, 139: 30, 140: 268, 141: 380, 142: 142, 143: 540, 144: 778, 145: 778, 146: 540, 147: 554, 148: 792, 149: 484, 150: 722, 151: 722, 152: 484, 153: 380, 154: 142, 155: 666, 156: 428, 157: 554, 158: 792, 159: 30, 160: 268, 161: 778, 162: 540, 163: 484, 164: 722, 165: 30, 166: 268, 167: 792, 168: 554, 169: 554, 170: 792, 171: 30, 172: 268, 173: 540, 174: 778, 175: 338, 176: 100, 177: 484, 178: 722, 179: 554, 180: 792, 181: 428, 182: 666, 183: 652, 184: 414, 185: 366, 186: 128, 187: 324, 188: 86, 189: 722, 190: 484, 191: 428, 192: 666, 193: 484, 194: 722, 195: 484, 196: 722, 197: 268, 198: 30, 199: 142, 200: 380}
Number of lables used:  24
Time taken: 0.16 seconds
Memory used: 33.26 MB
--------------------------------------------------

Trying with at most 23 labels...
Solution:
{1: 652, 2: 414, 3: 394, 4: 156, 5: 268, 6: 30, 7: 666, 8: 428, 9: 324, 10: 86, 11: 554, 12: 792, 13: 142, 14: 380, 15: 156, 16: 394, 17: 156, 18: 394, 19: 484, 20: 722, 21: 414, 22: 652, 23: 722, 24: 484, 25: 484, 26: 722, 27: 100, 28: 338, 29: 100, 30: 338, 31: 156, 32: 394, 33: 554, 34: 792, 35: 792, 36: 554, 37: 30, 38: 268, 39: 156, 40: 394, 41: 268, 42: 30, 43: 142, 44: 380, 45: 540, 46: 778, 47: 792, 48: 554, 49: 722, 50: 484, 51: 128, 52: 366, 53: 86, 54: 324, 55: 86, 56: 324, 57: 380, 58: 142, 59: 484, 60: 722, 61: 86, 62: 324, 63: 100, 64: 338, 65: 554, 66: 792, 67: 666, 68: 428, 69: 652, 70: 414, 71: 30, 72: 268, 73: 778, 74: 540, 75: 792, 76: 554, 77: 100, 78: 338, 79: 778, 80: 540, 81: 540, 82: 778, 83: 428, 84: 666, 85: 338, 86: 100, 87: 484, 88: 722, 89: 666, 90: 428, 91: 380, 92: 142, 93: 652, 94: 414, 95: 428, 96: 666, 97: 484, 98: 722, 99: 338, 100: 100, 101: 380, 102: 142, 103: 540, 104: 778, 105: 100, 106: 338, 107: 338, 108: 100, 109: 722, 110: 484, 111: 652, 112: 414, 113: 414, 114: 652, 115: 484, 116: 722, 117: 86, 118: 324, 119: 86, 120: 324, 121: 142, 122: 380, 123: 156, 124: 394, 125: 86, 126: 324, 127: 142, 128: 380, 129: 142, 130: 380, 131: 540, 132: 778, 133: 324, 134: 86, 135: 100, 136: 338, 137: 142, 138: 380, 139: 30, 140: 268, 141: 268, 142: 30, 143: 540, 144: 778, 145: 778, 146: 540, 147: 554, 148: 792, 149: 484, 150: 722, 151: 722, 152: 484, 153: 380, 154: 142, 155: 666, 156: 428, 157: 554, 158: 792, 159: 30, 160: 268, 161: 778, 162: 540, 163: 484, 164: 722, 165: 30, 166: 268, 167: 792, 168: 554, 169: 554, 170: 792, 171: 30, 172: 268, 173: 394, 174: 156, 175: 338, 176: 100, 177: 484, 178: 722, 179: 554, 180: 792, 181: 428, 182: 666, 183: 792, 184: 554, 185: 366, 186: 128, 187: 268, 188: 30, 189: 722, 190: 484, 191: 428, 192: 666, 193: 86, 194: 324, 195: 484, 196: 722, 197: 268, 198: 30, 199: 142, 200: 380}
Number of lables used:  22
Time taken: 0.17 seconds
Memory used: 33.27 MB
--------------------------------------------------

Trying with at most 21 labels...
Solution:
{1: 722, 2: 484, 3: 394, 4: 156, 5: 268, 6: 30, 7: 666, 8: 428, 9: 324, 10: 86, 11: 554, 12: 792, 13: 142, 14: 380, 15: 156, 16: 394, 17: 156, 18: 394, 19: 484, 20: 722, 21: 792, 22: 554, 23: 722, 24: 484, 25: 792, 26: 554, 27: 100, 28: 338, 29: 100, 30: 338, 31: 156, 32: 394, 33: 554, 34: 792, 35: 792, 36: 554, 37: 30, 38: 268, 39: 156, 40: 394, 41: 268, 42: 30, 43: 142, 44: 380, 45: 540, 46: 778, 47: 792, 48: 554, 49: 722, 50: 484, 51: 156, 52: 394, 53: 86, 54: 324, 55: 86, 56: 324, 57: 380, 58: 142, 59: 484, 60: 722, 61: 86, 62: 324, 63: 100, 64: 338, 65: 554, 66: 792, 67: 666, 68: 428, 69: 554, 70: 792, 71: 30, 72: 268, 73: 778, 74: 540, 75: 792, 76: 554, 77: 100, 78: 338, 79: 778, 80: 540, 81: 394, 82: 156, 83: 428, 84: 666, 85: 338, 86: 100, 87: 484, 88: 722, 89: 666, 90: 428, 91: 380, 92: 142, 93: 666, 94: 428, 95: 428, 96: 666, 97: 484, 98: 722, 99: 338, 100: 100, 101: 380, 102: 142, 103: 666, 104: 428, 105: 30, 106: 268, 107: 338, 108: 100, 109: 722, 110: 484, 111: 722, 112: 484, 113: 722, 114: 484, 115: 792, 116: 554, 117: 86, 118: 324, 119: 86, 120: 324, 121: 142, 122: 380, 123: 156, 124: 394, 125: 86, 126: 324, 127: 142, 128: 380, 129: 142, 130: 380, 131: 540, 132: 778, 133: 324, 134: 86, 135: 100, 136: 338, 137: 142, 138: 380, 139: 30, 140: 268, 141: 268, 142: 30, 143: 540, 144: 778, 145: 778, 146: 540, 147: 554, 148: 792, 149: 484, 150: 722, 151: 722, 152: 484, 153: 380, 154: 142, 155: 722, 156: 484, 157: 30, 158: 268, 159: 30, 160: 268, 161: 778, 162: 540, 163: 484, 164: 722, 165: 30, 166: 268, 167: 792, 168: 554, 169: 554, 170: 792, 171: 30, 172: 268, 173: 394, 174: 156, 175: 324, 176: 86, 177: 484, 178: 722, 179: 554, 180: 792, 181: 428, 182: 666, 183: 792, 184: 554, 185: 338, 186: 100, 187: 268, 188: 30, 189: 722, 190: 484, 191: 428, 192: 666, 193: 86, 194: 324, 195: 100, 196: 338, 197: 268, 198: 30, 199: 142, 200: 380}
Number of lables used:  18
Time taken: 0.17 seconds
Memory used: 33.27 MB
--------------------------------------------------

Trying with at most 17 labels...
Solution:
{1: 338, 2: 100, 3: 442, 4: 680, 5: 268, 6: 30, 7: 442, 8: 680, 9: 142, 10: 380, 11: 44, 12: 282, 13: 764, 14: 526, 15: 526, 16: 764, 17: 100, 18: 338, 19: 442, 20: 680, 21: 764, 22: 526, 23: 736, 24: 498, 25: 736, 26: 498, 27: 100, 28: 338, 29: 268, 30: 30, 31: 142, 32: 380, 33: 526, 34: 764, 35: 736, 36: 498, 37: 142, 38: 380, 39: 526, 40: 764, 41: 100, 42: 338, 43: 142, 44: 380, 45: 282, 46: 44, 47: 100, 48: 338, 49: 680, 50: 442, 51: 30, 52: 268, 53: 268, 54: 30, 55: 680, 56: 442, 57: 282, 58: 44, 59: 380, 60: 142, 61: 30, 62: 268, 63: 268, 64: 30, 65: 764, 66: 526, 67: 498, 68: 736, 69: 44, 70: 282, 71: 442, 72: 680, 73: 764, 74: 526, 75: 142, 76: 380, 77: 764, 78: 526, 79: 338, 80: 100, 81: 338, 82: 100, 83: 736, 84: 498, 85: 736, 86: 498, 87: 764, 88: 526, 89: 498, 90: 736, 91: 380, 92: 142, 93: 680, 94: 442, 95: 442, 96: 680, 97: 680, 98: 442, 99: 338, 100: 100, 101: 380, 102: 142, 103: 680, 104: 442, 105: 282, 106: 44, 107: 268, 108: 30, 109: 498, 110: 736, 111: 498, 112: 736, 113: 100, 114: 338, 115: 442, 116: 680, 117: 44, 118: 282, 119: 44, 120: 282, 121: 100, 122: 338, 123: 268, 124: 30, 125: 680, 126: 442, 127: 736, 128: 498, 129: 380, 130: 142, 131: 30, 132: 268, 133: 30, 134: 268, 135: 100, 136: 338, 137: 100, 138: 338, 139: 736, 140: 498, 141: 268, 142: 30, 143: 526, 144: 764, 145: 338, 146: 100, 147: 526, 148: 764, 149: 736, 150: 498, 151: 442, 152: 680, 153: 380, 154: 142, 155: 736, 156: 498, 157: 30, 158: 268, 159: 680, 160: 442, 161: 764, 162: 526, 163: 380, 164: 142, 165: 680, 166: 442, 167: 442, 168: 680, 169: 442, 170: 680, 171: 764, 172: 526, 173: 764, 174: 526, 175: 282, 176: 44, 177: 100, 178: 338, 179: 680, 180: 442, 181: 44, 182: 282, 183: 526, 184: 764, 185: 268, 186: 30, 187: 338, 188: 100, 189: 498, 190: 736, 191: 764, 192: 526, 193: 680, 194: 442, 195: 100, 196: 338, 197: 680, 198: 442, 199: 44, 200: 282}
Number of lables used:  14
Time taken: 0.18 seconds
Memory used: 33.36 MB
--------------------------------------------------

Trying with at most 13 labels...
Solution:
{1: 296, 2: 58, 3: 414, 4: 652, 5: 30, 6: 268, 7: 652, 8: 414, 9: 30, 10: 268, 11: 694, 12: 456, 13: 736, 14: 498, 15: 498, 16: 736, 17: 30, 18: 268, 19: 414, 20: 652, 21: 736, 22: 498, 23: 268, 24: 30, 25: 694, 26: 456, 27: 58, 28: 296, 29: 694, 30: 456, 31: 30, 32: 268, 33: 736, 34: 498, 35: 736, 36: 498, 37: 456, 38: 694, 39: 414, 40: 652, 41: 142, 42: 380, 43: 30, 44: 268, 45: 652, 46: 414, 47: 736, 48: 498, 49: 694, 50: 456, 51: 58, 52: 296, 53: 694, 54: 456, 55: 736, 56: 498, 57: 268, 58: 30, 59: 268, 60: 30, 61: 380, 62: 142, 63: 142, 64: 380, 65: 694, 66: 456, 67: 58, 68: 296, 69: 694, 70: 456, 71: 414, 72: 652, 73: 694, 74: 456, 75: 58, 76: 296, 77: 58, 78: 296, 79: 736, 80: 498, 81: 268, 82: 30, 83: 652, 84: 414, 85: 652, 86: 414, 87: 652, 88: 414, 89: 498, 90: 736, 91: 30, 92: 268, 93: 694, 94: 456, 95: 736, 96: 498, 97: 142, 98: 380, 99: 498, 100: 736, 101: 380, 102: 142, 103: 268, 104: 30, 105: 380, 106: 142, 107: 456, 108: 694, 109: 296, 110: 58, 111: 414, 112: 652, 113: 58, 114: 296, 115: 142, 116: 380, 117: 30, 118: 268, 119: 736, 120: 498, 121: 142, 122: 380, 123: 296, 124: 58, 125: 58, 126: 296, 127: 652, 128: 414, 129: 142, 130: 380, 131: 296, 132: 58, 133: 498, 134: 736, 135: 380, 136: 142, 137: 380, 138: 142, 139: 380, 140: 142, 141: 380, 142: 142, 143: 456, 144: 694, 145: 268, 146: 30, 147: 498, 148: 736, 149: 498, 150: 736, 151: 30, 152: 268, 153: 694, 154: 456, 155: 652, 156: 414, 157: 652, 158: 414, 159: 58, 160: 296, 161: 652, 162: 414, 163: 58, 164: 296, 165: 498, 166: 736, 167: 414, 168: 652, 169: 498, 170: 736, 171: 30, 172: 268, 173: 694, 174: 456, 175: 142, 176: 380, 177: 694, 178: 456, 179: 30, 180: 268, 181: 30, 182: 268, 183: 296, 184: 58, 185: 380, 186: 142, 187: 58, 188: 296, 189: 296, 190: 58, 191: 30, 192: 268, 193: 58, 194: 296, 195: 736, 196: 498, 197: 498, 198: 736, 199: 694, 200: 456}
Number of lables used:  12
Time taken: 0.21 seconds
Memory used: 33.36 MB
--------------------------------------------------

Trying with at most 11 labels...
Cannot find solution.
No more solutions found.
Optimal number of labels used:  12
Time taken: 2.71 seconds
Memory used: 45.73 MB
[runlim] end:			Tue Mar 24 17:13:42 2026
[runlim] status:		ok
[runlim] result:		0
[runlim] children:		1
[runlim] processes:		2
[runlim] real:			2.75 seconds
[runlim] time:			2.70 seconds
[runlim] space:			46 MB
[runlim] load:			1.01 maximum
[runlim] samples:		28
