[runlim] version:		2.0.0rc12
[runlim] host:			ap-Precision-7550
[runlim] time limit:		311040000 seconds
[runlim] real time limit:	600 seconds
[runlim] space limit:		14000 MB
[runlim] argv[0]:		python3
[runlim] argv[1]:		-u
[runlim] argv[2]:		main_no_preprocessing.py
[runlim] argv[3]:		TUD916.5
[runlim] argv[4]:		tot
[runlim] argv[5]:		assumptions
[runlim] argv[6]:		cadical195
[runlim] start:			Tue Mar 24 17:13:59 2026
[runlim] child:			48099
Solve first problem:
Cannot find solution.
Time taken: 0.48 seconds
Memory used: 52.77 MB
[runlim] end:			Tue Mar 24 17:13:59 2026
[runlim] status:		ok
[runlim] result:		0
[runlim] children:		1
[runlim] processes:		2
[runlim] real:			0.53 seconds
[runlim] time:			0.50 seconds
[runlim] space:			55 MB
[runlim] load:			1.00 maximum
[runlim] samples:		6
