[runlim] version:		2.0.0rc12
[runlim] host:			ap-Precision-7550
[runlim] time limit:		311040000 seconds
[runlim] real time limit:	600 seconds
[runlim] space limit:		14000 MB
[runlim] argv[0]:		python3
[runlim] argv[1]:		-u
[runlim] argv[2]:		mip.py
[runlim] argv[3]:		scen07
[runlim] start:			Thu Mar 26 06:25:23 2026
[runlim] child:			32825
Warning: variable 302 has no valid labels after preprocessing.
Cannot find solution!
Time taken: 0.20 seconds
Memory used: 19.64 MB
[runlim] end:			Thu Mar 26 06:25:24 2026
[runlim] status:		ok
[runlim] result:		0
[runlim] children:		1
[runlim] processes:		2
[runlim] real:			0.25 seconds
[runlim] time:			0.20 seconds
[runlim] space:			19 MB
[runlim] load:			3.00 maximum
[runlim] samples:		3
