[runlim] version:		2.0.0rc12
[runlim] host:			ap-Precision-7550
[runlim] time limit:		311040000 seconds
[runlim] real time limit:	600 seconds
[runlim] space limit:		14000 MB
[runlim] argv[0]:		python3
[runlim] argv[1]:		-u
[runlim] argv[2]:		mip.py
[runlim] argv[3]:		scen02
[runlim] start:			Thu Mar 26 05:25:15 2026
[runlim] child:			32383
--- Building MIP model for 200 variables ---
--- Solving with CPLEX MIP ---
Version identifier: 22.1.1.0 | 2022-11-28 | 9160aff4d
CPXPARAM_Read_DataCheck                          1
CPXPARAM_MIP_Tolerances_MIPGap                   0
Legacy callback                                  i
Tried aggregator 1 time.
MIP Presolve eliminated 174579 rows and 0 columns.
MIP Presolve modified 20368 coefficients.
Reduced MIP has 24878 rows, 8048 columns, and 198383 nonzeros.
Reduced MIP has 8048 binaries, 0 generals, 0 SOSs, and 0 indicators.
Presolve time = 0.66 sec. (704.91 ticks)
Found incumbent of value 44.000000 after 0.95 sec. (1089.75 ticks)
Probing changed sense of 4002 constraints.
Probing time = 0.04 sec. (10.38 ticks)
Tried aggregator 1 time.
MIP Presolve eliminated 9337 rows and 4039 columns.
MIP Presolve modified 11699 coefficients.
Reduced MIP has 15541 rows, 4009 columns, and 175816 nonzeros.
Reduced MIP has 4009 binaries, 0 generals, 0 SOSs, and 0 indicators.
Presolve time = 0.59 sec. (709.30 ticks)
Probing time = 0.01 sec. (2.60 ticks)
Tried aggregator 1 time.
Detecting symmetries...
Reduced MIP has 15541 rows, 4009 columns, and 175816 nonzeros.
Reduced MIP has 4009 binaries, 0 generals, 0 SOSs, and 0 indicators.
Presolve time = 0.19 sec. (229.80 ticks)
Probing time = 0.01 sec. (2.77 ticks)
Clique table members: 15541.
MIP emphasis: balance optimality and feasibility.
MIP search method: dynamic search.
Parallel mode: deterministic, using up to 12 threads.
Root relaxation solution time = 1.76 sec. (1490.63 ticks)

        Nodes                                         Cuts/
   Node  Left     Objective  IInf  Best Integer    Best Bound    ItCnt     Gap

*     0+    0                           44.0000        0.0000           100.00%
*     0+    0                           20.0000        0.0000           100.00%
*     0+    0                           18.0000        0.0000           100.00%
*     0+    0                           16.0000        0.0000           100.00%
*     0+    0                           14.0000        0.0000           100.00%
      0     0       13.0000   333       14.0000       13.0000    10448    7.14%

Num labels used: 14
Current incumbent solution: {30, 58, 114, 268, 296, 352, 428, 442, 498, 526, 666, 680, 736, 764}}
Time taken: 4.40s

Num labels used: 14
Current incumbent solution: {30, 58, 114, 268, 296, 352, 428, 442, 498, 526, 666, 680, 736, 764}}
Time taken: 4.48s

Num labels used: 14
Current incumbent solution: {30, 58, 114, 268, 296, 352, 428, 442, 498, 526, 666, 680, 736, 764}}
Time taken: 5.33s
      0     0       13.0000    95       14.0000       Cuts: 3    10868    7.14%

Num labels used: 14
Current incumbent solution: {30, 58, 114, 268, 296, 352, 428, 442, 498, 526, 666, 680, 736, 764}}
Time taken: 5.33s

Num labels used: 14
Current incumbent solution: {30, 58, 114, 268, 296, 352, 428, 442, 498, 526, 666, 680, 736, 764}}
Time taken: 5.57s
      0     0       13.0000   180       14.0000      Cuts: 52    11236    7.14%

Num labels used: 14
Current incumbent solution: {30, 58, 114, 268, 296, 352, 428, 442, 498, 526, 666, 680, 736, 764}}
Time taken: 5.58s

Num labels used: 14
Current incumbent solution: {30, 58, 114, 268, 296, 352, 428, 442, 498, 526, 666, 680, 736, 764}}
Time taken: 9.09s
      0     2       13.0000    20       14.0000       13.0000    11236    7.14%
Elapsed time = 8.34 sec. (8954.71 ticks, tree = 0.02 MB, solutions = 5)

Num labels used: 14
Current incumbent solution: {30, 58, 114, 268, 296, 352, 428, 442, 498, 526, 666, 680, 736, 764}}
Time taken: 9.12s
[runlim] sample:		27.71 time, 10.01 real, 385 MB, 2.38 load
[runlim] sample:		87.72 time, 20.01 real, 409 MB, 2.94 load
[runlim] sample:		147.69 time, 30.01 real, 410 MB, 3.41 load
[runlim] sample:		207.67 time, 40.01 real, 415 MB, 3.81 load
[runlim] sample:		267.66 time, 50.01 real, 415 MB, 4.14 load
[runlim] sample:		327.65 time, 60.02 real, 415 MB, 4.51 load
[runlim] sample:		387.64 time, 70.01 real, 415 MB, 4.74 load
[runlim] sample:		447.63 time, 80.01 real, 416 MB, 4.93 load
[runlim] sample:		507.61 time, 90.01 real, 416 MB, 5.10 load
[runlim] sample:		567.59 time, 100.01 real, 416 MB, 5.24 load
[runlim] sample:		627.58 time, 110.02 real, 416 MB, 5.35 load
[runlim] sample:		687.57 time, 120.02 real, 416 MB, 5.45 load
      4     6       13.0000    38       14.0000       13.0000    11710    7.14%
[runlim] sample:		748.35 time, 130.02 real, 430 MB, 5.62 load
      5     7       13.0000   342       14.0000       13.0000    78956    7.14%
[runlim] sample:		818.34 time, 140.01 real, 432 MB, 5.91 load
      6     6       13.0000   365       14.0000       13.0000    81469    7.14%
[runlim] sample:		894.97 time, 150.02 real, 457 MB, 6.23 load
[runlim] sample:		960.67 time, 160.02 real, 468 MB, 6.27 load

Num labels used: 14
Current incumbent solution: {30, 58, 114, 268, 296, 352, 428, 442, 498, 526, 666, 680, 736, 764}}
Time taken: 165.18s
[runlim] sample:		1056.41 time, 170.02 real, 513 MB, 7.00 load
[runlim] sample:		1166.29 time, 180.02 real, 525 MB, 7.77 load
[runlim] sample:		1276.17 time, 190.02 real, 525 MB, 8.26 load
      7     5       13.0000   521       14.0000       13.0000    72194    7.14%
      8     7       13.0000   559       14.0000       13.0000    87322    7.14%
[runlim] sample:		1386.06 time, 200.02 real, 526 MB, 8.69 load
[runlim] sample:		1495.94 time, 210.02 real, 529 MB, 9.04 load
[runlim] sample:		1602.60 time, 220.02 real, 529 MB, 9.50 load
[runlim] sample:		1702.58 time, 230.02 real, 529 MB, 9.73 load
[runlim] sample:		1797.47 time, 240.02 real, 529 MB, 9.85 load
     10     6    infeasible             14.0000       13.0000   104547    7.14%
     11     4       13.0000   124       14.0000       13.0000    12814    7.14%
[runlim] sample:		1902.85 time, 250.02 real, 532 MB, 10.11 load
     13    12       13.0000   153       14.0000       13.0000   388813    7.14%
[runlim] sample:		2021.89 time, 260.02 real, 532 MB, 10.56 load
     14     7    infeasible             14.0000       13.0000   175241    7.14%
[runlim] sample:		2138.89 time, 270.02 real, 532 MB, 11.09 load
     16    14       13.0000    71       14.0000       13.0000   448067    7.14%
Elapsed time = 273.28 sec. (83591.71 ticks, tree = 0.26 MB, solutions = 5)
[runlim] sample:		2257.98 time, 280.02 real, 532 MB, 11.39 load
[runlim] sample:		2377.11 time, 290.02 real, 532 MB, 11.56 load
     18    16       13.0000    73       14.0000       13.0000   452843    7.14%
[runlim] sample:		2496.11 time, 300.02 real, 532 MB, 11.70 load
[runlim] sample:		2615.25 time, 310.02 real, 532 MB, 11.74 load
[runlim] sample:		2734.32 time, 320.02 real, 532 MB, 11.78 load
     20    10       13.0000   461       14.0000       13.0000   239216    7.14%
[runlim] sample:		2853.46 time, 330.02 real, 532 MB, 11.82 load

Num labels used: 14
Current incumbent solution: {30, 58, 114, 268, 296, 352, 428, 442, 498, 526, 666, 680, 736, 764}}
Time taken: 335.90s
     21    12       13.0000   399       14.0000       13.0000   390840    7.14%
[runlim] sample:		2972.55 time, 340.02 real, 532 MB, 11.85 load
[runlim] sample:		3091.67 time, 350.02 real, 532 MB, 11.87 load
     25    11    infeasible             14.0000       13.0000   435405    7.14%
[runlim] sample:		3210.69 time, 360.02 real, 533 MB, 11.89 load
[runlim] sample:		3329.79 time, 370.02 real, 535 MB, 11.91 load
[runlim] sample:		3448.85 time, 380.02 real, 535 MB, 12.08 load
     27    13       13.0000   416       14.0000       13.0000   440541    7.14%
[runlim] sample:		3568.04 time, 390.02 real, 539 MB, 12.07 load
[runlim] sample:		3687.08 time, 400.02 real, 539 MB, 12.06 load
[runlim] sample:		3806.10 time, 410.02 real, 543 MB, 12.13 load
     29    18       13.0000   500       14.0000       13.0000   475622    7.14%
[runlim] sample:		3925.16 time, 420.02 real, 543 MB, 12.11 load
[runlim] sample:		4044.24 time, 430.02 real, 543 MB, 12.09 load
     33    16       13.0000   409       14.0000       13.0000   474432    7.14%
     35    22       13.0000   173       14.0000       13.0000   482361    7.14%
     40    29       13.0000   114       14.0000       13.0000   591031    7.14%
[runlim] sample:		4163.23 time, 440.02 real, 543 MB, 12.24 load
     58    12       13.0000   494       14.0000       13.0000   420055    7.14%
Elapsed time = 447.88 sec. (109346.20 ticks, tree = 0.02 MB, solutions = 5)
[runlim] sample:		4280.99 time, 450.02 real, 543 MB, 12.20 load
     67    31       13.0000    38       14.0000       13.0000   600673    7.14%
[runlim] sample:		4398.35 time, 460.02 real, 543 MB, 12.09 load
     74    32       13.0000   248       14.0000       13.0000   603736    7.14%
     81    34       13.0000   244       14.0000       13.0000   608261    7.14%
[runlim] sample:		4513.45 time, 470.02 real, 546 MB, 12.08 load
     97    31       13.0000   211       14.0000       13.0000   678011    7.14%
    124    31    infeasible             14.0000       13.0000   680844    7.14%
[runlim] sample:		4632.50 time, 480.02 real, 546 MB, 12.06 load
    141    49       13.0000    93       14.0000       13.0000   622656    7.14%
    162    59       13.0000    48       14.0000       13.0000   651964    7.14%
[runlim] sample:		4730.65 time, 490.01 real, 546 MB, 11.59 load

Num labels used: 14
Current incumbent solution: {30, 58, 114, 268, 296, 352, 428, 442, 498, 526, 666, 680, 736, 764}}
Time taken: 490.26s
    184    34    infeasible             14.0000       13.0000   690990    7.14%
    197    54       13.0000    77       14.0000       13.0000   637424    7.14%
    223    34    infeasible             14.0000       13.0000   782877    7.14%
Elapsed time = 498.19 sec. (119296.07 ticks, tree = 0.90 MB, solutions = 5)
[runlim] sample:		4825.11 time, 500.02 real, 549 MB, 11.34 load
    268    59       13.0000   270       14.0000       13.0000   648900    7.14%
    304    33    infeasible             14.0000       13.0000   791025    7.14%
[runlim] sample:		4935.48 time, 510.02 real, 550 MB, 11.29 load
    372    36       13.0000   208       14.0000       13.0000   888077    7.14%
    430    36       13.0000   138       14.0000       13.0000   800506    7.14%
[runlim] sample:		5041.95 time, 520.02 real, 552 MB, 11.16 load
    501    76       13.0000   103       14.0000       13.0000  1019271    7.14%
    554    35       13.0000    88       14.0000       13.0000   845933    7.14%
    601    33    infeasible             14.0000       13.0000   729985    7.14%
[runlim] sample:		5148.90 time, 530.02 real, 553 MB, 11.14 load
    647    38       13.0000   206       14.0000       13.0000   724096    7.14%
    715    34       13.0000   169       14.0000       13.0000   735676    7.14%
[runlim] sample:		5267.08 time, 540.02 real, 553 MB, 11.28 load
    803    31    infeasible             14.0000       13.0000   782406    7.14%
Elapsed time = 540.58 sec. (129028.69 ticks, tree = 0.77 MB, solutions = 5)
    897    30    infeasible             14.0000       13.0000   740679    7.14%
[runlim] sample:		5373.23 time, 550.02 real, 554 MB, 11.23 load
    984    30    infeasible             14.0000       13.0000   742647    7.14%
   1058    36    infeasible             14.0000       13.0000   968383    7.14%
   1124    36    infeasible             14.0000       13.0000   971780    7.14%

Num labels used: 14
Current incumbent solution: {30, 58, 114, 268, 296, 352, 428, 442, 498, 526, 666, 680, 736, 764}}
Time taken: 556.51s
   1197   131       13.0000   136       14.0000       13.0000  1251236    7.14%
[runlim] sample:		5467.28 time, 560.02 real, 555 MB, 11.05 load
   1279   148    infeasible             14.0000       13.0000  1108164    7.14%
   1387    36    infeasible             14.0000       13.0000   980219    7.14%
[runlim] sample:		5566.91 time, 570.02 real, 555 MB, 10.96 load
   1473   150    infeasible             14.0000       13.0000  1118170    7.14%
   1537   143       13.0000   124       14.0000       13.0000  1158552    7.14%
   1654   130       13.0000   189       14.0000       13.0000  1289668    7.14%
Elapsed time = 575.91 sec. (138668.11 ticks, tree = 1.67 MB, solutions = 5)
   1773   129    infeasible             14.0000       13.0000  1292590    7.14%
[runlim] sample:		5660.06 time, 580.02 real, 555 MB, 10.73 load
   1901   130    infeasible             14.0000       13.0000  1295327    7.14%
   2007   169       13.0000    72       14.0000       13.0000  1457539    7.14%

Num labels used: 14
Current incumbent solution: {30, 58, 114, 268, 296, 352, 428, 442, 498, 526, 666, 680, 736, 764}}
Time taken: 582.59s
   2127   284       13.0000    36       14.0000       13.0000  1775096    7.14%
   2257   169    infeasible             14.0000       13.0000  1502941    7.14%
[runlim] sample:		5759.64 time, 590.02 real, 555 MB, 10.77 load
   2347   242       13.0000   192       14.0000       13.0000  1697661    7.14%
   2449   170    infeasible             14.0000       13.0000  1512171    7.14%
   2581   244       13.0000   127       14.0000       13.0000  1708688    7.14%
[runlim] sample:		5876.72 time, 600.02 real, 555 MB, 10.96 load
[runlim] end:			Thu Mar 26 05:35:16 2026
[runlim] status:		out of time
[runlim] result:		2
[runlim] children:		1
[runlim] processes:		2
[runlim] real:			601.08 seconds
[runlim] time:			5876.72 seconds
[runlim] space:			555 MB
[runlim] load:			12.24 maximum
[runlim] samples:		6000
