[runlim] version:		2.0.0rc12
[runlim] host:			ap-Precision-7550
[runlim] time limit:		311040000 seconds
[runlim] real time limit:	600 seconds
[runlim] space limit:		14000 MB
[runlim] argv[0]:		python3
[runlim] argv[1]:		-u
[runlim] argv[2]:		pairwise.py
[runlim] argv[3]:		graph03
[runlim] argv[4]:		assumptions
[runlim] argv[5]:		3
[runlim] argv[6]:		card
[runlim] argv[7]:		3
[runlim] start:			Sun Jun 14 01:51:28 2026
[runlim] child:			18494
Exactly-one cardinality encoding:  3
Distance constraint mode:  card
Distance cardinality encoding:  3
Number of assignment variables:  7480
Number of clauses for exactly one constraints:  43376
Number of clauses for distance constraints:  2645636
---------------------------------------------------
Solve first problem:
Solution:
{1: 30, 2: 268, 3: 30, 4: 268, 5: 652, 6: 414, 7: 30, 8: 268, 9: 30, 10: 268, 11: 652, 12: 414, 13: 736, 14: 498, 15: 16, 16: 254, 17: 16, 18: 254, 19: 736, 20: 498, 21: 792, 22: 554, 23: 16, 24: 254, 25: 30, 26: 268, 27: 30, 28: 268, 29: 44, 30: 282, 31: 156, 32: 394, 33: 750, 34: 512, 35: 44, 36: 282, 37: 100, 38: 338, 39: 792, 40: 554, 41: 778, 42: 540, 43: 30, 44: 268, 45: 736, 46: 498, 47: 708, 48: 470, 49: 778, 50: 540, 51: 666, 52: 428, 53: 72, 54: 310, 55: 764, 56: 526, 57: 708, 58: 470, 59: 58, 60: 296, 61: 708, 62: 470, 63: 778, 64: 540, 65: 736, 66: 498, 67: 30, 68: 268, 69: 764, 70: 526, 71: 652, 72: 414, 73: 44, 74: 282, 75: 86, 76: 324, 77: 750, 78: 512, 79: 778, 80: 540, 81: 114, 82: 352, 83: 764, 84: 526, 85: 778, 86: 540, 87: 16, 88: 254, 89: 722, 90: 484, 91: 778, 92: 540, 93: 764, 94: 526, 95: 170, 96: 408, 97: 764, 98: 526, 99: 72, 100: 310, 101: 792, 102: 554, 103: 652, 104: 414, 105: 708, 106: 470, 107: 44, 108: 282, 109: 142, 110: 380, 111: 778, 112: 540, 113: 44, 114: 282, 115: 750, 116: 512, 117: 666, 118: 428, 119: 750, 120: 512, 121: 680, 122: 442, 123: 778, 124: 540, 125: 652, 126: 414, 127: 722, 128: 484, 129: 58, 130: 296, 131: 666, 132: 428, 133: 722, 134: 484, 135: 652, 136: 414, 137: 142, 138: 380, 139: 722, 140: 484, 141: 128, 142: 366, 143: 58, 144: 296, 145: 58, 146: 296, 147: 100, 148: 338, 149: 72, 150: 310, 151: 750, 152: 512, 153: 778, 154: 540, 155: 30, 156: 268, 157: 778, 158: 540, 159: 736, 160: 498, 161: 722, 162: 484, 163: 680, 164: 442, 165: 708, 166: 470, 167: 778, 168: 540, 169: 156, 170: 394, 171: 666, 172: 428, 173: 750, 174: 512, 175: 44, 176: 282, 177: 750, 178: 512, 179: 72, 180: 310, 181: 142, 182: 380, 183: 708, 184: 470, 185: 652, 186: 414, 187: 736, 188: 498, 189: 764, 190: 526, 191: 778, 192: 540, 193: 86, 194: 324, 195: 750, 196: 512, 197: 666, 198: 428, 199: 764, 200: 526}
Number of lables used:  44
Total time: 3.51 seconds
Memory used: 670.22 MB
--------------------------------------------------
Number of label variables:  48
Number of clauses for label constraints:  7470
Number of new variables for cardinality constraints:  1161
Number of clauses for cardinality constraints:  4558
Initial variable count:  1824974
Initial clause count:  1400432
--------------------------------------------------

Trying with at most 43 labels...
Solution:
{1: 100, 2: 338, 3: 44, 4: 282, 5: 652, 6: 414, 7: 142, 8: 380, 9: 128, 10: 366, 11: 142, 12: 380, 13: 750, 14: 512, 15: 16, 16: 254, 17: 142, 18: 380, 19: 58, 20: 296, 21: 792, 22: 554, 23: 86, 24: 324, 25: 30, 26: 268, 27: 100, 28: 338, 29: 114, 30: 352, 31: 128, 32: 366, 33: 44, 34: 282, 35: 666, 36: 428, 37: 72, 38: 310, 39: 792, 40: 554, 41: 16, 42: 254, 43: 680, 44: 442, 45: 750, 46: 512, 47: 722, 48: 484, 49: 30, 50: 268, 51: 30, 52: 268, 53: 72, 54: 310, 55: 722, 56: 484, 57: 722, 58: 484, 59: 114, 60: 352, 61: 86, 62: 324, 63: 792, 64: 554, 65: 652, 66: 414, 67: 100, 68: 338, 69: 694, 70: 456, 71: 666, 72: 428, 73: 44, 74: 282, 75: 58, 76: 296, 77: 680, 78: 442, 79: 16, 80: 254, 81: 722, 82: 484, 83: 778, 84: 540, 85: 708, 86: 470, 87: 16, 88: 254, 89: 58, 90: 296, 91: 792, 92: 554, 93: 680, 94: 442, 95: 142, 96: 380, 97: 30, 98: 268, 99: 44, 100: 282, 101: 16, 102: 254, 103: 142, 104: 380, 105: 708, 106: 470, 107: 666, 108: 428, 109: 142, 110: 380, 111: 778, 112: 540, 113: 792, 114: 554, 115: 58, 116: 296, 117: 44, 118: 282, 119: 666, 120: 428, 121: 114, 122: 352, 123: 750, 124: 512, 125: 142, 126: 380, 127: 722, 128: 484, 129: 652, 130: 414, 131: 142, 132: 380, 133: 652, 134: 414, 135: 142, 136: 380, 137: 694, 138: 456, 139: 722, 140: 484, 141: 708, 142: 470, 143: 58, 144: 296, 145: 30, 146: 268, 147: 72, 148: 310, 149: 128, 150: 366, 151: 30, 152: 268, 153: 694, 154: 456, 155: 680, 156: 442, 157: 16, 158: 254, 159: 750, 160: 512, 161: 694, 162: 456, 163: 680, 164: 442, 165: 722, 166: 484, 167: 16, 168: 254, 169: 128, 170: 366, 171: 44, 172: 282, 173: 44, 174: 282, 175: 100, 176: 338, 177: 750, 178: 512, 179: 72, 180: 310, 181: 114, 182: 352, 183: 666, 184: 428, 185: 30, 186: 268, 187: 750, 188: 512, 189: 30, 190: 268, 191: 792, 192: 554, 193: 750, 194: 512, 195: 30, 196: 268, 197: 666, 198: 428, 199: 30, 200: 268}
Number of lables used:  38
Total time: 3.81 seconds
Memory used: 671.39 MB
--------------------------------------------------

Trying with at most 37 labels...
Solution:
{1: 694, 2: 456, 3: 666, 4: 428, 5: 652, 6: 414, 7: 142, 8: 380, 9: 128, 10: 366, 11: 652, 12: 414, 13: 44, 14: 282, 15: 114, 16: 352, 17: 114, 18: 352, 19: 58, 20: 296, 21: 792, 22: 554, 23: 58, 24: 296, 25: 666, 26: 428, 27: 72, 28: 310, 29: 680, 30: 442, 31: 156, 32: 394, 33: 44, 34: 282, 35: 142, 36: 380, 37: 722, 38: 484, 39: 16, 40: 254, 41: 16, 42: 254, 43: 778, 44: 540, 45: 750, 46: 512, 47: 86, 48: 324, 49: 750, 50: 512, 51: 128, 52: 366, 53: 142, 54: 380, 55: 44, 56: 282, 57: 72, 58: 310, 59: 114, 60: 352, 61: 86, 62: 324, 63: 792, 64: 554, 65: 58, 66: 296, 67: 694, 68: 456, 69: 778, 70: 540, 71: 666, 72: 428, 73: 142, 74: 380, 75: 750, 76: 512, 77: 44, 78: 282, 79: 778, 80: 540, 81: 722, 82: 484, 83: 778, 84: 540, 85: 16, 86: 254, 87: 778, 88: 540, 89: 58, 90: 296, 91: 778, 92: 540, 93: 30, 94: 268, 95: 142, 96: 380, 97: 30, 98: 268, 99: 44, 100: 282, 101: 16, 102: 254, 103: 142, 104: 380, 105: 86, 106: 324, 107: 114, 108: 352, 109: 652, 110: 414, 111: 792, 112: 554, 113: 792, 114: 554, 115: 58, 116: 296, 117: 666, 118: 428, 119: 722, 120: 484, 121: 680, 122: 442, 123: 30, 124: 268, 125: 142, 126: 380, 127: 44, 128: 282, 129: 128, 130: 366, 131: 142, 132: 380, 133: 694, 134: 456, 135: 652, 136: 414, 137: 694, 138: 456, 139: 722, 140: 484, 141: 128, 142: 366, 143: 16, 144: 254, 145: 778, 146: 540, 147: 72, 148: 310, 149: 694, 150: 456, 151: 44, 152: 282, 153: 16, 154: 254, 155: 694, 156: 456, 157: 16, 158: 254, 159: 750, 160: 512, 161: 792, 162: 554, 163: 72, 164: 310, 165: 722, 166: 484, 167: 16, 168: 254, 169: 128, 170: 366, 171: 142, 172: 380, 173: 44, 174: 282, 175: 722, 176: 484, 177: 750, 178: 512, 179: 722, 180: 484, 181: 114, 182: 352, 183: 44, 184: 282, 185: 156, 186: 394, 187: 58, 188: 296, 189: 30, 190: 268, 191: 792, 192: 554, 193: 750, 194: 512, 195: 30, 196: 268, 197: 694, 198: 456, 199: 30, 200: 268}
Number of lables used:  36
Total time: 4.05 seconds
Memory used: 685.44 MB
--------------------------------------------------

Trying with at most 35 labels...
Solution:
{1: 30, 2: 268, 3: 30, 4: 268, 5: 652, 6: 414, 7: 652, 8: 414, 9: 30, 10: 268, 11: 652, 12: 414, 13: 736, 14: 498, 15: 16, 16: 254, 17: 680, 18: 442, 19: 736, 20: 498, 21: 16, 22: 254, 23: 16, 24: 254, 25: 44, 26: 282, 27: 30, 28: 268, 29: 680, 30: 442, 31: 128, 32: 366, 33: 750, 34: 512, 35: 142, 36: 380, 37: 722, 38: 484, 39: 16, 40: 254, 41: 16, 42: 254, 43: 30, 44: 268, 45: 736, 46: 498, 47: 708, 48: 470, 49: 764, 50: 526, 51: 666, 52: 428, 53: 86, 54: 324, 55: 750, 56: 512, 57: 708, 58: 470, 59: 58, 60: 296, 61: 30, 62: 268, 63: 778, 64: 540, 65: 736, 66: 498, 67: 128, 68: 366, 69: 764, 70: 526, 71: 30, 72: 268, 73: 44, 74: 282, 75: 86, 76: 324, 77: 750, 78: 512, 79: 778, 80: 540, 81: 708, 82: 470, 83: 764, 84: 526, 85: 778, 86: 540, 87: 16, 88: 254, 89: 722, 90: 484, 91: 778, 92: 540, 93: 764, 94: 526, 95: 142, 96: 380, 97: 30, 98: 268, 99: 44, 100: 282, 101: 778, 102: 540, 103: 652, 104: 414, 105: 86, 106: 324, 107: 44, 108: 282, 109: 142, 110: 380, 111: 778, 112: 540, 113: 778, 114: 540, 115: 58, 116: 296, 117: 652, 118: 414, 119: 750, 120: 512, 121: 680, 122: 442, 123: 778, 124: 540, 125: 652, 126: 414, 127: 722, 128: 484, 129: 680, 130: 442, 131: 86, 132: 324, 133: 722, 134: 484, 135: 652, 136: 414, 137: 680, 138: 442, 139: 708, 140: 470, 141: 100, 142: 338, 143: 736, 144: 498, 145: 30, 146: 268, 147: 722, 148: 484, 149: 666, 150: 428, 151: 44, 152: 282, 153: 778, 154: 540, 155: 30, 156: 268, 157: 778, 158: 540, 159: 736, 160: 498, 161: 722, 162: 484, 163: 680, 164: 442, 165: 708, 166: 470, 167: 778, 168: 540, 169: 666, 170: 428, 171: 666, 172: 428, 173: 750, 174: 512, 175: 44, 176: 282, 177: 750, 178: 512, 179: 722, 180: 484, 181: 142, 182: 380, 183: 708, 184: 470, 185: 652, 186: 414, 187: 736, 188: 498, 189: 764, 190: 526, 191: 778, 192: 540, 193: 736, 194: 498, 195: 750, 196: 512, 197: 666, 198: 428, 199: 764, 200: 526}
Number of lables used:  34
Total time: 5.73 seconds
Memory used: 631.71 MB
--------------------------------------------------

Trying with at most 33 labels...
Solution:
{1: 30, 2: 268, 3: 30, 4: 268, 5: 652, 6: 414, 7: 652, 8: 414, 9: 30, 10: 268, 11: 652, 12: 414, 13: 736, 14: 498, 15: 16, 16: 254, 17: 114, 18: 352, 19: 736, 20: 498, 21: 30, 22: 268, 23: 114, 24: 352, 25: 44, 26: 282, 27: 128, 28: 366, 29: 142, 30: 380, 31: 142, 32: 380, 33: 750, 34: 512, 35: 142, 36: 380, 37: 722, 38: 484, 39: 16, 40: 254, 41: 16, 42: 254, 43: 30, 44: 268, 45: 736, 46: 498, 47: 708, 48: 470, 49: 764, 50: 526, 51: 666, 52: 428, 53: 86, 54: 324, 55: 750, 56: 512, 57: 708, 58: 470, 59: 58, 60: 296, 61: 30, 62: 268, 63: 778, 64: 540, 65: 736, 66: 498, 67: 128, 68: 366, 69: 764, 70: 526, 71: 86, 72: 324, 73: 44, 74: 282, 75: 86, 76: 324, 77: 750, 78: 512, 79: 778, 80: 540, 81: 708, 82: 470, 83: 764, 84: 526, 85: 778, 86: 540, 87: 778, 88: 540, 89: 722, 90: 484, 91: 778, 92: 540, 93: 764, 94: 526, 95: 142, 96: 380, 97: 764, 98: 526, 99: 44, 100: 282, 101: 778, 102: 540, 103: 652, 104: 414, 105: 86, 106: 324, 107: 44, 108: 282, 109: 44, 110: 282, 111: 778, 112: 540, 113: 778, 114: 540, 115: 58, 116: 296, 117: 652, 118: 414, 119: 750, 120: 512, 121: 142, 122: 380, 123: 778, 124: 540, 125: 652, 126: 414, 127: 722, 128: 484, 129: 58, 130: 296, 131: 86, 132: 324, 133: 722, 134: 484, 135: 652, 136: 414, 137: 58, 138: 296, 139: 708, 140: 470, 141: 114, 142: 352, 143: 736, 144: 498, 145: 30, 146: 268, 147: 722, 148: 484, 149: 666, 150: 428, 151: 44, 152: 282, 153: 778, 154: 540, 155: 30, 156: 268, 157: 778, 158: 540, 159: 736, 160: 498, 161: 722, 162: 484, 163: 16, 164: 254, 165: 708, 166: 470, 167: 778, 168: 540, 169: 666, 170: 428, 171: 666, 172: 428, 173: 750, 174: 512, 175: 44, 176: 282, 177: 750, 178: 512, 179: 722, 180: 484, 181: 142, 182: 380, 183: 708, 184: 470, 185: 652, 186: 414, 187: 736, 188: 498, 189: 764, 190: 526, 191: 778, 192: 540, 193: 736, 194: 498, 195: 750, 196: 512, 197: 666, 198: 428, 199: 764, 200: 526}
Number of lables used:  32
Total time: 5.86 seconds
Memory used: 631.71 MB
--------------------------------------------------

Trying with at most 31 labels...
Solution:
{1: 778, 2: 540, 3: 652, 4: 414, 5: 736, 6: 498, 7: 652, 8: 414, 9: 86, 10: 324, 11: 652, 12: 414, 13: 736, 14: 498, 15: 114, 16: 352, 17: 114, 18: 352, 19: 114, 20: 352, 21: 16, 22: 254, 23: 114, 24: 352, 25: 86, 26: 324, 27: 128, 28: 366, 29: 142, 30: 380, 31: 128, 32: 366, 33: 750, 34: 512, 35: 142, 36: 380, 37: 722, 38: 484, 39: 16, 40: 254, 41: 16, 42: 254, 43: 86, 44: 324, 45: 736, 46: 498, 47: 86, 48: 324, 49: 764, 50: 526, 51: 666, 52: 428, 53: 652, 54: 414, 55: 750, 56: 512, 57: 708, 58: 470, 59: 142, 60: 380, 61: 708, 62: 470, 63: 778, 64: 540, 65: 736, 66: 498, 67: 128, 68: 366, 69: 764, 70: 526, 71: 142, 72: 380, 73: 652, 74: 414, 75: 86, 76: 324, 77: 750, 78: 512, 79: 778, 80: 540, 81: 86, 82: 324, 83: 764, 84: 526, 85: 16, 86: 254, 87: 778, 88: 540, 89: 722, 90: 484, 91: 16, 92: 254, 93: 764, 94: 526, 95: 142, 96: 380, 97: 764, 98: 526, 99: 750, 100: 512, 101: 778, 102: 540, 103: 652, 104: 414, 105: 86, 106: 324, 107: 750, 108: 512, 109: 652, 110: 414, 111: 778, 112: 540, 113: 16, 114: 254, 115: 736, 116: 498, 117: 142, 118: 380, 119: 750, 120: 512, 121: 142, 122: 380, 123: 16, 124: 254, 125: 652, 126: 414, 127: 722, 128: 484, 129: 114, 130: 352, 131: 652, 132: 414, 133: 722, 134: 484, 135: 652, 136: 414, 137: 114, 138: 352, 139: 708, 140: 470, 141: 666, 142: 428, 143: 736, 144: 498, 145: 764, 146: 526, 147: 722, 148: 484, 149: 666, 150: 428, 151: 750, 152: 512, 153: 778, 154: 540, 155: 114, 156: 352, 157: 778, 158: 540, 159: 778, 160: 540, 161: 778, 162: 540, 163: 16, 164: 254, 165: 750, 166: 512, 167: 778, 168: 540, 169: 666, 170: 428, 171: 128, 172: 366, 173: 750, 174: 512, 175: 128, 176: 366, 177: 750, 178: 512, 179: 722, 180: 484, 181: 142, 182: 380, 183: 86, 184: 324, 185: 142, 186: 380, 187: 736, 188: 498, 189: 764, 190: 526, 191: 778, 192: 540, 193: 708, 194: 470, 195: 750, 196: 512, 197: 666, 198: 428, 199: 86, 200: 324}
Number of lables used:  26
Total time: 8.97 seconds
Memory used: 668.73 MB
--------------------------------------------------

Trying with at most 25 labels...
[runlim] sample:		9.99 time, 10.01 real, 702 MB, 1.07 load
Solution:
{1: 694, 2: 456, 3: 58, 4: 296, 5: 58, 6: 296, 7: 58, 8: 296, 9: 142, 10: 380, 11: 142, 12: 380, 13: 58, 14: 296, 15: 58, 16: 296, 17: 86, 18: 324, 19: 736, 20: 498, 21: 764, 22: 526, 23: 86, 24: 324, 25: 680, 26: 442, 27: 680, 28: 442, 29: 666, 30: 428, 31: 86, 32: 324, 33: 736, 34: 498, 35: 142, 36: 380, 37: 708, 38: 470, 39: 764, 40: 526, 41: 764, 42: 526, 43: 694, 44: 456, 45: 722, 46: 484, 47: 694, 48: 456, 49: 750, 50: 512, 51: 44, 52: 282, 53: 142, 54: 380, 55: 736, 56: 498, 57: 694, 58: 456, 59: 666, 60: 428, 61: 694, 62: 456, 63: 764, 64: 526, 65: 722, 66: 484, 67: 44, 68: 282, 69: 750, 70: 512, 71: 58, 72: 296, 73: 86, 74: 324, 75: 722, 76: 484, 77: 736, 78: 498, 79: 764, 80: 526, 81: 694, 82: 456, 83: 750, 84: 512, 85: 764, 86: 526, 87: 764, 88: 526, 89: 708, 90: 470, 91: 764, 92: 526, 93: 750, 94: 512, 95: 142, 96: 380, 97: 750, 98: 512, 99: 736, 100: 498, 101: 764, 102: 526, 103: 58, 104: 296, 105: 694, 106: 456, 107: 680, 108: 442, 109: 142, 110: 380, 111: 764, 112: 526, 113: 764, 114: 526, 115: 58, 116: 296, 117: 86, 118: 324, 119: 736, 120: 498, 121: 666, 122: 428, 123: 764, 124: 526, 125: 58, 126: 296, 127: 708, 128: 470, 129: 666, 130: 428, 131: 86, 132: 324, 133: 708, 134: 470, 135: 86, 136: 324, 137: 666, 138: 428, 139: 694, 140: 456, 141: 44, 142: 282, 143: 722, 144: 484, 145: 750, 146: 512, 147: 708, 148: 470, 149: 44, 150: 282, 151: 736, 152: 498, 153: 764, 154: 526, 155: 694, 156: 456, 157: 764, 158: 526, 159: 722, 160: 484, 161: 708, 162: 470, 163: 666, 164: 428, 165: 694, 166: 456, 167: 764, 168: 526, 169: 44, 170: 282, 171: 44, 172: 282, 173: 736, 174: 498, 175: 680, 176: 442, 177: 736, 178: 498, 179: 708, 180: 470, 181: 666, 182: 428, 183: 694, 184: 456, 185: 58, 186: 296, 187: 722, 188: 484, 189: 750, 190: 512, 191: 764, 192: 526, 193: 722, 194: 484, 195: 736, 196: 498, 197: 44, 198: 282, 199: 764, 200: 526}
Number of lables used:  24
Total time: 13.57 seconds
Memory used: 553.46 MB
--------------------------------------------------

Trying with at most 23 labels...
Solution:
{1: 100, 2: 338, 3: 142, 4: 380, 5: 142, 6: 380, 7: 142, 8: 380, 9: 142, 10: 380, 11: 142, 12: 380, 13: 58, 14: 296, 15: 114, 16: 352, 17: 114, 18: 352, 19: 58, 20: 296, 21: 16, 22: 254, 23: 86, 24: 324, 25: 100, 26: 338, 27: 778, 28: 540, 29: 114, 30: 352, 31: 128, 32: 366, 33: 778, 34: 540, 35: 142, 36: 380, 37: 72, 38: 310, 39: 16, 40: 254, 41: 16, 42: 254, 43: 86, 44: 324, 45: 778, 46: 540, 47: 86, 48: 324, 49: 778, 50: 540, 51: 128, 52: 366, 53: 142, 54: 380, 55: 44, 56: 282, 57: 86, 58: 324, 59: 114, 60: 352, 61: 86, 62: 324, 63: 16, 64: 254, 65: 778, 66: 540, 67: 100, 68: 338, 69: 30, 70: 268, 71: 142, 72: 380, 73: 142, 74: 380, 75: 58, 76: 296, 77: 778, 78: 540, 79: 16, 80: 254, 81: 86, 82: 324, 83: 30, 84: 268, 85: 16, 86: 254, 87: 16, 88: 254, 89: 72, 90: 310, 91: 16, 92: 254, 93: 30, 94: 268, 95: 142, 96: 380, 97: 30, 98: 268, 99: 44, 100: 282, 101: 16, 102: 254, 103: 778, 104: 540, 105: 86, 106: 324, 107: 100, 108: 338, 109: 142, 110: 380, 111: 16, 112: 254, 113: 16, 114: 254, 115: 58, 116: 296, 117: 778, 118: 540, 119: 44, 120: 282, 121: 778, 122: 540, 123: 16, 124: 254, 125: 142, 126: 380, 127: 72, 128: 310, 129: 114, 130: 352, 131: 142, 132: 380, 133: 72, 134: 310, 135: 142, 136: 380, 137: 114, 138: 352, 139: 778, 140: 540, 141: 100, 142: 338, 143: 58, 144: 296, 145: 30, 146: 268, 147: 72, 148: 310, 149: 778, 150: 540, 151: 44, 152: 282, 153: 16, 154: 254, 155: 86, 156: 324, 157: 16, 158: 254, 159: 58, 160: 296, 161: 72, 162: 310, 163: 114, 164: 352, 165: 778, 166: 540, 167: 16, 168: 254, 169: 128, 170: 366, 171: 128, 172: 366, 173: 44, 174: 282, 175: 100, 176: 338, 177: 44, 178: 282, 179: 72, 180: 310, 181: 114, 182: 352, 183: 86, 184: 324, 185: 778, 186: 540, 187: 778, 188: 540, 189: 30, 190: 268, 191: 16, 192: 254, 193: 58, 194: 296, 195: 778, 196: 540, 197: 128, 198: 366, 199: 30, 200: 268}
Number of lables used:  22
Total time: 13.76 seconds
Memory used: 523.30 MB
--------------------------------------------------

Trying with at most 21 labels...
Solution:
{1: 100, 2: 338, 3: 142, 4: 380, 5: 142, 6: 380, 7: 142, 8: 380, 9: 142, 10: 380, 11: 142, 12: 380, 13: 58, 14: 296, 15: 114, 16: 352, 17: 114, 18: 352, 19: 58, 20: 296, 21: 16, 22: 254, 23: 86, 24: 324, 25: 100, 26: 338, 27: 100, 28: 338, 29: 114, 30: 352, 31: 128, 32: 366, 33: 778, 34: 540, 35: 142, 36: 380, 37: 778, 38: 540, 39: 16, 40: 254, 41: 16, 42: 254, 43: 86, 44: 324, 45: 778, 46: 540, 47: 86, 48: 324, 49: 778, 50: 540, 51: 128, 52: 366, 53: 142, 54: 380, 55: 44, 56: 282, 57: 86, 58: 324, 59: 114, 60: 352, 61: 86, 62: 324, 63: 16, 64: 254, 65: 778, 66: 540, 67: 100, 68: 338, 69: 30, 70: 268, 71: 142, 72: 380, 73: 142, 74: 380, 75: 58, 76: 296, 77: 44, 78: 282, 79: 16, 80: 254, 81: 86, 82: 324, 83: 30, 84: 268, 85: 16, 86: 254, 87: 16, 88: 254, 89: 778, 90: 540, 91: 16, 92: 254, 93: 30, 94: 268, 95: 142, 96: 380, 97: 30, 98: 268, 99: 44, 100: 282, 101: 16, 102: 254, 103: 142, 104: 380, 105: 86, 106: 324, 107: 100, 108: 338, 109: 142, 110: 380, 111: 16, 112: 254, 113: 16, 114: 254, 115: 58, 116: 296, 117: 778, 118: 540, 119: 44, 120: 282, 121: 114, 122: 352, 123: 16, 124: 254, 125: 142, 126: 380, 127: 778, 128: 540, 129: 114, 130: 352, 131: 142, 132: 380, 133: 778, 134: 540, 135: 142, 136: 380, 137: 114, 138: 352, 139: 778, 140: 540, 141: 100, 142: 338, 143: 58, 144: 296, 145: 30, 146: 268, 147: 778, 148: 540, 149: 778, 150: 540, 151: 44, 152: 282, 153: 16, 154: 254, 155: 86, 156: 324, 157: 16, 158: 254, 159: 58, 160: 296, 161: 778, 162: 540, 163: 114, 164: 352, 165: 778, 166: 540, 167: 16, 168: 254, 169: 128, 170: 366, 171: 128, 172: 366, 173: 44, 174: 282, 175: 100, 176: 338, 177: 44, 178: 282, 179: 778, 180: 540, 181: 114, 182: 352, 183: 86, 184: 324, 185: 142, 186: 380, 187: 58, 188: 296, 189: 30, 190: 268, 191: 16, 192: 254, 193: 58, 194: 296, 195: 44, 196: 282, 197: 128, 198: 366, 199: 30, 200: 268}
Number of lables used:  20
Total time: 13.89 seconds
Memory used: 523.30 MB
--------------------------------------------------

Trying with at most 19 labels...
[runlim] sample:		19.99 time, 20.01 real, 557 MB, 1.06 load
[runlim] sample:		29.98 time, 30.01 real, 557 MB, 1.05 load
[runlim] sample:		39.98 time, 40.01 real, 557 MB, 1.04 load
[runlim] sample:		49.97 time, 50.01 real, 558 MB, 1.04 load
[runlim] sample:		59.97 time, 60.01 real, 558 MB, 1.03 load
Cannot find solution.
No more solutions found.
Optimal number of labels used:  20
Total time: 64.51 seconds
Memory used: 557.91 MB
[runlim] end:			Sun Jun 14 01:52:32 2026
[runlim] status:		ok
[runlim] result:		0
[runlim] children:		1
[runlim] processes:		2
[runlim] real:			64.62 seconds
[runlim] time:			64.57 seconds
[runlim] space:			771 MB
[runlim] load:			1.09 maximum
[runlim] samples:		647
