[runlim] version:		2.0.0rc12
[runlim] host:			ap-Precision-7550
[runlim] time limit:		311040000 seconds
[runlim] real time limit:	600 seconds
[runlim] space limit:		14000 MB
[runlim] argv[0]:		python3
[runlim] argv[1]:		-u
[runlim] argv[2]:		pairwise.py
[runlim] argv[3]:		TUD200.3
[runlim] argv[4]:		assumptions
[runlim] argv[5]:		3
[runlim] argv[6]:		card
[runlim] argv[7]:		3
[runlim] start:			Sun Jun 14 02:06:07 2026
[runlim] child:			18587
Exactly-one cardinality encoding:  3
Distance constraint mode:  card
Distance cardinality encoding:  3
Number of assignment variables:  7066
Number of clauses for exactly one constraints:  40868
Number of clauses for distance constraints:  817246
---------------------------------------------------
Solve first problem:
Solution:
{1: 282, 2: 44, 3: 352, 4: 114, 5: 100, 6: 338, 7: 526, 8: 764, 9: 380, 10: 142, 11: 170, 12: 408, 13: 764, 14: 526, 15: 30, 16: 268, 17: 142, 18: 380, 19: 100, 20: 338, 21: 338, 22: 100, 23: 282, 24: 44, 25: 414, 26: 652, 27: 666, 28: 428, 29: 394, 30: 156, 31: 456, 32: 694, 33: 268, 34: 30, 35: 338, 36: 100, 37: 708, 38: 470, 39: 680, 40: 442, 41: 86, 42: 324, 43: 128, 44: 366, 45: 296, 46: 58, 47: 512, 48: 750, 49: 296, 50: 58, 51: 366, 52: 128, 53: 310, 54: 72, 55: 764, 56: 526, 57: 652, 58: 414, 59: 296, 60: 58, 61: 310, 62: 72, 63: 666, 64: 428, 65: 128, 66: 366, 67: 324, 68: 86, 69: 282, 70: 44, 71: 268, 72: 30, 73: 652, 74: 414, 75: 128, 76: 366, 77: 254, 78: 16, 79: 708, 80: 470, 81: 792, 82: 554, 83: 268, 84: 30, 85: 268, 86: 30, 87: 778, 88: 540, 89: 254, 90: 16, 91: 338, 92: 100, 93: 708, 94: 470, 95: 456, 96: 694, 97: 240, 98: 478, 99: 478, 100: 240, 101: 352, 102: 114, 103: 366, 104: 128, 105: 324, 106: 86, 107: 324, 108: 86, 109: 456, 110: 694, 111: 296, 112: 58, 113: 722, 114: 484, 115: 652, 116: 414, 117: 142, 118: 380, 119: 268, 120: 30, 121: 380, 122: 142, 123: 156, 124: 394, 125: 666, 126: 428, 127: 680, 128: 442, 129: 268, 130: 30, 131: 408, 132: 170, 133: 282, 134: 44, 135: 296, 136: 58, 137: 142, 138: 380, 139: 128, 140: 366, 141: 310, 142: 72, 143: 338, 144: 100, 145: 456, 146: 694, 147: 352, 148: 114, 149: 268, 150: 30, 151: 792, 152: 554, 153: 652, 154: 414, 155: 792, 156: 554, 157: 268, 158: 30, 159: 254, 160: 16, 161: 268, 162: 30, 163: 394, 164: 156, 165: 394, 166: 156, 167: 296, 168: 58, 169: 268, 170: 30, 171: 414, 172: 652, 173: 324, 174: 86, 175: 268, 176: 30, 177: 72, 178: 310, 179: 380, 180: 142, 181: 254, 182: 16, 183: 268, 184: 30, 185: 296, 186: 58, 187: 792, 188: 554, 189: 268, 190: 30, 191: 352, 192: 114, 193: 296, 194: 58, 195: 708, 196: 470, 197: 254, 198: 16, 199: 554, 200: 792}
Number of lables used:  46
Total time: 1.13 seconds
Memory used: 289.91 MB
--------------------------------------------------
Number of label variables:  48
Number of clauses for label constraints:  7066
Number of new variables for cardinality constraints:  1170
Number of clauses for cardinality constraints:  4590
Initial variable count:  585829
Initial clause count:  869792
--------------------------------------------------

Trying with at most 45 labels...
Solution:
{1: 282, 2: 44, 3: 352, 4: 114, 5: 100, 6: 338, 7: 30, 8: 268, 9: 380, 10: 142, 11: 170, 12: 408, 13: 142, 14: 380, 15: 30, 16: 268, 17: 142, 18: 380, 19: 100, 20: 338, 21: 338, 22: 100, 23: 282, 24: 44, 25: 414, 26: 652, 27: 666, 28: 428, 29: 456, 30: 694, 31: 456, 32: 694, 33: 268, 34: 30, 35: 268, 36: 30, 37: 722, 38: 484, 39: 680, 40: 442, 41: 100, 42: 338, 43: 128, 44: 366, 45: 296, 46: 58, 47: 512, 48: 750, 49: 296, 50: 58, 51: 366, 52: 128, 53: 310, 54: 72, 55: 414, 56: 652, 57: 680, 58: 442, 59: 296, 60: 58, 61: 310, 62: 72, 63: 666, 64: 428, 65: 142, 66: 380, 67: 324, 68: 86, 69: 282, 70: 44, 71: 268, 72: 30, 73: 750, 74: 512, 75: 128, 76: 366, 77: 254, 78: 16, 79: 708, 80: 470, 81: 442, 82: 680, 83: 268, 84: 30, 85: 268, 86: 30, 87: 428, 88: 666, 89: 414, 90: 652, 91: 338, 92: 100, 93: 722, 94: 484, 95: 114, 96: 352, 97: 240, 98: 478, 99: 478, 100: 240, 101: 352, 102: 114, 103: 366, 104: 128, 105: 324, 106: 86, 107: 324, 108: 86, 109: 456, 110: 694, 111: 296, 112: 58, 113: 722, 114: 484, 115: 652, 116: 414, 117: 708, 118: 470, 119: 268, 120: 30, 121: 408, 122: 170, 123: 156, 124: 394, 125: 666, 126: 428, 127: 680, 128: 442, 129: 268, 130: 30, 131: 408, 132: 170, 133: 282, 134: 44, 135: 296, 136: 58, 137: 142, 138: 380, 139: 128, 140: 366, 141: 310, 142: 72, 143: 100, 144: 338, 145: 456, 146: 694, 147: 352, 148: 114, 149: 268, 150: 30, 151: 736, 152: 498, 153: 708, 154: 470, 155: 414, 156: 652, 157: 268, 158: 30, 159: 254, 160: 16, 161: 268, 162: 30, 163: 394, 164: 156, 165: 394, 166: 156, 167: 736, 168: 498, 169: 268, 170: 30, 171: 652, 172: 414, 173: 324, 174: 86, 175: 58, 176: 296, 177: 72, 178: 310, 179: 380, 180: 142, 181: 254, 182: 16, 183: 268, 184: 30, 185: 296, 186: 58, 187: 86, 188: 324, 189: 268, 190: 30, 191: 352, 192: 114, 193: 296, 194: 58, 195: 708, 196: 470, 197: 254, 198: 16, 199: 394, 200: 156}
Number of lables used:  42
Total time: 1.20 seconds
Memory used: 290.09 MB
--------------------------------------------------

Trying with at most 41 labels...
Solution:
{1: 442, 2: 680, 3: 352, 4: 114, 5: 694, 6: 456, 7: 30, 8: 268, 9: 380, 10: 142, 11: 170, 12: 408, 13: 142, 14: 380, 15: 30, 16: 268, 17: 142, 18: 380, 19: 100, 20: 338, 21: 268, 22: 30, 23: 282, 24: 44, 25: 540, 26: 778, 27: 736, 28: 498, 29: 456, 30: 694, 31: 456, 32: 694, 33: 268, 34: 30, 35: 30, 36: 268, 37: 722, 38: 484, 39: 680, 40: 442, 41: 100, 42: 338, 43: 282, 44: 44, 45: 414, 46: 652, 47: 512, 48: 750, 49: 254, 50: 16, 51: 366, 52: 128, 53: 310, 54: 72, 55: 414, 56: 652, 57: 680, 58: 442, 59: 296, 60: 58, 61: 310, 62: 72, 63: 680, 64: 442, 65: 142, 66: 380, 67: 324, 68: 86, 69: 282, 70: 44, 71: 268, 72: 30, 73: 750, 74: 512, 75: 128, 76: 366, 77: 254, 78: 16, 79: 680, 80: 442, 81: 442, 82: 680, 83: 310, 84: 72, 85: 268, 86: 30, 87: 778, 88: 540, 89: 414, 90: 652, 91: 338, 92: 100, 93: 722, 94: 484, 95: 114, 96: 352, 97: 240, 98: 478, 99: 478, 100: 240, 101: 352, 102: 114, 103: 366, 104: 128, 105: 324, 106: 86, 107: 324, 108: 86, 109: 456, 110: 694, 111: 296, 112: 58, 113: 722, 114: 484, 115: 652, 116: 414, 117: 722, 118: 484, 119: 268, 120: 30, 121: 408, 122: 170, 123: 156, 124: 394, 125: 778, 126: 540, 127: 680, 128: 442, 129: 268, 130: 30, 131: 142, 132: 380, 133: 498, 134: 736, 135: 296, 136: 58, 137: 142, 138: 380, 139: 268, 140: 30, 141: 324, 142: 86, 143: 100, 144: 338, 145: 456, 146: 694, 147: 352, 148: 114, 149: 268, 150: 30, 151: 736, 152: 498, 153: 722, 154: 484, 155: 414, 156: 652, 157: 282, 158: 44, 159: 254, 160: 16, 161: 268, 162: 30, 163: 394, 164: 156, 165: 394, 166: 156, 167: 254, 168: 16, 169: 268, 170: 30, 171: 652, 172: 414, 173: 324, 174: 86, 175: 722, 176: 484, 177: 394, 178: 156, 179: 380, 180: 142, 181: 282, 182: 44, 183: 268, 184: 30, 185: 296, 186: 58, 187: 86, 188: 324, 189: 268, 190: 30, 191: 44, 192: 282, 193: 352, 194: 114, 195: 722, 196: 484, 197: 254, 198: 16, 199: 394, 200: 156}
Number of lables used:  40
Total time: 1.25 seconds
Memory used: 290.09 MB
--------------------------------------------------

Trying with at most 39 labels...
Solution:
{1: 442, 2: 680, 3: 352, 4: 114, 5: 694, 6: 456, 7: 30, 8: 268, 9: 380, 10: 142, 11: 170, 12: 408, 13: 142, 14: 380, 15: 30, 16: 268, 17: 142, 18: 380, 19: 100, 20: 338, 21: 268, 22: 30, 23: 282, 24: 44, 25: 540, 26: 778, 27: 778, 28: 540, 29: 456, 30: 694, 31: 456, 32: 694, 33: 268, 34: 30, 35: 30, 36: 268, 37: 694, 38: 456, 39: 680, 40: 442, 41: 100, 42: 338, 43: 282, 44: 44, 45: 414, 46: 652, 47: 512, 48: 750, 49: 254, 50: 16, 51: 366, 52: 128, 53: 310, 54: 72, 55: 414, 56: 652, 57: 352, 58: 114, 59: 296, 60: 58, 61: 310, 62: 72, 63: 750, 64: 512, 65: 142, 66: 380, 67: 324, 68: 86, 69: 72, 70: 310, 71: 268, 72: 30, 73: 652, 74: 414, 75: 128, 76: 366, 77: 254, 78: 16, 79: 680, 80: 442, 81: 442, 82: 680, 83: 310, 84: 72, 85: 268, 86: 30, 87: 778, 88: 540, 89: 414, 90: 652, 91: 338, 92: 100, 93: 540, 94: 778, 95: 114, 96: 352, 97: 240, 98: 478, 99: 478, 100: 240, 101: 352, 102: 114, 103: 366, 104: 128, 105: 324, 106: 86, 107: 324, 108: 86, 109: 456, 110: 694, 111: 296, 112: 58, 113: 58, 114: 296, 115: 652, 116: 414, 117: 750, 118: 512, 119: 680, 120: 442, 121: 408, 122: 170, 123: 156, 124: 394, 125: 778, 126: 540, 127: 778, 128: 540, 129: 268, 130: 30, 131: 142, 132: 380, 133: 540, 134: 778, 135: 442, 136: 680, 137: 142, 138: 380, 139: 268, 140: 30, 141: 324, 142: 86, 143: 100, 144: 338, 145: 456, 146: 694, 147: 100, 148: 338, 149: 268, 150: 30, 151: 16, 152: 254, 153: 750, 154: 512, 155: 414, 156: 652, 157: 282, 158: 44, 159: 254, 160: 16, 161: 268, 162: 30, 163: 394, 164: 156, 165: 394, 166: 156, 167: 254, 168: 16, 169: 268, 170: 30, 171: 652, 172: 414, 173: 324, 174: 86, 175: 750, 176: 512, 177: 394, 178: 156, 179: 380, 180: 142, 181: 282, 182: 44, 183: 268, 184: 30, 185: 296, 186: 58, 187: 86, 188: 324, 189: 268, 190: 30, 191: 44, 192: 282, 193: 352, 194: 114, 195: 750, 196: 512, 197: 254, 198: 16, 199: 394, 200: 156}
Number of lables used:  36
Total time: 1.30 seconds
Memory used: 290.09 MB
--------------------------------------------------

Trying with at most 35 labels...
Solution:
{1: 282, 2: 44, 3: 352, 4: 114, 5: 666, 6: 428, 7: 30, 8: 268, 9: 86, 10: 324, 11: 170, 12: 408, 13: 554, 14: 792, 15: 380, 16: 142, 17: 170, 18: 408, 19: 100, 20: 338, 21: 30, 22: 268, 23: 282, 24: 44, 25: 268, 26: 30, 27: 792, 28: 554, 29: 352, 30: 114, 31: 554, 32: 792, 33: 366, 34: 128, 35: 30, 36: 268, 37: 394, 38: 156, 39: 680, 40: 442, 41: 100, 42: 338, 43: 296, 44: 58, 45: 554, 46: 792, 47: 680, 48: 442, 49: 254, 50: 16, 51: 366, 52: 128, 53: 666, 54: 428, 55: 58, 56: 296, 57: 324, 58: 86, 59: 296, 60: 58, 61: 296, 62: 58, 63: 428, 64: 666, 65: 142, 66: 380, 67: 414, 68: 652, 69: 114, 70: 352, 71: 268, 72: 30, 73: 792, 74: 554, 75: 338, 76: 100, 77: 254, 78: 16, 79: 680, 80: 442, 81: 442, 82: 680, 83: 100, 84: 338, 85: 268, 86: 30, 87: 44, 88: 282, 89: 414, 90: 652, 91: 338, 92: 100, 93: 414, 94: 652, 95: 114, 96: 352, 97: 240, 98: 478, 99: 478, 100: 240, 101: 366, 102: 128, 103: 380, 104: 142, 105: 324, 106: 86, 107: 324, 108: 86, 109: 414, 110: 652, 111: 338, 112: 100, 113: 16, 114: 254, 115: 792, 116: 554, 117: 324, 118: 86, 119: 100, 120: 338, 121: 408, 122: 170, 123: 16, 124: 254, 125: 114, 126: 352, 127: 442, 128: 680, 129: 554, 130: 792, 131: 142, 132: 380, 133: 282, 134: 44, 135: 44, 136: 282, 137: 352, 138: 114, 139: 652, 140: 414, 141: 268, 142: 30, 143: 100, 144: 338, 145: 792, 146: 554, 147: 142, 148: 380, 149: 268, 150: 30, 151: 58, 152: 296, 153: 16, 154: 254, 155: 310, 156: 72, 157: 86, 158: 324, 159: 666, 160: 428, 161: 268, 162: 30, 163: 414, 164: 652, 165: 254, 166: 16, 167: 792, 168: 554, 169: 792, 170: 554, 171: 652, 172: 414, 173: 268, 174: 30, 175: 58, 176: 296, 177: 86, 178: 324, 179: 408, 180: 170, 181: 100, 182: 338, 183: 58, 184: 296, 185: 296, 186: 58, 187: 114, 188: 352, 189: 268, 190: 30, 191: 666, 192: 428, 193: 128, 194: 366, 195: 414, 196: 652, 197: 254, 198: 16, 199: 792, 200: 554}
Number of lables used:  34
Total time: 1.48 seconds
Memory used: 292.82 MB
--------------------------------------------------

Trying with at most 33 labels...
Solution:
{1: 282, 2: 44, 3: 352, 4: 114, 5: 666, 6: 428, 7: 30, 8: 268, 9: 86, 10: 324, 11: 170, 12: 408, 13: 554, 14: 792, 15: 380, 16: 142, 17: 170, 18: 408, 19: 100, 20: 338, 21: 30, 22: 268, 23: 282, 24: 44, 25: 268, 26: 30, 27: 792, 28: 554, 29: 352, 30: 114, 31: 554, 32: 792, 33: 366, 34: 128, 35: 30, 36: 268, 37: 428, 38: 666, 39: 680, 40: 442, 41: 100, 42: 338, 43: 296, 44: 58, 45: 554, 46: 792, 47: 680, 48: 442, 49: 254, 50: 16, 51: 366, 52: 128, 53: 666, 54: 428, 55: 58, 56: 296, 57: 324, 58: 86, 59: 296, 60: 58, 61: 296, 62: 58, 63: 428, 64: 666, 65: 142, 66: 380, 67: 414, 68: 652, 69: 114, 70: 352, 71: 268, 72: 30, 73: 792, 74: 554, 75: 338, 76: 100, 77: 254, 78: 16, 79: 680, 80: 442, 81: 442, 82: 680, 83: 100, 84: 338, 85: 268, 86: 30, 87: 44, 88: 282, 89: 414, 90: 652, 91: 338, 92: 100, 93: 414, 94: 652, 95: 114, 96: 352, 97: 240, 98: 478, 99: 478, 100: 240, 101: 366, 102: 128, 103: 380, 104: 142, 105: 324, 106: 86, 107: 324, 108: 86, 109: 414, 110: 652, 111: 338, 112: 100, 113: 16, 114: 254, 115: 792, 116: 554, 117: 324, 118: 86, 119: 100, 120: 338, 121: 408, 122: 170, 123: 16, 124: 254, 125: 114, 126: 352, 127: 442, 128: 680, 129: 554, 130: 792, 131: 142, 132: 380, 133: 282, 134: 44, 135: 44, 136: 282, 137: 352, 138: 114, 139: 652, 140: 414, 141: 268, 142: 30, 143: 100, 144: 338, 145: 792, 146: 554, 147: 142, 148: 380, 149: 268, 150: 30, 151: 58, 152: 296, 153: 16, 154: 254, 155: 310, 156: 72, 157: 86, 158: 324, 159: 666, 160: 428, 161: 268, 162: 30, 163: 414, 164: 652, 165: 254, 166: 16, 167: 792, 168: 554, 169: 792, 170: 554, 171: 652, 172: 414, 173: 268, 174: 30, 175: 58, 176: 296, 177: 86, 178: 324, 179: 408, 180: 170, 181: 100, 182: 338, 183: 58, 184: 296, 185: 296, 186: 58, 187: 114, 188: 352, 189: 268, 190: 30, 191: 666, 192: 428, 193: 128, 194: 366, 195: 414, 196: 652, 197: 254, 198: 16, 199: 792, 200: 554}
Number of lables used:  32
Total time: 1.52 seconds
Memory used: 292.82 MB
--------------------------------------------------

Trying with at most 31 labels...
Solution:
{1: 282, 2: 44, 3: 268, 4: 30, 5: 666, 6: 428, 7: 554, 8: 792, 9: 114, 10: 352, 11: 170, 12: 408, 13: 554, 14: 792, 15: 380, 16: 142, 17: 170, 18: 408, 19: 100, 20: 338, 21: 652, 22: 414, 23: 156, 24: 394, 25: 268, 26: 30, 27: 792, 28: 554, 29: 352, 30: 114, 31: 554, 32: 792, 33: 380, 34: 142, 35: 296, 36: 58, 37: 792, 38: 554, 39: 680, 40: 442, 41: 72, 42: 310, 43: 680, 44: 442, 45: 142, 46: 380, 47: 394, 48: 156, 49: 142, 50: 380, 51: 296, 52: 58, 53: 666, 54: 428, 55: 58, 56: 296, 57: 268, 58: 30, 59: 414, 60: 652, 61: 296, 62: 58, 63: 156, 64: 394, 65: 554, 66: 792, 67: 428, 68: 666, 69: 114, 70: 352, 71: 268, 72: 30, 73: 792, 74: 554, 75: 352, 76: 114, 77: 254, 78: 16, 79: 680, 80: 442, 81: 442, 82: 680, 83: 100, 84: 338, 85: 268, 86: 30, 87: 652, 88: 414, 89: 554, 90: 792, 91: 338, 92: 100, 93: 394, 94: 156, 95: 156, 96: 394, 97: 380, 98: 142, 99: 478, 100: 240, 101: 380, 102: 142, 103: 394, 104: 156, 105: 72, 106: 310, 107: 352, 108: 114, 109: 268, 110: 30, 111: 338, 112: 100, 113: 16, 114: 254, 115: 16, 116: 254, 117: 338, 118: 100, 119: 100, 120: 338, 121: 380, 122: 142, 123: 554, 124: 792, 125: 114, 126: 352, 127: 442, 128: 680, 129: 554, 130: 792, 131: 380, 132: 142, 133: 282, 134: 44, 135: 44, 136: 282, 137: 554, 138: 792, 139: 680, 140: 442, 141: 268, 142: 30, 143: 652, 144: 414, 145: 792, 146: 554, 147: 142, 148: 380, 149: 268, 150: 30, 151: 58, 152: 296, 153: 16, 154: 254, 155: 310, 156: 72, 157: 666, 158: 428, 159: 652, 160: 414, 161: 268, 162: 30, 163: 428, 164: 666, 165: 254, 166: 16, 167: 16, 168: 254, 169: 680, 170: 442, 171: 114, 172: 352, 173: 268, 174: 30, 175: 44, 176: 282, 177: 268, 178: 30, 179: 408, 180: 170, 181: 100, 182: 338, 183: 58, 184: 296, 185: 296, 186: 58, 187: 114, 188: 352, 189: 442, 190: 680, 191: 666, 192: 428, 193: 554, 194: 792, 195: 442, 196: 680, 197: 338, 198: 100, 199: 792, 200: 554}
Number of lables used:  30
Total time: 1.58 seconds
Memory used: 292.82 MB
--------------------------------------------------

Trying with at most 29 labels...
Solution:
{1: 282, 2: 44, 3: 268, 4: 30, 5: 666, 6: 428, 7: 554, 8: 792, 9: 114, 10: 352, 11: 170, 12: 408, 13: 554, 14: 792, 15: 380, 16: 142, 17: 170, 18: 408, 19: 142, 20: 380, 21: 652, 22: 414, 23: 156, 24: 394, 25: 268, 26: 30, 27: 792, 28: 554, 29: 352, 30: 114, 31: 554, 32: 792, 33: 666, 34: 428, 35: 296, 36: 58, 37: 792, 38: 554, 39: 680, 40: 442, 41: 72, 42: 310, 43: 680, 44: 442, 45: 142, 46: 380, 47: 394, 48: 156, 49: 352, 50: 114, 51: 296, 52: 58, 53: 666, 54: 428, 55: 58, 56: 296, 57: 268, 58: 30, 59: 414, 60: 652, 61: 296, 62: 58, 63: 156, 64: 394, 65: 554, 66: 792, 67: 428, 68: 666, 69: 114, 70: 352, 71: 268, 72: 30, 73: 792, 74: 554, 75: 792, 76: 554, 77: 254, 78: 16, 79: 680, 80: 442, 81: 442, 82: 680, 83: 114, 84: 352, 85: 268, 86: 30, 87: 428, 88: 666, 89: 554, 90: 792, 91: 254, 92: 16, 93: 428, 94: 666, 95: 156, 96: 394, 97: 380, 98: 142, 99: 478, 100: 240, 101: 380, 102: 142, 103: 58, 104: 296, 105: 72, 106: 310, 107: 380, 108: 142, 109: 268, 110: 30, 111: 352, 112: 114, 113: 16, 114: 254, 115: 16, 116: 254, 117: 352, 118: 114, 119: 428, 120: 666, 121: 380, 122: 142, 123: 554, 124: 792, 125: 114, 126: 352, 127: 554, 128: 792, 129: 554, 130: 792, 131: 380, 132: 142, 133: 282, 134: 44, 135: 44, 136: 282, 137: 554, 138: 792, 139: 680, 140: 442, 141: 268, 142: 30, 143: 652, 144: 414, 145: 792, 146: 554, 147: 142, 148: 380, 149: 268, 150: 30, 151: 58, 152: 296, 153: 16, 154: 254, 155: 310, 156: 72, 157: 666, 158: 428, 159: 652, 160: 414, 161: 268, 162: 30, 163: 428, 164: 666, 165: 254, 166: 16, 167: 16, 168: 254, 169: 680, 170: 442, 171: 114, 172: 352, 173: 268, 174: 30, 175: 44, 176: 282, 177: 792, 178: 554, 179: 408, 180: 170, 181: 156, 182: 394, 183: 58, 184: 296, 185: 296, 186: 58, 187: 114, 188: 352, 189: 310, 190: 72, 191: 666, 192: 428, 193: 554, 194: 792, 195: 442, 196: 680, 197: 352, 198: 114, 199: 792, 200: 554}
Number of lables used:  28
Total time: 1.62 seconds
Memory used: 292.82 MB
--------------------------------------------------

Trying with at most 27 labels...
Solution:
{1: 282, 2: 44, 3: 268, 4: 30, 5: 352, 6: 114, 7: 554, 8: 792, 9: 114, 10: 352, 11: 170, 12: 408, 13: 554, 14: 792, 15: 380, 16: 142, 17: 170, 18: 408, 19: 142, 20: 380, 21: 652, 22: 414, 23: 156, 24: 394, 25: 268, 26: 30, 27: 792, 28: 554, 29: 352, 30: 114, 31: 554, 32: 792, 33: 666, 34: 428, 35: 296, 36: 58, 37: 792, 38: 554, 39: 652, 40: 414, 41: 72, 42: 310, 43: 666, 44: 428, 45: 254, 46: 16, 47: 394, 48: 156, 49: 352, 50: 114, 51: 296, 52: 58, 53: 666, 54: 428, 55: 58, 56: 296, 57: 268, 58: 30, 59: 652, 60: 414, 61: 296, 62: 58, 63: 428, 64: 666, 65: 16, 66: 254, 67: 428, 68: 666, 69: 114, 70: 352, 71: 268, 72: 30, 73: 792, 74: 554, 75: 792, 76: 554, 77: 254, 78: 16, 79: 666, 80: 428, 81: 792, 82: 554, 83: 114, 84: 352, 85: 268, 86: 30, 87: 428, 88: 666, 89: 554, 90: 792, 91: 254, 92: 16, 93: 428, 94: 666, 95: 156, 96: 394, 97: 478, 98: 240, 99: 478, 100: 240, 101: 380, 102: 142, 103: 58, 104: 296, 105: 254, 106: 16, 107: 380, 108: 142, 109: 352, 110: 114, 111: 352, 112: 114, 113: 16, 114: 254, 115: 16, 116: 254, 117: 352, 118: 114, 119: 428, 120: 666, 121: 380, 122: 142, 123: 554, 124: 792, 125: 114, 126: 352, 127: 554, 128: 792, 129: 554, 130: 792, 131: 142, 132: 380, 133: 268, 134: 30, 135: 44, 136: 282, 137: 554, 138: 792, 139: 666, 140: 428, 141: 268, 142: 30, 143: 652, 144: 414, 145: 792, 146: 554, 147: 142, 148: 380, 149: 268, 150: 30, 151: 58, 152: 296, 153: 114, 154: 352, 155: 310, 156: 72, 157: 666, 158: 428, 159: 652, 160: 414, 161: 310, 162: 72, 163: 428, 164: 666, 165: 254, 166: 16, 167: 16, 168: 254, 169: 114, 170: 352, 171: 114, 172: 352, 173: 268, 174: 30, 175: 44, 176: 282, 177: 792, 178: 554, 179: 478, 180: 240, 181: 156, 182: 394, 183: 380, 184: 142, 185: 296, 186: 58, 187: 16, 188: 254, 189: 310, 190: 72, 191: 666, 192: 428, 193: 554, 194: 792, 195: 428, 196: 666, 197: 352, 198: 114, 199: 792, 200: 554}
Number of lables used:  26
Total time: 1.68 seconds
Memory used: 292.82 MB
--------------------------------------------------

Trying with at most 25 labels...
Solution:
{1: 282, 2: 44, 3: 268, 4: 30, 5: 352, 6: 114, 7: 414, 8: 652, 9: 114, 10: 352, 11: 170, 12: 408, 13: 554, 14: 792, 15: 380, 16: 142, 17: 170, 18: 408, 19: 142, 20: 380, 21: 652, 22: 414, 23: 666, 24: 428, 25: 268, 26: 30, 27: 792, 28: 554, 29: 352, 30: 114, 31: 554, 32: 792, 33: 666, 34: 428, 35: 296, 36: 58, 37: 792, 38: 554, 39: 652, 40: 414, 41: 72, 42: 310, 43: 666, 44: 428, 45: 254, 46: 16, 47: 380, 48: 142, 49: 352, 50: 114, 51: 296, 52: 58, 53: 666, 54: 428, 55: 58, 56: 296, 57: 268, 58: 30, 59: 652, 60: 414, 61: 296, 62: 58, 63: 428, 64: 666, 65: 16, 66: 254, 67: 428, 68: 666, 69: 114, 70: 352, 71: 268, 72: 30, 73: 792, 74: 554, 75: 792, 76: 554, 77: 254, 78: 16, 79: 666, 80: 428, 81: 792, 82: 554, 83: 114, 84: 352, 85: 268, 86: 30, 87: 428, 88: 666, 89: 554, 90: 792, 91: 254, 92: 16, 93: 428, 94: 666, 95: 554, 96: 792, 97: 478, 98: 240, 99: 478, 100: 240, 101: 380, 102: 142, 103: 58, 104: 296, 105: 254, 106: 16, 107: 380, 108: 142, 109: 352, 110: 114, 111: 352, 112: 114, 113: 16, 114: 254, 115: 16, 116: 254, 117: 352, 118: 114, 119: 428, 120: 666, 121: 380, 122: 142, 123: 554, 124: 792, 125: 114, 126: 352, 127: 554, 128: 792, 129: 554, 130: 792, 131: 142, 132: 380, 133: 268, 134: 30, 135: 44, 136: 282, 137: 554, 138: 792, 139: 666, 140: 428, 141: 268, 142: 30, 143: 666, 144: 428, 145: 792, 146: 554, 147: 142, 148: 380, 149: 268, 150: 30, 151: 58, 152: 296, 153: 114, 154: 352, 155: 310, 156: 72, 157: 666, 158: 428, 159: 652, 160: 414, 161: 310, 162: 72, 163: 428, 164: 666, 165: 254, 166: 16, 167: 16, 168: 254, 169: 114, 170: 352, 171: 114, 172: 352, 173: 282, 174: 44, 175: 44, 176: 282, 177: 792, 178: 554, 179: 478, 180: 240, 181: 16, 182: 254, 183: 380, 184: 142, 185: 296, 186: 58, 187: 16, 188: 254, 189: 310, 190: 72, 191: 666, 192: 428, 193: 554, 194: 792, 195: 428, 196: 666, 197: 352, 198: 114, 199: 792, 200: 554}
Number of lables used:  24
Total time: 1.72 seconds
Memory used: 292.82 MB
--------------------------------------------------

Trying with at most 23 labels...
Solution:
{1: 282, 2: 44, 3: 268, 4: 30, 5: 352, 6: 114, 7: 414, 8: 652, 9: 114, 10: 352, 11: 380, 12: 142, 13: 554, 14: 792, 15: 380, 16: 142, 17: 142, 18: 380, 19: 142, 20: 380, 21: 652, 22: 414, 23: 666, 24: 428, 25: 268, 26: 30, 27: 792, 28: 554, 29: 352, 30: 114, 31: 554, 32: 792, 33: 666, 34: 428, 35: 296, 36: 58, 37: 792, 38: 554, 39: 652, 40: 414, 41: 72, 42: 310, 43: 666, 44: 428, 45: 254, 46: 16, 47: 380, 48: 142, 49: 352, 50: 114, 51: 296, 52: 58, 53: 666, 54: 428, 55: 58, 56: 296, 57: 268, 58: 30, 59: 652, 60: 414, 61: 254, 62: 16, 63: 428, 64: 666, 65: 16, 66: 254, 67: 428, 68: 666, 69: 114, 70: 352, 71: 268, 72: 30, 73: 792, 74: 554, 75: 792, 76: 554, 77: 254, 78: 16, 79: 666, 80: 428, 81: 792, 82: 554, 83: 114, 84: 352, 85: 268, 86: 30, 87: 428, 88: 666, 89: 554, 90: 792, 91: 254, 92: 16, 93: 428, 94: 666, 95: 554, 96: 792, 97: 478, 98: 240, 99: 478, 100: 240, 101: 296, 102: 58, 103: 58, 104: 296, 105: 254, 106: 16, 107: 380, 108: 142, 109: 352, 110: 114, 111: 352, 112: 114, 113: 16, 114: 254, 115: 16, 116: 254, 117: 352, 118: 114, 119: 428, 120: 666, 121: 380, 122: 142, 123: 554, 124: 792, 125: 72, 126: 310, 127: 554, 128: 792, 129: 554, 130: 792, 131: 142, 132: 380, 133: 268, 134: 30, 135: 44, 136: 282, 137: 352, 138: 114, 139: 666, 140: 428, 141: 268, 142: 30, 143: 666, 144: 428, 145: 792, 146: 554, 147: 142, 148: 380, 149: 268, 150: 30, 151: 58, 152: 296, 153: 114, 154: 352, 155: 310, 156: 72, 157: 666, 158: 428, 159: 652, 160: 414, 161: 310, 162: 72, 163: 428, 164: 666, 165: 254, 166: 16, 167: 16, 168: 254, 169: 554, 170: 792, 171: 114, 172: 352, 173: 282, 174: 44, 175: 44, 176: 282, 177: 792, 178: 554, 179: 478, 180: 240, 181: 16, 182: 254, 183: 380, 184: 142, 185: 296, 186: 58, 187: 16, 188: 254, 189: 310, 190: 72, 191: 666, 192: 428, 193: 554, 194: 792, 195: 428, 196: 666, 197: 352, 198: 114, 199: 792, 200: 554}
Number of lables used:  22
Total time: 1.77 seconds
Memory used: 292.82 MB
--------------------------------------------------

Trying with at most 21 labels...
Solution:
{1: 428, 2: 666, 3: 268, 4: 30, 5: 30, 6: 268, 7: 792, 8: 554, 9: 554, 10: 792, 11: 240, 12: 478, 13: 792, 14: 554, 15: 268, 16: 30, 17: 142, 18: 380, 19: 792, 20: 554, 21: 456, 22: 694, 23: 282, 24: 44, 25: 380, 26: 142, 27: 666, 28: 428, 29: 142, 30: 380, 31: 380, 32: 142, 33: 694, 34: 456, 35: 44, 36: 282, 37: 694, 38: 456, 39: 722, 40: 484, 41: 30, 42: 268, 43: 30, 44: 268, 45: 282, 46: 44, 47: 282, 48: 44, 49: 30, 50: 268, 51: 456, 52: 694, 53: 428, 54: 666, 55: 380, 56: 142, 57: 554, 58: 792, 59: 142, 60: 380, 61: 30, 62: 268, 63: 666, 64: 428, 65: 722, 66: 484, 67: 512, 68: 750, 69: 44, 70: 282, 71: 750, 72: 512, 73: 142, 74: 380, 75: 792, 76: 554, 77: 44, 78: 282, 79: 44, 80: 282, 81: 792, 82: 554, 83: 30, 84: 268, 85: 484, 86: 722, 87: 44, 88: 282, 89: 512, 90: 750, 91: 666, 92: 428, 93: 484, 94: 722, 95: 694, 96: 456, 97: 142, 98: 380, 99: 170, 100: 408, 101: 694, 102: 456, 103: 666, 104: 428, 105: 722, 106: 484, 107: 722, 108: 484, 109: 428, 110: 666, 111: 750, 112: 512, 113: 30, 114: 268, 115: 380, 116: 142, 117: 380, 118: 142, 119: 30, 120: 268, 121: 240, 122: 478, 123: 456, 124: 694, 125: 428, 126: 666, 127: 554, 128: 792, 129: 750, 130: 512, 131: 380, 132: 142, 133: 456, 134: 694, 135: 792, 136: 554, 137: 142, 138: 380, 139: 750, 140: 512, 141: 512, 142: 750, 143: 666, 144: 428, 145: 554, 146: 792, 147: 512, 148: 750, 149: 268, 150: 30, 151: 428, 152: 666, 153: 30, 154: 268, 155: 30, 156: 268, 157: 44, 158: 282, 159: 722, 160: 484, 161: 792, 162: 554, 163: 456, 164: 694, 165: 380, 166: 142, 167: 512, 168: 750, 169: 750, 170: 512, 171: 142, 172: 380, 173: 380, 174: 142, 175: 44, 176: 282, 177: 380, 178: 142, 179: 408, 180: 170, 181: 428, 182: 666, 183: 282, 184: 44, 185: 44, 186: 282, 187: 142, 188: 380, 189: 30, 190: 268, 191: 666, 192: 428, 193: 512, 194: 750, 195: 30, 196: 268, 197: 554, 198: 792, 199: 512, 200: 750}
Number of lables used:  20
Total time: 1.85 seconds
Memory used: 292.82 MB
--------------------------------------------------

Trying with at most 19 labels...
Solution:
{1: 428, 2: 666, 3: 296, 4: 58, 5: 44, 6: 282, 7: 554, 8: 792, 9: 296, 10: 58, 11: 240, 12: 478, 13: 554, 14: 792, 15: 792, 16: 554, 17: 478, 18: 240, 19: 554, 20: 792, 21: 750, 22: 512, 23: 792, 24: 554, 25: 380, 26: 142, 27: 666, 28: 428, 29: 142, 30: 380, 31: 380, 32: 142, 33: 750, 34: 512, 35: 142, 36: 380, 37: 282, 38: 44, 39: 750, 40: 512, 41: 44, 42: 282, 43: 484, 44: 722, 45: 792, 46: 554, 47: 44, 48: 282, 49: 792, 50: 554, 51: 456, 52: 694, 53: 428, 54: 666, 55: 282, 56: 44, 57: 142, 58: 380, 59: 142, 60: 380, 61: 296, 62: 58, 63: 750, 64: 512, 65: 722, 66: 484, 67: 484, 68: 722, 69: 58, 70: 296, 71: 750, 72: 512, 73: 142, 74: 380, 75: 792, 76: 554, 77: 44, 78: 282, 79: 58, 80: 296, 81: 58, 82: 296, 83: 58, 84: 296, 85: 512, 86: 750, 87: 296, 88: 58, 89: 512, 90: 750, 91: 666, 92: 428, 93: 484, 94: 722, 95: 456, 96: 694, 97: 142, 98: 380, 99: 142, 100: 380, 101: 554, 102: 792, 103: 666, 104: 428, 105: 792, 106: 554, 107: 722, 108: 484, 109: 428, 110: 666, 111: 750, 112: 512, 113: 44, 114: 282, 115: 142, 116: 380, 117: 380, 118: 142, 119: 512, 120: 750, 121: 240, 122: 478, 123: 456, 124: 694, 125: 428, 126: 666, 127: 456, 128: 694, 129: 750, 130: 512, 131: 380, 132: 142, 133: 456, 134: 694, 135: 456, 136: 694, 137: 792, 138: 554, 139: 694, 140: 456, 141: 428, 142: 666, 143: 666, 144: 428, 145: 44, 146: 282, 147: 554, 148: 792, 149: 44, 150: 282, 151: 142, 152: 380, 153: 296, 154: 58, 155: 44, 156: 282, 157: 58, 158: 296, 159: 722, 160: 484, 161: 512, 162: 750, 163: 456, 164: 694, 165: 282, 166: 44, 167: 750, 168: 512, 169: 142, 170: 380, 171: 142, 172: 380, 173: 456, 174: 694, 175: 58, 176: 296, 177: 792, 178: 554, 179: 240, 180: 478, 181: 666, 182: 428, 183: 142, 184: 380, 185: 44, 186: 282, 187: 44, 188: 282, 189: 58, 190: 296, 191: 666, 192: 428, 193: 792, 194: 554, 195: 44, 196: 282, 197: 512, 198: 750, 199: 456, 200: 694}
Number of lables used:  18
Total time: 1.90 seconds
Memory used: 292.82 MB
--------------------------------------------------

Trying with at most 17 labels...
Solution:
{1: 428, 2: 666, 3: 296, 4: 58, 5: 44, 6: 282, 7: 554, 8: 792, 9: 296, 10: 58, 11: 240, 12: 478, 13: 554, 14: 792, 15: 296, 16: 58, 17: 478, 18: 240, 19: 554, 20: 792, 21: 750, 22: 512, 23: 792, 24: 554, 25: 380, 26: 142, 27: 666, 28: 428, 29: 512, 30: 750, 31: 380, 32: 142, 33: 428, 34: 666, 35: 142, 36: 380, 37: 44, 38: 282, 39: 750, 40: 512, 41: 44, 42: 282, 43: 694, 44: 456, 45: 792, 46: 554, 47: 44, 48: 282, 49: 792, 50: 554, 51: 456, 52: 694, 53: 428, 54: 666, 55: 282, 56: 44, 57: 142, 58: 380, 59: 142, 60: 380, 61: 296, 62: 58, 63: 750, 64: 512, 65: 750, 66: 512, 67: 428, 68: 666, 69: 58, 70: 296, 71: 750, 72: 512, 73: 142, 74: 380, 75: 792, 76: 554, 77: 44, 78: 282, 79: 58, 80: 296, 81: 58, 82: 296, 83: 296, 84: 58, 85: 512, 86: 750, 87: 142, 88: 380, 89: 512, 90: 750, 91: 666, 92: 428, 93: 512, 94: 750, 95: 456, 96: 694, 97: 142, 98: 380, 99: 142, 100: 380, 101: 554, 102: 792, 103: 428, 104: 666, 105: 792, 106: 554, 107: 44, 108: 282, 109: 428, 110: 666, 111: 750, 112: 512, 113: 44, 114: 282, 115: 142, 116: 380, 117: 380, 118: 142, 119: 512, 120: 750, 121: 240, 122: 478, 123: 456, 124: 694, 125: 428, 126: 666, 127: 456, 128: 694, 129: 750, 130: 512, 131: 380, 132: 142, 133: 456, 134: 694, 135: 456, 136: 694, 137: 792, 138: 554, 139: 694, 140: 456, 141: 694, 142: 456, 143: 666, 144: 428, 145: 44, 146: 282, 147: 554, 148: 792, 149: 792, 150: 554, 151: 142, 152: 380, 153: 296, 154: 58, 155: 44, 156: 282, 157: 58, 158: 296, 159: 750, 160: 512, 161: 512, 162: 750, 163: 456, 164: 694, 165: 282, 166: 44, 167: 750, 168: 512, 169: 142, 170: 380, 171: 142, 172: 380, 173: 456, 174: 694, 175: 58, 176: 296, 177: 792, 178: 554, 179: 240, 180: 478, 181: 666, 182: 428, 183: 142, 184: 380, 185: 282, 186: 44, 187: 44, 188: 282, 189: 58, 190: 296, 191: 666, 192: 428, 193: 792, 194: 554, 195: 282, 196: 44, 197: 512, 198: 750, 199: 456, 200: 694}
Number of lables used:  16
Total time: 1.95 seconds
Memory used: 292.82 MB
--------------------------------------------------

Trying with at most 15 labels...
Solution:
{1: 30, 2: 268, 3: 30, 4: 268, 5: 792, 6: 554, 7: 268, 8: 30, 9: 380, 10: 142, 11: 240, 12: 478, 13: 30, 14: 268, 15: 268, 16: 30, 17: 380, 18: 142, 19: 792, 20: 554, 21: 282, 22: 44, 23: 30, 24: 268, 25: 554, 26: 792, 27: 44, 28: 282, 29: 554, 30: 792, 31: 338, 32: 100, 33: 44, 34: 282, 35: 30, 36: 268, 37: 680, 38: 442, 39: 30, 40: 268, 41: 100, 42: 338, 43: 268, 44: 30, 45: 680, 46: 442, 47: 554, 48: 792, 49: 30, 50: 268, 51: 680, 52: 442, 53: 338, 54: 100, 55: 338, 56: 100, 57: 792, 58: 554, 59: 100, 60: 338, 61: 268, 62: 30, 63: 442, 64: 680, 65: 792, 66: 554, 67: 282, 68: 44, 69: 268, 70: 30, 71: 282, 72: 44, 73: 792, 74: 554, 75: 792, 76: 554, 77: 44, 78: 282, 79: 100, 80: 338, 81: 792, 82: 554, 83: 380, 84: 142, 85: 442, 86: 680, 87: 792, 88: 554, 89: 792, 90: 554, 91: 680, 92: 442, 93: 680, 94: 442, 95: 380, 96: 142, 97: 478, 98: 240, 99: 478, 100: 240, 101: 680, 102: 442, 103: 442, 104: 680, 105: 380, 106: 142, 107: 100, 108: 338, 109: 268, 110: 30, 111: 44, 112: 282, 113: 44, 114: 282, 115: 442, 116: 680, 117: 680, 118: 442, 119: 282, 120: 44, 121: 380, 122: 142, 123: 792, 124: 554, 125: 338, 126: 100, 127: 554, 128: 792, 129: 792, 130: 554, 131: 240, 132: 478, 133: 380, 134: 142, 135: 100, 136: 338, 137: 142, 138: 380, 139: 282, 140: 44, 141: 142, 142: 380, 143: 100, 144: 338, 145: 554, 146: 792, 147: 338, 148: 100, 149: 380, 150: 142, 151: 442, 152: 680, 153: 380, 154: 142, 155: 100, 156: 338, 157: 680, 158: 442, 159: 30, 160: 268, 161: 442, 162: 680, 163: 554, 164: 792, 165: 380, 166: 142, 167: 44, 168: 282, 169: 792, 170: 554, 171: 680, 172: 442, 173: 338, 174: 100, 175: 792, 176: 554, 177: 554, 178: 792, 179: 478, 180: 240, 181: 380, 182: 142, 183: 282, 184: 44, 185: 442, 186: 680, 187: 100, 188: 338, 189: 30, 190: 268, 191: 442, 192: 680, 193: 338, 194: 100, 195: 100, 196: 338, 197: 792, 198: 554, 199: 680, 200: 442}
Number of lables used:  14
Total time: 2.44 seconds
Memory used: 322.00 MB
--------------------------------------------------

Trying with at most 13 labels...
Cannot find solution.
No more solutions found.
Optimal number of labels used:  14
Total time: 8.01 seconds
Memory used: 280.50 MB
[runlim] end:			Sun Jun 14 02:06:16 2026
[runlim] status:		ok
[runlim] result:		0
[runlim] children:		1
[runlim] processes:		2
[runlim] real:			8.08 seconds
[runlim] time:			7.99 seconds
[runlim] space:			337 MB
[runlim] load:			1.07 maximum
[runlim] samples:		81
