[runlim] version:		2.0.0rc12
[runlim] host:			ap-Precision-7550
[runlim] time limit:		311040000 seconds
[runlim] real time limit:	600 seconds
[runlim] space limit:		14000 MB
[runlim] argv[0]:		python3
[runlim] argv[1]:		-u
[runlim] argv[2]:		pairwise.py
[runlim] argv[3]:		TUD200.1
[runlim] argv[4]:		assumptions
[runlim] argv[5]:		3
[runlim] argv[6]:		card
[runlim] argv[7]:		3
[runlim] start:			Sun Jun 14 02:05:21 2026
[runlim] child:			18579
Exactly-one cardinality encoding:  3
Distance constraint mode:  card
Distance cardinality encoding:  3
Number of assignment variables:  7986
Number of clauses for exactly one constraints:  46324
Number of clauses for distance constraints:  926350
---------------------------------------------------
Solve first problem:
Solution:
{1: 442, 2: 680, 3: 414, 4: 652, 5: 540, 6: 778, 7: 722, 8: 484, 9: 142, 10: 380, 11: 736, 12: 498, 13: 16, 14: 254, 15: 366, 16: 128, 17: 652, 18: 414, 19: 254, 20: 16, 21: 268, 22: 30, 23: 100, 24: 338, 25: 338, 26: 100, 27: 282, 28: 44, 29: 666, 30: 428, 31: 708, 32: 470, 33: 554, 34: 792, 35: 764, 36: 526, 37: 666, 38: 428, 39: 540, 40: 778, 41: 750, 42: 512, 43: 652, 44: 414, 45: 792, 46: 554, 47: 44, 48: 282, 49: 652, 50: 414, 51: 778, 52: 540, 53: 652, 54: 414, 55: 694, 56: 456, 57: 736, 58: 498, 59: 254, 60: 16, 61: 114, 62: 352, 63: 414, 64: 652, 65: 778, 66: 540, 67: 366, 68: 128, 69: 652, 70: 414, 71: 526, 72: 764, 73: 324, 74: 86, 75: 456, 76: 694, 77: 652, 78: 414, 79: 156, 80: 394, 81: 72, 82: 310, 83: 310, 84: 72, 85: 86, 86: 324, 87: 338, 88: 100, 89: 778, 90: 540, 91: 324, 92: 86, 93: 652, 94: 414, 95: 652, 96: 414, 97: 268, 98: 30, 99: 750, 100: 512, 101: 352, 102: 114, 103: 268, 104: 30, 105: 128, 106: 366, 107: 442, 108: 680, 109: 114, 110: 352, 111: 30, 112: 268, 113: 366, 114: 128, 115: 310, 116: 72, 117: 268, 118: 30, 119: 694, 120: 456, 121: 324, 122: 86, 123: 72, 124: 310, 125: 722, 126: 484, 127: 414, 128: 652, 129: 380, 130: 142, 131: 428, 132: 666, 133: 554, 134: 792, 135: 58, 136: 296, 137: 338, 138: 100, 139: 380, 140: 142, 141: 428, 142: 666, 143: 268, 144: 30, 145: 282, 146: 44, 147: 254, 148: 16, 149: 282, 150: 44, 151: 296, 152: 58, 153: 282, 154: 44, 155: 282, 156: 44, 157: 254, 158: 16, 159: 254, 160: 16, 161: 470, 162: 708, 163: 254, 164: 16, 165: 72, 166: 310, 167: 282, 168: 44, 169: 254, 170: 16, 171: 254, 172: 16, 173: 268, 174: 30, 175: 366, 176: 128, 177: 366, 178: 128, 179: 254, 180: 16, 181: 792, 182: 554, 183: 58, 184: 296, 185: 254, 186: 16, 187: 156, 188: 394, 189: 254, 190: 16, 191: 254, 192: 16, 193: 254, 194: 16, 195: 254, 196: 16, 197: 254, 198: 16, 199: 540, 200: 778}
Number of lables used:  44
Total time: 1.21 seconds
Memory used: 303.71 MB
--------------------------------------------------
Number of label variables:  48
Number of clauses for label constraints:  7986
Number of new variables for cardinality constraints:  1161
Number of clauses for cardinality constraints:  4558
Initial variable count:  661478
Initial clause count:  985264
--------------------------------------------------

Trying with at most 43 labels...
Solution:
{1: 442, 2: 680, 3: 156, 4: 394, 5: 414, 6: 652, 7: 722, 8: 484, 9: 310, 10: 72, 11: 456, 12: 694, 13: 16, 14: 254, 15: 366, 16: 128, 17: 652, 18: 414, 19: 254, 20: 16, 21: 268, 22: 30, 23: 100, 24: 338, 25: 338, 26: 100, 27: 282, 28: 44, 29: 666, 30: 428, 31: 380, 32: 142, 33: 282, 34: 44, 35: 414, 36: 652, 37: 666, 38: 428, 39: 142, 40: 380, 41: 282, 42: 44, 43: 324, 44: 86, 45: 428, 46: 666, 47: 44, 48: 282, 49: 428, 50: 666, 51: 414, 52: 652, 53: 680, 54: 442, 55: 380, 56: 142, 57: 414, 58: 652, 59: 708, 60: 470, 61: 114, 62: 352, 63: 44, 64: 282, 65: 114, 66: 352, 67: 394, 68: 156, 69: 680, 70: 442, 71: 414, 72: 652, 73: 352, 74: 114, 75: 456, 76: 694, 77: 380, 78: 142, 79: 156, 80: 394, 81: 72, 82: 310, 83: 338, 84: 100, 85: 86, 86: 324, 87: 338, 88: 100, 89: 428, 90: 666, 91: 268, 92: 30, 93: 652, 94: 414, 95: 414, 96: 652, 97: 268, 98: 30, 99: 324, 100: 86, 101: 352, 102: 114, 103: 268, 104: 30, 105: 128, 106: 366, 107: 456, 108: 694, 109: 114, 110: 352, 111: 30, 112: 268, 113: 366, 114: 128, 115: 310, 116: 72, 117: 268, 118: 30, 119: 722, 120: 484, 121: 324, 122: 86, 123: 72, 124: 310, 125: 722, 126: 484, 127: 128, 128: 366, 129: 478, 130: 240, 131: 428, 132: 666, 133: 254, 134: 16, 135: 58, 136: 296, 137: 338, 138: 100, 139: 338, 140: 100, 141: 428, 142: 666, 143: 268, 144: 30, 145: 44, 146: 282, 147: 470, 148: 708, 149: 282, 150: 44, 151: 652, 152: 414, 153: 282, 154: 44, 155: 282, 156: 44, 157: 254, 158: 16, 159: 16, 160: 254, 161: 470, 162: 708, 163: 254, 164: 16, 165: 72, 166: 310, 167: 142, 168: 380, 169: 254, 170: 16, 171: 254, 172: 16, 173: 268, 174: 30, 175: 366, 176: 128, 177: 484, 178: 722, 179: 254, 180: 16, 181: 652, 182: 414, 183: 58, 184: 296, 185: 254, 186: 16, 187: 156, 188: 394, 189: 254, 190: 16, 191: 254, 192: 16, 193: 254, 194: 16, 195: 254, 196: 16, 197: 254, 198: 16, 199: 380, 200: 142}
Number of lables used:  36
Total time: 1.30 seconds
Memory used: 303.90 MB
--------------------------------------------------

Trying with at most 35 labels...
Solution:
{1: 442, 2: 680, 3: 156, 4: 394, 5: 414, 6: 652, 7: 722, 8: 484, 9: 310, 10: 72, 11: 456, 12: 694, 13: 16, 14: 254, 15: 366, 16: 128, 17: 652, 18: 414, 19: 254, 20: 16, 21: 268, 22: 30, 23: 100, 24: 338, 25: 338, 26: 100, 27: 282, 28: 44, 29: 666, 30: 428, 31: 380, 32: 142, 33: 282, 34: 44, 35: 414, 36: 652, 37: 666, 38: 428, 39: 142, 40: 380, 41: 282, 42: 44, 43: 380, 44: 142, 45: 428, 46: 666, 47: 44, 48: 282, 49: 428, 50: 666, 51: 414, 52: 652, 53: 680, 54: 442, 55: 380, 56: 142, 57: 414, 58: 652, 59: 708, 60: 470, 61: 114, 62: 352, 63: 44, 64: 282, 65: 114, 66: 352, 67: 394, 68: 156, 69: 680, 70: 442, 71: 414, 72: 652, 73: 352, 74: 114, 75: 456, 76: 694, 77: 380, 78: 142, 79: 156, 80: 394, 81: 72, 82: 310, 83: 338, 84: 100, 85: 100, 86: 338, 87: 338, 88: 100, 89: 428, 90: 666, 91: 268, 92: 30, 93: 652, 94: 414, 95: 414, 96: 652, 97: 268, 98: 30, 99: 394, 100: 156, 101: 352, 102: 114, 103: 268, 104: 30, 105: 128, 106: 366, 107: 456, 108: 694, 109: 114, 110: 352, 111: 30, 112: 268, 113: 366, 114: 128, 115: 310, 116: 72, 117: 268, 118: 30, 119: 722, 120: 484, 121: 722, 122: 484, 123: 72, 124: 310, 125: 722, 126: 484, 127: 128, 128: 366, 129: 478, 130: 240, 131: 428, 132: 666, 133: 254, 134: 16, 135: 58, 136: 296, 137: 338, 138: 100, 139: 338, 140: 100, 141: 428, 142: 666, 143: 268, 144: 30, 145: 44, 146: 282, 147: 470, 148: 708, 149: 282, 150: 44, 151: 652, 152: 414, 153: 282, 154: 44, 155: 282, 156: 44, 157: 254, 158: 16, 159: 16, 160: 254, 161: 470, 162: 708, 163: 254, 164: 16, 165: 72, 166: 310, 167: 142, 168: 380, 169: 254, 170: 16, 171: 254, 172: 16, 173: 268, 174: 30, 175: 366, 176: 128, 177: 484, 178: 722, 179: 254, 180: 16, 181: 652, 182: 414, 183: 58, 184: 296, 185: 254, 186: 16, 187: 156, 188: 394, 189: 254, 190: 16, 191: 254, 192: 16, 193: 254, 194: 16, 195: 254, 196: 16, 197: 254, 198: 16, 199: 380, 200: 142}
Number of lables used:  34
Total time: 1.35 seconds
Memory used: 303.90 MB
--------------------------------------------------

Trying with at most 33 labels...
Solution:
{1: 442, 2: 680, 3: 156, 4: 394, 5: 414, 6: 652, 7: 722, 8: 484, 9: 310, 10: 72, 11: 456, 12: 694, 13: 16, 14: 254, 15: 366, 16: 128, 17: 652, 18: 414, 19: 254, 20: 16, 21: 352, 22: 114, 23: 100, 24: 338, 25: 338, 26: 100, 27: 16, 28: 254, 29: 666, 30: 428, 31: 380, 32: 142, 33: 282, 34: 44, 35: 414, 36: 652, 37: 666, 38: 428, 39: 142, 40: 380, 41: 254, 42: 16, 43: 380, 44: 142, 45: 428, 46: 666, 47: 44, 48: 282, 49: 428, 50: 666, 51: 414, 52: 652, 53: 708, 54: 470, 55: 380, 56: 142, 57: 414, 58: 652, 59: 708, 60: 470, 61: 114, 62: 352, 63: 44, 64: 282, 65: 114, 66: 352, 67: 394, 68: 156, 69: 680, 70: 442, 71: 414, 72: 652, 73: 352, 74: 114, 75: 456, 76: 694, 77: 380, 78: 142, 79: 156, 80: 394, 81: 72, 82: 310, 83: 338, 84: 100, 85: 100, 86: 338, 87: 338, 88: 100, 89: 428, 90: 666, 91: 282, 92: 44, 93: 652, 94: 414, 95: 414, 96: 652, 97: 282, 98: 44, 99: 394, 100: 156, 101: 352, 102: 114, 103: 428, 104: 666, 105: 128, 106: 366, 107: 456, 108: 694, 109: 114, 110: 352, 111: 58, 112: 296, 113: 366, 114: 128, 115: 310, 116: 72, 117: 44, 118: 282, 119: 722, 120: 484, 121: 722, 122: 484, 123: 72, 124: 310, 125: 722, 126: 484, 127: 128, 128: 366, 129: 478, 130: 240, 131: 428, 132: 666, 133: 254, 134: 16, 135: 58, 136: 296, 137: 338, 138: 100, 139: 338, 140: 100, 141: 428, 142: 666, 143: 282, 144: 44, 145: 44, 146: 282, 147: 470, 148: 708, 149: 282, 150: 44, 151: 652, 152: 414, 153: 282, 154: 44, 155: 282, 156: 44, 157: 254, 158: 16, 159: 16, 160: 254, 161: 470, 162: 708, 163: 254, 164: 16, 165: 72, 166: 310, 167: 142, 168: 380, 169: 254, 170: 16, 171: 254, 172: 16, 173: 296, 174: 58, 175: 366, 176: 128, 177: 484, 178: 722, 179: 254, 180: 16, 181: 652, 182: 414, 183: 58, 184: 296, 185: 254, 186: 16, 187: 366, 188: 128, 189: 254, 190: 16, 191: 254, 192: 16, 193: 254, 194: 16, 195: 254, 196: 16, 197: 254, 198: 16, 199: 380, 200: 142}
Number of lables used:  32
Total time: 1.40 seconds
Memory used: 303.90 MB
--------------------------------------------------

Trying with at most 31 labels...
Solution:
{1: 442, 2: 680, 3: 156, 4: 394, 5: 414, 6: 652, 7: 722, 8: 484, 9: 310, 10: 72, 11: 456, 12: 694, 13: 16, 14: 254, 15: 366, 16: 128, 17: 652, 18: 414, 19: 254, 20: 16, 21: 352, 22: 114, 23: 100, 24: 338, 25: 338, 26: 100, 27: 16, 28: 254, 29: 16, 30: 254, 31: 380, 32: 142, 33: 282, 34: 44, 35: 414, 36: 652, 37: 652, 38: 414, 39: 142, 40: 380, 41: 310, 42: 72, 43: 380, 44: 142, 45: 442, 46: 680, 47: 44, 48: 282, 49: 442, 50: 680, 51: 414, 52: 652, 53: 652, 54: 414, 55: 380, 56: 142, 57: 456, 58: 694, 59: 708, 60: 470, 61: 114, 62: 352, 63: 44, 64: 282, 65: 114, 66: 352, 67: 394, 68: 156, 69: 680, 70: 442, 71: 414, 72: 652, 73: 352, 74: 114, 75: 456, 76: 694, 77: 380, 78: 142, 79: 156, 80: 394, 81: 72, 82: 310, 83: 338, 84: 100, 85: 100, 86: 338, 87: 338, 88: 100, 89: 484, 90: 722, 91: 44, 92: 282, 93: 652, 94: 414, 95: 414, 96: 652, 97: 282, 98: 44, 99: 394, 100: 156, 101: 352, 102: 114, 103: 456, 104: 694, 105: 128, 106: 366, 107: 456, 108: 694, 109: 114, 110: 352, 111: 58, 112: 296, 113: 366, 114: 128, 115: 310, 116: 72, 117: 44, 118: 282, 119: 722, 120: 484, 121: 722, 122: 484, 123: 72, 124: 310, 125: 722, 126: 484, 127: 128, 128: 366, 129: 478, 130: 240, 131: 456, 132: 694, 133: 254, 134: 16, 135: 58, 136: 296, 137: 338, 138: 100, 139: 338, 140: 100, 141: 442, 142: 680, 143: 282, 144: 44, 145: 44, 146: 282, 147: 470, 148: 708, 149: 282, 150: 44, 151: 652, 152: 414, 153: 282, 154: 44, 155: 282, 156: 44, 157: 254, 158: 16, 159: 16, 160: 254, 161: 470, 162: 708, 163: 254, 164: 16, 165: 72, 166: 310, 167: 142, 168: 380, 169: 254, 170: 16, 171: 254, 172: 16, 173: 296, 174: 58, 175: 366, 176: 128, 177: 484, 178: 722, 179: 254, 180: 16, 181: 652, 182: 414, 183: 58, 184: 296, 185: 254, 186: 16, 187: 366, 188: 128, 189: 254, 190: 16, 191: 254, 192: 16, 193: 254, 194: 16, 195: 254, 196: 16, 197: 254, 198: 16, 199: 380, 200: 142}
Number of lables used:  30
Total time: 1.45 seconds
Memory used: 303.90 MB
--------------------------------------------------

Trying with at most 29 labels...
Solution:
{1: 652, 2: 414, 3: 156, 4: 394, 5: 694, 6: 456, 7: 414, 8: 652, 9: 310, 10: 72, 11: 456, 12: 694, 13: 16, 14: 254, 15: 114, 16: 352, 17: 652, 18: 414, 19: 254, 20: 16, 21: 352, 22: 114, 23: 100, 24: 338, 25: 16, 26: 254, 27: 16, 28: 254, 29: 16, 30: 254, 31: 380, 32: 142, 33: 282, 34: 44, 35: 414, 36: 652, 37: 694, 38: 456, 39: 142, 40: 380, 41: 310, 42: 72, 43: 414, 44: 652, 45: 456, 46: 694, 47: 44, 48: 282, 49: 456, 50: 694, 51: 484, 52: 722, 53: 708, 54: 470, 55: 44, 56: 282, 57: 414, 58: 652, 59: 708, 60: 470, 61: 114, 62: 352, 63: 44, 64: 282, 65: 100, 66: 338, 67: 394, 68: 156, 69: 456, 70: 694, 71: 414, 72: 652, 73: 100, 74: 338, 75: 456, 76: 694, 77: 380, 78: 142, 79: 156, 80: 394, 81: 72, 82: 310, 83: 142, 84: 380, 85: 100, 86: 338, 87: 338, 88: 100, 89: 484, 90: 722, 91: 44, 92: 282, 93: 652, 94: 414, 95: 414, 96: 652, 97: 282, 98: 44, 99: 394, 100: 156, 101: 352, 102: 114, 103: 72, 104: 310, 105: 128, 106: 366, 107: 456, 108: 694, 109: 114, 110: 352, 111: 58, 112: 296, 113: 366, 114: 128, 115: 310, 116: 72, 117: 44, 118: 282, 119: 722, 120: 484, 121: 100, 122: 338, 123: 72, 124: 310, 125: 722, 126: 484, 127: 128, 128: 366, 129: 478, 130: 240, 131: 456, 132: 694, 133: 254, 134: 16, 135: 58, 136: 296, 137: 338, 138: 100, 139: 338, 140: 100, 141: 456, 142: 694, 143: 282, 144: 44, 145: 44, 146: 282, 147: 470, 148: 708, 149: 282, 150: 44, 151: 652, 152: 414, 153: 282, 154: 44, 155: 128, 156: 366, 157: 694, 158: 456, 159: 16, 160: 254, 161: 470, 162: 708, 163: 254, 164: 16, 165: 72, 166: 310, 167: 142, 168: 380, 169: 254, 170: 16, 171: 254, 172: 16, 173: 114, 174: 352, 175: 366, 176: 128, 177: 484, 178: 722, 179: 254, 180: 16, 181: 652, 182: 414, 183: 58, 184: 296, 185: 254, 186: 16, 187: 156, 188: 394, 189: 254, 190: 16, 191: 254, 192: 16, 193: 722, 194: 484, 195: 254, 196: 16, 197: 254, 198: 16, 199: 380, 200: 142}
Number of lables used:  28
Total time: 1.50 seconds
Memory used: 303.90 MB
--------------------------------------------------

Trying with at most 27 labels...
Solution:
{1: 652, 2: 414, 3: 156, 4: 394, 5: 694, 6: 456, 7: 414, 8: 652, 9: 310, 10: 72, 11: 456, 12: 694, 13: 16, 14: 254, 15: 114, 16: 352, 17: 652, 18: 414, 19: 254, 20: 16, 21: 352, 22: 114, 23: 254, 24: 16, 25: 16, 26: 254, 27: 16, 28: 254, 29: 16, 30: 254, 31: 380, 32: 142, 33: 282, 34: 44, 35: 414, 36: 652, 37: 694, 38: 456, 39: 142, 40: 380, 41: 310, 42: 72, 43: 414, 44: 652, 45: 456, 46: 694, 47: 44, 48: 282, 49: 456, 50: 694, 51: 282, 52: 44, 53: 708, 54: 470, 55: 310, 56: 72, 57: 338, 58: 100, 59: 708, 60: 470, 61: 114, 62: 352, 63: 44, 64: 282, 65: 100, 66: 338, 67: 394, 68: 156, 69: 456, 70: 694, 71: 414, 72: 652, 73: 100, 74: 338, 75: 470, 76: 708, 77: 380, 78: 142, 79: 694, 80: 456, 81: 72, 82: 310, 83: 142, 84: 380, 85: 282, 86: 44, 87: 338, 88: 100, 89: 484, 90: 722, 91: 44, 92: 282, 93: 652, 94: 414, 95: 414, 96: 652, 97: 282, 98: 44, 99: 394, 100: 156, 101: 352, 102: 114, 103: 72, 104: 310, 105: 282, 106: 44, 107: 456, 108: 694, 109: 114, 110: 352, 111: 58, 112: 296, 113: 254, 114: 16, 115: 310, 116: 72, 117: 44, 118: 282, 119: 722, 120: 484, 121: 722, 122: 484, 123: 72, 124: 310, 125: 722, 126: 484, 127: 16, 128: 254, 129: 478, 130: 240, 131: 456, 132: 694, 133: 254, 134: 16, 135: 58, 136: 296, 137: 338, 138: 100, 139: 338, 140: 100, 141: 380, 142: 142, 143: 58, 144: 296, 145: 44, 146: 282, 147: 470, 148: 708, 149: 282, 150: 44, 151: 652, 152: 414, 153: 282, 154: 44, 155: 414, 156: 652, 157: 694, 158: 456, 159: 16, 160: 254, 161: 470, 162: 708, 163: 254, 164: 16, 165: 72, 166: 310, 167: 142, 168: 380, 169: 652, 170: 414, 171: 254, 172: 16, 173: 114, 174: 352, 175: 380, 176: 142, 177: 484, 178: 722, 179: 254, 180: 16, 181: 652, 182: 414, 183: 352, 184: 114, 185: 394, 186: 156, 187: 156, 188: 394, 189: 254, 190: 16, 191: 254, 192: 16, 193: 722, 194: 484, 195: 16, 196: 254, 197: 254, 198: 16, 199: 72, 200: 310}
Number of lables used:  26
Total time: 1.56 seconds
Memory used: 303.90 MB
--------------------------------------------------

Trying with at most 25 labels...
Solution:
{1: 470, 2: 708, 3: 114, 4: 352, 5: 694, 6: 456, 7: 414, 8: 652, 9: 310, 10: 72, 11: 456, 12: 694, 13: 16, 14: 254, 15: 114, 16: 352, 17: 652, 18: 414, 19: 254, 20: 16, 21: 352, 22: 114, 23: 254, 24: 16, 25: 16, 26: 254, 27: 16, 28: 254, 29: 72, 30: 310, 31: 380, 32: 142, 33: 282, 34: 44, 35: 414, 36: 652, 37: 694, 38: 456, 39: 142, 40: 380, 41: 16, 42: 254, 43: 114, 44: 352, 45: 456, 46: 694, 47: 44, 48: 282, 49: 456, 50: 694, 51: 282, 52: 44, 53: 708, 54: 470, 55: 310, 56: 72, 57: 338, 58: 100, 59: 708, 60: 470, 61: 114, 62: 352, 63: 58, 64: 296, 65: 100, 66: 338, 67: 142, 68: 380, 69: 456, 70: 694, 71: 414, 72: 652, 73: 100, 74: 338, 75: 470, 76: 708, 77: 380, 78: 142, 79: 694, 80: 456, 81: 72, 82: 310, 83: 142, 84: 380, 85: 282, 86: 44, 87: 338, 88: 100, 89: 456, 90: 694, 91: 44, 92: 282, 93: 652, 94: 414, 95: 414, 96: 652, 97: 282, 98: 44, 99: 254, 100: 16, 101: 352, 102: 114, 103: 72, 104: 310, 105: 282, 106: 44, 107: 456, 108: 694, 109: 414, 110: 652, 111: 58, 112: 296, 113: 254, 114: 16, 115: 310, 116: 72, 117: 44, 118: 282, 119: 722, 120: 484, 121: 722, 122: 484, 123: 72, 124: 310, 125: 722, 126: 484, 127: 16, 128: 254, 129: 478, 130: 240, 131: 456, 132: 694, 133: 254, 134: 16, 135: 58, 136: 296, 137: 338, 138: 100, 139: 338, 140: 100, 141: 380, 142: 142, 143: 58, 144: 296, 145: 44, 146: 282, 147: 708, 148: 470, 149: 282, 150: 44, 151: 652, 152: 414, 153: 282, 154: 44, 155: 414, 156: 652, 157: 652, 158: 414, 159: 722, 160: 484, 161: 470, 162: 708, 163: 254, 164: 16, 165: 72, 166: 310, 167: 142, 168: 380, 169: 652, 170: 414, 171: 254, 172: 16, 173: 114, 174: 352, 175: 380, 176: 142, 177: 484, 178: 722, 179: 254, 180: 16, 181: 652, 182: 414, 183: 352, 184: 114, 185: 380, 186: 142, 187: 100, 188: 338, 189: 254, 190: 16, 191: 254, 192: 16, 193: 722, 194: 484, 195: 16, 196: 254, 197: 254, 198: 16, 199: 72, 200: 310}
Number of lables used:  24
Total time: 1.62 seconds
Memory used: 303.90 MB
--------------------------------------------------

Trying with at most 23 labels...
Solution:
{1: 470, 2: 708, 3: 114, 4: 352, 5: 708, 6: 470, 7: 414, 8: 652, 9: 310, 10: 72, 11: 456, 12: 694, 13: 16, 14: 254, 15: 114, 16: 352, 17: 652, 18: 414, 19: 254, 20: 16, 21: 352, 22: 114, 23: 254, 24: 16, 25: 16, 26: 254, 27: 16, 28: 254, 29: 72, 30: 310, 31: 142, 32: 380, 33: 282, 34: 44, 35: 414, 36: 652, 37: 694, 38: 456, 39: 142, 40: 380, 41: 16, 42: 254, 43: 114, 44: 352, 45: 470, 46: 708, 47: 72, 48: 310, 49: 456, 50: 694, 51: 282, 52: 44, 53: 708, 54: 470, 55: 310, 56: 72, 57: 338, 58: 100, 59: 708, 60: 470, 61: 114, 62: 352, 63: 58, 64: 296, 65: 100, 66: 338, 67: 142, 68: 380, 69: 456, 70: 694, 71: 652, 72: 414, 73: 100, 74: 338, 75: 694, 76: 456, 77: 380, 78: 142, 79: 694, 80: 456, 81: 72, 82: 310, 83: 142, 84: 380, 85: 282, 86: 44, 87: 414, 88: 652, 89: 456, 90: 694, 91: 44, 92: 282, 93: 652, 94: 414, 95: 414, 96: 652, 97: 282, 98: 44, 99: 254, 100: 16, 101: 352, 102: 114, 103: 72, 104: 310, 105: 282, 106: 44, 107: 456, 108: 694, 109: 414, 110: 652, 111: 58, 112: 296, 113: 254, 114: 16, 115: 310, 116: 72, 117: 44, 118: 282, 119: 708, 120: 470, 121: 380, 122: 142, 123: 72, 124: 310, 125: 694, 126: 456, 127: 16, 128: 254, 129: 478, 130: 240, 131: 456, 132: 694, 133: 254, 134: 16, 135: 58, 136: 296, 137: 338, 138: 100, 139: 338, 140: 100, 141: 380, 142: 142, 143: 58, 144: 296, 145: 44, 146: 282, 147: 708, 148: 470, 149: 282, 150: 44, 151: 652, 152: 414, 153: 282, 154: 44, 155: 414, 156: 652, 157: 652, 158: 414, 159: 694, 160: 456, 161: 470, 162: 708, 163: 254, 164: 16, 165: 72, 166: 310, 167: 142, 168: 380, 169: 652, 170: 414, 171: 254, 172: 16, 173: 114, 174: 352, 175: 380, 176: 142, 177: 708, 178: 470, 179: 254, 180: 16, 181: 652, 182: 414, 183: 352, 184: 114, 185: 380, 186: 142, 187: 100, 188: 338, 189: 254, 190: 16, 191: 254, 192: 16, 193: 16, 194: 254, 195: 16, 196: 254, 197: 254, 198: 16, 199: 72, 200: 310}
Number of lables used:  22
Total time: 1.67 seconds
Memory used: 303.90 MB
--------------------------------------------------

Trying with at most 21 labels...
Solution:
{1: 142, 2: 380, 3: 114, 4: 352, 5: 708, 6: 470, 7: 414, 8: 652, 9: 310, 10: 72, 11: 456, 12: 694, 13: 652, 14: 414, 15: 652, 16: 414, 17: 652, 18: 414, 19: 254, 20: 16, 21: 352, 22: 114, 23: 254, 24: 16, 25: 16, 26: 254, 27: 16, 28: 254, 29: 72, 30: 310, 31: 142, 32: 380, 33: 282, 34: 44, 35: 414, 36: 652, 37: 694, 38: 456, 39: 142, 40: 380, 41: 16, 42: 254, 43: 114, 44: 352, 45: 470, 46: 708, 47: 72, 48: 310, 49: 456, 50: 694, 51: 282, 52: 44, 53: 708, 54: 470, 55: 310, 56: 72, 57: 338, 58: 100, 59: 708, 60: 470, 61: 114, 62: 352, 63: 16, 64: 254, 65: 100, 66: 338, 67: 142, 68: 380, 69: 456, 70: 694, 71: 652, 72: 414, 73: 100, 74: 338, 75: 694, 76: 456, 77: 380, 78: 142, 79: 694, 80: 456, 81: 72, 82: 310, 83: 142, 84: 380, 85: 282, 86: 44, 87: 414, 88: 652, 89: 456, 90: 694, 91: 44, 92: 282, 93: 652, 94: 414, 95: 414, 96: 652, 97: 282, 98: 44, 99: 254, 100: 16, 101: 352, 102: 114, 103: 72, 104: 310, 105: 282, 106: 44, 107: 456, 108: 694, 109: 414, 110: 652, 111: 652, 112: 414, 113: 254, 114: 16, 115: 310, 116: 72, 117: 44, 118: 282, 119: 708, 120: 470, 121: 380, 122: 142, 123: 72, 124: 310, 125: 694, 126: 456, 127: 16, 128: 254, 129: 478, 130: 240, 131: 456, 132: 694, 133: 254, 134: 16, 135: 44, 136: 282, 137: 338, 138: 100, 139: 338, 140: 100, 141: 380, 142: 142, 143: 414, 144: 652, 145: 44, 146: 282, 147: 708, 148: 470, 149: 282, 150: 44, 151: 652, 152: 414, 153: 282, 154: 44, 155: 414, 156: 652, 157: 708, 158: 470, 159: 694, 160: 456, 161: 470, 162: 708, 163: 254, 164: 16, 165: 72, 166: 310, 167: 142, 168: 380, 169: 456, 170: 694, 171: 254, 172: 16, 173: 114, 174: 352, 175: 380, 176: 142, 177: 708, 178: 470, 179: 254, 180: 16, 181: 652, 182: 414, 183: 352, 184: 114, 185: 380, 186: 142, 187: 100, 188: 338, 189: 254, 190: 16, 191: 254, 192: 16, 193: 16, 194: 254, 195: 16, 196: 254, 197: 16, 198: 254, 199: 72, 200: 310}
Number of lables used:  20
Total time: 1.73 seconds
Memory used: 303.90 MB
--------------------------------------------------

Trying with at most 19 labels...
Solution:
{1: 142, 2: 380, 3: 100, 4: 338, 5: 694, 6: 456, 7: 414, 8: 652, 9: 310, 10: 72, 11: 456, 12: 694, 13: 652, 14: 414, 15: 652, 16: 414, 17: 652, 18: 414, 19: 254, 20: 16, 21: 142, 22: 380, 23: 652, 24: 414, 25: 16, 26: 254, 27: 16, 28: 254, 29: 44, 30: 282, 31: 652, 32: 414, 33: 282, 34: 44, 35: 414, 36: 652, 37: 470, 38: 708, 39: 142, 40: 380, 41: 16, 42: 254, 43: 142, 44: 380, 45: 470, 46: 708, 47: 72, 48: 310, 49: 456, 50: 694, 51: 282, 52: 44, 53: 44, 54: 282, 55: 310, 56: 72, 57: 338, 58: 100, 59: 708, 60: 470, 61: 282, 62: 44, 63: 16, 64: 254, 65: 100, 66: 338, 67: 142, 68: 380, 69: 338, 70: 100, 71: 652, 72: 414, 73: 100, 74: 338, 75: 694, 76: 456, 77: 380, 78: 142, 79: 338, 80: 100, 81: 72, 82: 310, 83: 142, 84: 380, 85: 282, 86: 44, 87: 310, 88: 72, 89: 456, 90: 694, 91: 72, 92: 310, 93: 694, 94: 456, 95: 694, 96: 456, 97: 282, 98: 44, 99: 254, 100: 16, 101: 338, 102: 100, 103: 72, 104: 310, 105: 100, 106: 338, 107: 414, 108: 652, 109: 414, 110: 652, 111: 44, 112: 282, 113: 254, 114: 16, 115: 310, 116: 72, 117: 44, 118: 282, 119: 708, 120: 470, 121: 380, 122: 142, 123: 72, 124: 310, 125: 708, 126: 470, 127: 254, 128: 16, 129: 478, 130: 240, 131: 470, 132: 708, 133: 254, 134: 16, 135: 44, 136: 282, 137: 338, 138: 100, 139: 338, 140: 100, 141: 380, 142: 142, 143: 414, 144: 652, 145: 44, 146: 282, 147: 470, 148: 708, 149: 470, 150: 708, 151: 652, 152: 414, 153: 456, 154: 694, 155: 414, 156: 652, 157: 708, 158: 470, 159: 694, 160: 456, 161: 694, 162: 456, 163: 254, 164: 16, 165: 100, 166: 338, 167: 142, 168: 380, 169: 456, 170: 694, 171: 254, 172: 16, 173: 44, 174: 282, 175: 414, 176: 652, 177: 380, 178: 142, 179: 282, 180: 44, 181: 708, 182: 470, 183: 470, 184: 708, 185: 44, 186: 282, 187: 100, 188: 338, 189: 254, 190: 16, 191: 254, 192: 16, 193: 16, 194: 254, 195: 16, 196: 254, 197: 16, 198: 254, 199: 380, 200: 142}
Number of lables used:  18
Total time: 1.80 seconds
Memory used: 303.90 MB
--------------------------------------------------

Trying with at most 17 labels...
Solution:
{1: 142, 2: 380, 3: 338, 4: 100, 5: 414, 6: 652, 7: 414, 8: 652, 9: 310, 10: 72, 11: 470, 12: 708, 13: 708, 14: 470, 15: 652, 16: 414, 17: 652, 18: 414, 19: 254, 20: 16, 21: 142, 22: 380, 23: 652, 24: 414, 25: 16, 26: 254, 27: 652, 28: 414, 29: 72, 30: 310, 31: 652, 32: 414, 33: 282, 34: 44, 35: 16, 36: 254, 37: 470, 38: 708, 39: 554, 40: 792, 41: 414, 42: 652, 43: 414, 44: 652, 45: 100, 46: 338, 47: 72, 48: 310, 49: 554, 50: 792, 51: 282, 52: 44, 53: 16, 54: 254, 55: 310, 56: 72, 57: 338, 58: 100, 59: 708, 60: 470, 61: 282, 62: 44, 63: 652, 64: 414, 65: 652, 66: 414, 67: 100, 68: 338, 69: 338, 70: 100, 71: 652, 72: 414, 73: 380, 74: 142, 75: 708, 76: 470, 77: 16, 78: 254, 79: 792, 80: 554, 81: 72, 82: 310, 83: 338, 84: 100, 85: 470, 86: 708, 87: 310, 88: 72, 89: 282, 90: 44, 91: 380, 92: 142, 93: 708, 94: 470, 95: 310, 96: 72, 97: 282, 98: 44, 99: 708, 100: 470, 101: 44, 102: 282, 103: 72, 104: 310, 105: 100, 106: 338, 107: 414, 108: 652, 109: 708, 110: 470, 111: 44, 112: 282, 113: 554, 114: 792, 115: 310, 116: 72, 117: 100, 118: 338, 119: 44, 120: 282, 121: 380, 122: 142, 123: 72, 124: 310, 125: 708, 126: 470, 127: 16, 128: 254, 129: 142, 130: 380, 131: 470, 132: 708, 133: 254, 134: 16, 135: 44, 136: 282, 137: 100, 138: 338, 139: 338, 140: 100, 141: 380, 142: 142, 143: 72, 144: 310, 145: 44, 146: 282, 147: 254, 148: 16, 149: 470, 150: 708, 151: 792, 152: 554, 153: 470, 154: 708, 155: 414, 156: 652, 157: 708, 158: 470, 159: 44, 160: 282, 161: 708, 162: 470, 163: 470, 164: 708, 165: 142, 166: 380, 167: 380, 168: 142, 169: 652, 170: 414, 171: 254, 172: 16, 173: 282, 174: 44, 175: 414, 176: 652, 177: 338, 178: 100, 179: 554, 180: 792, 181: 792, 182: 554, 183: 554, 184: 792, 185: 282, 186: 44, 187: 254, 188: 16, 189: 254, 190: 16, 191: 254, 192: 16, 193: 16, 194: 254, 195: 310, 196: 72, 197: 142, 198: 380, 199: 470, 200: 708}
Number of lables used:  16
Total time: 1.97 seconds
Memory used: 307.07 MB
--------------------------------------------------

Trying with at most 15 labels...
Solution:
{1: 282, 2: 44, 3: 380, 4: 142, 5: 142, 6: 380, 7: 414, 8: 652, 9: 310, 10: 72, 11: 470, 12: 708, 13: 708, 14: 470, 15: 652, 16: 414, 17: 652, 18: 414, 19: 100, 20: 338, 21: 142, 22: 380, 23: 652, 24: 414, 25: 554, 26: 792, 27: 282, 28: 44, 29: 554, 30: 792, 31: 554, 32: 792, 33: 792, 34: 554, 35: 554, 36: 792, 37: 470, 38: 708, 39: 652, 40: 414, 41: 44, 42: 282, 43: 414, 44: 652, 45: 100, 46: 338, 47: 708, 48: 470, 49: 652, 50: 414, 51: 282, 52: 44, 53: 44, 54: 282, 55: 310, 56: 72, 57: 338, 58: 100, 59: 708, 60: 470, 61: 338, 62: 100, 63: 100, 64: 338, 65: 652, 66: 414, 67: 100, 68: 338, 69: 338, 70: 100, 71: 652, 72: 414, 73: 380, 74: 142, 75: 708, 76: 470, 77: 282, 78: 44, 79: 282, 80: 44, 81: 72, 82: 310, 83: 338, 84: 100, 85: 470, 86: 708, 87: 310, 88: 72, 89: 470, 90: 708, 91: 708, 92: 470, 93: 792, 94: 554, 95: 554, 96: 792, 97: 282, 98: 44, 99: 708, 100: 470, 101: 380, 102: 142, 103: 470, 104: 708, 105: 100, 106: 338, 107: 142, 108: 380, 109: 310, 110: 72, 111: 310, 112: 72, 113: 44, 114: 282, 115: 100, 116: 338, 117: 100, 118: 338, 119: 100, 120: 338, 121: 380, 122: 142, 123: 554, 124: 792, 125: 44, 126: 282, 127: 310, 128: 72, 129: 142, 130: 380, 131: 470, 132: 708, 133: 792, 134: 554, 135: 44, 136: 282, 137: 142, 138: 380, 139: 470, 140: 708, 141: 380, 142: 142, 143: 72, 144: 310, 145: 44, 146: 282, 147: 414, 148: 652, 149: 470, 150: 708, 151: 792, 152: 554, 153: 470, 154: 708, 155: 792, 156: 554, 157: 142, 158: 380, 159: 44, 160: 282, 161: 708, 162: 470, 163: 310, 164: 72, 165: 142, 166: 380, 167: 414, 168: 652, 169: 652, 170: 414, 171: 414, 172: 652, 173: 792, 174: 554, 175: 414, 176: 652, 177: 338, 178: 100, 179: 554, 180: 792, 181: 792, 182: 554, 183: 470, 184: 708, 185: 44, 186: 282, 187: 282, 188: 44, 189: 554, 190: 792, 191: 142, 192: 380, 193: 652, 194: 414, 195: 310, 196: 72, 197: 142, 198: 380, 199: 470, 200: 708}
Number of lables used:  14
Total time: 2.02 seconds
Memory used: 307.07 MB
--------------------------------------------------

Trying with at most 13 labels...
Solution:
{1: 282, 2: 44, 3: 380, 4: 142, 5: 142, 6: 380, 7: 414, 8: 652, 9: 282, 10: 44, 11: 414, 12: 652, 13: 708, 14: 470, 15: 652, 16: 414, 17: 652, 18: 414, 19: 100, 20: 338, 21: 142, 22: 380, 23: 652, 24: 414, 25: 554, 26: 792, 27: 282, 28: 44, 29: 554, 30: 792, 31: 100, 32: 338, 33: 792, 34: 554, 35: 554, 36: 792, 37: 470, 38: 708, 39: 652, 40: 414, 41: 44, 42: 282, 43: 414, 44: 652, 45: 100, 46: 338, 47: 708, 48: 470, 49: 652, 50: 414, 51: 470, 52: 708, 53: 44, 54: 282, 55: 554, 56: 792, 57: 100, 58: 338, 59: 708, 60: 470, 61: 338, 62: 100, 63: 142, 64: 380, 65: 652, 66: 414, 67: 100, 68: 338, 69: 414, 70: 652, 71: 652, 72: 414, 73: 380, 74: 142, 75: 554, 76: 792, 77: 282, 78: 44, 79: 282, 80: 44, 81: 44, 82: 282, 83: 338, 84: 100, 85: 142, 86: 380, 87: 44, 88: 282, 89: 470, 90: 708, 91: 708, 92: 470, 93: 792, 94: 554, 95: 554, 96: 792, 97: 282, 98: 44, 99: 708, 100: 470, 101: 380, 102: 142, 103: 470, 104: 708, 105: 100, 106: 338, 107: 142, 108: 380, 109: 338, 110: 100, 111: 792, 112: 554, 113: 414, 114: 652, 115: 100, 116: 338, 117: 100, 118: 338, 119: 100, 120: 338, 121: 380, 122: 142, 123: 338, 124: 100, 125: 44, 126: 282, 127: 414, 128: 652, 129: 142, 130: 380, 131: 708, 132: 470, 133: 792, 134: 554, 135: 142, 136: 380, 137: 142, 138: 380, 139: 470, 140: 708, 141: 708, 142: 470, 143: 554, 144: 792, 145: 44, 146: 282, 147: 414, 148: 652, 149: 470, 150: 708, 151: 792, 152: 554, 153: 470, 154: 708, 155: 282, 156: 44, 157: 142, 158: 380, 159: 44, 160: 282, 161: 708, 162: 470, 163: 338, 164: 100, 165: 100, 166: 338, 167: 414, 168: 652, 169: 44, 170: 282, 171: 338, 172: 100, 173: 792, 174: 554, 175: 414, 176: 652, 177: 380, 178: 142, 179: 554, 180: 792, 181: 708, 182: 470, 183: 708, 184: 470, 185: 44, 186: 282, 187: 338, 188: 100, 189: 554, 190: 792, 191: 142, 192: 380, 193: 652, 194: 414, 195: 380, 196: 142, 197: 792, 198: 554, 199: 470, 200: 708}
Number of lables used:  12
Total time: 2.08 seconds
Memory used: 307.07 MB
--------------------------------------------------

Trying with at most 11 labels...
[runlim] sample:		9.99 time, 10.01 real, 303 MB, 1.00 load
[runlim] sample:		19.99 time, 20.01 real, 237 MB, 1.00 load
[runlim] sample:		29.99 time, 30.01 real, 237 MB, 1.00 load
[runlim] sample:		39.98 time, 40.01 real, 237 MB, 1.08 load
Cannot find solution.
No more solutions found.
Optimal number of labels used:  12
Total time: 46.56 seconds
Memory used: 236.96 MB
[runlim] end:			Sun Jun 14 02:06:07 2026
[runlim] status:		ok
[runlim] result:		0
[runlim] children:		1
[runlim] processes:		2
[runlim] real:			46.62 seconds
[runlim] time:			46.58 seconds
[runlim] space:			372 MB
[runlim] load:			1.08 maximum
[runlim] samples:		467
