[runlim] version:		2.0.0rc12
[runlim] host:			ap-Precision-7550
[runlim] time limit:		311040000 seconds
[runlim] real time limit:	600 seconds
[runlim] space limit:		14000 MB
[runlim] argv[0]:		python3
[runlim] argv[1]:		-u
[runlim] argv[2]:		pairwise_no_preprocessing.py
[runlim] argv[3]:		graph11
[runlim] argv[4]:		assumptions
[runlim] argv[5]:		3
[runlim] argv[6]:		card
[runlim] argv[7]:		3
[runlim] start:			Sun Jun 14 03:42:47 2026
[runlim] child:			18864
Exactly-one cardinality encoding:  3
Distance constraint mode:  card
Distance cardinality encoding:  3
Number of assignment variables:  25640
Number of clauses for exactly one constraints:  148400
Number of clauses for distance constraints:  11105312
---------------------------------------------------
Solve first problem:
Cannot find solution.
Time taken: 9.69 seconds 
Memory used: 2549.16 MB
[runlim] sample:		10.00 time, 10.01 real, 2549 MB, 1.00 load
[runlim] end:			Sun Jun 14 03:42:58 2026
[runlim] status:		ok
[runlim] result:		0
[runlim] children:		1
[runlim] processes:		2
[runlim] real:			10.58 seconds
[runlim] time:			10.50 seconds
[runlim] space:			2549 MB
[runlim] load:			1.00 maximum
[runlim] samples:		106
