[runlim] version:		2.0.0rc12
[runlim] host:			ap-Precision-7550
[runlim] time limit:		311040000 seconds
[runlim] real time limit:	600 seconds
[runlim] space limit:		14000 MB
[runlim] argv[0]:		python3
[runlim] argv[1]:		-u
[runlim] argv[2]:		pairwise_no_preprocessing.py
[runlim] argv[3]:		graph03
[runlim] argv[4]:		assumptions
[runlim] argv[5]:		3
[runlim] argv[6]:		card
[runlim] argv[7]:		3
[runlim] start:			Sun Jun 14 03:28:41 2026
[runlim] child:			18820
Exactly-one cardinality encoding:  3
Distance constraint mode:  card
Distance cardinality encoding:  3
Number of assignment variables:  7820
Number of clauses for exactly one constraints:  45320
Number of clauses for distance constraints:  2862840
---------------------------------------------------
Solve first problem:
Solution:
{1: 30, 2: 268, 3: 338, 4: 100, 5: 652, 6: 414, 7: 282, 8: 44, 9: 282, 10: 44, 11: 282, 12: 44, 13: 366, 14: 128, 15: 394, 16: 156, 17: 352, 18: 114, 19: 736, 20: 498, 21: 470, 22: 708, 23: 338, 24: 100, 25: 394, 26: 156, 27: 324, 28: 86, 29: 310, 30: 72, 31: 352, 32: 114, 33: 498, 34: 736, 35: 324, 36: 86, 37: 526, 38: 764, 39: 792, 40: 554, 41: 470, 42: 708, 43: 380, 44: 142, 45: 512, 46: 750, 47: 540, 48: 778, 49: 778, 50: 540, 51: 352, 52: 114, 53: 352, 54: 114, 55: 764, 56: 526, 57: 540, 58: 778, 59: 296, 60: 58, 61: 540, 62: 778, 63: 470, 64: 708, 65: 554, 66: 792, 67: 554, 68: 792, 69: 512, 70: 750, 71: 268, 72: 30, 73: 366, 74: 128, 75: 352, 76: 114, 77: 526, 78: 764, 79: 498, 80: 736, 81: 540, 82: 778, 83: 484, 84: 722, 85: 498, 86: 736, 87: 456, 88: 694, 89: 526, 90: 764, 91: 470, 92: 708, 93: 526, 94: 764, 95: 170, 96: 408, 97: 484, 98: 722, 99: 764, 100: 526, 101: 792, 102: 554, 103: 268, 104: 30, 105: 540, 106: 778, 107: 554, 108: 792, 109: 310, 110: 72, 111: 456, 112: 694, 113: 394, 114: 156, 115: 86, 116: 324, 117: 366, 118: 128, 119: 540, 120: 778, 121: 366, 122: 128, 123: 470, 124: 708, 125: 268, 126: 30, 127: 554, 128: 792, 129: 352, 130: 114, 131: 268, 132: 30, 133: 554, 134: 792, 135: 338, 136: 100, 137: 512, 138: 750, 139: 722, 140: 484, 141: 554, 142: 792, 143: 394, 144: 156, 145: 58, 146: 296, 147: 338, 148: 100, 149: 282, 150: 44, 151: 498, 152: 736, 153: 512, 154: 750, 155: 324, 156: 86, 157: 470, 158: 708, 159: 352, 160: 114, 161: 526, 162: 764, 163: 554, 164: 792, 165: 324, 166: 86, 167: 470, 168: 708, 169: 282, 170: 44, 171: 282, 172: 44, 173: 366, 174: 128, 175: 554, 176: 792, 177: 484, 178: 722, 179: 380, 180: 142, 181: 296, 182: 58, 183: 540, 184: 778, 185: 324, 186: 86, 187: 512, 188: 750, 189: 484, 190: 722, 191: 470, 192: 708, 193: 512, 194: 750, 195: 498, 196: 736, 197: 296, 198: 58, 199: 764, 200: 526}
Number of lables used:  40
Total time: 3.69 seconds
Memory used: 693.70 MB
--------------------------------------------------
Number of label variables:  48
Number of clauses for label constraints:  7783
Number of new variables for cardinality constraints:  1131
Number of clauses for cardinality constraints:  4446
Initial variable count:  1971625
Initial clause count:  1511016
--------------------------------------------------

Trying with at most 39 labels...
Solution:
{1: 750, 2: 512, 3: 708, 4: 470, 5: 708, 6: 470, 7: 708, 8: 470, 9: 708, 10: 470, 11: 708, 12: 470, 13: 792, 14: 554, 15: 156, 16: 394, 17: 736, 18: 498, 19: 792, 20: 554, 21: 30, 22: 268, 23: 156, 24: 394, 25: 708, 26: 470, 27: 750, 28: 512, 29: 736, 30: 498, 31: 142, 32: 380, 33: 44, 34: 282, 35: 708, 36: 470, 37: 778, 38: 540, 39: 16, 40: 254, 41: 16, 42: 254, 43: 764, 44: 526, 45: 792, 46: 554, 47: 86, 48: 324, 49: 100, 50: 338, 51: 722, 52: 484, 53: 666, 54: 428, 55: 114, 56: 352, 57: 764, 58: 526, 59: 736, 60: 498, 61: 142, 62: 380, 63: 16, 64: 254, 65: 100, 66: 338, 67: 750, 68: 512, 69: 72, 70: 310, 71: 142, 72: 380, 73: 680, 74: 442, 75: 792, 76: 554, 77: 778, 78: 540, 79: 86, 80: 324, 81: 100, 82: 338, 83: 114, 84: 352, 85: 58, 86: 296, 87: 58, 88: 296, 89: 778, 90: 540, 91: 16, 92: 254, 93: 778, 94: 540, 95: 142, 96: 380, 97: 30, 98: 268, 99: 44, 100: 282, 101: 86, 102: 324, 103: 156, 104: 394, 105: 764, 106: 526, 107: 750, 108: 512, 109: 708, 110: 470, 111: 30, 112: 268, 113: 16, 114: 254, 115: 792, 116: 554, 117: 708, 118: 470, 119: 764, 120: 526, 121: 156, 122: 394, 123: 58, 124: 296, 125: 708, 126: 470, 127: 778, 128: 540, 129: 156, 130: 394, 131: 708, 132: 470, 133: 114, 134: 352, 135: 708, 136: 470, 137: 736, 138: 498, 139: 764, 140: 526, 141: 750, 142: 512, 143: 792, 144: 554, 145: 30, 146: 268, 147: 778, 148: 540, 149: 722, 150: 484, 151: 44, 152: 282, 153: 792, 154: 554, 155: 764, 156: 526, 157: 72, 158: 310, 159: 58, 160: 296, 161: 778, 162: 540, 163: 736, 164: 498, 165: 86, 166: 324, 167: 58, 168: 296, 169: 722, 170: 484, 171: 722, 172: 484, 173: 100, 174: 338, 175: 750, 176: 512, 177: 86, 178: 324, 179: 778, 180: 540, 181: 736, 182: 498, 183: 764, 184: 526, 185: 708, 186: 470, 187: 792, 188: 554, 189: 72, 190: 310, 191: 30, 192: 268, 193: 72, 194: 310, 195: 58, 196: 296, 197: 722, 198: 484, 199: 100, 200: 338}
Number of lables used:  38
Total time: 5.65 seconds
Memory used: 656.43 MB
--------------------------------------------------

Trying with at most 37 labels...
Solution:
{1: 750, 2: 512, 3: 708, 4: 470, 5: 708, 6: 470, 7: 708, 8: 470, 9: 156, 10: 394, 11: 708, 12: 470, 13: 792, 14: 554, 15: 114, 16: 352, 17: 736, 18: 498, 19: 792, 20: 554, 21: 30, 22: 268, 23: 156, 24: 394, 25: 114, 26: 352, 27: 750, 28: 512, 29: 736, 30: 498, 31: 142, 32: 380, 33: 44, 34: 282, 35: 708, 36: 470, 37: 778, 38: 540, 39: 16, 40: 254, 41: 16, 42: 254, 43: 764, 44: 526, 45: 792, 46: 554, 47: 86, 48: 324, 49: 30, 50: 268, 51: 722, 52: 484, 53: 666, 54: 428, 55: 44, 56: 282, 57: 764, 58: 526, 59: 736, 60: 498, 61: 764, 62: 526, 63: 16, 64: 254, 65: 72, 66: 310, 67: 750, 68: 512, 69: 30, 70: 268, 71: 142, 72: 380, 73: 666, 74: 428, 75: 58, 76: 296, 77: 44, 78: 282, 79: 86, 80: 324, 81: 764, 82: 526, 83: 30, 84: 268, 85: 16, 86: 254, 87: 792, 88: 554, 89: 778, 90: 540, 91: 16, 92: 254, 93: 778, 94: 540, 95: 142, 96: 380, 97: 30, 98: 268, 99: 44, 100: 282, 101: 16, 102: 254, 103: 142, 104: 380, 105: 764, 106: 526, 107: 750, 108: 512, 109: 44, 110: 282, 111: 778, 112: 540, 113: 16, 114: 254, 115: 792, 116: 554, 117: 708, 118: 470, 119: 764, 120: 526, 121: 156, 122: 394, 123: 58, 124: 296, 125: 708, 126: 470, 127: 778, 128: 540, 129: 156, 130: 394, 131: 792, 132: 554, 133: 72, 134: 310, 135: 708, 136: 470, 137: 736, 138: 498, 139: 764, 140: 526, 141: 750, 142: 512, 143: 750, 144: 512, 145: 30, 146: 268, 147: 72, 148: 310, 149: 722, 150: 484, 151: 44, 152: 282, 153: 792, 154: 554, 155: 86, 156: 324, 157: 30, 158: 268, 159: 58, 160: 296, 161: 778, 162: 540, 163: 16, 164: 254, 165: 86, 166: 324, 167: 58, 168: 296, 169: 666, 170: 428, 171: 722, 172: 484, 173: 58, 174: 296, 175: 750, 176: 512, 177: 764, 178: 526, 179: 736, 180: 498, 181: 114, 182: 352, 183: 764, 184: 526, 185: 708, 186: 470, 187: 792, 188: 554, 189: 72, 190: 310, 191: 30, 192: 268, 193: 72, 194: 310, 195: 58, 196: 296, 197: 722, 198: 484, 199: 30, 200: 268}
Number of lables used:  34
Total time: 5.82 seconds
Memory used: 656.43 MB
--------------------------------------------------

Trying with at most 33 labels...
[runlim] sample:		9.99 time, 10.01 real, 728 MB, 1.01 load
Solution:
{1: 778, 2: 540, 3: 156, 4: 394, 5: 736, 6: 498, 7: 142, 8: 380, 9: 694, 10: 456, 11: 694, 12: 456, 13: 778, 14: 540, 15: 114, 16: 352, 17: 708, 18: 470, 19: 142, 20: 380, 21: 30, 22: 268, 23: 156, 24: 394, 25: 100, 26: 338, 27: 736, 28: 498, 29: 722, 30: 484, 31: 142, 32: 380, 33: 44, 34: 282, 35: 680, 36: 442, 37: 778, 38: 540, 39: 16, 40: 254, 41: 16, 42: 254, 43: 722, 44: 484, 45: 736, 46: 498, 47: 736, 48: 498, 49: 100, 50: 338, 51: 142, 52: 380, 53: 680, 54: 442, 55: 114, 56: 352, 57: 750, 58: 512, 59: 722, 60: 484, 61: 86, 62: 324, 63: 778, 64: 540, 65: 764, 66: 526, 67: 114, 68: 352, 69: 30, 70: 268, 71: 694, 72: 456, 73: 680, 74: 442, 75: 778, 76: 540, 77: 44, 78: 282, 79: 86, 80: 324, 81: 750, 82: 512, 83: 30, 84: 268, 85: 16, 86: 254, 87: 16, 88: 254, 89: 764, 90: 526, 91: 30, 92: 268, 93: 30, 94: 268, 95: 142, 96: 380, 97: 778, 98: 540, 99: 44, 100: 282, 101: 86, 102: 324, 103: 142, 104: 380, 105: 86, 106: 324, 107: 114, 108: 352, 109: 142, 110: 380, 111: 16, 112: 254, 113: 16, 114: 254, 115: 764, 116: 526, 117: 156, 118: 394, 119: 778, 120: 540, 121: 736, 122: 498, 123: 30, 124: 268, 125: 142, 126: 380, 127: 764, 128: 526, 129: 694, 130: 456, 131: 694, 132: 456, 133: 750, 134: 512, 135: 156, 136: 394, 137: 114, 138: 352, 139: 86, 140: 324, 141: 736, 142: 498, 143: 778, 144: 540, 145: 30, 146: 268, 147: 764, 148: 526, 149: 680, 150: 442, 151: 86, 152: 324, 153: 16, 154: 254, 155: 750, 156: 512, 157: 16, 158: 254, 159: 778, 160: 540, 161: 86, 162: 324, 163: 114, 164: 352, 165: 86, 166: 324, 167: 30, 168: 268, 169: 708, 170: 470, 171: 708, 172: 470, 173: 44, 174: 282, 175: 100, 176: 338, 177: 44, 178: 282, 179: 764, 180: 526, 181: 114, 182: 352, 183: 694, 184: 456, 185: 156, 186: 394, 187: 764, 188: 526, 189: 44, 190: 282, 191: 16, 192: 254, 193: 778, 194: 540, 195: 44, 196: 282, 197: 708, 198: 470, 199: 114, 200: 352}
Number of lables used:  32
Total time: 10.10 seconds
Memory used: 727.55 MB
--------------------------------------------------

Trying with at most 31 labels...
Solution:
{1: 778, 2: 540, 3: 156, 4: 394, 5: 736, 6: 498, 7: 156, 8: 394, 9: 708, 10: 470, 11: 708, 12: 470, 13: 792, 14: 554, 15: 114, 16: 352, 17: 736, 18: 498, 19: 58, 20: 296, 21: 30, 22: 268, 23: 156, 24: 394, 25: 114, 26: 352, 27: 750, 28: 512, 29: 736, 30: 498, 31: 142, 32: 380, 33: 58, 34: 296, 35: 708, 36: 470, 37: 86, 38: 324, 39: 16, 40: 254, 41: 30, 42: 268, 43: 100, 44: 338, 45: 722, 46: 484, 47: 100, 48: 338, 49: 100, 50: 338, 51: 142, 52: 380, 53: 156, 54: 394, 55: 114, 56: 352, 57: 100, 58: 338, 59: 750, 60: 512, 61: 778, 62: 540, 63: 30, 64: 268, 65: 736, 66: 498, 67: 114, 68: 352, 69: 30, 70: 268, 71: 722, 72: 484, 73: 142, 74: 380, 75: 778, 76: 540, 77: 736, 78: 498, 79: 86, 80: 324, 81: 100, 82: 338, 83: 750, 84: 512, 85: 16, 86: 254, 87: 58, 88: 296, 89: 778, 90: 540, 91: 30, 92: 268, 93: 44, 94: 282, 95: 142, 96: 380, 97: 44, 98: 282, 99: 736, 100: 498, 101: 86, 102: 324, 103: 156, 104: 394, 105: 778, 106: 540, 107: 114, 108: 352, 109: 708, 110: 470, 111: 30, 112: 268, 113: 16, 114: 254, 115: 722, 116: 484, 117: 708, 118: 470, 119: 750, 120: 512, 121: 792, 122: 554, 123: 30, 124: 268, 125: 156, 126: 394, 127: 778, 128: 540, 129: 792, 130: 554, 131: 722, 132: 484, 133: 708, 134: 470, 135: 156, 136: 394, 137: 750, 138: 512, 139: 86, 140: 324, 141: 114, 142: 352, 143: 792, 144: 554, 145: 750, 146: 512, 147: 86, 148: 324, 149: 736, 150: 498, 151: 58, 152: 296, 153: 778, 154: 540, 155: 778, 156: 540, 157: 30, 158: 268, 159: 58, 160: 296, 161: 86, 162: 324, 163: 736, 164: 498, 165: 86, 166: 324, 167: 30, 168: 268, 169: 708, 170: 470, 171: 736, 172: 498, 173: 58, 174: 296, 175: 114, 176: 352, 177: 86, 178: 324, 179: 778, 180: 540, 181: 722, 182: 484, 183: 100, 184: 338, 185: 156, 186: 394, 187: 792, 188: 554, 189: 44, 190: 282, 191: 30, 192: 268, 193: 792, 194: 554, 195: 58, 196: 296, 197: 142, 198: 380, 199: 30, 200: 268}
Number of lables used:  30
Total time: 11.21 seconds
Memory used: 562.30 MB
--------------------------------------------------

Trying with at most 29 labels...
Solution:
{1: 58, 2: 296, 3: 694, 4: 456, 5: 652, 6: 414, 7: 652, 8: 414, 9: 142, 10: 380, 11: 142, 12: 380, 13: 764, 14: 526, 15: 142, 16: 380, 17: 736, 18: 498, 19: 736, 20: 498, 21: 16, 22: 254, 23: 86, 24: 324, 25: 128, 26: 366, 27: 750, 28: 512, 29: 736, 30: 498, 31: 128, 32: 366, 33: 58, 34: 296, 35: 652, 36: 414, 37: 44, 38: 282, 39: 16, 40: 254, 41: 778, 42: 540, 43: 128, 44: 366, 45: 86, 46: 324, 47: 86, 48: 324, 49: 750, 50: 512, 51: 708, 52: 470, 53: 652, 54: 414, 55: 736, 56: 498, 57: 86, 58: 324, 59: 666, 60: 428, 61: 750, 62: 512, 63: 44, 64: 282, 65: 86, 66: 324, 67: 666, 68: 428, 69: 58, 70: 296, 71: 750, 72: 512, 73: 666, 74: 428, 75: 750, 76: 512, 77: 764, 78: 526, 79: 16, 80: 254, 81: 86, 82: 324, 83: 58, 84: 296, 85: 44, 86: 282, 87: 58, 88: 296, 89: 750, 90: 512, 91: 16, 92: 254, 93: 58, 94: 296, 95: 142, 96: 380, 97: 44, 98: 282, 99: 764, 100: 526, 101: 16, 102: 254, 103: 142, 104: 380, 105: 708, 106: 470, 107: 142, 108: 380, 109: 666, 110: 428, 111: 16, 112: 254, 113: 16, 114: 254, 115: 58, 116: 296, 117: 694, 118: 456, 119: 750, 120: 512, 121: 652, 122: 414, 123: 58, 124: 296, 125: 142, 126: 380, 127: 778, 128: 540, 129: 736, 130: 498, 131: 142, 132: 380, 133: 736, 134: 498, 135: 142, 136: 380, 137: 778, 138: 540, 139: 86, 140: 324, 141: 736, 142: 498, 143: 750, 144: 512, 145: 778, 146: 540, 147: 736, 148: 498, 149: 708, 150: 470, 151: 44, 152: 282, 153: 778, 154: 540, 155: 694, 156: 456, 157: 16, 158: 254, 159: 58, 160: 296, 161: 778, 162: 540, 163: 694, 164: 456, 165: 86, 166: 324, 167: 750, 168: 512, 169: 128, 170: 366, 171: 128, 172: 366, 173: 44, 174: 282, 175: 736, 176: 498, 177: 86, 178: 324, 179: 736, 180: 498, 181: 694, 182: 456, 183: 128, 184: 366, 185: 708, 186: 470, 187: 58, 188: 296, 189: 736, 190: 498, 191: 16, 192: 254, 193: 58, 194: 296, 195: 778, 196: 540, 197: 142, 198: 380, 199: 764, 200: 526}
Number of lables used:  28
Total time: 11.83 seconds
Memory used: 527.36 MB
--------------------------------------------------

Trying with at most 27 labels...
Solution:
{1: 310, 2: 72, 3: 44, 4: 282, 5: 268, 6: 30, 7: 666, 8: 428, 9: 142, 10: 380, 11: 666, 12: 428, 13: 750, 14: 512, 15: 30, 16: 268, 17: 142, 18: 380, 19: 750, 20: 512, 21: 792, 22: 554, 23: 30, 24: 268, 25: 30, 26: 268, 27: 44, 28: 282, 29: 694, 30: 456, 31: 142, 32: 380, 33: 764, 34: 526, 35: 666, 36: 428, 37: 736, 38: 498, 39: 792, 40: 554, 41: 792, 42: 554, 43: 722, 44: 484, 45: 750, 46: 512, 47: 722, 48: 484, 49: 778, 50: 540, 51: 30, 52: 268, 53: 72, 54: 310, 55: 764, 56: 526, 57: 722, 58: 484, 59: 142, 60: 380, 61: 722, 62: 484, 63: 792, 64: 554, 65: 750, 66: 512, 67: 30, 68: 268, 69: 778, 70: 540, 71: 666, 72: 428, 73: 666, 74: 428, 75: 750, 76: 512, 77: 764, 78: 526, 79: 792, 80: 554, 81: 722, 82: 484, 83: 778, 84: 540, 85: 792, 86: 554, 87: 792, 88: 554, 89: 736, 90: 498, 91: 792, 92: 554, 93: 778, 94: 540, 95: 142, 96: 380, 97: 778, 98: 540, 99: 764, 100: 526, 101: 792, 102: 554, 103: 666, 104: 428, 105: 722, 106: 484, 107: 30, 108: 268, 109: 72, 110: 310, 111: 792, 112: 554, 113: 792, 114: 554, 115: 750, 116: 512, 117: 666, 118: 428, 119: 764, 120: 526, 121: 44, 122: 282, 123: 792, 124: 554, 125: 666, 126: 428, 127: 736, 128: 498, 129: 694, 130: 456, 131: 666, 132: 428, 133: 736, 134: 498, 135: 72, 136: 310, 137: 30, 138: 268, 139: 722, 140: 484, 141: 72, 142: 310, 143: 750, 144: 512, 145: 30, 146: 268, 147: 736, 148: 498, 149: 72, 150: 310, 151: 764, 152: 526, 153: 792, 154: 554, 155: 722, 156: 484, 157: 792, 158: 554, 159: 750, 160: 512, 161: 736, 162: 498, 163: 44, 164: 282, 165: 722, 166: 484, 167: 792, 168: 554, 169: 44, 170: 282, 171: 142, 172: 380, 173: 764, 174: 526, 175: 44, 176: 282, 177: 764, 178: 526, 179: 736, 180: 498, 181: 30, 182: 268, 183: 694, 184: 456, 185: 72, 186: 310, 187: 750, 188: 512, 189: 778, 190: 540, 191: 16, 192: 254, 193: 750, 194: 512, 195: 764, 196: 526, 197: 72, 198: 310, 199: 778, 200: 540}
Number of lables used:  26
Total time: 14.22 seconds
Memory used: 595.25 MB
--------------------------------------------------

Trying with at most 25 labels...
Solution:
{1: 296, 2: 58, 3: 142, 4: 380, 5: 254, 6: 16, 7: 142, 8: 380, 9: 142, 10: 380, 11: 142, 12: 380, 13: 58, 14: 296, 15: 114, 16: 352, 17: 114, 18: 352, 19: 750, 20: 512, 21: 792, 22: 554, 23: 86, 24: 324, 25: 100, 26: 338, 27: 100, 28: 338, 29: 114, 30: 352, 31: 128, 32: 366, 33: 750, 34: 512, 35: 142, 36: 380, 37: 72, 38: 310, 39: 16, 40: 254, 41: 778, 42: 540, 43: 86, 44: 324, 45: 792, 46: 554, 47: 86, 48: 324, 49: 750, 50: 512, 51: 128, 52: 366, 53: 142, 54: 380, 55: 778, 56: 540, 57: 86, 58: 324, 59: 114, 60: 352, 61: 86, 62: 324, 63: 16, 64: 254, 65: 58, 66: 296, 67: 100, 68: 338, 69: 30, 70: 268, 71: 142, 72: 380, 73: 142, 74: 380, 75: 58, 76: 296, 77: 750, 78: 512, 79: 16, 80: 254, 81: 86, 82: 324, 83: 30, 84: 268, 85: 16, 86: 254, 87: 16, 88: 254, 89: 72, 90: 310, 91: 16, 92: 254, 93: 30, 94: 268, 95: 142, 96: 380, 97: 30, 98: 268, 99: 750, 100: 512, 101: 16, 102: 254, 103: 142, 104: 380, 105: 86, 106: 324, 107: 100, 108: 338, 109: 142, 110: 380, 111: 750, 112: 512, 113: 16, 114: 254, 115: 58, 116: 296, 117: 142, 118: 380, 119: 778, 120: 540, 121: 114, 122: 352, 123: 16, 124: 254, 125: 142, 126: 380, 127: 792, 128: 554, 129: 114, 130: 352, 131: 142, 132: 380, 133: 72, 134: 310, 135: 142, 136: 380, 137: 114, 138: 352, 139: 86, 140: 324, 141: 100, 142: 338, 143: 58, 144: 296, 145: 30, 146: 268, 147: 72, 148: 310, 149: 128, 150: 366, 151: 750, 152: 512, 153: 16, 154: 254, 155: 86, 156: 324, 157: 16, 158: 254, 159: 792, 160: 554, 161: 792, 162: 554, 163: 114, 164: 352, 165: 750, 166: 512, 167: 750, 168: 512, 169: 128, 170: 366, 171: 128, 172: 366, 173: 778, 174: 540, 175: 100, 176: 338, 177: 750, 178: 512, 179: 72, 180: 310, 181: 114, 182: 352, 183: 750, 184: 512, 185: 142, 186: 380, 187: 58, 188: 296, 189: 30, 190: 268, 191: 16, 192: 254, 193: 58, 194: 296, 195: 778, 196: 540, 197: 128, 198: 366, 199: 778, 200: 540}
Number of lables used:  24
Total time: 15.23 seconds
Memory used: 563.14 MB
--------------------------------------------------

Trying with at most 23 labels...
Solution:
{1: 296, 2: 58, 3: 142, 4: 380, 5: 254, 6: 16, 7: 142, 8: 380, 9: 142, 10: 380, 11: 142, 12: 380, 13: 58, 14: 296, 15: 114, 16: 352, 17: 114, 18: 352, 19: 750, 20: 512, 21: 16, 22: 254, 23: 86, 24: 324, 25: 100, 26: 338, 27: 100, 28: 338, 29: 114, 30: 352, 31: 128, 32: 366, 33: 750, 34: 512, 35: 142, 36: 380, 37: 72, 38: 310, 39: 16, 40: 254, 41: 778, 42: 540, 43: 86, 44: 324, 45: 778, 46: 540, 47: 86, 48: 324, 49: 750, 50: 512, 51: 128, 52: 366, 53: 142, 54: 380, 55: 778, 56: 540, 57: 86, 58: 324, 59: 114, 60: 352, 61: 86, 62: 324, 63: 16, 64: 254, 65: 58, 66: 296, 67: 100, 68: 338, 69: 30, 70: 268, 71: 142, 72: 380, 73: 142, 74: 380, 75: 58, 76: 296, 77: 750, 78: 512, 79: 16, 80: 254, 81: 86, 82: 324, 83: 30, 84: 268, 85: 16, 86: 254, 87: 16, 88: 254, 89: 72, 90: 310, 91: 16, 92: 254, 93: 30, 94: 268, 95: 142, 96: 380, 97: 30, 98: 268, 99: 750, 100: 512, 101: 16, 102: 254, 103: 142, 104: 380, 105: 86, 106: 324, 107: 100, 108: 338, 109: 142, 110: 380, 111: 750, 112: 512, 113: 16, 114: 254, 115: 58, 116: 296, 117: 142, 118: 380, 119: 778, 120: 540, 121: 114, 122: 352, 123: 16, 124: 254, 125: 142, 126: 380, 127: 778, 128: 540, 129: 114, 130: 352, 131: 142, 132: 380, 133: 72, 134: 310, 135: 142, 136: 380, 137: 114, 138: 352, 139: 86, 140: 324, 141: 100, 142: 338, 143: 58, 144: 296, 145: 30, 146: 268, 147: 72, 148: 310, 149: 128, 150: 366, 151: 750, 152: 512, 153: 16, 154: 254, 155: 86, 156: 324, 157: 16, 158: 254, 159: 778, 160: 540, 161: 750, 162: 512, 163: 114, 164: 352, 165: 750, 166: 512, 167: 16, 168: 254, 169: 128, 170: 366, 171: 128, 172: 366, 173: 778, 174: 540, 175: 100, 176: 338, 177: 750, 178: 512, 179: 72, 180: 310, 181: 114, 182: 352, 183: 750, 184: 512, 185: 142, 186: 380, 187: 58, 188: 296, 189: 30, 190: 268, 191: 16, 192: 254, 193: 58, 194: 296, 195: 778, 196: 540, 197: 128, 198: 366, 199: 778, 200: 540}
Number of lables used:  22
Total time: 15.36 seconds
Memory used: 563.15 MB
--------------------------------------------------

Trying with at most 21 labels...
Solution:
{1: 296, 2: 58, 3: 142, 4: 380, 5: 254, 6: 16, 7: 142, 8: 380, 9: 142, 10: 380, 11: 142, 12: 380, 13: 58, 14: 296, 15: 114, 16: 352, 17: 114, 18: 352, 19: 750, 20: 512, 21: 16, 22: 254, 23: 86, 24: 324, 25: 100, 26: 338, 27: 100, 28: 338, 29: 114, 30: 352, 31: 128, 32: 366, 33: 750, 34: 512, 35: 142, 36: 380, 37: 750, 38: 512, 39: 16, 40: 254, 41: 778, 42: 540, 43: 86, 44: 324, 45: 778, 46: 540, 47: 86, 48: 324, 49: 750, 50: 512, 51: 128, 52: 366, 53: 142, 54: 380, 55: 778, 56: 540, 57: 86, 58: 324, 59: 114, 60: 352, 61: 86, 62: 324, 63: 16, 64: 254, 65: 58, 66: 296, 67: 100, 68: 338, 69: 30, 70: 268, 71: 142, 72: 380, 73: 142, 74: 380, 75: 58, 76: 296, 77: 778, 78: 540, 79: 16, 80: 254, 81: 86, 82: 324, 83: 30, 84: 268, 85: 16, 86: 254, 87: 16, 88: 254, 89: 750, 90: 512, 91: 16, 92: 254, 93: 30, 94: 268, 95: 142, 96: 380, 97: 30, 98: 268, 99: 750, 100: 512, 101: 16, 102: 254, 103: 142, 104: 380, 105: 86, 106: 324, 107: 750, 108: 512, 109: 142, 110: 380, 111: 16, 112: 254, 113: 16, 114: 254, 115: 58, 116: 296, 117: 142, 118: 380, 119: 778, 120: 540, 121: 114, 122: 352, 123: 16, 124: 254, 125: 142, 126: 380, 127: 778, 128: 540, 129: 114, 130: 352, 131: 142, 132: 380, 133: 750, 134: 512, 135: 142, 136: 380, 137: 114, 138: 352, 139: 86, 140: 324, 141: 100, 142: 338, 143: 58, 144: 296, 145: 30, 146: 268, 147: 778, 148: 540, 149: 128, 150: 366, 151: 750, 152: 512, 153: 16, 154: 254, 155: 86, 156: 324, 157: 16, 158: 254, 159: 778, 160: 540, 161: 778, 162: 540, 163: 114, 164: 352, 165: 750, 166: 512, 167: 16, 168: 254, 169: 128, 170: 366, 171: 128, 172: 366, 173: 778, 174: 540, 175: 100, 176: 338, 177: 778, 178: 540, 179: 750, 180: 512, 181: 114, 182: 352, 183: 750, 184: 512, 185: 142, 186: 380, 187: 58, 188: 296, 189: 30, 190: 268, 191: 16, 192: 254, 193: 58, 194: 296, 195: 778, 196: 540, 197: 128, 198: 366, 199: 778, 200: 540}
Number of lables used:  20
Total time: 15.51 seconds
Memory used: 563.15 MB
--------------------------------------------------

Trying with at most 19 labels...
[runlim] sample:		19.99 time, 20.01 real, 565 MB, 1.01 load
[runlim] sample:		29.99 time, 30.01 real, 565 MB, 1.00 load
[runlim] sample:		39.98 time, 40.01 real, 566 MB, 1.00 load
[runlim] sample:		49.98 time, 50.01 real, 566 MB, 1.00 load
[runlim] sample:		59.97 time, 60.01 real, 566 MB, 1.15 load
[runlim] sample:		69.97 time, 70.01 real, 566 MB, 1.13 load
Cannot find solution.
No more solutions found.
Optimal number of labels used:  20
Total time: 75.47 seconds
Memory used: 565.95 MB
[runlim] end:			Sun Jun 14 03:29:57 2026
[runlim] status:		ok
[runlim] result:		0
[runlim] children:		1
[runlim] processes:		2
[runlim] real:			75.57 seconds
[runlim] time:			75.46 seconds
[runlim] space:			786 MB
[runlim] load:			1.16 maximum
[runlim] samples:		756
