[runlim] version:		2.0.0rc12
[runlim] host:			ap-Precision-7550
[runlim] time limit:		311040000 seconds
[runlim] real time limit:	600 seconds
[runlim] space limit:		14000 MB
[runlim] argv[0]:		python3
[runlim] argv[1]:		-u
[runlim] argv[2]:		pairwise_no_preprocessing.py
[runlim] argv[3]:		graph01
[runlim] argv[4]:		assumptions
[runlim] argv[5]:		3
[runlim] argv[6]:		card
[runlim] argv[7]:		3
[runlim] start:			Sun Jun 14 02:07:56 2026
[runlim] child:			18614
Exactly-one cardinality encoding:  3
Distance constraint mode:  card
Distance cardinality encoding:  3
Number of assignment variables:  6920
Number of clauses for exactly one constraints:  39920
Number of clauses for distance constraints:  337281
---------------------------------------------------
Solve first problem:
Solution:
{1: 30, 2: 268, 3: 16, 4: 254, 5: 16, 6: 254, 7: 142, 8: 380, 9: 142, 10: 380, 11: 16, 12: 254, 13: 30, 14: 268, 15: 58, 16: 296, 17: 16, 18: 254, 19: 16, 20: 254, 21: 44, 22: 282, 23: 142, 24: 380, 25: 72, 26: 310, 27: 352, 28: 114, 29: 16, 30: 254, 31: 72, 32: 310, 33: 114, 34: 352, 35: 72, 36: 310, 37: 16, 38: 254, 39: 16, 40: 254, 41: 72, 42: 310, 43: 86, 44: 324, 45: 58, 46: 296, 47: 16, 48: 254, 49: 72, 50: 310, 51: 86, 52: 324, 53: 30, 54: 268, 55: 58, 56: 296, 57: 58, 58: 296, 59: 16, 60: 254, 61: 128, 62: 366, 63: 86, 64: 324, 65: 16, 66: 254, 67: 58, 68: 296, 69: 44, 70: 282, 71: 30, 72: 268, 73: 142, 74: 380, 75: 86, 76: 324, 77: 30, 78: 268, 79: 16, 80: 254, 81: 72, 82: 310, 83: 58, 84: 296, 85: 72, 86: 310, 87: 114, 88: 352, 89: 58, 90: 296, 91: 156, 92: 394, 93: 16, 94: 254, 95: 72, 96: 310, 97: 408, 98: 170, 99: 86, 100: 324, 101: 30, 102: 268, 103: 16, 104: 254, 105: 142, 106: 380, 107: 44, 108: 282, 109: 16, 110: 254, 111: 86, 112: 324, 113: 44, 114: 282, 115: 114, 116: 352, 117: 114, 118: 352, 119: 100, 120: 338, 121: 408, 122: 170, 123: 142, 124: 380, 125: 58, 126: 296, 127: 30, 128: 268, 129: 114, 130: 352, 131: 30, 132: 268, 133: 366, 134: 128, 135: 170, 136: 408, 137: 30, 138: 268, 139: 16, 140: 254, 141: 30, 142: 268, 143: 44, 144: 282, 145: 86, 146: 324, 147: 366, 148: 128, 149: 428, 150: 666, 151: 86, 152: 324, 153: 142, 154: 380, 155: 156, 156: 394, 157: 338, 158: 100, 159: 484, 160: 722, 161: 296, 162: 58, 163: 268, 164: 30, 165: 456, 166: 694, 167: 44, 168: 282, 169: 100, 170: 338, 171: 72, 172: 310, 173: 114, 174: 352, 175: 442, 176: 680, 177: 16, 178: 254, 179: 44, 180: 282, 181: 16, 182: 254, 183: 142, 184: 380, 185: 414, 186: 652, 187: 128, 188: 366, 189: 30, 190: 268, 191: 414, 192: 652, 193: 170, 194: 408, 195: 100, 196: 338, 197: 58, 198: 296, 199: 72, 200: 310}
Number of lables used:  34
Total time: 0.50 seconds
Memory used: 110.22 MB
--------------------------------------------------
Number of label variables:  48
Number of clauses for label constraints:  6920
Number of new variables for cardinality constraints:  1056
Number of clauses for cardinality constraints:  4158
Initial variable count:  257687
Initial clause count:  388279
--------------------------------------------------

Trying with at most 33 labels...
Solution:
{1: 30, 2: 268, 3: 58, 4: 296, 5: 268, 6: 30, 7: 380, 8: 142, 9: 408, 10: 170, 11: 268, 12: 30, 13: 16, 14: 254, 15: 380, 16: 142, 17: 554, 18: 792, 19: 394, 20: 156, 21: 366, 22: 128, 23: 478, 24: 240, 25: 792, 26: 554, 27: 156, 28: 394, 29: 268, 30: 30, 31: 86, 32: 324, 33: 324, 34: 86, 35: 254, 36: 16, 37: 16, 38: 254, 39: 282, 40: 44, 41: 72, 42: 310, 43: 142, 44: 380, 45: 254, 46: 16, 47: 338, 48: 100, 49: 268, 50: 30, 51: 58, 52: 296, 53: 792, 54: 554, 55: 142, 56: 380, 57: 352, 58: 114, 59: 114, 60: 352, 61: 16, 62: 254, 63: 114, 64: 352, 65: 16, 66: 254, 67: 128, 68: 366, 69: 554, 70: 792, 71: 268, 72: 30, 73: 170, 74: 408, 75: 324, 76: 86, 77: 72, 78: 310, 79: 30, 80: 268, 81: 16, 82: 254, 83: 352, 84: 114, 85: 310, 86: 72, 87: 254, 88: 16, 89: 554, 90: 792, 91: 554, 92: 792, 93: 16, 94: 254, 95: 554, 96: 792, 97: 240, 98: 478, 99: 296, 100: 58, 101: 414, 102: 652, 103: 254, 104: 16, 105: 72, 106: 310, 107: 366, 108: 128, 109: 394, 110: 156, 111: 324, 112: 86, 113: 792, 114: 554, 115: 380, 116: 142, 117: 254, 118: 16, 119: 16, 120: 254, 121: 408, 122: 170, 123: 478, 124: 240, 125: 254, 126: 16, 127: 58, 128: 296, 129: 282, 130: 44, 131: 268, 132: 30, 133: 128, 134: 366, 135: 170, 136: 408, 137: 282, 138: 44, 139: 254, 140: 16, 141: 268, 142: 30, 143: 296, 144: 58, 145: 268, 146: 30, 147: 366, 148: 128, 149: 100, 150: 338, 151: 156, 152: 394, 153: 114, 154: 352, 155: 324, 156: 86, 157: 394, 158: 156, 159: 268, 160: 30, 161: 156, 162: 394, 163: 44, 164: 282, 165: 100, 166: 338, 167: 86, 168: 324, 169: 338, 170: 100, 171: 394, 172: 156, 173: 296, 174: 58, 175: 254, 176: 16, 177: 792, 178: 554, 179: 268, 180: 30, 181: 58, 182: 296, 183: 268, 184: 30, 185: 16, 186: 254, 187: 86, 188: 324, 189: 792, 190: 554, 191: 296, 192: 58, 193: 170, 194: 408, 195: 366, 196: 128, 197: 16, 198: 254, 199: 792, 200: 554}
Number of lables used:  30
Total time: 0.56 seconds
Memory used: 110.81 MB
--------------------------------------------------

Trying with at most 29 labels...
Solution:
{1: 30, 2: 268, 3: 58, 4: 296, 5: 268, 6: 30, 7: 380, 8: 142, 9: 478, 10: 240, 11: 414, 12: 652, 13: 16, 14: 254, 15: 114, 16: 352, 17: 554, 18: 792, 19: 394, 20: 156, 21: 366, 22: 128, 23: 142, 24: 380, 25: 554, 26: 792, 27: 352, 28: 114, 29: 268, 30: 30, 31: 86, 32: 324, 33: 324, 34: 86, 35: 254, 36: 16, 37: 16, 38: 254, 39: 282, 40: 44, 41: 72, 42: 310, 43: 142, 44: 380, 45: 254, 46: 16, 47: 338, 48: 100, 49: 268, 50: 30, 51: 58, 52: 296, 53: 792, 54: 554, 55: 142, 56: 380, 57: 352, 58: 114, 59: 114, 60: 352, 61: 16, 62: 254, 63: 114, 64: 352, 65: 16, 66: 254, 67: 128, 68: 366, 69: 554, 70: 792, 71: 268, 72: 30, 73: 142, 74: 380, 75: 324, 76: 86, 77: 72, 78: 310, 79: 30, 80: 268, 81: 16, 82: 254, 83: 352, 84: 114, 85: 310, 86: 72, 87: 554, 88: 792, 89: 554, 90: 792, 91: 554, 92: 792, 93: 16, 94: 254, 95: 554, 96: 792, 97: 240, 98: 478, 99: 296, 100: 58, 101: 414, 102: 652, 103: 254, 104: 16, 105: 72, 106: 310, 107: 366, 108: 128, 109: 394, 110: 156, 111: 324, 112: 86, 113: 792, 114: 554, 115: 380, 116: 142, 117: 254, 118: 16, 119: 16, 120: 254, 121: 240, 122: 478, 123: 478, 124: 240, 125: 254, 126: 16, 127: 58, 128: 296, 129: 282, 130: 44, 131: 268, 132: 30, 133: 128, 134: 366, 135: 478, 136: 240, 137: 282, 138: 44, 139: 254, 140: 16, 141: 268, 142: 30, 143: 296, 144: 58, 145: 268, 146: 30, 147: 366, 148: 128, 149: 100, 150: 338, 151: 156, 152: 394, 153: 114, 154: 352, 155: 324, 156: 86, 157: 394, 158: 156, 159: 268, 160: 30, 161: 156, 162: 394, 163: 44, 164: 282, 165: 100, 166: 338, 167: 86, 168: 324, 169: 338, 170: 100, 171: 394, 172: 156, 173: 296, 174: 58, 175: 268, 176: 30, 177: 792, 178: 554, 179: 268, 180: 30, 181: 58, 182: 296, 183: 268, 184: 30, 185: 16, 186: 254, 187: 86, 188: 324, 189: 792, 190: 554, 191: 296, 192: 58, 193: 240, 194: 478, 195: 366, 196: 128, 197: 16, 198: 254, 199: 792, 200: 554}
Number of lables used:  28
Total time: 0.59 seconds
Memory used: 110.81 MB
--------------------------------------------------

Trying with at most 27 labels...
Solution:
{1: 30, 2: 268, 3: 114, 4: 352, 5: 268, 6: 30, 7: 380, 8: 142, 9: 478, 10: 240, 11: 414, 12: 652, 13: 296, 14: 58, 15: 30, 16: 268, 17: 554, 18: 792, 19: 394, 20: 156, 21: 366, 22: 128, 23: 142, 24: 380, 25: 554, 26: 792, 27: 352, 28: 114, 29: 296, 30: 58, 31: 86, 32: 324, 33: 324, 34: 86, 35: 268, 36: 30, 37: 128, 38: 366, 39: 394, 40: 156, 41: 72, 42: 310, 43: 142, 44: 380, 45: 100, 46: 338, 47: 338, 48: 100, 49: 268, 50: 30, 51: 58, 52: 296, 53: 792, 54: 554, 55: 142, 56: 380, 57: 352, 58: 114, 59: 114, 60: 352, 61: 30, 62: 268, 63: 114, 64: 352, 65: 394, 66: 156, 67: 128, 68: 366, 69: 554, 70: 792, 71: 268, 72: 30, 73: 142, 74: 380, 75: 324, 76: 86, 77: 72, 78: 310, 79: 30, 80: 268, 81: 30, 82: 268, 83: 352, 84: 114, 85: 652, 86: 414, 87: 554, 88: 792, 89: 554, 90: 792, 91: 554, 92: 792, 93: 58, 94: 296, 95: 30, 96: 268, 97: 240, 98: 478, 99: 58, 100: 296, 101: 414, 102: 652, 103: 324, 104: 86, 105: 72, 106: 310, 107: 366, 108: 128, 109: 394, 110: 156, 111: 324, 112: 86, 113: 792, 114: 554, 115: 380, 116: 142, 117: 58, 118: 296, 119: 44, 120: 282, 121: 240, 122: 478, 123: 478, 124: 240, 125: 268, 126: 30, 127: 58, 128: 296, 129: 282, 130: 44, 131: 268, 132: 30, 133: 128, 134: 366, 135: 478, 136: 240, 137: 282, 138: 44, 139: 338, 140: 100, 141: 268, 142: 30, 143: 296, 144: 58, 145: 268, 146: 30, 147: 366, 148: 128, 149: 100, 150: 338, 151: 156, 152: 394, 153: 114, 154: 352, 155: 324, 156: 86, 157: 394, 158: 156, 159: 268, 160: 30, 161: 156, 162: 394, 163: 44, 164: 282, 165: 100, 166: 338, 167: 86, 168: 324, 169: 338, 170: 100, 171: 394, 172: 156, 173: 296, 174: 58, 175: 268, 176: 30, 177: 792, 178: 554, 179: 268, 180: 30, 181: 58, 182: 296, 183: 268, 184: 30, 185: 554, 186: 792, 187: 86, 188: 324, 189: 792, 190: 554, 191: 296, 192: 58, 193: 478, 194: 240, 195: 366, 196: 128, 197: 414, 198: 652, 199: 792, 200: 554}
Number of lables used:  26
Total time: 0.61 seconds
Memory used: 110.81 MB
--------------------------------------------------

Trying with at most 25 labels...
Solution:
{1: 114, 2: 352, 3: 114, 4: 352, 5: 268, 6: 30, 7: 380, 8: 142, 9: 478, 10: 240, 11: 414, 12: 652, 13: 296, 14: 58, 15: 652, 16: 414, 17: 554, 18: 792, 19: 156, 20: 394, 21: 366, 22: 128, 23: 142, 24: 380, 25: 554, 26: 792, 27: 352, 28: 114, 29: 296, 30: 58, 31: 86, 32: 324, 33: 324, 34: 86, 35: 268, 36: 30, 37: 128, 38: 366, 39: 394, 40: 156, 41: 296, 42: 58, 43: 380, 44: 142, 45: 268, 46: 30, 47: 792, 48: 554, 49: 268, 50: 30, 51: 58, 52: 296, 53: 792, 54: 554, 55: 142, 56: 380, 57: 268, 58: 30, 59: 114, 60: 352, 61: 30, 62: 268, 63: 114, 64: 352, 65: 394, 66: 156, 67: 296, 68: 58, 69: 554, 70: 792, 71: 268, 72: 30, 73: 142, 74: 380, 75: 324, 76: 86, 77: 414, 78: 652, 79: 30, 80: 268, 81: 30, 82: 268, 83: 352, 84: 114, 85: 652, 86: 414, 87: 554, 88: 792, 89: 554, 90: 792, 91: 554, 92: 792, 93: 58, 94: 296, 95: 30, 96: 268, 97: 240, 98: 478, 99: 352, 100: 114, 101: 100, 102: 338, 103: 324, 104: 86, 105: 324, 106: 86, 107: 366, 108: 128, 109: 394, 110: 156, 111: 324, 112: 86, 113: 792, 114: 554, 115: 324, 116: 86, 117: 58, 118: 296, 119: 58, 120: 296, 121: 240, 122: 478, 123: 478, 124: 240, 125: 58, 126: 296, 127: 58, 128: 296, 129: 324, 130: 86, 131: 268, 132: 30, 133: 100, 134: 338, 135: 478, 136: 240, 137: 30, 138: 268, 139: 338, 140: 100, 141: 268, 142: 30, 143: 296, 144: 58, 145: 268, 146: 30, 147: 366, 148: 128, 149: 414, 150: 652, 151: 156, 152: 394, 153: 114, 154: 352, 155: 324, 156: 86, 157: 394, 158: 156, 159: 268, 160: 30, 161: 156, 162: 394, 163: 380, 164: 142, 165: 100, 166: 338, 167: 86, 168: 324, 169: 128, 170: 366, 171: 394, 172: 156, 173: 296, 174: 58, 175: 268, 176: 30, 177: 792, 178: 554, 179: 268, 180: 30, 181: 58, 182: 296, 183: 268, 184: 30, 185: 554, 186: 792, 187: 86, 188: 324, 189: 792, 190: 554, 191: 296, 192: 58, 193: 478, 194: 240, 195: 366, 196: 128, 197: 414, 198: 652, 199: 792, 200: 554}
Number of lables used:  22
Total time: 0.63 seconds
Memory used: 110.82 MB
--------------------------------------------------

Trying with at most 21 labels...
Solution:
{1: 114, 2: 352, 3: 114, 4: 352, 5: 296, 6: 58, 7: 478, 8: 240, 9: 478, 10: 240, 11: 554, 12: 792, 13: 296, 14: 58, 15: 652, 16: 414, 17: 554, 18: 792, 19: 16, 20: 254, 21: 16, 22: 254, 23: 240, 24: 478, 25: 414, 26: 652, 27: 352, 28: 114, 29: 296, 30: 58, 31: 86, 32: 324, 33: 324, 34: 86, 35: 254, 36: 16, 37: 30, 38: 268, 39: 58, 40: 296, 41: 296, 42: 58, 43: 268, 44: 30, 45: 268, 46: 30, 47: 792, 48: 554, 49: 86, 50: 324, 51: 58, 52: 296, 53: 792, 54: 554, 55: 652, 56: 414, 57: 254, 58: 16, 59: 114, 60: 352, 61: 30, 62: 268, 63: 114, 64: 352, 65: 394, 66: 156, 67: 296, 68: 58, 69: 554, 70: 792, 71: 268, 72: 30, 73: 142, 74: 380, 75: 324, 76: 86, 77: 792, 78: 554, 79: 30, 80: 268, 81: 30, 82: 268, 83: 352, 84: 114, 85: 652, 86: 414, 87: 16, 88: 254, 89: 554, 90: 792, 91: 554, 92: 792, 93: 58, 94: 296, 95: 86, 96: 324, 97: 142, 98: 380, 99: 352, 100: 114, 101: 114, 102: 352, 103: 324, 104: 86, 105: 324, 106: 86, 107: 380, 108: 142, 109: 394, 110: 156, 111: 324, 112: 86, 113: 792, 114: 554, 115: 268, 116: 30, 117: 58, 118: 296, 119: 16, 120: 254, 121: 142, 122: 380, 123: 478, 124: 240, 125: 16, 126: 254, 127: 58, 128: 296, 129: 324, 130: 86, 131: 352, 132: 114, 133: 114, 134: 352, 135: 142, 136: 380, 137: 30, 138: 268, 139: 254, 140: 16, 141: 268, 142: 30, 143: 296, 144: 58, 145: 296, 146: 58, 147: 16, 148: 254, 149: 414, 150: 652, 151: 156, 152: 394, 153: 114, 154: 352, 155: 324, 156: 86, 157: 394, 158: 156, 159: 156, 160: 394, 161: 414, 162: 652, 163: 652, 164: 414, 165: 296, 166: 58, 167: 86, 168: 324, 169: 142, 170: 380, 171: 394, 172: 156, 173: 296, 174: 58, 175: 268, 176: 30, 177: 792, 178: 554, 179: 268, 180: 30, 181: 58, 182: 296, 183: 30, 184: 268, 185: 16, 186: 254, 187: 352, 188: 114, 189: 792, 190: 554, 191: 554, 192: 792, 193: 240, 194: 478, 195: 58, 196: 296, 197: 414, 198: 652, 199: 792, 200: 554}
Number of lables used:  20
Total time: 0.69 seconds
Memory used: 112.34 MB
--------------------------------------------------

Trying with at most 19 labels...
Solution:
{1: 30, 2: 268, 3: 16, 4: 254, 5: 16, 6: 254, 7: 142, 8: 380, 9: 142, 10: 380, 11: 16, 12: 254, 13: 30, 14: 268, 15: 58, 16: 296, 17: 16, 18: 254, 19: 310, 20: 72, 21: 792, 22: 554, 23: 142, 24: 380, 25: 72, 26: 310, 27: 352, 28: 114, 29: 554, 30: 792, 31: 72, 32: 310, 33: 114, 34: 352, 35: 72, 36: 310, 37: 16, 38: 254, 39: 16, 40: 254, 41: 72, 42: 310, 43: 86, 44: 324, 45: 380, 46: 142, 47: 16, 48: 254, 49: 380, 50: 142, 51: 86, 52: 324, 53: 30, 54: 268, 55: 58, 56: 296, 57: 58, 58: 296, 59: 792, 60: 554, 61: 792, 62: 554, 63: 86, 64: 324, 65: 16, 66: 254, 67: 352, 68: 114, 69: 58, 70: 296, 71: 30, 72: 268, 73: 408, 74: 170, 75: 86, 76: 324, 77: 30, 78: 268, 79: 16, 80: 254, 81: 72, 82: 310, 83: 72, 84: 310, 85: 72, 86: 310, 87: 16, 88: 254, 89: 58, 90: 296, 91: 254, 92: 16, 93: 16, 94: 254, 95: 792, 96: 554, 97: 408, 98: 170, 99: 142, 100: 380, 101: 296, 102: 58, 103: 16, 104: 254, 105: 268, 106: 30, 107: 58, 108: 296, 109: 16, 110: 254, 111: 142, 112: 380, 113: 310, 114: 72, 115: 72, 116: 310, 117: 142, 118: 380, 119: 142, 120: 380, 121: 408, 122: 170, 123: 142, 124: 380, 125: 58, 126: 296, 127: 58, 128: 296, 129: 142, 130: 380, 131: 30, 132: 268, 133: 324, 134: 86, 135: 170, 136: 408, 137: 30, 138: 268, 139: 16, 140: 254, 141: 30, 142: 268, 143: 324, 144: 86, 145: 114, 146: 352, 147: 554, 148: 792, 149: 380, 150: 142, 151: 30, 152: 268, 153: 380, 154: 142, 155: 296, 156: 58, 157: 792, 158: 554, 159: 554, 160: 792, 161: 296, 162: 58, 163: 30, 164: 268, 165: 86, 166: 324, 167: 72, 168: 310, 169: 352, 170: 114, 171: 792, 172: 554, 173: 380, 174: 142, 175: 30, 176: 268, 177: 16, 178: 254, 179: 792, 180: 554, 181: 16, 182: 254, 183: 352, 184: 114, 185: 142, 186: 380, 187: 114, 188: 352, 189: 142, 190: 380, 191: 142, 192: 380, 193: 408, 194: 170, 195: 792, 196: 554, 197: 58, 198: 296, 199: 72, 200: 310}
Number of lables used:  18
Total time: 0.90 seconds
Memory used: 121.18 MB
--------------------------------------------------

Trying with at most 17 labels...
[runlim] sample:		9.99 time, 10.01 real, 103 MB, 1.10 load
[runlim] sample:		19.99 time, 20.01 real, 104 MB, 1.16 load
[runlim] sample:		29.98 time, 30.01 real, 104 MB, 1.14 load
[runlim] sample:		39.99 time, 40.01 real, 111 MB, 1.12 load
[runlim] sample:		49.98 time, 50.01 real, 112 MB, 1.10 load
[runlim] sample:		59.98 time, 60.01 real, 112 MB, 1.08 load
[runlim] sample:		69.97 time, 70.01 real, 112 MB, 1.07 load
[runlim] sample:		79.97 time, 80.01 real, 112 MB, 1.06 load
[runlim] sample:		89.97 time, 90.01 real, 113 MB, 1.05 load
[runlim] sample:		99.96 time, 100.01 real, 127 MB, 1.04 load
[runlim] sample:		109.95 time, 110.01 real, 115 MB, 1.03 load
[runlim] sample:		119.95 time, 120.01 real, 116 MB, 1.03 load
[runlim] sample:		129.94 time, 130.01 real, 128 MB, 1.02 load
[runlim] sample:		139.94 time, 140.01 real, 128 MB, 1.10 load
[runlim] sample:		149.93 time, 150.01 real, 129 MB, 1.08 load
[runlim] sample:		159.93 time, 160.01 real, 129 MB, 1.07 load
[runlim] sample:		169.93 time, 170.01 real, 114 MB, 1.06 load
[runlim] sample:		179.93 time, 180.01 real, 114 MB, 1.05 load
[runlim] sample:		189.93 time, 190.01 real, 114 MB, 1.04 load
[runlim] sample:		199.92 time, 200.01 real, 114 MB, 1.04 load
[runlim] sample:		209.92 time, 210.01 real, 115 MB, 1.03 load
[runlim] sample:		219.91 time, 220.01 real, 127 MB, 1.02 load
[runlim] sample:		229.91 time, 230.01 real, 127 MB, 1.02 load
[runlim] sample:		239.90 time, 240.01 real, 127 MB, 1.02 load
[runlim] sample:		249.89 time, 250.01 real, 138 MB, 1.01 load
[runlim] sample:		259.89 time, 260.01 real, 139 MB, 1.01 load
[runlim] sample:		269.89 time, 270.01 real, 139 MB, 1.01 load
[runlim] sample:		279.88 time, 280.01 real, 141 MB, 1.01 load
[runlim] sample:		289.88 time, 290.01 real, 141 MB, 1.01 load
[runlim] sample:		299.87 time, 300.01 real, 141 MB, 1.00 load
[runlim] sample:		309.87 time, 310.01 real, 142 MB, 1.00 load
[runlim] sample:		319.87 time, 320.01 real, 125 MB, 1.00 load
[runlim] sample:		329.87 time, 330.01 real, 151 MB, 1.00 load
[runlim] sample:		339.86 time, 340.01 real, 145 MB, 1.00 load
[runlim] sample:		349.86 time, 350.01 real, 145 MB, 1.00 load
[runlim] sample:		359.85 time, 360.01 real, 149 MB, 1.00 load
[runlim] sample:		369.85 time, 370.01 real, 149 MB, 1.00 load
[runlim] sample:		379.85 time, 380.01 real, 153 MB, 1.00 load
[runlim] sample:		389.84 time, 390.01 real, 154 MB, 1.00 load
[runlim] sample:		399.84 time, 400.01 real, 154 MB, 1.08 load
[runlim] sample:		409.84 time, 410.01 real, 158 MB, 1.14 load
[runlim] sample:		419.83 time, 420.01 real, 165 MB, 1.12 load
[runlim] sample:		429.83 time, 430.01 real, 165 MB, 1.10 load
[runlim] sample:		439.82 time, 440.01 real, 165 MB, 1.08 load
[runlim] sample:		449.82 time, 450.01 real, 165 MB, 1.07 load
[runlim] sample:		459.82 time, 460.01 real, 167 MB, 1.06 load
[runlim] sample:		469.81 time, 470.01 real, 167 MB, 1.05 load
[runlim] sample:		479.81 time, 480.01 real, 167 MB, 1.04 load
[runlim] sample:		489.81 time, 490.01 real, 167 MB, 1.04 load
[runlim] sample:		499.80 time, 500.01 real, 167 MB, 1.03 load
[runlim] sample:		509.80 time, 510.01 real, 167 MB, 1.02 load
[runlim] sample:		519.79 time, 520.01 real, 167 MB, 1.02 load
[runlim] sample:		529.79 time, 530.01 real, 167 MB, 1.02 load
[runlim] sample:		539.79 time, 540.01 real, 167 MB, 1.01 load
[runlim] sample:		549.78 time, 550.01 real, 167 MB, 1.01 load
[runlim] sample:		559.78 time, 560.01 real, 167 MB, 1.08 load
[runlim] sample:		569.77 time, 570.01 real, 167 MB, 1.07 load
[runlim] sample:		579.77 time, 580.01 real, 167 MB, 1.06 load
[runlim] sample:		589.77 time, 590.01 real, 167 MB, 1.05 load
[runlim] sample:		599.76 time, 600.01 real, 167 MB, 1.04 load
[runlim] end:			Sun Jun 14 02:17:57 2026
[runlim] status:		out of time
[runlim] result:		2
[runlim] children:		1
[runlim] processes:		2
[runlim] real:			601.06 seconds
[runlim] time:			599.76 seconds
[runlim] space:			167 MB
[runlim] load:			1.16 maximum
[runlim] samples:		6000
