[runlim] version:		2.0.0rc12
[runlim] host:			ap-Precision-7550
[runlim] time limit:		311040000 seconds
[runlim] real time limit:	600 seconds
[runlim] space limit:		14000 MB
[runlim] argv[0]:		python3
[runlim] argv[1]:		-u
[runlim] argv[2]:		pairwise_no_preprocessing.py
[runlim] argv[3]:		graph06
[runlim] argv[4]:		assumptions
[runlim] argv[5]:		3
[runlim] argv[6]:		card
[runlim] argv[7]:		3
[runlim] start:			Sun Jun 14 03:32:39 2026
[runlim] child:			18835
Exactly-one cardinality encoding:  3
Distance constraint mode:  card
Distance cardinality encoding:  3
Number of assignment variables:  15084
Number of clauses for exactly one constraints:  87304
Number of clauses for distance constraints:  6295426
---------------------------------------------------
Solve first problem:
Cannot find solution.
Time taken: 5.83 seconds 
Memory used: 2018.36 MB
[runlim] end:			Sun Jun 14 03:32:46 2026
[runlim] status:		ok
[runlim] result:		0
[runlim] children:		1
[runlim] processes:		2
[runlim] real:			6.39 seconds
[runlim] time:			6.30 seconds
[runlim] space:			2018 MB
[runlim] load:			1.17 maximum
[runlim] samples:		64
