[runlim] version:		2.0.0rc12
[runlim] host:			ap-Precision-7550
[runlim] time limit:		311040000 seconds
[runlim] real time limit:	600 seconds
[runlim] space limit:		14000 MB
[runlim] argv[0]:		python3
[runlim] argv[1]:		-u
[runlim] argv[2]:		pairwise_no_preprocessing.py
[runlim] argv[3]:		graph02
[runlim] argv[4]:		assumptions
[runlim] argv[5]:		3
[runlim] argv[6]:		card
[runlim] argv[7]:		3
[runlim] start:			Sun Jun 14 02:17:57 2026
[runlim] child:			18642
Exactly-one cardinality encoding:  3
Distance constraint mode:  card
Distance cardinality encoding:  3
Number of assignment variables:  14624
Number of clauses for exactly one constraints:  84544
Number of clauses for distance constraints:  832743
---------------------------------------------------
Solve first problem:
Solution:
{1: 792, 2: 554, 3: 792, 4: 554, 5: 792, 6: 554, 7: 792, 8: 554, 9: 792, 10: 554, 11: 792, 12: 554, 13: 792, 14: 554, 15: 792, 16: 554, 17: 792, 18: 554, 19: 792, 20: 554, 21: 792, 22: 554, 23: 792, 24: 554, 25: 792, 26: 554, 27: 750, 28: 512, 29: 792, 30: 554, 31: 792, 32: 554, 33: 722, 34: 484, 35: 722, 36: 484, 37: 792, 38: 554, 39: 792, 40: 554, 41: 680, 42: 442, 43: 708, 44: 470, 45: 764, 46: 526, 47: 750, 48: 512, 49: 750, 50: 512, 51: 792, 52: 554, 53: 408, 54: 170, 55: 792, 56: 554, 57: 792, 58: 554, 59: 736, 60: 498, 61: 764, 62: 526, 63: 778, 64: 540, 65: 764, 66: 526, 67: 750, 68: 512, 69: 736, 70: 498, 71: 478, 72: 240, 73: 792, 74: 554, 75: 750, 76: 512, 77: 792, 78: 554, 79: 764, 80: 526, 81: 722, 82: 484, 83: 792, 84: 554, 85: 722, 86: 484, 87: 778, 88: 540, 89: 792, 90: 554, 91: 736, 92: 498, 93: 750, 94: 512, 95: 778, 96: 540, 97: 792, 98: 554, 99: 736, 100: 498, 101: 764, 102: 526, 103: 722, 104: 484, 105: 722, 106: 484, 107: 736, 108: 498, 109: 792, 110: 554, 111: 708, 112: 470, 113: 778, 114: 540, 115: 708, 116: 470, 117: 792, 118: 554, 119: 478, 120: 240, 121: 750, 122: 512, 123: 792, 124: 554, 125: 680, 126: 442, 127: 778, 128: 540, 129: 408, 130: 170, 131: 778, 132: 540, 133: 778, 134: 540, 135: 478, 136: 240, 137: 694, 138: 456, 139: 708, 140: 470, 141: 736, 142: 498, 143: 764, 144: 526, 145: 778, 146: 540, 147: 792, 148: 554, 149: 792, 150: 554, 151: 764, 152: 526, 153: 722, 154: 484, 155: 478, 156: 240, 157: 792, 158: 554, 159: 792, 160: 554, 161: 792, 162: 554, 163: 408, 164: 170, 165: 666, 166: 428, 167: 764, 168: 526, 169: 750, 170: 512, 171: 778, 172: 540, 173: 764, 174: 526, 175: 792, 176: 554, 177: 736, 178: 498, 179: 408, 180: 170, 181: 764, 182: 526, 183: 736, 184: 498, 185: 750, 186: 512, 187: 736, 188: 498, 189: 408, 190: 170, 191: 750, 192: 512, 193: 722, 194: 484, 195: 722, 196: 484, 197: 792, 198: 554, 199: 764, 200: 526, 201: 722, 202: 484, 203: 680, 204: 442, 205: 708, 206: 470, 207: 694, 208: 456, 209: 694, 210: 456, 211: 764, 212: 526, 213: 478, 214: 240, 215: 456, 216: 694, 217: 442, 218: 680, 219: 652, 220: 414, 221: 792, 222: 554, 223: 764, 224: 526, 225: 792, 226: 554, 227: 408, 228: 170, 229: 764, 230: 526, 231: 694, 232: 456, 233: 680, 234: 442, 235: 708, 236: 470, 237: 778, 238: 540, 239: 694, 240: 456, 241: 750, 242: 512, 243: 750, 244: 512, 245: 428, 246: 666, 247: 478, 248: 240, 249: 764, 250: 526, 251: 722, 252: 484, 253: 708, 254: 470, 255: 380, 256: 142, 257: 666, 258: 428, 259: 478, 260: 240, 261: 498, 262: 736, 263: 478, 264: 240, 265: 478, 266: 240, 267: 722, 268: 484, 269: 750, 270: 512, 271: 414, 272: 652, 273: 722, 274: 484, 275: 680, 276: 442, 277: 778, 278: 540, 279: 428, 280: 666, 281: 666, 282: 428, 283: 694, 284: 456, 285: 408, 286: 170, 287: 484, 288: 722, 289: 666, 290: 428, 291: 478, 292: 240, 293: 408, 294: 170, 295: 778, 296: 540, 297: 408, 298: 170, 299: 408, 300: 170, 301: 324, 302: 86, 303: 736, 304: 498, 305: 778, 306: 540, 307: 694, 308: 456, 309: 408, 310: 170, 311: 478, 312: 240, 313: 408, 314: 170, 315: 736, 316: 498, 317: 408, 318: 170, 319: 736, 320: 498, 321: 792, 322: 554, 323: 338, 324: 100, 325: 470, 326: 708, 327: 652, 328: 414, 329: 778, 330: 540, 331: 442, 332: 680, 333: 380, 334: 142, 335: 526, 336: 764, 337: 792, 338: 554, 339: 478, 340: 240, 341: 694, 342: 456, 343: 470, 344: 708, 345: 792, 346: 554, 347: 722, 348: 484, 349: 408, 350: 170, 351: 408, 352: 170, 353: 394, 354: 156, 355: 680, 356: 442, 357: 352, 358: 114, 359: 778, 360: 540, 361: 338, 362: 100, 363: 750, 364: 512, 365: 680, 366: 442, 367: 680, 368: 442, 369: 652, 370: 414, 371: 366, 372: 128, 373: 652, 374: 414, 375: 652, 376: 414, 377: 366, 378: 128, 379: 708, 380: 470, 381: 764, 382: 526, 383: 680, 384: 442, 385: 750, 386: 512, 387: 694, 388: 456, 389: 456, 390: 694, 391: 652, 392: 414, 393: 666, 394: 428, 395: 778, 396: 540, 397: 310, 398: 72, 399: 750, 400: 512}
Number of lables used:  40
Total time: 1.15 seconds
Memory used: 298.50 MB
--------------------------------------------------
Number of label variables:  48
Number of clauses for label constraints:  14624
Number of new variables for cardinality constraints:  1131
Number of clauses for cardinality constraints:  4446
Initial variable count:  621649
Initial clause count:  936357
--------------------------------------------------

Trying with at most 39 labels...
Solution:
{1: 428, 2: 666, 3: 100, 4: 338, 5: 324, 6: 86, 7: 268, 8: 30, 9: 652, 10: 414, 11: 254, 12: 16, 13: 86, 14: 324, 15: 338, 16: 100, 17: 394, 18: 156, 19: 268, 20: 30, 21: 282, 22: 44, 23: 414, 24: 652, 25: 282, 26: 44, 27: 394, 28: 156, 29: 282, 30: 44, 31: 652, 32: 414, 33: 310, 34: 72, 35: 282, 36: 44, 37: 366, 38: 128, 39: 338, 40: 100, 41: 324, 42: 86, 43: 352, 44: 114, 45: 72, 46: 310, 47: 324, 48: 86, 49: 366, 50: 128, 51: 324, 52: 86, 53: 478, 54: 240, 55: 254, 56: 16, 57: 352, 58: 114, 59: 310, 60: 72, 61: 324, 62: 86, 63: 296, 64: 58, 65: 268, 66: 30, 67: 128, 68: 366, 69: 254, 70: 16, 71: 142, 72: 380, 73: 352, 74: 114, 75: 324, 76: 86, 77: 296, 78: 58, 79: 30, 80: 268, 81: 282, 82: 44, 83: 310, 84: 72, 85: 428, 86: 666, 87: 366, 88: 128, 89: 310, 90: 72, 91: 394, 92: 156, 93: 44, 94: 282, 95: 652, 96: 414, 97: 86, 98: 324, 99: 338, 100: 100, 101: 268, 102: 30, 103: 366, 104: 128, 105: 310, 106: 72, 107: 268, 108: 30, 109: 324, 110: 86, 111: 30, 112: 268, 113: 324, 114: 86, 115: 352, 116: 114, 117: 128, 118: 366, 119: 408, 120: 170, 121: 296, 122: 58, 123: 352, 124: 114, 125: 72, 126: 310, 127: 366, 128: 128, 129: 240, 130: 478, 131: 16, 132: 254, 133: 414, 134: 652, 135: 478, 136: 240, 137: 156, 138: 394, 139: 268, 140: 30, 141: 666, 142: 428, 143: 352, 144: 114, 145: 296, 146: 58, 147: 310, 148: 72, 149: 128, 150: 366, 151: 352, 152: 114, 153: 254, 154: 16, 155: 380, 156: 142, 157: 652, 158: 414, 159: 16, 160: 254, 161: 44, 162: 282, 163: 408, 164: 170, 165: 128, 166: 366, 167: 44, 168: 282, 169: 142, 170: 380, 171: 366, 172: 128, 173: 72, 174: 310, 175: 366, 176: 128, 177: 666, 178: 428, 179: 408, 180: 170, 181: 100, 182: 338, 183: 414, 184: 652, 185: 268, 186: 30, 187: 282, 188: 44, 189: 408, 190: 170, 191: 414, 192: 652, 193: 352, 194: 114, 195: 296, 196: 58, 197: 254, 198: 16, 199: 254, 200: 16, 201: 114, 202: 352, 203: 30, 204: 268, 205: 352, 206: 114, 207: 394, 208: 156, 209: 254, 210: 16, 211: 58, 212: 296, 213: 408, 214: 170, 215: 254, 216: 16, 217: 310, 218: 72, 219: 310, 220: 72, 221: 338, 222: 100, 223: 114, 224: 352, 225: 16, 226: 254, 227: 142, 228: 380, 229: 254, 230: 16, 231: 86, 232: 324, 233: 324, 234: 86, 235: 296, 236: 58, 237: 296, 238: 58, 239: 380, 240: 142, 241: 310, 242: 72, 243: 44, 244: 282, 245: 428, 246: 666, 247: 408, 248: 170, 249: 428, 250: 666, 251: 16, 252: 254, 253: 100, 254: 338, 255: 408, 256: 170, 257: 30, 258: 268, 259: 408, 260: 170, 261: 156, 262: 394, 263: 170, 264: 408, 265: 408, 266: 170, 267: 58, 268: 296, 269: 282, 270: 44, 271: 156, 272: 394, 273: 296, 274: 58, 275: 16, 276: 254, 277: 268, 278: 30, 279: 428, 280: 666, 281: 114, 282: 352, 283: 268, 284: 30, 285: 142, 286: 380, 287: 296, 288: 58, 289: 296, 290: 58, 291: 408, 292: 170, 293: 408, 294: 170, 295: 338, 296: 100, 297: 478, 298: 240, 299: 478, 300: 240, 301: 268, 302: 30, 303: 310, 304: 72, 305: 58, 306: 296, 307: 30, 308: 268, 309: 408, 310: 170, 311: 408, 312: 170, 313: 380, 314: 142, 315: 30, 316: 268, 317: 380, 318: 142, 319: 338, 320: 100, 321: 114, 322: 352, 323: 268, 324: 30, 325: 254, 326: 16, 327: 282, 328: 44, 329: 44, 330: 282, 331: 268, 332: 30, 333: 310, 334: 72, 335: 394, 336: 156, 337: 282, 338: 44, 339: 240, 340: 478, 341: 268, 342: 30, 343: 324, 344: 86, 345: 352, 346: 114, 347: 296, 348: 58, 349: 408, 350: 170, 351: 408, 352: 170, 353: 310, 354: 72, 355: 156, 356: 394, 357: 310, 358: 72, 359: 268, 360: 30, 361: 268, 362: 30, 363: 394, 364: 156, 365: 324, 366: 86, 367: 282, 368: 44, 369: 268, 370: 30, 371: 310, 372: 72, 373: 352, 374: 114, 375: 254, 376: 16, 377: 30, 378: 268, 379: 394, 380: 156, 381: 296, 382: 58, 383: 310, 384: 72, 385: 268, 386: 30, 387: 30, 388: 268, 389: 310, 390: 72, 391: 394, 392: 156, 393: 310, 394: 72, 395: 296, 396: 58, 397: 254, 398: 16, 399: 380, 400: 142}
Number of lables used:  30
Total time: 1.23 seconds
Memory used: 298.84 MB
--------------------------------------------------

Trying with at most 29 labels...
Solution:
{1: 428, 2: 666, 3: 72, 4: 310, 5: 324, 6: 86, 7: 268, 8: 30, 9: 652, 10: 414, 11: 254, 12: 16, 13: 86, 14: 324, 15: 338, 16: 100, 17: 394, 18: 156, 19: 268, 20: 30, 21: 282, 22: 44, 23: 414, 24: 652, 25: 282, 26: 44, 27: 394, 28: 156, 29: 282, 30: 44, 31: 652, 32: 414, 33: 310, 34: 72, 35: 282, 36: 44, 37: 366, 38: 128, 39: 338, 40: 100, 41: 324, 42: 86, 43: 352, 44: 114, 45: 338, 46: 100, 47: 324, 48: 86, 49: 366, 50: 128, 51: 324, 52: 86, 53: 380, 54: 142, 55: 254, 56: 16, 57: 352, 58: 114, 59: 310, 60: 72, 61: 324, 62: 86, 63: 296, 64: 58, 65: 268, 66: 30, 67: 128, 68: 366, 69: 254, 70: 16, 71: 142, 72: 380, 73: 352, 74: 114, 75: 324, 76: 86, 77: 296, 78: 58, 79: 30, 80: 268, 81: 282, 82: 44, 83: 310, 84: 72, 85: 380, 86: 142, 87: 366, 88: 128, 89: 310, 90: 72, 91: 310, 92: 72, 93: 44, 94: 282, 95: 652, 96: 414, 97: 86, 98: 324, 99: 338, 100: 100, 101: 268, 102: 30, 103: 366, 104: 128, 105: 310, 106: 72, 107: 268, 108: 30, 109: 324, 110: 86, 111: 30, 112: 268, 113: 324, 114: 86, 115: 352, 116: 114, 117: 128, 118: 366, 119: 408, 120: 170, 121: 296, 122: 58, 123: 352, 124: 114, 125: 72, 126: 310, 127: 366, 128: 128, 129: 170, 130: 408, 131: 16, 132: 254, 133: 414, 134: 652, 135: 142, 136: 380, 137: 156, 138: 394, 139: 268, 140: 30, 141: 666, 142: 428, 143: 352, 144: 114, 145: 296, 146: 58, 147: 310, 148: 72, 149: 128, 150: 366, 151: 414, 152: 652, 153: 254, 154: 16, 155: 380, 156: 142, 157: 282, 158: 44, 159: 16, 160: 254, 161: 44, 162: 282, 163: 408, 164: 170, 165: 428, 166: 666, 167: 44, 168: 282, 169: 142, 170: 380, 171: 366, 172: 128, 173: 72, 174: 310, 175: 366, 176: 128, 177: 666, 178: 428, 179: 408, 180: 170, 181: 100, 182: 338, 183: 414, 184: 652, 185: 268, 186: 30, 187: 282, 188: 44, 189: 408, 190: 170, 191: 414, 192: 652, 193: 352, 194: 114, 195: 296, 196: 58, 197: 254, 198: 16, 199: 254, 200: 16, 201: 114, 202: 352, 203: 30, 204: 268, 205: 352, 206: 114, 207: 394, 208: 156, 209: 254, 210: 16, 211: 58, 212: 296, 213: 408, 214: 170, 215: 254, 216: 16, 217: 310, 218: 72, 219: 310, 220: 72, 221: 338, 222: 100, 223: 114, 224: 352, 225: 16, 226: 254, 227: 142, 228: 380, 229: 254, 230: 16, 231: 86, 232: 324, 233: 324, 234: 86, 235: 296, 236: 58, 237: 296, 238: 58, 239: 380, 240: 142, 241: 86, 242: 324, 243: 44, 244: 282, 245: 428, 246: 666, 247: 408, 248: 170, 249: 428, 250: 666, 251: 16, 252: 254, 253: 100, 254: 338, 255: 408, 256: 170, 257: 30, 258: 268, 259: 408, 260: 170, 261: 156, 262: 394, 263: 170, 264: 408, 265: 408, 266: 170, 267: 58, 268: 296, 269: 282, 270: 44, 271: 156, 272: 394, 273: 296, 274: 58, 275: 16, 276: 254, 277: 268, 278: 30, 279: 428, 280: 666, 281: 114, 282: 352, 283: 268, 284: 30, 285: 142, 286: 380, 287: 296, 288: 58, 289: 296, 290: 58, 291: 408, 292: 170, 293: 408, 294: 170, 295: 338, 296: 100, 297: 142, 298: 380, 299: 170, 300: 408, 301: 268, 302: 30, 303: 310, 304: 72, 305: 58, 306: 296, 307: 30, 308: 268, 309: 408, 310: 170, 311: 408, 312: 170, 313: 380, 314: 142, 315: 30, 316: 268, 317: 380, 318: 142, 319: 338, 320: 100, 321: 114, 322: 352, 323: 652, 324: 414, 325: 254, 326: 16, 327: 282, 328: 44, 329: 44, 330: 282, 331: 268, 332: 30, 333: 310, 334: 72, 335: 254, 336: 16, 337: 282, 338: 44, 339: 142, 340: 380, 341: 268, 342: 30, 343: 324, 344: 86, 345: 352, 346: 114, 347: 296, 348: 58, 349: 408, 350: 170, 351: 408, 352: 170, 353: 310, 354: 72, 355: 156, 356: 394, 357: 310, 358: 72, 359: 268, 360: 30, 361: 268, 362: 30, 363: 394, 364: 156, 365: 324, 366: 86, 367: 282, 368: 44, 369: 268, 370: 30, 371: 310, 372: 72, 373: 352, 374: 114, 375: 254, 376: 16, 377: 30, 378: 268, 379: 394, 380: 156, 381: 296, 382: 58, 383: 310, 384: 72, 385: 268, 386: 30, 387: 30, 388: 268, 389: 310, 390: 72, 391: 394, 392: 156, 393: 310, 394: 72, 395: 296, 396: 58, 397: 254, 398: 16, 399: 380, 400: 142}
Number of lables used:  28
Total time: 1.28 seconds
Memory used: 298.84 MB
--------------------------------------------------

Trying with at most 27 labels...
Solution:
{1: 282, 2: 44, 3: 72, 4: 310, 5: 324, 6: 86, 7: 268, 8: 30, 9: 254, 10: 16, 11: 254, 12: 16, 13: 16, 14: 254, 15: 338, 16: 100, 17: 16, 18: 254, 19: 268, 20: 30, 21: 282, 22: 44, 23: 100, 24: 338, 25: 282, 26: 44, 27: 394, 28: 156, 29: 282, 30: 44, 31: 268, 32: 30, 33: 86, 34: 324, 35: 352, 36: 114, 37: 366, 38: 128, 39: 338, 40: 100, 41: 310, 42: 72, 43: 352, 44: 114, 45: 338, 46: 100, 47: 324, 48: 86, 49: 380, 50: 142, 51: 324, 52: 86, 53: 380, 54: 142, 55: 254, 56: 16, 57: 352, 58: 114, 59: 338, 60: 100, 61: 324, 62: 86, 63: 296, 64: 58, 65: 268, 66: 30, 67: 338, 68: 100, 69: 254, 70: 16, 71: 142, 72: 380, 73: 352, 74: 114, 75: 324, 76: 86, 77: 296, 78: 58, 79: 366, 80: 128, 81: 282, 82: 44, 83: 324, 84: 86, 85: 380, 86: 142, 87: 366, 88: 128, 89: 86, 90: 324, 91: 310, 92: 72, 93: 44, 94: 282, 95: 352, 96: 114, 97: 100, 98: 338, 99: 338, 100: 100, 101: 268, 102: 30, 103: 394, 104: 156, 105: 310, 106: 72, 107: 268, 108: 30, 109: 324, 110: 86, 111: 30, 112: 268, 113: 352, 114: 114, 115: 310, 116: 72, 117: 128, 118: 366, 119: 408, 120: 170, 121: 296, 122: 58, 123: 366, 124: 128, 125: 72, 126: 310, 127: 366, 128: 128, 129: 170, 130: 408, 131: 16, 132: 254, 133: 352, 134: 114, 135: 142, 136: 380, 137: 156, 138: 394, 139: 268, 140: 30, 141: 268, 142: 30, 143: 352, 144: 114, 145: 296, 146: 58, 147: 282, 148: 44, 149: 366, 150: 128, 151: 86, 152: 324, 153: 254, 154: 16, 155: 170, 156: 408, 157: 282, 158: 44, 159: 16, 160: 254, 161: 296, 162: 58, 163: 408, 164: 170, 165: 16, 166: 254, 167: 296, 168: 58, 169: 142, 170: 380, 171: 366, 172: 128, 173: 114, 174: 352, 175: 366, 176: 128, 177: 86, 178: 324, 179: 408, 180: 170, 181: 100, 182: 338, 183: 296, 184: 58, 185: 268, 186: 30, 187: 282, 188: 44, 189: 408, 190: 170, 191: 324, 192: 86, 193: 296, 194: 58, 195: 296, 196: 58, 197: 254, 198: 16, 199: 254, 200: 16, 201: 86, 202: 324, 203: 30, 204: 268, 205: 352, 206: 114, 207: 394, 208: 156, 209: 254, 210: 16, 211: 58, 212: 296, 213: 408, 214: 170, 215: 142, 216: 380, 217: 310, 218: 72, 219: 310, 220: 72, 221: 338, 222: 100, 223: 114, 224: 352, 225: 16, 226: 254, 227: 142, 228: 380, 229: 254, 230: 16, 231: 114, 232: 352, 233: 352, 234: 114, 235: 296, 236: 58, 237: 296, 238: 58, 239: 380, 240: 142, 241: 86, 242: 324, 243: 72, 244: 310, 245: 324, 246: 86, 247: 408, 248: 170, 249: 324, 250: 86, 251: 16, 252: 254, 253: 268, 254: 30, 255: 408, 256: 170, 257: 30, 258: 268, 259: 408, 260: 170, 261: 156, 262: 394, 263: 170, 264: 408, 265: 408, 266: 170, 267: 58, 268: 296, 269: 282, 270: 44, 271: 156, 272: 394, 273: 296, 274: 58, 275: 16, 276: 254, 277: 268, 278: 30, 279: 338, 280: 100, 281: 114, 282: 352, 283: 282, 284: 44, 285: 142, 286: 380, 287: 296, 288: 58, 289: 296, 290: 58, 291: 408, 292: 170, 293: 408, 294: 170, 295: 338, 296: 100, 297: 142, 298: 380, 299: 170, 300: 408, 301: 44, 302: 282, 303: 310, 304: 72, 305: 58, 306: 296, 307: 30, 308: 268, 309: 408, 310: 170, 311: 408, 312: 170, 313: 380, 314: 142, 315: 30, 316: 268, 317: 170, 318: 408, 319: 72, 320: 310, 321: 114, 322: 352, 323: 394, 324: 156, 325: 254, 326: 16, 327: 282, 328: 44, 329: 44, 330: 282, 331: 394, 332: 156, 333: 156, 334: 394, 335: 254, 336: 16, 337: 282, 338: 44, 339: 142, 340: 380, 341: 268, 342: 30, 343: 100, 344: 338, 345: 352, 346: 114, 347: 296, 348: 58, 349: 408, 350: 170, 351: 408, 352: 170, 353: 310, 354: 72, 355: 156, 356: 394, 357: 16, 358: 254, 359: 268, 360: 30, 361: 16, 362: 254, 363: 394, 364: 156, 365: 324, 366: 86, 367: 268, 368: 30, 369: 100, 370: 338, 371: 268, 372: 30, 373: 352, 374: 114, 375: 254, 376: 16, 377: 30, 378: 268, 379: 394, 380: 156, 381: 296, 382: 58, 383: 310, 384: 72, 385: 268, 386: 30, 387: 30, 388: 268, 389: 310, 390: 72, 391: 394, 392: 156, 393: 310, 394: 72, 395: 30, 396: 268, 397: 366, 398: 128, 399: 296, 400: 58}
Number of lables used:  24
Total time: 1.35 seconds
Memory used: 298.84 MB
--------------------------------------------------

Trying with at most 23 labels...
Solution:
{1: 282, 2: 44, 3: 114, 4: 352, 5: 324, 6: 86, 7: 268, 8: 30, 9: 254, 10: 16, 11: 254, 12: 16, 13: 16, 14: 254, 15: 86, 16: 324, 17: 44, 18: 282, 19: 282, 20: 44, 21: 282, 22: 44, 23: 394, 24: 156, 25: 282, 26: 44, 27: 394, 28: 156, 29: 282, 30: 44, 31: 380, 32: 142, 33: 86, 34: 324, 35: 352, 36: 114, 37: 394, 38: 156, 39: 282, 40: 44, 41: 310, 42: 72, 43: 254, 44: 16, 45: 86, 46: 324, 47: 352, 48: 114, 49: 380, 50: 142, 51: 324, 52: 86, 53: 380, 54: 142, 55: 254, 56: 16, 57: 352, 58: 114, 59: 310, 60: 72, 61: 156, 62: 394, 63: 296, 64: 58, 65: 268, 66: 30, 67: 352, 68: 114, 69: 254, 70: 16, 71: 142, 72: 380, 73: 380, 74: 142, 75: 352, 76: 114, 77: 296, 78: 58, 79: 366, 80: 128, 81: 282, 82: 44, 83: 324, 84: 86, 85: 296, 86: 58, 87: 366, 88: 128, 89: 156, 90: 394, 91: 310, 92: 72, 93: 44, 94: 282, 95: 352, 96: 114, 97: 114, 98: 352, 99: 352, 100: 114, 101: 268, 102: 30, 103: 394, 104: 156, 105: 254, 106: 16, 107: 268, 108: 30, 109: 324, 110: 86, 111: 30, 112: 268, 113: 352, 114: 114, 115: 352, 116: 114, 117: 128, 118: 366, 119: 408, 120: 170, 121: 324, 122: 86, 123: 366, 124: 128, 125: 72, 126: 310, 127: 366, 128: 128, 129: 170, 130: 408, 131: 16, 132: 254, 133: 366, 134: 128, 135: 142, 136: 380, 137: 156, 138: 394, 139: 268, 140: 30, 141: 268, 142: 30, 143: 352, 144: 114, 145: 296, 146: 58, 147: 282, 148: 44, 149: 366, 150: 128, 151: 86, 152: 324, 153: 254, 154: 16, 155: 170, 156: 408, 157: 282, 158: 44, 159: 16, 160: 254, 161: 296, 162: 58, 163: 408, 164: 170, 165: 16, 166: 254, 167: 268, 168: 30, 169: 142, 170: 380, 171: 366, 172: 128, 173: 72, 174: 310, 175: 254, 176: 16, 177: 86, 178: 324, 179: 408, 180: 170, 181: 114, 182: 352, 183: 296, 184: 58, 185: 268, 186: 30, 187: 282, 188: 44, 189: 408, 190: 170, 191: 352, 192: 114, 193: 310, 194: 72, 195: 324, 196: 86, 197: 254, 198: 16, 199: 254, 200: 16, 201: 86, 202: 324, 203: 30, 204: 268, 205: 352, 206: 114, 207: 394, 208: 156, 209: 254, 210: 16, 211: 58, 212: 296, 213: 142, 214: 380, 215: 142, 216: 380, 217: 310, 218: 72, 219: 310, 220: 72, 221: 352, 222: 114, 223: 30, 224: 268, 225: 16, 226: 254, 227: 142, 228: 380, 229: 254, 230: 16, 231: 114, 232: 352, 233: 352, 234: 114, 235: 296, 236: 58, 237: 296, 238: 58, 239: 380, 240: 142, 241: 86, 242: 324, 243: 72, 244: 310, 245: 324, 246: 86, 247: 408, 248: 170, 249: 324, 250: 86, 251: 16, 252: 254, 253: 268, 254: 30, 255: 380, 256: 142, 257: 30, 258: 268, 259: 408, 260: 170, 261: 156, 262: 394, 263: 170, 264: 408, 265: 408, 266: 170, 267: 58, 268: 296, 269: 282, 270: 44, 271: 156, 272: 394, 273: 296, 274: 58, 275: 16, 276: 254, 277: 268, 278: 30, 279: 366, 280: 128, 281: 114, 282: 352, 283: 282, 284: 44, 285: 170, 286: 408, 287: 296, 288: 58, 289: 296, 290: 58, 291: 408, 292: 170, 293: 408, 294: 170, 295: 352, 296: 114, 297: 170, 298: 408, 299: 170, 300: 408, 301: 114, 302: 352, 303: 58, 304: 296, 305: 58, 306: 296, 307: 30, 308: 268, 309: 408, 310: 170, 311: 408, 312: 170, 313: 408, 314: 170, 315: 310, 316: 72, 317: 170, 318: 408, 319: 86, 320: 324, 321: 128, 322: 366, 323: 394, 324: 156, 325: 254, 326: 16, 327: 282, 328: 44, 329: 44, 330: 282, 331: 394, 332: 156, 333: 156, 334: 394, 335: 254, 336: 16, 337: 282, 338: 44, 339: 142, 340: 380, 341: 296, 342: 58, 343: 86, 344: 324, 345: 352, 346: 114, 347: 44, 348: 282, 349: 142, 350: 380, 351: 408, 352: 170, 353: 310, 354: 72, 355: 366, 356: 128, 357: 86, 358: 324, 359: 352, 360: 114, 361: 16, 362: 254, 363: 394, 364: 156, 365: 324, 366: 86, 367: 268, 368: 30, 369: 44, 370: 282, 371: 268, 372: 30, 373: 352, 374: 114, 375: 254, 376: 16, 377: 16, 378: 254, 379: 156, 380: 394, 381: 296, 382: 58, 383: 310, 384: 72, 385: 268, 386: 30, 387: 30, 388: 268, 389: 310, 390: 72, 391: 254, 392: 16, 393: 310, 394: 72, 395: 30, 396: 268, 397: 366, 398: 128, 399: 296, 400: 58}
Number of lables used:  22
Total time: 1.40 seconds
Memory used: 298.85 MB
--------------------------------------------------

Trying with at most 21 labels...
Solution:
{1: 254, 2: 16, 3: 30, 4: 268, 5: 394, 6: 156, 7: 268, 8: 30, 9: 254, 10: 16, 11: 324, 12: 86, 13: 296, 14: 58, 15: 58, 16: 296, 17: 44, 18: 282, 19: 282, 20: 44, 21: 296, 22: 58, 23: 156, 24: 394, 25: 282, 26: 44, 27: 352, 28: 114, 29: 142, 30: 380, 31: 114, 32: 352, 33: 86, 34: 324, 35: 114, 36: 352, 37: 394, 38: 156, 39: 282, 40: 44, 41: 324, 42: 86, 43: 254, 44: 16, 45: 86, 46: 324, 47: 16, 48: 254, 49: 86, 50: 324, 51: 324, 52: 86, 53: 142, 54: 380, 55: 254, 56: 16, 57: 352, 58: 114, 59: 324, 60: 86, 61: 394, 62: 156, 63: 296, 64: 58, 65: 268, 66: 30, 67: 352, 68: 114, 69: 254, 70: 16, 71: 142, 72: 380, 73: 380, 74: 142, 75: 352, 76: 114, 77: 296, 78: 58, 79: 366, 80: 128, 81: 282, 82: 44, 83: 352, 84: 114, 85: 296, 86: 58, 87: 366, 88: 128, 89: 156, 90: 394, 91: 268, 92: 30, 93: 352, 94: 114, 95: 86, 96: 324, 97: 114, 98: 352, 99: 352, 100: 114, 101: 352, 102: 114, 103: 380, 104: 142, 105: 254, 106: 16, 107: 114, 108: 352, 109: 86, 110: 324, 111: 142, 112: 380, 113: 44, 114: 282, 115: 128, 116: 366, 117: 128, 118: 366, 119: 142, 120: 380, 121: 324, 122: 86, 123: 366, 124: 128, 125: 86, 126: 324, 127: 380, 128: 142, 129: 170, 130: 408, 131: 16, 132: 254, 133: 296, 134: 58, 135: 142, 136: 380, 137: 156, 138: 394, 139: 268, 140: 30, 141: 282, 142: 44, 143: 352, 144: 114, 145: 296, 146: 58, 147: 282, 148: 44, 149: 366, 150: 128, 151: 86, 152: 324, 153: 268, 154: 30, 155: 170, 156: 408, 157: 254, 158: 16, 159: 16, 160: 254, 161: 296, 162: 58, 163: 408, 164: 170, 165: 16, 166: 254, 167: 268, 168: 30, 169: 366, 170: 128, 171: 366, 172: 128, 173: 86, 174: 324, 175: 254, 176: 16, 177: 86, 178: 324, 179: 170, 180: 408, 181: 114, 182: 352, 183: 296, 184: 58, 185: 268, 186: 30, 187: 282, 188: 44, 189: 142, 190: 380, 191: 352, 192: 114, 193: 394, 194: 156, 195: 324, 196: 86, 197: 254, 198: 16, 199: 254, 200: 16, 201: 86, 202: 324, 203: 30, 204: 268, 205: 352, 206: 114, 207: 30, 208: 268, 209: 254, 210: 16, 211: 58, 212: 296, 213: 142, 214: 380, 215: 142, 216: 380, 217: 324, 218: 86, 219: 30, 220: 268, 221: 352, 222: 114, 223: 324, 224: 86, 225: 16, 226: 254, 227: 142, 228: 380, 229: 254, 230: 16, 231: 114, 232: 352, 233: 352, 234: 114, 235: 296, 236: 58, 237: 296, 238: 58, 239: 114, 240: 352, 241: 86, 242: 324, 243: 86, 244: 324, 245: 324, 246: 86, 247: 408, 248: 170, 249: 324, 250: 86, 251: 16, 252: 254, 253: 268, 254: 30, 255: 380, 256: 142, 257: 30, 258: 268, 259: 408, 260: 170, 261: 156, 262: 394, 263: 170, 264: 408, 265: 408, 266: 170, 267: 30, 268: 268, 269: 282, 270: 44, 271: 296, 272: 58, 273: 296, 274: 58, 275: 268, 276: 30, 277: 268, 278: 30, 279: 366, 280: 128, 281: 114, 282: 352, 283: 282, 284: 44, 285: 170, 286: 408, 287: 296, 288: 58, 289: 296, 290: 58, 291: 408, 292: 170, 293: 408, 294: 170, 295: 352, 296: 114, 297: 170, 298: 408, 299: 408, 300: 170, 301: 114, 302: 352, 303: 58, 304: 296, 305: 58, 306: 296, 307: 30, 308: 268, 309: 408, 310: 170, 311: 170, 312: 408, 313: 408, 314: 170, 315: 44, 316: 282, 317: 170, 318: 408, 319: 86, 320: 324, 321: 366, 322: 128, 323: 142, 324: 380, 325: 254, 326: 16, 327: 30, 328: 268, 329: 44, 330: 282, 331: 380, 332: 142, 333: 156, 334: 394, 335: 296, 336: 58, 337: 282, 338: 44, 339: 170, 340: 408, 341: 296, 342: 58, 343: 86, 344: 324, 345: 352, 346: 114, 347: 44, 348: 282, 349: 142, 350: 380, 351: 142, 352: 380, 353: 16, 354: 254, 355: 366, 356: 128, 357: 86, 358: 324, 359: 352, 360: 114, 361: 16, 362: 254, 363: 282, 364: 44, 365: 324, 366: 86, 367: 268, 368: 30, 369: 44, 370: 282, 371: 254, 372: 16, 373: 352, 374: 114, 375: 254, 376: 16, 377: 16, 378: 254, 379: 156, 380: 394, 381: 296, 382: 58, 383: 16, 384: 254, 385: 44, 386: 282, 387: 30, 388: 268, 389: 268, 390: 30, 391: 254, 392: 16, 393: 16, 394: 254, 395: 30, 396: 268, 397: 366, 398: 128, 399: 296, 400: 58}
Number of lables used:  20
Total time: 1.45 seconds
Memory used: 298.85 MB
--------------------------------------------------

Trying with at most 19 labels...
Solution:
{1: 652, 2: 414, 3: 352, 4: 114, 5: 16, 6: 254, 7: 268, 8: 30, 9: 254, 10: 16, 11: 394, 12: 156, 13: 296, 14: 58, 15: 652, 16: 414, 17: 394, 18: 156, 19: 296, 20: 58, 21: 296, 22: 58, 23: 156, 24: 394, 25: 268, 26: 30, 27: 394, 28: 156, 29: 254, 30: 16, 31: 114, 32: 352, 33: 394, 34: 156, 35: 114, 36: 352, 37: 394, 38: 156, 39: 296, 40: 58, 41: 324, 42: 86, 43: 254, 44: 16, 45: 296, 46: 58, 47: 324, 48: 86, 49: 86, 50: 324, 51: 114, 52: 352, 53: 478, 54: 240, 55: 296, 56: 58, 57: 366, 58: 128, 59: 324, 60: 86, 61: 394, 62: 156, 63: 296, 64: 58, 65: 268, 66: 30, 67: 352, 68: 114, 69: 324, 70: 86, 71: 478, 72: 240, 73: 254, 74: 16, 75: 352, 76: 114, 77: 296, 78: 58, 79: 366, 80: 128, 81: 296, 82: 58, 83: 352, 84: 114, 85: 296, 86: 58, 87: 352, 88: 114, 89: 156, 90: 394, 91: 268, 92: 30, 93: 352, 94: 114, 95: 86, 96: 324, 97: 114, 98: 352, 99: 352, 100: 114, 101: 352, 102: 114, 103: 394, 104: 156, 105: 254, 106: 16, 107: 114, 108: 352, 109: 86, 110: 324, 111: 414, 112: 652, 113: 58, 114: 296, 115: 128, 116: 366, 117: 128, 118: 366, 119: 478, 120: 240, 121: 86, 122: 324, 123: 352, 124: 114, 125: 86, 126: 324, 127: 268, 128: 30, 129: 240, 130: 478, 131: 16, 132: 254, 133: 296, 134: 58, 135: 478, 136: 240, 137: 156, 138: 394, 139: 268, 140: 30, 141: 324, 142: 86, 143: 366, 144: 128, 145: 296, 146: 58, 147: 114, 148: 352, 149: 254, 150: 16, 151: 86, 152: 324, 153: 268, 154: 30, 155: 478, 156: 240, 157: 254, 158: 16, 159: 352, 160: 114, 161: 58, 162: 296, 163: 478, 164: 240, 165: 652, 166: 414, 167: 86, 168: 324, 169: 156, 170: 394, 171: 268, 172: 30, 173: 86, 174: 324, 175: 58, 176: 296, 177: 86, 178: 324, 179: 240, 180: 478, 181: 30, 182: 268, 183: 58, 184: 296, 185: 268, 186: 30, 187: 268, 188: 30, 189: 240, 190: 478, 191: 366, 192: 128, 193: 394, 194: 156, 195: 324, 196: 86, 197: 254, 198: 16, 199: 254, 200: 16, 201: 30, 202: 268, 203: 128, 204: 366, 205: 352, 206: 114, 207: 30, 208: 268, 209: 414, 210: 652, 211: 58, 212: 296, 213: 478, 214: 240, 215: 652, 216: 414, 217: 324, 218: 86, 219: 30, 220: 268, 221: 352, 222: 114, 223: 324, 224: 86, 225: 16, 226: 254, 227: 478, 228: 240, 229: 254, 230: 16, 231: 366, 232: 128, 233: 128, 234: 366, 235: 296, 236: 58, 237: 296, 238: 58, 239: 114, 240: 352, 241: 86, 242: 324, 243: 86, 244: 324, 245: 86, 246: 324, 247: 478, 248: 240, 249: 324, 250: 86, 251: 394, 252: 156, 253: 414, 254: 652, 255: 240, 256: 478, 257: 30, 258: 268, 259: 478, 260: 240, 261: 156, 262: 394, 263: 478, 264: 240, 265: 478, 266: 240, 267: 30, 268: 268, 269: 268, 270: 30, 271: 296, 272: 58, 273: 296, 274: 58, 275: 268, 276: 30, 277: 324, 278: 86, 279: 352, 280: 114, 281: 114, 282: 352, 283: 30, 284: 268, 285: 240, 286: 478, 287: 324, 288: 86, 289: 254, 290: 16, 291: 478, 292: 240, 293: 240, 294: 478, 295: 58, 296: 296, 297: 478, 298: 240, 299: 240, 300: 478, 301: 114, 302: 352, 303: 254, 304: 16, 305: 58, 306: 296, 307: 30, 308: 268, 309: 478, 310: 240, 311: 478, 312: 240, 313: 240, 314: 478, 315: 114, 316: 352, 317: 478, 318: 240, 319: 86, 320: 324, 321: 366, 322: 128, 323: 652, 324: 414, 325: 254, 326: 16, 327: 30, 328: 268, 329: 268, 330: 30, 331: 268, 332: 30, 333: 156, 334: 394, 335: 296, 336: 58, 337: 296, 338: 58, 339: 478, 340: 240, 341: 296, 342: 58, 343: 254, 344: 16, 345: 352, 346: 114, 347: 268, 348: 30, 349: 478, 350: 240, 351: 240, 352: 478, 353: 16, 354: 254, 355: 366, 356: 128, 357: 156, 358: 394, 359: 352, 360: 114, 361: 652, 362: 414, 363: 296, 364: 58, 365: 324, 366: 86, 367: 268, 368: 30, 369: 30, 370: 268, 371: 414, 372: 652, 373: 352, 374: 114, 375: 254, 376: 16, 377: 16, 378: 254, 379: 156, 380: 394, 381: 296, 382: 58, 383: 58, 384: 296, 385: 58, 386: 296, 387: 30, 388: 268, 389: 414, 390: 652, 391: 254, 392: 16, 393: 16, 394: 254, 395: 30, 396: 268, 397: 114, 398: 352, 399: 296, 400: 58}
Number of lables used:  18
Total time: 1.59 seconds
Memory used: 302.98 MB
--------------------------------------------------

Trying with at most 17 labels...
Solution:
{1: 58, 2: 296, 3: 352, 4: 114, 5: 16, 6: 254, 7: 268, 8: 30, 9: 254, 10: 16, 11: 414, 12: 652, 13: 296, 14: 58, 15: 554, 16: 792, 17: 792, 18: 554, 19: 296, 20: 58, 21: 652, 22: 414, 23: 30, 24: 268, 25: 352, 26: 114, 27: 792, 28: 554, 29: 652, 30: 414, 31: 114, 32: 352, 33: 114, 34: 352, 35: 114, 36: 352, 37: 366, 38: 128, 39: 296, 40: 58, 41: 414, 42: 652, 43: 254, 44: 16, 45: 296, 46: 58, 47: 352, 48: 114, 49: 58, 50: 296, 51: 352, 52: 114, 53: 478, 54: 240, 55: 352, 56: 114, 57: 366, 58: 128, 59: 30, 60: 268, 61: 268, 62: 30, 63: 296, 64: 58, 65: 268, 66: 30, 67: 352, 68: 114, 69: 296, 70: 58, 71: 478, 72: 240, 73: 254, 74: 16, 75: 254, 76: 16, 77: 296, 78: 58, 79: 114, 80: 352, 81: 296, 82: 58, 83: 352, 84: 114, 85: 414, 86: 652, 87: 366, 88: 128, 89: 128, 90: 366, 91: 268, 92: 30, 93: 114, 94: 352, 95: 554, 96: 792, 97: 128, 98: 366, 99: 352, 100: 114, 101: 366, 102: 128, 103: 414, 104: 652, 105: 254, 106: 16, 107: 114, 108: 352, 109: 128, 110: 366, 111: 414, 112: 652, 113: 58, 114: 296, 115: 128, 116: 366, 117: 554, 118: 792, 119: 478, 120: 240, 121: 30, 122: 268, 123: 296, 124: 58, 125: 114, 126: 352, 127: 268, 128: 30, 129: 240, 130: 478, 131: 16, 132: 254, 133: 554, 134: 792, 135: 478, 136: 240, 137: 414, 138: 652, 139: 268, 140: 30, 141: 296, 142: 58, 143: 352, 144: 114, 145: 296, 146: 58, 147: 366, 148: 128, 149: 554, 150: 792, 151: 554, 152: 792, 153: 268, 154: 30, 155: 478, 156: 240, 157: 254, 158: 16, 159: 352, 160: 114, 161: 58, 162: 296, 163: 478, 164: 240, 165: 254, 166: 16, 167: 58, 168: 296, 169: 366, 170: 128, 171: 268, 172: 30, 173: 296, 174: 58, 175: 652, 176: 414, 177: 652, 178: 414, 179: 240, 180: 478, 181: 30, 182: 268, 183: 30, 184: 268, 185: 268, 186: 30, 187: 268, 188: 30, 189: 240, 190: 478, 191: 366, 192: 128, 193: 366, 194: 128, 195: 352, 196: 114, 197: 254, 198: 16, 199: 254, 200: 16, 201: 414, 202: 652, 203: 128, 204: 366, 205: 652, 206: 414, 207: 30, 208: 268, 209: 792, 210: 554, 211: 58, 212: 296, 213: 478, 214: 240, 215: 652, 216: 414, 217: 352, 218: 114, 219: 30, 220: 268, 221: 352, 222: 114, 223: 296, 224: 58, 225: 16, 226: 254, 227: 478, 228: 240, 229: 254, 230: 16, 231: 352, 232: 114, 233: 352, 234: 114, 235: 296, 236: 58, 237: 296, 238: 58, 239: 16, 240: 254, 241: 366, 242: 128, 243: 114, 244: 352, 245: 58, 246: 296, 247: 478, 248: 240, 249: 366, 250: 128, 251: 792, 252: 554, 253: 30, 254: 268, 255: 240, 256: 478, 257: 30, 258: 268, 259: 478, 260: 240, 261: 792, 262: 554, 263: 478, 264: 240, 265: 240, 266: 478, 267: 554, 268: 792, 269: 366, 270: 128, 271: 554, 272: 792, 273: 296, 274: 58, 275: 268, 276: 30, 277: 30, 278: 268, 279: 352, 280: 114, 281: 58, 282: 296, 283: 30, 284: 268, 285: 240, 286: 478, 287: 128, 288: 366, 289: 254, 290: 16, 291: 478, 292: 240, 293: 240, 294: 478, 295: 58, 296: 296, 297: 478, 298: 240, 299: 240, 300: 478, 301: 554, 302: 792, 303: 254, 304: 16, 305: 792, 306: 554, 307: 30, 308: 268, 309: 478, 310: 240, 311: 478, 312: 240, 313: 240, 314: 478, 315: 114, 316: 352, 317: 478, 318: 240, 319: 114, 320: 352, 321: 366, 322: 128, 323: 414, 324: 652, 325: 254, 326: 16, 327: 30, 328: 268, 329: 268, 330: 30, 331: 554, 332: 792, 333: 128, 334: 366, 335: 114, 336: 352, 337: 296, 338: 58, 339: 478, 340: 240, 341: 296, 342: 58, 343: 114, 344: 352, 345: 366, 346: 128, 347: 268, 348: 30, 349: 478, 350: 240, 351: 478, 352: 240, 353: 16, 354: 254, 355: 366, 356: 128, 357: 414, 358: 652, 359: 352, 360: 114, 361: 414, 362: 652, 363: 296, 364: 58, 365: 352, 366: 114, 367: 268, 368: 30, 369: 58, 370: 296, 371: 414, 372: 652, 373: 296, 374: 58, 375: 254, 376: 16, 377: 16, 378: 254, 379: 414, 380: 652, 381: 352, 382: 114, 383: 58, 384: 296, 385: 58, 386: 296, 387: 30, 388: 268, 389: 414, 390: 652, 391: 114, 392: 352, 393: 30, 394: 268, 395: 30, 396: 268, 397: 554, 398: 792, 399: 128, 400: 366}
Number of lables used:  16
Total time: 1.66 seconds
Memory used: 302.98 MB
--------------------------------------------------

Trying with at most 15 labels...
Solution:
{1: 30, 2: 268, 3: 58, 4: 296, 5: 114, 6: 352, 7: 268, 8: 30, 9: 30, 10: 268, 11: 792, 12: 554, 13: 296, 14: 58, 15: 554, 16: 792, 17: 792, 18: 554, 19: 296, 20: 58, 21: 792, 22: 554, 23: 792, 24: 554, 25: 268, 26: 30, 27: 792, 28: 554, 29: 114, 30: 352, 31: 792, 32: 554, 33: 114, 34: 352, 35: 114, 36: 352, 37: 366, 38: 128, 39: 296, 40: 58, 41: 414, 42: 652, 43: 652, 44: 414, 45: 114, 46: 352, 47: 58, 48: 296, 49: 58, 50: 296, 51: 652, 52: 414, 53: 478, 54: 240, 55: 352, 56: 114, 57: 268, 58: 30, 59: 366, 60: 128, 61: 414, 62: 652, 63: 296, 64: 58, 65: 268, 66: 30, 67: 352, 68: 114, 69: 352, 70: 114, 71: 478, 72: 240, 73: 30, 74: 268, 75: 30, 76: 268, 77: 652, 78: 414, 79: 114, 80: 352, 81: 352, 82: 114, 83: 352, 84: 114, 85: 268, 86: 30, 87: 366, 88: 128, 89: 128, 90: 366, 91: 268, 92: 30, 93: 30, 94: 268, 95: 554, 96: 792, 97: 296, 98: 58, 99: 414, 100: 652, 101: 58, 102: 296, 103: 414, 104: 652, 105: 268, 106: 30, 107: 114, 108: 352, 109: 128, 110: 366, 111: 414, 112: 652, 113: 58, 114: 296, 115: 652, 116: 414, 117: 554, 118: 792, 119: 240, 120: 478, 121: 30, 122: 268, 123: 296, 124: 58, 125: 114, 126: 352, 127: 268, 128: 30, 129: 478, 130: 240, 131: 296, 132: 58, 133: 58, 134: 296, 135: 478, 136: 240, 137: 414, 138: 652, 139: 268, 140: 30, 141: 296, 142: 58, 143: 352, 144: 114, 145: 30, 146: 268, 147: 366, 148: 128, 149: 352, 150: 114, 151: 554, 152: 792, 153: 268, 154: 30, 155: 478, 156: 240, 157: 296, 158: 58, 159: 352, 160: 114, 161: 58, 162: 296, 163: 478, 164: 240, 165: 414, 166: 652, 167: 58, 168: 296, 169: 366, 170: 128, 171: 58, 172: 296, 173: 352, 174: 114, 175: 268, 176: 30, 177: 554, 178: 792, 179: 240, 180: 478, 181: 30, 182: 268, 183: 792, 184: 554, 185: 268, 186: 30, 187: 268, 188: 30, 189: 478, 190: 240, 191: 366, 192: 128, 193: 366, 194: 128, 195: 352, 196: 114, 197: 296, 198: 58, 199: 652, 200: 414, 201: 414, 202: 652, 203: 128, 204: 366, 205: 652, 206: 414, 207: 296, 208: 58, 209: 652, 210: 414, 211: 58, 212: 296, 213: 478, 214: 240, 215: 652, 216: 414, 217: 30, 218: 268, 219: 30, 220: 268, 221: 554, 222: 792, 223: 554, 224: 792, 225: 414, 226: 652, 227: 478, 228: 240, 229: 114, 230: 352, 231: 268, 232: 30, 233: 352, 234: 114, 235: 296, 236: 58, 237: 296, 238: 58, 239: 30, 240: 268, 241: 366, 242: 128, 243: 114, 244: 352, 245: 58, 246: 296, 247: 478, 248: 240, 249: 366, 250: 128, 251: 792, 252: 554, 253: 268, 254: 30, 255: 240, 256: 478, 257: 30, 258: 268, 259: 478, 260: 240, 261: 792, 262: 554, 263: 478, 264: 240, 265: 478, 266: 240, 267: 554, 268: 792, 269: 366, 270: 128, 271: 554, 272: 792, 273: 366, 274: 128, 275: 366, 276: 128, 277: 58, 278: 296, 279: 352, 280: 114, 281: 30, 282: 268, 283: 30, 284: 268, 285: 478, 286: 240, 287: 554, 288: 792, 289: 114, 290: 352, 291: 478, 292: 240, 293: 240, 294: 478, 295: 58, 296: 296, 297: 478, 298: 240, 299: 240, 300: 478, 301: 554, 302: 792, 303: 414, 304: 652, 305: 792, 306: 554, 307: 30, 308: 268, 309: 478, 310: 240, 311: 478, 312: 240, 313: 240, 314: 478, 315: 114, 316: 352, 317: 478, 318: 240, 319: 114, 320: 352, 321: 366, 322: 128, 323: 414, 324: 652, 325: 30, 326: 268, 327: 554, 328: 792, 329: 296, 330: 58, 331: 554, 332: 792, 333: 128, 334: 366, 335: 114, 336: 352, 337: 296, 338: 58, 339: 478, 340: 240, 341: 296, 342: 58, 343: 114, 344: 352, 345: 366, 346: 128, 347: 58, 348: 296, 349: 240, 350: 478, 351: 478, 352: 240, 353: 30, 354: 268, 355: 366, 356: 128, 357: 414, 358: 652, 359: 352, 360: 114, 361: 414, 362: 652, 363: 30, 364: 268, 365: 352, 366: 114, 367: 268, 368: 30, 369: 554, 370: 792, 371: 414, 372: 652, 373: 30, 374: 268, 375: 268, 376: 30, 377: 58, 378: 296, 379: 414, 380: 652, 381: 352, 382: 114, 383: 30, 384: 268, 385: 268, 386: 30, 387: 30, 388: 268, 389: 414, 390: 652, 391: 114, 392: 352, 393: 114, 394: 352, 395: 30, 396: 268, 397: 554, 398: 792, 399: 128, 400: 366}
Number of lables used:  14
Total time: 1.72 seconds
Memory used: 302.98 MB
--------------------------------------------------

Trying with at most 13 labels...
[runlim] sample:		10.00 time, 10.01 real, 236 MB, 1.03 load
[runlim] sample:		20.00 time, 20.01 real, 236 MB, 1.03 load
[runlim] sample:		29.99 time, 30.01 real, 236 MB, 1.02 load
[runlim] sample:		39.99 time, 40.01 real, 236 MB, 1.02 load
[runlim] sample:		49.98 time, 50.01 real, 236 MB, 1.02 load
[runlim] sample:		59.98 time, 60.01 real, 236 MB, 1.01 load
[runlim] sample:		69.97 time, 70.01 real, 237 MB, 1.01 load
[runlim] sample:		79.97 time, 80.01 real, 237 MB, 1.01 load
[runlim] sample:		89.97 time, 90.01 real, 237 MB, 1.16 load
[runlim] sample:		99.96 time, 100.01 real, 237 MB, 1.14 load
[runlim] sample:		109.96 time, 110.01 real, 237 MB, 1.11 load
[runlim] sample:		119.96 time, 120.01 real, 237 MB, 1.10 load
[runlim] sample:		129.95 time, 130.01 real, 237 MB, 1.08 load
[runlim] sample:		139.95 time, 140.01 real, 237 MB, 1.07 load
[runlim] sample:		149.94 time, 150.01 real, 256 MB, 1.06 load
[runlim] sample:		159.94 time, 160.01 real, 256 MB, 1.05 load
[runlim] sample:		169.93 time, 170.01 real, 257 MB, 1.04 load
[runlim] sample:		179.93 time, 180.01 real, 258 MB, 1.03 load
[runlim] sample:		189.93 time, 190.01 real, 258 MB, 1.03 load
[runlim] sample:		199.92 time, 200.01 real, 258 MB, 1.02 load
[runlim] sample:		209.92 time, 210.01 real, 258 MB, 1.02 load
[runlim] sample:		219.92 time, 220.01 real, 258 MB, 1.02 load
[runlim] sample:		229.91 time, 230.01 real, 258 MB, 1.01 load
[runlim] sample:		239.91 time, 240.01 real, 258 MB, 1.01 load
[runlim] sample:		249.91 time, 250.01 real, 258 MB, 1.01 load
[runlim] sample:		259.90 time, 260.01 real, 258 MB, 1.01 load
[runlim] sample:		269.90 time, 270.01 real, 258 MB, 1.00 load
[runlim] sample:		279.90 time, 280.01 real, 258 MB, 1.08 load
[runlim] sample:		289.89 time, 290.01 real, 258 MB, 1.07 load
[runlim] sample:		299.89 time, 300.01 real, 258 MB, 1.06 load
[runlim] sample:		309.88 time, 310.01 real, 258 MB, 1.05 load
[runlim] sample:		319.88 time, 320.01 real, 258 MB, 1.04 load
[runlim] sample:		329.88 time, 330.01 real, 258 MB, 1.03 load
[runlim] sample:		339.87 time, 340.01 real, 258 MB, 1.03 load
[runlim] sample:		349.87 time, 350.01 real, 258 MB, 1.02 load
[runlim] sample:		359.87 time, 360.01 real, 258 MB, 1.02 load
[runlim] sample:		369.86 time, 370.01 real, 259 MB, 1.02 load
[runlim] sample:		379.86 time, 380.01 real, 259 MB, 1.01 load
[runlim] sample:		389.86 time, 390.01 real, 259 MB, 1.01 load
[runlim] sample:		399.86 time, 400.01 real, 259 MB, 1.01 load
[runlim] sample:		409.85 time, 410.01 real, 259 MB, 1.01 load
[runlim] sample:		419.85 time, 420.01 real, 259 MB, 1.00 load
[runlim] sample:		429.84 time, 430.01 real, 259 MB, 1.16 load
[runlim] sample:		439.84 time, 440.01 real, 259 MB, 1.14 load
[runlim] sample:		449.84 time, 450.01 real, 259 MB, 1.12 load
[runlim] sample:		459.84 time, 460.01 real, 259 MB, 1.10 load
[runlim] sample:		469.83 time, 470.01 real, 259 MB, 1.08 load
[runlim] sample:		479.83 time, 480.01 real, 259 MB, 1.07 load
[runlim] sample:		489.82 time, 490.01 real, 259 MB, 1.06 load
[runlim] sample:		499.82 time, 500.01 real, 259 MB, 1.05 load
[runlim] sample:		509.82 time, 510.01 real, 262 MB, 1.04 load
[runlim] sample:		519.81 time, 520.01 real, 262 MB, 1.03 load
[runlim] sample:		529.81 time, 530.01 real, 286 MB, 1.03 load
[runlim] sample:		539.80 time, 540.01 real, 291 MB, 1.02 load
[runlim] sample:		549.81 time, 550.01 real, 262 MB, 1.02 load
[runlim] sample:		559.80 time, 560.01 real, 262 MB, 1.02 load
[runlim] sample:		569.79 time, 570.01 real, 292 MB, 1.01 load
[runlim] sample:		579.79 time, 580.01 real, 266 MB, 1.01 load
[runlim] sample:		589.78 time, 590.01 real, 266 MB, 1.16 load
[runlim] sample:		599.78 time, 600.01 real, 266 MB, 1.36 load
[runlim] end:			Sun Jun 14 02:27:58 2026
[runlim] status:		out of time
[runlim] result:		2
[runlim] children:		1
[runlim] processes:		2
[runlim] real:			601.06 seconds
[runlim] time:			599.78 seconds
[runlim] space:			404 MB
[runlim] load:			1.39 maximum
[runlim] samples:		6000
