[runlim] version:		2.0.0rc12
[runlim] host:			ap-Precision-7550
[runlim] time limit:		311040000 seconds
[runlim] real time limit:	600 seconds
[runlim] space limit:		14000 MB
[runlim] argv[0]:		python3
[runlim] argv[1]:		-u
[runlim] argv[2]:		pairwise_no_preprocessing.py
[runlim] argv[3]:		scen05
[runlim] argv[4]:		assumptions
[runlim] argv[5]:		3
[runlim] argv[6]:		card
[runlim] argv[7]:		3
[runlim] start:			Sun Jun 14 03:43:15 2026
[runlim] child:			18873
Exactly-one cardinality encoding:  3
Distance constraint mode:  card
Distance cardinality encoding:  3
Number of assignment variables:  15768
Number of clauses for exactly one constraints:  91408
Number of clauses for distance constraints:  9555571
---------------------------------------------------
Solve first problem:
[runlim] sample:		10.00 time, 10.01 real, 2349 MB, 1.00 load
Solution:
{13: 156, 14: 394, 15: 156, 16: 394, 53: 16, 54: 254, 71: 142, 72: 380, 79: 554, 80: 792, 81: 338, 82: 100, 83: 156, 84: 394, 85: 442, 86: 680, 117: 792, 118: 554, 119: 554, 120: 792, 127: 58, 128: 296, 129: 792, 130: 554, 143: 680, 144: 442, 145: 456, 146: 694, 151: 72, 152: 310, 153: 428, 154: 666, 163: 156, 164: 394, 165: 792, 166: 554, 179: 44, 180: 282, 181: 282, 182: 44, 183: 442, 184: 680, 191: 750, 192: 512, 193: 310, 194: 72, 205: 324, 206: 86, 209: 736, 210: 498, 211: 792, 212: 554, 213: 324, 214: 86, 217: 764, 218: 526, 219: 394, 220: 156, 233: 442, 234: 680, 235: 778, 236: 540, 237: 498, 238: 736, 255: 680, 256: 442, 259: 254, 260: 16, 261: 554, 262: 792, 263: 282, 264: 44, 265: 16, 266: 254, 267: 554, 268: 792, 269: 296, 270: 58, 271: 296, 272: 58, 273: 44, 274: 282, 275: 44, 276: 282, 277: 296, 278: 58, 281: 394, 282: 156, 283: 128, 284: 366, 285: 16, 286: 254, 287: 554, 288: 792, 289: 736, 290: 498, 291: 156, 292: 394, 293: 142, 294: 380, 295: 792, 296: 554, 299: 254, 300: 16, 301: 156, 302: 394, 303: 324, 304: 86, 305: 554, 306: 792, 307: 512, 308: 750, 309: 394, 310: 156, 311: 30, 312: 268, 313: 296, 314: 58, 321: 254, 322: 16, 323: 156, 324: 394, 325: 456, 326: 694, 327: 310, 328: 72, 329: 254, 330: 16, 335: 792, 336: 554, 337: 554, 338: 792, 341: 394, 342: 156, 343: 394, 344: 156, 349: 296, 350: 58, 351: 708, 352: 470, 353: 694, 354: 456, 369: 778, 370: 540, 371: 442, 372: 680, 373: 722, 374: 484, 375: 142, 376: 380, 377: 352, 378: 114, 379: 338, 380: 100, 381: 100, 382: 338, 385: 778, 386: 540, 391: 722, 392: 484, 393: 778, 394: 540, 401: 380, 402: 142, 403: 296, 404: 58, 405: 428, 406: 666, 413: 778, 414: 540, 435: 72, 436: 310, 439: 394, 440: 156, 443: 16, 444: 254, 449: 764, 450: 526, 471: 142, 472: 380, 473: 366, 474: 128, 475: 484, 476: 722, 477: 694, 478: 456, 479: 268, 480: 30, 481: 142, 482: 380, 517: 680, 518: 442, 519: 442, 520: 680, 537: 156, 538: 394, 539: 100, 540: 338, 541: 428, 542: 666, 545: 652, 546: 414, 551: 792, 552: 554, 553: 282, 554: 44, 555: 442, 556: 680, 557: 540, 558: 778, 559: 352, 560: 114, 561: 142, 562: 380, 563: 708, 564: 470, 565: 540, 566: 778, 567: 380, 568: 142, 569: 540, 570: 778, 571: 484, 572: 722, 573: 72, 574: 310, 575: 58, 576: 296, 577: 554, 578: 792, 579: 652, 580: 414, 581: 16, 582: 254, 583: 778, 584: 540, 585: 366, 586: 128, 587: 708, 588: 470, 589: 394, 590: 156, 591: 526, 592: 764, 593: 268, 594: 30, 595: 442, 596: 680, 597: 310, 598: 72, 599: 708, 600: 470, 601: 268, 602: 30, 603: 498, 604: 736, 605: 540, 606: 778, 607: 338, 608: 100, 613: 310, 614: 72, 615: 100, 616: 338, 617: 764, 618: 526, 619: 540, 620: 778, 621: 540, 622: 778, 623: 666, 624: 428, 625: 58, 626: 296, 629: 282, 630: 44, 631: 428, 632: 666, 633: 128, 634: 366, 635: 708, 636: 470, 639: 86, 640: 324, 641: 128, 642: 366, 643: 128, 644: 366, 645: 44, 646: 282, 651: 324, 652: 86, 653: 708, 654: 470, 661: 680, 662: 442, 663: 470, 664: 708, 665: 394, 666: 156, 667: 778, 668: 540, 671: 296, 672: 58, 711: 394, 712: 156, 713: 296, 714: 58, 715: 694, 716: 456, 717: 142, 718: 380, 719: 254, 720: 16, 721: 554, 722: 792, 723: 442, 724: 680, 739: 708, 740: 470, 741: 470, 742: 708, 743: 352, 744: 114, 745: 44, 746: 282, 747: 540, 748: 778, 751: 540, 752: 778, 753: 86, 754: 324, 755: 694, 756: 456, 757: 142, 758: 380, 759: 540, 760: 778, 763: 540, 764: 778, 765: 16, 766: 254, 767: 324, 768: 86, 769: 310, 770: 72, 773: 114, 774: 352, 775: 526, 776: 764, 783: 778, 784: 540, 785: 722, 786: 484, 787: 540, 788: 778, 789: 366, 790: 128, 791: 736, 792: 498, 793: 282, 794: 44, 795: 540, 796: 778, 797: 470, 798: 708, 799: 282, 800: 44, 801: 764, 802: 526, 803: 30, 804: 268, 805: 484, 806: 722, 807: 30, 808: 268, 809: 554, 810: 792, 811: 498, 812: 736, 813: 352, 814: 114, 815: 498, 816: 736, 817: 296, 818: 58, 825: 268, 826: 30, 827: 694, 828: 456, 829: 778, 830: 540, 879: 380, 880: 142, 911: 114, 912: 352, 913: 380, 914: 142, 915: 128, 916: 366}
Number of lables used:  44
Total time: 16.56 seconds
Memory used: 1870.43 MB
--------------------------------------------------
Number of label variables:  48
Number of clauses for label constraints:  15591
Number of new variables for cardinality constraints:  1161
Number of clauses for cardinality constraints:  4558
Initial variable count:  6532690
Initial clause count:  4912459
--------------------------------------------------

Trying with at most 43 labels...
[runlim] sample:		19.99 time, 20.01 real, 2395 MB, 1.00 load
Solution:
{13: 156, 14: 394, 15: 156, 16: 394, 53: 30, 54: 268, 71: 30, 72: 268, 79: 414, 80: 652, 81: 296, 82: 58, 83: 128, 84: 366, 85: 442, 86: 680, 117: 792, 118: 554, 119: 554, 120: 792, 127: 16, 128: 254, 129: 736, 130: 498, 143: 680, 144: 442, 145: 442, 146: 680, 151: 72, 152: 310, 153: 428, 154: 666, 163: 156, 164: 394, 165: 764, 166: 526, 179: 44, 180: 282, 181: 282, 182: 44, 183: 442, 184: 680, 191: 736, 192: 498, 193: 254, 194: 16, 205: 310, 206: 72, 209: 736, 210: 498, 211: 792, 212: 554, 213: 310, 214: 72, 217: 764, 218: 526, 219: 394, 220: 156, 233: 428, 234: 666, 235: 30, 236: 268, 237: 484, 238: 722, 255: 16, 256: 254, 259: 30, 260: 268, 261: 554, 262: 792, 263: 296, 264: 58, 265: 16, 266: 254, 267: 554, 268: 792, 269: 296, 270: 58, 271: 296, 272: 58, 273: 30, 274: 268, 275: 30, 276: 268, 277: 296, 278: 58, 281: 366, 282: 128, 283: 128, 284: 366, 285: 16, 286: 254, 287: 254, 288: 16, 289: 792, 290: 554, 291: 156, 292: 394, 293: 380, 294: 142, 295: 792, 296: 554, 299: 254, 300: 16, 301: 156, 302: 394, 303: 324, 304: 86, 305: 540, 306: 778, 307: 554, 308: 792, 309: 394, 310: 156, 311: 16, 312: 254, 313: 296, 314: 58, 321: 254, 322: 16, 323: 156, 324: 394, 325: 456, 326: 694, 327: 310, 328: 72, 329: 254, 330: 16, 335: 708, 336: 470, 337: 442, 338: 680, 341: 394, 342: 156, 343: 394, 344: 156, 349: 296, 350: 58, 351: 708, 352: 470, 353: 694, 354: 456, 369: 764, 370: 526, 371: 442, 372: 680, 373: 722, 374: 484, 375: 128, 376: 366, 377: 352, 378: 114, 379: 366, 380: 128, 381: 44, 382: 282, 385: 778, 386: 540, 391: 722, 392: 484, 393: 778, 394: 540, 401: 366, 402: 128, 403: 268, 404: 30, 405: 428, 406: 666, 413: 778, 414: 540, 435: 30, 436: 268, 439: 394, 440: 156, 443: 16, 444: 254, 449: 764, 450: 526, 471: 680, 472: 442, 473: 366, 474: 128, 475: 484, 476: 722, 477: 680, 478: 442, 479: 296, 480: 58, 481: 142, 482: 380, 517: 666, 518: 428, 519: 428, 520: 666, 537: 156, 538: 394, 539: 72, 540: 310, 541: 428, 542: 666, 545: 652, 546: 414, 551: 792, 552: 554, 553: 282, 554: 44, 555: 442, 556: 680, 557: 540, 558: 778, 559: 352, 560: 114, 561: 142, 562: 380, 563: 708, 564: 470, 565: 512, 566: 750, 567: 268, 568: 30, 569: 540, 570: 778, 571: 484, 572: 722, 573: 30, 574: 268, 575: 44, 576: 282, 577: 554, 578: 792, 579: 652, 580: 414, 581: 30, 582: 268, 583: 778, 584: 540, 585: 366, 586: 128, 587: 666, 588: 428, 589: 254, 590: 16, 591: 526, 592: 764, 593: 268, 594: 30, 595: 428, 596: 666, 597: 296, 598: 58, 599: 680, 600: 442, 601: 268, 602: 30, 603: 498, 604: 736, 605: 268, 606: 30, 607: 324, 608: 86, 613: 310, 614: 72, 615: 86, 616: 324, 617: 750, 618: 512, 619: 540, 620: 778, 621: 540, 622: 778, 623: 778, 624: 540, 625: 30, 626: 268, 629: 310, 630: 72, 631: 540, 632: 778, 633: 128, 634: 366, 635: 666, 636: 428, 639: 142, 640: 380, 641: 128, 642: 366, 643: 128, 644: 366, 645: 44, 646: 282, 651: 16, 652: 254, 653: 694, 654: 456, 661: 680, 662: 442, 663: 470, 664: 708, 665: 394, 666: 156, 667: 778, 668: 540, 671: 310, 672: 72, 711: 254, 712: 16, 713: 296, 714: 58, 715: 694, 716: 456, 717: 142, 718: 380, 719: 254, 720: 16, 721: 554, 722: 792, 723: 442, 724: 680, 739: 666, 740: 428, 741: 456, 742: 694, 743: 352, 744: 114, 745: 30, 746: 268, 747: 540, 748: 778, 751: 540, 752: 778, 753: 30, 754: 268, 755: 680, 756: 442, 757: 142, 758: 380, 759: 540, 760: 778, 763: 540, 764: 778, 765: 16, 766: 254, 767: 324, 768: 86, 769: 268, 770: 30, 773: 114, 774: 352, 775: 428, 776: 666, 783: 778, 784: 540, 785: 722, 786: 484, 787: 540, 788: 778, 789: 366, 790: 128, 791: 750, 792: 512, 793: 282, 794: 44, 795: 540, 796: 778, 797: 428, 798: 666, 799: 282, 800: 44, 801: 750, 802: 512, 803: 44, 804: 282, 805: 680, 806: 442, 807: 128, 808: 366, 809: 554, 810: 792, 811: 498, 812: 736, 813: 352, 814: 114, 815: 512, 816: 750, 817: 296, 818: 58, 825: 268, 826: 30, 827: 694, 828: 456, 829: 778, 830: 540, 879: 268, 880: 30, 911: 114, 912: 352, 913: 282, 914: 44, 915: 44, 916: 282}
Number of lables used:  42
Total time: 28.01 seconds
Memory used: 2406.61 MB
--------------------------------------------------

Trying with at most 41 labels...
Solution:
{13: 156, 14: 394, 15: 156, 16: 394, 53: 30, 54: 268, 71: 30, 72: 268, 79: 414, 80: 652, 81: 296, 82: 58, 83: 128, 84: 366, 85: 442, 86: 680, 117: 792, 118: 554, 119: 554, 120: 792, 127: 16, 128: 254, 129: 736, 130: 498, 143: 680, 144: 442, 145: 442, 146: 680, 151: 72, 152: 310, 153: 428, 154: 666, 163: 156, 164: 394, 165: 764, 166: 526, 179: 44, 180: 282, 181: 282, 182: 44, 183: 442, 184: 680, 191: 736, 192: 498, 193: 254, 194: 16, 205: 310, 206: 72, 209: 736, 210: 498, 211: 792, 212: 554, 213: 310, 214: 72, 217: 764, 218: 526, 219: 310, 220: 72, 233: 428, 234: 666, 235: 30, 236: 268, 237: 484, 238: 722, 255: 16, 256: 254, 259: 30, 260: 268, 261: 554, 262: 792, 263: 296, 264: 58, 265: 72, 266: 310, 267: 540, 268: 778, 269: 296, 270: 58, 271: 296, 272: 58, 273: 30, 274: 268, 275: 30, 276: 268, 277: 296, 278: 58, 281: 366, 282: 128, 283: 128, 284: 366, 285: 16, 286: 254, 287: 254, 288: 16, 289: 792, 290: 554, 291: 156, 292: 394, 293: 380, 294: 142, 295: 792, 296: 554, 299: 254, 300: 16, 301: 156, 302: 394, 303: 324, 304: 86, 305: 554, 306: 792, 307: 554, 308: 792, 309: 394, 310: 156, 311: 16, 312: 254, 313: 296, 314: 58, 321: 254, 322: 16, 323: 156, 324: 394, 325: 456, 326: 694, 327: 310, 328: 72, 329: 254, 330: 16, 335: 708, 336: 470, 337: 442, 338: 680, 341: 394, 342: 156, 343: 394, 344: 156, 349: 296, 350: 58, 351: 708, 352: 470, 353: 694, 354: 456, 369: 764, 370: 526, 371: 442, 372: 680, 373: 722, 374: 484, 375: 128, 376: 366, 377: 352, 378: 114, 379: 366, 380: 128, 381: 44, 382: 282, 385: 778, 386: 540, 391: 722, 392: 484, 393: 778, 394: 540, 401: 366, 402: 128, 403: 268, 404: 30, 405: 428, 406: 666, 413: 778, 414: 540, 435: 30, 436: 268, 439: 394, 440: 156, 443: 16, 444: 254, 449: 764, 450: 526, 471: 680, 472: 442, 473: 366, 474: 128, 475: 484, 476: 722, 477: 680, 478: 442, 479: 296, 480: 58, 481: 142, 482: 380, 517: 666, 518: 428, 519: 428, 520: 666, 537: 156, 538: 394, 539: 72, 540: 310, 541: 428, 542: 666, 545: 652, 546: 414, 551: 792, 552: 554, 553: 282, 554: 44, 555: 442, 556: 680, 557: 540, 558: 778, 559: 380, 560: 142, 561: 142, 562: 380, 563: 708, 564: 470, 565: 498, 566: 736, 567: 268, 568: 30, 569: 540, 570: 778, 571: 484, 572: 722, 573: 30, 574: 268, 575: 44, 576: 282, 577: 554, 578: 792, 579: 652, 580: 414, 581: 30, 582: 268, 583: 778, 584: 540, 585: 366, 586: 128, 587: 652, 588: 414, 589: 254, 590: 16, 591: 526, 592: 764, 593: 268, 594: 30, 595: 442, 596: 680, 597: 296, 598: 58, 599: 680, 600: 442, 601: 268, 602: 30, 603: 484, 604: 722, 605: 268, 606: 30, 607: 324, 608: 86, 613: 310, 614: 72, 615: 86, 616: 324, 617: 764, 618: 526, 619: 540, 620: 778, 621: 540, 622: 778, 623: 778, 624: 540, 625: 30, 626: 268, 629: 310, 630: 72, 631: 540, 632: 778, 633: 128, 634: 366, 635: 666, 636: 428, 639: 142, 640: 380, 641: 128, 642: 366, 643: 128, 644: 366, 645: 44, 646: 282, 651: 16, 652: 254, 653: 694, 654: 456, 661: 680, 662: 442, 663: 470, 664: 708, 665: 394, 666: 156, 667: 778, 668: 540, 671: 310, 672: 72, 711: 254, 712: 16, 713: 296, 714: 58, 715: 694, 716: 456, 717: 142, 718: 380, 719: 254, 720: 16, 721: 554, 722: 792, 723: 442, 724: 680, 739: 666, 740: 428, 741: 456, 742: 694, 743: 352, 744: 114, 745: 30, 746: 268, 747: 540, 748: 778, 751: 540, 752: 778, 753: 30, 754: 268, 755: 680, 756: 442, 757: 142, 758: 380, 759: 540, 760: 778, 763: 540, 764: 778, 765: 16, 766: 254, 767: 324, 768: 86, 769: 268, 770: 30, 773: 114, 774: 352, 775: 428, 776: 666, 783: 778, 784: 540, 785: 722, 786: 484, 787: 540, 788: 778, 789: 366, 790: 128, 791: 736, 792: 498, 793: 282, 794: 44, 795: 540, 796: 778, 797: 428, 798: 666, 799: 282, 800: 44, 801: 764, 802: 526, 803: 44, 804: 282, 805: 680, 806: 442, 807: 128, 808: 366, 809: 554, 810: 792, 811: 498, 812: 736, 813: 268, 814: 30, 815: 428, 816: 666, 817: 296, 818: 58, 825: 268, 826: 30, 827: 694, 828: 456, 829: 778, 830: 540, 879: 268, 880: 30, 911: 114, 912: 352, 913: 282, 914: 44, 915: 44, 916: 282}
Number of lables used:  40
Total time: 28.82 seconds
Memory used: 2410.95 MB
--------------------------------------------------

Trying with at most 39 labels...
[runlim] sample:		29.99 time, 30.01 real, 2410 MB, 1.00 load
Cannot find solution.
No more solutions found.
Optimal number of labels used:  40
Total time: 34.73 seconds
Memory used: 1567.16 MB
[runlim] end:			Sun Jun 14 03:43:50 2026
[runlim] status:		ok
[runlim] result:		0
[runlim] children:		1
[runlim] processes:		2
[runlim] real:			34.91 seconds
[runlim] time:			34.88 seconds
[runlim] space:			2898 MB
[runlim] load:			1.00 maximum
[runlim] samples:		350
