[runlim] version:		2.0.0rc12
[runlim] host:			ap-Precision-7550
[runlim] time limit:		311040000 seconds
[runlim] real time limit:	600 seconds
[runlim] space limit:		14000 MB
[runlim] argv[0]:		python3
[runlim] argv[1]:		-u
[runlim] argv[2]:		pairwise_no_preprocessing.py
[runlim] argv[3]:		scen03
[runlim] argv[4]:		assumptions
[runlim] argv[5]:		3
[runlim] argv[6]:		card
[runlim] argv[7]:		3
[runlim] start:			Sun Jun 14 03:08:35 2026
[runlim] child:			18768
Exactly-one cardinality encoding:  3
Distance constraint mode:  card
Distance cardinality encoding:  3
Number of assignment variables:  15892
Number of clauses for exactly one constraints:  92152
Number of clauses for distance constraints:  1983424
---------------------------------------------------
Solve first problem:
Solution:
{13: 16, 14: 254, 15: 16, 16: 254, 23: 30, 24: 268, 49: 16, 50: 254, 51: 44, 52: 282, 53: 30, 54: 268, 67: 16, 68: 254, 69: 86, 70: 324, 79: 16, 80: 254, 81: 30, 82: 268, 83: 16, 84: 254, 85: 86, 86: 324, 103: 16, 104: 254, 105: 30, 106: 268, 117: 16, 118: 254, 119: 44, 120: 282, 127: 30, 128: 268, 129: 128, 130: 366, 143: 16, 144: 254, 145: 86, 146: 324, 151: 30, 152: 268, 153: 100, 154: 338, 155: 16, 156: 254, 157: 86, 158: 324, 179: 58, 180: 296, 181: 44, 182: 282, 183: 142, 184: 380, 191: 16, 192: 254, 193: 86, 194: 324, 205: 72, 206: 310, 209: 156, 210: 394, 211: 254, 212: 16, 213: 72, 214: 310, 215: 16, 216: 254, 217: 72, 218: 310, 233: 30, 234: 268, 235: 44, 236: 282, 237: 30, 238: 268, 261: 16, 262: 254, 263: 30, 264: 268, 265: 16, 266: 254, 267: 86, 268: 324, 269: 16, 270: 254, 271: 16, 272: 254, 273: 156, 274: 394, 275: 156, 276: 394, 277: 30, 278: 268, 281: 44, 282: 282, 283: 114, 284: 352, 285: 16, 286: 254, 287: 16, 288: 254, 289: 16, 290: 254, 291: 30, 292: 268, 293: 142, 294: 380, 295: 16, 296: 254, 299: 44, 300: 282, 301: 414, 302: 652, 303: 58, 304: 296, 305: 394, 306: 156, 307: 16, 308: 254, 309: 86, 310: 324, 311: 394, 312: 156, 313: 394, 314: 156, 321: 16, 322: 254, 323: 16, 324: 254, 325: 44, 326: 282, 327: 114, 328: 352, 329: 16, 330: 254, 339: 30, 340: 268, 341: 394, 342: 156, 343: 394, 344: 156, 345: 456, 346: 694, 347: 526, 348: 764, 349: 100, 350: 338, 351: 86, 352: 324, 355: 58, 356: 296, 357: 30, 358: 268, 359: 128, 360: 366, 361: 100, 362: 338, 363: 268, 364: 30, 365: 380, 366: 142, 367: 442, 368: 680, 369: 268, 370: 30, 371: 100, 372: 338, 375: 114, 376: 352, 377: 324, 378: 86, 383: 30, 384: 268, 387: 44, 388: 282, 397: 16, 398: 254, 401: 72, 402: 310, 405: 428, 406: 666, 435: 30, 436: 268, 439: 128, 440: 366, 449: 30, 450: 268, 471: 16, 472: 254, 475: 44, 476: 282, 477: 58, 478: 296, 481: 58, 482: 296, 491: 44, 492: 282, 493: 86, 494: 324, 495: 30, 496: 268, 517: 268, 518: 30, 519: 30, 520: 268, 525: 30, 526: 268, 533: 44, 534: 282, 535: 16, 536: 254, 547: 16, 548: 254, 555: 282, 556: 44, 557: 30, 558: 268, 559: 268, 560: 30, 561: 128, 562: 366, 563: 128, 564: 366, 565: 100, 566: 338, 573: 30, 574: 268, 575: 30, 576: 268, 577: 16, 578: 254, 579: 16, 580: 254, 581: 16, 582: 254, 583: 296, 584: 58, 585: 30, 586: 268, 587: 86, 588: 324, 589: 16, 590: 254, 591: 428, 592: 666, 593: 44, 594: 282, 595: 86, 596: 324, 597: 100, 598: 338, 599: 44, 600: 282, 601: 428, 602: 666, 603: 44, 604: 282, 605: 30, 606: 268, 607: 128, 608: 366, 613: 428, 614: 666, 615: 44, 616: 282, 617: 100, 618: 338, 619: 428, 620: 666, 621: 114, 622: 352, 623: 30, 624: 268, 625: 338, 626: 100, 629: 72, 630: 310, 631: 114, 632: 352, 633: 338, 634: 100, 635: 380, 636: 142, 637: 16, 638: 254, 639: 100, 640: 338, 641: 114, 642: 352, 643: 456, 644: 694, 645: 30, 646: 268, 651: 156, 652: 394, 653: 30, 654: 268, 661: 72, 662: 310, 663: 16, 664: 254, 665: 324, 666: 86, 667: 526, 668: 764, 671: 16, 672: 254, 713: 30, 714: 268, 715: 86, 716: 324, 717: 484, 718: 722, 719: 156, 720: 394, 721: 86, 722: 324, 723: 86, 724: 324, 725: 156, 726: 394, 727: 156, 728: 394, 733: 114, 734: 352, 741: 254, 742: 16, 743: 58, 744: 296, 745: 114, 746: 352, 747: 128, 748: 366, 757: 100, 758: 338, 759: 352, 760: 114, 763: 366, 764: 128, 765: 268, 766: 30, 767: 156, 768: 394, 769: 268, 770: 30, 771: 30, 772: 268, 773: 86, 774: 324, 783: 128, 784: 366, 785: 16, 786: 254, 787: 310, 788: 72, 789: 30, 790: 268, 791: 100, 792: 338, 793: 30, 794: 268, 795: 100, 796: 338, 797: 30, 798: 268, 799: 100, 800: 338, 801: 498, 802: 736, 815: 30, 816: 268, 817: 128, 818: 366, 825: 498, 826: 736, 827: 428, 828: 666, 829: 156, 830: 394, 835: 282, 836: 44, 837: 30, 838: 268, 867: 114, 868: 352, 875: 30, 876: 268, 877: 44, 878: 282, 879: 58, 880: 296, 881: 366, 882: 128, 893: 128, 894: 366, 903: 128, 904: 366, 911: 498, 912: 736}
Number of lables used:  36
Total time: 2.35 seconds
Memory used: 601.37 MB
--------------------------------------------------
Number of label variables:  48
Number of clauses for label constraints:  15892
Number of new variables for cardinality constraints:  1085
Number of clauses for cardinality constraints:  4270
Initial variable count:  1413676
Initial clause count:  2095738
--------------------------------------------------

Trying with at most 35 labels...
Solution:
{13: 380, 14: 142, 15: 380, 16: 142, 23: 114, 24: 352, 49: 282, 50: 44, 51: 254, 52: 16, 53: 268, 54: 30, 67: 254, 68: 16, 69: 414, 70: 652, 79: 254, 80: 16, 81: 156, 82: 394, 83: 114, 84: 352, 85: 254, 86: 16, 103: 282, 104: 44, 105: 254, 106: 16, 117: 114, 118: 352, 119: 652, 120: 414, 127: 296, 128: 58, 129: 414, 130: 652, 143: 86, 144: 324, 145: 16, 146: 254, 151: 338, 152: 100, 153: 254, 154: 16, 155: 414, 156: 652, 157: 338, 158: 100, 179: 156, 180: 394, 181: 58, 182: 296, 183: 30, 184: 268, 191: 142, 192: 380, 193: 282, 194: 44, 205: 254, 206: 16, 209: 414, 210: 652, 211: 86, 212: 324, 213: 338, 214: 100, 215: 324, 216: 86, 217: 142, 218: 380, 233: 100, 234: 338, 235: 268, 236: 30, 237: 282, 238: 44, 261: 414, 262: 652, 263: 394, 264: 156, 265: 282, 266: 44, 267: 414, 268: 652, 269: 254, 270: 16, 271: 254, 272: 16, 273: 652, 274: 414, 275: 652, 276: 414, 277: 114, 278: 352, 281: 128, 282: 366, 283: 58, 284: 296, 285: 268, 286: 30, 287: 414, 288: 652, 289: 254, 290: 16, 291: 324, 292: 86, 293: 240, 294: 478, 295: 394, 296: 156, 299: 352, 300: 114, 301: 282, 302: 44, 303: 254, 304: 16, 305: 414, 306: 652, 307: 254, 308: 16, 309: 394, 310: 156, 311: 86, 312: 324, 313: 86, 314: 324, 321: 380, 322: 142, 323: 380, 324: 142, 325: 16, 326: 254, 327: 352, 328: 114, 329: 254, 330: 16, 339: 394, 340: 156, 341: 282, 342: 44, 343: 268, 344: 30, 345: 16, 346: 254, 347: 86, 348: 324, 349: 324, 350: 86, 351: 352, 352: 114, 355: 30, 356: 268, 357: 338, 358: 100, 359: 128, 360: 366, 361: 268, 362: 30, 363: 142, 364: 380, 365: 352, 366: 114, 367: 282, 368: 44, 369: 282, 370: 44, 371: 254, 372: 16, 375: 268, 376: 30, 377: 338, 378: 100, 383: 114, 384: 352, 387: 100, 388: 338, 397: 652, 398: 414, 401: 142, 402: 380, 405: 310, 406: 72, 435: 296, 436: 58, 439: 414, 440: 652, 449: 142, 450: 380, 471: 254, 472: 16, 475: 282, 476: 44, 477: 114, 478: 352, 481: 268, 482: 30, 491: 268, 492: 30, 493: 142, 494: 380, 495: 268, 496: 30, 517: 30, 518: 268, 519: 268, 520: 30, 525: 268, 526: 30, 533: 254, 534: 16, 535: 156, 536: 394, 547: 86, 548: 324, 555: 366, 556: 128, 557: 366, 558: 128, 559: 352, 560: 114, 561: 296, 562: 58, 563: 44, 564: 282, 565: 338, 566: 100, 573: 338, 574: 100, 575: 30, 576: 268, 577: 254, 578: 16, 579: 254, 580: 16, 581: 254, 582: 16, 583: 380, 584: 142, 585: 44, 586: 282, 587: 254, 588: 16, 589: 352, 590: 114, 591: 282, 592: 44, 593: 338, 594: 100, 595: 282, 596: 44, 597: 352, 598: 114, 599: 352, 600: 114, 601: 268, 602: 30, 603: 268, 604: 30, 605: 142, 606: 380, 607: 58, 608: 296, 613: 338, 614: 100, 615: 282, 616: 44, 617: 142, 618: 380, 619: 366, 620: 128, 621: 268, 622: 30, 623: 268, 624: 30, 625: 142, 626: 380, 629: 282, 630: 44, 631: 268, 632: 30, 633: 268, 634: 30, 635: 142, 636: 380, 637: 254, 638: 16, 639: 142, 640: 380, 641: 282, 642: 44, 643: 352, 644: 114, 645: 254, 646: 16, 651: 324, 652: 86, 653: 254, 654: 16, 661: 394, 662: 156, 663: 352, 664: 114, 665: 254, 666: 16, 667: 72, 668: 310, 671: 394, 672: 156, 713: 114, 714: 352, 715: 254, 716: 16, 717: 282, 718: 44, 719: 652, 720: 414, 721: 16, 722: 254, 723: 16, 724: 254, 725: 268, 726: 30, 727: 156, 728: 394, 733: 30, 734: 268, 741: 254, 742: 16, 743: 338, 744: 100, 745: 268, 746: 30, 747: 268, 748: 30, 757: 268, 758: 30, 759: 380, 760: 142, 763: 268, 764: 30, 765: 394, 766: 156, 767: 324, 768: 86, 769: 352, 770: 114, 771: 254, 772: 16, 773: 156, 774: 394, 783: 380, 784: 142, 785: 394, 786: 156, 787: 268, 788: 30, 789: 338, 790: 100, 791: 268, 792: 30, 793: 338, 794: 100, 795: 268, 796: 30, 797: 338, 798: 100, 799: 268, 800: 30, 801: 142, 802: 380, 815: 268, 816: 30, 817: 380, 818: 142, 825: 86, 826: 324, 827: 324, 828: 86, 829: 16, 830: 254, 835: 338, 836: 100, 837: 268, 838: 30, 867: 338, 868: 100, 875: 282, 876: 44, 877: 268, 878: 30, 879: 268, 880: 30, 881: 142, 882: 380, 893: 30, 894: 268, 903: 394, 904: 156, 911: 254, 912: 16}
Number of lables used:  26
Total time: 2.85 seconds
Memory used: 610.19 MB
--------------------------------------------------

Trying with at most 25 labels...
Solution:
{13: 380, 14: 142, 15: 380, 16: 142, 23: 114, 24: 352, 49: 282, 50: 44, 51: 254, 52: 16, 53: 268, 54: 30, 67: 254, 68: 16, 69: 414, 70: 652, 79: 254, 80: 16, 81: 156, 82: 394, 83: 114, 84: 352, 85: 254, 86: 16, 103: 282, 104: 44, 105: 254, 106: 16, 117: 114, 118: 352, 119: 652, 120: 414, 127: 296, 128: 58, 129: 414, 130: 652, 143: 86, 144: 324, 145: 16, 146: 254, 151: 338, 152: 100, 153: 254, 154: 16, 155: 414, 156: 652, 157: 338, 158: 100, 179: 156, 180: 394, 181: 58, 182: 296, 183: 30, 184: 268, 191: 142, 192: 380, 193: 282, 194: 44, 205: 254, 206: 16, 209: 414, 210: 652, 211: 86, 212: 324, 213: 338, 214: 100, 215: 324, 216: 86, 217: 142, 218: 380, 233: 100, 234: 338, 235: 268, 236: 30, 237: 282, 238: 44, 261: 414, 262: 652, 263: 394, 264: 156, 265: 282, 266: 44, 267: 414, 268: 652, 269: 254, 270: 16, 271: 254, 272: 16, 273: 652, 274: 414, 275: 652, 276: 414, 277: 114, 278: 352, 281: 128, 282: 366, 283: 58, 284: 296, 285: 268, 286: 30, 287: 414, 288: 652, 289: 254, 290: 16, 291: 324, 292: 86, 293: 142, 294: 380, 295: 394, 296: 156, 299: 352, 300: 114, 301: 282, 302: 44, 303: 254, 304: 16, 305: 414, 306: 652, 307: 254, 308: 16, 309: 394, 310: 156, 311: 86, 312: 324, 313: 86, 314: 324, 321: 380, 322: 142, 323: 380, 324: 142, 325: 16, 326: 254, 327: 352, 328: 114, 329: 254, 330: 16, 339: 394, 340: 156, 341: 282, 342: 44, 343: 268, 344: 30, 345: 16, 346: 254, 347: 86, 348: 324, 349: 324, 350: 86, 351: 352, 352: 114, 355: 30, 356: 268, 357: 338, 358: 100, 359: 128, 360: 366, 361: 268, 362: 30, 363: 142, 364: 380, 365: 352, 366: 114, 367: 282, 368: 44, 369: 282, 370: 44, 371: 254, 372: 16, 375: 268, 376: 30, 377: 338, 378: 100, 383: 114, 384: 352, 387: 100, 388: 338, 397: 652, 398: 414, 401: 142, 402: 380, 405: 310, 406: 72, 435: 296, 436: 58, 439: 414, 440: 652, 449: 142, 450: 380, 471: 254, 472: 16, 475: 282, 476: 44, 477: 114, 478: 352, 481: 268, 482: 30, 491: 268, 492: 30, 493: 142, 494: 380, 495: 268, 496: 30, 517: 30, 518: 268, 519: 268, 520: 30, 525: 268, 526: 30, 533: 254, 534: 16, 535: 156, 536: 394, 547: 86, 548: 324, 555: 366, 556: 128, 557: 366, 558: 128, 559: 352, 560: 114, 561: 296, 562: 58, 563: 44, 564: 282, 565: 338, 566: 100, 573: 338, 574: 100, 575: 30, 576: 268, 577: 254, 578: 16, 579: 254, 580: 16, 581: 254, 582: 16, 583: 380, 584: 142, 585: 44, 586: 282, 587: 254, 588: 16, 589: 352, 590: 114, 591: 282, 592: 44, 593: 338, 594: 100, 595: 282, 596: 44, 597: 352, 598: 114, 599: 352, 600: 114, 601: 268, 602: 30, 603: 268, 604: 30, 605: 142, 606: 380, 607: 58, 608: 296, 613: 338, 614: 100, 615: 282, 616: 44, 617: 142, 618: 380, 619: 366, 620: 128, 621: 268, 622: 30, 623: 268, 624: 30, 625: 142, 626: 380, 629: 282, 630: 44, 631: 268, 632: 30, 633: 268, 634: 30, 635: 142, 636: 380, 637: 254, 638: 16, 639: 142, 640: 380, 641: 282, 642: 44, 643: 352, 644: 114, 645: 254, 646: 16, 651: 324, 652: 86, 653: 254, 654: 16, 661: 394, 662: 156, 663: 352, 664: 114, 665: 254, 666: 16, 667: 72, 668: 310, 671: 394, 672: 156, 713: 114, 714: 352, 715: 254, 716: 16, 717: 282, 718: 44, 719: 652, 720: 414, 721: 16, 722: 254, 723: 16, 724: 254, 725: 268, 726: 30, 727: 156, 728: 394, 733: 30, 734: 268, 741: 254, 742: 16, 743: 338, 744: 100, 745: 268, 746: 30, 747: 268, 748: 30, 757: 268, 758: 30, 759: 380, 760: 142, 763: 268, 764: 30, 765: 394, 766: 156, 767: 324, 768: 86, 769: 352, 770: 114, 771: 254, 772: 16, 773: 156, 774: 394, 783: 380, 784: 142, 785: 394, 786: 156, 787: 268, 788: 30, 789: 338, 790: 100, 791: 268, 792: 30, 793: 338, 794: 100, 795: 268, 796: 30, 797: 338, 798: 100, 799: 268, 800: 30, 801: 142, 802: 380, 815: 268, 816: 30, 817: 380, 818: 142, 825: 86, 826: 324, 827: 324, 828: 86, 829: 16, 830: 254, 835: 338, 836: 100, 837: 268, 838: 30, 867: 338, 868: 100, 875: 282, 876: 44, 877: 268, 878: 30, 879: 268, 880: 30, 881: 142, 882: 380, 893: 30, 894: 268, 903: 394, 904: 156, 911: 254, 912: 16}
Number of lables used:  24
Total time: 2.96 seconds
Memory used: 610.19 MB
--------------------------------------------------

Trying with at most 23 labels...
Solution:
{13: 380, 14: 142, 15: 380, 16: 142, 23: 114, 24: 352, 49: 282, 50: 44, 51: 254, 52: 16, 53: 268, 54: 30, 67: 254, 68: 16, 69: 414, 70: 652, 79: 254, 80: 16, 81: 156, 82: 394, 83: 114, 84: 352, 85: 254, 86: 16, 103: 282, 104: 44, 105: 254, 106: 16, 117: 114, 118: 352, 119: 652, 120: 414, 127: 296, 128: 58, 129: 414, 130: 652, 143: 86, 144: 324, 145: 16, 146: 254, 151: 338, 152: 100, 153: 254, 154: 16, 155: 414, 156: 652, 157: 338, 158: 100, 179: 156, 180: 394, 181: 156, 182: 394, 183: 30, 184: 268, 191: 100, 192: 338, 193: 652, 194: 414, 205: 254, 206: 16, 209: 414, 210: 652, 211: 86, 212: 324, 213: 338, 214: 100, 215: 324, 216: 86, 217: 142, 218: 380, 233: 100, 234: 338, 235: 268, 236: 30, 237: 282, 238: 44, 261: 414, 262: 652, 263: 394, 264: 156, 265: 282, 266: 44, 267: 414, 268: 652, 269: 254, 270: 16, 271: 254, 272: 16, 273: 652, 274: 414, 275: 652, 276: 414, 277: 114, 278: 352, 281: 128, 282: 366, 283: 58, 284: 296, 285: 268, 286: 30, 287: 414, 288: 652, 289: 254, 290: 16, 291: 324, 292: 86, 293: 142, 294: 380, 295: 394, 296: 156, 299: 352, 300: 114, 301: 282, 302: 44, 303: 414, 304: 652, 305: 254, 306: 16, 307: 254, 308: 16, 309: 394, 310: 156, 311: 58, 312: 296, 313: 86, 314: 324, 321: 380, 322: 142, 323: 380, 324: 142, 325: 16, 326: 254, 327: 352, 328: 114, 329: 254, 330: 16, 339: 394, 340: 156, 341: 282, 342: 44, 343: 268, 344: 30, 345: 16, 346: 254, 347: 86, 348: 324, 349: 324, 350: 86, 351: 352, 352: 114, 355: 30, 356: 268, 357: 338, 358: 100, 359: 128, 360: 366, 361: 268, 362: 30, 363: 142, 364: 380, 365: 352, 366: 114, 367: 282, 368: 44, 369: 282, 370: 44, 371: 254, 372: 16, 375: 268, 376: 30, 377: 296, 378: 58, 383: 114, 384: 352, 387: 100, 388: 338, 397: 652, 398: 414, 401: 142, 402: 380, 405: 324, 406: 86, 435: 296, 436: 58, 439: 414, 440: 652, 449: 282, 450: 44, 471: 254, 472: 16, 475: 282, 476: 44, 477: 114, 478: 352, 481: 268, 482: 30, 491: 268, 492: 30, 493: 142, 494: 380, 495: 268, 496: 30, 517: 30, 518: 268, 519: 268, 520: 30, 525: 268, 526: 30, 533: 254, 534: 16, 535: 156, 536: 394, 547: 86, 548: 324, 555: 366, 556: 128, 557: 366, 558: 128, 559: 352, 560: 114, 561: 296, 562: 58, 563: 44, 564: 282, 565: 338, 566: 100, 573: 338, 574: 100, 575: 30, 576: 268, 577: 254, 578: 16, 579: 254, 580: 16, 581: 254, 582: 16, 583: 380, 584: 142, 585: 44, 586: 282, 587: 254, 588: 16, 589: 352, 590: 114, 591: 282, 592: 44, 593: 338, 594: 100, 595: 282, 596: 44, 597: 352, 598: 114, 599: 352, 600: 114, 601: 268, 602: 30, 603: 268, 604: 30, 605: 142, 606: 380, 607: 58, 608: 296, 613: 338, 614: 100, 615: 282, 616: 44, 617: 142, 618: 380, 619: 366, 620: 128, 621: 268, 622: 30, 623: 268, 624: 30, 625: 142, 626: 380, 629: 282, 630: 44, 631: 268, 632: 30, 633: 268, 634: 30, 635: 142, 636: 380, 637: 254, 638: 16, 639: 142, 640: 380, 641: 282, 642: 44, 643: 352, 644: 114, 645: 254, 646: 16, 651: 324, 652: 86, 653: 44, 654: 282, 661: 394, 662: 156, 663: 352, 664: 114, 665: 254, 666: 16, 667: 156, 668: 394, 671: 394, 672: 156, 713: 114, 714: 352, 715: 254, 716: 16, 717: 282, 718: 44, 719: 652, 720: 414, 721: 16, 722: 254, 723: 16, 724: 254, 725: 268, 726: 30, 727: 156, 728: 394, 733: 30, 734: 268, 741: 254, 742: 16, 743: 338, 744: 100, 745: 268, 746: 30, 747: 268, 748: 30, 757: 268, 758: 30, 759: 380, 760: 142, 763: 268, 764: 30, 765: 394, 766: 156, 767: 324, 768: 86, 769: 352, 770: 114, 771: 254, 772: 16, 773: 86, 774: 324, 783: 380, 784: 142, 785: 394, 786: 156, 787: 268, 788: 30, 789: 338, 790: 100, 791: 268, 792: 30, 793: 338, 794: 100, 795: 268, 796: 30, 797: 338, 798: 100, 799: 268, 800: 30, 801: 142, 802: 380, 815: 268, 816: 30, 817: 380, 818: 142, 825: 86, 826: 324, 827: 366, 828: 128, 829: 16, 830: 254, 835: 338, 836: 100, 837: 268, 838: 30, 867: 338, 868: 100, 875: 282, 876: 44, 877: 268, 878: 30, 879: 268, 880: 30, 881: 142, 882: 380, 893: 30, 894: 268, 903: 394, 904: 156, 911: 254, 912: 16}
Number of lables used:  22
Total time: 3.08 seconds
Memory used: 610.19 MB
--------------------------------------------------

Trying with at most 21 labels...
Solution:
{13: 394, 14: 156, 15: 394, 16: 156, 23: 114, 24: 352, 49: 282, 50: 44, 51: 254, 52: 16, 53: 268, 54: 30, 67: 254, 68: 16, 69: 414, 70: 652, 79: 254, 80: 16, 81: 156, 82: 394, 83: 114, 84: 352, 85: 254, 86: 16, 103: 282, 104: 44, 105: 254, 106: 16, 117: 114, 118: 352, 119: 652, 120: 414, 127: 296, 128: 58, 129: 414, 130: 652, 143: 652, 144: 414, 145: 282, 146: 44, 151: 338, 152: 100, 153: 254, 154: 16, 155: 414, 156: 652, 157: 338, 158: 100, 179: 156, 180: 394, 181: 156, 182: 394, 183: 30, 184: 268, 191: 100, 192: 338, 193: 652, 194: 414, 205: 254, 206: 16, 209: 414, 210: 652, 211: 86, 212: 324, 213: 338, 214: 100, 215: 58, 216: 296, 217: 142, 218: 380, 233: 100, 234: 338, 235: 268, 236: 30, 237: 282, 238: 44, 261: 414, 262: 652, 263: 394, 264: 156, 265: 282, 266: 44, 267: 414, 268: 652, 269: 652, 270: 414, 271: 652, 272: 414, 273: 16, 274: 254, 275: 16, 276: 254, 277: 114, 278: 352, 281: 142, 282: 380, 283: 254, 284: 16, 285: 268, 286: 30, 287: 414, 288: 652, 289: 254, 290: 16, 291: 324, 292: 86, 293: 142, 294: 380, 295: 394, 296: 156, 299: 352, 300: 114, 301: 282, 302: 44, 303: 414, 304: 652, 305: 254, 306: 16, 307: 254, 308: 16, 309: 394, 310: 156, 311: 58, 312: 296, 313: 86, 314: 324, 321: 394, 322: 156, 323: 394, 324: 156, 325: 16, 326: 254, 327: 380, 328: 142, 329: 254, 330: 16, 339: 394, 340: 156, 341: 394, 342: 156, 343: 380, 344: 142, 345: 16, 346: 254, 347: 86, 348: 324, 349: 324, 350: 86, 351: 352, 352: 114, 355: 30, 356: 268, 357: 338, 358: 100, 359: 380, 360: 142, 361: 268, 362: 30, 363: 352, 364: 114, 365: 86, 366: 324, 367: 282, 368: 44, 369: 282, 370: 44, 371: 254, 372: 16, 375: 268, 376: 30, 377: 296, 378: 58, 383: 114, 384: 352, 387: 100, 388: 338, 397: 652, 398: 414, 401: 142, 402: 380, 405: 324, 406: 86, 435: 296, 436: 58, 439: 414, 440: 652, 449: 282, 450: 44, 471: 254, 472: 16, 475: 282, 476: 44, 477: 114, 478: 352, 481: 268, 482: 30, 491: 268, 492: 30, 493: 142, 494: 380, 495: 268, 496: 30, 517: 30, 518: 268, 519: 268, 520: 30, 525: 268, 526: 30, 533: 254, 534: 16, 535: 156, 536: 394, 547: 86, 548: 324, 555: 296, 556: 58, 557: 380, 558: 142, 559: 352, 560: 114, 561: 296, 562: 58, 563: 44, 564: 282, 565: 338, 566: 100, 573: 338, 574: 100, 575: 30, 576: 268, 577: 254, 578: 16, 579: 254, 580: 16, 581: 254, 582: 16, 583: 380, 584: 142, 585: 44, 586: 282, 587: 254, 588: 16, 589: 352, 590: 114, 591: 282, 592: 44, 593: 338, 594: 100, 595: 282, 596: 44, 597: 352, 598: 114, 599: 352, 600: 114, 601: 268, 602: 30, 603: 268, 604: 30, 605: 142, 606: 380, 607: 44, 608: 282, 613: 338, 614: 100, 615: 282, 616: 44, 617: 142, 618: 380, 619: 380, 620: 142, 621: 268, 622: 30, 623: 268, 624: 30, 625: 142, 626: 380, 629: 282, 630: 44, 631: 268, 632: 30, 633: 268, 634: 30, 635: 142, 636: 380, 637: 254, 638: 16, 639: 142, 640: 380, 641: 282, 642: 44, 643: 352, 644: 114, 645: 254, 646: 16, 651: 324, 652: 86, 653: 44, 654: 282, 661: 394, 662: 156, 663: 352, 664: 114, 665: 254, 666: 16, 667: 156, 668: 394, 671: 394, 672: 156, 713: 114, 714: 352, 715: 254, 716: 16, 717: 86, 718: 324, 719: 16, 720: 254, 721: 268, 722: 30, 723: 268, 724: 30, 725: 268, 726: 30, 727: 156, 728: 394, 733: 30, 734: 268, 741: 254, 742: 16, 743: 338, 744: 100, 745: 268, 746: 30, 747: 268, 748: 30, 757: 268, 758: 30, 759: 380, 760: 142, 763: 268, 764: 30, 765: 394, 766: 156, 767: 324, 768: 86, 769: 352, 770: 114, 771: 254, 772: 16, 773: 86, 774: 324, 783: 380, 784: 142, 785: 394, 786: 156, 787: 268, 788: 30, 789: 338, 790: 100, 791: 268, 792: 30, 793: 338, 794: 100, 795: 268, 796: 30, 797: 338, 798: 100, 799: 268, 800: 30, 801: 142, 802: 380, 815: 268, 816: 30, 817: 380, 818: 142, 825: 86, 826: 324, 827: 380, 828: 142, 829: 16, 830: 254, 835: 338, 836: 100, 837: 268, 838: 30, 867: 338, 868: 100, 875: 282, 876: 44, 877: 268, 878: 30, 879: 268, 880: 30, 881: 142, 882: 380, 893: 30, 894: 268, 903: 394, 904: 156, 911: 254, 912: 16}
Number of lables used:  20
Total time: 3.19 seconds
Memory used: 610.19 MB
--------------------------------------------------

Trying with at most 19 labels...
Solution:
{13: 792, 14: 554, 15: 792, 16: 554, 23: 114, 24: 352, 49: 282, 50: 44, 51: 254, 52: 16, 53: 268, 54: 30, 67: 254, 68: 16, 69: 142, 70: 380, 79: 254, 80: 16, 81: 792, 82: 554, 83: 142, 84: 380, 85: 254, 86: 16, 103: 282, 104: 44, 105: 254, 106: 16, 117: 114, 118: 352, 119: 792, 120: 554, 127: 296, 128: 58, 129: 554, 130: 792, 143: 554, 144: 792, 145: 142, 146: 380, 151: 338, 152: 100, 153: 254, 154: 16, 155: 268, 156: 30, 157: 338, 158: 100, 179: 296, 180: 58, 181: 58, 182: 296, 183: 30, 184: 268, 191: 100, 192: 338, 193: 554, 194: 792, 205: 254, 206: 16, 209: 554, 210: 792, 211: 86, 212: 324, 213: 380, 214: 142, 215: 58, 216: 296, 217: 142, 218: 380, 233: 100, 234: 338, 235: 268, 236: 30, 237: 268, 238: 30, 261: 792, 262: 554, 263: 352, 264: 114, 265: 282, 266: 44, 267: 792, 268: 554, 269: 792, 270: 554, 271: 792, 272: 554, 273: 352, 274: 114, 275: 352, 276: 114, 277: 30, 278: 268, 281: 114, 282: 352, 283: 44, 284: 282, 285: 114, 286: 352, 287: 792, 288: 554, 289: 268, 290: 30, 291: 324, 292: 86, 293: 142, 294: 380, 295: 324, 296: 86, 299: 352, 300: 114, 301: 282, 302: 44, 303: 792, 304: 554, 305: 254, 306: 16, 307: 254, 308: 16, 309: 100, 310: 338, 311: 86, 312: 324, 313: 86, 314: 324, 321: 792, 322: 554, 323: 792, 324: 554, 325: 16, 326: 254, 327: 380, 328: 142, 329: 254, 330: 16, 339: 254, 340: 16, 341: 254, 342: 16, 343: 254, 344: 16, 345: 792, 346: 554, 347: 86, 348: 324, 349: 324, 350: 86, 351: 352, 352: 114, 355: 30, 356: 268, 357: 338, 358: 100, 359: 380, 360: 142, 361: 268, 362: 30, 363: 352, 364: 114, 365: 86, 366: 324, 367: 282, 368: 44, 369: 282, 370: 44, 371: 254, 372: 16, 375: 268, 376: 30, 377: 324, 378: 86, 383: 114, 384: 352, 387: 100, 388: 338, 397: 792, 398: 554, 401: 142, 402: 380, 405: 380, 406: 142, 435: 296, 436: 58, 439: 554, 440: 792, 449: 282, 450: 44, 471: 254, 472: 16, 475: 282, 476: 44, 477: 114, 478: 352, 481: 268, 482: 30, 491: 268, 492: 30, 493: 142, 494: 380, 495: 268, 496: 30, 517: 30, 518: 268, 519: 282, 520: 44, 525: 268, 526: 30, 533: 254, 534: 16, 535: 792, 536: 554, 547: 86, 548: 324, 555: 282, 556: 44, 557: 380, 558: 142, 559: 352, 560: 114, 561: 296, 562: 58, 563: 44, 564: 282, 565: 338, 566: 100, 573: 338, 574: 100, 575: 30, 576: 268, 577: 254, 578: 16, 579: 254, 580: 16, 581: 254, 582: 16, 583: 142, 584: 380, 585: 44, 586: 282, 587: 254, 588: 16, 589: 352, 590: 114, 591: 282, 592: 44, 593: 352, 594: 114, 595: 282, 596: 44, 597: 30, 598: 268, 599: 352, 600: 114, 601: 268, 602: 30, 603: 268, 604: 30, 605: 142, 606: 380, 607: 30, 608: 268, 613: 352, 614: 114, 615: 282, 616: 44, 617: 142, 618: 380, 619: 380, 620: 142, 621: 268, 622: 30, 623: 268, 624: 30, 625: 142, 626: 380, 629: 30, 630: 268, 631: 100, 632: 338, 633: 268, 634: 30, 635: 142, 636: 380, 637: 254, 638: 16, 639: 142, 640: 380, 641: 282, 642: 44, 643: 352, 644: 114, 645: 254, 646: 16, 651: 324, 652: 86, 653: 44, 654: 282, 661: 792, 662: 554, 663: 352, 664: 114, 665: 282, 666: 44, 667: 100, 668: 338, 671: 268, 672: 30, 713: 30, 714: 268, 715: 254, 716: 16, 717: 16, 718: 254, 719: 352, 720: 114, 721: 86, 722: 324, 723: 86, 724: 324, 725: 16, 726: 254, 727: 16, 728: 254, 733: 30, 734: 268, 741: 254, 742: 16, 743: 338, 744: 100, 745: 268, 746: 30, 747: 268, 748: 30, 757: 268, 758: 30, 759: 380, 760: 142, 763: 268, 764: 30, 765: 792, 766: 554, 767: 16, 768: 254, 769: 352, 770: 114, 771: 254, 772: 16, 773: 86, 774: 324, 783: 380, 784: 142, 785: 554, 786: 792, 787: 142, 788: 380, 789: 338, 790: 100, 791: 268, 792: 30, 793: 338, 794: 100, 795: 268, 796: 30, 797: 338, 798: 100, 799: 268, 800: 30, 801: 142, 802: 380, 815: 268, 816: 30, 817: 380, 818: 142, 825: 86, 826: 324, 827: 380, 828: 142, 829: 16, 830: 254, 835: 338, 836: 100, 837: 268, 838: 30, 867: 338, 868: 100, 875: 282, 876: 44, 877: 268, 878: 30, 879: 268, 880: 30, 881: 142, 882: 380, 893: 30, 894: 268, 903: 792, 904: 554, 911: 254, 912: 16}
Number of lables used:  18
Total time: 3.82 seconds
Memory used: 645.18 MB
--------------------------------------------------

Trying with at most 17 labels...
Solution:
{13: 142, 14: 380, 15: 142, 16: 380, 23: 282, 24: 44, 49: 282, 50: 44, 51: 792, 52: 554, 53: 268, 54: 30, 67: 114, 68: 352, 69: 554, 70: 792, 79: 282, 80: 44, 81: 792, 82: 554, 83: 380, 84: 142, 85: 282, 86: 44, 103: 282, 104: 44, 105: 268, 106: 30, 117: 792, 118: 554, 119: 414, 120: 652, 127: 394, 128: 156, 129: 554, 130: 792, 143: 792, 144: 554, 145: 142, 146: 380, 151: 554, 152: 792, 153: 114, 154: 352, 155: 268, 156: 30, 157: 156, 158: 394, 179: 394, 180: 156, 181: 156, 182: 394, 183: 30, 184: 268, 191: 554, 192: 792, 193: 282, 194: 44, 205: 30, 206: 268, 209: 282, 210: 44, 211: 652, 212: 414, 213: 86, 214: 324, 215: 792, 216: 554, 217: 44, 218: 282, 233: 114, 234: 352, 235: 268, 236: 30, 237: 352, 238: 114, 261: 792, 262: 554, 263: 394, 264: 156, 265: 282, 266: 44, 267: 792, 268: 554, 269: 792, 270: 554, 271: 792, 272: 554, 273: 352, 274: 114, 275: 352, 276: 114, 277: 30, 278: 268, 281: 44, 282: 282, 283: 114, 284: 352, 285: 44, 286: 282, 287: 792, 288: 554, 289: 268, 290: 30, 291: 324, 292: 86, 293: 380, 294: 142, 295: 652, 296: 414, 299: 114, 300: 352, 301: 554, 302: 792, 303: 414, 304: 652, 305: 30, 306: 268, 307: 142, 308: 380, 309: 394, 310: 156, 311: 282, 312: 44, 313: 792, 314: 554, 321: 142, 322: 380, 323: 142, 324: 380, 325: 44, 326: 282, 327: 380, 328: 142, 329: 142, 330: 380, 339: 114, 340: 352, 341: 282, 342: 44, 343: 282, 344: 44, 345: 414, 346: 652, 347: 86, 348: 324, 349: 324, 350: 86, 351: 352, 352: 114, 355: 30, 356: 268, 357: 352, 358: 114, 359: 380, 360: 142, 361: 268, 362: 30, 363: 352, 364: 114, 365: 86, 366: 324, 367: 282, 368: 44, 369: 282, 370: 44, 371: 324, 372: 86, 375: 268, 376: 30, 377: 324, 378: 86, 383: 114, 384: 352, 387: 142, 388: 380, 397: 792, 398: 554, 401: 380, 402: 142, 405: 352, 406: 114, 435: 142, 436: 380, 439: 652, 440: 414, 449: 380, 450: 142, 471: 352, 472: 114, 475: 282, 476: 44, 477: 142, 478: 380, 481: 268, 482: 30, 491: 268, 492: 30, 493: 142, 494: 380, 495: 268, 496: 30, 517: 114, 518: 352, 519: 282, 520: 44, 525: 282, 526: 44, 533: 324, 534: 86, 535: 792, 536: 554, 547: 86, 548: 324, 555: 282, 556: 44, 557: 86, 558: 324, 559: 352, 560: 114, 561: 352, 562: 114, 563: 324, 564: 86, 565: 324, 566: 86, 573: 352, 574: 114, 575: 282, 576: 44, 577: 394, 578: 156, 579: 282, 580: 44, 581: 282, 582: 44, 583: 142, 584: 380, 585: 394, 586: 156, 587: 282, 588: 44, 589: 268, 590: 30, 591: 282, 592: 44, 593: 114, 594: 352, 595: 44, 596: 282, 597: 30, 598: 268, 599: 114, 600: 352, 601: 30, 602: 268, 603: 268, 604: 30, 605: 30, 606: 268, 607: 30, 608: 268, 613: 114, 614: 352, 615: 282, 616: 44, 617: 114, 618: 352, 619: 142, 620: 380, 621: 268, 622: 30, 623: 268, 624: 30, 625: 142, 626: 380, 629: 268, 630: 30, 631: 324, 632: 86, 633: 268, 634: 30, 635: 142, 636: 380, 637: 268, 638: 30, 639: 142, 640: 380, 641: 30, 642: 268, 643: 86, 644: 324, 645: 268, 646: 30, 651: 324, 652: 86, 653: 114, 654: 352, 661: 792, 662: 554, 663: 380, 664: 142, 665: 792, 666: 554, 667: 380, 668: 142, 671: 156, 672: 394, 713: 30, 714: 268, 715: 114, 716: 352, 717: 414, 718: 652, 719: 352, 720: 114, 721: 86, 722: 324, 723: 86, 724: 324, 725: 554, 726: 792, 727: 352, 728: 114, 733: 30, 734: 268, 741: 414, 742: 652, 743: 352, 744: 114, 745: 268, 746: 30, 747: 268, 748: 30, 757: 268, 758: 30, 759: 380, 760: 142, 763: 268, 764: 30, 765: 792, 766: 554, 767: 44, 768: 282, 769: 142, 770: 380, 771: 282, 772: 44, 773: 30, 774: 268, 783: 352, 784: 114, 785: 156, 786: 394, 787: 142, 788: 380, 789: 352, 790: 114, 791: 268, 792: 30, 793: 352, 794: 114, 795: 268, 796: 30, 797: 352, 798: 114, 799: 268, 800: 30, 801: 142, 802: 380, 815: 268, 816: 30, 817: 352, 818: 114, 825: 282, 826: 44, 827: 114, 828: 352, 829: 352, 830: 114, 835: 380, 836: 142, 837: 268, 838: 30, 867: 352, 868: 114, 875: 282, 876: 44, 877: 268, 878: 30, 879: 268, 880: 30, 881: 142, 882: 380, 893: 30, 894: 268, 903: 792, 904: 554, 911: 324, 912: 86}
Number of lables used:  16
Total time: 3.95 seconds
Memory used: 645.18 MB
--------------------------------------------------

Trying with at most 15 labels...
Solution:
{13: 792, 14: 554, 15: 792, 16: 554, 23: 282, 24: 44, 49: 282, 50: 44, 51: 792, 52: 554, 53: 268, 54: 30, 67: 114, 68: 352, 69: 554, 70: 792, 79: 282, 80: 44, 81: 792, 82: 554, 83: 380, 84: 142, 85: 282, 86: 44, 103: 282, 104: 44, 105: 268, 106: 30, 117: 792, 118: 554, 119: 16, 120: 254, 127: 554, 128: 792, 129: 16, 130: 254, 143: 16, 144: 254, 145: 142, 146: 380, 151: 554, 152: 792, 153: 352, 154: 114, 155: 268, 156: 30, 157: 554, 158: 792, 179: 324, 180: 86, 181: 16, 182: 254, 183: 30, 184: 268, 191: 282, 192: 44, 193: 554, 194: 792, 205: 86, 206: 324, 209: 380, 210: 142, 211: 254, 212: 16, 213: 86, 214: 324, 215: 254, 216: 16, 217: 142, 218: 380, 233: 114, 234: 352, 235: 268, 236: 30, 237: 352, 238: 114, 261: 792, 262: 554, 263: 30, 264: 268, 265: 282, 266: 44, 267: 792, 268: 554, 269: 16, 270: 254, 271: 16, 272: 254, 273: 554, 274: 792, 275: 554, 276: 792, 277: 30, 278: 268, 281: 44, 282: 282, 283: 114, 284: 352, 285: 44, 286: 282, 287: 792, 288: 554, 289: 268, 290: 30, 291: 324, 292: 86, 293: 380, 294: 142, 295: 352, 296: 114, 299: 114, 300: 352, 301: 30, 302: 268, 303: 792, 304: 554, 305: 16, 306: 254, 307: 254, 308: 16, 309: 30, 310: 268, 311: 792, 312: 554, 313: 792, 314: 554, 321: 792, 322: 554, 323: 792, 324: 554, 325: 554, 326: 792, 327: 86, 328: 324, 329: 142, 330: 380, 339: 114, 340: 352, 341: 282, 342: 44, 343: 282, 344: 44, 345: 16, 346: 254, 347: 86, 348: 324, 349: 324, 350: 86, 351: 352, 352: 114, 355: 30, 356: 268, 357: 352, 358: 114, 359: 380, 360: 142, 361: 268, 362: 30, 363: 352, 364: 114, 365: 86, 366: 324, 367: 282, 368: 44, 369: 282, 370: 44, 371: 254, 372: 16, 375: 114, 376: 352, 377: 352, 378: 114, 383: 30, 384: 268, 387: 142, 388: 380, 397: 792, 398: 554, 401: 44, 402: 282, 405: 324, 406: 86, 435: 142, 436: 380, 439: 114, 440: 352, 449: 380, 450: 142, 471: 352, 472: 114, 475: 282, 476: 44, 477: 142, 478: 380, 481: 268, 482: 30, 491: 268, 492: 30, 493: 142, 494: 380, 495: 268, 496: 30, 517: 114, 518: 352, 519: 282, 520: 44, 525: 282, 526: 44, 533: 324, 534: 86, 535: 792, 536: 554, 547: 86, 548: 324, 555: 282, 556: 44, 557: 86, 558: 324, 559: 352, 560: 114, 561: 352, 562: 114, 563: 86, 564: 324, 565: 324, 566: 86, 573: 352, 574: 114, 575: 30, 576: 268, 577: 254, 578: 16, 579: 282, 580: 44, 581: 282, 582: 44, 583: 142, 584: 380, 585: 16, 586: 254, 587: 282, 588: 44, 589: 352, 590: 114, 591: 282, 592: 44, 593: 114, 594: 352, 595: 44, 596: 282, 597: 30, 598: 268, 599: 114, 600: 352, 601: 30, 602: 268, 603: 268, 604: 30, 605: 30, 606: 268, 607: 30, 608: 268, 613: 114, 614: 352, 615: 142, 616: 380, 617: 30, 618: 268, 619: 282, 620: 44, 621: 268, 622: 30, 623: 268, 624: 30, 625: 142, 626: 380, 629: 268, 630: 30, 631: 324, 632: 86, 633: 268, 634: 30, 635: 142, 636: 380, 637: 268, 638: 30, 639: 142, 640: 380, 641: 380, 642: 142, 643: 324, 644: 86, 645: 268, 646: 30, 651: 324, 652: 86, 653: 254, 654: 16, 661: 792, 662: 554, 663: 380, 664: 142, 665: 380, 666: 142, 667: 44, 668: 282, 671: 44, 672: 282, 713: 30, 714: 268, 715: 16, 716: 254, 717: 352, 718: 114, 719: 554, 720: 792, 721: 86, 722: 324, 723: 86, 724: 324, 725: 380, 726: 142, 727: 352, 728: 114, 733: 282, 734: 44, 741: 554, 742: 792, 743: 44, 744: 282, 745: 268, 746: 30, 747: 268, 748: 30, 757: 268, 758: 30, 759: 380, 760: 142, 763: 352, 764: 114, 765: 792, 766: 554, 767: 44, 768: 282, 769: 282, 770: 44, 771: 282, 772: 44, 773: 30, 774: 268, 783: 352, 784: 114, 785: 16, 786: 254, 787: 142, 788: 380, 789: 352, 790: 114, 791: 268, 792: 30, 793: 352, 794: 114, 795: 268, 796: 30, 797: 352, 798: 114, 799: 268, 800: 30, 801: 142, 802: 380, 815: 268, 816: 30, 817: 142, 818: 380, 825: 142, 826: 380, 827: 16, 828: 254, 829: 114, 830: 352, 835: 380, 836: 142, 837: 268, 838: 30, 867: 352, 868: 114, 875: 282, 876: 44, 877: 268, 878: 30, 879: 268, 880: 30, 881: 142, 882: 380, 893: 30, 894: 268, 903: 792, 904: 554, 911: 282, 912: 44}
Number of lables used:  14
Total time: 4.12 seconds
Memory used: 645.19 MB
--------------------------------------------------

Trying with at most 13 labels...
[runlim] sample:		9.99 time, 10.01 real, 502 MB, 1.02 load
[runlim] sample:		19.99 time, 20.01 real, 478 MB, 1.02 load
[runlim] sample:		29.98 time, 30.01 real, 478 MB, 1.01 load
[runlim] sample:		39.98 time, 40.01 real, 478 MB, 1.01 load
[runlim] sample:		49.97 time, 50.01 real, 478 MB, 1.01 load
[runlim] sample:		59.97 time, 60.01 real, 478 MB, 1.09 load
[runlim] sample:		69.96 time, 70.01 real, 478 MB, 1.07 load
[runlim] sample:		79.96 time, 80.01 real, 478 MB, 1.14 load
[runlim] sample:		89.95 time, 90.01 real, 478 MB, 1.12 load
[runlim] sample:		99.95 time, 100.01 real, 478 MB, 1.10 load
[runlim] sample:		109.94 time, 110.01 real, 478 MB, 1.08 load
[runlim] sample:		119.93 time, 120.01 real, 478 MB, 1.07 load
[runlim] sample:		129.93 time, 130.01 real, 478 MB, 1.06 load
[runlim] sample:		139.92 time, 140.01 real, 478 MB, 1.05 load
[runlim] sample:		149.92 time, 150.01 real, 478 MB, 1.04 load
[runlim] sample:		159.91 time, 160.01 real, 478 MB, 1.04 load
[runlim] sample:		169.91 time, 170.01 real, 478 MB, 1.03 load
[runlim] sample:		179.90 time, 180.01 real, 478 MB, 1.02 load
[runlim] sample:		189.89 time, 190.01 real, 478 MB, 1.02 load
[runlim] sample:		199.89 time, 200.01 real, 478 MB, 1.02 load
[runlim] sample:		209.88 time, 210.01 real, 478 MB, 1.09 load
[runlim] sample:		219.88 time, 220.01 real, 478 MB, 1.08 load
[runlim] sample:		229.87 time, 230.01 real, 478 MB, 1.07 load
[runlim] sample:		239.87 time, 240.01 real, 478 MB, 1.06 load
[runlim] sample:		249.86 time, 250.01 real, 478 MB, 1.05 load
[runlim] sample:		259.86 time, 260.01 real, 478 MB, 1.04 load
[runlim] sample:		269.85 time, 270.01 real, 478 MB, 1.03 load
[runlim] sample:		279.85 time, 280.01 real, 478 MB, 1.03 load
[runlim] sample:		289.84 time, 290.01 real, 478 MB, 1.02 load
[runlim] sample:		299.84 time, 300.01 real, 478 MB, 1.02 load
[runlim] sample:		309.83 time, 310.01 real, 478 MB, 1.02 load
[runlim] sample:		319.83 time, 320.01 real, 478 MB, 1.01 load
[runlim] sample:		329.82 time, 330.01 real, 478 MB, 1.01 load
[runlim] sample:		339.82 time, 340.01 real, 478 MB, 1.09 load
[runlim] sample:		349.81 time, 350.01 real, 478 MB, 1.07 load
[runlim] sample:		359.81 time, 360.01 real, 478 MB, 1.14 load
[runlim] sample:		369.80 time, 370.01 real, 478 MB, 1.12 load
[runlim] sample:		379.80 time, 380.01 real, 478 MB, 1.10 load
[runlim] sample:		389.79 time, 390.01 real, 478 MB, 1.08 load
[runlim] sample:		399.79 time, 400.01 real, 478 MB, 1.07 load
[runlim] sample:		409.78 time, 410.01 real, 478 MB, 1.14 load
[runlim] sample:		419.78 time, 420.01 real, 478 MB, 1.20 load
[runlim] sample:		429.77 time, 430.01 real, 478 MB, 1.24 load
[runlim] sample:		439.77 time, 440.01 real, 478 MB, 1.20 load
[runlim] sample:		449.76 time, 450.01 real, 479 MB, 1.17 load
[runlim] sample:		459.76 time, 460.01 real, 479 MB, 1.15 load
[runlim] sample:		469.75 time, 470.01 real, 479 MB, 1.12 load
[runlim] sample:		479.74 time, 480.01 real, 479 MB, 1.10 load
[runlim] sample:		489.74 time, 490.01 real, 479 MB, 1.17 load
[runlim] sample:		499.73 time, 500.01 real, 479 MB, 1.14 load
[runlim] sample:		509.73 time, 510.01 real, 479 MB, 1.12 load
[runlim] sample:		519.72 time, 520.01 real, 479 MB, 1.10 load
[runlim] sample:		529.72 time, 530.01 real, 479 MB, 1.08 load
[runlim] sample:		539.71 time, 540.01 real, 479 MB, 1.07 load
[runlim] sample:		549.71 time, 550.01 real, 479 MB, 1.06 load
[runlim] sample:		559.70 time, 560.01 real, 479 MB, 1.05 load
[runlim] sample:		569.69 time, 570.01 real, 479 MB, 1.04 load
[runlim] sample:		579.69 time, 580.01 real, 479 MB, 1.04 load
[runlim] sample:		589.68 time, 590.01 real, 479 MB, 1.03 load
[runlim] sample:		599.68 time, 600.01 real, 479 MB, 1.02 load
[runlim] end:			Sun Jun 14 03:18:36 2026
[runlim] status:		out of time
[runlim] result:		2
[runlim] children:		1
[runlim] processes:		2
[runlim] real:			601.06 seconds
[runlim] time:			599.68 seconds
[runlim] space:			680 MB
[runlim] load:			1.26 maximum
[runlim] samples:		6000
