[runlim] version:		2.0.0rc12
[runlim] host:			ap-Precision-7550
[runlim] time limit:		311040000 seconds
[runlim] real time limit:	600 seconds
[runlim] space limit:		14000 MB
[runlim] argv[0]:		python3
[runlim] argv[1]:		-u
[runlim] argv[2]:		pairwise_no_preprocessing.py
[runlim] argv[3]:		scen08
[runlim] argv[4]:		assumptions
[runlim] argv[5]:		3
[runlim] argv[6]:		card
[runlim] argv[7]:		3
[runlim] start:			Sun Jun 14 03:44:06 2026
[runlim] child:			18883
Exactly-one cardinality encoding:  3
Distance constraint mode:  card
Distance cardinality encoding:  3
Number of assignment variables:  36200
Number of clauses for exactly one constraints:  209872
[runlim] sample:		9.99 time, 10.01 real, 2601 MB, 1.07 load
Number of clauses for distance constraints:  19715327
---------------------------------------------------
Solve first problem:
Cannot find solution.
Time taken: 19.27 seconds 
Memory used: 4685.13 MB
[runlim] sample:		19.99 time, 20.01 real, 4581 MB, 1.06 load
[runlim] end:			Sun Jun 14 03:44:27 2026
[runlim] status:		ok
[runlim] result:		0
[runlim] children:		1
[runlim] processes:		2
[runlim] real:			20.52 seconds
[runlim] time:			20.49 seconds
[runlim] space:			4812 MB
[runlim] load:			1.08 maximum
[runlim] samples:		206
