[runlim] version:		2.0.0rc12
[runlim] host:			ap-Precision-7550
[runlim] time limit:		311040000 seconds
[runlim] real time limit:	600 seconds
[runlim] space limit:		14000 MB
[runlim] argv[0]:		python3
[runlim] argv[1]:		-u
[runlim] argv[2]:		pairwise_no_preprocessing.py
[runlim] argv[3]:		scen02
[runlim] argv[4]:		assumptions
[runlim] argv[5]:		3
[runlim] argv[6]:		card
[runlim] argv[7]:		3
[runlim] start:			Sun Jun 14 02:58:33 2026
[runlim] child:			18740
Exactly-one cardinality encoding:  3
Distance constraint mode:  card
Distance cardinality encoding:  3
Number of assignment variables:  8004
Number of clauses for exactly one constraints:  46424
Number of clauses for distance constraints:  993052
---------------------------------------------------
Solve first problem:
Solution:
{13: 16, 14: 254, 15: 16, 16: 254, 53: 16, 54: 254, 79: 30, 80: 268, 81: 16, 82: 254, 83: 16, 84: 254, 85: 86, 86: 324, 127: 16, 128: 254, 129: 114, 130: 352, 143: 16, 144: 254, 145: 16, 146: 254, 205: 44, 206: 282, 233: 30, 234: 268, 235: 44, 236: 282, 237: 30, 238: 268, 261: 16, 262: 254, 263: 16, 264: 254, 265: 16, 266: 254, 267: 86, 268: 324, 269: 16, 270: 254, 271: 16, 272: 254, 273: 86, 274: 324, 275: 86, 276: 324, 277: 30, 278: 268, 281: 44, 282: 282, 283: 44, 284: 282, 289: 30, 290: 268, 291: 44, 292: 282, 303: 16, 304: 254, 305: 86, 306: 324, 321: 30, 322: 268, 323: 100, 324: 338, 325: 30, 326: 268, 327: 100, 328: 338, 329: 16, 330: 254, 341: 114, 342: 352, 343: 114, 344: 352, 349: 100, 350: 338, 351: 86, 352: 324, 435: 30, 436: 268, 475: 44, 476: 282, 481: 58, 482: 296, 517: 310, 518: 72, 519: 30, 520: 268, 555: 282, 556: 44, 557: 44, 558: 282, 559: 268, 560: 30, 561: 128, 562: 366, 565: 100, 566: 338, 577: 114, 578: 352, 579: 16, 580: 254, 583: 296, 584: 58, 585: 30, 586: 268, 587: 86, 588: 324, 589: 16, 590: 254, 591: 428, 592: 666, 593: 30, 594: 268, 595: 86, 596: 324, 597: 100, 598: 338, 599: 58, 600: 296, 601: 428, 602: 666, 603: 44, 604: 282, 605: 30, 606: 268, 607: 128, 608: 366, 613: 428, 614: 666, 615: 30, 616: 268, 617: 72, 618: 310, 621: 100, 622: 338, 625: 268, 626: 30, 629: 86, 630: 324, 631: 114, 632: 352, 633: 338, 634: 100, 635: 380, 636: 142, 645: 30, 646: 268, 651: 16, 652: 254, 661: 72, 662: 310, 663: 16, 664: 254, 665: 352, 666: 114, 667: 16, 668: 254, 713: 30, 714: 268, 717: 86, 718: 324, 719: 156, 720: 394, 721: 366, 722: 128, 723: 16, 724: 254, 743: 44, 744: 282, 745: 128, 746: 366, 747: 114, 748: 352, 763: 296, 764: 58, 765: 268, 766: 30, 767: 156, 768: 394, 785: 16, 786: 254, 787: 310, 788: 72, 789: 44, 790: 282, 791: 114, 792: 352, 793: 30, 794: 268, 795: 100, 796: 338, 797: 30, 798: 268, 799: 100, 800: 338, 801: 498, 802: 736, 879: 44, 880: 282}
Number of lables used:  26
Total time: 1.13 seconds
Memory used: 311.46 MB
--------------------------------------------------
Number of label variables:  48
Number of clauses for label constraints:  8004
Number of new variables for cardinality constraints:  900
Number of clauses for cardinality constraints:  3550
Initial variable count:  710471
Initial clause count:  1051030
--------------------------------------------------

Trying with at most 25 labels...
Solution:
{13: 296, 14: 58, 15: 324, 16: 86, 53: 142, 54: 380, 79: 254, 80: 16, 81: 156, 82: 394, 83: 128, 84: 366, 85: 254, 86: 16, 127: 254, 128: 16, 129: 394, 130: 156, 143: 114, 144: 352, 145: 114, 146: 352, 205: 394, 206: 156, 233: 100, 234: 338, 235: 268, 236: 30, 237: 282, 238: 44, 261: 142, 262: 380, 263: 366, 264: 128, 265: 142, 266: 380, 267: 282, 268: 44, 269: 16, 270: 254, 271: 16, 272: 254, 273: 324, 274: 86, 275: 324, 276: 86, 277: 16, 278: 254, 281: 86, 282: 324, 283: 58, 284: 296, 289: 268, 290: 30, 291: 324, 292: 86, 303: 114, 304: 352, 305: 254, 306: 16, 321: 296, 322: 58, 323: 366, 324: 128, 325: 16, 326: 254, 327: 352, 328: 114, 329: 254, 330: 16, 341: 268, 342: 30, 343: 324, 344: 86, 349: 268, 350: 30, 351: 352, 352: 114, 435: 282, 436: 44, 475: 268, 476: 30, 481: 142, 482: 380, 517: 380, 518: 142, 519: 44, 520: 282, 555: 114, 556: 352, 557: 282, 558: 44, 559: 352, 560: 114, 561: 296, 562: 58, 565: 338, 566: 100, 577: 254, 578: 16, 579: 254, 580: 16, 583: 128, 584: 366, 585: 44, 586: 282, 587: 268, 588: 30, 589: 352, 590: 114, 591: 282, 592: 44, 593: 366, 594: 128, 595: 282, 596: 44, 597: 268, 598: 30, 599: 310, 600: 72, 601: 268, 602: 30, 603: 268, 604: 30, 605: 142, 606: 380, 607: 44, 608: 282, 613: 352, 614: 114, 615: 268, 616: 30, 617: 142, 618: 380, 621: 268, 622: 30, 625: 380, 626: 142, 629: 282, 630: 44, 631: 268, 632: 30, 633: 268, 634: 30, 635: 142, 636: 380, 645: 254, 646: 16, 651: 142, 652: 380, 661: 394, 662: 156, 663: 352, 664: 114, 665: 100, 666: 338, 667: 142, 668: 380, 713: 16, 714: 254, 717: 324, 718: 86, 719: 394, 720: 156, 721: 44, 722: 282, 723: 114, 724: 352, 743: 338, 744: 100, 745: 380, 746: 142, 747: 268, 748: 30, 763: 268, 764: 30, 765: 394, 766: 156, 767: 254, 768: 16, 785: 394, 786: 156, 787: 268, 788: 30, 789: 338, 790: 100, 791: 268, 792: 30, 793: 338, 794: 100, 795: 268, 796: 30, 797: 338, 798: 100, 799: 268, 800: 30, 801: 142, 802: 380, 879: 128, 880: 366}
Number of lables used:  22
Total time: 1.31 seconds
Memory used: 315.22 MB
--------------------------------------------------

Trying with at most 21 labels...
Solution:
{13: 296, 14: 58, 15: 324, 16: 86, 53: 142, 54: 380, 79: 254, 80: 16, 81: 156, 82: 394, 83: 142, 84: 380, 85: 254, 86: 16, 127: 254, 128: 16, 129: 394, 130: 156, 143: 394, 144: 156, 145: 394, 146: 156, 205: 394, 206: 156, 233: 100, 234: 338, 235: 268, 236: 30, 237: 282, 238: 44, 261: 142, 262: 380, 263: 380, 264: 142, 265: 142, 266: 380, 267: 282, 268: 44, 269: 310, 270: 72, 271: 310, 272: 72, 273: 324, 274: 86, 275: 324, 276: 86, 277: 380, 278: 142, 281: 366, 282: 128, 283: 16, 284: 254, 289: 268, 290: 30, 291: 324, 292: 86, 303: 128, 304: 366, 305: 254, 306: 16, 321: 296, 322: 58, 323: 366, 324: 128, 325: 16, 326: 254, 327: 366, 328: 128, 329: 254, 330: 16, 341: 268, 342: 30, 343: 128, 344: 366, 349: 268, 350: 30, 351: 366, 352: 128, 435: 282, 436: 44, 475: 268, 476: 30, 481: 142, 482: 380, 517: 380, 518: 142, 519: 44, 520: 282, 555: 128, 556: 366, 557: 282, 558: 44, 559: 366, 560: 128, 561: 296, 562: 58, 565: 338, 566: 100, 577: 254, 578: 16, 579: 254, 580: 16, 583: 44, 584: 282, 585: 44, 586: 282, 587: 268, 588: 30, 589: 366, 590: 128, 591: 282, 592: 44, 593: 380, 594: 142, 595: 282, 596: 44, 597: 268, 598: 30, 599: 310, 600: 72, 601: 268, 602: 30, 603: 268, 604: 30, 605: 142, 606: 380, 607: 380, 608: 142, 613: 366, 614: 128, 615: 268, 616: 30, 617: 142, 618: 380, 621: 268, 622: 30, 625: 380, 626: 142, 629: 282, 630: 44, 631: 268, 632: 30, 633: 268, 634: 30, 635: 142, 636: 380, 645: 254, 646: 16, 651: 142, 652: 380, 661: 394, 662: 156, 663: 366, 664: 128, 665: 100, 666: 338, 667: 142, 668: 380, 713: 380, 714: 142, 717: 324, 718: 86, 719: 254, 720: 16, 721: 44, 722: 282, 723: 394, 724: 156, 743: 338, 744: 100, 745: 380, 746: 142, 747: 268, 748: 30, 763: 268, 764: 30, 765: 394, 766: 156, 767: 254, 768: 16, 785: 296, 786: 58, 787: 268, 788: 30, 789: 338, 790: 100, 791: 268, 792: 30, 793: 338, 794: 100, 795: 268, 796: 30, 797: 338, 798: 100, 799: 268, 800: 30, 801: 142, 802: 380, 879: 128, 880: 366}
Number of lables used:  20
Total time: 1.37 seconds
Memory used: 315.23 MB
--------------------------------------------------

Trying with at most 19 labels...
Solution:
{13: 296, 14: 58, 15: 324, 16: 86, 53: 142, 54: 380, 79: 254, 80: 16, 81: 156, 82: 394, 83: 16, 84: 254, 85: 394, 86: 156, 127: 254, 128: 16, 129: 394, 130: 156, 143: 44, 144: 282, 145: 44, 146: 282, 205: 394, 206: 156, 233: 86, 234: 324, 235: 44, 236: 282, 237: 296, 238: 58, 261: 142, 262: 380, 263: 296, 264: 58, 265: 156, 266: 394, 267: 86, 268: 324, 269: 310, 270: 72, 271: 310, 272: 72, 273: 324, 274: 86, 275: 324, 276: 86, 277: 380, 278: 142, 281: 366, 282: 128, 283: 16, 284: 254, 289: 282, 290: 44, 291: 324, 292: 86, 303: 128, 304: 366, 305: 254, 306: 16, 321: 296, 322: 58, 323: 380, 324: 142, 325: 128, 326: 366, 327: 254, 328: 16, 329: 254, 330: 16, 341: 128, 342: 366, 343: 128, 344: 366, 349: 282, 350: 44, 351: 366, 352: 128, 435: 282, 436: 44, 475: 296, 476: 58, 481: 142, 482: 380, 517: 380, 518: 142, 519: 44, 520: 282, 555: 128, 556: 366, 557: 366, 558: 128, 559: 366, 560: 128, 561: 310, 562: 72, 565: 58, 566: 296, 577: 254, 578: 16, 579: 254, 580: 16, 583: 44, 584: 282, 585: 310, 586: 72, 587: 366, 588: 128, 589: 366, 590: 128, 591: 296, 592: 58, 593: 296, 594: 58, 595: 296, 596: 58, 597: 380, 598: 142, 599: 310, 600: 72, 601: 282, 602: 44, 603: 44, 604: 282, 605: 142, 606: 380, 607: 380, 608: 142, 613: 310, 614: 72, 615: 282, 616: 44, 617: 142, 618: 380, 621: 282, 622: 44, 625: 380, 626: 142, 629: 282, 630: 44, 631: 366, 632: 128, 633: 282, 634: 44, 635: 142, 636: 380, 645: 254, 646: 16, 651: 142, 652: 380, 661: 394, 662: 156, 663: 254, 664: 16, 665: 44, 666: 282, 667: 142, 668: 380, 713: 380, 714: 142, 717: 324, 718: 86, 719: 254, 720: 16, 721: 394, 722: 156, 723: 44, 724: 282, 743: 282, 744: 44, 745: 380, 746: 142, 747: 380, 748: 142, 763: 380, 764: 142, 765: 282, 766: 44, 767: 254, 768: 16, 785: 394, 786: 156, 787: 44, 788: 282, 789: 366, 790: 128, 791: 296, 792: 58, 793: 44, 794: 282, 795: 296, 796: 58, 797: 366, 798: 128, 799: 282, 800: 44, 801: 142, 802: 380, 879: 128, 880: 366}
Number of lables used:  16
Total time: 1.42 seconds
Memory used: 315.23 MB
--------------------------------------------------

Trying with at most 15 labels...
Solution:
{13: 282, 14: 44, 15: 282, 16: 44, 53: 142, 54: 380, 79: 254, 80: 16, 81: 156, 82: 394, 83: 16, 84: 254, 85: 394, 86: 156, 127: 254, 128: 16, 129: 394, 130: 156, 143: 394, 144: 156, 145: 394, 146: 156, 205: 394, 206: 156, 233: 86, 234: 324, 235: 44, 236: 282, 237: 296, 238: 58, 261: 142, 262: 380, 263: 296, 264: 58, 265: 156, 266: 394, 267: 86, 268: 324, 269: 394, 270: 156, 271: 394, 272: 156, 273: 324, 274: 86, 275: 324, 276: 86, 277: 380, 278: 142, 281: 366, 282: 128, 283: 16, 284: 254, 289: 282, 290: 44, 291: 254, 292: 16, 303: 128, 304: 366, 305: 254, 306: 16, 321: 394, 322: 156, 323: 324, 324: 86, 325: 156, 326: 394, 327: 254, 328: 16, 329: 254, 330: 16, 341: 128, 342: 366, 343: 128, 344: 366, 349: 282, 350: 44, 351: 366, 352: 128, 435: 282, 436: 44, 475: 296, 476: 58, 481: 142, 482: 380, 517: 380, 518: 142, 519: 44, 520: 282, 555: 128, 556: 366, 557: 380, 558: 142, 559: 366, 560: 128, 561: 366, 562: 128, 565: 58, 566: 296, 577: 254, 578: 16, 579: 254, 580: 16, 583: 44, 584: 282, 585: 142, 586: 380, 587: 366, 588: 128, 589: 366, 590: 128, 591: 296, 592: 58, 593: 366, 594: 128, 595: 296, 596: 58, 597: 324, 598: 86, 599: 366, 600: 128, 601: 282, 602: 44, 603: 44, 604: 282, 605: 44, 606: 282, 607: 380, 608: 142, 613: 282, 614: 44, 615: 282, 616: 44, 617: 142, 618: 380, 621: 282, 622: 44, 625: 380, 626: 142, 629: 296, 630: 58, 631: 282, 632: 44, 633: 282, 634: 44, 635: 142, 636: 380, 645: 254, 646: 16, 651: 142, 652: 380, 661: 394, 662: 156, 663: 254, 664: 16, 665: 58, 666: 296, 667: 142, 668: 380, 713: 380, 714: 142, 717: 324, 718: 86, 719: 254, 720: 16, 721: 44, 722: 282, 723: 394, 724: 156, 743: 282, 744: 44, 745: 44, 746: 282, 747: 380, 748: 142, 763: 380, 764: 142, 765: 296, 766: 58, 767: 254, 768: 16, 785: 394, 786: 156, 787: 44, 788: 282, 789: 366, 790: 128, 791: 296, 792: 58, 793: 44, 794: 282, 795: 296, 796: 58, 797: 366, 798: 128, 799: 282, 800: 44, 801: 142, 802: 380, 879: 142, 880: 380}
Number of lables used:  14
Total time: 1.59 seconds
Memory used: 323.93 MB
--------------------------------------------------

Trying with at most 13 labels...
[runlim] sample:		9.99 time, 10.01 real, 315 MB, 1.16 load
[runlim] sample:		19.99 time, 20.01 real, 315 MB, 1.21 load
[runlim] sample:		29.98 time, 30.01 real, 315 MB, 1.18 load
[runlim] sample:		39.98 time, 40.01 real, 315 MB, 1.15 load
[runlim] sample:		49.98 time, 50.01 real, 315 MB, 1.13 load
[runlim] sample:		59.97 time, 60.01 real, 315 MB, 1.11 load
[runlim] sample:		69.97 time, 70.01 real, 315 MB, 1.09 load
[runlim] sample:		79.96 time, 80.01 real, 315 MB, 1.08 load
[runlim] sample:		89.96 time, 90.01 real, 315 MB, 1.06 load
[runlim] sample:		99.95 time, 100.01 real, 315 MB, 1.05 load
[runlim] sample:		109.95 time, 110.01 real, 315 MB, 1.05 load
[runlim] sample:		119.95 time, 120.01 real, 315 MB, 1.04 load
[runlim] sample:		129.94 time, 130.01 real, 315 MB, 1.03 load
[runlim] sample:		139.94 time, 140.01 real, 315 MB, 1.03 load
[runlim] sample:		149.93 time, 150.01 real, 315 MB, 1.02 load
[runlim] sample:		159.93 time, 160.01 real, 315 MB, 1.02 load
[runlim] sample:		169.92 time, 170.01 real, 315 MB, 1.02 load
[runlim] sample:		179.92 time, 180.01 real, 315 MB, 1.01 load
[runlim] sample:		189.92 time, 190.01 real, 315 MB, 1.01 load
[runlim] sample:		199.91 time, 200.01 real, 315 MB, 1.01 load
[runlim] sample:		209.91 time, 210.01 real, 315 MB, 1.01 load
[runlim] sample:		219.90 time, 220.01 real, 315 MB, 1.15 load
[runlim] sample:		229.90 time, 230.01 real, 315 MB, 1.21 load
[runlim] sample:		239.89 time, 240.01 real, 315 MB, 1.18 load
[runlim] sample:		249.89 time, 250.01 real, 315 MB, 1.15 load
[runlim] sample:		259.89 time, 260.01 real, 315 MB, 1.20 load
[runlim] sample:		269.88 time, 270.01 real, 315 MB, 1.17 load
[runlim] sample:		279.88 time, 280.01 real, 315 MB, 1.14 load
[runlim] sample:		289.87 time, 290.01 real, 315 MB, 1.12 load
[runlim] sample:		299.87 time, 300.01 real, 315 MB, 1.10 load
[runlim] sample:		309.86 time, 310.01 real, 315 MB, 1.08 load
[runlim] sample:		319.86 time, 320.01 real, 315 MB, 1.07 load
[runlim] sample:		329.86 time, 330.01 real, 315 MB, 1.06 load
[runlim] sample:		339.85 time, 340.01 real, 315 MB, 1.12 load
[runlim] sample:		349.85 time, 350.01 real, 315 MB, 1.11 load
[runlim] sample:		359.84 time, 360.01 real, 315 MB, 1.09 load
[runlim] sample:		369.84 time, 370.01 real, 315 MB, 1.07 load
[runlim] sample:		379.83 time, 380.01 real, 315 MB, 1.06 load
[runlim] sample:		389.83 time, 390.01 real, 315 MB, 1.05 load
[runlim] sample:		399.83 time, 400.01 real, 315 MB, 1.04 load
[runlim] sample:		409.82 time, 410.01 real, 315 MB, 1.04 load
[runlim] sample:		419.82 time, 420.01 real, 315 MB, 1.03 load
[runlim] sample:		429.81 time, 430.01 real, 315 MB, 1.03 load
[runlim] sample:		439.81 time, 440.01 real, 315 MB, 1.02 load
[runlim] sample:		449.80 time, 450.01 real, 315 MB, 1.02 load
[runlim] sample:		459.80 time, 460.01 real, 315 MB, 1.01 load
[runlim] sample:		469.80 time, 470.01 real, 315 MB, 1.01 load
[runlim] sample:		479.79 time, 480.01 real, 315 MB, 1.01 load
[runlim] sample:		489.79 time, 490.01 real, 315 MB, 1.01 load
[runlim] sample:		499.78 time, 500.01 real, 315 MB, 1.01 load
[runlim] sample:		509.78 time, 510.01 real, 315 MB, 1.00 load
[runlim] sample:		519.77 time, 520.01 real, 315 MB, 1.00 load
[runlim] sample:		529.77 time, 530.01 real, 315 MB, 1.00 load
[runlim] sample:		539.77 time, 540.01 real, 315 MB, 1.08 load
[runlim] sample:		549.76 time, 550.01 real, 315 MB, 1.06 load
[runlim] sample:		559.76 time, 560.01 real, 315 MB, 1.05 load
[runlim] sample:		569.75 time, 570.01 real, 315 MB, 1.04 load
[runlim] sample:		579.75 time, 580.01 real, 315 MB, 1.04 load
[runlim] sample:		589.74 time, 590.01 real, 316 MB, 1.03 load
[runlim] sample:		599.74 time, 600.01 real, 316 MB, 1.03 load
[runlim] end:			Sun Jun 14 03:08:35 2026
[runlim] status:		out of time
[runlim] result:		2
[runlim] children:		1
[runlim] processes:		2
[runlim] real:			601.06 seconds
[runlim] time:			599.74 seconds
[runlim] space:			421 MB
[runlim] load:			1.23 maximum
[runlim] samples:		6000
