[runlim] version:		2.0.0rc12
[runlim] host:			ap-Precision-7550
[runlim] time limit:		311040000 seconds
[runlim] real time limit:	600 seconds
[runlim] space limit:		14000 MB
[runlim] argv[0]:		python3
[runlim] argv[1]:		-u
[runlim] argv[2]:		pairwise_no_preprocessing.py
[runlim] argv[3]:		TUD200.1
[runlim] argv[4]:		assumptions
[runlim] argv[5]:		3
[runlim] argv[6]:		card
[runlim] argv[7]:		3
[runlim] start:			Sun Jun 14 03:44:28 2026
[runlim] child:			18892
Exactly-one cardinality encoding:  3
Distance constraint mode:  card
Distance cardinality encoding:  3
Number of assignment variables:  8128
Number of clauses for exactly one constraints:  47168
Number of clauses for distance constraints:  964166
---------------------------------------------------
Solve first problem:
Solution:
{1: 442, 2: 680, 3: 414, 4: 652, 5: 540, 6: 778, 7: 722, 8: 484, 9: 142, 10: 380, 11: 736, 12: 498, 13: 16, 14: 254, 15: 366, 16: 128, 17: 652, 18: 414, 19: 254, 20: 16, 21: 268, 22: 30, 23: 100, 24: 338, 25: 338, 26: 100, 27: 282, 28: 44, 29: 666, 30: 428, 31: 708, 32: 470, 33: 554, 34: 792, 35: 764, 36: 526, 37: 666, 38: 428, 39: 540, 40: 778, 41: 750, 42: 512, 43: 652, 44: 414, 45: 792, 46: 554, 47: 44, 48: 282, 49: 652, 50: 414, 51: 778, 52: 540, 53: 652, 54: 414, 55: 694, 56: 456, 57: 736, 58: 498, 59: 254, 60: 16, 61: 114, 62: 352, 63: 414, 64: 652, 65: 778, 66: 540, 67: 366, 68: 128, 69: 652, 70: 414, 71: 526, 72: 764, 73: 324, 74: 86, 75: 456, 76: 694, 77: 652, 78: 414, 79: 156, 80: 394, 81: 72, 82: 310, 83: 310, 84: 72, 85: 86, 86: 324, 87: 338, 88: 100, 89: 778, 90: 540, 91: 324, 92: 86, 93: 652, 94: 414, 95: 652, 96: 414, 97: 268, 98: 30, 99: 750, 100: 512, 101: 352, 102: 114, 103: 268, 104: 30, 105: 128, 106: 366, 107: 442, 108: 680, 109: 114, 110: 352, 111: 30, 112: 268, 113: 366, 114: 128, 115: 310, 116: 72, 117: 268, 118: 30, 119: 694, 120: 456, 121: 324, 122: 86, 123: 72, 124: 310, 125: 722, 126: 484, 127: 414, 128: 652, 129: 380, 130: 142, 131: 428, 132: 666, 133: 554, 134: 792, 135: 58, 136: 296, 137: 338, 138: 100, 139: 380, 140: 142, 141: 428, 142: 666, 143: 268, 144: 30, 145: 282, 146: 44, 147: 254, 148: 16, 149: 282, 150: 44, 151: 296, 152: 58, 153: 282, 154: 44, 155: 282, 156: 44, 157: 254, 158: 16, 159: 254, 160: 16, 161: 470, 162: 708, 163: 254, 164: 16, 165: 72, 166: 310, 167: 282, 168: 44, 169: 254, 170: 16, 171: 254, 172: 16, 173: 268, 174: 30, 175: 366, 176: 128, 177: 366, 178: 128, 179: 254, 180: 16, 181: 792, 182: 554, 183: 58, 184: 296, 185: 254, 186: 16, 187: 156, 188: 394, 189: 254, 190: 16, 191: 254, 192: 16, 193: 254, 194: 16, 195: 254, 196: 16, 197: 254, 198: 16, 199: 540, 200: 778}
Number of lables used:  44
Total time: 1.14 seconds
Memory used: 309.23 MB
--------------------------------------------------
Number of label variables:  48
Number of clauses for label constraints:  8128
Number of new variables for cardinality constraints:  1161
Number of clauses for cardinality constraints:  4558
Initial variable count:  687535
Initial clause count:  1024066
--------------------------------------------------

Trying with at most 43 labels...
Solution:
{1: 442, 2: 680, 3: 156, 4: 394, 5: 414, 6: 652, 7: 722, 8: 484, 9: 310, 10: 72, 11: 456, 12: 694, 13: 16, 14: 254, 15: 366, 16: 128, 17: 652, 18: 414, 19: 254, 20: 16, 21: 268, 22: 30, 23: 100, 24: 338, 25: 338, 26: 100, 27: 282, 28: 44, 29: 666, 30: 428, 31: 380, 32: 142, 33: 282, 34: 44, 35: 414, 36: 652, 37: 666, 38: 428, 39: 142, 40: 380, 41: 282, 42: 44, 43: 324, 44: 86, 45: 428, 46: 666, 47: 44, 48: 282, 49: 428, 50: 666, 51: 414, 52: 652, 53: 680, 54: 442, 55: 380, 56: 142, 57: 414, 58: 652, 59: 708, 60: 470, 61: 114, 62: 352, 63: 44, 64: 282, 65: 114, 66: 352, 67: 394, 68: 156, 69: 680, 70: 442, 71: 414, 72: 652, 73: 352, 74: 114, 75: 456, 76: 694, 77: 380, 78: 142, 79: 156, 80: 394, 81: 72, 82: 310, 83: 338, 84: 100, 85: 86, 86: 324, 87: 338, 88: 100, 89: 428, 90: 666, 91: 268, 92: 30, 93: 652, 94: 414, 95: 414, 96: 652, 97: 268, 98: 30, 99: 324, 100: 86, 101: 352, 102: 114, 103: 268, 104: 30, 105: 128, 106: 366, 107: 456, 108: 694, 109: 114, 110: 352, 111: 30, 112: 268, 113: 366, 114: 128, 115: 310, 116: 72, 117: 268, 118: 30, 119: 722, 120: 484, 121: 324, 122: 86, 123: 72, 124: 310, 125: 722, 126: 484, 127: 128, 128: 366, 129: 478, 130: 240, 131: 428, 132: 666, 133: 254, 134: 16, 135: 58, 136: 296, 137: 338, 138: 100, 139: 338, 140: 100, 141: 428, 142: 666, 143: 268, 144: 30, 145: 44, 146: 282, 147: 470, 148: 708, 149: 282, 150: 44, 151: 652, 152: 414, 153: 282, 154: 44, 155: 282, 156: 44, 157: 254, 158: 16, 159: 16, 160: 254, 161: 470, 162: 708, 163: 254, 164: 16, 165: 72, 166: 310, 167: 142, 168: 380, 169: 254, 170: 16, 171: 254, 172: 16, 173: 268, 174: 30, 175: 366, 176: 128, 177: 484, 178: 722, 179: 254, 180: 16, 181: 652, 182: 414, 183: 58, 184: 296, 185: 254, 186: 16, 187: 156, 188: 394, 189: 254, 190: 16, 191: 254, 192: 16, 193: 254, 194: 16, 195: 254, 196: 16, 197: 254, 198: 16, 199: 380, 200: 142}
Number of lables used:  36
Total time: 1.23 seconds
Memory used: 309.42 MB
--------------------------------------------------

Trying with at most 35 labels...
Solution:
{1: 442, 2: 680, 3: 156, 4: 394, 5: 414, 6: 652, 7: 722, 8: 484, 9: 310, 10: 72, 11: 456, 12: 694, 13: 16, 14: 254, 15: 366, 16: 128, 17: 652, 18: 414, 19: 254, 20: 16, 21: 268, 22: 30, 23: 100, 24: 338, 25: 338, 26: 100, 27: 282, 28: 44, 29: 666, 30: 428, 31: 380, 32: 142, 33: 282, 34: 44, 35: 414, 36: 652, 37: 666, 38: 428, 39: 142, 40: 380, 41: 282, 42: 44, 43: 380, 44: 142, 45: 428, 46: 666, 47: 44, 48: 282, 49: 428, 50: 666, 51: 414, 52: 652, 53: 680, 54: 442, 55: 380, 56: 142, 57: 414, 58: 652, 59: 708, 60: 470, 61: 114, 62: 352, 63: 44, 64: 282, 65: 100, 66: 338, 67: 394, 68: 156, 69: 680, 70: 442, 71: 414, 72: 652, 73: 352, 74: 114, 75: 456, 76: 694, 77: 380, 78: 142, 79: 156, 80: 394, 81: 72, 82: 310, 83: 338, 84: 100, 85: 100, 86: 338, 87: 338, 88: 100, 89: 428, 90: 666, 91: 268, 92: 30, 93: 652, 94: 414, 95: 414, 96: 652, 97: 268, 98: 30, 99: 366, 100: 128, 101: 352, 102: 114, 103: 268, 104: 30, 105: 128, 106: 366, 107: 456, 108: 694, 109: 114, 110: 352, 111: 30, 112: 268, 113: 366, 114: 128, 115: 310, 116: 72, 117: 268, 118: 30, 119: 722, 120: 484, 121: 722, 122: 484, 123: 72, 124: 310, 125: 722, 126: 484, 127: 128, 128: 366, 129: 478, 130: 240, 131: 428, 132: 666, 133: 254, 134: 16, 135: 58, 136: 296, 137: 338, 138: 100, 139: 338, 140: 100, 141: 428, 142: 666, 143: 268, 144: 30, 145: 44, 146: 282, 147: 470, 148: 708, 149: 282, 150: 44, 151: 652, 152: 414, 153: 282, 154: 44, 155: 282, 156: 44, 157: 254, 158: 16, 159: 16, 160: 254, 161: 470, 162: 708, 163: 254, 164: 16, 165: 72, 166: 310, 167: 142, 168: 380, 169: 254, 170: 16, 171: 254, 172: 16, 173: 268, 174: 30, 175: 366, 176: 128, 177: 484, 178: 722, 179: 254, 180: 16, 181: 652, 182: 414, 183: 58, 184: 296, 185: 254, 186: 16, 187: 156, 188: 394, 189: 254, 190: 16, 191: 254, 192: 16, 193: 254, 194: 16, 195: 254, 196: 16, 197: 254, 198: 16, 199: 380, 200: 142}
Number of lables used:  34
Total time: 1.28 seconds
Memory used: 309.42 MB
--------------------------------------------------

Trying with at most 33 labels...
Solution:
{1: 16, 2: 254, 3: 156, 4: 394, 5: 428, 6: 666, 7: 722, 8: 484, 9: 72, 10: 310, 11: 456, 12: 694, 13: 680, 14: 442, 15: 470, 16: 708, 17: 666, 18: 428, 19: 254, 20: 16, 21: 268, 22: 30, 23: 100, 24: 338, 25: 338, 26: 100, 27: 282, 28: 44, 29: 666, 30: 428, 31: 380, 32: 142, 33: 282, 34: 44, 35: 428, 36: 666, 37: 666, 38: 428, 39: 142, 40: 380, 41: 282, 42: 44, 43: 114, 44: 352, 45: 72, 46: 310, 47: 44, 48: 282, 49: 442, 50: 680, 51: 428, 52: 666, 53: 708, 54: 470, 55: 380, 56: 142, 57: 442, 58: 680, 59: 708, 60: 470, 61: 114, 62: 352, 63: 254, 64: 16, 65: 100, 66: 338, 67: 100, 68: 338, 69: 680, 70: 442, 71: 666, 72: 428, 73: 58, 74: 296, 75: 456, 76: 694, 77: 380, 78: 142, 79: 156, 80: 394, 81: 72, 82: 310, 83: 128, 84: 366, 85: 100, 86: 338, 87: 338, 88: 100, 89: 484, 90: 722, 91: 268, 92: 30, 93: 666, 94: 428, 95: 428, 96: 666, 97: 366, 98: 128, 99: 366, 100: 128, 101: 352, 102: 114, 103: 680, 104: 442, 105: 128, 106: 366, 107: 456, 108: 694, 109: 114, 110: 352, 111: 30, 112: 268, 113: 366, 114: 128, 115: 310, 116: 72, 117: 268, 118: 30, 119: 722, 120: 484, 121: 722, 122: 484, 123: 72, 124: 310, 125: 722, 126: 484, 127: 128, 128: 366, 129: 478, 130: 240, 131: 428, 132: 666, 133: 254, 134: 16, 135: 58, 136: 296, 137: 338, 138: 100, 139: 338, 140: 100, 141: 428, 142: 666, 143: 268, 144: 30, 145: 44, 146: 282, 147: 470, 148: 708, 149: 282, 150: 44, 151: 442, 152: 680, 153: 282, 154: 44, 155: 282, 156: 44, 157: 282, 158: 44, 159: 16, 160: 254, 161: 470, 162: 708, 163: 254, 164: 16, 165: 72, 166: 310, 167: 428, 168: 666, 169: 254, 170: 16, 171: 254, 172: 16, 173: 268, 174: 30, 175: 366, 176: 128, 177: 142, 178: 380, 179: 254, 180: 16, 181: 470, 182: 708, 183: 58, 184: 296, 185: 254, 186: 16, 187: 156, 188: 394, 189: 254, 190: 16, 191: 254, 192: 16, 193: 254, 194: 16, 195: 254, 196: 16, 197: 254, 198: 16, 199: 380, 200: 142}
Number of lables used:  32
Total time: 1.33 seconds
Memory used: 309.42 MB
--------------------------------------------------

Trying with at most 31 labels...
Solution:
{1: 16, 2: 254, 3: 156, 4: 394, 5: 428, 6: 666, 7: 722, 8: 484, 9: 72, 10: 310, 11: 456, 12: 694, 13: 680, 14: 442, 15: 470, 16: 708, 17: 666, 18: 428, 19: 254, 20: 16, 21: 268, 22: 30, 23: 100, 24: 338, 25: 338, 26: 100, 27: 282, 28: 44, 29: 666, 30: 428, 31: 100, 32: 338, 33: 282, 34: 44, 35: 428, 36: 666, 37: 442, 38: 680, 39: 156, 40: 394, 41: 282, 42: 44, 43: 114, 44: 352, 45: 72, 46: 310, 47: 44, 48: 282, 49: 442, 50: 680, 51: 484, 52: 722, 53: 708, 54: 470, 55: 44, 56: 282, 57: 428, 58: 666, 59: 708, 60: 470, 61: 114, 62: 352, 63: 254, 64: 16, 65: 100, 66: 338, 67: 100, 68: 338, 69: 680, 70: 442, 71: 666, 72: 428, 73: 58, 74: 296, 75: 456, 76: 694, 77: 394, 78: 156, 79: 156, 80: 394, 81: 72, 82: 310, 83: 128, 84: 366, 85: 100, 86: 338, 87: 156, 88: 394, 89: 484, 90: 722, 91: 268, 92: 30, 93: 666, 94: 428, 95: 428, 96: 666, 97: 394, 98: 156, 99: 366, 100: 128, 101: 352, 102: 114, 103: 428, 104: 666, 105: 128, 106: 366, 107: 456, 108: 694, 109: 114, 110: 352, 111: 30, 112: 268, 113: 484, 114: 722, 115: 310, 116: 72, 117: 268, 118: 30, 119: 722, 120: 484, 121: 666, 122: 428, 123: 72, 124: 310, 125: 722, 126: 484, 127: 128, 128: 366, 129: 478, 130: 240, 131: 484, 132: 722, 133: 254, 134: 16, 135: 58, 136: 296, 137: 338, 138: 100, 139: 338, 140: 100, 141: 442, 142: 680, 143: 268, 144: 30, 145: 44, 146: 282, 147: 470, 148: 708, 149: 282, 150: 44, 151: 442, 152: 680, 153: 282, 154: 44, 155: 128, 156: 366, 157: 366, 158: 128, 159: 16, 160: 254, 161: 470, 162: 708, 163: 254, 164: 16, 165: 72, 166: 310, 167: 428, 168: 666, 169: 254, 170: 16, 171: 254, 172: 16, 173: 268, 174: 30, 175: 366, 176: 128, 177: 428, 178: 666, 179: 254, 180: 16, 181: 484, 182: 722, 183: 58, 184: 296, 185: 254, 186: 16, 187: 156, 188: 394, 189: 254, 190: 16, 191: 254, 192: 16, 193: 254, 194: 16, 195: 254, 196: 16, 197: 254, 198: 16, 199: 128, 200: 366}
Number of lables used:  30
Total time: 1.39 seconds
Memory used: 309.42 MB
--------------------------------------------------

Trying with at most 29 labels...
Solution:
{1: 16, 2: 254, 3: 156, 4: 394, 5: 428, 6: 666, 7: 722, 8: 484, 9: 72, 10: 310, 11: 456, 12: 694, 13: 680, 14: 442, 15: 470, 16: 708, 17: 666, 18: 428, 19: 254, 20: 16, 21: 268, 22: 30, 23: 100, 24: 338, 25: 338, 26: 100, 27: 254, 28: 16, 29: 666, 30: 428, 31: 100, 32: 338, 33: 296, 34: 58, 35: 428, 36: 666, 37: 442, 38: 680, 39: 156, 40: 394, 41: 254, 42: 16, 43: 114, 44: 352, 45: 72, 46: 310, 47: 16, 48: 254, 49: 442, 50: 680, 51: 484, 52: 722, 53: 708, 54: 470, 55: 58, 56: 296, 57: 428, 58: 666, 59: 708, 60: 470, 61: 114, 62: 352, 63: 254, 64: 16, 65: 100, 66: 338, 67: 100, 68: 338, 69: 680, 70: 442, 71: 666, 72: 428, 73: 58, 74: 296, 75: 456, 76: 694, 77: 394, 78: 156, 79: 156, 80: 394, 81: 72, 82: 310, 83: 128, 84: 366, 85: 100, 86: 338, 87: 156, 88: 394, 89: 484, 90: 722, 91: 268, 92: 30, 93: 666, 94: 428, 95: 428, 96: 666, 97: 394, 98: 156, 99: 366, 100: 128, 101: 352, 102: 114, 103: 428, 104: 666, 105: 128, 106: 366, 107: 456, 108: 694, 109: 114, 110: 352, 111: 30, 112: 268, 113: 484, 114: 722, 115: 310, 116: 72, 117: 268, 118: 30, 119: 722, 120: 484, 121: 666, 122: 428, 123: 72, 124: 310, 125: 722, 126: 484, 127: 128, 128: 366, 129: 478, 130: 240, 131: 484, 132: 722, 133: 254, 134: 16, 135: 58, 136: 296, 137: 338, 138: 100, 139: 338, 140: 100, 141: 442, 142: 680, 143: 268, 144: 30, 145: 58, 146: 296, 147: 470, 148: 708, 149: 484, 150: 722, 151: 442, 152: 680, 153: 428, 154: 666, 155: 128, 156: 366, 157: 366, 158: 128, 159: 16, 160: 254, 161: 470, 162: 708, 163: 254, 164: 16, 165: 72, 166: 310, 167: 428, 168: 666, 169: 254, 170: 16, 171: 254, 172: 16, 173: 268, 174: 30, 175: 366, 176: 128, 177: 428, 178: 666, 179: 254, 180: 16, 181: 484, 182: 722, 183: 58, 184: 296, 185: 254, 186: 16, 187: 156, 188: 394, 189: 254, 190: 16, 191: 254, 192: 16, 193: 72, 194: 310, 195: 254, 196: 16, 197: 254, 198: 16, 199: 128, 200: 366}
Number of lables used:  28
Total time: 1.44 seconds
Memory used: 309.42 MB
--------------------------------------------------

Trying with at most 27 labels...
Solution:
{1: 16, 2: 254, 3: 156, 4: 394, 5: 428, 6: 666, 7: 722, 8: 484, 9: 72, 10: 310, 11: 16, 12: 254, 13: 680, 14: 442, 15: 470, 16: 708, 17: 666, 18: 428, 19: 254, 20: 16, 21: 352, 22: 114, 23: 254, 24: 16, 25: 338, 26: 100, 27: 268, 28: 30, 29: 666, 30: 428, 31: 100, 32: 338, 33: 296, 34: 58, 35: 254, 36: 16, 37: 442, 38: 680, 39: 100, 40: 338, 41: 254, 42: 16, 43: 442, 44: 680, 45: 72, 46: 310, 47: 16, 48: 254, 49: 442, 50: 680, 51: 708, 52: 470, 53: 708, 54: 470, 55: 58, 56: 296, 57: 428, 58: 666, 59: 708, 60: 470, 61: 114, 62: 352, 63: 254, 64: 16, 65: 100, 66: 338, 67: 394, 68: 156, 69: 680, 70: 442, 71: 16, 72: 254, 73: 114, 74: 352, 75: 442, 76: 680, 77: 156, 78: 394, 79: 666, 80: 428, 81: 72, 82: 310, 83: 100, 84: 338, 85: 100, 86: 338, 87: 156, 88: 394, 89: 484, 90: 722, 91: 268, 92: 30, 93: 722, 94: 484, 95: 428, 96: 666, 97: 58, 98: 296, 99: 254, 100: 16, 101: 352, 102: 114, 103: 428, 104: 666, 105: 394, 106: 156, 107: 58, 108: 296, 109: 114, 110: 352, 111: 30, 112: 268, 113: 484, 114: 722, 115: 310, 116: 72, 117: 394, 118: 156, 119: 722, 120: 484, 121: 722, 122: 484, 123: 72, 124: 310, 125: 722, 126: 484, 127: 16, 128: 254, 129: 478, 130: 240, 131: 484, 132: 722, 133: 254, 134: 16, 135: 58, 136: 296, 137: 338, 138: 100, 139: 114, 140: 352, 141: 442, 142: 680, 143: 268, 144: 30, 145: 680, 146: 442, 147: 470, 148: 708, 149: 484, 150: 722, 151: 428, 152: 666, 153: 484, 154: 722, 155: 156, 156: 394, 157: 394, 158: 156, 159: 666, 160: 428, 161: 470, 162: 708, 163: 254, 164: 16, 165: 58, 166: 296, 167: 428, 168: 666, 169: 254, 170: 16, 171: 666, 172: 428, 173: 72, 174: 310, 175: 352, 176: 114, 177: 428, 178: 666, 179: 254, 180: 16, 181: 484, 182: 722, 183: 296, 184: 58, 185: 352, 186: 114, 187: 156, 188: 394, 189: 254, 190: 16, 191: 254, 192: 16, 193: 156, 194: 394, 195: 16, 196: 254, 197: 254, 198: 16, 199: 72, 200: 310}
Number of lables used:  24
Total time: 1.51 seconds
Memory used: 309.42 MB
--------------------------------------------------

Trying with at most 23 labels...
Solution:
{1: 16, 2: 254, 3: 156, 4: 394, 5: 428, 6: 666, 7: 722, 8: 484, 9: 72, 10: 310, 11: 16, 12: 254, 13: 708, 14: 470, 15: 470, 16: 708, 17: 666, 18: 428, 19: 254, 20: 16, 21: 352, 22: 114, 23: 254, 24: 16, 25: 338, 26: 100, 27: 268, 28: 30, 29: 666, 30: 428, 31: 100, 32: 338, 33: 296, 34: 58, 35: 254, 36: 16, 37: 666, 38: 428, 39: 100, 40: 338, 41: 254, 42: 16, 43: 470, 44: 708, 45: 72, 46: 310, 47: 16, 48: 254, 49: 428, 50: 666, 51: 708, 52: 470, 53: 708, 54: 470, 55: 58, 56: 296, 57: 296, 58: 58, 59: 708, 60: 470, 61: 114, 62: 352, 63: 254, 64: 16, 65: 100, 66: 338, 67: 394, 68: 156, 69: 428, 70: 666, 71: 16, 72: 254, 73: 114, 74: 352, 75: 470, 76: 708, 77: 156, 78: 394, 79: 666, 80: 428, 81: 72, 82: 310, 83: 100, 84: 338, 85: 338, 86: 100, 87: 156, 88: 394, 89: 484, 90: 722, 91: 268, 92: 30, 93: 722, 94: 484, 95: 428, 96: 666, 97: 58, 98: 296, 99: 254, 100: 16, 101: 352, 102: 114, 103: 428, 104: 666, 105: 394, 106: 156, 107: 58, 108: 296, 109: 114, 110: 352, 111: 30, 112: 268, 113: 428, 114: 666, 115: 310, 116: 72, 117: 394, 118: 156, 119: 722, 120: 484, 121: 722, 122: 484, 123: 72, 124: 310, 125: 722, 126: 484, 127: 16, 128: 254, 129: 478, 130: 240, 131: 484, 132: 722, 133: 254, 134: 16, 135: 58, 136: 296, 137: 338, 138: 100, 139: 114, 140: 352, 141: 484, 142: 722, 143: 114, 144: 352, 145: 708, 146: 470, 147: 470, 148: 708, 149: 484, 150: 722, 151: 428, 152: 666, 153: 484, 154: 722, 155: 156, 156: 394, 157: 394, 158: 156, 159: 666, 160: 428, 161: 470, 162: 708, 163: 254, 164: 16, 165: 58, 166: 296, 167: 428, 168: 666, 169: 254, 170: 16, 171: 666, 172: 428, 173: 72, 174: 310, 175: 352, 176: 114, 177: 428, 178: 666, 179: 254, 180: 16, 181: 484, 182: 722, 183: 296, 184: 58, 185: 352, 186: 114, 187: 156, 188: 394, 189: 254, 190: 16, 191: 254, 192: 16, 193: 156, 194: 394, 195: 16, 196: 254, 197: 254, 198: 16, 199: 72, 200: 310}
Number of lables used:  22
Total time: 1.56 seconds
Memory used: 309.42 MB
--------------------------------------------------

Trying with at most 21 labels...
Solution:
{1: 722, 2: 484, 3: 156, 4: 394, 5: 428, 6: 666, 7: 296, 8: 58, 9: 114, 10: 352, 11: 16, 12: 254, 13: 296, 14: 58, 15: 16, 16: 254, 17: 666, 18: 428, 19: 254, 20: 16, 21: 394, 22: 156, 23: 16, 24: 254, 25: 268, 26: 30, 27: 268, 28: 30, 29: 114, 30: 352, 31: 100, 32: 338, 33: 296, 34: 58, 35: 254, 36: 16, 37: 722, 38: 484, 39: 394, 40: 156, 41: 666, 42: 428, 43: 666, 44: 428, 45: 428, 46: 666, 47: 16, 48: 254, 49: 428, 50: 666, 51: 722, 52: 484, 53: 722, 54: 484, 55: 58, 56: 296, 57: 296, 58: 58, 59: 394, 60: 156, 61: 310, 62: 72, 63: 666, 64: 428, 65: 16, 66: 254, 67: 394, 68: 156, 69: 428, 70: 666, 71: 16, 72: 254, 73: 114, 74: 352, 75: 484, 76: 722, 77: 100, 78: 338, 79: 296, 80: 58, 81: 30, 82: 268, 83: 72, 84: 310, 85: 338, 86: 100, 87: 156, 88: 394, 89: 100, 90: 338, 91: 72, 92: 310, 93: 666, 94: 428, 95: 352, 96: 114, 97: 58, 98: 296, 99: 722, 100: 484, 101: 352, 102: 114, 103: 352, 104: 114, 105: 30, 106: 268, 107: 58, 108: 296, 109: 484, 110: 722, 111: 156, 112: 394, 113: 428, 114: 666, 115: 310, 116: 72, 117: 394, 118: 156, 119: 666, 120: 428, 121: 114, 122: 352, 123: 72, 124: 310, 125: 722, 126: 484, 127: 254, 128: 16, 129: 408, 130: 170, 131: 484, 132: 722, 133: 254, 134: 16, 135: 58, 136: 296, 137: 30, 138: 268, 139: 428, 140: 666, 141: 484, 142: 722, 143: 114, 144: 352, 145: 722, 146: 484, 147: 254, 148: 16, 149: 428, 150: 666, 151: 72, 152: 310, 153: 484, 154: 722, 155: 156, 156: 394, 157: 394, 158: 156, 159: 30, 160: 268, 161: 666, 162: 428, 163: 254, 164: 16, 165: 58, 166: 296, 167: 30, 168: 268, 169: 254, 170: 16, 171: 666, 172: 428, 173: 58, 174: 296, 175: 352, 176: 114, 177: 268, 178: 30, 179: 156, 180: 394, 181: 666, 182: 428, 183: 100, 184: 338, 185: 394, 186: 156, 187: 156, 188: 394, 189: 352, 190: 114, 191: 254, 192: 16, 193: 156, 194: 394, 195: 156, 196: 394, 197: 254, 198: 16, 199: 72, 200: 310}
Number of lables used:  20
Total time: 1.72 seconds
Memory used: 312.70 MB
--------------------------------------------------

Trying with at most 19 labels...
Solution:
{1: 722, 2: 484, 3: 156, 4: 394, 5: 428, 6: 666, 7: 666, 8: 428, 9: 114, 10: 352, 11: 16, 12: 254, 13: 296, 14: 58, 15: 16, 16: 254, 17: 666, 18: 428, 19: 254, 20: 16, 21: 394, 22: 156, 23: 16, 24: 254, 25: 268, 26: 30, 27: 16, 28: 254, 29: 58, 30: 296, 31: 100, 32: 338, 33: 338, 34: 100, 35: 484, 36: 722, 37: 722, 38: 484, 39: 394, 40: 156, 41: 666, 42: 428, 43: 666, 44: 428, 45: 254, 46: 16, 47: 16, 48: 254, 49: 428, 50: 666, 51: 722, 52: 484, 53: 722, 54: 484, 55: 58, 56: 296, 57: 296, 58: 58, 59: 394, 60: 156, 61: 338, 62: 100, 63: 666, 64: 428, 65: 666, 66: 428, 67: 394, 68: 156, 69: 428, 70: 666, 71: 16, 72: 254, 73: 114, 74: 352, 75: 484, 76: 722, 77: 100, 78: 338, 79: 296, 80: 58, 81: 30, 82: 268, 83: 268, 84: 30, 85: 338, 86: 100, 87: 156, 88: 394, 89: 100, 90: 338, 91: 100, 92: 338, 93: 666, 94: 428, 95: 352, 96: 114, 97: 268, 98: 30, 99: 156, 100: 394, 101: 352, 102: 114, 103: 352, 104: 114, 105: 30, 106: 268, 107: 58, 108: 296, 109: 484, 110: 722, 111: 666, 112: 428, 113: 428, 114: 666, 115: 100, 116: 338, 117: 30, 118: 268, 119: 666, 120: 428, 121: 114, 122: 352, 123: 156, 124: 394, 125: 722, 126: 484, 127: 254, 128: 16, 129: 240, 130: 478, 131: 484, 132: 722, 133: 254, 134: 16, 135: 58, 136: 296, 137: 30, 138: 268, 139: 428, 140: 666, 141: 484, 142: 722, 143: 114, 144: 352, 145: 722, 146: 484, 147: 254, 148: 16, 149: 428, 150: 666, 151: 58, 152: 296, 153: 484, 154: 722, 155: 156, 156: 394, 157: 394, 158: 156, 159: 722, 160: 484, 161: 666, 162: 428, 163: 254, 164: 16, 165: 58, 166: 296, 167: 30, 168: 268, 169: 254, 170: 16, 171: 666, 172: 428, 173: 296, 174: 58, 175: 352, 176: 114, 177: 268, 178: 30, 179: 156, 180: 394, 181: 666, 182: 428, 183: 100, 184: 338, 185: 394, 186: 156, 187: 394, 188: 156, 189: 352, 190: 114, 191: 254, 192: 16, 193: 156, 194: 394, 195: 156, 196: 394, 197: 254, 198: 16, 199: 58, 200: 296}
Number of lables used:  18
Total time: 1.77 seconds
Memory used: 312.70 MB
--------------------------------------------------

Trying with at most 17 labels...
Solution:
{1: 722, 2: 484, 3: 156, 4: 394, 5: 428, 6: 666, 7: 722, 8: 484, 9: 156, 10: 394, 11: 58, 12: 296, 13: 16, 14: 254, 15: 100, 16: 338, 17: 666, 18: 428, 19: 254, 20: 16, 21: 296, 22: 58, 23: 722, 24: 484, 25: 296, 26: 58, 27: 16, 28: 254, 29: 58, 30: 296, 31: 100, 32: 338, 33: 338, 34: 100, 35: 484, 36: 722, 37: 30, 38: 268, 39: 428, 40: 666, 41: 666, 42: 428, 43: 666, 44: 428, 45: 254, 46: 16, 47: 16, 48: 254, 49: 428, 50: 666, 51: 254, 52: 16, 53: 58, 54: 296, 55: 338, 56: 100, 57: 156, 58: 394, 59: 338, 60: 100, 61: 722, 62: 484, 63: 666, 64: 428, 65: 666, 66: 428, 67: 666, 68: 428, 69: 268, 70: 30, 71: 666, 72: 428, 73: 722, 74: 484, 75: 484, 76: 722, 77: 156, 78: 394, 79: 338, 80: 100, 81: 156, 82: 394, 83: 58, 84: 296, 85: 254, 86: 16, 87: 254, 88: 16, 89: 100, 90: 338, 91: 100, 92: 338, 93: 666, 94: 428, 95: 338, 96: 100, 97: 394, 98: 156, 99: 156, 100: 394, 101: 338, 102: 100, 103: 666, 104: 428, 105: 268, 106: 30, 107: 156, 108: 394, 109: 484, 110: 722, 111: 30, 112: 268, 113: 428, 114: 666, 115: 296, 116: 58, 117: 58, 118: 296, 119: 30, 120: 268, 121: 268, 122: 30, 123: 58, 124: 296, 125: 722, 126: 484, 127: 254, 128: 16, 129: 240, 130: 478, 131: 296, 132: 58, 133: 30, 134: 268, 135: 156, 136: 394, 137: 100, 138: 338, 139: 722, 140: 484, 141: 484, 142: 722, 143: 58, 144: 296, 145: 58, 146: 296, 147: 254, 148: 16, 149: 484, 150: 722, 151: 58, 152: 296, 153: 484, 154: 722, 155: 428, 156: 666, 157: 268, 158: 30, 159: 722, 160: 484, 161: 666, 162: 428, 163: 254, 164: 16, 165: 58, 166: 296, 167: 30, 168: 268, 169: 100, 170: 338, 171: 484, 172: 722, 173: 156, 174: 394, 175: 394, 176: 156, 177: 268, 178: 30, 179: 428, 180: 666, 181: 666, 182: 428, 183: 484, 184: 722, 185: 394, 186: 156, 187: 100, 188: 338, 189: 666, 190: 428, 191: 254, 192: 16, 193: 722, 194: 484, 195: 100, 196: 338, 197: 428, 198: 666, 199: 58, 200: 296}
Number of lables used:  16
Total time: 1.84 seconds
Memory used: 312.70 MB
--------------------------------------------------

Trying with at most 15 labels...
Solution:
{1: 58, 2: 296, 3: 394, 4: 156, 5: 100, 6: 338, 7: 778, 8: 540, 9: 156, 10: 394, 11: 156, 12: 394, 13: 652, 14: 414, 15: 652, 16: 414, 17: 652, 18: 414, 19: 100, 20: 338, 21: 652, 22: 414, 23: 100, 24: 338, 25: 394, 26: 156, 27: 58, 28: 296, 29: 694, 30: 456, 31: 58, 32: 296, 33: 58, 34: 296, 35: 456, 36: 694, 37: 58, 38: 296, 39: 156, 40: 394, 41: 58, 42: 296, 43: 540, 44: 778, 45: 100, 46: 338, 47: 652, 48: 414, 49: 414, 50: 652, 51: 694, 52: 456, 53: 778, 54: 540, 55: 652, 56: 414, 57: 394, 58: 156, 59: 778, 60: 540, 61: 456, 62: 694, 63: 58, 64: 296, 65: 540, 66: 778, 67: 652, 68: 414, 69: 394, 70: 156, 71: 156, 72: 394, 73: 100, 74: 338, 75: 456, 76: 694, 77: 456, 78: 694, 79: 540, 80: 778, 81: 338, 82: 100, 83: 694, 84: 456, 85: 540, 86: 778, 87: 652, 88: 414, 89: 540, 90: 778, 91: 540, 92: 778, 93: 694, 94: 456, 95: 414, 96: 652, 97: 394, 98: 156, 99: 58, 100: 296, 101: 540, 102: 778, 103: 456, 104: 694, 105: 58, 106: 296, 107: 456, 108: 694, 109: 338, 110: 100, 111: 694, 112: 456, 113: 414, 114: 652, 115: 778, 116: 540, 117: 156, 118: 394, 119: 778, 120: 540, 121: 58, 122: 296, 123: 100, 124: 338, 125: 58, 126: 296, 127: 338, 128: 100, 129: 170, 130: 408, 131: 100, 132: 338, 133: 296, 134: 58, 135: 456, 136: 694, 137: 100, 138: 338, 139: 778, 140: 540, 141: 456, 142: 694, 143: 296, 144: 58, 145: 58, 146: 296, 147: 414, 148: 652, 149: 540, 150: 778, 151: 694, 152: 456, 153: 296, 154: 58, 155: 100, 156: 338, 157: 100, 158: 338, 159: 652, 160: 414, 161: 100, 162: 338, 163: 338, 164: 100, 165: 58, 166: 296, 167: 456, 168: 694, 169: 338, 170: 100, 171: 778, 172: 540, 173: 778, 174: 540, 175: 394, 176: 156, 177: 540, 178: 778, 179: 58, 180: 296, 181: 652, 182: 414, 183: 156, 184: 394, 185: 394, 186: 156, 187: 100, 188: 338, 189: 156, 190: 394, 191: 414, 192: 652, 193: 58, 194: 296, 195: 338, 196: 100, 197: 778, 198: 540, 199: 694, 200: 456}
Number of lables used:  14
Total time: 1.92 seconds
Memory used: 312.71 MB
--------------------------------------------------

Trying with at most 13 labels...
Solution:
{1: 16, 2: 254, 3: 16, 4: 254, 5: 680, 6: 442, 7: 380, 8: 142, 9: 16, 10: 254, 11: 254, 12: 16, 13: 442, 14: 680, 15: 470, 16: 708, 17: 16, 18: 254, 19: 338, 20: 100, 21: 708, 22: 470, 23: 254, 24: 16, 25: 142, 26: 380, 27: 16, 28: 254, 29: 296, 30: 58, 31: 380, 32: 142, 33: 442, 34: 680, 35: 100, 36: 338, 37: 442, 38: 680, 39: 338, 40: 100, 41: 100, 42: 338, 43: 16, 44: 254, 45: 442, 46: 680, 47: 142, 48: 380, 49: 58, 50: 296, 51: 442, 52: 680, 53: 680, 54: 442, 55: 470, 56: 708, 57: 470, 58: 708, 59: 338, 60: 100, 61: 380, 62: 142, 63: 58, 64: 296, 65: 16, 66: 254, 67: 680, 68: 442, 69: 680, 70: 442, 71: 254, 72: 16, 73: 58, 74: 296, 75: 100, 76: 338, 77: 708, 78: 470, 79: 16, 80: 254, 81: 100, 82: 338, 83: 100, 84: 338, 85: 254, 86: 16, 87: 254, 88: 16, 89: 708, 90: 470, 91: 380, 92: 142, 93: 680, 94: 442, 95: 708, 96: 470, 97: 470, 98: 708, 99: 58, 100: 296, 101: 142, 102: 380, 103: 58, 104: 296, 105: 380, 106: 142, 107: 296, 108: 58, 109: 470, 110: 708, 111: 100, 112: 338, 113: 58, 114: 296, 115: 142, 116: 380, 117: 680, 118: 442, 119: 100, 120: 338, 121: 296, 122: 58, 123: 708, 124: 470, 125: 708, 126: 470, 127: 708, 128: 470, 129: 380, 130: 142, 131: 470, 132: 708, 133: 380, 134: 142, 135: 58, 136: 296, 137: 142, 138: 380, 139: 142, 140: 380, 141: 442, 142: 680, 143: 100, 144: 338, 145: 442, 146: 680, 147: 442, 148: 680, 149: 338, 150: 100, 151: 708, 152: 470, 153: 442, 154: 680, 155: 338, 156: 100, 157: 100, 158: 338, 159: 470, 160: 708, 161: 708, 162: 470, 163: 16, 164: 254, 165: 680, 166: 442, 167: 142, 168: 380, 169: 142, 170: 380, 171: 380, 172: 142, 173: 58, 174: 296, 175: 296, 176: 58, 177: 380, 178: 142, 179: 680, 180: 442, 181: 58, 182: 296, 183: 296, 184: 58, 185: 254, 186: 16, 187: 100, 188: 338, 189: 254, 190: 16, 191: 380, 192: 142, 193: 708, 194: 470, 195: 708, 196: 470, 197: 338, 198: 100, 199: 58, 200: 296}
Number of lables used:  12
Total time: 3.68 seconds
Memory used: 303.95 MB
--------------------------------------------------

Trying with at most 11 labels...
[runlim] sample:		9.99 time, 10.01 real, 254 MB, 1.05 load
[runlim] sample:		19.99 time, 20.01 real, 254 MB, 1.04 load
[runlim] sample:		29.98 time, 30.01 real, 255 MB, 1.04 load
[runlim] sample:		39.98 time, 40.01 real, 255 MB, 1.03 load
Cannot find solution.
No more solutions found.
Optimal number of labels used:  12
Total time: 42.59 seconds
Memory used: 255.04 MB
[runlim] end:			Sun Jun 14 03:45:10 2026
[runlim] status:		ok
[runlim] result:		0
[runlim] children:		1
[runlim] processes:		2
[runlim] real:			42.66 seconds
[runlim] time:			42.58 seconds
[runlim] space:			416 MB
[runlim] load:			1.06 maximum
[runlim] samples:		427
