[runlim] version:		2.0.0rc12
[runlim] host:			ap-Precision-7550
[runlim] time limit:		311040000 seconds
[runlim] real time limit:	600 seconds
[runlim] space limit:		14000 MB
[runlim] argv[0]:		python3
[runlim] argv[1]:		-u
[runlim] argv[2]:		pairwise_no_preprocessing.py
[runlim] argv[3]:		TUD200.5
[runlim] argv[4]:		assumptions
[runlim] argv[5]:		3
[runlim] argv[6]:		card
[runlim] argv[7]:		3
[runlim] start:			Sun Jun 14 03:45:34 2026
[runlim] child:			18909
Exactly-one cardinality encoding:  3
Distance constraint mode:  card
Distance cardinality encoding:  3
Number of assignment variables:  7588
Number of clauses for exactly one constraints:  43928
Number of clauses for distance constraints:  3542522
---------------------------------------------------
Solve first problem:
Cannot find solution.
Time taken: 3.25 seconds 
Memory used: 1043.06 MB
[runlim] end:			Sun Jun 14 03:45:37 2026
[runlim] status:		ok
[runlim] result:		0
[runlim] children:		1
[runlim] processes:		2
[runlim] real:			3.58 seconds
[runlim] time:			3.50 seconds
[runlim] space:			1043 MB
[runlim] load:			1.02 maximum
[runlim] samples:		36
