[runlim] version:		2.0.0rc12
[runlim] host:			ap-Precision-7550
[runlim] time limit:		311040000 seconds
[runlim] real time limit:	600 seconds
[runlim] space limit:		14000 MB
[runlim] argv[0]:		python3
[runlim] argv[1]:		-u
[runlim] argv[2]:		pairwise_no_preprocessing.py
[runlim] argv[3]:		TUD200.3
[runlim] argv[4]:		assumptions
[runlim] argv[5]:		3
[runlim] argv[6]:		card
[runlim] argv[7]:		3
[runlim] start:			Sun Jun 14 03:45:15 2026
[runlim] child:			18903
Exactly-one cardinality encoding:  3
Distance constraint mode:  card
Distance cardinality encoding:  3
Number of assignment variables:  7240
Number of clauses for exactly one constraints:  41840
Number of clauses for distance constraints:  869667
---------------------------------------------------
Solve first problem:
Solution:
{1: 282, 2: 44, 3: 352, 4: 114, 5: 100, 6: 338, 7: 526, 8: 764, 9: 380, 10: 142, 11: 170, 12: 408, 13: 764, 14: 526, 15: 30, 16: 268, 17: 142, 18: 380, 19: 100, 20: 338, 21: 338, 22: 100, 23: 282, 24: 44, 25: 414, 26: 652, 27: 666, 28: 428, 29: 394, 30: 156, 31: 456, 32: 694, 33: 268, 34: 30, 35: 338, 36: 100, 37: 708, 38: 470, 39: 652, 40: 414, 41: 86, 42: 324, 43: 128, 44: 366, 45: 296, 46: 58, 47: 512, 48: 750, 49: 296, 50: 58, 51: 366, 52: 128, 53: 310, 54: 72, 55: 764, 56: 526, 57: 652, 58: 414, 59: 296, 60: 58, 61: 310, 62: 72, 63: 666, 64: 428, 65: 128, 66: 366, 67: 324, 68: 86, 69: 282, 70: 44, 71: 268, 72: 30, 73: 652, 74: 414, 75: 128, 76: 366, 77: 254, 78: 16, 79: 708, 80: 470, 81: 792, 82: 554, 83: 268, 84: 30, 85: 268, 86: 30, 87: 778, 88: 540, 89: 254, 90: 16, 91: 338, 92: 100, 93: 708, 94: 470, 95: 456, 96: 694, 97: 240, 98: 478, 99: 478, 100: 240, 101: 352, 102: 114, 103: 366, 104: 128, 105: 324, 106: 86, 107: 324, 108: 86, 109: 456, 110: 694, 111: 296, 112: 58, 113: 722, 114: 484, 115: 652, 116: 414, 117: 142, 118: 380, 119: 268, 120: 30, 121: 380, 122: 142, 123: 156, 124: 394, 125: 666, 126: 428, 127: 680, 128: 442, 129: 268, 130: 30, 131: 408, 132: 170, 133: 282, 134: 44, 135: 296, 136: 58, 137: 142, 138: 380, 139: 128, 140: 366, 141: 310, 142: 72, 143: 338, 144: 100, 145: 456, 146: 694, 147: 352, 148: 114, 149: 268, 150: 30, 151: 792, 152: 554, 153: 652, 154: 414, 155: 792, 156: 554, 157: 268, 158: 30, 159: 254, 160: 16, 161: 268, 162: 30, 163: 394, 164: 156, 165: 394, 166: 156, 167: 296, 168: 58, 169: 268, 170: 30, 171: 414, 172: 652, 173: 324, 174: 86, 175: 268, 176: 30, 177: 72, 178: 310, 179: 380, 180: 142, 181: 254, 182: 16, 183: 268, 184: 30, 185: 296, 186: 58, 187: 792, 188: 554, 189: 268, 190: 30, 191: 352, 192: 114, 193: 296, 194: 58, 195: 708, 196: 470, 197: 254, 198: 16, 199: 554, 200: 792}
Number of lables used:  46
Total time: 1.01 seconds
Memory used: 296.43 MB
--------------------------------------------------
Number of label variables:  48
Number of clauses for label constraints:  7240
Number of new variables for cardinality constraints:  1170
Number of clauses for cardinality constraints:  4590
Initial variable count:  621844
Initial clause count:  923359
--------------------------------------------------

Trying with at most 45 labels...
Solution:
{1: 282, 2: 44, 3: 352, 4: 114, 5: 100, 6: 338, 7: 30, 8: 268, 9: 380, 10: 142, 11: 478, 12: 240, 13: 380, 14: 142, 15: 30, 16: 268, 17: 142, 18: 380, 19: 100, 20: 338, 21: 338, 22: 100, 23: 708, 24: 470, 25: 414, 26: 652, 27: 666, 28: 428, 29: 484, 30: 722, 31: 456, 32: 694, 33: 268, 34: 30, 35: 338, 36: 100, 37: 722, 38: 484, 39: 652, 40: 414, 41: 100, 42: 338, 43: 128, 44: 366, 45: 296, 46: 58, 47: 512, 48: 750, 49: 296, 50: 58, 51: 666, 52: 428, 53: 310, 54: 72, 55: 414, 56: 652, 57: 680, 58: 442, 59: 100, 60: 338, 61: 310, 62: 72, 63: 414, 64: 652, 65: 142, 66: 380, 67: 324, 68: 86, 69: 310, 70: 72, 71: 72, 72: 310, 73: 750, 74: 512, 75: 128, 76: 366, 77: 254, 78: 16, 79: 708, 80: 470, 81: 30, 82: 268, 83: 268, 84: 30, 85: 268, 86: 30, 87: 428, 88: 666, 89: 512, 90: 750, 91: 338, 92: 100, 93: 722, 94: 484, 95: 114, 96: 352, 97: 240, 98: 478, 99: 478, 100: 240, 101: 352, 102: 114, 103: 366, 104: 128, 105: 324, 106: 86, 107: 324, 108: 86, 109: 456, 110: 694, 111: 296, 112: 58, 113: 58, 114: 296, 115: 652, 116: 414, 117: 708, 118: 470, 119: 296, 120: 58, 121: 408, 122: 170, 123: 156, 124: 394, 125: 666, 126: 428, 127: 722, 128: 484, 129: 268, 130: 30, 131: 408, 132: 170, 133: 282, 134: 44, 135: 750, 136: 512, 137: 736, 138: 498, 139: 128, 140: 366, 141: 310, 142: 72, 143: 100, 144: 338, 145: 456, 146: 694, 147: 414, 148: 652, 149: 268, 150: 30, 151: 254, 152: 16, 153: 652, 154: 414, 155: 414, 156: 652, 157: 268, 158: 30, 159: 254, 160: 16, 161: 268, 162: 30, 163: 394, 164: 156, 165: 394, 166: 156, 167: 736, 168: 498, 169: 394, 170: 156, 171: 652, 172: 414, 173: 366, 174: 128, 175: 58, 176: 296, 177: 72, 178: 310, 179: 380, 180: 142, 181: 254, 182: 16, 183: 310, 184: 72, 185: 296, 186: 58, 187: 16, 188: 254, 189: 268, 190: 30, 191: 352, 192: 114, 193: 296, 194: 58, 195: 708, 196: 470, 197: 254, 198: 16, 199: 394, 200: 156}
Number of lables used:  42
Total time: 1.11 seconds
Memory used: 296.60 MB
--------------------------------------------------

Trying with at most 41 labels...
Solution:
{1: 428, 2: 666, 3: 352, 4: 114, 5: 694, 6: 456, 7: 30, 8: 268, 9: 736, 10: 498, 11: 478, 12: 240, 13: 380, 14: 142, 15: 30, 16: 268, 17: 142, 18: 380, 19: 100, 20: 338, 21: 338, 22: 100, 23: 722, 24: 484, 25: 456, 26: 694, 27: 736, 28: 498, 29: 498, 30: 736, 31: 484, 32: 722, 33: 268, 34: 30, 35: 338, 36: 100, 37: 44, 38: 282, 39: 652, 40: 414, 41: 100, 42: 338, 43: 142, 44: 380, 45: 16, 46: 254, 47: 512, 48: 750, 49: 296, 50: 58, 51: 666, 52: 428, 53: 310, 54: 72, 55: 414, 56: 652, 57: 736, 58: 498, 59: 100, 60: 338, 61: 310, 62: 72, 63: 414, 64: 652, 65: 142, 66: 380, 67: 324, 68: 86, 69: 310, 70: 72, 71: 72, 72: 310, 73: 750, 74: 512, 75: 128, 76: 366, 77: 254, 78: 16, 79: 666, 80: 428, 81: 30, 82: 268, 83: 268, 84: 30, 85: 268, 86: 30, 87: 428, 88: 666, 89: 512, 90: 750, 91: 338, 92: 100, 93: 722, 94: 484, 95: 114, 96: 352, 97: 240, 98: 478, 99: 478, 100: 240, 101: 352, 102: 114, 103: 366, 104: 128, 105: 324, 106: 86, 107: 324, 108: 86, 109: 456, 110: 694, 111: 296, 112: 58, 113: 58, 114: 296, 115: 652, 116: 414, 117: 722, 118: 484, 119: 296, 120: 58, 121: 408, 122: 170, 123: 156, 124: 394, 125: 666, 126: 428, 127: 722, 128: 484, 129: 268, 130: 30, 131: 142, 132: 380, 133: 282, 134: 44, 135: 750, 136: 512, 137: 736, 138: 498, 139: 128, 140: 366, 141: 310, 142: 72, 143: 100, 144: 338, 145: 456, 146: 694, 147: 414, 148: 652, 149: 268, 150: 30, 151: 254, 152: 16, 153: 652, 154: 414, 155: 414, 156: 652, 157: 268, 158: 30, 159: 254, 160: 16, 161: 268, 162: 30, 163: 394, 164: 156, 165: 394, 166: 156, 167: 736, 168: 498, 169: 394, 170: 156, 171: 652, 172: 414, 173: 366, 174: 128, 175: 58, 176: 296, 177: 72, 178: 310, 179: 380, 180: 142, 181: 254, 182: 16, 183: 310, 184: 72, 185: 296, 186: 58, 187: 16, 188: 254, 189: 268, 190: 30, 191: 352, 192: 114, 193: 296, 194: 58, 195: 722, 196: 484, 197: 254, 198: 16, 199: 394, 200: 156}
Number of lables used:  38
Total time: 1.16 seconds
Memory used: 296.60 MB
--------------------------------------------------

Trying with at most 37 labels...
Solution:
{1: 282, 2: 44, 3: 30, 4: 268, 5: 86, 6: 324, 7: 30, 8: 268, 9: 58, 10: 296, 11: 478, 12: 240, 13: 254, 14: 16, 15: 652, 16: 414, 17: 142, 18: 380, 19: 100, 20: 338, 21: 100, 22: 338, 23: 750, 24: 512, 25: 414, 26: 652, 27: 750, 28: 512, 29: 282, 30: 44, 31: 512, 32: 750, 33: 310, 34: 72, 35: 296, 36: 58, 37: 44, 38: 282, 39: 652, 40: 414, 41: 100, 42: 338, 43: 142, 44: 380, 45: 428, 46: 666, 47: 750, 48: 512, 49: 16, 50: 254, 51: 666, 52: 428, 53: 366, 54: 128, 55: 414, 56: 652, 57: 86, 58: 324, 59: 100, 60: 338, 61: 310, 62: 72, 63: 414, 64: 652, 65: 142, 66: 380, 67: 394, 68: 156, 69: 324, 70: 86, 71: 72, 72: 310, 73: 750, 74: 512, 75: 324, 76: 86, 77: 254, 78: 16, 79: 666, 80: 428, 81: 30, 82: 268, 83: 268, 84: 30, 85: 268, 86: 30, 87: 666, 88: 428, 89: 512, 90: 750, 91: 338, 92: 100, 93: 282, 94: 44, 95: 114, 96: 352, 97: 240, 98: 478, 99: 478, 100: 240, 101: 352, 102: 114, 103: 352, 104: 114, 105: 338, 106: 100, 107: 414, 108: 652, 109: 512, 110: 750, 111: 296, 112: 58, 113: 128, 114: 366, 115: 652, 116: 414, 117: 750, 118: 512, 119: 310, 120: 72, 121: 408, 122: 170, 123: 156, 124: 394, 125: 666, 126: 428, 127: 750, 128: 512, 129: 268, 130: 30, 131: 142, 132: 380, 133: 338, 134: 100, 135: 72, 136: 310, 137: 58, 138: 296, 139: 128, 140: 366, 141: 268, 142: 30, 143: 100, 144: 338, 145: 750, 146: 512, 147: 414, 148: 652, 149: 268, 150: 30, 151: 254, 152: 16, 153: 652, 154: 414, 155: 414, 156: 652, 157: 86, 158: 324, 159: 254, 160: 16, 161: 268, 162: 30, 163: 394, 164: 156, 165: 394, 166: 156, 167: 254, 168: 16, 169: 394, 170: 156, 171: 652, 172: 414, 173: 268, 174: 30, 175: 750, 176: 512, 177: 72, 178: 310, 179: 380, 180: 142, 181: 128, 182: 366, 183: 324, 184: 86, 185: 366, 186: 128, 187: 30, 188: 268, 189: 750, 190: 512, 191: 142, 192: 380, 193: 30, 194: 268, 195: 414, 196: 652, 197: 310, 198: 72, 199: 394, 200: 156}
Number of lables used:  32
Total time: 1.21 seconds
Memory used: 296.60 MB
--------------------------------------------------

Trying with at most 31 labels...
Solution:
{1: 282, 2: 44, 3: 30, 4: 268, 5: 86, 6: 324, 7: 30, 8: 268, 9: 58, 10: 296, 11: 478, 12: 240, 13: 254, 14: 16, 15: 652, 16: 414, 17: 170, 18: 408, 19: 100, 20: 338, 21: 100, 22: 338, 23: 750, 24: 512, 25: 414, 26: 652, 27: 750, 28: 512, 29: 282, 30: 44, 31: 512, 32: 750, 33: 310, 34: 72, 35: 296, 36: 58, 37: 44, 38: 282, 39: 652, 40: 414, 41: 100, 42: 338, 43: 142, 44: 380, 45: 428, 46: 666, 47: 750, 48: 512, 49: 16, 50: 254, 51: 666, 52: 428, 53: 366, 54: 128, 55: 414, 56: 652, 57: 86, 58: 324, 59: 100, 60: 338, 61: 324, 62: 86, 63: 414, 64: 652, 65: 142, 66: 380, 67: 394, 68: 156, 69: 324, 70: 86, 71: 72, 72: 310, 73: 750, 74: 512, 75: 324, 76: 86, 77: 254, 78: 16, 79: 666, 80: 428, 81: 30, 82: 268, 83: 268, 84: 30, 85: 268, 86: 30, 87: 666, 88: 428, 89: 512, 90: 750, 91: 338, 92: 100, 93: 282, 94: 44, 95: 72, 96: 310, 97: 240, 98: 478, 99: 478, 100: 240, 101: 16, 102: 254, 103: 380, 104: 142, 105: 338, 106: 100, 107: 414, 108: 652, 109: 512, 110: 750, 111: 296, 112: 58, 113: 128, 114: 366, 115: 652, 116: 414, 117: 750, 118: 512, 119: 310, 120: 72, 121: 408, 122: 170, 123: 156, 124: 394, 125: 666, 126: 428, 127: 750, 128: 512, 129: 142, 130: 380, 131: 142, 132: 380, 133: 338, 134: 100, 135: 72, 136: 310, 137: 58, 138: 296, 139: 128, 140: 366, 141: 268, 142: 30, 143: 100, 144: 338, 145: 750, 146: 512, 147: 414, 148: 652, 149: 268, 150: 30, 151: 254, 152: 16, 153: 652, 154: 414, 155: 414, 156: 652, 157: 86, 158: 324, 159: 254, 160: 16, 161: 268, 162: 30, 163: 394, 164: 156, 165: 394, 166: 156, 167: 254, 168: 16, 169: 394, 170: 156, 171: 652, 172: 414, 173: 268, 174: 30, 175: 750, 176: 512, 177: 72, 178: 310, 179: 380, 180: 142, 181: 128, 182: 366, 183: 324, 184: 86, 185: 366, 186: 128, 187: 30, 188: 268, 189: 750, 190: 512, 191: 142, 192: 380, 193: 30, 194: 268, 195: 414, 196: 652, 197: 310, 198: 72, 199: 394, 200: 156}
Number of lables used:  30
Total time: 1.26 seconds
Memory used: 296.61 MB
--------------------------------------------------

Trying with at most 29 labels...
Solution:
{1: 282, 2: 44, 3: 30, 4: 268, 5: 86, 6: 324, 7: 30, 8: 268, 9: 58, 10: 296, 11: 478, 12: 240, 13: 254, 14: 16, 15: 652, 16: 414, 17: 142, 18: 380, 19: 100, 20: 338, 21: 100, 22: 338, 23: 750, 24: 512, 25: 414, 26: 652, 27: 750, 28: 512, 29: 282, 30: 44, 31: 512, 32: 750, 33: 310, 34: 72, 35: 296, 36: 58, 37: 44, 38: 282, 39: 652, 40: 414, 41: 100, 42: 338, 43: 142, 44: 380, 45: 428, 46: 666, 47: 750, 48: 512, 49: 16, 50: 254, 51: 666, 52: 428, 53: 366, 54: 128, 55: 414, 56: 652, 57: 86, 58: 324, 59: 100, 60: 338, 61: 324, 62: 86, 63: 414, 64: 652, 65: 142, 66: 380, 67: 394, 68: 156, 69: 324, 70: 86, 71: 72, 72: 310, 73: 750, 74: 512, 75: 324, 76: 86, 77: 254, 78: 16, 79: 666, 80: 428, 81: 30, 82: 268, 83: 268, 84: 30, 85: 268, 86: 30, 87: 666, 88: 428, 89: 512, 90: 750, 91: 338, 92: 100, 93: 282, 94: 44, 95: 72, 96: 310, 97: 240, 98: 478, 99: 478, 100: 240, 101: 16, 102: 254, 103: 380, 104: 142, 105: 338, 106: 100, 107: 414, 108: 652, 109: 512, 110: 750, 111: 296, 112: 58, 113: 128, 114: 366, 115: 652, 116: 414, 117: 750, 118: 512, 119: 310, 120: 72, 121: 380, 122: 142, 123: 156, 124: 394, 125: 666, 126: 428, 127: 750, 128: 512, 129: 282, 130: 44, 131: 142, 132: 380, 133: 338, 134: 100, 135: 72, 136: 310, 137: 58, 138: 296, 139: 128, 140: 366, 141: 268, 142: 30, 143: 100, 144: 338, 145: 750, 146: 512, 147: 414, 148: 652, 149: 268, 150: 30, 151: 254, 152: 16, 153: 652, 154: 414, 155: 414, 156: 652, 157: 86, 158: 324, 159: 254, 160: 16, 161: 268, 162: 30, 163: 394, 164: 156, 165: 394, 166: 156, 167: 254, 168: 16, 169: 394, 170: 156, 171: 652, 172: 414, 173: 268, 174: 30, 175: 750, 176: 512, 177: 72, 178: 310, 179: 380, 180: 142, 181: 128, 182: 366, 183: 324, 184: 86, 185: 366, 186: 128, 187: 30, 188: 268, 189: 750, 190: 512, 191: 142, 192: 380, 193: 30, 194: 268, 195: 414, 196: 652, 197: 310, 198: 72, 199: 394, 200: 156}
Number of lables used:  28
Total time: 1.31 seconds
Memory used: 296.61 MB
--------------------------------------------------

Trying with at most 27 labels...
Solution:
{1: 428, 2: 666, 3: 30, 4: 268, 5: 414, 6: 652, 7: 142, 8: 380, 9: 652, 10: 414, 11: 170, 12: 408, 13: 114, 14: 352, 15: 652, 16: 414, 17: 478, 18: 240, 19: 114, 20: 352, 21: 58, 22: 296, 23: 666, 24: 428, 25: 512, 26: 750, 27: 30, 28: 268, 29: 512, 30: 750, 31: 296, 32: 58, 33: 268, 34: 30, 35: 338, 36: 100, 37: 652, 38: 414, 39: 652, 40: 414, 41: 16, 42: 254, 43: 72, 44: 310, 45: 16, 46: 254, 47: 750, 48: 512, 49: 414, 50: 652, 51: 366, 52: 128, 53: 366, 54: 128, 55: 30, 56: 268, 57: 352, 58: 114, 59: 58, 60: 296, 61: 296, 62: 58, 63: 100, 64: 338, 65: 72, 66: 310, 67: 72, 68: 310, 69: 310, 70: 72, 71: 512, 72: 750, 73: 750, 74: 512, 75: 142, 76: 380, 77: 16, 78: 254, 79: 72, 80: 310, 81: 30, 82: 268, 83: 338, 84: 100, 85: 428, 86: 666, 87: 666, 88: 428, 89: 414, 90: 652, 91: 338, 92: 100, 93: 100, 94: 338, 95: 338, 96: 100, 97: 380, 98: 142, 99: 170, 100: 408, 101: 128, 102: 366, 103: 380, 104: 142, 105: 114, 106: 352, 107: 414, 108: 652, 109: 512, 110: 750, 111: 296, 112: 58, 113: 16, 114: 254, 115: 16, 116: 254, 117: 750, 118: 512, 119: 296, 120: 58, 121: 240, 122: 478, 123: 652, 124: 414, 125: 428, 126: 666, 127: 750, 128: 512, 129: 750, 130: 512, 131: 240, 132: 478, 133: 428, 134: 666, 135: 428, 136: 666, 137: 142, 138: 380, 139: 128, 140: 366, 141: 338, 142: 100, 143: 666, 144: 428, 145: 512, 146: 750, 147: 414, 148: 652, 149: 268, 150: 30, 151: 254, 152: 16, 153: 750, 154: 512, 155: 414, 156: 652, 157: 30, 158: 268, 159: 254, 160: 16, 161: 750, 162: 512, 163: 352, 164: 114, 165: 352, 166: 114, 167: 268, 168: 30, 169: 512, 170: 750, 171: 16, 172: 254, 173: 366, 174: 128, 175: 750, 176: 512, 177: 254, 178: 16, 179: 380, 180: 142, 181: 16, 182: 254, 183: 310, 184: 72, 185: 30, 186: 268, 187: 128, 188: 366, 189: 666, 190: 428, 191: 30, 192: 268, 193: 128, 194: 366, 195: 58, 196: 296, 197: 512, 198: 750, 199: 296, 200: 58}
Number of lables used:  26
Total time: 1.38 seconds
Memory used: 296.61 MB
--------------------------------------------------

Trying with at most 25 labels...
Solution:
{1: 428, 2: 666, 3: 30, 4: 268, 5: 414, 6: 652, 7: 142, 8: 380, 9: 652, 10: 414, 11: 142, 12: 380, 13: 114, 14: 352, 15: 652, 16: 414, 17: 478, 18: 240, 19: 114, 20: 352, 21: 58, 22: 296, 23: 666, 24: 428, 25: 512, 26: 750, 27: 30, 28: 268, 29: 512, 30: 750, 31: 296, 32: 58, 33: 268, 34: 30, 35: 338, 36: 100, 37: 652, 38: 414, 39: 652, 40: 414, 41: 16, 42: 254, 43: 72, 44: 310, 45: 16, 46: 254, 47: 750, 48: 512, 49: 414, 50: 652, 51: 366, 52: 128, 53: 366, 54: 128, 55: 30, 56: 268, 57: 352, 58: 114, 59: 58, 60: 296, 61: 296, 62: 58, 63: 114, 64: 352, 65: 72, 66: 310, 67: 72, 68: 310, 69: 310, 70: 72, 71: 512, 72: 750, 73: 750, 74: 512, 75: 142, 76: 380, 77: 16, 78: 254, 79: 72, 80: 310, 81: 30, 82: 268, 83: 338, 84: 100, 85: 428, 86: 666, 87: 666, 88: 428, 89: 414, 90: 652, 91: 338, 92: 100, 93: 100, 94: 338, 95: 338, 96: 100, 97: 380, 98: 142, 99: 142, 100: 380, 101: 128, 102: 366, 103: 380, 104: 142, 105: 114, 106: 352, 107: 338, 108: 100, 109: 512, 110: 750, 111: 310, 112: 72, 113: 58, 114: 296, 115: 16, 116: 254, 117: 512, 118: 750, 119: 296, 120: 58, 121: 240, 122: 478, 123: 652, 124: 414, 125: 428, 126: 666, 127: 750, 128: 512, 129: 750, 130: 512, 131: 240, 132: 478, 133: 428, 134: 666, 135: 16, 136: 254, 137: 652, 138: 414, 139: 128, 140: 366, 141: 338, 142: 100, 143: 666, 144: 428, 145: 750, 146: 512, 147: 414, 148: 652, 149: 268, 150: 30, 151: 254, 152: 16, 153: 750, 154: 512, 155: 414, 156: 652, 157: 30, 158: 268, 159: 254, 160: 16, 161: 750, 162: 512, 163: 352, 164: 114, 165: 352, 166: 114, 167: 268, 168: 30, 169: 512, 170: 750, 171: 16, 172: 254, 173: 366, 174: 128, 175: 750, 176: 512, 177: 254, 178: 16, 179: 478, 180: 240, 181: 16, 182: 254, 183: 310, 184: 72, 185: 30, 186: 268, 187: 128, 188: 366, 189: 666, 190: 428, 191: 30, 192: 268, 193: 142, 194: 380, 195: 58, 196: 296, 197: 512, 198: 750, 199: 296, 200: 58}
Number of lables used:  24
Total time: 1.43 seconds
Memory used: 296.61 MB
--------------------------------------------------

Trying with at most 23 labels...
Solution:
{1: 456, 2: 694, 3: 142, 4: 380, 5: 16, 6: 254, 7: 142, 8: 380, 9: 652, 10: 414, 11: 240, 12: 478, 13: 414, 14: 652, 15: 414, 16: 652, 17: 478, 18: 240, 19: 142, 20: 380, 21: 58, 22: 296, 23: 380, 24: 142, 25: 484, 26: 722, 27: 652, 28: 414, 29: 380, 30: 142, 31: 296, 32: 58, 33: 296, 34: 58, 35: 58, 36: 296, 37: 142, 38: 380, 39: 30, 40: 268, 41: 58, 42: 296, 43: 456, 44: 694, 45: 142, 46: 380, 47: 778, 48: 540, 49: 652, 50: 414, 51: 694, 52: 456, 53: 268, 54: 30, 55: 58, 56: 296, 57: 30, 58: 268, 59: 58, 60: 296, 61: 296, 62: 58, 63: 456, 64: 694, 65: 512, 66: 750, 67: 268, 68: 30, 69: 750, 70: 512, 71: 540, 72: 778, 73: 652, 74: 414, 75: 652, 76: 414, 77: 16, 78: 254, 79: 58, 80: 296, 81: 30, 82: 268, 83: 254, 84: 16, 85: 512, 86: 750, 87: 778, 88: 540, 89: 456, 90: 694, 91: 694, 92: 456, 93: 540, 94: 778, 95: 750, 96: 512, 97: 408, 98: 170, 99: 142, 100: 380, 101: 512, 102: 750, 103: 380, 104: 142, 105: 456, 106: 694, 107: 484, 108: 722, 109: 268, 110: 30, 111: 296, 112: 58, 113: 30, 114: 268, 115: 16, 116: 254, 117: 778, 118: 540, 119: 778, 120: 540, 121: 240, 122: 478, 123: 512, 124: 750, 125: 778, 126: 540, 127: 456, 128: 694, 129: 414, 130: 652, 131: 380, 132: 142, 133: 484, 134: 722, 135: 778, 136: 540, 137: 414, 138: 652, 139: 30, 140: 268, 141: 750, 142: 512, 143: 540, 144: 778, 145: 16, 146: 254, 147: 268, 148: 30, 149: 268, 150: 30, 151: 380, 152: 142, 153: 380, 154: 142, 155: 268, 156: 30, 157: 456, 158: 694, 159: 380, 160: 142, 161: 512, 162: 750, 163: 540, 164: 778, 165: 254, 166: 16, 167: 268, 168: 30, 169: 750, 170: 512, 171: 16, 172: 254, 173: 540, 174: 778, 175: 694, 176: 456, 177: 694, 178: 456, 179: 170, 180: 408, 181: 694, 182: 456, 183: 484, 184: 722, 185: 296, 186: 58, 187: 254, 188: 16, 189: 142, 190: 380, 191: 778, 192: 540, 193: 142, 194: 380, 195: 268, 196: 30, 197: 414, 198: 652, 199: 296, 200: 58}
Number of lables used:  22
Total time: 1.60 seconds
Memory used: 296.61 MB
--------------------------------------------------

Trying with at most 21 labels...
Solution:
{1: 666, 2: 428, 3: 58, 4: 296, 5: 666, 6: 428, 7: 442, 8: 680, 9: 680, 10: 442, 11: 408, 12: 170, 13: 442, 14: 680, 15: 680, 16: 442, 17: 478, 18: 240, 19: 750, 20: 512, 21: 100, 22: 338, 23: 156, 24: 394, 25: 58, 26: 296, 27: 694, 28: 456, 29: 58, 30: 296, 31: 338, 32: 100, 33: 456, 34: 694, 35: 100, 36: 338, 37: 338, 38: 100, 39: 680, 40: 442, 41: 338, 42: 100, 43: 456, 44: 694, 45: 156, 46: 394, 47: 750, 48: 512, 49: 442, 50: 680, 51: 512, 52: 750, 53: 394, 54: 156, 55: 156, 56: 394, 57: 296, 58: 58, 59: 442, 60: 680, 61: 296, 62: 58, 63: 512, 64: 750, 65: 750, 66: 512, 67: 156, 68: 394, 69: 100, 70: 338, 71: 100, 72: 338, 73: 694, 74: 456, 75: 394, 76: 156, 77: 58, 78: 296, 79: 750, 80: 512, 81: 58, 82: 296, 83: 694, 84: 456, 85: 428, 86: 666, 87: 666, 88: 428, 89: 428, 90: 666, 91: 156, 92: 394, 93: 750, 94: 512, 95: 338, 96: 100, 97: 408, 98: 170, 99: 170, 100: 408, 101: 338, 102: 100, 103: 394, 104: 156, 105: 338, 106: 100, 107: 512, 108: 750, 109: 296, 110: 58, 111: 58, 112: 296, 113: 100, 114: 338, 115: 58, 116: 296, 117: 512, 118: 750, 119: 456, 120: 694, 121: 240, 122: 478, 123: 750, 124: 512, 125: 428, 126: 666, 127: 512, 128: 750, 129: 750, 130: 512, 131: 408, 132: 170, 133: 512, 134: 750, 135: 694, 136: 456, 137: 680, 138: 442, 139: 750, 140: 512, 141: 296, 142: 58, 143: 512, 144: 750, 145: 58, 146: 296, 147: 428, 148: 666, 149: 100, 150: 338, 151: 156, 152: 394, 153: 58, 154: 296, 155: 428, 156: 666, 157: 680, 158: 442, 159: 338, 160: 100, 161: 58, 162: 296, 163: 512, 164: 750, 165: 296, 166: 58, 167: 666, 168: 428, 169: 296, 170: 58, 171: 296, 172: 58, 173: 512, 174: 750, 175: 394, 176: 156, 177: 394, 178: 156, 179: 170, 180: 408, 181: 666, 182: 428, 183: 100, 184: 338, 185: 512, 186: 750, 187: 156, 188: 394, 189: 100, 190: 338, 191: 680, 192: 442, 193: 156, 194: 394, 195: 338, 196: 100, 197: 442, 198: 680, 199: 338, 200: 100}
Number of lables used:  18
Total time: 1.68 seconds
Memory used: 296.61 MB
--------------------------------------------------

Trying with at most 17 labels...
Solution:
{1: 456, 2: 694, 3: 414, 4: 652, 5: 310, 6: 72, 7: 526, 8: 764, 9: 380, 10: 142, 11: 240, 12: 478, 13: 142, 14: 380, 15: 764, 16: 526, 17: 142, 18: 380, 19: 30, 20: 268, 21: 268, 22: 30, 23: 652, 24: 414, 25: 268, 26: 30, 27: 792, 28: 554, 29: 30, 30: 268, 31: 792, 32: 554, 33: 72, 34: 310, 35: 72, 36: 310, 37: 72, 38: 310, 39: 414, 40: 652, 41: 72, 42: 310, 43: 764, 44: 526, 45: 414, 46: 652, 47: 456, 48: 694, 49: 268, 50: 30, 51: 526, 52: 764, 53: 694, 54: 456, 55: 310, 56: 72, 57: 142, 58: 380, 59: 310, 60: 72, 61: 310, 62: 72, 63: 764, 64: 526, 65: 792, 66: 554, 67: 694, 68: 456, 69: 456, 70: 694, 71: 268, 72: 30, 73: 792, 74: 554, 75: 652, 76: 414, 77: 310, 78: 72, 79: 694, 80: 456, 81: 792, 82: 554, 83: 380, 84: 142, 85: 380, 86: 142, 87: 380, 88: 142, 89: 414, 90: 652, 91: 456, 92: 694, 93: 414, 94: 652, 95: 72, 96: 310, 97: 380, 98: 142, 99: 478, 100: 240, 101: 652, 102: 414, 103: 456, 104: 694, 105: 414, 106: 652, 107: 526, 108: 764, 109: 268, 110: 30, 111: 72, 112: 310, 113: 142, 114: 380, 115: 792, 116: 554, 117: 30, 118: 268, 119: 268, 120: 30, 121: 380, 122: 142, 123: 414, 124: 652, 125: 764, 126: 526, 127: 792, 128: 554, 129: 456, 130: 694, 131: 142, 132: 380, 133: 72, 134: 310, 135: 456, 136: 694, 137: 414, 138: 652, 139: 554, 140: 792, 141: 764, 142: 526, 143: 694, 144: 456, 145: 30, 146: 268, 147: 414, 148: 652, 149: 30, 150: 268, 151: 310, 152: 72, 153: 142, 154: 380, 155: 142, 156: 380, 157: 456, 158: 694, 159: 694, 160: 456, 161: 268, 162: 30, 163: 414, 164: 652, 165: 142, 166: 380, 167: 792, 168: 554, 169: 310, 170: 72, 171: 142, 172: 380, 173: 142, 174: 380, 175: 30, 176: 268, 177: 456, 178: 694, 179: 240, 180: 478, 181: 792, 182: 554, 183: 526, 184: 764, 185: 764, 186: 526, 187: 30, 188: 268, 189: 268, 190: 30, 191: 526, 192: 764, 193: 310, 194: 72, 195: 694, 196: 456, 197: 142, 198: 380, 199: 30, 200: 268}
Number of lables used:  16
Total time: 3.38 seconds
Memory used: 308.48 MB
--------------------------------------------------

Trying with at most 15 labels...
Solution:
{1: 324, 2: 86, 3: 736, 4: 498, 5: 652, 6: 414, 7: 792, 8: 554, 9: 324, 10: 86, 11: 240, 12: 478, 13: 792, 14: 554, 15: 652, 16: 414, 17: 380, 18: 142, 19: 736, 20: 498, 21: 142, 22: 380, 23: 792, 24: 554, 25: 414, 26: 652, 27: 792, 28: 554, 29: 736, 30: 498, 31: 554, 32: 792, 33: 380, 34: 142, 35: 736, 36: 498, 37: 86, 38: 324, 39: 414, 40: 652, 41: 86, 42: 324, 43: 736, 44: 498, 45: 792, 46: 554, 47: 414, 48: 652, 49: 380, 50: 142, 51: 324, 52: 86, 53: 792, 54: 554, 55: 736, 56: 498, 57: 792, 58: 554, 59: 736, 60: 498, 61: 268, 62: 30, 63: 792, 64: 554, 65: 652, 66: 414, 67: 414, 68: 652, 69: 30, 70: 268, 71: 652, 72: 414, 73: 792, 74: 554, 75: 792, 76: 554, 77: 380, 78: 142, 79: 736, 80: 498, 81: 30, 82: 268, 83: 268, 84: 30, 85: 324, 86: 86, 87: 792, 88: 554, 89: 652, 90: 414, 91: 498, 92: 736, 93: 414, 94: 652, 95: 414, 96: 652, 97: 380, 98: 142, 99: 478, 100: 240, 101: 736, 102: 498, 103: 652, 104: 414, 105: 324, 106: 86, 107: 498, 108: 736, 109: 268, 110: 30, 111: 324, 112: 86, 113: 142, 114: 380, 115: 792, 116: 554, 117: 736, 118: 498, 119: 736, 120: 498, 121: 380, 122: 142, 123: 792, 124: 554, 125: 86, 126: 324, 127: 652, 128: 414, 129: 792, 130: 554, 131: 142, 132: 380, 133: 268, 134: 30, 135: 498, 136: 736, 137: 414, 138: 652, 139: 142, 140: 380, 141: 324, 142: 86, 143: 86, 144: 324, 145: 792, 146: 554, 147: 792, 148: 554, 149: 268, 150: 30, 151: 142, 152: 380, 153: 324, 154: 86, 155: 414, 156: 652, 157: 736, 158: 498, 159: 268, 160: 30, 161: 268, 162: 30, 163: 498, 164: 736, 165: 324, 166: 86, 167: 498, 168: 736, 169: 324, 170: 86, 171: 142, 172: 380, 173: 324, 174: 86, 175: 30, 176: 268, 177: 792, 178: 554, 179: 240, 180: 478, 181: 142, 182: 380, 183: 142, 184: 380, 185: 324, 186: 86, 187: 30, 188: 268, 189: 268, 190: 30, 191: 380, 192: 142, 193: 268, 194: 30, 195: 414, 196: 652, 197: 380, 198: 142, 199: 652, 200: 414}
Number of lables used:  14
Total time: 3.77 seconds
Memory used: 248.42 MB
--------------------------------------------------

Trying with at most 13 labels...
[runlim] sample:		9.99 time, 10.01 real, 248 MB, 1.02 load
Cannot find solution.
No more solutions found.
Optimal number of labels used:  14
Total time: 15.13 seconds
Memory used: 248.45 MB
[runlim] end:			Sun Jun 14 03:45:30 2026
[runlim] status:		ok
[runlim] result:		0
[runlim] children:		1
[runlim] processes:		2
[runlim] real:			15.19 seconds
[runlim] time:			15.09 seconds
[runlim] space:			385 MB
[runlim] load:			1.03 maximum
[runlim] samples:		152
