[runlim] version:		2.0.0rc12
[runlim] host:			ap-Precision-7550
[runlim] time limit:		311040000 seconds
[runlim] real time limit:	600 seconds
[runlim] space limit:		14000 MB
[runlim] argv[0]:		python3
[runlim] argv[1]:		-u
[runlim] argv[2]:		pairwise_no_preprocessing.py
[runlim] argv[3]:		TUD916.5
[runlim] argv[4]:		assumptions
[runlim] argv[5]:		3
[runlim] argv[6]:		card
[runlim] argv[7]:		3
[runlim] start:			Sun Jun 14 03:49:09 2026
[runlim] child:			18929
Exactly-one cardinality encoding:  3
Distance constraint mode:  card
Distance cardinality encoding:  3
Number of assignment variables:  34476
Number of clauses for exactly one constraints:  199528
[runlim] sample:		10.00 time, 10.01 real, 2605 MB, 1.23 load
Number of clauses for distance constraints:  15298331
---------------------------------------------------
Solve first problem:
Cannot find solution.
Time taken: 13.81 seconds 
Memory used: 4221.46 MB
[runlim] end:			Sun Jun 14 03:49:24 2026
[runlim] status:		ok
[runlim] result:		0
[runlim] children:		1
[runlim] processes:		2
[runlim] real:			15.07 seconds
[runlim] time:			14.99 seconds
[runlim] space:			4221 MB
[runlim] load:			1.27 maximum
[runlim] samples:		151
