[runlim] version:		2.0.0rc12
[runlim] host:			ap-Precision-7550
[runlim] time limit:		311040000 seconds
[runlim] real time limit:	600 seconds
[runlim] space limit:		14000 MB
[runlim] argv[0]:		python3
[runlim] argv[1]:		-u
[runlim] argv[2]:		main_no_processing.py
[runlim] argv[3]:		graph01
[runlim] argv[4]:		POSE
[runlim] start:			Thu Jun 11 22:05:26 2026
[runlim] child:			5881
---  POSE  ---
 solving MaxSAT (RC2)...
[runlim] sample:		9.99 time, 10.01 real, 52 MB, 1.00 load
[runlim] sample:		20.00 time, 20.01 real, 58 MB, 1.00 load
[runlim] sample:		29.99 time, 30.01 real, 67 MB, 1.00 load
[runlim] sample:		39.98 time, 40.01 real, 75 MB, 1.00 load
[runlim] sample:		49.97 time, 50.01 real, 75 MB, 1.00 load
[runlim] sample:		59.97 time, 60.01 real, 75 MB, 1.00 load
[runlim] sample:		69.97 time, 70.01 real, 75 MB, 1.00 load
[runlim] sample:		79.96 time, 80.01 real, 79 MB, 1.00 load
[runlim] sample:		89.97 time, 90.01 real, 82 MB, 1.00 load
[runlim] sample:		99.96 time, 100.01 real, 98 MB, 1.00 load
[runlim] sample:		109.96 time, 110.01 real, 89 MB, 1.00 load
[runlim] sample:		119.95 time, 120.01 real, 90 MB, 1.00 load
[runlim] sample:		129.94 time, 130.01 real, 91 MB, 1.00 load
[runlim] sample:		139.94 time, 140.01 real, 92 MB, 1.00 load
[runlim] sample:		149.94 time, 150.01 real, 92 MB, 1.00 load
[runlim] sample:		159.94 time, 160.01 real, 93 MB, 1.00 load
[runlim] sample:		169.94 time, 170.01 real, 93 MB, 1.00 load
[runlim] sample:		179.93 time, 180.01 real, 94 MB, 1.00 load
[runlim] sample:		189.93 time, 190.01 real, 94 MB, 1.00 load
[runlim] sample:		199.92 time, 200.01 real, 95 MB, 1.00 load
[runlim] sample:		209.92 time, 210.01 real, 96 MB, 1.00 load
[runlim] sample:		219.91 time, 220.01 real, 96 MB, 1.00 load
[runlim] sample:		229.91 time, 230.01 real, 96 MB, 1.00 load
[runlim] sample:		239.90 time, 240.01 real, 115 MB, 1.00 load
[runlim] sample:		249.90 time, 250.01 real, 115 MB, 1.00 load
[runlim] sample:		259.89 time, 260.01 real, 115 MB, 1.00 load
[runlim] sample:		269.89 time, 270.01 real, 116 MB, 1.00 load
[runlim] sample:		279.89 time, 280.01 real, 116 MB, 1.00 load
[runlim] sample:		289.88 time, 290.01 real, 116 MB, 1.00 load
[runlim] sample:		299.88 time, 300.01 real, 117 MB, 1.00 load
[runlim] sample:		309.87 time, 310.01 real, 117 MB, 1.00 load
[runlim] sample:		319.87 time, 320.01 real, 117 MB, 1.00 load
[runlim] sample:		329.86 time, 330.01 real, 117 MB, 1.00 load
[runlim] sample:		339.86 time, 340.01 real, 118 MB, 1.00 load
[runlim] sample:		349.86 time, 350.01 real, 118 MB, 1.00 load
[runlim] sample:		359.85 time, 360.01 real, 118 MB, 1.00 load
[runlim] sample:		369.85 time, 370.01 real, 118 MB, 1.00 load
[runlim] sample:		379.84 time, 380.01 real, 119 MB, 1.00 load
[runlim] sample:		389.84 time, 390.01 real, 119 MB, 1.08 load
[runlim] sample:		399.84 time, 400.01 real, 119 MB, 1.14 load
[runlim] sample:		409.83 time, 410.01 real, 119 MB, 1.12 load
[runlim] sample:		419.82 time, 420.01 real, 119 MB, 1.10 load

--------------------------------------------------
Found solution!
Number of labels used: 18
--------------------------------------------------
Time taken: 420.99 seconds
Memory used: 119.22 MB
[runlim] end:			Thu Jun 11 22:12:27 2026
[runlim] status:		ok
[runlim] result:		0
[runlim] children:		1
[runlim] processes:		2
[runlim] real:			421.05 seconds
[runlim] time:			420.82 seconds
[runlim] space:			150 MB
[runlim] load:			1.15 maximum
[runlim] samples:		4211
