[runlim] version:		2.0.0rc12
[runlim] host:			ap-Precision-7550
[runlim] time limit:		311040000 seconds
[runlim] real time limit:	600 seconds
[runlim] space limit:		14000 MB
[runlim] argv[0]:		python3
[runlim] argv[1]:		-u
[runlim] argv[2]:		main_no_processing.py
[runlim] argv[3]:		graph09
[runlim] argv[4]:		POSE
[runlim] start:			Thu Jun 11 22:16:46 2026
[runlim] child:			5914
---  POSE  ---
 solving MaxSAT (RC2)...
[runlim] sample:		9.99 time, 10.01 real, 122 MB, 1.01 load
[runlim] sample:		19.99 time, 20.01 real, 146 MB, 1.00 load
[runlim] sample:		29.98 time, 30.01 real, 148 MB, 1.00 load
[runlim] sample:		39.98 time, 40.01 real, 148 MB, 1.00 load
[runlim] sample:		49.97 time, 50.01 real, 148 MB, 1.00 load
[runlim] sample:		59.97 time, 60.01 real, 150 MB, 1.00 load
[runlim] sample:		69.96 time, 70.01 real, 156 MB, 1.00 load
[runlim] sample:		79.96 time, 80.01 real, 157 MB, 1.00 load
[runlim] sample:		89.96 time, 90.01 real, 136 MB, 1.00 load
[runlim] sample:		99.95 time, 100.01 real, 159 MB, 1.00 load
[runlim] sample:		109.95 time, 110.01 real, 161 MB, 1.00 load
[runlim] sample:		119.95 time, 120.01 real, 189 MB, 1.00 load
[runlim] sample:		129.94 time, 130.01 real, 189 MB, 1.00 load
[runlim] sample:		139.94 time, 140.01 real, 189 MB, 1.00 load
[runlim] sample:		149.93 time, 150.01 real, 189 MB, 1.00 load
[runlim] sample:		159.93 time, 160.01 real, 189 MB, 1.00 load
[runlim] sample:		169.92 time, 170.01 real, 189 MB, 1.15 load
[runlim] sample:		179.92 time, 180.01 real, 189 MB, 1.13 load
[runlim] sample:		189.92 time, 190.01 real, 189 MB, 1.11 load
[runlim] sample:		199.91 time, 200.01 real, 189 MB, 1.09 load
[runlim] sample:		209.91 time, 210.01 real, 189 MB, 1.15 load
[runlim] sample:		219.90 time, 220.01 real, 189 MB, 1.13 load
[runlim] sample:		229.90 time, 230.01 real, 189 MB, 1.18 load
[runlim] sample:		239.89 time, 240.01 real, 189 MB, 1.15 load
[runlim] sample:		249.89 time, 250.01 real, 189 MB, 1.20 load
[runlim] sample:		259.88 time, 260.01 real, 189 MB, 1.17 load
[runlim] sample:		269.88 time, 270.01 real, 189 MB, 1.15 load
[runlim] sample:		279.88 time, 280.01 real, 189 MB, 1.12 load
[runlim] sample:		289.87 time, 290.01 real, 189 MB, 1.10 load
[runlim] sample:		299.87 time, 300.01 real, 189 MB, 1.09 load
[runlim] sample:		309.87 time, 310.01 real, 189 MB, 1.07 load
[runlim] sample:		319.86 time, 320.01 real, 189 MB, 1.06 load
[runlim] sample:		329.86 time, 330.01 real, 194 MB, 1.05 load
[runlim] sample:		339.85 time, 340.01 real, 194 MB, 1.04 load

--------------------------------------------------
Found solution!
Number of labels used: 18
--------------------------------------------------
Time taken: 345.52 seconds
Memory used: 134.14 MB
[runlim] end:			Thu Jun 11 22:22:32 2026
[runlim] status:		ok
[runlim] result:		0
[runlim] children:		1
[runlim] processes:		2
[runlim] real:			345.59 seconds
[runlim] time:			345.35 seconds
[runlim] space:			194 MB
[runlim] load:			1.22 maximum
[runlim] samples:		3456
