[runlim] version:		2.0.0rc12
[runlim] host:			ap-Precision-7550
[runlim] time limit:		311040000 seconds
[runlim] real time limit:	600 seconds
[runlim] space limit:		14000 MB
[runlim] argv[0]:		python3
[runlim] argv[1]:		-u
[runlim] argv[2]:		main_no_processing.py
[runlim] argv[3]:		graph10
[runlim] argv[4]:		POSE
[runlim] start:			Thu Jun 11 22:23:47 2026
[runlim] child:			5950
---  POSE  ---
 solving MaxSAT (RC2)...
[runlim] sample:		10.00 time, 10.01 real, 106 MB, 1.11 load
[runlim] sample:		20.00 time, 20.01 real, 127 MB, 1.09 load
[runlim] sample:		29.99 time, 30.01 real, 128 MB, 1.08 load
[runlim] sample:		39.99 time, 40.01 real, 128 MB, 1.06 load
[runlim] sample:		49.98 time, 50.01 real, 128 MB, 1.05 load

--------------------------------------------------
Found solution!
Number of labels used: 22
--------------------------------------------------
Time taken: 59.82 seconds
Memory used: 97.92 MB
[runlim] end:			Thu Jun 11 22:24:46 2026
[runlim] status:		ok
[runlim] result:		0
[runlim] children:		1
[runlim] processes:		2
[runlim] real:			59.89 seconds
[runlim] time:			59.78 seconds
[runlim] space:			132 MB
[runlim] load:			1.13 maximum
[runlim] samples:		599
