[runlim] version:		2.0.0rc12
[runlim] host:			ap-Precision-7550
[runlim] time limit:		311040000 seconds
[runlim] real time limit:	600 seconds
[runlim] space limit:		14000 MB
[runlim] argv[0]:		python3
[runlim] argv[1]:		-u
[runlim] argv[2]:		main_no_processing.py
[runlim] argv[3]:		graph06
[runlim] argv[4]:		POSE
[runlim] start:			Thu Jun 11 22:23:46 2026
[runlim] child:			5944
---  POSE  ---
 solving MaxSAT (RC2)...
No solution found.
--------------------------------------------------
Time taken: 0.25 seconds
Memory used: 52.61 MB
[runlim] end:			Thu Jun 11 22:23:46 2026
[runlim] status:		ok
[runlim] result:		0
[runlim] children:		1
[runlim] processes:		2
[runlim] real:			0.31 seconds
[runlim] time:			0.21 seconds
[runlim] space:			42 MB
[runlim] load:			1.13 maximum
[runlim] samples:		3
