[runlim] version:		2.0.0rc12
[runlim] host:			ap-Precision-7550
[runlim] time limit:		311040000 seconds
[runlim] real time limit:	600 seconds
[runlim] space limit:		14000 MB
[runlim] argv[0]:		python3
[runlim] argv[1]:		-u
[runlim] argv[2]:		main_no_processing.py
[runlim] argv[3]:		graph14
[runlim] argv[4]:		POSE
[runlim] start:			Thu Jun 11 22:22:32 2026
[runlim] child:			5929
---  POSE  ---
 solving MaxSAT (RC2)...
[runlim] sample:		10.00 time, 10.01 real, 121 MB, 1.03 load

--------------------------------------------------
Found solution!
Number of labels used: 8
--------------------------------------------------
Time taken: 19.90 seconds
Memory used: 106.71 MB
[runlim] sample:		19.89 time, 19.97 real, 0 MB, 1.03 load
[runlim] end:			Thu Jun 11 22:22:52 2026
[runlim] status:		ok
[runlim] result:		0
[runlim] children:		1
[runlim] processes:		2
[runlim] real:			19.97 seconds
[runlim] time:			19.89 seconds
[runlim] space:			121 MB
[runlim] load:			1.04 maximum
[runlim] samples:		200
