[runlim] version:		2.0.0rc12
[runlim] host:			ap-Precision-7550
[runlim] time limit:		311040000 seconds
[runlim] real time limit:	600 seconds
[runlim] space limit:		14000 MB
[runlim] argv[0]:		python3
[runlim] argv[1]:		-u
[runlim] argv[2]:		main_no_processing.py
[runlim] argv[3]:		graph02
[runlim] argv[4]:		POSE
[runlim] start:			Thu Jun 11 22:12:27 2026
[runlim] child:			5891
---  POSE  ---
 solving MaxSAT (RC2)...
[runlim] sample:		10.00 time, 10.01 real, 74 MB, 1.08 load
[runlim] sample:		19.99 time, 20.01 real, 77 MB, 1.07 load
[runlim] sample:		29.99 time, 30.01 real, 80 MB, 1.06 load
[runlim] sample:		39.99 time, 40.01 real, 82 MB, 1.05 load
[runlim] sample:		49.98 time, 50.01 real, 99 MB, 1.12 load
[runlim] sample:		59.97 time, 60.01 real, 101 MB, 1.10 load
[runlim] sample:		69.97 time, 70.01 real, 104 MB, 1.09 load

--------------------------------------------------
Found solution!
Number of labels used: 14
--------------------------------------------------
Time taken: 71.61 seconds
Memory used: 64.99 MB
[runlim] end:			Thu Jun 11 22:13:39 2026
[runlim] status:		ok
[runlim] result:		0
[runlim] children:		1
[runlim] processes:		2
[runlim] real:			71.66 seconds
[runlim] time:			71.57 seconds
[runlim] space:			104 MB
[runlim] load:			1.12 maximum
[runlim] samples:		717
