[runlim] version:		2.0.0rc12
[runlim] host:			ap-Precision-7550
[runlim] time limit:		311040000 seconds
[runlim] real time limit:	600 seconds
[runlim] space limit:		14000 MB
[runlim] argv[0]:		python3
[runlim] argv[1]:		-u
[runlim] argv[2]:		main_no_processing.py
[runlim] argv[3]:		graph03
[runlim] argv[4]:		POSE
[runlim] start:			Thu Jun 11 22:22:52 2026
[runlim] child:			5932
---  POSE  ---
 solving MaxSAT (RC2)...
[runlim] sample:		10.00 time, 10.01 real, 54 MB, 1.02 load

--------------------------------------------------
Found solution!
Number of labels used: 20
--------------------------------------------------
Time taken: 10.59 seconds
Memory used: 53.23 MB
[runlim] end:			Thu Jun 11 22:23:03 2026
[runlim] status:		ok
[runlim] result:		0
[runlim] children:		1
[runlim] processes:		2
[runlim] real:			10.64 seconds
[runlim] time:			10.60 seconds
[runlim] space:			54 MB
[runlim] load:			1.03 maximum
[runlim] samples:		107
