[runlim] version:		2.0.0rc12
[runlim] host:			ap-Precision-7550
[runlim] time limit:		311040000 seconds
[runlim] real time limit:	600 seconds
[runlim] space limit:		14000 MB
[runlim] argv[0]:		python3
[runlim] argv[1]:		-u
[runlim] argv[2]:		main_no_processing.py
[runlim] argv[3]:		graph04
[runlim] argv[4]:		POSE
[runlim] start:			Thu Jun 11 22:23:03 2026
[runlim] child:			5936
---  POSE  ---
 solving MaxSAT (RC2)...
[runlim] sample:		10.00 time, 10.01 real, 81 MB, 1.10 load
[runlim] sample:		20.00 time, 20.01 real, 81 MB, 1.08 load
[runlim] sample:		29.99 time, 30.01 real, 74 MB, 1.07 load
[runlim] sample:		39.99 time, 40.01 real, 87 MB, 1.14 load

--------------------------------------------------
Found solution!
Number of labels used: 22
--------------------------------------------------
Time taken: 43.16 seconds
Memory used: 86.84 MB
[runlim] end:			Thu Jun 11 22:23:46 2026
[runlim] status:		ok
[runlim] result:		0
[runlim] children:		1
[runlim] processes:		2
[runlim] real:			43.22 seconds
[runlim] time:			43.19 seconds
[runlim] space:			89 MB
[runlim] load:			1.14 maximum
[runlim] samples:		433
