[runlim] version:		2.0.0rc12
[runlim] host:			ap-Precision-7550
[runlim] time limit:		311040000 seconds
[runlim] real time limit:	600 seconds
[runlim] space limit:		14000 MB
[runlim] argv[0]:		python3
[runlim] argv[1]:		-u
[runlim] argv[2]:		main_no_processing.py
[runlim] argv[3]:		scen02
[runlim] argv[4]:		POSE
[runlim] start:			Thu Jun 11 22:01:12 2026
[runlim] child:			5856
---  POSE  ---
 solving MaxSAT (RC2)...
[runlim] sample:		10.00 time, 10.01 real, 57 MB, 1.01 load
[runlim] sample:		20.00 time, 20.01 real, 68 MB, 1.01 load

--------------------------------------------------
Found solution!
Number of labels used: 14
--------------------------------------------------
Time taken: 29.21 seconds
Memory used: 69.39 MB
[runlim] end:			Thu Jun 11 22:01:41 2026
[runlim] status:		ok
[runlim] result:		0
[runlim] children:		1
[runlim] processes:		2
[runlim] real:			29.26 seconds
[runlim] time:			29.19 seconds
[runlim] space:			71 MB
[runlim] load:			1.01 maximum
[runlim] samples:		293
