[runlim] version:		2.0.0rc12
[runlim] host:			ap-Precision-7550
[runlim] time limit:		311040000 seconds
[runlim] real time limit:	600 seconds
[runlim] space limit:		14000 MB
[runlim] argv[0]:		python3
[runlim] argv[1]:		-u
[runlim] argv[2]:		main_no_processing.py
[runlim] argv[3]:		scen09
[runlim] argv[4]:		POSE
[runlim] start:			Thu Jun 11 22:24:53 2026
[runlim] child:			5975
---  POSE  ---
 solving MaxSAT (RC2)...
No solution found.
--------------------------------------------------
Time taken: 0.05 seconds
Memory used: 27.36 MB
[runlim] end:			Thu Jun 11 22:24:53 2026
[runlim] status:		ok
[runlim] result:		0
[runlim] children:		0
[runlim] processes:		0
[runlim] real:			0.10 seconds
[runlim] time:			0.00 seconds
[runlim] space:			0 MB
[runlim] load:			1.04 maximum
[runlim] samples:		1
