[runlim] version:		2.0.0rc12
[runlim] host:			ap-Precision-7550
[runlim] time limit:		311040000 seconds
[runlim] real time limit:	600 seconds
[runlim] space limit:		14000 MB
[runlim] argv[0]:		python3
[runlim] argv[1]:		-u
[runlim] argv[2]:		main_no_processing.py
[runlim] argv[3]:		scen03
[runlim] argv[4]:		POSE
[runlim] start:			Thu Jun 11 22:01:41 2026
[runlim] child:			5859
---  POSE  ---
 solving MaxSAT (RC2)...
[runlim] sample:		9.99 time, 10.01 real, 89 MB, 1.00 load
[runlim] sample:		19.99 time, 20.01 real, 89 MB, 1.00 load
[runlim] sample:		29.99 time, 30.01 real, 89 MB, 1.00 load
[runlim] sample:		39.98 time, 40.01 real, 104 MB, 1.00 load
[runlim] sample:		49.99 time, 50.01 real, 108 MB, 1.00 load
[runlim] sample:		59.98 time, 60.01 real, 109 MB, 1.00 load
[runlim] sample:		69.98 time, 70.01 real, 109 MB, 1.00 load
[runlim] sample:		79.97 time, 80.01 real, 110 MB, 1.00 load
[runlim] sample:		89.97 time, 90.01 real, 111 MB, 1.00 load
[runlim] sample:		99.96 time, 100.01 real, 111 MB, 1.00 load
[runlim] sample:		109.96 time, 110.01 real, 112 MB, 1.00 load
[runlim] sample:		119.96 time, 120.01 real, 113 MB, 1.00 load
[runlim] sample:		129.95 time, 130.01 real, 125 MB, 1.00 load
[runlim] sample:		139.94 time, 140.01 real, 131 MB, 1.00 load
[runlim] sample:		149.94 time, 150.01 real, 133 MB, 1.00 load

--------------------------------------------------
Found solution!
Number of labels used: 14
--------------------------------------------------
Time taken: 150.05 seconds
Memory used: 130.54 MB
[runlim] end:			Thu Jun 11 22:04:11 2026
[runlim] status:		ok
[runlim] result:		0
[runlim] children:		0
[runlim] processes:		2
[runlim] real:			150.11 seconds
[runlim] time:			150.04 seconds
[runlim] space:			133 MB
[runlim] load:			1.00 maximum
[runlim] samples:		1502
