[runlim] version:		2.0.0rc12
[runlim] host:			ap-Precision-7550
[runlim] time limit:		311040000 seconds
[runlim] real time limit:	600 seconds
[runlim] space limit:		14000 MB
[runlim] argv[0]:		python3
[runlim] argv[1]:		-u
[runlim] argv[2]:		main_no_processing.py
[runlim] argv[3]:		scen11
[runlim] argv[4]:		POSE
[runlim] start:			Thu Jun 11 22:04:15 2026
[runlim] child:			5867
---  POSE  ---
 solving MaxSAT (RC2)...
[runlim] sample:		10.00 time, 10.01 real, 109 MB, 1.00 load
[runlim] sample:		20.00 time, 20.01 real, 122 MB, 1.00 load
[runlim] sample:		29.99 time, 30.01 real, 124 MB, 1.00 load
[runlim] sample:		39.99 time, 40.01 real, 125 MB, 1.00 load
[runlim] sample:		49.98 time, 50.01 real, 128 MB, 1.00 load
[runlim] sample:		59.97 time, 60.01 real, 129 MB, 1.00 load
[runlim] sample:		69.97 time, 70.01 real, 133 MB, 1.00 load

--------------------------------------------------
Found solution!
Number of labels used: 22
--------------------------------------------------
Time taken: 71.15 seconds
Memory used: 128.74 MB
[runlim] end:			Thu Jun 11 22:05:26 2026
[runlim] status:		ok
[runlim] result:		0
[runlim] children:		1
[runlim] processes:		2
[runlim] real:			71.22 seconds
[runlim] time:			71.17 seconds
[runlim] space:			133 MB
[runlim] load:			1.00 maximum
[runlim] samples:		713
