[runlim] version:		2.0.0rc12
[runlim] host:			ap-Precision-7550
[runlim] time limit:		311040000 seconds
[runlim] real time limit:	600 seconds
[runlim] space limit:		14000 MB
[runlim] argv[0]:		python3
[runlim] argv[1]:		-u
[runlim] argv[2]:		main_no_processing.py
[runlim] argv[3]:		scen05
[runlim] argv[4]:		POSE
[runlim] start:			Thu Jun 11 22:24:48 2026
[runlim] child:			5963
---  POSE  ---
 solving MaxSAT (RC2)...

--------------------------------------------------
Found solution!
Number of labels used: 36
--------------------------------------------------
Time taken: 3.52 seconds
Memory used: 60.08 MB
[runlim] end:			Thu Jun 11 22:24:51 2026
[runlim] status:		ok
[runlim] result:		0
[runlim] children:		1
[runlim] processes:		2
[runlim] real:			3.58 seconds
[runlim] time:			3.49 seconds
[runlim] space:			65 MB
[runlim] load:			1.05 maximum
[runlim] samples:		36
