[runlim] version:		2.0.0rc12
[runlim] host:			ap-Precision-7550
[runlim] time limit:		311040000 seconds
[runlim] real time limit:	600 seconds
[runlim] space limit:		14000 MB
[runlim] argv[0]:		python3
[runlim] argv[1]:		-u
[runlim] argv[2]:		main_no_processing.py
[runlim] argv[3]:		TUD200.3
[runlim] argv[4]:		POSE
[runlim] start:			Thu Jun 11 22:24:57 2026
[runlim] child:			5987
---  POSE  ---
 solving MaxSAT (RC2)...

--------------------------------------------------
Found solution!
Number of labels used: 14
--------------------------------------------------
Time taken: 1.79 seconds
Memory used: 43.76 MB
[runlim] end:			Thu Jun 11 22:24:59 2026
[runlim] status:		ok
[runlim] result:		0
[runlim] children:		1
[runlim] processes:		2
[runlim] real:			1.84 seconds
[runlim] time:			1.80 seconds
[runlim] space:			45 MB
[runlim] load:			1.04 maximum
[runlim] samples:		19
