[runlim] version:		2.0.0rc12
[runlim] host:			ap-Precision-7550
[runlim] time limit:		311040000 seconds
[runlim] real time limit:	600 seconds
[runlim] space limit:		14000 MB
[runlim] argv[0]:		python3
[runlim] argv[1]:		-u
[runlim] argv[2]:		main_no_processing.py
[runlim] argv[3]:		TUD200.4
[runlim] argv[4]:		POSE
[runlim] start:			Thu Jun 11 22:24:59 2026
[runlim] child:			5990
---  POSE  ---
 solving MaxSAT (RC2)...

--------------------------------------------------
Found solution!
Number of labels used: 20
--------------------------------------------------
Time taken: 0.74 seconds
Memory used: 36.66 MB
[runlim] end:			Thu Jun 11 22:25:00 2026
[runlim] status:		ok
[runlim] result:		0
[runlim] children:		1
[runlim] processes:		2
[runlim] real:			0.79 seconds
[runlim] time:			0.70 seconds
[runlim] space:			39 MB
[runlim] load:			1.03 maximum
[runlim] samples:		8
