[runlim] version:		2.0.0rc12
[runlim] host:			ap-Precision-7550
[runlim] time limit:		311040000 seconds
[runlim] real time limit:	600 seconds
[runlim] space limit:		14000 MB
[runlim] argv[0]:		python3
[runlim] argv[1]:		-u
[runlim] argv[2]:		main_no_processing.py
[runlim] argv[3]:		TUD200.1
[runlim] argv[4]:		POSE
[runlim] start:			Thu Jun 11 22:24:53 2026
[runlim] child:			5981
---  POSE  ---
 solving MaxSAT (RC2)...

--------------------------------------------------
Found solution!
Number of labels used: 12
--------------------------------------------------
Time taken: 3.14 seconds
Memory used: 42.19 MB
[runlim] end:			Thu Jun 11 22:24:56 2026
[runlim] status:		ok
[runlim] result:		0
[runlim] children:		1
[runlim] processes:		2
[runlim] real:			3.19 seconds
[runlim] time:			3.10 seconds
[runlim] space:			51 MB
[runlim] load:			1.04 maximum
[runlim] samples:		32
