[runlim] version:		2.0.0rc12
[runlim] host:			ap-Precision-7550
[runlim] time limit:		311040000 seconds
[runlim] real time limit:	600 seconds
[runlim] space limit:		14000 MB
[runlim] argv[0]:		python3
[runlim] argv[1]:		-u
[runlim] argv[2]:		main_no_processing.py
[runlim] argv[3]:		TUD916.4
[runlim] argv[4]:		POSE
[runlim] start:			Thu Jun 11 22:26:02 2026
[runlim] child:			6008
---  POSE  ---
 solving MaxSAT (RC2)...
[runlim] sample:		9.99 time, 10.01 real, 109 MB, 1.14 load

--------------------------------------------------
Found solution!
Number of labels used: 26
--------------------------------------------------
Time taken: 13.96 seconds
Memory used: 97.10 MB
[runlim] end:			Thu Jun 11 22:26:16 2026
[runlim] status:		ok
[runlim] result:		0
[runlim] children:		1
[runlim] processes:		2
[runlim] real:			14.03 seconds
[runlim] time:			14.00 seconds
[runlim] space:			109 MB
[runlim] load:			1.14 maximum
[runlim] samples:		141
