[runlim] version:		2.0.0rc12
[runlim] host:			ap-Precision-7550
[runlim] time limit:		311040000 seconds
[runlim] real time limit:	600 seconds
[runlim] space limit:		14000 MB
[runlim] argv[0]:		python3
[runlim] argv[1]:		-u
[runlim] argv[2]:		main_no_processing.py
[runlim] argv[3]:		TUD916.5
[runlim] argv[4]:		POSE
[runlim] start:			Thu Jun 11 22:26:16 2026
[runlim] child:			6011
---  POSE  ---
 solving MaxSAT (RC2)...
No solution found.
--------------------------------------------------
Time taken: 0.63 seconds
Memory used: 97.29 MB
[runlim] end:			Thu Jun 11 22:26:17 2026
[runlim] status:		ok
[runlim] result:		0
[runlim] children:		1
[runlim] processes:		2
[runlim] real:			0.70 seconds
[runlim] time:			0.60 seconds
[runlim] space:			99 MB
[runlim] load:			1.13 maximum
[runlim] samples:		7
