[runlim] version:		2.0.0rc12
[runlim] host:			ap-Precision-7550
[runlim] time limit:		311040000 seconds
[runlim] real time limit:	600 seconds
[runlim] space limit:		14000 MB
[runlim] argv[0]:		python3
[runlim] argv[1]:		-u
[runlim] argv[2]:		main_no_processing.py
[runlim] argv[3]:		TUD916.2
[runlim] argv[4]:		POSE
[runlim] start:			Thu Jun 11 22:25:23 2026
[runlim] child:			6002
---  POSE  ---
 solving MaxSAT (RC2)...
[runlim] sample:		9.99 time, 10.01 real, 112 MB, 1.02 load

--------------------------------------------------
Found solution!
Number of labels used: 48
--------------------------------------------------
Time taken: 15.38 seconds
Memory used: 99.56 MB
[runlim] end:			Thu Jun 11 22:25:39 2026
[runlim] status:		ok
[runlim] result:		0
[runlim] children:		1
[runlim] processes:		2
[runlim] real:			15.45 seconds
[runlim] time:			15.39 seconds
[runlim] space:			112 MB
[runlim] load:			1.10 maximum
[runlim] samples:		155
