[runlim] version:		2.0.0rc12
[runlim] host:			ap-Precision-7550
[runlim] time limit:		311040000 seconds
[runlim] real time limit:	600 seconds
[runlim] space limit:		14000 MB
[runlim] argv[0]:		python3
[runlim] argv[1]:		-u
[runlim] argv[2]:		main_no.py
[runlim] argv[3]:		graph03
[runlim] start:			Wed Mar 25 10:35:00 2026
[runlim] child:			7000
Building Gurobi model...
Set parameter WLSAccessID
Set parameter WLSSecret
Set parameter LicenseID to value 2663665
Academic license 2663665 - for non-commercial use only - registered to tu___@vnu.edu.vn
Build time used: 3.52 sec
Solving...
{1: 512, 2: 750, 3: 666, 4: 428, 5: 554, 6: 792, 7: 142, 8: 380, 9: 142, 10: 380, 11: 142, 12: 380, 13: 58, 14: 296, 15: 114, 16: 352, 17: 114, 18: 352, 19: 58, 20: 296, 21: 16, 22: 254, 23: 86, 24: 324, 25: 708, 26: 470, 27: 680, 28: 442, 29: 666, 30: 428, 31: 128, 32: 366, 33: 736, 34: 498, 35: 142, 36: 380, 37: 72, 38: 310, 39: 16, 40: 254, 41: 764, 42: 526, 43: 722, 44: 484, 45: 58, 46: 296, 47: 86, 48: 324, 49: 30, 50: 268, 51: 680, 52: 442, 53: 666, 54: 428, 55: 44, 56: 282, 57: 86, 58: 324, 59: 114, 60: 352, 61: 86, 62: 324, 63: 792, 64: 554, 65: 16, 66: 254, 67: 100, 68: 338, 69: 750, 70: 512, 71: 142, 72: 380, 73: 142, 74: 380, 75: 16, 76: 254, 77: 736, 78: 498, 79: 16, 80: 254, 81: 86, 82: 324, 83: 778, 84: 540, 85: 16, 86: 254, 87: 792, 88: 554, 89: 708, 90: 470, 91: 16, 92: 254, 93: 778, 94: 540, 95: 142, 96: 380, 97: 750, 98: 512, 99: 44, 100: 282, 101: 16, 102: 254, 103: 666, 104: 428, 105: 694, 106: 456, 107: 708, 108: 470, 109: 666, 110: 428, 111: 792, 112: 554, 113: 16, 114: 254, 115: 58, 116: 296, 117: 142, 118: 380, 119: 764, 120: 526, 121: 114, 122: 352, 123: 792, 124: 554, 125: 142, 126: 380, 127: 72, 128: 310, 129: 16, 130: 254, 131: 142, 132: 380, 133: 72, 134: 310, 135: 792, 136: 554, 137: 114, 138: 352, 139: 86, 140: 324, 141: 100, 142: 338, 143: 750, 144: 512, 145: 30, 146: 268, 147: 736, 148: 498, 149: 128, 150: 366, 151: 44, 152: 282, 153: 792, 154: 554, 155: 86, 156: 324, 157: 16, 158: 254, 159: 58, 160: 296, 161: 736, 162: 498, 163: 694, 164: 456, 165: 86, 166: 324, 167: 16, 168: 254, 169: 680, 170: 442, 171: 128, 172: 366, 173: 44, 174: 282, 175: 100, 176: 338, 177: 764, 178: 526, 179: 72, 180: 310, 181: 694, 182: 456, 183: 86, 184: 324, 185: 666, 186: 428, 187: 58, 188: 296, 189: 30, 190: 268, 191: 16, 192: 254, 193: 58, 194: 296, 195: 44, 196: 282, 197: 128, 198: 366, 199: 30, 200: 268}

Number of labels used: 40
Total time used: 5.36 sec
Memory used: 306.33 MB
================================
[runlim] sample:		14.51 time, 10.01 real, 331 MB, 2.96 load
[runlim] sample:		31.63 time, 20.01 real, 607 MB, 2.66 load
[runlim] sample:		71.82 time, 30.01 real, 630 MB, 2.86 load
[runlim] sample:		112.02 time, 40.01 real, 637 MB, 3.04 load
[runlim] sample:		152.21 time, 50.01 real, 641 MB, 3.19 load
{1: 792, 2: 554, 3: 792, 4: 554, 5: 142, 6: 380, 7: 792, 8: 554, 9: 792, 10: 554, 11: 142, 12: 380, 13: 58, 14: 296, 15: 114, 16: 352, 17: 792, 18: 554, 19: 58, 20: 296, 21: 792, 22: 554, 23: 86, 24: 324, 25: 100, 26: 338, 27: 100, 28: 338, 29: 114, 30: 352, 31: 128, 32: 366, 33: 44, 34: 282, 35: 708, 36: 470, 37: 72, 38: 310, 39: 16, 40: 254, 41: 16, 42: 254, 43: 142, 44: 380, 45: 58, 46: 296, 47: 86, 48: 324, 49: 30, 50: 268, 51: 128, 52: 366, 53: 736, 54: 498, 55: 764, 56: 526, 57: 86, 58: 324, 59: 114, 60: 352, 61: 708, 62: 470, 63: 16, 64: 254, 65: 58, 66: 296, 67: 44, 68: 282, 69: 778, 70: 540, 71: 708, 72: 470, 73: 142, 74: 380, 75: 736, 76: 498, 77: 764, 78: 526, 79: 16, 80: 254, 81: 778, 82: 540, 83: 30, 84: 268, 85: 16, 86: 254, 87: 16, 88: 254, 89: 72, 90: 310, 91: 16, 92: 254, 93: 30, 94: 268, 95: 142, 96: 380, 97: 30, 98: 268, 99: 44, 100: 282, 101: 16, 102: 254, 103: 142, 104: 380, 105: 86, 106: 324, 107: 778, 108: 540, 109: 142, 110: 380, 111: 16, 112: 254, 113: 16, 114: 254, 115: 764, 116: 526, 117: 666, 118: 428, 119: 44, 120: 282, 121: 694, 122: 456, 123: 72, 124: 310, 125: 142, 126: 380, 127: 708, 128: 470, 129: 764, 130: 526, 131: 666, 132: 428, 133: 72, 134: 310, 135: 666, 136: 428, 137: 114, 138: 352, 139: 86, 140: 324, 141: 100, 142: 338, 143: 764, 144: 526, 145: 30, 146: 268, 147: 72, 148: 310, 149: 666, 150: 428, 151: 44, 152: 282, 153: 16, 154: 254, 155: 86, 156: 324, 157: 16, 158: 254, 159: 792, 160: 554, 161: 128, 162: 366, 163: 708, 164: 470, 165: 86, 166: 324, 167: 792, 168: 554, 169: 666, 170: 428, 171: 128, 172: 366, 173: 750, 174: 512, 175: 100, 176: 338, 177: 44, 178: 282, 179: 750, 180: 512, 181: 114, 182: 352, 183: 86, 184: 324, 185: 736, 186: 498, 187: 58, 188: 296, 189: 778, 190: 540, 191: 16, 192: 254, 193: 58, 194: 296, 195: 44, 196: 282, 197: 128, 198: 366, 199: 30, 200: 268}

Number of labels used: 36
Total time used: 56.89 sec
Memory used: 723.54 MB
================================
[runlim] sample:		192.39 time, 60.01 real, 796 MB, 3.31 load
[runlim] sample:		232.54 time, 70.01 real, 801 MB, 3.42 load
[runlim] sample:		272.74 time, 80.01 real, 803 MB, 3.51 load
[runlim] sample:		312.95 time, 90.01 real, 838 MB, 3.58 load
[runlim] sample:		353.17 time, 100.01 real, 839 MB, 3.65 load
{1: 666, 2: 428, 3: 666, 4: 428, 5: 142, 6: 380, 7: 142, 8: 380, 9: 142, 10: 380, 11: 142, 12: 380, 13: 58, 14: 296, 15: 114, 16: 352, 17: 114, 18: 352, 19: 58, 20: 296, 21: 16, 22: 254, 23: 86, 24: 324, 25: 708, 26: 470, 27: 708, 28: 470, 29: 114, 30: 352, 31: 128, 32: 366, 33: 44, 34: 282, 35: 142, 36: 380, 37: 72, 38: 310, 39: 16, 40: 254, 41: 16, 42: 254, 43: 86, 44: 324, 45: 750, 46: 512, 47: 86, 48: 324, 49: 30, 50: 268, 51: 128, 52: 366, 53: 666, 54: 428, 55: 44, 56: 282, 57: 86, 58: 324, 59: 114, 60: 352, 61: 86, 62: 324, 63: 792, 64: 554, 65: 750, 66: 512, 67: 792, 68: 554, 69: 30, 70: 268, 71: 142, 72: 380, 73: 142, 74: 380, 75: 750, 76: 512, 77: 44, 78: 282, 79: 16, 80: 254, 81: 86, 82: 324, 83: 778, 84: 540, 85: 16, 86: 254, 87: 792, 88: 554, 89: 72, 90: 310, 91: 16, 92: 254, 93: 778, 94: 540, 95: 142, 96: 380, 97: 30, 98: 268, 99: 44, 100: 282, 101: 750, 102: 512, 103: 666, 104: 428, 105: 86, 106: 324, 107: 708, 108: 470, 109: 666, 110: 428, 111: 792, 112: 554, 113: 16, 114: 254, 115: 58, 116: 296, 117: 142, 118: 380, 119: 764, 120: 526, 121: 114, 122: 352, 123: 792, 124: 554, 125: 142, 126: 380, 127: 72, 128: 310, 129: 114, 130: 352, 131: 142, 132: 380, 133: 72, 134: 310, 135: 142, 136: 380, 137: 792, 138: 554, 139: 86, 140: 324, 141: 666, 142: 428, 143: 58, 144: 296, 145: 764, 146: 526, 147: 30, 148: 268, 149: 128, 150: 366, 151: 44, 152: 282, 153: 16, 154: 254, 155: 86, 156: 324, 157: 16, 158: 254, 159: 58, 160: 296, 161: 72, 162: 310, 163: 694, 164: 456, 165: 86, 166: 324, 167: 16, 168: 254, 169: 680, 170: 442, 171: 128, 172: 366, 173: 44, 174: 282, 175: 792, 176: 554, 177: 764, 178: 526, 179: 72, 180: 310, 181: 694, 182: 456, 183: 86, 184: 324, 185: 142, 186: 380, 187: 58, 188: 296, 189: 30, 190: 268, 191: 16, 192: 254, 193: 708, 194: 470, 195: 764, 196: 526, 197: 128, 198: 366, 199: 30, 200: 268}

Number of labels used: 34
Total time used: 103.03 sec
Memory used: 840.32 MB
================================
{1: 666, 2: 428, 3: 666, 4: 428, 5: 142, 6: 380, 7: 142, 8: 380, 9: 142, 10: 380, 11: 142, 12: 380, 13: 58, 14: 296, 15: 114, 16: 352, 17: 114, 18: 352, 19: 58, 20: 296, 21: 16, 22: 254, 23: 86, 24: 324, 25: 708, 26: 470, 27: 708, 28: 470, 29: 114, 30: 352, 31: 128, 32: 366, 33: 44, 34: 282, 35: 142, 36: 380, 37: 72, 38: 310, 39: 16, 40: 254, 41: 16, 42: 254, 43: 86, 44: 324, 45: 750, 46: 512, 47: 86, 48: 324, 49: 30, 50: 268, 51: 128, 52: 366, 53: 666, 54: 428, 55: 44, 56: 282, 57: 86, 58: 324, 59: 114, 60: 352, 61: 86, 62: 324, 63: 792, 64: 554, 65: 750, 66: 512, 67: 792, 68: 554, 69: 30, 70: 268, 71: 142, 72: 380, 73: 142, 74: 380, 75: 750, 76: 512, 77: 44, 78: 282, 79: 16, 80: 254, 81: 86, 82: 324, 83: 778, 84: 540, 85: 16, 86: 254, 87: 792, 88: 554, 89: 72, 90: 310, 91: 16, 92: 254, 93: 778, 94: 540, 95: 142, 96: 380, 97: 30, 98: 268, 99: 44, 100: 282, 101: 750, 102: 512, 103: 666, 104: 428, 105: 86, 106: 324, 107: 708, 108: 470, 109: 666, 110: 428, 111: 792, 112: 554, 113: 16, 114: 254, 115: 58, 116: 296, 117: 142, 118: 380, 119: 764, 120: 526, 121: 114, 122: 352, 123: 792, 124: 554, 125: 142, 126: 380, 127: 72, 128: 310, 129: 114, 130: 352, 131: 142, 132: 380, 133: 72, 134: 310, 135: 142, 136: 380, 137: 792, 138: 554, 139: 86, 140: 324, 141: 666, 142: 428, 143: 58, 144: 296, 145: 764, 146: 526, 147: 30, 148: 268, 149: 128, 150: 366, 151: 44, 152: 282, 153: 16, 154: 254, 155: 86, 156: 324, 157: 16, 158: 254, 159: 58, 160: 296, 161: 72, 162: 310, 163: 694, 164: 456, 165: 86, 166: 324, 167: 16, 168: 254, 169: 680, 170: 442, 171: 128, 172: 366, 173: 44, 174: 282, 175: 792, 176: 554, 177: 764, 178: 526, 179: 72, 180: 310, 181: 694, 182: 456, 183: 86, 184: 324, 185: 142, 186: 380, 187: 58, 188: 296, 189: 30, 190: 268, 191: 16, 192: 254, 193: 708, 194: 470, 195: 764, 196: 526, 197: 128, 198: 366, 199: 30, 200: 268}

Number of labels used: 34
Total time used: 103.04 sec
Memory used: 840.32 MB
================================
{1: 750, 2: 512, 3: 142, 4: 380, 5: 142, 6: 380, 7: 142, 8: 380, 9: 142, 10: 380, 11: 142, 12: 380, 13: 58, 14: 296, 15: 114, 16: 352, 17: 114, 18: 352, 19: 58, 20: 296, 21: 16, 22: 254, 23: 86, 24: 324, 25: 708, 26: 470, 27: 708, 28: 470, 29: 114, 30: 352, 31: 128, 32: 366, 33: 44, 34: 282, 35: 142, 36: 380, 37: 72, 38: 310, 39: 16, 40: 254, 41: 16, 42: 254, 43: 86, 44: 324, 45: 750, 46: 512, 47: 86, 48: 324, 49: 30, 50: 268, 51: 128, 52: 366, 53: 128, 54: 366, 55: 750, 56: 512, 57: 86, 58: 324, 59: 114, 60: 352, 61: 86, 62: 324, 63: 792, 64: 554, 65: 750, 66: 512, 67: 708, 68: 470, 69: 30, 70: 268, 71: 142, 72: 380, 73: 142, 74: 380, 75: 750, 76: 512, 77: 44, 78: 282, 79: 16, 80: 254, 81: 86, 82: 324, 83: 778, 84: 540, 85: 792, 86: 554, 87: 792, 88: 554, 89: 72, 90: 310, 91: 16, 92: 254, 93: 778, 94: 540, 95: 142, 96: 380, 97: 30, 98: 268, 99: 44, 100: 282, 101: 778, 102: 540, 103: 114, 104: 352, 105: 778, 106: 540, 107: 708, 108: 470, 109: 142, 110: 380, 111: 792, 112: 554, 113: 16, 114: 254, 115: 58, 116: 296, 117: 142, 118: 380, 119: 764, 120: 526, 121: 114, 122: 352, 123: 16, 124: 254, 125: 142, 126: 380, 127: 72, 128: 310, 129: 114, 130: 352, 131: 142, 132: 380, 133: 72, 134: 310, 135: 142, 136: 380, 137: 114, 138: 352, 139: 86, 140: 324, 141: 708, 142: 470, 143: 750, 144: 512, 145: 764, 146: 526, 147: 44, 148: 282, 149: 128, 150: 366, 151: 44, 152: 282, 153: 792, 154: 554, 155: 86, 156: 324, 157: 16, 158: 254, 159: 58, 160: 296, 161: 72, 162: 310, 163: 694, 164: 456, 165: 86, 166: 324, 167: 16, 168: 254, 169: 680, 170: 442, 171: 128, 172: 366, 173: 44, 174: 282, 175: 764, 176: 526, 177: 764, 178: 526, 179: 72, 180: 310, 181: 694, 182: 456, 183: 86, 184: 324, 185: 142, 186: 380, 187: 58, 188: 296, 189: 30, 190: 268, 191: 16, 192: 254, 193: 750, 194: 512, 195: 764, 196: 526, 197: 128, 198: 366, 199: 30, 200: 268}

Number of labels used: 32
Total time used: 109.87 sec
Memory used: 858.19 MB
================================
{1: 750, 2: 512, 3: 142, 4: 380, 5: 142, 6: 380, 7: 142, 8: 380, 9: 142, 10: 380, 11: 142, 12: 380, 13: 58, 14: 296, 15: 114, 16: 352, 17: 114, 18: 352, 19: 58, 20: 296, 21: 16, 22: 254, 23: 86, 24: 324, 25: 708, 26: 470, 27: 708, 28: 470, 29: 114, 30: 352, 31: 128, 32: 366, 33: 44, 34: 282, 35: 142, 36: 380, 37: 72, 38: 310, 39: 16, 40: 254, 41: 16, 42: 254, 43: 86, 44: 324, 45: 750, 46: 512, 47: 86, 48: 324, 49: 30, 50: 268, 51: 128, 52: 366, 53: 128, 54: 366, 55: 750, 56: 512, 57: 86, 58: 324, 59: 114, 60: 352, 61: 86, 62: 324, 63: 792, 64: 554, 65: 750, 66: 512, 67: 708, 68: 470, 69: 30, 70: 268, 71: 142, 72: 380, 73: 142, 74: 380, 75: 750, 76: 512, 77: 44, 78: 282, 79: 16, 80: 254, 81: 86, 82: 324, 83: 778, 84: 540, 85: 792, 86: 554, 87: 792, 88: 554, 89: 72, 90: 310, 91: 16, 92: 254, 93: 778, 94: 540, 95: 142, 96: 380, 97: 30, 98: 268, 99: 44, 100: 282, 101: 778, 102: 540, 103: 114, 104: 352, 105: 778, 106: 540, 107: 708, 108: 470, 109: 142, 110: 380, 111: 792, 112: 554, 113: 16, 114: 254, 115: 58, 116: 296, 117: 142, 118: 380, 119: 764, 120: 526, 121: 114, 122: 352, 123: 16, 124: 254, 125: 142, 126: 380, 127: 72, 128: 310, 129: 114, 130: 352, 131: 142, 132: 380, 133: 72, 134: 310, 135: 142, 136: 380, 137: 114, 138: 352, 139: 86, 140: 324, 141: 708, 142: 470, 143: 750, 144: 512, 145: 764, 146: 526, 147: 44, 148: 282, 149: 128, 150: 366, 151: 44, 152: 282, 153: 792, 154: 554, 155: 86, 156: 324, 157: 16, 158: 254, 159: 58, 160: 296, 161: 72, 162: 310, 163: 694, 164: 456, 165: 86, 166: 324, 167: 16, 168: 254, 169: 680, 170: 442, 171: 128, 172: 366, 173: 44, 174: 282, 175: 764, 176: 526, 177: 764, 178: 526, 179: 72, 180: 310, 181: 694, 182: 456, 183: 86, 184: 324, 185: 142, 186: 380, 187: 58, 188: 296, 189: 30, 190: 268, 191: 16, 192: 254, 193: 750, 194: 512, 195: 764, 196: 526, 197: 128, 198: 366, 199: 30, 200: 268}

Number of labels used: 32
Total time used: 109.88 sec
Memory used: 858.19 MB
================================
[runlim] sample:		393.36 time, 110.01 real, 857 MB, 3.70 load
[runlim] sample:		427.54 time, 120.01 real, 806 MB, 3.75 load
[runlim] sample:		442.00 time, 130.01 real, 832 MB, 3.33 load
[runlim] sample:		452.18 time, 140.01 real, 856 MB, 2.97 load
[runlim] sample:		462.33 time, 150.01 real, 857 MB, 2.67 load
[runlim] sample:		472.48 time, 160.01 real, 858 MB, 2.41 load
[runlim] sample:		482.64 time, 170.01 real, 861 MB, 2.19 load
[runlim] sample:		492.81 time, 180.01 real, 909 MB, 2.01 load
[runlim] sample:		502.96 time, 190.01 real, 909 MB, 1.93 load
[runlim] sample:		527.50 time, 200.01 real, 1045 MB, 2.02 load
[runlim] sample:		567.64 time, 210.01 real, 1226 MB, 2.33 load
[runlim] sample:		607.79 time, 220.01 real, 1225 MB, 2.59 load
[runlim] sample:		647.94 time, 230.01 real, 1241 MB, 2.80 load
[runlim] sample:		685.63 time, 240.01 real, 1330 MB, 2.99 load
[runlim] sample:		725.78 time, 250.01 real, 1400 MB, 3.14 load
[runlim] sample:		765.94 time, 260.01 real, 1402 MB, 3.35 load
[runlim] sample:		806.11 time, 270.01 real, 1377 MB, 3.45 load
[runlim] sample:		842.94 time, 280.01 real, 1370 MB, 3.54 load
[runlim] sample:		883.08 time, 290.01 real, 1591 MB, 3.61 load
[runlim] sample:		923.25 time, 300.01 real, 1648 MB, 3.75 load
[runlim] sample:		963.41 time, 310.01 real, 1649 MB, 3.87 load
[runlim] sample:		1003.56 time, 320.01 real, 1649 MB, 4.04 load
[runlim] sample:		1043.72 time, 330.01 real, 1685 MB, 4.03 load
[runlim] sample:		1083.89 time, 340.01 real, 1685 MB, 4.02 load
[runlim] sample:		1124.07 time, 350.01 real, 1648 MB, 4.02 load
[runlim] sample:		1164.25 time, 360.01 real, 1649 MB, 4.02 load
[runlim] sample:		1204.43 time, 370.01 real, 1650 MB, 4.01 load
[runlim] sample:		1244.61 time, 380.01 real, 1650 MB, 4.01 load
{1: 680, 2: 442, 3: 142, 4: 380, 5: 142, 6: 380, 7: 142, 8: 380, 9: 142, 10: 380, 11: 142, 12: 380, 13: 58, 14: 296, 15: 114, 16: 352, 17: 114, 18: 352, 19: 58, 20: 296, 21: 792, 22: 554, 23: 86, 24: 324, 25: 708, 26: 470, 27: 708, 28: 470, 29: 114, 30: 352, 31: 128, 32: 366, 33: 44, 34: 282, 35: 142, 36: 380, 37: 72, 38: 310, 39: 16, 40: 254, 41: 16, 42: 254, 43: 86, 44: 324, 45: 58, 46: 296, 47: 86, 48: 324, 49: 764, 50: 526, 51: 128, 52: 366, 53: 142, 54: 380, 55: 44, 56: 282, 57: 86, 58: 324, 59: 114, 60: 352, 61: 86, 62: 324, 63: 792, 64: 554, 65: 58, 66: 296, 67: 708, 68: 470, 69: 30, 70: 268, 71: 142, 72: 380, 73: 142, 74: 380, 75: 750, 76: 512, 77: 764, 78: 526, 79: 16, 80: 254, 81: 86, 82: 324, 83: 30, 84: 268, 85: 792, 86: 554, 87: 792, 88: 554, 89: 72, 90: 310, 91: 16, 92: 254, 93: 30, 94: 268, 95: 142, 96: 380, 97: 30, 98: 268, 99: 44, 100: 282, 101: 16, 102: 254, 103: 114, 104: 352, 105: 86, 106: 324, 107: 792, 108: 554, 109: 142, 110: 380, 111: 792, 112: 554, 113: 16, 114: 254, 115: 58, 116: 296, 117: 142, 118: 380, 119: 764, 120: 526, 121: 114, 122: 352, 123: 16, 124: 254, 125: 142, 126: 380, 127: 72, 128: 310, 129: 114, 130: 352, 131: 142, 132: 380, 133: 72, 134: 310, 135: 142, 136: 380, 137: 708, 138: 470, 139: 86, 140: 324, 141: 708, 142: 470, 143: 750, 144: 512, 145: 764, 146: 526, 147: 44, 148: 282, 149: 128, 150: 366, 151: 44, 152: 282, 153: 792, 154: 554, 155: 86, 156: 324, 157: 16, 158: 254, 159: 58, 160: 296, 161: 72, 162: 310, 163: 694, 164: 456, 165: 86, 166: 324, 167: 16, 168: 254, 169: 680, 170: 442, 171: 128, 172: 366, 173: 44, 174: 282, 175: 764, 176: 526, 177: 764, 178: 526, 179: 72, 180: 310, 181: 694, 182: 456, 183: 86, 184: 324, 185: 142, 186: 380, 187: 58, 188: 296, 189: 30, 190: 268, 191: 16, 192: 254, 193: 750, 194: 512, 195: 764, 196: 526, 197: 128, 198: 366, 199: 750, 200: 512}

Number of labels used: 30
Total time used: 385.52 sec
Memory used: 1651.06 MB
================================
[runlim] sample:		1284.77 time, 390.01 real, 1668 MB, 4.01 load
[runlim] sample:		1324.94 time, 400.01 real, 1669 MB, 4.01 load
[runlim] sample:		1365.12 time, 410.01 real, 1690 MB, 4.01 load
{1: 750, 2: 512, 3: 142, 4: 380, 5: 142, 6: 380, 7: 142, 8: 380, 9: 142, 10: 380, 11: 142, 12: 380, 13: 750, 14: 512, 15: 114, 16: 352, 17: 114, 18: 352, 19: 792, 20: 554, 21: 16, 22: 254, 23: 86, 24: 324, 25: 708, 26: 470, 27: 694, 28: 456, 29: 114, 30: 352, 31: 128, 32: 366, 33: 44, 34: 282, 35: 142, 36: 380, 37: 72, 38: 310, 39: 16, 40: 254, 41: 16, 42: 254, 43: 86, 44: 324, 45: 750, 46: 512, 47: 86, 48: 324, 49: 30, 50: 268, 51: 128, 52: 366, 53: 142, 54: 380, 55: 44, 56: 282, 57: 86, 58: 324, 59: 554, 60: 792, 61: 86, 62: 324, 63: 16, 64: 254, 65: 750, 66: 512, 67: 708, 68: 470, 69: 30, 70: 268, 71: 142, 72: 380, 73: 142, 74: 380, 75: 750, 76: 512, 77: 764, 78: 526, 79: 16, 80: 254, 81: 86, 82: 324, 83: 30, 84: 268, 85: 16, 86: 254, 87: 16, 88: 254, 89: 72, 90: 310, 91: 16, 92: 254, 93: 30, 94: 268, 95: 142, 96: 380, 97: 30, 98: 268, 99: 44, 100: 282, 101: 16, 102: 254, 103: 114, 104: 352, 105: 86, 106: 324, 107: 792, 108: 554, 109: 142, 110: 380, 111: 792, 112: 554, 113: 16, 114: 254, 115: 750, 116: 512, 117: 142, 118: 380, 119: 764, 120: 526, 121: 114, 122: 352, 123: 16, 124: 254, 125: 142, 126: 380, 127: 72, 128: 310, 129: 114, 130: 352, 131: 142, 132: 380, 133: 72, 134: 310, 135: 142, 136: 380, 137: 114, 138: 352, 139: 86, 140: 324, 141: 708, 142: 470, 143: 750, 144: 512, 145: 30, 146: 268, 147: 44, 148: 282, 149: 128, 150: 366, 151: 44, 152: 282, 153: 792, 154: 554, 155: 86, 156: 324, 157: 16, 158: 254, 159: 750, 160: 512, 161: 72, 162: 310, 163: 694, 164: 456, 165: 86, 166: 324, 167: 16, 168: 254, 169: 680, 170: 442, 171: 128, 172: 366, 173: 44, 174: 282, 175: 750, 176: 512, 177: 44, 178: 282, 179: 72, 180: 310, 181: 694, 182: 456, 183: 86, 184: 324, 185: 142, 186: 380, 187: 750, 188: 512, 189: 30, 190: 268, 191: 16, 192: 254, 193: 750, 194: 512, 195: 44, 196: 282, 197: 128, 198: 366, 199: 30, 200: 268}

Number of labels used: 28
Total time used: 418.39 sec
Memory used: 1691.03 MB
================================
[runlim] sample:		1405.30 time, 420.01 real, 1690 MB, 4.00 load
[runlim] sample:		1445.45 time, 430.01 real, 1723 MB, 4.00 load
[runlim] sample:		1485.59 time, 440.01 real, 1743 MB, 4.00 load
[runlim] sample:		1525.76 time, 450.01 real, 1878 MB, 4.00 load
[runlim] sample:		1565.94 time, 460.01 real, 1723 MB, 4.16 load
[runlim] sample:		1606.12 time, 470.01 real, 1726 MB, 4.14 load
[runlim] sample:		1646.29 time, 480.01 real, 1822 MB, 4.26 load
[runlim] sample:		1686.46 time, 490.01 real, 1724 MB, 4.30 load
{1: 750, 2: 512, 3: 142, 4: 380, 5: 142, 6: 380, 7: 142, 8: 380, 9: 142, 10: 380, 11: 142, 12: 380, 13: 750, 14: 512, 15: 114, 16: 352, 17: 114, 18: 352, 19: 792, 20: 554, 21: 16, 22: 254, 23: 86, 24: 324, 25: 708, 26: 470, 27: 750, 28: 512, 29: 114, 30: 352, 31: 128, 32: 366, 33: 44, 34: 282, 35: 142, 36: 380, 37: 72, 38: 310, 39: 16, 40: 254, 41: 16, 42: 254, 43: 86, 44: 324, 45: 750, 46: 512, 47: 86, 48: 324, 49: 30, 50: 268, 51: 128, 52: 366, 53: 142, 54: 380, 55: 44, 56: 282, 57: 86, 58: 324, 59: 554, 60: 792, 61: 86, 62: 324, 63: 792, 64: 554, 65: 750, 66: 512, 67: 694, 68: 456, 69: 30, 70: 268, 71: 142, 72: 380, 73: 142, 74: 380, 75: 750, 76: 512, 77: 44, 78: 282, 79: 16, 80: 254, 81: 86, 82: 324, 83: 30, 84: 268, 85: 16, 86: 254, 87: 16, 88: 254, 89: 72, 90: 310, 91: 16, 92: 254, 93: 30, 94: 268, 95: 142, 96: 380, 97: 30, 98: 268, 99: 44, 100: 282, 101: 16, 102: 254, 103: 142, 104: 380, 105: 86, 106: 324, 107: 792, 108: 554, 109: 142, 110: 380, 111: 792, 112: 554, 113: 16, 114: 254, 115: 750, 116: 512, 117: 708, 118: 470, 119: 44, 120: 282, 121: 114, 122: 352, 123: 16, 124: 254, 125: 142, 126: 380, 127: 72, 128: 310, 129: 114, 130: 352, 131: 142, 132: 380, 133: 72, 134: 310, 135: 142, 136: 380, 137: 114, 138: 352, 139: 86, 140: 324, 141: 750, 142: 512, 143: 750, 144: 512, 145: 30, 146: 268, 147: 72, 148: 310, 149: 128, 150: 366, 151: 44, 152: 282, 153: 792, 154: 554, 155: 86, 156: 324, 157: 16, 158: 254, 159: 750, 160: 512, 161: 72, 162: 310, 163: 114, 164: 352, 165: 86, 166: 324, 167: 16, 168: 254, 169: 680, 170: 442, 171: 128, 172: 366, 173: 44, 174: 282, 175: 750, 176: 512, 177: 44, 178: 282, 179: 72, 180: 310, 181: 694, 182: 456, 183: 86, 184: 324, 185: 142, 186: 380, 187: 750, 188: 512, 189: 30, 190: 268, 191: 16, 192: 254, 193: 792, 194: 554, 195: 44, 196: 282, 197: 128, 198: 366, 199: 30, 200: 268}

Number of labels used: 26
Total time used: 496.23 sec
Memory used: 1725.56 MB
================================
{1: 708, 2: 470, 3: 142, 4: 380, 5: 142, 6: 380, 7: 142, 8: 380, 9: 142, 10: 380, 11: 142, 12: 380, 13: 708, 14: 470, 15: 114, 16: 352, 17: 114, 18: 352, 19: 750, 20: 512, 21: 16, 22: 254, 23: 86, 24: 324, 25: 708, 26: 470, 27: 708, 28: 470, 29: 114, 30: 352, 31: 128, 32: 366, 33: 764, 34: 526, 35: 142, 36: 380, 37: 736, 38: 498, 39: 16, 40: 254, 41: 16, 42: 254, 43: 86, 44: 324, 45: 750, 46: 512, 47: 86, 48: 324, 49: 30, 50: 268, 51: 128, 52: 366, 53: 142, 54: 380, 55: 764, 56: 526, 57: 86, 58: 324, 59: 114, 60: 352, 61: 86, 62: 324, 63: 16, 64: 254, 65: 750, 66: 512, 67: 708, 68: 470, 69: 30, 70: 268, 71: 142, 72: 380, 73: 142, 74: 380, 75: 750, 76: 512, 77: 736, 78: 498, 79: 16, 80: 254, 81: 86, 82: 324, 83: 778, 84: 540, 85: 16, 86: 254, 87: 16, 88: 254, 89: 736, 90: 498, 91: 16, 92: 254, 93: 30, 94: 268, 95: 142, 96: 380, 97: 30, 98: 268, 99: 764, 100: 526, 101: 16, 102: 254, 103: 142, 104: 380, 105: 86, 106: 324, 107: 708, 108: 470, 109: 142, 110: 380, 111: 16, 112: 254, 113: 16, 114: 254, 115: 750, 116: 512, 117: 142, 118: 380, 119: 764, 120: 526, 121: 694, 122: 456, 123: 16, 124: 254, 125: 142, 126: 380, 127: 736, 128: 498, 129: 114, 130: 352, 131: 142, 132: 380, 133: 708, 134: 470, 135: 142, 136: 380, 137: 114, 138: 352, 139: 86, 140: 324, 141: 708, 142: 470, 143: 750, 144: 512, 145: 30, 146: 268, 147: 736, 148: 498, 149: 128, 150: 366, 151: 764, 152: 526, 153: 16, 154: 254, 155: 86, 156: 324, 157: 16, 158: 254, 159: 736, 160: 498, 161: 736, 162: 498, 163: 694, 164: 456, 165: 86, 166: 324, 167: 16, 168: 254, 169: 128, 170: 366, 171: 128, 172: 366, 173: 750, 174: 512, 175: 694, 176: 456, 177: 764, 178: 526, 179: 736, 180: 498, 181: 694, 182: 456, 183: 86, 184: 324, 185: 142, 186: 380, 187: 750, 188: 512, 189: 30, 190: 268, 191: 16, 192: 254, 193: 750, 194: 512, 195: 764, 196: 526, 197: 128, 198: 366, 199: 30, 200: 268}

Number of labels used: 24
Total time used: 496.24 sec
Memory used: 1725.56 MB
================================
[runlim] sample:		1726.62 time, 500.01 real, 1722 MB, 4.41 load
[runlim] sample:		1766.79 time, 510.01 real, 1795 MB, 4.49 load
[runlim] sample:		1806.96 time, 520.01 real, 1717 MB, 4.42 load
[runlim] sample:		1847.09 time, 530.01 real, 1724 MB, 4.35 load
{1: 750, 2: 512, 3: 142, 4: 380, 5: 142, 6: 380, 7: 142, 8: 380, 9: 142, 10: 380, 11: 142, 12: 380, 13: 58, 14: 296, 15: 114, 16: 352, 17: 114, 18: 352, 19: 58, 20: 296, 21: 16, 22: 254, 23: 86, 24: 324, 25: 708, 26: 470, 27: 708, 28: 470, 29: 114, 30: 352, 31: 128, 32: 366, 33: 44, 34: 282, 35: 142, 36: 380, 37: 72, 38: 310, 39: 16, 40: 254, 41: 16, 42: 254, 43: 86, 44: 324, 45: 58, 46: 296, 47: 86, 48: 324, 49: 30, 50: 268, 51: 128, 52: 366, 53: 142, 54: 380, 55: 44, 56: 282, 57: 86, 58: 324, 59: 114, 60: 352, 61: 86, 62: 324, 63: 16, 64: 254, 65: 750, 66: 512, 67: 708, 68: 470, 69: 30, 70: 268, 71: 142, 72: 380, 73: 142, 74: 380, 75: 708, 76: 470, 77: 44, 78: 282, 79: 16, 80: 254, 81: 86, 82: 324, 83: 30, 84: 268, 85: 16, 86: 254, 87: 16, 88: 254, 89: 72, 90: 310, 91: 16, 92: 254, 93: 30, 94: 268, 95: 142, 96: 380, 97: 30, 98: 268, 99: 44, 100: 282, 101: 16, 102: 254, 103: 142, 104: 380, 105: 86, 106: 324, 107: 750, 108: 512, 109: 142, 110: 380, 111: 16, 112: 254, 113: 16, 114: 254, 115: 708, 116: 470, 117: 142, 118: 380, 119: 44, 120: 282, 121: 114, 122: 352, 123: 16, 124: 254, 125: 142, 126: 380, 127: 72, 128: 310, 129: 114, 130: 352, 131: 142, 132: 380, 133: 708, 134: 470, 135: 142, 136: 380, 137: 114, 138: 352, 139: 86, 140: 324, 141: 750, 142: 512, 143: 750, 144: 512, 145: 30, 146: 268, 147: 72, 148: 310, 149: 128, 150: 366, 151: 44, 152: 282, 153: 16, 154: 254, 155: 86, 156: 324, 157: 16, 158: 254, 159: 58, 160: 296, 161: 72, 162: 310, 163: 114, 164: 352, 165: 86, 166: 324, 167: 16, 168: 254, 169: 128, 170: 366, 171: 750, 172: 512, 173: 44, 174: 282, 175: 708, 176: 470, 177: 44, 178: 282, 179: 72, 180: 310, 181: 114, 182: 352, 183: 86, 184: 324, 185: 142, 186: 380, 187: 708, 188: 470, 189: 30, 190: 268, 191: 16, 192: 254, 193: 58, 194: 296, 195: 44, 196: 282, 197: 128, 198: 366, 199: 30, 200: 268}

Number of labels used: 22
Total time used: 535.00 sec
Memory used: 1741.14 MB
================================
[runlim] sample:		1887.24 time, 540.01 real, 1719 MB, 4.37 load
[runlim] sample:		1927.41 time, 550.01 real, 1719 MB, 4.31 load
[runlim] sample:		1967.56 time, 560.01 real, 1740 MB, 4.34 load
[runlim] sample:		2007.71 time, 570.01 real, 1771 MB, 4.37 load
[runlim] sample:		2047.86 time, 580.01 real, 1747 MB, 4.46 load
{1: 100, 2: 338, 3: 142, 4: 380, 5: 142, 6: 380, 7: 142, 8: 380, 9: 142, 10: 380, 11: 142, 12: 380, 13: 58, 14: 296, 15: 114, 16: 352, 17: 114, 18: 352, 19: 736, 20: 498, 21: 16, 22: 254, 23: 86, 24: 324, 25: 100, 26: 338, 27: 736, 28: 498, 29: 114, 30: 352, 31: 128, 32: 366, 33: 764, 34: 526, 35: 142, 36: 380, 37: 736, 38: 498, 39: 16, 40: 254, 41: 16, 42: 254, 43: 86, 44: 324, 45: 736, 46: 498, 47: 86, 48: 324, 49: 30, 50: 268, 51: 128, 52: 366, 53: 142, 54: 380, 55: 764, 56: 526, 57: 86, 58: 324, 59: 114, 60: 352, 61: 86, 62: 324, 63: 16, 64: 254, 65: 58, 66: 296, 67: 100, 68: 338, 69: 30, 70: 268, 71: 142, 72: 380, 73: 142, 74: 380, 75: 58, 76: 296, 77: 764, 78: 526, 79: 16, 80: 254, 81: 86, 82: 324, 83: 30, 84: 268, 85: 16, 86: 254, 87: 16, 88: 254, 89: 736, 90: 498, 91: 16, 92: 254, 93: 30, 94: 268, 95: 142, 96: 380, 97: 30, 98: 268, 99: 736, 100: 498, 101: 16, 102: 254, 103: 142, 104: 380, 105: 86, 106: 324, 107: 100, 108: 338, 109: 142, 110: 380, 111: 16, 112: 254, 113: 16, 114: 254, 115: 58, 116: 296, 117: 142, 118: 380, 119: 764, 120: 526, 121: 114, 122: 352, 123: 16, 124: 254, 125: 142, 126: 380, 127: 764, 128: 526, 129: 114, 130: 352, 131: 142, 132: 380, 133: 736, 134: 498, 135: 142, 136: 380, 137: 114, 138: 352, 139: 86, 140: 324, 141: 100, 142: 338, 143: 58, 144: 296, 145: 30, 146: 268, 147: 736, 148: 498, 149: 128, 150: 366, 151: 736, 152: 498, 153: 16, 154: 254, 155: 86, 156: 324, 157: 16, 158: 254, 159: 58, 160: 296, 161: 736, 162: 498, 163: 114, 164: 352, 165: 86, 166: 324, 167: 16, 168: 254, 169: 128, 170: 366, 171: 128, 172: 366, 173: 736, 174: 498, 175: 100, 176: 338, 177: 764, 178: 526, 179: 736, 180: 498, 181: 114, 182: 352, 183: 86, 184: 324, 185: 142, 186: 380, 187: 58, 188: 296, 189: 30, 190: 268, 191: 16, 192: 254, 193: 736, 194: 498, 195: 764, 196: 526, 197: 128, 198: 366, 199: 30, 200: 268}

Number of labels used: 20
Total time used: 584.88 sec
Memory used: 1748.33 MB
================================
[runlim] sample:		2088.02 time, 590.01 real, 1751 MB, 4.39 load
[runlim] sample:		2128.20 time, 600.01 real, 1753 MB, 4.33 load
[runlim] end:			Wed Mar 25 10:45:01 2026
[runlim] status:		out of time
[runlim] result:		2
[runlim] children:		1
[runlim] processes:		2
[runlim] real:			601.06 seconds
[runlim] time:			2128.20 seconds
[runlim] space:			1955 MB
[runlim] load:			4.54 maximum
[runlim] samples:		6000
