[runlim] version:		2.0.0rc12
[runlim] host:			ap-Precision-7550
[runlim] time limit:		311040000 seconds
[runlim] real time limit:	600 seconds
[runlim] space limit:		14000 MB
[runlim] argv[0]:		python3
[runlim] argv[1]:		-u
[runlim] argv[2]:		main_no.py
[runlim] argv[3]:		graph04
[runlim] start:			Wed Mar 25 10:45:01 2026
[runlim] child:			7044
Building Gurobi model...
Set parameter WLSAccessID
Set parameter WLSSecret
Set parameter LicenseID to value 2663665
Academic license 2663665 - for non-commercial use only - registered to tu___@vnu.edu.vn
Build time used: 6.85 sec
Solving...
[runlim] sample:		14.20 time, 10.01 real, 575 MB, 3.82 load
[runlim] sample:		61.10 time, 20.01 real, 1016 MB, 3.70 load
[runlim] sample:		111.23 time, 30.01 real, 1099 MB, 3.98 load
[runlim] sample:		141.36 time, 40.01 real, 1031 MB, 3.90 load
[runlim] sample:		161.57 time, 50.01 real, 988 MB, 3.61 load
[runlim] sample:		189.99 time, 60.02 real, 1357 MB, 3.36 load
[runlim] sample:		240.12 time, 70.01 real, 1370 MB, 3.61 load
[runlim] sample:		290.23 time, 80.01 real, 1452 MB, 3.90 load
[runlim] sample:		340.34 time, 90.01 real, 1461 MB, 4.07 load
[runlim] sample:		390.45 time, 100.01 real, 1498 MB, 4.21 load
[runlim] sample:		440.57 time, 110.01 real, 1500 MB, 4.49 load
[runlim] sample:		490.68 time, 120.01 real, 1526 MB, 4.57 load
[runlim] sample:		540.82 time, 130.01 real, 1526 MB, 4.64 load
[runlim] sample:		586.19 time, 140.01 real, 1529 MB, 4.70 load
[runlim] sample:		626.37 time, 150.01 real, 1530 MB, 4.74 load
[runlim] sample:		666.54 time, 160.01 real, 1548 MB, 4.62 load
[runlim] sample:		706.71 time, 170.01 real, 1552 MB, 4.60 load
[runlim] sample:		746.90 time, 180.01 real, 1552 MB, 4.51 load
[runlim] sample:		787.09 time, 190.01 real, 1552 MB, 4.58 load
[runlim] sample:		827.28 time, 200.01 real, 1554 MB, 4.65 load
[runlim] sample:		867.47 time, 210.01 real, 1553 MB, 4.55 load
[runlim] sample:		907.64 time, 220.01 real, 1553 MB, 4.54 load
[runlim] sample:		947.82 time, 230.01 real, 1553 MB, 4.46 load
[runlim] sample:		987.98 time, 240.01 real, 1553 MB, 4.39 load
[runlim] sample:		1028.16 time, 250.01 real, 1614 MB, 4.33 load
[runlim] sample:		1068.34 time, 260.01 real, 1614 MB, 4.28 load
[runlim] sample:		1108.51 time, 270.01 real, 1613 MB, 4.23 load
[runlim] sample:		1148.70 time, 280.01 real, 1613 MB, 4.20 load
[runlim] sample:		1188.85 time, 290.01 real, 1607 MB, 4.17 load
[runlim] sample:		1229.01 time, 300.01 real, 1745 MB, 4.14 load
[runlim] sample:		1269.18 time, 310.01 real, 1780 MB, 4.12 load
[runlim] sample:		1309.34 time, 320.01 real, 1843 MB, 4.17 load
[runlim] sample:		1349.50 time, 330.01 real, 1988 MB, 4.30 load
[runlim] sample:		1389.65 time, 340.01 real, 1978 MB, 4.25 load
[runlim] sample:		1429.82 time, 350.01 real, 1979 MB, 4.37 load
[runlim] sample:		1470.00 time, 360.01 real, 1979 MB, 4.31 load
[runlim] sample:		1510.18 time, 370.01 real, 1981 MB, 4.34 load
{1: 736, 2: 498, 3: 16, 4: 254, 5: 86, 6: 324, 7: 764, 8: 526, 9: 652, 10: 414, 11: 128, 12: 366, 13: 128, 14: 366, 15: 694, 16: 456, 17: 16, 18: 254, 19: 680, 20: 442, 21: 30, 22: 268, 23: 16, 24: 254, 25: 142, 26: 380, 27: 72, 28: 310, 29: 680, 30: 442, 31: 58, 32: 296, 33: 16, 34: 254, 35: 680, 36: 442, 37: 16, 38: 254, 39: 708, 40: 470, 41: 694, 42: 456, 43: 44, 44: 282, 45: 666, 46: 428, 47: 44, 48: 282, 49: 86, 50: 324, 51: 778, 52: 540, 53: 114, 54: 352, 55: 142, 56: 380, 57: 16, 58: 254, 59: 764, 60: 526, 61: 100, 62: 338, 63: 128, 64: 366, 65: 30, 66: 268, 67: 58, 68: 296, 69: 142, 70: 380, 71: 100, 72: 338, 73: 30, 74: 268, 75: 652, 76: 414, 77: 156, 78: 394, 79: 30, 80: 268, 81: 114, 82: 352, 83: 778, 84: 540, 85: 750, 86: 512, 87: 16, 88: 254, 89: 792, 90: 554, 91: 16, 92: 254, 93: 694, 94: 456, 95: 156, 96: 394, 97: 142, 98: 380, 99: 16, 100: 254, 101: 792, 102: 554, 103: 792, 104: 554, 105: 86, 106: 324, 107: 652, 108: 414, 109: 680, 110: 442, 111: 652, 112: 414, 113: 114, 114: 352, 115: 736, 116: 498, 117: 764, 118: 526, 119: 708, 120: 470, 121: 72, 122: 310, 123: 100, 124: 338, 125: 652, 126: 414, 127: 792, 128: 554, 129: 44, 130: 282, 131: 750, 132: 512, 133: 16, 134: 254, 135: 100, 136: 338, 137: 736, 138: 498, 139: 652, 140: 414, 141: 128, 142: 366, 143: 72, 144: 310, 145: 792, 146: 554, 147: 16, 148: 254, 149: 764, 150: 526, 151: 750, 152: 512, 153: 792, 154: 554, 155: 652, 156: 414, 157: 652, 158: 414, 159: 722, 160: 484, 161: 128, 162: 366, 163: 16, 164: 254, 165: 750, 166: 512, 167: 764, 168: 526, 169: 156, 170: 394, 171: 142, 172: 380, 173: 142, 174: 380, 175: 708, 176: 470, 177: 16, 178: 254, 179: 708, 180: 470, 181: 58, 182: 296, 183: 16, 184: 254, 185: 792, 186: 554, 187: 30, 188: 268, 189: 792, 190: 554, 191: 128, 192: 366, 193: 680, 194: 442, 195: 750, 196: 512, 197: 778, 198: 540, 199: 666, 200: 428, 201: 114, 202: 352, 203: 30, 204: 268, 205: 750, 206: 512, 207: 58, 208: 296, 209: 778, 210: 540, 211: 666, 212: 428, 213: 694, 214: 456, 215: 694, 216: 456, 217: 694, 218: 456, 219: 652, 220: 414, 221: 750, 222: 512, 223: 694, 224: 456, 225: 680, 226: 442, 227: 680, 228: 442, 229: 764, 230: 526, 231: 778, 232: 540, 233: 708, 234: 470, 235: 680, 236: 442, 237: 44, 238: 282, 239: 722, 240: 484, 241: 30, 242: 268, 243: 792, 244: 554, 245: 708, 246: 470, 247: 72, 248: 310, 249: 764, 250: 526, 251: 652, 252: 414, 253: 750, 254: 512, 255: 652, 256: 414, 257: 750, 258: 512, 259: 694, 260: 456, 261: 16, 262: 254, 263: 30, 264: 268, 265: 708, 266: 470, 267: 652, 268: 414, 269: 652, 270: 414, 271: 750, 272: 512, 273: 722, 274: 484, 275: 652, 276: 414, 277: 86, 278: 324, 279: 792, 280: 554, 281: 652, 282: 414, 283: 44, 284: 282, 285: 708, 286: 470, 287: 156, 288: 394, 289: 736, 290: 498, 291: 652, 292: 414, 293: 254, 294: 16, 295: 792, 296: 554, 297: 694, 298: 456, 299: 30, 300: 268, 301: 694, 302: 456, 303: 722, 304: 484, 305: 736, 306: 498, 307: 666, 308: 428, 309: 764, 310: 526, 311: 750, 312: 512, 313: 114, 314: 352, 315: 30, 316: 268, 317: 792, 318: 554, 319: 792, 320: 554, 321: 722, 322: 484, 323: 652, 324: 414, 325: 86, 326: 324, 327: 652, 328: 414, 329: 72, 330: 310, 331: 778, 332: 540, 333: 666, 334: 428, 335: 666, 336: 428, 337: 750, 338: 512, 339: 708, 340: 470, 341: 722, 342: 484, 343: 680, 344: 442, 345: 16, 346: 254, 347: 778, 348: 540, 349: 652, 350: 414, 351: 778, 352: 540, 353: 750, 354: 512, 355: 30, 356: 268, 357: 792, 358: 554, 359: 736, 360: 498, 361: 764, 362: 526, 363: 722, 364: 484, 365: 736, 366: 498, 367: 736, 368: 498, 369: 792, 370: 554, 371: 778, 372: 540, 373: 778, 374: 540, 375: 764, 376: 526, 377: 100, 378: 338, 379: 44, 380: 282, 381: 764, 382: 526, 383: 72, 384: 310, 385: 666, 386: 428, 387: 100, 388: 338, 389: 778, 390: 540, 391: 16, 392: 254, 393: 652, 394: 414, 395: 652, 396: 414, 397: 792, 398: 554, 399: 778, 400: 540}

Number of labels used: 44
Total time used: 370.86 sec
Memory used: 1981.41 MB
================================
[runlim] sample:		1550.35 time, 380.01 real, 1983 MB, 4.29 load
[runlim] sample:		1590.52 time, 390.01 real, 1984 MB, 4.32 load
[runlim] sample:		1630.70 time, 400.01 real, 2046 MB, 4.58 load
[runlim] sample:		1670.89 time, 410.01 real, 2047 MB, 4.56 load
[runlim] sample:		1711.08 time, 420.01 real, 2048 MB, 4.47 load
[runlim] sample:		1751.27 time, 430.01 real, 1987 MB, 4.40 load
[runlim] sample:		1791.48 time, 440.01 real, 1988 MB, 4.34 load
[runlim] sample:		1831.69 time, 450.01 real, 1989 MB, 4.29 load
[runlim] sample:		1871.88 time, 460.01 real, 1989 MB, 4.24 load
[runlim] sample:		1912.09 time, 470.01 real, 1989 MB, 4.20 load
[runlim] sample:		1952.28 time, 480.01 real, 1989 MB, 4.25 load
[runlim] sample:		1992.48 time, 490.01 real, 1989 MB, 4.21 load
[runlim] sample:		2032.67 time, 500.01 real, 1989 MB, 4.25 load
[runlim] sample:		2072.88 time, 510.01 real, 1990 MB, 4.29 load
[runlim] sample:		2113.06 time, 520.01 real, 1988 MB, 4.24 load
[runlim] sample:		2153.25 time, 530.01 real, 1965 MB, 4.21 load
[runlim] sample:		2193.42 time, 540.01 real, 2090 MB, 4.17 load
[runlim] sample:		2233.59 time, 550.01 real, 2210 MB, 4.15 load
[runlim] sample:		2273.73 time, 560.01 real, 2179 MB, 4.12 load
[runlim] sample:		2313.88 time, 570.01 real, 2508 MB, 4.10 load
[runlim] sample:		2354.01 time, 580.01 real, 2842 MB, 4.09 load
[runlim] sample:		2394.19 time, 590.01 real, 2894 MB, 4.07 load
[runlim] sample:		2434.36 time, 600.01 real, 2886 MB, 4.06 load
[runlim] end:			Wed Mar 25 10:55:02 2026
[runlim] status:		out of time
[runlim] result:		2
[runlim] children:		1
[runlim] processes:		2
[runlim] real:			601.06 seconds
[runlim] time:			2434.36 seconds
[runlim] space:			2932 MB
[runlim] load:			4.80 maximum
[runlim] samples:		6000
