[runlim] version:		2.0.0rc12
[runlim] host:			ap-Precision-7550
[runlim] time limit:		311040000 seconds
[runlim] real time limit:	600 seconds
[runlim] space limit:		14000 MB
[runlim] argv[0]:		python3
[runlim] argv[1]:		-u
[runlim] argv[2]:		main_no.py
[runlim] argv[3]:		graph11
[runlim] start:			Wed Mar 25 11:05:17 2026
[runlim] child:			7150
Building Gurobi model...
Set parameter WLSAccessID
Set parameter WLSSecret
Set parameter LicenseID to value 2663665
Academic license 2663665 - for non-commercial use only - registered to tu___@vnu.edu.vn
[runlim] sample:		9.94 time, 10.01 real, 414 MB, 1.07 load
Build time used: 12.63 sec
Solving...
No solution found.
Total time used: 13.61 sec
Memory used: 708.86 MB
[runlim] end:			Wed Mar 25 11:05:31 2026
[runlim] status:		ok
[runlim] result:		0
[runlim] children:		1
[runlim] processes:		2
[runlim] real:			13.99 seconds
[runlim] time:			13.84 seconds
[runlim] space:			1004 MB
[runlim] load:			1.08 maximum
[runlim] samples:		140
