[runlim] version:		2.0.0rc12
[runlim] host:			ap-Precision-7550
[runlim] time limit:		311040000 seconds
[runlim] real time limit:	600 seconds
[runlim] space limit:		14000 MB
[runlim] argv[0]:		python3
[runlim] argv[1]:		-u
[runlim] argv[2]:		main_no.py
[runlim] argv[3]:		scen06
[runlim] start:			Wed Mar 25 11:06:05 2026
[runlim] child:			7174
Building Gurobi model...
Set parameter WLSAccessID
Set parameter WLSSecret
Set parameter LicenseID to value 2663665
Academic license 2663665 - for non-commercial use only - registered to tu___@vnu.edu.vn
Build time used: 5.20 sec
Solving...
No solution found.
Total time used: 7.31 sec
Memory used: 412.94 MB
[runlim] end:			Wed Mar 25 11:06:13 2026
[runlim] status:		ok
[runlim] result:		0
[runlim] children:		1
[runlim] processes:		2
[runlim] real:			7.51 seconds
[runlim] time:			11.53 seconds
[runlim] space:			467 MB
[runlim] load:			1.48 maximum
[runlim] samples:		75
