[runlim] version:		2.0.0rc12
[runlim] host:			ap-Precision-7550
[runlim] time limit:		311040000 seconds
[runlim] real time limit:	600 seconds
[runlim] space limit:		14000 MB
[runlim] argv[0]:		python3
[runlim] argv[1]:		-u
[runlim] argv[2]:		main.py
[runlim] argv[3]:		graph03
[runlim] argv[4]:		nsc
[runlim] argv[5]:		assumptions
[runlim] argv[6]:		cadical195
[runlim] start:			Wed Mar 25 21:09:50 2026
[runlim] child:			21746
Solve first problem:
Solution:
{1: 338, 2: 100, 3: 540, 4: 778, 5: 296, 6: 58, 7: 268, 8: 30, 9: 268, 10: 30, 11: 540, 12: 778, 13: 352, 14: 114, 15: 296, 16: 58, 17: 526, 18: 764, 19: 380, 20: 142, 21: 414, 22: 652, 23: 324, 24: 86, 25: 310, 26: 72, 27: 498, 28: 736, 29: 512, 30: 750, 31: 254, 32: 16, 33: 366, 34: 128, 35: 554, 36: 792, 37: 338, 38: 100, 39: 16, 40: 254, 41: 394, 42: 156, 43: 282, 44: 44, 45: 254, 46: 16, 47: 324, 48: 86, 49: 778, 50: 540, 51: 526, 52: 764, 53: 268, 54: 30, 55: 764, 56: 526, 57: 470, 58: 708, 59: 296, 60: 58, 61: 498, 62: 736, 63: 296, 64: 58, 65: 352, 66: 114, 67: 310, 68: 72, 69: 380, 70: 142, 71: 554, 72: 792, 73: 554, 74: 792, 75: 456, 76: 694, 77: 456, 78: 694, 79: 394, 80: 156, 81: 296, 82: 58, 83: 282, 84: 44, 85: 394, 86: 156, 87: 394, 88: 156, 89: 338, 90: 100, 91: 394, 92: 156, 93: 526, 94: 764, 95: 142, 96: 380, 97: 380, 98: 142, 99: 778, 100: 540, 101: 792, 102: 554, 103: 282, 104: 44, 105: 540, 106: 778, 107: 268, 108: 30, 109: 268, 110: 30, 111: 414, 112: 652, 113: 394, 114: 156, 115: 58, 116: 296, 117: 540, 118: 778, 119: 540, 120: 778, 121: 296, 122: 58, 123: 352, 124: 114, 125: 268, 126: 30, 127: 470, 128: 708, 129: 254, 130: 16, 131: 268, 132: 30, 133: 484, 134: 722, 135: 268, 136: 30, 137: 296, 138: 58, 139: 736, 140: 498, 141: 282, 142: 44, 143: 442, 144: 680, 145: 30, 146: 268, 147: 470, 148: 708, 149: 540, 150: 778, 151: 456, 152: 694, 153: 394, 154: 156, 155: 324, 156: 86, 157: 428, 158: 666, 159: 470, 160: 708, 161: 414, 162: 652, 163: 296, 164: 58, 165: 498, 166: 736, 167: 526, 168: 764, 169: 296, 170: 58, 171: 282, 172: 44, 173: 456, 174: 694, 175: 512, 176: 750, 177: 428, 178: 666, 179: 338, 180: 100, 181: 310, 182: 72, 183: 484, 184: 722, 185: 484, 186: 722, 187: 352, 188: 114, 189: 540, 190: 778, 191: 394, 192: 156, 193: 324, 194: 86, 195: 428, 196: 666, 197: 282, 198: 44, 199: 540, 200: 778}
Number of lables used:  44
Time taken: 0.33 seconds
Memory used: 30.95 MB
--------------------------------------------------

Trying with at most 43 labels...
Solution:
{1: 512, 2: 750, 3: 282, 4: 44, 5: 554, 6: 792, 7: 268, 8: 30, 9: 526, 10: 764, 11: 526, 12: 764, 13: 442, 14: 680, 15: 254, 16: 16, 17: 526, 18: 764, 19: 394, 20: 156, 21: 414, 22: 652, 23: 324, 24: 86, 25: 512, 26: 750, 27: 310, 28: 72, 29: 296, 30: 58, 31: 268, 32: 30, 33: 428, 34: 666, 35: 554, 36: 792, 37: 338, 38: 100, 39: 16, 40: 254, 41: 394, 42: 156, 43: 498, 44: 736, 45: 470, 46: 708, 47: 498, 48: 736, 49: 778, 50: 540, 51: 540, 52: 778, 53: 268, 54: 30, 55: 764, 56: 526, 57: 470, 58: 708, 59: 296, 60: 58, 61: 324, 62: 86, 63: 428, 64: 666, 65: 470, 66: 708, 67: 498, 68: 736, 69: 470, 70: 708, 71: 268, 72: 30, 73: 310, 74: 72, 75: 352, 76: 114, 77: 484, 78: 722, 79: 394, 80: 156, 81: 470, 82: 708, 83: 442, 84: 680, 85: 456, 86: 694, 87: 394, 88: 156, 89: 456, 90: 694, 91: 428, 92: 666, 93: 380, 94: 142, 95: 142, 96: 380, 97: 380, 98: 142, 99: 778, 100: 540, 101: 792, 102: 554, 103: 554, 104: 792, 105: 470, 106: 708, 107: 310, 108: 72, 109: 268, 110: 30, 111: 394, 112: 156, 113: 394, 114: 156, 115: 58, 116: 296, 117: 540, 118: 778, 119: 456, 120: 694, 121: 296, 122: 58, 123: 394, 124: 156, 125: 268, 126: 30, 127: 338, 128: 100, 129: 526, 130: 764, 131: 268, 132: 30, 133: 512, 134: 750, 135: 268, 136: 30, 137: 296, 138: 58, 139: 736, 140: 498, 141: 296, 142: 58, 143: 352, 144: 114, 145: 30, 146: 268, 147: 338, 148: 100, 149: 282, 150: 44, 151: 456, 152: 694, 153: 428, 154: 666, 155: 324, 156: 86, 157: 428, 158: 666, 159: 456, 160: 694, 161: 484, 162: 722, 163: 296, 164: 58, 165: 484, 166: 722, 167: 394, 168: 156, 169: 540, 170: 778, 171: 282, 172: 44, 173: 456, 174: 694, 175: 310, 176: 72, 177: 456, 178: 694, 179: 338, 180: 100, 181: 526, 182: 764, 183: 498, 184: 736, 185: 554, 186: 792, 187: 352, 188: 114, 189: 428, 190: 666, 191: 380, 192: 142, 193: 338, 194: 100, 195: 428, 196: 666, 197: 282, 198: 44, 199: 442, 200: 680}
Number of lables used:  42
--------------------------------------------------

Trying with at most 41 labels...
Solution:
{1: 512, 2: 750, 3: 282, 4: 44, 5: 554, 6: 792, 7: 268, 8: 30, 9: 554, 10: 792, 11: 554, 12: 792, 13: 338, 14: 100, 15: 254, 16: 16, 17: 498, 18: 736, 19: 352, 20: 114, 21: 414, 22: 652, 23: 324, 24: 86, 25: 512, 26: 750, 27: 310, 28: 72, 29: 296, 30: 58, 31: 268, 32: 30, 33: 428, 34: 666, 35: 526, 36: 764, 37: 338, 38: 100, 39: 16, 40: 254, 41: 394, 42: 156, 43: 498, 44: 736, 45: 456, 46: 694, 47: 470, 48: 708, 49: 778, 50: 540, 51: 526, 52: 764, 53: 268, 54: 30, 55: 764, 56: 526, 57: 498, 58: 736, 59: 296, 60: 58, 61: 324, 62: 86, 63: 414, 64: 652, 65: 470, 66: 708, 67: 498, 68: 736, 69: 470, 70: 708, 71: 268, 72: 30, 73: 310, 74: 72, 75: 352, 76: 114, 77: 484, 78: 722, 79: 394, 80: 156, 81: 310, 82: 72, 83: 428, 84: 666, 85: 456, 86: 694, 87: 394, 88: 156, 89: 324, 90: 86, 91: 394, 92: 156, 93: 380, 94: 142, 95: 142, 96: 380, 97: 380, 98: 142, 99: 778, 100: 540, 101: 792, 102: 554, 103: 554, 104: 792, 105: 470, 106: 708, 107: 310, 108: 72, 109: 268, 110: 30, 111: 394, 112: 156, 113: 394, 114: 156, 115: 58, 116: 296, 117: 540, 118: 778, 119: 456, 120: 694, 121: 296, 122: 58, 123: 394, 124: 156, 125: 268, 126: 30, 127: 338, 128: 100, 129: 526, 130: 764, 131: 268, 132: 30, 133: 512, 134: 750, 135: 268, 136: 30, 137: 296, 138: 58, 139: 736, 140: 498, 141: 296, 142: 58, 143: 352, 144: 114, 145: 30, 146: 268, 147: 338, 148: 100, 149: 282, 150: 44, 151: 428, 152: 666, 153: 428, 154: 666, 155: 324, 156: 86, 157: 394, 158: 156, 159: 456, 160: 694, 161: 484, 162: 722, 163: 296, 164: 58, 165: 484, 166: 722, 167: 394, 168: 156, 169: 540, 170: 778, 171: 282, 172: 44, 173: 456, 174: 694, 175: 310, 176: 72, 177: 456, 178: 694, 179: 338, 180: 100, 181: 526, 182: 764, 183: 484, 184: 722, 185: 554, 186: 792, 187: 352, 188: 114, 189: 428, 190: 666, 191: 380, 192: 142, 193: 338, 194: 100, 195: 456, 196: 694, 197: 282, 198: 44, 199: 380, 200: 142}
Number of lables used:  40
Time taken: 0.35 seconds
Memory used: 32.33 MB
--------------------------------------------------

Trying with at most 39 labels...
Solution:
{1: 512, 2: 750, 3: 268, 4: 30, 5: 554, 6: 792, 7: 268, 8: 30, 9: 554, 10: 792, 11: 268, 12: 30, 13: 352, 14: 114, 15: 296, 16: 58, 17: 352, 18: 114, 19: 470, 20: 708, 21: 470, 22: 708, 23: 324, 24: 86, 25: 512, 26: 750, 27: 310, 28: 72, 29: 296, 30: 58, 31: 282, 32: 44, 33: 428, 34: 666, 35: 310, 36: 72, 37: 484, 38: 722, 39: 792, 40: 554, 41: 394, 42: 156, 43: 324, 44: 86, 45: 352, 46: 114, 47: 526, 48: 764, 49: 778, 50: 540, 51: 282, 52: 44, 53: 268, 54: 30, 55: 764, 56: 526, 57: 498, 58: 736, 59: 296, 60: 58, 61: 324, 62: 86, 63: 414, 64: 652, 65: 470, 66: 708, 67: 512, 68: 750, 69: 380, 70: 142, 71: 268, 72: 30, 73: 554, 74: 792, 75: 456, 76: 694, 77: 456, 78: 694, 79: 394, 80: 156, 81: 324, 82: 86, 83: 380, 84: 142, 85: 428, 86: 666, 87: 428, 88: 666, 89: 484, 90: 722, 91: 456, 92: 694, 93: 380, 94: 142, 95: 142, 96: 380, 97: 380, 98: 142, 99: 764, 100: 526, 101: 792, 102: 554, 103: 268, 104: 30, 105: 470, 106: 708, 107: 498, 108: 736, 109: 282, 110: 44, 111: 414, 112: 652, 113: 394, 114: 156, 115: 58, 116: 296, 117: 268, 118: 30, 119: 366, 120: 128, 121: 526, 122: 764, 123: 394, 124: 156, 125: 268, 126: 30, 127: 512, 128: 750, 129: 512, 130: 750, 131: 268, 132: 30, 133: 484, 134: 722, 135: 268, 136: 30, 137: 296, 138: 58, 139: 722, 140: 484, 141: 554, 142: 792, 143: 470, 144: 708, 145: 30, 146: 268, 147: 470, 148: 708, 149: 282, 150: 44, 151: 484, 152: 722, 153: 394, 154: 156, 155: 324, 156: 86, 157: 470, 158: 708, 159: 456, 160: 694, 161: 470, 162: 708, 163: 310, 164: 72, 165: 484, 166: 722, 167: 394, 168: 156, 169: 282, 170: 44, 171: 282, 172: 44, 173: 366, 174: 128, 175: 310, 176: 72, 177: 456, 178: 694, 179: 352, 180: 114, 181: 512, 182: 750, 183: 484, 184: 722, 185: 268, 186: 30, 187: 498, 188: 736, 189: 380, 190: 142, 191: 394, 192: 156, 193: 352, 194: 114, 195: 456, 196: 694, 197: 282, 198: 44, 199: 380, 200: 142}
Number of lables used:  38
Time taken: 0.36 seconds
Memory used: 32.46 MB
--------------------------------------------------

Trying with at most 37 labels...
Solution:
{1: 310, 2: 72, 3: 268, 4: 30, 5: 554, 6: 792, 7: 268, 8: 30, 9: 554, 10: 792, 11: 268, 12: 30, 13: 352, 14: 114, 15: 296, 16: 58, 17: 352, 18: 114, 19: 470, 20: 708, 21: 470, 22: 708, 23: 324, 24: 86, 25: 554, 26: 792, 27: 310, 28: 72, 29: 296, 30: 58, 31: 282, 32: 44, 33: 428, 34: 666, 35: 310, 36: 72, 37: 484, 38: 722, 39: 792, 40: 554, 41: 394, 42: 156, 43: 324, 44: 86, 45: 352, 46: 114, 47: 526, 48: 764, 49: 778, 50: 540, 51: 282, 52: 44, 53: 268, 54: 30, 55: 764, 56: 526, 57: 498, 58: 736, 59: 296, 60: 58, 61: 324, 62: 86, 63: 414, 64: 652, 65: 352, 66: 114, 67: 310, 68: 72, 69: 380, 70: 142, 71: 268, 72: 30, 73: 554, 74: 792, 75: 456, 76: 694, 77: 456, 78: 694, 79: 394, 80: 156, 81: 324, 82: 86, 83: 380, 84: 142, 85: 428, 86: 666, 87: 428, 88: 666, 89: 484, 90: 722, 91: 456, 92: 694, 93: 380, 94: 142, 95: 142, 96: 380, 97: 380, 98: 142, 99: 764, 100: 526, 101: 792, 102: 554, 103: 268, 104: 30, 105: 470, 106: 708, 107: 498, 108: 736, 109: 282, 110: 44, 111: 414, 112: 652, 113: 394, 114: 156, 115: 58, 116: 296, 117: 268, 118: 30, 119: 366, 120: 128, 121: 526, 122: 764, 123: 394, 124: 156, 125: 268, 126: 30, 127: 526, 128: 764, 129: 296, 130: 58, 131: 268, 132: 30, 133: 484, 134: 722, 135: 268, 136: 30, 137: 296, 138: 58, 139: 722, 140: 484, 141: 554, 142: 792, 143: 470, 144: 708, 145: 30, 146: 268, 147: 470, 148: 708, 149: 282, 150: 44, 151: 484, 152: 722, 153: 470, 154: 708, 155: 324, 156: 86, 157: 470, 158: 708, 159: 456, 160: 694, 161: 470, 162: 708, 163: 310, 164: 72, 165: 484, 166: 722, 167: 394, 168: 156, 169: 282, 170: 44, 171: 282, 172: 44, 173: 366, 174: 128, 175: 310, 176: 72, 177: 380, 178: 142, 179: 352, 180: 114, 181: 296, 182: 58, 183: 484, 184: 722, 185: 268, 186: 30, 187: 498, 188: 736, 189: 380, 190: 142, 191: 394, 192: 156, 193: 352, 194: 114, 195: 456, 196: 694, 197: 282, 198: 44, 199: 380, 200: 142}
Number of lables used:  36
Time taken: 0.37 seconds
Memory used: 32.46 MB
--------------------------------------------------

Trying with at most 35 labels...
Solution:
{1: 310, 2: 72, 3: 268, 4: 30, 5: 554, 6: 792, 7: 268, 8: 30, 9: 554, 10: 792, 11: 268, 12: 30, 13: 352, 14: 114, 15: 296, 16: 58, 17: 352, 18: 114, 19: 470, 20: 708, 21: 470, 22: 708, 23: 324, 24: 86, 25: 554, 26: 792, 27: 310, 28: 72, 29: 296, 30: 58, 31: 282, 32: 44, 33: 456, 34: 694, 35: 310, 36: 72, 37: 484, 38: 722, 39: 792, 40: 554, 41: 394, 42: 156, 43: 324, 44: 86, 45: 352, 46: 114, 47: 526, 48: 764, 49: 778, 50: 540, 51: 282, 52: 44, 53: 268, 54: 30, 55: 764, 56: 526, 57: 498, 58: 736, 59: 296, 60: 58, 61: 324, 62: 86, 63: 414, 64: 652, 65: 352, 66: 114, 67: 310, 68: 72, 69: 380, 70: 142, 71: 268, 72: 30, 73: 554, 74: 792, 75: 456, 76: 694, 77: 456, 78: 694, 79: 394, 80: 156, 81: 324, 82: 86, 83: 380, 84: 142, 85: 394, 86: 156, 87: 456, 88: 694, 89: 484, 90: 722, 91: 456, 92: 694, 93: 380, 94: 142, 95: 142, 96: 380, 97: 380, 98: 142, 99: 764, 100: 526, 101: 792, 102: 554, 103: 268, 104: 30, 105: 498, 106: 736, 107: 498, 108: 736, 109: 282, 110: 44, 111: 414, 112: 652, 113: 394, 114: 156, 115: 58, 116: 296, 117: 268, 118: 30, 119: 366, 120: 128, 121: 526, 122: 764, 123: 394, 124: 156, 125: 268, 126: 30, 127: 526, 128: 764, 129: 296, 130: 58, 131: 268, 132: 30, 133: 484, 134: 722, 135: 268, 136: 30, 137: 296, 138: 58, 139: 722, 140: 484, 141: 554, 142: 792, 143: 498, 144: 736, 145: 30, 146: 268, 147: 470, 148: 708, 149: 282, 150: 44, 151: 484, 152: 722, 153: 470, 154: 708, 155: 324, 156: 86, 157: 470, 158: 708, 159: 456, 160: 694, 161: 470, 162: 708, 163: 310, 164: 72, 165: 484, 166: 722, 167: 394, 168: 156, 169: 282, 170: 44, 171: 282, 172: 44, 173: 366, 174: 128, 175: 310, 176: 72, 177: 380, 178: 142, 179: 352, 180: 114, 181: 296, 182: 58, 183: 484, 184: 722, 185: 268, 186: 30, 187: 498, 188: 736, 189: 380, 190: 142, 191: 394, 192: 156, 193: 352, 194: 114, 195: 456, 196: 694, 197: 282, 198: 44, 199: 380, 200: 142}
Number of lables used:  34
Time taken: 0.37 seconds
Memory used: 32.46 MB
--------------------------------------------------

Trying with at most 33 labels...
Solution:
{1: 694, 2: 456, 3: 694, 4: 456, 5: 142, 6: 380, 7: 142, 8: 380, 9: 142, 10: 380, 11: 652, 12: 414, 13: 58, 14: 296, 15: 114, 16: 352, 17: 114, 18: 352, 19: 58, 20: 296, 21: 792, 22: 554, 23: 44, 24: 282, 25: 694, 26: 456, 27: 58, 28: 296, 29: 72, 30: 310, 31: 142, 32: 380, 33: 778, 34: 540, 35: 142, 36: 380, 37: 72, 38: 310, 39: 16, 40: 254, 41: 16, 42: 254, 43: 778, 44: 540, 45: 792, 46: 554, 47: 86, 48: 324, 49: 778, 50: 540, 51: 142, 52: 380, 53: 652, 54: 414, 55: 764, 56: 526, 57: 86, 58: 324, 59: 694, 60: 456, 61: 100, 62: 338, 63: 30, 64: 268, 65: 86, 66: 324, 67: 100, 68: 338, 69: 764, 70: 526, 71: 156, 72: 394, 73: 652, 74: 414, 75: 72, 76: 310, 77: 44, 78: 282, 79: 778, 80: 540, 81: 100, 82: 338, 83: 44, 84: 282, 85: 778, 86: 540, 87: 792, 88: 554, 89: 72, 90: 310, 91: 792, 92: 554, 93: 58, 94: 296, 95: 142, 96: 380, 97: 30, 98: 268, 99: 44, 100: 282, 101: 792, 102: 554, 103: 156, 104: 394, 105: 86, 106: 324, 107: 764, 108: 526, 109: 100, 110: 338, 111: 792, 112: 554, 113: 30, 114: 268, 115: 58, 116: 296, 117: 156, 118: 394, 119: 750, 120: 512, 121: 694, 122: 456, 123: 30, 124: 268, 125: 156, 126: 394, 127: 30, 128: 268, 129: 750, 130: 512, 131: 142, 132: 380, 133: 72, 134: 310, 135: 142, 136: 380, 137: 778, 138: 540, 139: 750, 140: 512, 141: 114, 142: 352, 143: 16, 144: 254, 145: 30, 146: 268, 147: 86, 148: 324, 149: 142, 150: 380, 151: 44, 152: 282, 153: 44, 154: 282, 155: 86, 156: 324, 157: 792, 158: 554, 159: 72, 160: 310, 161: 792, 162: 554, 163: 72, 164: 310, 165: 100, 166: 338, 167: 16, 168: 254, 169: 142, 170: 380, 171: 142, 172: 380, 173: 764, 174: 526, 175: 114, 176: 352, 177: 764, 178: 526, 179: 30, 180: 268, 181: 694, 182: 456, 183: 750, 184: 512, 185: 156, 186: 394, 187: 750, 188: 512, 189: 30, 190: 268, 191: 16, 192: 254, 193: 72, 194: 310, 195: 778, 196: 540, 197: 694, 198: 456, 199: 30, 200: 268}
Number of lables used:  32
Time taken: 0.43 seconds
Memory used: 35.94 MB
--------------------------------------------------

Trying with at most 31 labels...
Solution:
{1: 44, 2: 282, 3: 44, 4: 282, 5: 86, 6: 324, 7: 666, 8: 428, 9: 666, 10: 428, 11: 722, 12: 484, 13: 86, 14: 324, 15: 142, 16: 380, 17: 142, 18: 380, 19: 666, 20: 428, 21: 792, 22: 554, 23: 114, 24: 352, 25: 708, 26: 470, 27: 764, 28: 526, 29: 142, 30: 380, 31: 58, 32: 296, 33: 764, 34: 526, 35: 666, 36: 428, 37: 142, 38: 380, 39: 792, 40: 554, 41: 792, 42: 554, 43: 722, 44: 484, 45: 750, 46: 512, 47: 722, 48: 484, 49: 778, 50: 540, 51: 30, 52: 268, 53: 142, 54: 380, 55: 58, 56: 296, 57: 722, 58: 484, 59: 694, 60: 456, 61: 722, 62: 484, 63: 792, 64: 554, 65: 750, 66: 512, 67: 114, 68: 352, 69: 58, 70: 296, 71: 666, 72: 428, 73: 666, 74: 428, 75: 750, 76: 512, 77: 764, 78: 526, 79: 44, 80: 282, 81: 722, 82: 484, 83: 778, 84: 540, 85: 792, 86: 554, 87: 792, 88: 554, 89: 58, 90: 296, 91: 30, 92: 268, 93: 30, 94: 268, 95: 142, 96: 380, 97: 58, 98: 296, 99: 722, 100: 484, 101: 30, 102: 268, 103: 666, 104: 428, 105: 722, 106: 484, 107: 708, 108: 470, 109: 666, 110: 428, 111: 792, 112: 554, 113: 792, 114: 554, 115: 58, 116: 296, 117: 666, 118: 428, 119: 764, 120: 526, 121: 694, 122: 456, 123: 30, 124: 268, 125: 666, 126: 428, 127: 792, 128: 554, 129: 694, 130: 456, 131: 666, 132: 428, 133: 736, 134: 498, 135: 666, 136: 428, 137: 694, 138: 456, 139: 86, 140: 324, 141: 708, 142: 470, 143: 750, 144: 512, 145: 30, 146: 268, 147: 736, 148: 498, 149: 142, 150: 380, 151: 764, 152: 526, 153: 792, 154: 554, 155: 722, 156: 484, 157: 792, 158: 554, 159: 750, 160: 512, 161: 736, 162: 498, 163: 694, 164: 456, 165: 722, 166: 484, 167: 792, 168: 554, 169: 58, 170: 296, 171: 142, 172: 380, 173: 764, 174: 526, 175: 708, 176: 470, 177: 58, 178: 296, 179: 736, 180: 498, 181: 44, 182: 282, 183: 666, 184: 428, 185: 666, 186: 428, 187: 750, 188: 512, 189: 778, 190: 540, 191: 792, 192: 554, 193: 750, 194: 512, 195: 30, 196: 268, 197: 114, 198: 352, 199: 694, 200: 456}
Number of lables used:  30
Time taken: 0.51 seconds
Memory used: 35.98 MB
--------------------------------------------------

Trying with at most 29 labels...
Solution:
{1: 44, 2: 282, 3: 44, 4: 282, 5: 86, 6: 324, 7: 666, 8: 428, 9: 666, 10: 428, 11: 666, 12: 428, 13: 86, 14: 324, 15: 142, 16: 380, 17: 142, 18: 380, 19: 666, 20: 428, 21: 792, 22: 554, 23: 114, 24: 352, 25: 708, 26: 470, 27: 708, 28: 470, 29: 142, 30: 380, 31: 86, 32: 324, 33: 764, 34: 526, 35: 666, 36: 428, 37: 142, 38: 380, 39: 792, 40: 554, 41: 792, 42: 554, 43: 722, 44: 484, 45: 750, 46: 512, 47: 722, 48: 484, 49: 778, 50: 540, 51: 30, 52: 268, 53: 142, 54: 380, 55: 44, 56: 282, 57: 722, 58: 484, 59: 694, 60: 456, 61: 722, 62: 484, 63: 792, 64: 554, 65: 750, 66: 512, 67: 114, 68: 352, 69: 778, 70: 540, 71: 666, 72: 428, 73: 666, 74: 428, 75: 750, 76: 512, 77: 764, 78: 526, 79: 44, 80: 282, 81: 722, 82: 484, 83: 778, 84: 540, 85: 792, 86: 554, 87: 792, 88: 554, 89: 736, 90: 498, 91: 30, 92: 268, 93: 30, 94: 268, 95: 142, 96: 380, 97: 44, 98: 282, 99: 764, 100: 526, 101: 792, 102: 554, 103: 666, 104: 428, 105: 722, 106: 484, 107: 708, 108: 470, 109: 666, 110: 428, 111: 792, 112: 554, 113: 792, 114: 554, 115: 750, 116: 512, 117: 666, 118: 428, 119: 764, 120: 526, 121: 694, 122: 456, 123: 30, 124: 268, 125: 666, 126: 428, 127: 736, 128: 498, 129: 694, 130: 456, 131: 666, 132: 428, 133: 736, 134: 498, 135: 666, 136: 428, 137: 694, 138: 456, 139: 86, 140: 324, 141: 708, 142: 470, 143: 750, 144: 512, 145: 30, 146: 268, 147: 736, 148: 498, 149: 142, 150: 380, 151: 764, 152: 526, 153: 792, 154: 554, 155: 722, 156: 484, 157: 792, 158: 554, 159: 750, 160: 512, 161: 736, 162: 498, 163: 694, 164: 456, 165: 722, 166: 484, 167: 792, 168: 554, 169: 44, 170: 282, 171: 142, 172: 380, 173: 764, 174: 526, 175: 708, 176: 470, 177: 44, 178: 282, 179: 736, 180: 498, 181: 30, 182: 268, 183: 666, 184: 428, 185: 666, 186: 428, 187: 750, 188: 512, 189: 778, 190: 540, 191: 792, 192: 554, 193: 750, 194: 512, 195: 30, 196: 268, 197: 114, 198: 352, 199: 694, 200: 456}
Number of lables used:  28
Time taken: 0.52 seconds
Memory used: 35.98 MB
--------------------------------------------------

Trying with at most 27 labels...
Solution:
{1: 778, 2: 540, 3: 142, 4: 380, 5: 736, 6: 498, 7: 142, 8: 380, 9: 666, 10: 428, 11: 666, 12: 428, 13: 58, 14: 296, 15: 114, 16: 352, 17: 114, 18: 352, 19: 58, 20: 296, 21: 16, 22: 254, 23: 86, 24: 324, 25: 100, 26: 338, 27: 100, 28: 338, 29: 114, 30: 352, 31: 128, 32: 366, 33: 44, 34: 282, 35: 666, 36: 428, 37: 666, 38: 428, 39: 792, 40: 554, 41: 16, 42: 254, 43: 666, 44: 428, 45: 58, 46: 296, 47: 86, 48: 324, 49: 30, 50: 268, 51: 128, 52: 366, 53: 666, 54: 428, 55: 44, 56: 282, 57: 86, 58: 324, 59: 114, 60: 352, 61: 736, 62: 498, 63: 778, 64: 540, 65: 58, 66: 296, 67: 792, 68: 554, 69: 30, 70: 268, 71: 666, 72: 428, 73: 142, 74: 380, 75: 792, 76: 554, 77: 44, 78: 282, 79: 792, 80: 554, 81: 86, 82: 324, 83: 736, 84: 498, 85: 16, 86: 254, 87: 16, 88: 254, 89: 736, 90: 498, 91: 792, 92: 554, 93: 778, 94: 540, 95: 142, 96: 380, 97: 736, 98: 498, 99: 736, 100: 498, 101: 16, 102: 254, 103: 142, 104: 380, 105: 86, 106: 324, 107: 86, 108: 324, 109: 142, 110: 380, 111: 16, 112: 254, 113: 16, 114: 254, 115: 58, 116: 296, 117: 142, 118: 380, 119: 44, 120: 282, 121: 114, 122: 352, 123: 736, 124: 498, 125: 142, 126: 380, 127: 736, 128: 498, 129: 100, 130: 338, 131: 142, 132: 380, 133: 736, 134: 498, 135: 142, 136: 380, 137: 114, 138: 352, 139: 86, 140: 324, 141: 100, 142: 338, 143: 58, 144: 296, 145: 30, 146: 268, 147: 778, 148: 540, 149: 128, 150: 366, 151: 44, 152: 282, 153: 16, 154: 254, 155: 736, 156: 498, 157: 16, 158: 254, 159: 778, 160: 540, 161: 58, 162: 296, 163: 736, 164: 498, 165: 86, 166: 324, 167: 16, 168: 254, 169: 128, 170: 366, 171: 142, 172: 380, 173: 778, 174: 540, 175: 100, 176: 338, 177: 44, 178: 282, 179: 778, 180: 540, 181: 114, 182: 352, 183: 86, 184: 324, 185: 128, 186: 366, 187: 58, 188: 296, 189: 30, 190: 268, 191: 792, 192: 554, 193: 736, 194: 498, 195: 44, 196: 282, 197: 128, 198: 366, 199: 30, 200: 268}
Number of lables used:  26
Time taken: 1.13 seconds
Memory used: 36.99 MB
--------------------------------------------------

Trying with at most 25 labels...
Solution:
{1: 100, 2: 338, 3: 142, 4: 380, 5: 736, 6: 498, 7: 142, 8: 380, 9: 142, 10: 380, 11: 142, 12: 380, 13: 58, 14: 296, 15: 114, 16: 352, 17: 114, 18: 352, 19: 58, 20: 296, 21: 16, 22: 254, 23: 86, 24: 324, 25: 100, 26: 338, 27: 100, 28: 338, 29: 114, 30: 352, 31: 128, 32: 366, 33: 44, 34: 282, 35: 142, 36: 380, 37: 72, 38: 310, 39: 792, 40: 554, 41: 16, 42: 254, 43: 72, 44: 310, 45: 58, 46: 296, 47: 86, 48: 324, 49: 30, 50: 268, 51: 128, 52: 366, 53: 142, 54: 380, 55: 44, 56: 282, 57: 86, 58: 324, 59: 114, 60: 352, 61: 736, 62: 498, 63: 792, 64: 554, 65: 58, 66: 296, 67: 100, 68: 338, 69: 30, 70: 268, 71: 142, 72: 380, 73: 142, 74: 380, 75: 792, 76: 554, 77: 44, 78: 282, 79: 16, 80: 254, 81: 86, 82: 324, 83: 736, 84: 498, 85: 16, 86: 254, 87: 16, 88: 254, 89: 736, 90: 498, 91: 792, 92: 554, 93: 736, 94: 498, 95: 142, 96: 380, 97: 736, 98: 498, 99: 736, 100: 498, 101: 16, 102: 254, 103: 142, 104: 380, 105: 86, 106: 324, 107: 86, 108: 324, 109: 142, 110: 380, 111: 16, 112: 254, 113: 16, 114: 254, 115: 58, 116: 296, 117: 142, 118: 380, 119: 44, 120: 282, 121: 114, 122: 352, 123: 736, 124: 498, 125: 142, 126: 380, 127: 736, 128: 498, 129: 100, 130: 338, 131: 142, 132: 380, 133: 736, 134: 498, 135: 142, 136: 380, 137: 114, 138: 352, 139: 86, 140: 324, 141: 100, 142: 338, 143: 58, 144: 296, 145: 30, 146: 268, 147: 72, 148: 310, 149: 128, 150: 366, 151: 736, 152: 498, 153: 16, 154: 254, 155: 736, 156: 498, 157: 16, 158: 254, 159: 58, 160: 296, 161: 58, 162: 296, 163: 114, 164: 352, 165: 86, 166: 324, 167: 792, 168: 554, 169: 128, 170: 366, 171: 736, 172: 498, 173: 44, 174: 282, 175: 100, 176: 338, 177: 44, 178: 282, 179: 792, 180: 554, 181: 114, 182: 352, 183: 86, 184: 324, 185: 128, 186: 366, 187: 58, 188: 296, 189: 30, 190: 268, 191: 792, 192: 554, 193: 736, 194: 498, 195: 44, 196: 282, 197: 128, 198: 366, 199: 30, 200: 268}
Number of lables used:  24
Time taken: 1.14 seconds
Memory used: 38.65 MB
--------------------------------------------------

Trying with at most 23 labels...
Solution:
{1: 666, 2: 428, 3: 142, 4: 380, 5: 142, 6: 380, 7: 142, 8: 380, 9: 142, 10: 380, 11: 142, 12: 380, 13: 58, 14: 296, 15: 114, 16: 352, 17: 680, 18: 442, 19: 58, 20: 296, 21: 16, 22: 254, 23: 86, 24: 324, 25: 666, 26: 428, 27: 666, 28: 428, 29: 114, 30: 352, 31: 128, 32: 366, 33: 44, 34: 282, 35: 142, 36: 380, 37: 666, 38: 428, 39: 16, 40: 254, 41: 16, 42: 254, 43: 680, 44: 442, 45: 58, 46: 296, 47: 86, 48: 324, 49: 30, 50: 268, 51: 128, 52: 366, 53: 142, 54: 380, 55: 694, 56: 456, 57: 86, 58: 324, 59: 114, 60: 352, 61: 86, 62: 324, 63: 16, 64: 254, 65: 58, 66: 296, 67: 694, 68: 456, 69: 30, 70: 268, 71: 666, 72: 428, 73: 142, 74: 380, 75: 58, 76: 296, 77: 44, 78: 282, 79: 16, 80: 254, 81: 86, 82: 324, 83: 30, 84: 268, 85: 16, 86: 254, 87: 16, 88: 254, 89: 694, 90: 456, 91: 16, 92: 254, 93: 30, 94: 268, 95: 142, 96: 380, 97: 30, 98: 268, 99: 44, 100: 282, 101: 16, 102: 254, 103: 142, 104: 380, 105: 86, 106: 324, 107: 666, 108: 428, 109: 142, 110: 380, 111: 16, 112: 254, 113: 16, 114: 254, 115: 58, 116: 296, 117: 142, 118: 380, 119: 44, 120: 282, 121: 114, 122: 352, 123: 16, 124: 254, 125: 142, 126: 380, 127: 694, 128: 456, 129: 114, 130: 352, 131: 142, 132: 380, 133: 694, 134: 456, 135: 142, 136: 380, 137: 694, 138: 456, 139: 86, 140: 324, 141: 694, 142: 456, 143: 58, 144: 296, 145: 30, 146: 268, 147: 694, 148: 456, 149: 128, 150: 366, 151: 44, 152: 282, 153: 16, 154: 254, 155: 86, 156: 324, 157: 16, 158: 254, 159: 58, 160: 296, 161: 694, 162: 456, 163: 114, 164: 352, 165: 86, 166: 324, 167: 16, 168: 254, 169: 128, 170: 366, 171: 128, 172: 366, 173: 44, 174: 282, 175: 666, 176: 428, 177: 44, 178: 282, 179: 694, 180: 456, 181: 114, 182: 352, 183: 86, 184: 324, 185: 142, 186: 380, 187: 58, 188: 296, 189: 30, 190: 268, 191: 16, 192: 254, 193: 58, 194: 296, 195: 44, 196: 282, 197: 128, 198: 366, 199: 30, 200: 268}
Number of lables used:  22
Time taken: 1.17 seconds
Memory used: 38.65 MB
--------------------------------------------------

Trying with at most 21 labels...
Solution:
{1: 666, 2: 428, 3: 142, 4: 380, 5: 142, 6: 380, 7: 142, 8: 380, 9: 142, 10: 380, 11: 142, 12: 380, 13: 58, 14: 296, 15: 114, 16: 352, 17: 114, 18: 352, 19: 58, 20: 296, 21: 16, 22: 254, 23: 86, 24: 324, 25: 666, 26: 428, 27: 666, 28: 428, 29: 114, 30: 352, 31: 128, 32: 366, 33: 44, 34: 282, 35: 142, 36: 380, 37: 666, 38: 428, 39: 16, 40: 254, 41: 16, 42: 254, 43: 86, 44: 324, 45: 58, 46: 296, 47: 86, 48: 324, 49: 30, 50: 268, 51: 128, 52: 366, 53: 142, 54: 380, 55: 694, 56: 456, 57: 86, 58: 324, 59: 114, 60: 352, 61: 86, 62: 324, 63: 16, 64: 254, 65: 58, 66: 296, 67: 694, 68: 456, 69: 30, 70: 268, 71: 666, 72: 428, 73: 142, 74: 380, 75: 58, 76: 296, 77: 44, 78: 282, 79: 16, 80: 254, 81: 86, 82: 324, 83: 30, 84: 268, 85: 16, 86: 254, 87: 16, 88: 254, 89: 694, 90: 456, 91: 16, 92: 254, 93: 30, 94: 268, 95: 142, 96: 380, 97: 30, 98: 268, 99: 44, 100: 282, 101: 16, 102: 254, 103: 142, 104: 380, 105: 86, 106: 324, 107: 666, 108: 428, 109: 142, 110: 380, 111: 16, 112: 254, 113: 16, 114: 254, 115: 58, 116: 296, 117: 142, 118: 380, 119: 44, 120: 282, 121: 114, 122: 352, 123: 16, 124: 254, 125: 142, 126: 380, 127: 694, 128: 456, 129: 114, 130: 352, 131: 142, 132: 380, 133: 694, 134: 456, 135: 142, 136: 380, 137: 694, 138: 456, 139: 86, 140: 324, 141: 694, 142: 456, 143: 58, 144: 296, 145: 30, 146: 268, 147: 694, 148: 456, 149: 128, 150: 366, 151: 44, 152: 282, 153: 16, 154: 254, 155: 86, 156: 324, 157: 16, 158: 254, 159: 58, 160: 296, 161: 694, 162: 456, 163: 114, 164: 352, 165: 86, 166: 324, 167: 16, 168: 254, 169: 128, 170: 366, 171: 128, 172: 366, 173: 44, 174: 282, 175: 666, 176: 428, 177: 44, 178: 282, 179: 694, 180: 456, 181: 114, 182: 352, 183: 86, 184: 324, 185: 142, 186: 380, 187: 58, 188: 296, 189: 30, 190: 268, 191: 16, 192: 254, 193: 58, 194: 296, 195: 44, 196: 282, 197: 128, 198: 366, 199: 30, 200: 268}
Number of lables used:  20
Time taken: 1.18 seconds
Memory used: 38.66 MB
--------------------------------------------------

Trying with at most 19 labels...
Cannot find solution.
No more solutions found.
Optimal number of labels used:  20
Time taken: 5.90 seconds
Memory used: 43.92 MB
[runlim] end:			Wed Mar 25 21:09:56 2026
[runlim] status:		ok
[runlim] result:		0
[runlim] children:		1
[runlim] processes:		2
[runlim] real:			5.94 seconds
[runlim] time:			5.90 seconds
[runlim] space:			47 MB
[runlim] load:			1.10 maximum
[runlim] samples:		60
