[runlim] version:		2.0.0rc12
[runlim] host:			ap-Precision-7550
[runlim] time limit:		311040000 seconds
[runlim] real time limit:	600 seconds
[runlim] space limit:		14000 MB
[runlim] argv[0]:		python3
[runlim] argv[1]:		-u
[runlim] argv[2]:		pairwise_no_preprocessing.py
[runlim] argv[3]:		graph11
[runlim] argv[4]:		assumptions
[runlim] argv[5]:		1
[runlim] argv[6]:		card
[runlim] argv[7]:		1
[runlim] start:			Sat Jun 13 20:58:30 2026
[runlim] child:			16848
Exactly-one cardinality encoding:  1
Distance constraint mode:  card
Distance cardinality encoding:  1
Number of assignment variables:  25640
Number of clauses for exactly one constraints:  74880
Number of clauses for distance constraints:  5519719
---------------------------------------------------
Solve first problem:
Cannot find solution.
Time taken: 4.97 seconds 
Memory used: 928.84 MB
[runlim] end:			Sat Jun 13 20:58:35 2026
[runlim] status:		ok
[runlim] result:		0
[runlim] children:		1
[runlim] processes:		2
[runlim] real:			5.46 seconds
[runlim] time:			5.40 seconds
[runlim] space:			929 MB
[runlim] load:			1.02 maximum
[runlim] samples:		55
