[runlim] version:		2.0.0rc12
[runlim] host:			ap-Precision-7550
[runlim] time limit:		311040000 seconds
[runlim] real time limit:	600 seconds
[runlim] space limit:		14000 MB
[runlim] argv[0]:		python3
[runlim] argv[1]:		-u
[runlim] argv[2]:		pairwise_no_preprocessing.py
[runlim] argv[3]:		graph02
[runlim] argv[4]:		assumptions
[runlim] argv[5]:		1
[runlim] argv[6]:		card
[runlim] argv[7]:		1
[runlim] start:			Sat Jun 13 19:33:57 2026
[runlim] child:			16610
Exactly-one cardinality encoding:  1
Distance constraint mode:  card
Distance cardinality encoding:  1
Number of assignment variables:  14624
Number of clauses for exactly one constraints:  42672
Number of clauses for distance constraints:  435536
---------------------------------------------------
Solve first problem:
Solution:
{1: 792, 2: 554, 3: 792, 4: 554, 5: 792, 6: 554, 7: 792, 8: 554, 9: 792, 10: 554, 11: 792, 12: 554, 13: 792, 14: 554, 15: 792, 16: 554, 17: 792, 18: 554, 19: 792, 20: 554, 21: 792, 22: 554, 23: 792, 24: 554, 25: 792, 26: 554, 27: 750, 28: 512, 29: 792, 30: 554, 31: 792, 32: 554, 33: 722, 34: 484, 35: 722, 36: 484, 37: 792, 38: 554, 39: 792, 40: 554, 41: 680, 42: 442, 43: 708, 44: 470, 45: 764, 46: 526, 47: 750, 48: 512, 49: 750, 50: 512, 51: 792, 52: 554, 53: 408, 54: 170, 55: 792, 56: 554, 57: 792, 58: 554, 59: 736, 60: 498, 61: 764, 62: 526, 63: 778, 64: 540, 65: 764, 66: 526, 67: 750, 68: 512, 69: 736, 70: 498, 71: 478, 72: 240, 73: 792, 74: 554, 75: 750, 76: 512, 77: 792, 78: 554, 79: 764, 80: 526, 81: 722, 82: 484, 83: 792, 84: 554, 85: 722, 86: 484, 87: 778, 88: 540, 89: 792, 90: 554, 91: 736, 92: 498, 93: 750, 94: 512, 95: 778, 96: 540, 97: 792, 98: 554, 99: 736, 100: 498, 101: 764, 102: 526, 103: 722, 104: 484, 105: 722, 106: 484, 107: 736, 108: 498, 109: 792, 110: 554, 111: 708, 112: 470, 113: 778, 114: 540, 115: 708, 116: 470, 117: 792, 118: 554, 119: 478, 120: 240, 121: 750, 122: 512, 123: 792, 124: 554, 125: 680, 126: 442, 127: 778, 128: 540, 129: 408, 130: 170, 131: 778, 132: 540, 133: 778, 134: 540, 135: 478, 136: 240, 137: 694, 138: 456, 139: 708, 140: 470, 141: 736, 142: 498, 143: 764, 144: 526, 145: 778, 146: 540, 147: 792, 148: 554, 149: 792, 150: 554, 151: 764, 152: 526, 153: 722, 154: 484, 155: 478, 156: 240, 157: 792, 158: 554, 159: 792, 160: 554, 161: 792, 162: 554, 163: 408, 164: 170, 165: 666, 166: 428, 167: 764, 168: 526, 169: 750, 170: 512, 171: 778, 172: 540, 173: 764, 174: 526, 175: 792, 176: 554, 177: 736, 178: 498, 179: 408, 180: 170, 181: 764, 182: 526, 183: 736, 184: 498, 185: 750, 186: 512, 187: 736, 188: 498, 189: 408, 190: 170, 191: 750, 192: 512, 193: 722, 194: 484, 195: 722, 196: 484, 197: 792, 198: 554, 199: 764, 200: 526, 201: 722, 202: 484, 203: 680, 204: 442, 205: 708, 206: 470, 207: 694, 208: 456, 209: 694, 210: 456, 211: 764, 212: 526, 213: 478, 214: 240, 215: 456, 216: 694, 217: 442, 218: 680, 219: 652, 220: 414, 221: 792, 222: 554, 223: 764, 224: 526, 225: 792, 226: 554, 227: 408, 228: 170, 229: 764, 230: 526, 231: 694, 232: 456, 233: 680, 234: 442, 235: 708, 236: 470, 237: 778, 238: 540, 239: 694, 240: 456, 241: 750, 242: 512, 243: 750, 244: 512, 245: 428, 246: 666, 247: 478, 248: 240, 249: 764, 250: 526, 251: 722, 252: 484, 253: 708, 254: 470, 255: 380, 256: 142, 257: 666, 258: 428, 259: 478, 260: 240, 261: 498, 262: 736, 263: 478, 264: 240, 265: 478, 266: 240, 267: 722, 268: 484, 269: 750, 270: 512, 271: 414, 272: 652, 273: 722, 274: 484, 275: 680, 276: 442, 277: 778, 278: 540, 279: 428, 280: 666, 281: 666, 282: 428, 283: 694, 284: 456, 285: 408, 286: 170, 287: 484, 288: 722, 289: 666, 290: 428, 291: 478, 292: 240, 293: 408, 294: 170, 295: 778, 296: 540, 297: 408, 298: 170, 299: 408, 300: 170, 301: 324, 302: 86, 303: 736, 304: 498, 305: 778, 306: 540, 307: 694, 308: 456, 309: 408, 310: 170, 311: 478, 312: 240, 313: 408, 314: 170, 315: 736, 316: 498, 317: 408, 318: 170, 319: 736, 320: 498, 321: 792, 322: 554, 323: 338, 324: 100, 325: 470, 326: 708, 327: 652, 328: 414, 329: 778, 330: 540, 331: 442, 332: 680, 333: 380, 334: 142, 335: 526, 336: 764, 337: 792, 338: 554, 339: 478, 340: 240, 341: 694, 342: 456, 343: 470, 344: 708, 345: 792, 346: 554, 347: 722, 348: 484, 349: 408, 350: 170, 351: 408, 352: 170, 353: 394, 354: 156, 355: 680, 356: 442, 357: 352, 358: 114, 359: 778, 360: 540, 361: 338, 362: 100, 363: 750, 364: 512, 365: 680, 366: 442, 367: 680, 368: 442, 369: 652, 370: 414, 371: 366, 372: 128, 373: 652, 374: 414, 375: 652, 376: 414, 377: 366, 378: 128, 379: 708, 380: 470, 381: 764, 382: 526, 383: 680, 384: 442, 385: 750, 386: 512, 387: 694, 388: 456, 389: 456, 390: 694, 391: 652, 392: 414, 393: 666, 394: 428, 395: 778, 396: 540, 397: 310, 398: 72, 399: 750, 400: 512}
Number of lables used:  40
Total time: 0.72 seconds
Memory used: 118.51 MB
--------------------------------------------------
Number of label variables:  48
Number of clauses for label constraints:  14624
Number of new variables for cardinality constraints:  1131
Number of clauses for cardinality constraints:  4446
Initial variable count:  173738
Initial clause count:  497278
--------------------------------------------------

Trying with at most 39 labels...
Solution:
{1: 30, 2: 268, 3: 338, 4: 100, 5: 338, 6: 100, 7: 366, 8: 128, 9: 380, 10: 142, 11: 282, 12: 44, 13: 142, 14: 380, 15: 310, 16: 72, 17: 254, 18: 16, 19: 380, 20: 142, 21: 268, 22: 30, 23: 338, 24: 100, 25: 128, 26: 366, 27: 86, 28: 324, 29: 296, 30: 58, 31: 30, 32: 268, 33: 282, 34: 44, 35: 352, 36: 114, 37: 666, 38: 428, 39: 324, 40: 86, 41: 142, 42: 380, 43: 44, 44: 282, 45: 72, 46: 310, 47: 338, 48: 100, 49: 72, 50: 310, 51: 380, 52: 142, 53: 478, 54: 240, 55: 58, 56: 296, 57: 156, 58: 394, 59: 324, 60: 86, 61: 156, 62: 394, 63: 114, 64: 352, 65: 30, 66: 268, 67: 282, 68: 44, 69: 296, 70: 58, 71: 478, 72: 240, 73: 254, 74: 16, 75: 254, 76: 16, 77: 310, 78: 72, 79: 30, 80: 268, 81: 86, 82: 324, 83: 338, 84: 100, 85: 114, 86: 352, 87: 310, 88: 72, 89: 414, 90: 652, 91: 30, 92: 268, 93: 268, 94: 30, 95: 366, 96: 128, 97: 156, 98: 394, 99: 100, 100: 338, 101: 268, 102: 30, 103: 142, 104: 380, 105: 114, 106: 352, 107: 58, 108: 296, 109: 366, 110: 128, 111: 30, 112: 268, 113: 100, 114: 338, 115: 16, 116: 254, 117: 156, 118: 394, 119: 478, 120: 240, 121: 282, 122: 44, 123: 310, 124: 72, 125: 268, 126: 30, 127: 324, 128: 86, 129: 240, 130: 478, 131: 310, 132: 72, 133: 428, 134: 666, 135: 478, 136: 240, 137: 324, 138: 86, 139: 268, 140: 30, 141: 142, 142: 380, 143: 338, 144: 100, 145: 282, 146: 44, 147: 352, 148: 114, 149: 86, 150: 324, 151: 666, 152: 428, 153: 58, 154: 296, 155: 478, 156: 240, 157: 652, 158: 414, 159: 324, 160: 86, 161: 142, 162: 380, 163: 240, 164: 478, 165: 394, 166: 156, 167: 324, 168: 86, 169: 324, 170: 86, 171: 394, 172: 156, 173: 380, 174: 142, 175: 652, 176: 414, 177: 142, 178: 380, 179: 478, 180: 240, 181: 30, 182: 268, 183: 394, 184: 156, 185: 310, 186: 72, 187: 324, 188: 86, 189: 478, 190: 240, 191: 114, 192: 352, 193: 128, 194: 366, 195: 338, 196: 100, 197: 58, 198: 296, 199: 310, 200: 72, 201: 156, 202: 394, 203: 30, 204: 268, 205: 366, 206: 128, 207: 338, 208: 100, 209: 296, 210: 58, 211: 282, 212: 44, 213: 240, 214: 478, 215: 156, 216: 394, 217: 254, 218: 16, 219: 310, 220: 72, 221: 44, 222: 282, 223: 310, 224: 72, 225: 16, 226: 254, 227: 240, 228: 478, 229: 324, 230: 86, 231: 666, 232: 428, 233: 366, 234: 128, 235: 72, 236: 310, 237: 30, 238: 268, 239: 338, 240: 100, 241: 30, 242: 268, 243: 44, 244: 282, 245: 380, 246: 142, 247: 240, 248: 478, 249: 114, 250: 352, 251: 16, 252: 254, 253: 394, 254: 156, 255: 240, 256: 478, 257: 72, 258: 310, 259: 380, 260: 142, 261: 16, 262: 254, 263: 240, 264: 478, 265: 478, 266: 240, 267: 324, 268: 86, 269: 366, 270: 128, 271: 310, 272: 72, 273: 338, 274: 100, 275: 16, 276: 254, 277: 44, 278: 282, 279: 58, 280: 296, 281: 142, 282: 380, 283: 58, 284: 296, 285: 240, 286: 478, 287: 16, 288: 254, 289: 86, 290: 324, 291: 240, 292: 478, 293: 478, 294: 240, 295: 380, 296: 142, 297: 142, 298: 380, 299: 478, 300: 240, 301: 296, 302: 58, 303: 366, 304: 128, 305: 30, 306: 268, 307: 268, 308: 30, 309: 478, 310: 240, 311: 478, 312: 240, 313: 478, 314: 240, 315: 72, 316: 310, 317: 478, 318: 240, 319: 310, 320: 72, 321: 254, 322: 16, 323: 58, 324: 296, 325: 254, 326: 16, 327: 324, 328: 86, 329: 30, 330: 268, 331: 268, 332: 30, 333: 338, 334: 100, 335: 254, 336: 16, 337: 30, 338: 268, 339: 240, 340: 478, 341: 310, 342: 72, 343: 254, 344: 16, 345: 86, 346: 324, 347: 352, 348: 114, 349: 478, 350: 240, 351: 380, 352: 142, 353: 254, 354: 16, 355: 268, 356: 30, 357: 324, 358: 86, 359: 324, 360: 86, 361: 58, 362: 296, 363: 268, 364: 30, 365: 30, 366: 268, 367: 254, 368: 16, 369: 282, 370: 44, 371: 254, 372: 16, 373: 324, 374: 86, 375: 296, 376: 58, 377: 72, 378: 310, 379: 268, 380: 30, 381: 268, 382: 30, 383: 254, 384: 16, 385: 44, 386: 282, 387: 282, 388: 44, 389: 16, 390: 254, 391: 254, 392: 16, 393: 16, 394: 254, 395: 268, 396: 30, 397: 86, 398: 324, 399: 268, 400: 30}
Number of lables used:  28
Total time: 0.76 seconds
Memory used: 120.36 MB
--------------------------------------------------

Trying with at most 27 labels...
Solution:
{1: 30, 2: 268, 3: 338, 4: 100, 5: 338, 6: 100, 7: 366, 8: 128, 9: 380, 10: 142, 11: 282, 12: 44, 13: 142, 14: 380, 15: 310, 16: 72, 17: 254, 18: 16, 19: 380, 20: 142, 21: 268, 22: 30, 23: 338, 24: 100, 25: 128, 26: 366, 27: 86, 28: 324, 29: 296, 30: 58, 31: 30, 32: 268, 33: 282, 34: 44, 35: 352, 36: 114, 37: 666, 38: 428, 39: 324, 40: 86, 41: 142, 42: 380, 43: 44, 44: 282, 45: 72, 46: 310, 47: 338, 48: 100, 49: 72, 50: 310, 51: 380, 52: 142, 53: 478, 54: 240, 55: 58, 56: 296, 57: 156, 58: 394, 59: 324, 60: 86, 61: 156, 62: 394, 63: 114, 64: 352, 65: 30, 66: 268, 67: 282, 68: 44, 69: 296, 70: 58, 71: 478, 72: 240, 73: 254, 74: 16, 75: 254, 76: 16, 77: 310, 78: 72, 79: 30, 80: 268, 81: 86, 82: 324, 83: 338, 84: 100, 85: 114, 86: 352, 87: 310, 88: 72, 89: 428, 90: 666, 91: 30, 92: 268, 93: 268, 94: 30, 95: 366, 96: 128, 97: 156, 98: 394, 99: 100, 100: 338, 101: 268, 102: 30, 103: 142, 104: 380, 105: 114, 106: 352, 107: 58, 108: 296, 109: 366, 110: 128, 111: 30, 112: 268, 113: 100, 114: 338, 115: 16, 116: 254, 117: 156, 118: 394, 119: 478, 120: 240, 121: 282, 122: 44, 123: 310, 124: 72, 125: 268, 126: 30, 127: 324, 128: 86, 129: 240, 130: 478, 131: 310, 132: 72, 133: 428, 134: 666, 135: 478, 136: 240, 137: 324, 138: 86, 139: 268, 140: 30, 141: 142, 142: 380, 143: 338, 144: 100, 145: 282, 146: 44, 147: 352, 148: 114, 149: 86, 150: 324, 151: 666, 152: 428, 153: 58, 154: 296, 155: 478, 156: 240, 157: 666, 158: 428, 159: 324, 160: 86, 161: 142, 162: 380, 163: 240, 164: 478, 165: 394, 166: 156, 167: 324, 168: 86, 169: 324, 170: 86, 171: 394, 172: 156, 173: 380, 174: 142, 175: 666, 176: 428, 177: 142, 178: 380, 179: 478, 180: 240, 181: 30, 182: 268, 183: 394, 184: 156, 185: 310, 186: 72, 187: 324, 188: 86, 189: 478, 190: 240, 191: 114, 192: 352, 193: 128, 194: 366, 195: 338, 196: 100, 197: 58, 198: 296, 199: 310, 200: 72, 201: 156, 202: 394, 203: 30, 204: 268, 205: 366, 206: 128, 207: 338, 208: 100, 209: 296, 210: 58, 211: 282, 212: 44, 213: 240, 214: 478, 215: 156, 216: 394, 217: 254, 218: 16, 219: 310, 220: 72, 221: 44, 222: 282, 223: 310, 224: 72, 225: 16, 226: 254, 227: 240, 228: 478, 229: 324, 230: 86, 231: 666, 232: 428, 233: 366, 234: 128, 235: 72, 236: 310, 237: 30, 238: 268, 239: 338, 240: 100, 241: 30, 242: 268, 243: 44, 244: 282, 245: 380, 246: 142, 247: 240, 248: 478, 249: 114, 250: 352, 251: 16, 252: 254, 253: 394, 254: 156, 255: 240, 256: 478, 257: 72, 258: 310, 259: 380, 260: 142, 261: 16, 262: 254, 263: 240, 264: 478, 265: 478, 266: 240, 267: 324, 268: 86, 269: 366, 270: 128, 271: 310, 272: 72, 273: 338, 274: 100, 275: 16, 276: 254, 277: 44, 278: 282, 279: 58, 280: 296, 281: 142, 282: 380, 283: 58, 284: 296, 285: 240, 286: 478, 287: 16, 288: 254, 289: 86, 290: 324, 291: 240, 292: 478, 293: 478, 294: 240, 295: 380, 296: 142, 297: 142, 298: 380, 299: 478, 300: 240, 301: 296, 302: 58, 303: 366, 304: 128, 305: 30, 306: 268, 307: 268, 308: 30, 309: 478, 310: 240, 311: 478, 312: 240, 313: 478, 314: 240, 315: 72, 316: 310, 317: 478, 318: 240, 319: 310, 320: 72, 321: 254, 322: 16, 323: 58, 324: 296, 325: 254, 326: 16, 327: 324, 328: 86, 329: 30, 330: 268, 331: 268, 332: 30, 333: 338, 334: 100, 335: 254, 336: 16, 337: 30, 338: 268, 339: 240, 340: 478, 341: 310, 342: 72, 343: 254, 344: 16, 345: 86, 346: 324, 347: 352, 348: 114, 349: 478, 350: 240, 351: 380, 352: 142, 353: 254, 354: 16, 355: 268, 356: 30, 357: 324, 358: 86, 359: 324, 360: 86, 361: 58, 362: 296, 363: 268, 364: 30, 365: 30, 366: 268, 367: 254, 368: 16, 369: 282, 370: 44, 371: 254, 372: 16, 373: 324, 374: 86, 375: 296, 376: 58, 377: 72, 378: 310, 379: 268, 380: 30, 381: 268, 382: 30, 383: 254, 384: 16, 385: 44, 386: 282, 387: 282, 388: 44, 389: 16, 390: 254, 391: 254, 392: 16, 393: 16, 394: 254, 395: 268, 396: 30, 397: 86, 398: 324, 399: 268, 400: 30}
Number of lables used:  26
Total time: 0.78 seconds
Memory used: 120.37 MB
--------------------------------------------------

Trying with at most 25 labels...
Solution:
{1: 30, 2: 268, 3: 352, 4: 114, 5: 338, 6: 100, 7: 142, 8: 380, 9: 380, 10: 142, 11: 282, 12: 44, 13: 666, 14: 428, 15: 380, 16: 142, 17: 254, 18: 16, 19: 380, 20: 142, 21: 268, 22: 30, 23: 352, 24: 114, 25: 142, 26: 380, 27: 86, 28: 324, 29: 296, 30: 58, 31: 30, 32: 268, 33: 282, 34: 44, 35: 352, 36: 114, 37: 428, 38: 666, 39: 338, 40: 100, 41: 156, 42: 394, 43: 44, 44: 282, 45: 86, 46: 324, 47: 338, 48: 100, 49: 86, 50: 324, 51: 380, 52: 142, 53: 478, 54: 240, 55: 58, 56: 296, 57: 352, 58: 114, 59: 324, 60: 86, 61: 156, 62: 394, 63: 114, 64: 352, 65: 30, 66: 268, 67: 282, 68: 44, 69: 296, 70: 58, 71: 478, 72: 240, 73: 254, 74: 16, 75: 254, 76: 16, 77: 324, 78: 86, 79: 30, 80: 268, 81: 100, 82: 338, 83: 352, 84: 114, 85: 114, 86: 352, 87: 324, 88: 86, 89: 428, 90: 666, 91: 30, 92: 268, 93: 268, 94: 30, 95: 394, 96: 156, 97: 254, 98: 16, 99: 100, 100: 338, 101: 268, 102: 30, 103: 142, 104: 380, 105: 114, 106: 352, 107: 58, 108: 296, 109: 114, 110: 352, 111: 30, 112: 268, 113: 100, 114: 338, 115: 16, 116: 254, 117: 666, 118: 428, 119: 478, 120: 240, 121: 282, 122: 44, 123: 324, 124: 86, 125: 268, 126: 30, 127: 324, 128: 86, 129: 240, 130: 478, 131: 324, 132: 86, 133: 338, 134: 100, 135: 478, 136: 240, 137: 324, 138: 86, 139: 268, 140: 30, 141: 142, 142: 380, 143: 338, 144: 100, 145: 282, 146: 44, 147: 394, 148: 156, 149: 86, 150: 324, 151: 666, 152: 428, 153: 58, 154: 296, 155: 478, 156: 240, 157: 666, 158: 428, 159: 324, 160: 86, 161: 142, 162: 380, 163: 240, 164: 478, 165: 394, 166: 156, 167: 142, 168: 380, 169: 338, 170: 100, 171: 394, 172: 156, 173: 380, 174: 142, 175: 666, 176: 428, 177: 156, 178: 394, 179: 478, 180: 240, 181: 30, 182: 268, 183: 394, 184: 156, 185: 324, 186: 86, 187: 324, 188: 86, 189: 478, 190: 240, 191: 114, 192: 352, 193: 156, 194: 394, 195: 352, 196: 114, 197: 58, 198: 296, 199: 324, 200: 86, 201: 428, 202: 666, 203: 30, 204: 268, 205: 394, 206: 156, 207: 338, 208: 100, 209: 296, 210: 58, 211: 282, 212: 44, 213: 240, 214: 478, 215: 156, 216: 394, 217: 254, 218: 16, 219: 324, 220: 86, 221: 44, 222: 282, 223: 338, 224: 100, 225: 16, 226: 254, 227: 240, 228: 478, 229: 338, 230: 100, 231: 666, 232: 428, 233: 380, 234: 142, 235: 86, 236: 324, 237: 30, 238: 268, 239: 324, 240: 86, 241: 30, 242: 268, 243: 44, 244: 282, 245: 380, 246: 142, 247: 240, 248: 478, 249: 114, 250: 352, 251: 16, 252: 254, 253: 394, 254: 156, 255: 240, 256: 478, 257: 86, 258: 324, 259: 380, 260: 142, 261: 16, 262: 254, 263: 240, 264: 478, 265: 478, 266: 240, 267: 324, 268: 86, 269: 380, 270: 142, 271: 324, 272: 86, 273: 352, 274: 114, 275: 16, 276: 254, 277: 44, 278: 282, 279: 58, 280: 296, 281: 142, 282: 380, 283: 58, 284: 296, 285: 240, 286: 478, 287: 16, 288: 254, 289: 86, 290: 324, 291: 240, 292: 478, 293: 478, 294: 240, 295: 380, 296: 142, 297: 142, 298: 380, 299: 478, 300: 240, 301: 296, 302: 58, 303: 380, 304: 142, 305: 30, 306: 268, 307: 268, 308: 30, 309: 478, 310: 240, 311: 478, 312: 240, 313: 478, 314: 240, 315: 296, 316: 58, 317: 478, 318: 240, 319: 666, 320: 428, 321: 254, 322: 16, 323: 58, 324: 296, 325: 254, 326: 16, 327: 324, 328: 86, 329: 30, 330: 268, 331: 268, 332: 30, 333: 338, 334: 100, 335: 254, 336: 16, 337: 30, 338: 268, 339: 240, 340: 478, 341: 324, 342: 86, 343: 254, 344: 16, 345: 86, 346: 324, 347: 352, 348: 114, 349: 478, 350: 240, 351: 380, 352: 142, 353: 254, 354: 16, 355: 268, 356: 30, 357: 324, 358: 86, 359: 324, 360: 86, 361: 58, 362: 296, 363: 268, 364: 30, 365: 30, 366: 268, 367: 254, 368: 16, 369: 282, 370: 44, 371: 254, 372: 16, 373: 324, 374: 86, 375: 296, 376: 58, 377: 100, 378: 338, 379: 268, 380: 30, 381: 268, 382: 30, 383: 254, 384: 16, 385: 44, 386: 282, 387: 282, 388: 44, 389: 16, 390: 254, 391: 254, 392: 16, 393: 16, 394: 254, 395: 268, 396: 30, 397: 86, 398: 324, 399: 268, 400: 30}
Number of lables used:  22
Total time: 0.80 seconds
Memory used: 120.37 MB
--------------------------------------------------

Trying with at most 21 labels...
Solution:
{1: 414, 2: 652, 3: 352, 4: 114, 5: 352, 6: 114, 7: 142, 8: 380, 9: 86, 10: 324, 11: 282, 12: 44, 13: 380, 14: 142, 15: 380, 16: 142, 17: 254, 18: 16, 19: 254, 20: 16, 21: 652, 22: 414, 23: 352, 24: 114, 25: 268, 26: 30, 27: 86, 28: 324, 29: 142, 30: 380, 31: 30, 32: 268, 33: 282, 34: 44, 35: 352, 36: 114, 37: 380, 38: 142, 39: 282, 40: 44, 41: 652, 42: 414, 43: 44, 44: 282, 45: 86, 46: 324, 47: 352, 48: 114, 49: 86, 50: 324, 51: 652, 52: 414, 53: 478, 54: 240, 55: 58, 56: 296, 57: 352, 58: 114, 59: 324, 60: 86, 61: 652, 62: 414, 63: 114, 64: 352, 65: 30, 66: 268, 67: 282, 68: 44, 69: 16, 70: 254, 71: 478, 72: 240, 73: 254, 74: 16, 75: 254, 76: 16, 77: 414, 78: 652, 79: 414, 80: 652, 81: 114, 82: 352, 83: 414, 84: 652, 85: 86, 86: 324, 87: 414, 88: 652, 89: 414, 90: 652, 91: 30, 92: 268, 93: 268, 94: 30, 95: 86, 96: 324, 97: 254, 98: 16, 99: 324, 100: 86, 101: 268, 102: 30, 103: 380, 104: 142, 105: 114, 106: 352, 107: 58, 108: 296, 109: 282, 110: 44, 111: 30, 112: 268, 113: 352, 114: 114, 115: 16, 116: 254, 117: 652, 118: 414, 119: 478, 120: 240, 121: 352, 122: 114, 123: 142, 124: 380, 125: 268, 126: 30, 127: 324, 128: 86, 129: 240, 130: 478, 131: 324, 132: 86, 133: 58, 134: 296, 135: 478, 136: 240, 137: 324, 138: 86, 139: 268, 140: 30, 141: 142, 142: 380, 143: 58, 144: 296, 145: 282, 146: 44, 147: 414, 148: 652, 149: 58, 150: 296, 151: 58, 152: 296, 153: 58, 154: 296, 155: 478, 156: 240, 157: 652, 158: 414, 159: 142, 160: 380, 161: 414, 162: 652, 163: 240, 164: 478, 165: 16, 166: 254, 167: 58, 168: 296, 169: 30, 170: 268, 171: 268, 172: 30, 173: 380, 174: 142, 175: 296, 176: 58, 177: 414, 178: 652, 179: 478, 180: 240, 181: 30, 182: 268, 183: 652, 184: 414, 185: 324, 186: 86, 187: 114, 188: 352, 189: 478, 190: 240, 191: 58, 192: 296, 193: 352, 194: 114, 195: 380, 196: 142, 197: 58, 198: 296, 199: 324, 200: 86, 201: 380, 202: 142, 203: 30, 204: 268, 205: 16, 206: 254, 207: 352, 208: 114, 209: 296, 210: 58, 211: 352, 212: 114, 213: 240, 214: 478, 215: 86, 216: 324, 217: 16, 218: 254, 219: 324, 220: 86, 221: 44, 222: 282, 223: 352, 224: 114, 225: 16, 226: 254, 227: 240, 228: 478, 229: 86, 230: 324, 231: 16, 232: 254, 233: 114, 234: 352, 235: 352, 236: 114, 237: 44, 238: 282, 239: 86, 240: 324, 241: 30, 242: 268, 243: 44, 244: 282, 245: 142, 246: 380, 247: 240, 248: 478, 249: 268, 250: 30, 251: 114, 252: 352, 253: 352, 254: 114, 255: 170, 256: 408, 257: 86, 258: 324, 259: 478, 260: 240, 261: 16, 262: 254, 263: 240, 264: 478, 265: 478, 266: 240, 267: 324, 268: 86, 269: 380, 270: 142, 271: 324, 272: 86, 273: 58, 274: 296, 275: 16, 276: 254, 277: 44, 278: 282, 279: 30, 280: 268, 281: 380, 282: 142, 283: 324, 284: 86, 285: 142, 286: 380, 287: 114, 288: 352, 289: 114, 290: 352, 291: 240, 292: 478, 293: 478, 294: 240, 295: 380, 296: 142, 297: 142, 298: 380, 299: 478, 300: 240, 301: 380, 302: 142, 303: 414, 304: 652, 305: 30, 306: 268, 307: 268, 308: 30, 309: 380, 310: 142, 311: 478, 312: 240, 313: 478, 314: 240, 315: 414, 316: 652, 317: 240, 318: 478, 319: 380, 320: 142, 321: 254, 322: 16, 323: 58, 324: 296, 325: 380, 326: 142, 327: 652, 328: 414, 329: 30, 330: 268, 331: 44, 332: 282, 333: 268, 334: 30, 335: 254, 336: 16, 337: 30, 338: 268, 339: 240, 340: 478, 341: 324, 342: 86, 343: 352, 344: 114, 345: 86, 346: 324, 347: 380, 348: 142, 349: 478, 350: 240, 351: 478, 352: 240, 353: 254, 354: 16, 355: 268, 356: 30, 357: 86, 358: 324, 359: 324, 360: 86, 361: 86, 362: 324, 363: 268, 364: 30, 365: 44, 366: 282, 367: 254, 368: 16, 369: 268, 370: 30, 371: 16, 372: 254, 373: 324, 374: 86, 375: 296, 376: 58, 377: 86, 378: 324, 379: 268, 380: 30, 381: 268, 382: 30, 383: 254, 384: 16, 385: 44, 386: 282, 387: 282, 388: 44, 389: 16, 390: 254, 391: 254, 392: 16, 393: 16, 394: 254, 395: 268, 396: 30, 397: 142, 398: 380, 399: 268, 400: 30}
Number of lables used:  20
Total time: 0.83 seconds
Memory used: 121.68 MB
--------------------------------------------------

Trying with at most 19 labels...
Solution:
{1: 414, 2: 652, 3: 352, 4: 114, 5: 352, 6: 114, 7: 142, 8: 380, 9: 86, 10: 324, 11: 282, 12: 44, 13: 380, 14: 142, 15: 380, 16: 142, 17: 254, 18: 16, 19: 254, 20: 16, 21: 652, 22: 414, 23: 352, 24: 114, 25: 268, 26: 30, 27: 86, 28: 324, 29: 142, 30: 380, 31: 30, 32: 268, 33: 282, 34: 44, 35: 352, 36: 114, 37: 380, 38: 142, 39: 282, 40: 44, 41: 652, 42: 414, 43: 44, 44: 282, 45: 86, 46: 324, 47: 352, 48: 114, 49: 86, 50: 324, 51: 652, 52: 414, 53: 478, 54: 240, 55: 58, 56: 296, 57: 352, 58: 114, 59: 324, 60: 86, 61: 142, 62: 380, 63: 114, 64: 352, 65: 30, 66: 268, 67: 282, 68: 44, 69: 16, 70: 254, 71: 478, 72: 240, 73: 254, 74: 16, 75: 254, 76: 16, 77: 414, 78: 652, 79: 414, 80: 652, 81: 114, 82: 352, 83: 414, 84: 652, 85: 414, 86: 652, 87: 414, 88: 652, 89: 44, 90: 282, 91: 30, 92: 268, 93: 268, 94: 30, 95: 86, 96: 324, 97: 254, 98: 16, 99: 324, 100: 86, 101: 268, 102: 30, 103: 380, 104: 142, 105: 114, 106: 352, 107: 58, 108: 296, 109: 282, 110: 44, 111: 30, 112: 268, 113: 352, 114: 114, 115: 16, 116: 254, 117: 652, 118: 414, 119: 478, 120: 240, 121: 352, 122: 114, 123: 142, 124: 380, 125: 268, 126: 30, 127: 352, 128: 114, 129: 240, 130: 478, 131: 324, 132: 86, 133: 58, 134: 296, 135: 478, 136: 240, 137: 324, 138: 86, 139: 268, 140: 30, 141: 142, 142: 380, 143: 58, 144: 296, 145: 282, 146: 44, 147: 414, 148: 652, 149: 58, 150: 296, 151: 58, 152: 296, 153: 58, 154: 296, 155: 478, 156: 240, 157: 652, 158: 414, 159: 142, 160: 380, 161: 414, 162: 652, 163: 240, 164: 478, 165: 16, 166: 254, 167: 58, 168: 296, 169: 30, 170: 268, 171: 268, 172: 30, 173: 380, 174: 142, 175: 296, 176: 58, 177: 414, 178: 652, 179: 478, 180: 240, 181: 30, 182: 268, 183: 652, 184: 414, 185: 324, 186: 86, 187: 114, 188: 352, 189: 478, 190: 240, 191: 58, 192: 296, 193: 352, 194: 114, 195: 380, 196: 142, 197: 58, 198: 296, 199: 324, 200: 86, 201: 380, 202: 142, 203: 30, 204: 268, 205: 16, 206: 254, 207: 352, 208: 114, 209: 324, 210: 86, 211: 352, 212: 114, 213: 240, 214: 478, 215: 86, 216: 324, 217: 16, 218: 254, 219: 324, 220: 86, 221: 44, 222: 282, 223: 352, 224: 114, 225: 16, 226: 254, 227: 240, 228: 478, 229: 86, 230: 324, 231: 16, 232: 254, 233: 114, 234: 352, 235: 352, 236: 114, 237: 44, 238: 282, 239: 86, 240: 324, 241: 30, 242: 268, 243: 44, 244: 282, 245: 142, 246: 380, 247: 240, 248: 478, 249: 268, 250: 30, 251: 114, 252: 352, 253: 352, 254: 114, 255: 142, 256: 380, 257: 86, 258: 324, 259: 478, 260: 240, 261: 16, 262: 254, 263: 240, 264: 478, 265: 478, 266: 240, 267: 324, 268: 86, 269: 380, 270: 142, 271: 324, 272: 86, 273: 58, 274: 296, 275: 16, 276: 254, 277: 44, 278: 282, 279: 30, 280: 268, 281: 380, 282: 142, 283: 324, 284: 86, 285: 142, 286: 380, 287: 114, 288: 352, 289: 114, 290: 352, 291: 240, 292: 478, 293: 478, 294: 240, 295: 380, 296: 142, 297: 142, 298: 380, 299: 478, 300: 240, 301: 86, 302: 324, 303: 414, 304: 652, 305: 30, 306: 268, 307: 268, 308: 30, 309: 380, 310: 142, 311: 478, 312: 240, 313: 478, 314: 240, 315: 414, 316: 652, 317: 240, 318: 478, 319: 380, 320: 142, 321: 254, 322: 16, 323: 58, 324: 296, 325: 380, 326: 142, 327: 652, 328: 414, 329: 30, 330: 268, 331: 44, 332: 282, 333: 268, 334: 30, 335: 254, 336: 16, 337: 30, 338: 268, 339: 240, 340: 478, 341: 324, 342: 86, 343: 114, 344: 352, 345: 86, 346: 324, 347: 380, 348: 142, 349: 478, 350: 240, 351: 478, 352: 240, 353: 254, 354: 16, 355: 268, 356: 30, 357: 86, 358: 324, 359: 324, 360: 86, 361: 86, 362: 324, 363: 268, 364: 30, 365: 44, 366: 282, 367: 254, 368: 16, 369: 268, 370: 30, 371: 16, 372: 254, 373: 324, 374: 86, 375: 296, 376: 58, 377: 86, 378: 324, 379: 268, 380: 30, 381: 268, 382: 30, 383: 254, 384: 16, 385: 44, 386: 282, 387: 282, 388: 44, 389: 16, 390: 254, 391: 254, 392: 16, 393: 16, 394: 254, 395: 268, 396: 30, 397: 380, 398: 142, 399: 268, 400: 30}
Number of lables used:  18
Total time: 0.85 seconds
Memory used: 121.68 MB
--------------------------------------------------

Trying with at most 17 labels...
Solution:
{1: 16, 2: 254, 3: 114, 4: 352, 5: 114, 6: 352, 7: 30, 8: 268, 9: 380, 10: 142, 11: 352, 12: 114, 13: 652, 14: 414, 15: 652, 16: 414, 17: 254, 18: 16, 19: 86, 20: 324, 21: 114, 22: 352, 23: 652, 24: 414, 25: 352, 26: 114, 27: 352, 28: 114, 29: 142, 30: 380, 31: 652, 32: 414, 33: 296, 34: 58, 35: 44, 36: 282, 37: 16, 38: 254, 39: 296, 40: 58, 41: 352, 42: 114, 43: 44, 44: 282, 45: 86, 46: 324, 47: 652, 48: 414, 49: 414, 50: 652, 51: 652, 52: 414, 53: 380, 54: 142, 55: 296, 56: 58, 57: 414, 58: 652, 59: 324, 60: 86, 61: 58, 62: 296, 63: 142, 64: 380, 65: 30, 66: 268, 67: 268, 68: 30, 69: 44, 70: 282, 71: 380, 72: 142, 73: 16, 74: 254, 75: 86, 76: 324, 77: 414, 78: 652, 79: 414, 80: 652, 81: 86, 82: 324, 83: 414, 84: 652, 85: 414, 86: 652, 87: 30, 88: 268, 89: 44, 90: 282, 91: 30, 92: 268, 93: 86, 94: 324, 95: 414, 96: 652, 97: 142, 98: 380, 99: 268, 100: 30, 101: 254, 102: 16, 103: 268, 104: 30, 105: 142, 106: 380, 107: 58, 108: 296, 109: 282, 110: 44, 111: 30, 112: 268, 113: 352, 114: 114, 115: 16, 116: 254, 117: 652, 118: 414, 119: 142, 120: 380, 121: 30, 122: 268, 123: 142, 124: 380, 125: 324, 126: 86, 127: 352, 128: 114, 129: 142, 130: 380, 131: 58, 132: 296, 133: 16, 134: 254, 135: 380, 136: 142, 137: 324, 138: 86, 139: 324, 140: 86, 141: 114, 142: 352, 143: 58, 144: 296, 145: 282, 146: 44, 147: 414, 148: 652, 149: 254, 150: 16, 151: 16, 152: 254, 153: 86, 154: 324, 155: 142, 156: 380, 157: 652, 158: 414, 159: 652, 160: 414, 161: 414, 162: 652, 163: 380, 164: 142, 165: 16, 166: 254, 167: 58, 168: 296, 169: 58, 170: 296, 171: 268, 172: 30, 173: 380, 174: 142, 175: 296, 176: 58, 177: 652, 178: 414, 179: 380, 180: 142, 181: 30, 182: 268, 183: 114, 184: 352, 185: 296, 186: 58, 187: 114, 188: 352, 189: 380, 190: 142, 191: 58, 192: 296, 193: 652, 194: 414, 195: 282, 196: 44, 197: 254, 198: 16, 199: 16, 200: 254, 201: 652, 202: 414, 203: 114, 204: 352, 205: 16, 206: 254, 207: 268, 208: 30, 209: 324, 210: 86, 211: 352, 212: 114, 213: 380, 214: 142, 215: 16, 216: 254, 217: 652, 218: 414, 219: 324, 220: 86, 221: 652, 222: 414, 223: 652, 224: 414, 225: 16, 226: 254, 227: 380, 228: 142, 229: 282, 230: 44, 231: 296, 232: 58, 233: 324, 234: 86, 235: 114, 236: 352, 237: 114, 238: 352, 239: 352, 240: 114, 241: 296, 242: 58, 243: 58, 244: 296, 245: 86, 246: 324, 247: 142, 248: 380, 249: 114, 250: 352, 251: 86, 252: 324, 253: 352, 254: 114, 255: 142, 256: 380, 257: 86, 258: 324, 259: 380, 260: 142, 261: 16, 262: 254, 263: 142, 264: 380, 265: 380, 266: 142, 267: 44, 268: 282, 269: 268, 270: 30, 271: 114, 272: 352, 273: 30, 274: 268, 275: 30, 276: 268, 277: 44, 278: 282, 279: 30, 280: 268, 281: 324, 282: 86, 283: 324, 284: 86, 285: 142, 286: 380, 287: 44, 288: 282, 289: 86, 290: 324, 291: 380, 292: 142, 293: 380, 294: 142, 295: 380, 296: 142, 297: 142, 298: 380, 299: 142, 300: 380, 301: 86, 302: 324, 303: 16, 304: 254, 305: 30, 306: 268, 307: 268, 308: 30, 309: 380, 310: 142, 311: 142, 312: 380, 313: 142, 314: 380, 315: 414, 316: 652, 317: 142, 318: 380, 319: 296, 320: 58, 321: 414, 322: 652, 323: 352, 324: 114, 325: 414, 326: 652, 327: 58, 328: 296, 329: 142, 330: 380, 331: 44, 332: 282, 333: 30, 334: 268, 335: 254, 336: 16, 337: 30, 338: 268, 339: 142, 340: 380, 341: 324, 342: 86, 343: 114, 344: 352, 345: 296, 346: 58, 347: 30, 348: 268, 349: 142, 350: 380, 351: 380, 352: 142, 353: 86, 354: 324, 355: 352, 356: 114, 357: 86, 358: 324, 359: 324, 360: 86, 361: 414, 362: 652, 363: 58, 364: 296, 365: 44, 366: 282, 367: 352, 368: 114, 369: 268, 370: 30, 371: 86, 372: 324, 373: 352, 374: 114, 375: 296, 376: 58, 377: 86, 378: 324, 379: 268, 380: 30, 381: 296, 382: 58, 383: 114, 384: 352, 385: 86, 386: 324, 387: 86, 388: 324, 389: 324, 390: 86, 391: 268, 392: 30, 393: 282, 394: 44, 395: 58, 396: 296, 397: 16, 398: 254, 399: 324, 400: 86}
Number of lables used:  16
Total time: 0.91 seconds
Memory used: 124.14 MB
--------------------------------------------------

Trying with at most 15 labels...
Solution:
{1: 414, 2: 652, 3: 114, 4: 352, 5: 114, 6: 352, 7: 30, 8: 268, 9: 652, 10: 414, 11: 352, 12: 114, 13: 414, 14: 652, 15: 414, 16: 652, 17: 414, 18: 652, 19: 792, 20: 554, 21: 114, 22: 352, 23: 652, 24: 414, 25: 352, 26: 114, 27: 352, 28: 114, 29: 792, 30: 554, 31: 652, 32: 414, 33: 554, 34: 792, 35: 792, 36: 554, 37: 792, 38: 554, 39: 652, 40: 414, 41: 352, 42: 114, 43: 30, 44: 268, 45: 86, 46: 324, 47: 554, 48: 792, 49: 414, 50: 652, 51: 652, 52: 414, 53: 380, 54: 142, 55: 296, 56: 58, 57: 652, 58: 414, 59: 324, 60: 86, 61: 554, 62: 792, 63: 142, 64: 380, 65: 268, 66: 30, 67: 58, 68: 296, 69: 792, 70: 554, 71: 380, 72: 142, 73: 114, 74: 352, 75: 86, 76: 324, 77: 414, 78: 652, 79: 554, 80: 792, 81: 86, 82: 324, 83: 792, 84: 554, 85: 30, 86: 268, 87: 652, 88: 414, 89: 414, 90: 652, 91: 30, 92: 268, 93: 86, 94: 324, 95: 414, 96: 652, 97: 142, 98: 380, 99: 86, 100: 324, 101: 296, 102: 58, 103: 268, 104: 30, 105: 554, 106: 792, 107: 58, 108: 296, 109: 30, 110: 268, 111: 30, 112: 268, 113: 142, 114: 380, 115: 30, 116: 268, 117: 414, 118: 652, 119: 142, 120: 380, 121: 792, 122: 554, 123: 792, 124: 554, 125: 268, 126: 30, 127: 352, 128: 114, 129: 142, 130: 380, 131: 58, 132: 296, 133: 58, 134: 296, 135: 380, 136: 142, 137: 324, 138: 86, 139: 324, 140: 86, 141: 554, 142: 792, 143: 268, 144: 30, 145: 414, 146: 652, 147: 414, 148: 652, 149: 414, 150: 652, 151: 414, 152: 652, 153: 324, 154: 86, 155: 380, 156: 142, 157: 652, 158: 414, 159: 414, 160: 652, 161: 792, 162: 554, 163: 380, 164: 142, 165: 324, 166: 86, 167: 58, 168: 296, 169: 114, 170: 352, 171: 792, 172: 554, 173: 380, 174: 142, 175: 554, 176: 792, 177: 30, 178: 268, 179: 380, 180: 142, 181: 30, 182: 268, 183: 114, 184: 352, 185: 296, 186: 58, 187: 324, 188: 86, 189: 380, 190: 142, 191: 58, 192: 296, 193: 652, 194: 414, 195: 268, 196: 30, 197: 86, 198: 324, 199: 792, 200: 554, 201: 554, 202: 792, 203: 30, 204: 268, 205: 554, 206: 792, 207: 58, 208: 296, 209: 324, 210: 86, 211: 114, 212: 352, 213: 142, 214: 380, 215: 352, 216: 114, 217: 652, 218: 414, 219: 792, 220: 554, 221: 296, 222: 58, 223: 296, 224: 58, 225: 58, 226: 296, 227: 380, 228: 142, 229: 30, 230: 268, 231: 296, 232: 58, 233: 324, 234: 86, 235: 58, 236: 296, 237: 114, 238: 352, 239: 30, 240: 268, 241: 30, 242: 268, 243: 554, 244: 792, 245: 86, 246: 324, 247: 142, 248: 380, 249: 30, 250: 268, 251: 86, 252: 324, 253: 30, 254: 268, 255: 142, 256: 380, 257: 296, 258: 58, 259: 380, 260: 142, 261: 86, 262: 324, 263: 142, 264: 380, 265: 380, 266: 142, 267: 792, 268: 554, 269: 296, 270: 58, 271: 268, 272: 30, 273: 296, 274: 58, 275: 30, 276: 268, 277: 58, 278: 296, 279: 86, 280: 324, 281: 86, 282: 324, 283: 554, 284: 792, 285: 142, 286: 380, 287: 352, 288: 114, 289: 324, 290: 86, 291: 380, 292: 142, 293: 380, 294: 142, 295: 380, 296: 142, 297: 142, 298: 380, 299: 142, 300: 380, 301: 352, 302: 114, 303: 652, 304: 414, 305: 30, 306: 268, 307: 268, 308: 30, 309: 142, 310: 380, 311: 380, 312: 142, 313: 142, 314: 380, 315: 414, 316: 652, 317: 142, 318: 380, 319: 324, 320: 86, 321: 414, 322: 652, 323: 58, 324: 296, 325: 86, 326: 324, 327: 324, 328: 86, 329: 142, 330: 380, 331: 352, 332: 114, 333: 30, 334: 268, 335: 352, 336: 114, 337: 30, 338: 268, 339: 142, 340: 380, 341: 352, 342: 114, 343: 554, 344: 792, 345: 296, 346: 58, 347: 268, 348: 30, 349: 142, 350: 380, 351: 380, 352: 142, 353: 554, 354: 792, 355: 114, 356: 352, 357: 652, 358: 414, 359: 324, 360: 86, 361: 554, 362: 792, 363: 58, 364: 296, 365: 268, 366: 30, 367: 652, 368: 414, 369: 554, 370: 792, 371: 114, 372: 352, 373: 652, 374: 414, 375: 296, 376: 58, 377: 114, 378: 352, 379: 652, 380: 414, 381: 114, 382: 352, 383: 114, 384: 352, 385: 352, 386: 114, 387: 30, 388: 268, 389: 554, 390: 792, 391: 268, 392: 30, 393: 554, 394: 792, 395: 30, 396: 268, 397: 296, 398: 58, 399: 352, 400: 114}
Number of lables used:  14
Total time: 0.94 seconds
Memory used: 124.12 MB
--------------------------------------------------

Trying with at most 13 labels...
[runlim] sample:		10.00 time, 10.01 real, 133 MB, 1.07 load
[runlim] sample:		19.99 time, 20.01 real, 134 MB, 1.06 load
[runlim] sample:		29.99 time, 30.01 real, 134 MB, 1.05 load
[runlim] sample:		39.98 time, 40.01 real, 156 MB, 1.04 load
[runlim] sample:		49.98 time, 50.01 real, 159 MB, 1.11 load
[runlim] sample:		59.97 time, 60.01 real, 161 MB, 1.10 load
[runlim] sample:		69.97 time, 70.01 real, 161 MB, 1.16 load
[runlim] sample:		79.96 time, 80.01 real, 161 MB, 1.14 load
[runlim] sample:		89.96 time, 90.01 real, 161 MB, 1.11 load
[runlim] sample:		99.95 time, 100.01 real, 162 MB, 1.10 load
[runlim] sample:		109.95 time, 110.01 real, 163 MB, 1.08 load
[runlim] sample:		119.95 time, 120.01 real, 164 MB, 1.07 load
[runlim] sample:		129.94 time, 130.01 real, 165 MB, 1.06 load
[runlim] sample:		139.94 time, 140.01 real, 165 MB, 1.05 load
[runlim] sample:		149.94 time, 150.01 real, 139 MB, 1.04 load
[runlim] sample:		159.93 time, 160.01 real, 141 MB, 1.03 load
[runlim] sample:		169.92 time, 170.01 real, 159 MB, 1.03 load
[runlim] sample:		179.92 time, 180.01 real, 170 MB, 1.02 load
[runlim] sample:		189.91 time, 190.01 real, 171 MB, 1.02 load
[runlim] sample:		199.91 time, 200.01 real, 174 MB, 1.02 load
[runlim] sample:		209.91 time, 210.01 real, 174 MB, 1.01 load
[runlim] sample:		219.90 time, 220.01 real, 161 MB, 1.01 load
[runlim] sample:		229.90 time, 230.01 real, 161 MB, 1.01 load
[runlim] sample:		239.89 time, 240.01 real, 161 MB, 1.01 load
[runlim] sample:		249.90 time, 250.01 real, 176 MB, 1.00 load
[runlim] sample:		259.90 time, 260.01 real, 178 MB, 1.00 load
[runlim] sample:		269.89 time, 270.01 real, 178 MB, 1.00 load
[runlim] sample:		279.89 time, 280.01 real, 178 MB, 1.15 load
[runlim] sample:		289.88 time, 290.01 real, 122 MB, 1.13 load
[runlim] sample:		299.87 time, 300.01 real, 169 MB, 1.11 load
[runlim] sample:		309.87 time, 310.01 real, 171 MB, 1.09 load
[runlim] sample:		319.87 time, 320.01 real, 171 MB, 1.08 load
[runlim] sample:		329.86 time, 330.01 real, 172 MB, 1.06 load
[runlim] sample:		339.86 time, 340.01 real, 172 MB, 1.05 load
[runlim] sample:		349.85 time, 350.01 real, 176 MB, 1.04 load
[runlim] sample:		359.85 time, 360.01 real, 176 MB, 1.04 load
[runlim] sample:		369.85 time, 370.01 real, 176 MB, 1.03 load
[runlim] sample:		379.84 time, 380.01 real, 176 MB, 1.03 load
[runlim] sample:		389.84 time, 390.01 real, 176 MB, 1.02 load
[runlim] sample:		399.83 time, 400.01 real, 176 MB, 1.02 load
[runlim] sample:		409.83 time, 410.01 real, 176 MB, 1.01 load
[runlim] sample:		419.83 time, 420.01 real, 176 MB, 1.01 load
[runlim] sample:		429.82 time, 430.01 real, 176 MB, 1.09 load
[runlim] sample:		439.82 time, 440.01 real, 180 MB, 1.15 load
[runlim] sample:		449.81 time, 450.01 real, 180 MB, 1.13 load
[runlim] sample:		459.81 time, 460.01 real, 180 MB, 1.11 load
[runlim] sample:		469.81 time, 470.01 real, 180 MB, 1.09 load
[runlim] sample:		479.80 time, 480.01 real, 180 MB, 1.08 load
[runlim] sample:		489.80 time, 490.01 real, 180 MB, 1.06 load
[runlim] sample:		499.79 time, 500.01 real, 180 MB, 1.05 load
[runlim] sample:		509.80 time, 510.01 real, 189 MB, 1.04 load
[runlim] sample:		519.79 time, 520.01 real, 169 MB, 1.04 load
[runlim] sample:		529.78 time, 530.01 real, 175 MB, 1.03 load
[runlim] sample:		539.78 time, 540.01 real, 148 MB, 1.03 load
[runlim] sample:		549.77 time, 550.01 real, 169 MB, 1.02 load
[runlim] sample:		559.77 time, 560.01 real, 194 MB, 1.02 load
[runlim] sample:		569.77 time, 570.01 real, 195 MB, 1.01 load
[runlim] sample:		579.77 time, 580.01 real, 196 MB, 1.01 load
[runlim] sample:		589.76 time, 590.01 real, 196 MB, 1.01 load
[runlim] sample:		599.76 time, 600.01 real, 196 MB, 1.01 load
[runlim] end:			Sat Jun 13 19:43:58 2026
[runlim] status:		out of time
[runlim] result:		2
[runlim] children:		1
[runlim] processes:		2
[runlim] real:			601.06 seconds
[runlim] time:			599.76 seconds
[runlim] space:			196 MB
[runlim] load:			1.16 maximum
[runlim] samples:		6000
