[runlim] version:		2.0.0rc12
[runlim] host:			ap-Precision-7550
[runlim] time limit:		311040000 seconds
[runlim] real time limit:	600 seconds
[runlim] space limit:		14000 MB
[runlim] argv[0]:		python3
[runlim] argv[1]:		-u
[runlim] argv[2]:		pairwise_no_preprocessing.py
[runlim] argv[3]:		graph03
[runlim] argv[4]:		assumptions
[runlim] argv[5]:		1
[runlim] argv[6]:		card
[runlim] argv[7]:		1
[runlim] start:			Sat Jun 13 20:44:43 2026
[runlim] child:			16793
Exactly-one cardinality encoding:  1
Distance constraint mode:  card
Distance cardinality encoding:  1
Number of assignment variables:  7820
Number of clauses for exactly one constraints:  22860
Number of clauses for distance constraints:  1428592
---------------------------------------------------
Solve first problem:
Solution:
{1: 100, 2: 338, 3: 142, 4: 380, 5: 142, 6: 380, 7: 142, 8: 380, 9: 142, 10: 380, 11: 72, 12: 310, 13: 708, 14: 470, 15: 16, 16: 254, 17: 114, 18: 352, 19: 778, 20: 540, 21: 792, 22: 554, 23: 16, 24: 254, 25: 666, 26: 428, 27: 666, 28: 428, 29: 652, 30: 414, 31: 58, 32: 296, 33: 44, 34: 282, 35: 142, 36: 380, 37: 72, 38: 310, 39: 792, 40: 554, 41: 16, 42: 254, 43: 680, 44: 442, 45: 708, 46: 470, 47: 86, 48: 324, 49: 778, 50: 540, 51: 128, 52: 366, 53: 142, 54: 380, 55: 44, 56: 282, 57: 86, 58: 324, 59: 114, 60: 352, 61: 86, 62: 324, 63: 16, 64: 254, 65: 708, 66: 470, 67: 498, 68: 736, 69: 736, 70: 498, 71: 652, 72: 414, 73: 44, 74: 282, 75: 708, 76: 470, 77: 722, 78: 484, 79: 750, 80: 512, 81: 722, 82: 484, 83: 736, 84: 498, 85: 750, 86: 512, 87: 736, 88: 498, 89: 736, 90: 498, 91: 750, 92: 512, 93: 30, 94: 268, 95: 142, 96: 380, 97: 30, 98: 268, 99: 44, 100: 282, 101: 792, 102: 554, 103: 142, 104: 380, 105: 86, 106: 324, 107: 100, 108: 338, 109: 128, 110: 366, 111: 750, 112: 512, 113: 16, 114: 254, 115: 58, 116: 296, 117: 666, 118: 428, 119: 722, 120: 484, 121: 512, 122: 750, 123: 750, 124: 512, 125: 792, 126: 554, 127: 694, 128: 456, 129: 114, 130: 352, 131: 142, 132: 380, 133: 694, 134: 456, 135: 540, 136: 778, 137: 114, 138: 352, 139: 86, 140: 324, 141: 708, 142: 470, 143: 44, 144: 282, 145: 778, 146: 540, 147: 72, 148: 310, 149: 128, 150: 366, 151: 722, 152: 484, 153: 750, 154: 512, 155: 86, 156: 324, 157: 16, 158: 254, 159: 58, 160: 296, 161: 694, 162: 456, 163: 100, 164: 338, 165: 86, 166: 324, 167: 16, 168: 254, 169: 128, 170: 366, 171: 128, 172: 366, 173: 44, 174: 282, 175: 100, 176: 338, 177: 30, 178: 268, 179: 680, 180: 442, 181: 114, 182: 352, 183: 86, 184: 324, 185: 142, 186: 380, 187: 58, 188: 296, 189: 30, 190: 268, 191: 16, 192: 254, 193: 750, 194: 512, 195: 44, 196: 282, 197: 128, 198: 366, 199: 30, 200: 268}
Number of lables used:  40
Total time: 1.64 seconds
Memory used: 267.55 MB
--------------------------------------------------
Number of label variables:  48
Number of clauses for label constraints:  7797
Number of new variables for cardinality constraints:  1131
Number of clauses for cardinality constraints:  4446
Initial variable count:  502623
Initial clause count:  1460855
--------------------------------------------------

Trying with at most 39 labels...
Solution:
{1: 100, 2: 338, 3: 142, 4: 380, 5: 142, 6: 380, 7: 142, 8: 380, 9: 142, 10: 380, 11: 142, 12: 380, 13: 58, 14: 296, 15: 114, 16: 352, 17: 114, 18: 352, 19: 58, 20: 296, 21: 16, 22: 254, 23: 86, 24: 324, 25: 100, 26: 338, 27: 100, 28: 338, 29: 114, 30: 352, 31: 128, 32: 366, 33: 44, 34: 282, 35: 652, 36: 414, 37: 72, 38: 310, 39: 16, 40: 254, 41: 16, 42: 254, 43: 86, 44: 324, 45: 58, 46: 296, 47: 86, 48: 324, 49: 30, 50: 268, 51: 128, 52: 366, 53: 142, 54: 380, 55: 44, 56: 282, 57: 86, 58: 324, 59: 114, 60: 352, 61: 86, 62: 324, 63: 16, 64: 254, 65: 58, 66: 296, 67: 100, 68: 338, 69: 30, 70: 268, 71: 652, 72: 414, 73: 142, 74: 380, 75: 58, 76: 296, 77: 44, 78: 282, 79: 16, 80: 254, 81: 86, 82: 324, 83: 30, 84: 268, 85: 16, 86: 254, 87: 16, 88: 254, 89: 72, 90: 310, 91: 16, 92: 254, 93: 30, 94: 268, 95: 142, 96: 380, 97: 30, 98: 268, 99: 44, 100: 282, 101: 16, 102: 254, 103: 142, 104: 380, 105: 86, 106: 324, 107: 100, 108: 338, 109: 142, 110: 380, 111: 16, 112: 254, 113: 16, 114: 254, 115: 58, 116: 296, 117: 666, 118: 428, 119: 44, 120: 282, 121: 114, 122: 352, 123: 16, 124: 254, 125: 142, 126: 380, 127: 72, 128: 310, 129: 652, 130: 414, 131: 652, 132: 414, 133: 72, 134: 310, 135: 652, 136: 414, 137: 114, 138: 352, 139: 86, 140: 324, 141: 100, 142: 338, 143: 58, 144: 296, 145: 30, 146: 268, 147: 72, 148: 310, 149: 128, 150: 366, 151: 44, 152: 282, 153: 16, 154: 254, 155: 86, 156: 324, 157: 16, 158: 254, 159: 58, 160: 296, 161: 72, 162: 310, 163: 114, 164: 352, 165: 86, 166: 324, 167: 16, 168: 254, 169: 666, 170: 428, 171: 666, 172: 428, 173: 44, 174: 282, 175: 100, 176: 338, 177: 44, 178: 282, 179: 72, 180: 310, 181: 114, 182: 352, 183: 86, 184: 324, 185: 142, 186: 380, 187: 58, 188: 296, 189: 30, 190: 268, 191: 16, 192: 254, 193: 58, 194: 296, 195: 44, 196: 282, 197: 666, 198: 428, 199: 30, 200: 268}
Number of lables used:  24
Total time: 1.79 seconds
Memory used: 278.39 MB
--------------------------------------------------

Trying with at most 23 labels...
Solution:
{1: 708, 2: 470, 3: 666, 4: 428, 5: 58, 6: 296, 7: 666, 8: 428, 9: 666, 10: 428, 11: 666, 12: 428, 13: 58, 14: 296, 15: 58, 16: 296, 17: 58, 18: 296, 19: 750, 20: 512, 21: 792, 22: 554, 23: 58, 24: 296, 25: 708, 26: 470, 27: 708, 28: 470, 29: 694, 30: 456, 31: 58, 32: 296, 33: 764, 34: 526, 35: 666, 36: 428, 37: 736, 38: 498, 39: 792, 40: 554, 41: 792, 42: 554, 43: 58, 44: 296, 45: 750, 46: 512, 47: 722, 48: 484, 49: 778, 50: 540, 51: 58, 52: 296, 53: 666, 54: 428, 55: 764, 56: 526, 57: 722, 58: 484, 59: 694, 60: 456, 61: 722, 62: 484, 63: 792, 64: 554, 65: 750, 66: 512, 67: 708, 68: 470, 69: 778, 70: 540, 71: 666, 72: 428, 73: 666, 74: 428, 75: 750, 76: 512, 77: 764, 78: 526, 79: 792, 80: 554, 81: 722, 82: 484, 83: 778, 84: 540, 85: 792, 86: 554, 87: 58, 88: 296, 89: 736, 90: 498, 91: 792, 92: 554, 93: 778, 94: 540, 95: 170, 96: 408, 97: 778, 98: 540, 99: 764, 100: 526, 101: 792, 102: 554, 103: 666, 104: 428, 105: 722, 106: 484, 107: 708, 108: 470, 109: 666, 110: 428, 111: 792, 112: 554, 113: 792, 114: 554, 115: 750, 116: 512, 117: 666, 118: 428, 119: 764, 120: 526, 121: 58, 122: 296, 123: 792, 124: 554, 125: 666, 126: 428, 127: 736, 128: 498, 129: 694, 130: 456, 131: 666, 132: 428, 133: 736, 134: 498, 135: 666, 136: 428, 137: 694, 138: 456, 139: 722, 140: 484, 141: 708, 142: 470, 143: 750, 144: 512, 145: 778, 146: 540, 147: 736, 148: 498, 149: 58, 150: 296, 151: 764, 152: 526, 153: 58, 154: 296, 155: 58, 156: 296, 157: 792, 158: 554, 159: 750, 160: 512, 161: 736, 162: 498, 163: 694, 164: 456, 165: 722, 166: 484, 167: 792, 168: 554, 169: 58, 170: 296, 171: 58, 172: 296, 173: 764, 174: 526, 175: 708, 176: 470, 177: 764, 178: 526, 179: 736, 180: 498, 181: 694, 182: 456, 183: 722, 184: 484, 185: 666, 186: 428, 187: 750, 188: 512, 189: 778, 190: 540, 191: 792, 192: 554, 193: 750, 194: 512, 195: 764, 196: 526, 197: 58, 198: 296, 199: 778, 200: 540}
Number of lables used:  22
Total time: 5.95 seconds
Memory used: 356.51 MB
--------------------------------------------------

Trying with at most 21 labels...
Solution:
{1: 100, 2: 338, 3: 142, 4: 380, 5: 142, 6: 380, 7: 142, 8: 380, 9: 142, 10: 380, 11: 142, 12: 380, 13: 58, 14: 296, 15: 114, 16: 352, 17: 114, 18: 352, 19: 58, 20: 296, 21: 16, 22: 254, 23: 86, 24: 324, 25: 100, 26: 338, 27: 100, 28: 338, 29: 114, 30: 352, 31: 128, 32: 366, 33: 44, 34: 282, 35: 142, 36: 380, 37: 72, 38: 310, 39: 16, 40: 254, 41: 16, 42: 254, 43: 86, 44: 324, 45: 58, 46: 296, 47: 86, 48: 324, 49: 30, 50: 268, 51: 128, 52: 366, 53: 142, 54: 380, 55: 44, 56: 282, 57: 86, 58: 324, 59: 114, 60: 352, 61: 86, 62: 324, 63: 16, 64: 254, 65: 58, 66: 296, 67: 100, 68: 338, 69: 30, 70: 268, 71: 142, 72: 380, 73: 142, 74: 380, 75: 58, 76: 296, 77: 44, 78: 282, 79: 16, 80: 254, 81: 86, 82: 324, 83: 30, 84: 268, 85: 16, 86: 254, 87: 16, 88: 254, 89: 72, 90: 310, 91: 16, 92: 254, 93: 30, 94: 268, 95: 142, 96: 380, 97: 30, 98: 268, 99: 44, 100: 282, 101: 16, 102: 254, 103: 142, 104: 380, 105: 86, 106: 324, 107: 100, 108: 338, 109: 142, 110: 380, 111: 16, 112: 254, 113: 16, 114: 254, 115: 58, 116: 296, 117: 142, 118: 380, 119: 44, 120: 282, 121: 114, 122: 352, 123: 16, 124: 254, 125: 142, 126: 380, 127: 72, 128: 310, 129: 114, 130: 352, 131: 142, 132: 380, 133: 72, 134: 310, 135: 142, 136: 380, 137: 114, 138: 352, 139: 86, 140: 324, 141: 100, 142: 338, 143: 58, 144: 296, 145: 30, 146: 268, 147: 72, 148: 310, 149: 128, 150: 366, 151: 44, 152: 282, 153: 16, 154: 254, 155: 86, 156: 324, 157: 16, 158: 254, 159: 58, 160: 296, 161: 72, 162: 310, 163: 114, 164: 352, 165: 86, 166: 324, 167: 16, 168: 254, 169: 128, 170: 366, 171: 128, 172: 366, 173: 44, 174: 282, 175: 100, 176: 338, 177: 44, 178: 282, 179: 72, 180: 310, 181: 114, 182: 352, 183: 86, 184: 324, 185: 142, 186: 380, 187: 58, 188: 296, 189: 30, 190: 268, 191: 16, 192: 254, 193: 58, 194: 296, 195: 44, 196: 282, 197: 128, 198: 366, 199: 30, 200: 268}
Number of lables used:  20
Total time: 9.95 seconds
Memory used: 364.15 MB
--------------------------------------------------

Trying with at most 19 labels...
[runlim] sample:		9.99 time, 10.01 real, 364 MB, 1.00 load
[runlim] sample:		19.99 time, 20.01 real, 350 MB, 1.00 load
[runlim] sample:		29.98 time, 30.01 real, 351 MB, 1.07 load
[runlim] sample:		39.97 time, 40.01 real, 386 MB, 1.06 load
[runlim] sample:		49.97 time, 50.01 real, 352 MB, 1.21 load
[runlim] sample:		59.97 time, 60.01 real, 353 MB, 1.17 load
[runlim] sample:		69.96 time, 70.01 real, 352 MB, 1.15 load
Cannot find solution.
No more solutions found.
Optimal number of labels used:  20
Total time: 74.13 seconds
Memory used: 352.34 MB
[runlim] end:			Sat Jun 13 20:45:58 2026
[runlim] status:		ok
[runlim] result:		0
[runlim] children:		1
[runlim] processes:		2
[runlim] real:			74.22 seconds
[runlim] time:			74.16 seconds
[runlim] space:			418 MB
[runlim] load:			1.21 maximum
[runlim] samples:		743
