[runlim] version:		2.0.0rc12
[runlim] host:			ap-Precision-7550
[runlim] time limit:		311040000 seconds
[runlim] real time limit:	600 seconds
[runlim] space limit:		14000 MB
[runlim] argv[0]:		python3
[runlim] argv[1]:		-u
[runlim] argv[2]:		pairwise_no_preprocessing.py
[runlim] argv[3]:		scen05
[runlim] argv[4]:		assumptions
[runlim] argv[5]:		1
[runlim] argv[6]:		card
[runlim] argv[7]:		1
[runlim] start:			Sat Jun 13 20:58:44 2026
[runlim] child:			16858
Exactly-one cardinality encoding:  1
Distance constraint mode:  card
Distance cardinality encoding:  1
Number of assignment variables:  15768
Number of clauses for exactly one constraints:  46104
Number of clauses for distance constraints:  4751312
---------------------------------------------------
Solve first problem:
Solution:
{13: 156, 14: 394, 15: 156, 16: 394, 53: 16, 54: 254, 71: 30, 72: 268, 79: 792, 80: 554, 81: 282, 82: 44, 83: 156, 84: 394, 85: 442, 86: 680, 117: 792, 118: 554, 119: 554, 120: 792, 127: 58, 128: 296, 129: 708, 130: 470, 143: 680, 144: 442, 145: 456, 146: 694, 151: 72, 152: 310, 153: 428, 154: 666, 163: 156, 164: 394, 165: 792, 166: 554, 179: 44, 180: 282, 181: 282, 182: 44, 183: 442, 184: 680, 191: 750, 192: 512, 193: 310, 194: 72, 205: 324, 206: 86, 209: 736, 210: 498, 211: 792, 212: 554, 213: 324, 214: 86, 217: 764, 218: 526, 219: 394, 220: 156, 233: 442, 234: 680, 235: 778, 236: 540, 237: 498, 238: 736, 255: 16, 256: 254, 259: 16, 260: 254, 261: 526, 262: 764, 263: 282, 264: 44, 265: 16, 266: 254, 267: 554, 268: 792, 269: 296, 270: 58, 271: 296, 272: 58, 273: 44, 274: 282, 275: 44, 276: 282, 277: 296, 278: 58, 281: 394, 282: 156, 283: 128, 284: 366, 285: 16, 286: 254, 287: 554, 288: 792, 289: 736, 290: 498, 291: 156, 292: 394, 293: 142, 294: 380, 295: 792, 296: 554, 299: 254, 300: 16, 301: 156, 302: 394, 303: 324, 304: 86, 305: 554, 306: 792, 307: 512, 308: 750, 309: 394, 310: 156, 311: 30, 312: 268, 313: 296, 314: 58, 321: 254, 322: 16, 323: 156, 324: 394, 325: 456, 326: 694, 327: 310, 328: 72, 329: 254, 330: 16, 335: 792, 336: 554, 337: 554, 338: 792, 341: 394, 342: 156, 343: 394, 344: 156, 349: 296, 350: 58, 351: 708, 352: 470, 353: 694, 354: 456, 369: 778, 370: 540, 371: 442, 372: 680, 373: 722, 374: 484, 375: 142, 376: 380, 377: 352, 378: 114, 379: 338, 380: 100, 381: 100, 382: 338, 385: 778, 386: 540, 391: 722, 392: 484, 393: 764, 394: 526, 401: 380, 402: 142, 403: 282, 404: 44, 405: 428, 406: 666, 413: 778, 414: 540, 435: 72, 436: 310, 439: 394, 440: 156, 443: 16, 444: 254, 449: 764, 450: 526, 471: 142, 472: 380, 473: 352, 474: 114, 475: 484, 476: 722, 477: 694, 478: 456, 479: 268, 480: 30, 481: 142, 482: 380, 517: 680, 518: 442, 519: 442, 520: 680, 537: 156, 538: 394, 539: 100, 540: 338, 541: 428, 542: 666, 545: 652, 546: 414, 551: 792, 552: 554, 553: 282, 554: 44, 555: 442, 556: 680, 557: 540, 558: 778, 559: 352, 560: 114, 561: 142, 562: 380, 563: 708, 564: 470, 565: 540, 566: 778, 567: 366, 568: 128, 569: 540, 570: 778, 571: 470, 572: 708, 573: 30, 574: 268, 575: 58, 576: 296, 577: 554, 578: 792, 579: 652, 580: 414, 581: 16, 582: 254, 583: 778, 584: 540, 585: 366, 586: 128, 587: 708, 588: 470, 589: 394, 590: 156, 591: 526, 592: 764, 593: 282, 594: 44, 595: 442, 596: 680, 597: 310, 598: 72, 599: 708, 600: 470, 601: 268, 602: 30, 603: 484, 604: 722, 605: 540, 606: 778, 607: 338, 608: 100, 613: 310, 614: 72, 615: 100, 616: 338, 617: 764, 618: 526, 619: 540, 620: 778, 621: 540, 622: 778, 623: 666, 624: 428, 625: 58, 626: 296, 629: 310, 630: 72, 631: 540, 632: 778, 633: 128, 634: 366, 635: 708, 636: 470, 639: 86, 640: 324, 641: 128, 642: 366, 643: 128, 644: 366, 645: 44, 646: 282, 651: 268, 652: 30, 653: 694, 654: 456, 661: 680, 662: 442, 663: 470, 664: 708, 665: 394, 666: 156, 667: 778, 668: 540, 671: 296, 672: 58, 711: 394, 712: 156, 713: 296, 714: 58, 715: 694, 716: 456, 717: 142, 718: 380, 719: 254, 720: 16, 721: 554, 722: 792, 723: 456, 724: 694, 739: 694, 740: 456, 741: 470, 742: 708, 743: 352, 744: 114, 745: 58, 746: 296, 747: 540, 748: 778, 751: 540, 752: 778, 753: 86, 754: 324, 755: 680, 756: 442, 757: 114, 758: 352, 759: 428, 760: 666, 763: 540, 764: 778, 765: 16, 766: 254, 767: 324, 768: 86, 769: 268, 770: 30, 773: 114, 774: 352, 775: 526, 776: 764, 783: 778, 784: 540, 785: 722, 786: 484, 787: 540, 788: 778, 789: 282, 790: 44, 791: 666, 792: 428, 793: 268, 794: 30, 795: 498, 796: 736, 797: 428, 798: 666, 799: 282, 800: 44, 801: 764, 802: 526, 803: 30, 804: 268, 805: 484, 806: 722, 807: 30, 808: 268, 809: 554, 810: 792, 811: 498, 812: 736, 813: 352, 814: 114, 815: 498, 816: 736, 817: 268, 818: 30, 825: 268, 826: 30, 827: 694, 828: 456, 829: 778, 830: 540, 879: 366, 880: 128, 911: 114, 912: 352, 913: 380, 914: 142, 915: 128, 916: 366}
Number of lables used:  44
Total time: 7.02 seconds
Memory used: 1018.40 MB
--------------------------------------------------
Number of label variables:  48
Number of clauses for label constraints:  15590
Number of new variables for cardinality constraints:  1161
Number of clauses for cardinality constraints:  4558
Initial variable count:  1644058
Initial clause count:  4757580
--------------------------------------------------

Trying with at most 43 labels...
[runlim] sample:		10.00 time, 10.01 real, 1105 MB, 1.02 load
Solution:
{13: 156, 14: 394, 15: 156, 16: 394, 53: 30, 54: 268, 71: 44, 72: 282, 79: 498, 80: 736, 81: 16, 82: 254, 83: 128, 84: 366, 85: 414, 86: 652, 117: 792, 118: 554, 119: 554, 120: 792, 127: 16, 128: 254, 129: 708, 130: 470, 143: 666, 144: 428, 145: 442, 146: 680, 151: 72, 152: 310, 153: 414, 154: 652, 163: 142, 164: 380, 165: 764, 166: 526, 179: 44, 180: 282, 181: 282, 182: 44, 183: 442, 184: 680, 191: 736, 192: 498, 193: 254, 194: 16, 205: 310, 206: 72, 209: 736, 210: 498, 211: 792, 212: 554, 213: 310, 214: 72, 217: 764, 218: 526, 219: 394, 220: 156, 233: 428, 234: 666, 235: 30, 236: 268, 237: 498, 238: 736, 255: 44, 256: 282, 259: 72, 260: 310, 261: 526, 262: 764, 263: 254, 264: 16, 265: 86, 266: 324, 267: 554, 268: 792, 269: 296, 270: 58, 271: 296, 272: 58, 273: 16, 274: 254, 275: 16, 276: 254, 277: 296, 278: 58, 281: 366, 282: 128, 283: 128, 284: 366, 285: 16, 286: 254, 287: 414, 288: 652, 289: 792, 290: 554, 291: 156, 292: 394, 293: 380, 294: 142, 295: 792, 296: 554, 299: 254, 300: 16, 301: 156, 302: 394, 303: 324, 304: 86, 305: 554, 306: 792, 307: 498, 308: 736, 309: 380, 310: 142, 311: 16, 312: 254, 313: 268, 314: 30, 321: 254, 322: 16, 323: 156, 324: 394, 325: 414, 326: 652, 327: 268, 328: 30, 329: 268, 330: 30, 335: 736, 336: 498, 337: 442, 338: 680, 341: 394, 342: 156, 343: 394, 344: 156, 349: 268, 350: 30, 351: 680, 352: 442, 353: 680, 354: 442, 369: 778, 370: 540, 371: 414, 372: 652, 373: 666, 374: 428, 375: 100, 376: 338, 377: 352, 378: 114, 379: 338, 380: 100, 381: 30, 382: 268, 385: 764, 386: 526, 391: 722, 392: 484, 393: 764, 394: 526, 401: 366, 402: 128, 403: 282, 404: 44, 405: 428, 406: 666, 413: 708, 414: 470, 435: 44, 436: 282, 439: 394, 440: 156, 443: 16, 444: 254, 449: 764, 450: 526, 471: 16, 472: 254, 473: 352, 474: 114, 475: 428, 476: 666, 477: 680, 478: 442, 479: 268, 480: 30, 481: 114, 482: 352, 517: 666, 518: 428, 519: 428, 520: 666, 537: 142, 538: 380, 539: 86, 540: 324, 541: 414, 542: 652, 545: 652, 546: 414, 551: 792, 552: 554, 553: 268, 554: 30, 555: 428, 556: 666, 557: 540, 558: 778, 559: 380, 560: 142, 561: 114, 562: 352, 563: 708, 564: 470, 565: 540, 566: 778, 567: 268, 568: 30, 569: 526, 570: 764, 571: 470, 572: 708, 573: 30, 574: 268, 575: 44, 576: 282, 577: 554, 578: 792, 579: 652, 580: 414, 581: 30, 582: 268, 583: 764, 584: 526, 585: 366, 586: 128, 587: 708, 588: 470, 589: 254, 590: 16, 591: 526, 592: 764, 593: 268, 594: 30, 595: 442, 596: 680, 597: 296, 598: 58, 599: 680, 600: 442, 601: 296, 602: 58, 603: 456, 604: 694, 605: 428, 606: 666, 607: 324, 608: 86, 613: 310, 614: 72, 615: 86, 616: 324, 617: 764, 618: 526, 619: 540, 620: 778, 621: 540, 622: 778, 623: 666, 624: 428, 625: 30, 626: 268, 629: 282, 630: 44, 631: 428, 632: 666, 633: 114, 634: 352, 635: 708, 636: 470, 639: 100, 640: 338, 641: 114, 642: 352, 643: 114, 644: 352, 645: 16, 646: 254, 651: 16, 652: 254, 653: 666, 654: 428, 661: 652, 662: 414, 663: 414, 664: 652, 665: 394, 666: 156, 667: 778, 668: 540, 671: 296, 672: 58, 711: 254, 712: 16, 713: 296, 714: 58, 715: 694, 716: 456, 717: 128, 718: 366, 719: 254, 720: 16, 721: 540, 722: 778, 723: 442, 724: 680, 739: 666, 740: 428, 741: 442, 742: 680, 743: 310, 744: 72, 745: 30, 746: 268, 747: 484, 748: 722, 751: 526, 752: 764, 753: 30, 754: 268, 755: 694, 756: 456, 757: 114, 758: 352, 759: 428, 760: 666, 763: 498, 764: 736, 765: 16, 766: 254, 767: 324, 768: 86, 769: 268, 770: 30, 773: 114, 774: 352, 775: 428, 776: 666, 783: 722, 784: 484, 785: 694, 786: 456, 787: 484, 788: 722, 789: 268, 790: 30, 791: 666, 792: 428, 793: 268, 794: 30, 795: 498, 796: 736, 797: 428, 798: 666, 799: 268, 800: 30, 801: 764, 802: 526, 803: 44, 804: 282, 805: 694, 806: 456, 807: 142, 808: 380, 809: 554, 810: 792, 811: 498, 812: 736, 813: 352, 814: 114, 815: 498, 816: 736, 817: 268, 818: 30, 825: 268, 826: 30, 827: 694, 828: 456, 829: 764, 830: 526, 879: 44, 880: 282, 911: 114, 912: 352, 913: 268, 914: 30, 915: 44, 916: 282}
Number of lables used:  42
Total time: 15.83 seconds
Memory used: 972.07 MB
--------------------------------------------------

Trying with at most 41 labels...
Solution:
{13: 156, 14: 394, 15: 156, 16: 394, 53: 254, 54: 16, 71: 30, 72: 268, 79: 736, 80: 498, 81: 254, 82: 16, 83: 128, 84: 366, 85: 414, 86: 652, 117: 792, 118: 554, 119: 554, 120: 792, 127: 16, 128: 254, 129: 722, 130: 484, 143: 666, 144: 428, 145: 442, 146: 680, 151: 72, 152: 310, 153: 428, 154: 666, 163: 128, 164: 366, 165: 764, 166: 526, 179: 44, 180: 282, 181: 282, 182: 44, 183: 442, 184: 680, 191: 736, 192: 498, 193: 254, 194: 16, 205: 310, 206: 72, 209: 736, 210: 498, 211: 792, 212: 554, 213: 310, 214: 72, 217: 764, 218: 526, 219: 310, 220: 72, 233: 428, 234: 666, 235: 30, 236: 268, 237: 484, 238: 722, 255: 44, 256: 282, 259: 156, 260: 394, 261: 470, 262: 708, 263: 254, 264: 16, 265: 44, 266: 282, 267: 484, 268: 722, 269: 296, 270: 58, 271: 296, 272: 58, 273: 16, 274: 254, 275: 16, 276: 254, 277: 296, 278: 58, 281: 366, 282: 128, 283: 128, 284: 366, 285: 16, 286: 254, 287: 254, 288: 16, 289: 778, 290: 540, 291: 156, 292: 394, 293: 380, 294: 142, 295: 792, 296: 554, 299: 254, 300: 16, 301: 156, 302: 394, 303: 324, 304: 86, 305: 554, 306: 792, 307: 526, 308: 764, 309: 394, 310: 156, 311: 16, 312: 254, 313: 296, 314: 58, 321: 254, 322: 16, 323: 156, 324: 394, 325: 414, 326: 652, 327: 268, 328: 30, 329: 254, 330: 16, 335: 792, 336: 554, 337: 442, 338: 680, 341: 394, 342: 156, 343: 394, 344: 156, 349: 268, 350: 30, 351: 680, 352: 442, 353: 680, 354: 442, 369: 778, 370: 540, 371: 414, 372: 652, 373: 666, 374: 428, 375: 114, 376: 352, 377: 352, 378: 114, 379: 352, 380: 114, 381: 44, 382: 282, 385: 764, 386: 526, 391: 722, 392: 484, 393: 764, 394: 526, 401: 366, 402: 128, 403: 268, 404: 30, 405: 428, 406: 666, 413: 778, 414: 540, 435: 30, 436: 268, 439: 394, 440: 156, 443: 792, 444: 554, 449: 764, 450: 526, 471: 666, 472: 428, 473: 352, 474: 114, 475: 428, 476: 666, 477: 680, 478: 442, 479: 268, 480: 30, 481: 114, 482: 352, 517: 666, 518: 428, 519: 428, 520: 666, 537: 142, 538: 380, 539: 72, 540: 310, 541: 428, 542: 666, 545: 652, 546: 414, 551: 792, 552: 554, 553: 254, 554: 16, 555: 428, 556: 666, 557: 540, 558: 778, 559: 352, 560: 114, 561: 114, 562: 352, 563: 708, 564: 470, 565: 540, 566: 778, 567: 268, 568: 30, 569: 526, 570: 764, 571: 470, 572: 708, 573: 30, 574: 268, 575: 58, 576: 296, 577: 554, 578: 792, 579: 652, 580: 414, 581: 16, 582: 254, 583: 764, 584: 526, 585: 366, 586: 128, 587: 666, 588: 428, 589: 254, 590: 16, 591: 526, 592: 764, 593: 268, 594: 30, 595: 442, 596: 680, 597: 296, 598: 58, 599: 680, 600: 442, 601: 268, 602: 30, 603: 428, 604: 666, 605: 268, 606: 30, 607: 324, 608: 86, 613: 310, 614: 72, 615: 86, 616: 324, 617: 764, 618: 526, 619: 540, 620: 778, 621: 540, 622: 778, 623: 778, 624: 540, 625: 30, 626: 268, 629: 282, 630: 44, 631: 428, 632: 666, 633: 114, 634: 352, 635: 694, 636: 456, 639: 86, 640: 324, 641: 128, 642: 366, 643: 128, 644: 366, 645: 16, 646: 254, 651: 16, 652: 254, 653: 694, 654: 456, 661: 792, 662: 554, 663: 414, 664: 652, 665: 394, 666: 156, 667: 778, 668: 540, 671: 310, 672: 72, 711: 352, 712: 114, 713: 296, 714: 58, 715: 694, 716: 456, 717: 128, 718: 366, 719: 254, 720: 16, 721: 540, 722: 778, 723: 442, 724: 680, 739: 680, 740: 442, 741: 442, 742: 680, 743: 310, 744: 72, 745: 44, 746: 282, 747: 484, 748: 722, 751: 526, 752: 764, 753: 30, 754: 268, 755: 694, 756: 456, 757: 114, 758: 352, 759: 526, 760: 764, 763: 526, 764: 764, 765: 16, 766: 254, 767: 324, 768: 86, 769: 268, 770: 30, 773: 114, 774: 352, 775: 428, 776: 666, 783: 722, 784: 484, 785: 694, 786: 456, 787: 526, 788: 764, 789: 268, 790: 30, 791: 722, 792: 484, 793: 268, 794: 30, 795: 526, 796: 764, 797: 428, 798: 666, 799: 268, 800: 30, 801: 764, 802: 526, 803: 268, 804: 30, 805: 694, 806: 456, 807: 30, 808: 268, 809: 484, 810: 722, 811: 428, 812: 666, 813: 268, 814: 30, 815: 540, 816: 778, 817: 268, 818: 30, 825: 268, 826: 30, 827: 694, 828: 456, 829: 764, 830: 526, 879: 268, 880: 30, 911: 114, 912: 352, 913: 268, 914: 30, 915: 30, 916: 268}
Number of lables used:  40
Total time: 19.77 seconds
Memory used: 875.02 MB
--------------------------------------------------

Trying with at most 39 labels...
[runlim] sample:		19.99 time, 20.01 real, 931 MB, 1.01 load
Cannot find solution.
No more solutions found.
Optimal number of labels used:  40
Total time: 20.28 seconds
Memory used: 931.34 MB
[runlim] end:			Sat Jun 13 20:59:04 2026
[runlim] status:		ok
[runlim] result:		0
[runlim] children:		1
[runlim] processes:		2
[runlim] real:			20.42 seconds
[runlim] time:			20.39 seconds
[runlim] space:			1361 MB
[runlim] load:			1.02 maximum
[runlim] samples:		205
