[runlim] version:		2.0.0rc12
[runlim] host:			ap-Precision-7550
[runlim] time limit:		311040000 seconds
[runlim] real time limit:	600 seconds
[runlim] space limit:		14000 MB
[runlim] argv[0]:		python3
[runlim] argv[1]:		-u
[runlim] argv[2]:		pairwise_no_preprocessing.py
[runlim] argv[3]:		scen03
[runlim] argv[4]:		assumptions
[runlim] argv[5]:		1
[runlim] argv[6]:		card
[runlim] argv[7]:		1
[runlim] start:			Sat Jun 13 20:24:39 2026
[runlim] child:			16753
Exactly-one cardinality encoding:  1
Distance constraint mode:  card
Distance cardinality encoding:  1
Number of assignment variables:  15892
Number of clauses for exactly one constraints:  46476
Number of clauses for distance constraints:  1001055
---------------------------------------------------
Solve first problem:
Solution:
{13: 16, 14: 254, 15: 16, 16: 254, 23: 30, 24: 268, 49: 16, 50: 254, 51: 44, 52: 282, 53: 30, 54: 268, 67: 16, 68: 254, 69: 86, 70: 324, 79: 16, 80: 254, 81: 30, 82: 268, 83: 16, 84: 254, 85: 86, 86: 324, 103: 16, 104: 254, 105: 30, 106: 268, 117: 16, 118: 254, 119: 44, 120: 282, 127: 30, 128: 268, 129: 128, 130: 366, 143: 16, 144: 254, 145: 86, 146: 324, 151: 30, 152: 268, 153: 100, 154: 338, 155: 16, 156: 254, 157: 86, 158: 324, 179: 58, 180: 296, 181: 44, 182: 282, 183: 142, 184: 380, 191: 16, 192: 254, 193: 86, 194: 324, 205: 72, 206: 310, 209: 156, 210: 394, 211: 254, 212: 16, 213: 72, 214: 310, 215: 16, 216: 254, 217: 72, 218: 310, 233: 30, 234: 268, 235: 44, 236: 282, 237: 30, 238: 268, 261: 16, 262: 254, 263: 30, 264: 268, 265: 16, 266: 254, 267: 86, 268: 324, 269: 16, 270: 254, 271: 16, 272: 254, 273: 156, 274: 394, 275: 156, 276: 394, 277: 30, 278: 268, 281: 44, 282: 282, 283: 114, 284: 352, 285: 16, 286: 254, 287: 16, 288: 254, 289: 16, 290: 254, 291: 30, 292: 268, 293: 142, 294: 380, 295: 16, 296: 254, 299: 44, 300: 282, 301: 414, 302: 652, 303: 58, 304: 296, 305: 394, 306: 156, 307: 16, 308: 254, 309: 86, 310: 324, 311: 394, 312: 156, 313: 394, 314: 156, 321: 16, 322: 254, 323: 16, 324: 254, 325: 44, 326: 282, 327: 114, 328: 352, 329: 16, 330: 254, 339: 30, 340: 268, 341: 394, 342: 156, 343: 394, 344: 156, 345: 456, 346: 694, 347: 526, 348: 764, 349: 100, 350: 338, 351: 86, 352: 324, 355: 58, 356: 296, 357: 30, 358: 268, 359: 128, 360: 366, 361: 100, 362: 338, 363: 268, 364: 30, 365: 380, 366: 142, 367: 442, 368: 680, 369: 268, 370: 30, 371: 100, 372: 338, 375: 114, 376: 352, 377: 324, 378: 86, 383: 30, 384: 268, 387: 44, 388: 282, 397: 16, 398: 254, 401: 72, 402: 310, 405: 428, 406: 666, 435: 30, 436: 268, 439: 128, 440: 366, 449: 30, 450: 268, 471: 16, 472: 254, 475: 44, 476: 282, 477: 58, 478: 296, 481: 58, 482: 296, 491: 44, 492: 282, 493: 86, 494: 324, 495: 30, 496: 268, 517: 268, 518: 30, 519: 30, 520: 268, 525: 30, 526: 268, 533: 44, 534: 282, 535: 16, 536: 254, 547: 16, 548: 254, 555: 282, 556: 44, 557: 30, 558: 268, 559: 268, 560: 30, 561: 128, 562: 366, 563: 128, 564: 366, 565: 100, 566: 338, 573: 30, 574: 268, 575: 30, 576: 268, 577: 16, 578: 254, 579: 16, 580: 254, 581: 16, 582: 254, 583: 296, 584: 58, 585: 30, 586: 268, 587: 86, 588: 324, 589: 16, 590: 254, 591: 428, 592: 666, 593: 44, 594: 282, 595: 86, 596: 324, 597: 100, 598: 338, 599: 44, 600: 282, 601: 428, 602: 666, 603: 44, 604: 282, 605: 30, 606: 268, 607: 128, 608: 366, 613: 428, 614: 666, 615: 44, 616: 282, 617: 100, 618: 338, 619: 428, 620: 666, 621: 114, 622: 352, 623: 30, 624: 268, 625: 338, 626: 100, 629: 72, 630: 310, 631: 114, 632: 352, 633: 338, 634: 100, 635: 380, 636: 142, 637: 16, 638: 254, 639: 100, 640: 338, 641: 114, 642: 352, 643: 456, 644: 694, 645: 30, 646: 268, 651: 156, 652: 394, 653: 30, 654: 268, 661: 72, 662: 310, 663: 16, 664: 254, 665: 324, 666: 86, 667: 526, 668: 764, 671: 16, 672: 254, 713: 30, 714: 268, 715: 86, 716: 324, 717: 484, 718: 722, 719: 156, 720: 394, 721: 86, 722: 324, 723: 86, 724: 324, 725: 156, 726: 394, 727: 156, 728: 394, 733: 114, 734: 352, 741: 254, 742: 16, 743: 58, 744: 296, 745: 114, 746: 352, 747: 128, 748: 366, 757: 100, 758: 338, 759: 352, 760: 114, 763: 366, 764: 128, 765: 268, 766: 30, 767: 156, 768: 394, 769: 268, 770: 30, 771: 30, 772: 268, 773: 86, 774: 324, 783: 128, 784: 366, 785: 16, 786: 254, 787: 310, 788: 72, 789: 30, 790: 268, 791: 100, 792: 338, 793: 30, 794: 268, 795: 100, 796: 338, 797: 30, 798: 268, 799: 100, 800: 338, 801: 498, 802: 736, 815: 30, 816: 268, 817: 128, 818: 366, 825: 498, 826: 736, 827: 428, 828: 666, 829: 156, 830: 394, 835: 282, 836: 44, 837: 30, 838: 268, 867: 114, 868: 352, 875: 30, 876: 268, 877: 44, 878: 282, 879: 58, 880: 296, 881: 366, 882: 128, 893: 128, 894: 366, 903: 128, 904: 366, 911: 498, 912: 736}
Number of lables used:  36
Total time: 1.30 seconds
Memory used: 219.13 MB
--------------------------------------------------
Number of label variables:  48
Number of clauses for label constraints:  15892
Number of new variables for cardinality constraints:  1085
Number of clauses for cardinality constraints:  4270
Initial variable count:  363380
Initial clause count:  1067693
--------------------------------------------------

Trying with at most 35 labels...
Solution:
{13: 254, 14: 16, 15: 254, 16: 16, 23: 282, 24: 44, 49: 72, 50: 310, 51: 254, 52: 16, 53: 100, 54: 338, 67: 366, 68: 128, 69: 16, 70: 254, 79: 324, 80: 86, 81: 16, 82: 254, 83: 254, 84: 16, 85: 414, 86: 652, 103: 380, 104: 142, 105: 16, 106: 254, 117: 58, 118: 296, 119: 652, 120: 414, 127: 380, 128: 142, 129: 254, 130: 16, 143: 352, 144: 114, 145: 16, 146: 254, 151: 338, 152: 100, 153: 58, 154: 296, 155: 156, 156: 394, 157: 86, 158: 324, 179: 156, 180: 394, 181: 394, 182: 156, 183: 16, 184: 254, 191: 338, 192: 100, 193: 268, 194: 30, 205: 338, 206: 100, 209: 414, 210: 652, 211: 86, 212: 324, 213: 338, 214: 100, 215: 296, 216: 58, 217: 310, 218: 72, 233: 352, 234: 114, 235: 282, 236: 44, 237: 58, 238: 296, 261: 254, 262: 16, 263: 352, 264: 114, 265: 394, 266: 156, 267: 324, 268: 86, 269: 652, 270: 414, 271: 652, 272: 414, 273: 268, 274: 30, 275: 268, 276: 30, 277: 324, 278: 86, 281: 338, 282: 100, 283: 414, 284: 652, 285: 30, 286: 268, 287: 296, 288: 58, 289: 324, 290: 86, 291: 16, 292: 254, 293: 380, 294: 142, 295: 414, 296: 652, 299: 352, 300: 114, 301: 16, 302: 254, 303: 380, 304: 142, 305: 44, 306: 282, 307: 352, 308: 114, 309: 16, 310: 254, 311: 142, 312: 380, 313: 142, 314: 380, 321: 324, 322: 86, 323: 324, 324: 86, 325: 414, 326: 652, 327: 338, 328: 100, 329: 16, 330: 254, 339: 114, 340: 352, 341: 100, 342: 338, 343: 100, 344: 338, 345: 414, 346: 652, 347: 268, 348: 30, 349: 142, 350: 380, 351: 268, 352: 30, 355: 366, 356: 128, 357: 338, 358: 100, 359: 268, 360: 30, 361: 268, 362: 30, 363: 142, 364: 380, 365: 352, 366: 114, 367: 282, 368: 44, 369: 142, 370: 380, 371: 114, 372: 352, 375: 282, 376: 44, 377: 128, 378: 366, 383: 114, 384: 352, 387: 100, 388: 338, 397: 72, 398: 310, 401: 30, 402: 268, 405: 100, 406: 338, 435: 58, 436: 296, 439: 324, 440: 86, 449: 128, 450: 366, 471: 338, 472: 100, 475: 44, 476: 282, 477: 324, 478: 86, 481: 114, 482: 352, 491: 114, 492: 352, 493: 268, 494: 30, 495: 30, 496: 268, 517: 268, 518: 30, 519: 268, 520: 30, 525: 338, 526: 100, 533: 310, 534: 72, 535: 16, 536: 254, 547: 86, 548: 324, 555: 72, 556: 310, 557: 338, 558: 100, 559: 128, 560: 366, 561: 114, 562: 352, 563: 100, 564: 338, 565: 114, 566: 352, 573: 268, 574: 30, 575: 282, 576: 44, 577: 156, 578: 394, 579: 254, 580: 16, 581: 254, 582: 16, 583: 58, 584: 296, 585: 338, 586: 100, 587: 254, 588: 16, 589: 352, 590: 114, 591: 128, 592: 366, 593: 380, 594: 142, 595: 100, 596: 338, 597: 366, 598: 128, 599: 352, 600: 114, 601: 44, 602: 282, 603: 268, 604: 30, 605: 30, 606: 268, 607: 142, 608: 380, 613: 30, 614: 268, 615: 310, 616: 72, 617: 268, 618: 30, 619: 268, 620: 30, 621: 100, 622: 338, 623: 338, 624: 100, 625: 30, 626: 268, 629: 380, 630: 142, 631: 72, 632: 310, 633: 58, 634: 296, 635: 30, 636: 268, 637: 16, 638: 254, 639: 30, 640: 268, 641: 366, 642: 128, 643: 30, 644: 268, 645: 16, 646: 254, 651: 86, 652: 324, 653: 254, 654: 16, 661: 414, 662: 652, 663: 394, 664: 156, 665: 652, 666: 414, 667: 156, 668: 394, 671: 30, 672: 268, 713: 324, 714: 86, 715: 16, 716: 254, 717: 156, 718: 394, 719: 268, 720: 30, 721: 16, 722: 254, 723: 16, 724: 254, 725: 352, 726: 114, 727: 16, 728: 254, 733: 30, 734: 268, 741: 30, 742: 268, 743: 44, 744: 282, 745: 268, 746: 30, 747: 114, 748: 352, 757: 338, 758: 100, 759: 268, 760: 30, 763: 268, 764: 30, 765: 338, 766: 100, 767: 282, 768: 44, 769: 268, 770: 30, 771: 16, 772: 254, 773: 16, 774: 254, 783: 268, 784: 30, 785: 352, 786: 114, 787: 44, 788: 282, 789: 268, 790: 30, 791: 338, 792: 100, 793: 268, 794: 30, 795: 338, 796: 100, 797: 268, 798: 30, 799: 338, 800: 100, 801: 30, 802: 268, 815: 338, 816: 100, 817: 268, 818: 30, 825: 142, 826: 380, 827: 352, 828: 114, 829: 72, 830: 310, 835: 100, 836: 338, 837: 268, 838: 30, 867: 114, 868: 352, 875: 352, 876: 114, 877: 44, 878: 282, 879: 30, 880: 268, 881: 30, 882: 268, 893: 30, 894: 268, 903: 254, 904: 16, 911: 268, 912: 30}
Number of lables used:  24
Total time: 1.48 seconds
Memory used: 231.57 MB
--------------------------------------------------

Trying with at most 23 labels...
Solution:
{13: 254, 14: 16, 15: 254, 16: 16, 23: 282, 24: 44, 49: 72, 50: 310, 51: 254, 52: 16, 53: 100, 54: 338, 67: 366, 68: 128, 69: 16, 70: 254, 79: 324, 80: 86, 81: 16, 82: 254, 83: 254, 84: 16, 85: 414, 86: 652, 103: 380, 104: 142, 105: 16, 106: 254, 117: 554, 118: 792, 119: 652, 120: 414, 127: 380, 128: 142, 129: 254, 130: 16, 143: 352, 144: 114, 145: 16, 146: 254, 151: 338, 152: 100, 153: 792, 154: 554, 155: 554, 156: 792, 157: 86, 158: 324, 179: 282, 180: 44, 181: 30, 182: 268, 183: 16, 184: 254, 191: 380, 192: 142, 193: 310, 194: 72, 205: 338, 206: 100, 209: 414, 210: 652, 211: 86, 212: 324, 213: 338, 214: 100, 215: 324, 216: 86, 217: 310, 218: 72, 233: 352, 234: 114, 235: 282, 236: 44, 237: 72, 238: 310, 261: 254, 262: 16, 263: 352, 264: 114, 265: 414, 266: 652, 267: 792, 268: 554, 269: 554, 270: 792, 271: 554, 272: 792, 273: 268, 274: 30, 275: 268, 276: 30, 277: 324, 278: 86, 281: 338, 282: 100, 283: 414, 284: 652, 285: 30, 286: 268, 287: 310, 288: 72, 289: 324, 290: 86, 291: 16, 292: 254, 293: 380, 294: 142, 295: 414, 296: 652, 299: 352, 300: 114, 301: 16, 302: 254, 303: 380, 304: 142, 305: 44, 306: 282, 307: 352, 308: 114, 309: 16, 310: 254, 311: 142, 312: 380, 313: 142, 314: 380, 321: 324, 322: 86, 323: 324, 324: 86, 325: 414, 326: 652, 327: 338, 328: 100, 329: 16, 330: 254, 339: 114, 340: 352, 341: 100, 342: 338, 343: 100, 344: 338, 345: 414, 346: 652, 347: 268, 348: 30, 349: 142, 350: 380, 351: 268, 352: 30, 355: 366, 356: 128, 357: 338, 358: 100, 359: 268, 360: 30, 361: 268, 362: 30, 363: 142, 364: 380, 365: 352, 366: 114, 367: 282, 368: 44, 369: 128, 370: 366, 371: 114, 372: 352, 375: 268, 376: 30, 377: 114, 378: 352, 383: 114, 384: 352, 387: 100, 388: 338, 397: 72, 398: 310, 401: 30, 402: 268, 405: 142, 406: 380, 435: 72, 436: 310, 439: 792, 440: 554, 449: 128, 450: 366, 471: 338, 472: 100, 475: 44, 476: 282, 477: 338, 478: 100, 481: 114, 482: 352, 491: 114, 492: 352, 493: 268, 494: 30, 495: 30, 496: 268, 517: 268, 518: 30, 519: 268, 520: 30, 525: 338, 526: 100, 533: 310, 534: 72, 535: 16, 536: 254, 547: 86, 548: 324, 555: 72, 556: 310, 557: 338, 558: 100, 559: 352, 560: 114, 561: 114, 562: 352, 563: 100, 564: 338, 565: 310, 566: 72, 573: 268, 574: 30, 575: 100, 576: 338, 577: 254, 578: 16, 579: 254, 580: 16, 581: 254, 582: 16, 583: 114, 584: 352, 585: 380, 586: 142, 587: 254, 588: 16, 589: 792, 590: 554, 591: 128, 592: 366, 593: 380, 594: 142, 595: 268, 596: 30, 597: 366, 598: 128, 599: 352, 600: 114, 601: 100, 602: 338, 603: 268, 604: 30, 605: 30, 606: 268, 607: 142, 608: 380, 613: 30, 614: 268, 615: 310, 616: 72, 617: 324, 618: 86, 619: 268, 620: 30, 621: 100, 622: 338, 623: 338, 624: 100, 625: 30, 626: 268, 629: 380, 630: 142, 631: 72, 632: 310, 633: 72, 634: 310, 635: 30, 636: 268, 637: 16, 638: 254, 639: 30, 640: 268, 641: 324, 642: 86, 643: 282, 644: 44, 645: 16, 646: 254, 651: 86, 652: 324, 653: 254, 654: 16, 661: 414, 662: 652, 663: 16, 664: 254, 665: 652, 666: 414, 667: 30, 668: 268, 671: 30, 672: 268, 713: 324, 714: 86, 715: 268, 716: 30, 717: 414, 718: 652, 719: 268, 720: 30, 721: 16, 722: 254, 723: 16, 724: 254, 725: 352, 726: 114, 727: 16, 728: 254, 733: 30, 734: 268, 741: 652, 742: 414, 743: 44, 744: 282, 745: 268, 746: 30, 747: 114, 748: 352, 757: 338, 758: 100, 759: 268, 760: 30, 763: 268, 764: 30, 765: 338, 766: 100, 767: 282, 768: 44, 769: 268, 770: 30, 771: 16, 772: 254, 773: 16, 774: 254, 783: 268, 784: 30, 785: 352, 786: 114, 787: 44, 788: 282, 789: 268, 790: 30, 791: 338, 792: 100, 793: 268, 794: 30, 795: 338, 796: 100, 797: 268, 798: 30, 799: 338, 800: 100, 801: 30, 802: 268, 815: 352, 816: 114, 817: 282, 818: 44, 825: 142, 826: 380, 827: 352, 828: 114, 829: 72, 830: 310, 835: 100, 836: 338, 837: 268, 838: 30, 867: 114, 868: 352, 875: 352, 876: 114, 877: 44, 878: 282, 879: 30, 880: 268, 881: 30, 882: 268, 893: 30, 894: 268, 903: 254, 904: 16, 911: 268, 912: 30}
Number of lables used:  22
Total time: 1.52 seconds
Memory used: 231.45 MB
--------------------------------------------------

Trying with at most 21 labels...
Solution:
{13: 254, 14: 16, 15: 254, 16: 16, 23: 282, 24: 44, 49: 72, 50: 310, 51: 394, 52: 156, 53: 254, 54: 16, 67: 156, 68: 394, 69: 254, 70: 16, 79: 324, 80: 86, 81: 16, 82: 254, 83: 254, 84: 16, 85: 792, 86: 554, 103: 380, 104: 142, 105: 16, 106: 254, 117: 554, 118: 792, 119: 414, 120: 652, 127: 792, 128: 554, 129: 254, 130: 16, 143: 380, 144: 142, 145: 254, 146: 16, 151: 310, 152: 72, 153: 394, 154: 156, 155: 414, 156: 652, 157: 86, 158: 324, 179: 282, 180: 44, 181: 30, 182: 268, 183: 16, 184: 254, 191: 792, 192: 554, 193: 394, 194: 156, 205: 30, 206: 268, 209: 380, 210: 142, 211: 792, 212: 554, 213: 30, 214: 268, 215: 16, 216: 254, 217: 86, 218: 324, 233: 86, 234: 324, 235: 142, 236: 380, 237: 30, 238: 268, 261: 254, 262: 16, 263: 414, 264: 652, 265: 414, 266: 652, 267: 792, 268: 554, 269: 324, 270: 86, 271: 324, 272: 86, 273: 652, 274: 414, 275: 652, 276: 414, 277: 324, 278: 86, 281: 268, 282: 30, 283: 394, 284: 156, 285: 72, 286: 310, 287: 310, 288: 72, 289: 324, 290: 86, 291: 16, 292: 254, 293: 142, 294: 380, 295: 554, 296: 792, 299: 16, 300: 254, 301: 652, 302: 414, 303: 156, 304: 394, 305: 44, 306: 282, 307: 380, 308: 142, 309: 16, 310: 254, 311: 72, 312: 310, 313: 554, 314: 792, 321: 254, 322: 16, 323: 254, 324: 16, 325: 554, 326: 792, 327: 394, 328: 156, 329: 652, 330: 414, 339: 254, 340: 16, 341: 30, 342: 268, 343: 554, 344: 792, 345: 156, 346: 394, 347: 282, 348: 44, 349: 380, 350: 142, 351: 30, 352: 268, 355: 86, 356: 324, 357: 380, 358: 142, 359: 268, 360: 30, 361: 30, 362: 268, 363: 380, 364: 142, 365: 72, 366: 310, 367: 282, 368: 44, 369: 310, 370: 72, 371: 254, 372: 16, 375: 380, 376: 142, 377: 380, 378: 142, 383: 30, 384: 268, 387: 44, 388: 282, 397: 72, 398: 310, 401: 30, 402: 268, 405: 324, 406: 86, 435: 72, 436: 310, 439: 792, 440: 554, 449: 310, 450: 72, 471: 380, 472: 142, 475: 44, 476: 282, 477: 44, 478: 282, 481: 142, 482: 380, 491: 142, 492: 380, 493: 268, 494: 30, 495: 30, 496: 268, 517: 268, 518: 30, 519: 268, 520: 30, 525: 380, 526: 142, 533: 310, 534: 72, 535: 16, 536: 254, 547: 394, 548: 156, 555: 72, 556: 310, 557: 86, 558: 324, 559: 282, 560: 44, 561: 324, 562: 86, 563: 142, 564: 380, 565: 142, 566: 380, 573: 142, 574: 380, 575: 72, 576: 310, 577: 254, 578: 16, 579: 254, 580: 16, 581: 254, 582: 16, 583: 30, 584: 268, 585: 16, 586: 254, 587: 282, 588: 44, 589: 792, 590: 554, 591: 282, 592: 44, 593: 142, 594: 380, 595: 44, 596: 282, 597: 44, 598: 282, 599: 142, 600: 380, 601: 30, 602: 268, 603: 380, 604: 142, 605: 268, 606: 30, 607: 142, 608: 380, 613: 30, 614: 268, 615: 380, 616: 142, 617: 30, 618: 268, 619: 282, 620: 44, 621: 310, 622: 72, 623: 380, 624: 142, 625: 30, 626: 268, 629: 380, 630: 142, 631: 72, 632: 310, 633: 142, 634: 380, 635: 72, 636: 310, 637: 16, 638: 254, 639: 30, 640: 268, 641: 268, 642: 30, 643: 324, 644: 86, 645: 16, 646: 254, 651: 86, 652: 324, 653: 254, 654: 16, 661: 414, 662: 652, 663: 16, 664: 254, 665: 414, 666: 652, 667: 44, 668: 282, 671: 30, 672: 268, 713: 324, 714: 86, 715: 156, 716: 394, 717: 554, 718: 792, 719: 652, 720: 414, 721: 254, 722: 16, 723: 254, 724: 16, 725: 554, 726: 792, 727: 16, 728: 254, 733: 142, 734: 380, 741: 414, 742: 652, 743: 380, 744: 142, 745: 268, 746: 30, 747: 282, 748: 44, 757: 30, 758: 268, 759: 380, 760: 142, 763: 268, 764: 30, 765: 380, 766: 142, 767: 554, 768: 792, 769: 268, 770: 30, 771: 16, 772: 254, 773: 16, 774: 254, 783: 268, 784: 30, 785: 72, 786: 310, 787: 44, 788: 282, 789: 268, 790: 30, 791: 380, 792: 142, 793: 268, 794: 30, 795: 380, 796: 142, 797: 268, 798: 30, 799: 380, 800: 142, 801: 30, 802: 268, 815: 380, 816: 142, 817: 282, 818: 44, 825: 86, 826: 324, 827: 30, 828: 268, 829: 268, 830: 30, 835: 44, 836: 282, 837: 268, 838: 30, 867: 30, 868: 268, 875: 310, 876: 72, 877: 282, 878: 44, 879: 268, 880: 30, 881: 142, 882: 380, 893: 44, 894: 282, 903: 380, 904: 142, 911: 394, 912: 156}
Number of lables used:  18
Total time: 1.58 seconds
Memory used: 231.44 MB
--------------------------------------------------

Trying with at most 17 labels...
Solution:
{13: 44, 14: 282, 15: 44, 16: 282, 23: 282, 24: 44, 49: 72, 50: 310, 51: 414, 52: 652, 53: 254, 54: 16, 67: 380, 68: 142, 69: 254, 70: 16, 79: 324, 80: 86, 81: 16, 82: 254, 83: 254, 84: 16, 85: 792, 86: 554, 103: 380, 104: 142, 105: 16, 106: 254, 117: 554, 118: 792, 119: 414, 120: 652, 127: 652, 128: 414, 129: 254, 130: 16, 143: 380, 144: 142, 145: 792, 146: 554, 151: 380, 152: 142, 153: 554, 154: 792, 155: 380, 156: 142, 157: 310, 158: 72, 179: 282, 180: 44, 181: 72, 182: 310, 183: 16, 184: 254, 191: 792, 192: 554, 193: 380, 194: 142, 205: 554, 206: 792, 209: 652, 210: 414, 211: 310, 212: 72, 213: 30, 214: 268, 215: 414, 216: 652, 217: 86, 218: 324, 233: 86, 234: 324, 235: 142, 236: 380, 237: 72, 238: 310, 261: 254, 262: 16, 263: 72, 264: 310, 265: 414, 266: 652, 267: 792, 268: 554, 269: 324, 270: 86, 271: 324, 272: 86, 273: 652, 274: 414, 275: 652, 276: 414, 277: 324, 278: 86, 281: 16, 282: 254, 283: 414, 284: 652, 285: 554, 286: 792, 287: 310, 288: 72, 289: 324, 290: 86, 291: 16, 292: 254, 293: 142, 294: 380, 295: 554, 296: 792, 299: 380, 300: 142, 301: 16, 302: 254, 303: 30, 304: 268, 305: 414, 306: 652, 307: 792, 308: 554, 309: 44, 310: 282, 311: 380, 312: 142, 313: 414, 314: 652, 321: 792, 322: 554, 323: 792, 324: 554, 325: 792, 326: 554, 327: 16, 328: 254, 329: 652, 330: 414, 339: 254, 340: 16, 341: 254, 342: 16, 343: 254, 344: 16, 345: 652, 346: 414, 347: 86, 348: 324, 349: 380, 350: 142, 351: 30, 352: 268, 355: 72, 356: 310, 357: 380, 358: 142, 359: 282, 360: 44, 361: 268, 362: 30, 363: 380, 364: 142, 365: 30, 366: 268, 367: 324, 368: 86, 369: 380, 370: 142, 371: 414, 372: 652, 375: 44, 376: 282, 377: 282, 378: 44, 383: 30, 384: 268, 387: 44, 388: 282, 397: 554, 398: 792, 401: 30, 402: 268, 405: 324, 406: 86, 435: 44, 436: 282, 439: 792, 440: 554, 449: 380, 450: 142, 471: 380, 472: 142, 475: 30, 476: 268, 477: 30, 478: 268, 481: 72, 482: 310, 491: 142, 492: 380, 493: 268, 494: 30, 495: 30, 496: 268, 517: 310, 518: 72, 519: 268, 520: 30, 525: 380, 526: 142, 533: 380, 534: 142, 535: 16, 536: 254, 547: 414, 548: 652, 555: 72, 556: 310, 557: 86, 558: 324, 559: 310, 560: 72, 561: 324, 562: 86, 563: 142, 564: 380, 565: 142, 566: 380, 573: 142, 574: 380, 575: 380, 576: 142, 577: 254, 578: 16, 579: 254, 580: 16, 581: 254, 582: 16, 583: 44, 584: 282, 585: 30, 586: 268, 587: 254, 588: 16, 589: 792, 590: 554, 591: 282, 592: 44, 593: 142, 594: 380, 595: 44, 596: 282, 597: 44, 598: 282, 599: 142, 600: 380, 601: 30, 602: 268, 603: 380, 604: 142, 605: 268, 606: 30, 607: 142, 608: 380, 613: 30, 614: 268, 615: 380, 616: 142, 617: 30, 618: 268, 619: 268, 620: 30, 621: 310, 622: 72, 623: 380, 624: 142, 625: 30, 626: 268, 629: 380, 630: 142, 631: 72, 632: 310, 633: 142, 634: 380, 635: 44, 636: 282, 637: 16, 638: 254, 639: 30, 640: 268, 641: 268, 642: 30, 643: 310, 644: 72, 645: 16, 646: 254, 651: 86, 652: 324, 653: 30, 654: 268, 661: 414, 662: 652, 663: 16, 664: 254, 665: 414, 666: 652, 667: 44, 668: 282, 671: 44, 672: 282, 713: 324, 714: 86, 715: 282, 716: 44, 717: 254, 718: 16, 719: 652, 720: 414, 721: 792, 722: 554, 723: 792, 724: 554, 725: 792, 726: 554, 727: 16, 728: 254, 733: 142, 734: 380, 741: 414, 742: 652, 743: 380, 744: 142, 745: 282, 746: 44, 747: 282, 748: 44, 757: 44, 758: 282, 759: 268, 760: 30, 763: 268, 764: 30, 765: 380, 766: 142, 767: 16, 768: 254, 769: 268, 770: 30, 771: 16, 772: 254, 773: 16, 774: 254, 783: 142, 784: 380, 785: 72, 786: 310, 787: 30, 788: 268, 789: 282, 790: 44, 791: 380, 792: 142, 793: 268, 794: 30, 795: 380, 796: 142, 797: 268, 798: 30, 799: 380, 800: 142, 801: 30, 802: 268, 815: 380, 816: 142, 817: 30, 818: 268, 825: 86, 826: 324, 827: 30, 828: 268, 829: 268, 830: 30, 835: 44, 836: 282, 837: 268, 838: 30, 867: 30, 868: 268, 875: 310, 876: 72, 877: 282, 878: 44, 879: 268, 880: 30, 881: 142, 882: 380, 893: 44, 894: 282, 903: 380, 904: 142, 911: 310, 912: 72}
Number of lables used:  16
Total time: 1.66 seconds
Memory used: 231.44 MB
--------------------------------------------------

Trying with at most 15 labels...
Solution:
{13: 526, 14: 764, 15: 526, 16: 764, 23: 282, 24: 44, 49: 86, 50: 324, 51: 456, 52: 694, 53: 268, 54: 30, 67: 526, 68: 764, 69: 142, 70: 380, 79: 380, 80: 142, 81: 30, 82: 268, 83: 282, 84: 44, 85: 526, 86: 764, 103: 380, 104: 142, 105: 44, 106: 282, 117: 456, 118: 694, 119: 58, 120: 296, 127: 324, 128: 86, 129: 694, 130: 456, 143: 456, 144: 694, 145: 380, 146: 142, 151: 380, 152: 142, 153: 456, 154: 694, 155: 30, 156: 268, 157: 380, 158: 142, 179: 282, 180: 44, 181: 86, 182: 324, 183: 30, 184: 268, 191: 764, 192: 526, 193: 694, 194: 456, 205: 142, 206: 380, 209: 296, 210: 58, 211: 764, 212: 526, 213: 142, 214: 380, 215: 58, 216: 296, 217: 324, 218: 86, 233: 86, 234: 324, 235: 142, 236: 380, 237: 58, 238: 296, 261: 268, 262: 30, 263: 456, 264: 694, 265: 44, 266: 282, 267: 526, 268: 764, 269: 324, 270: 86, 271: 324, 272: 86, 273: 296, 274: 58, 275: 296, 276: 58, 277: 324, 278: 86, 281: 526, 282: 764, 283: 268, 284: 30, 285: 526, 286: 764, 287: 296, 288: 58, 289: 324, 290: 86, 291: 282, 292: 44, 293: 142, 294: 380, 295: 694, 296: 456, 299: 86, 300: 324, 301: 456, 302: 694, 303: 30, 304: 268, 305: 142, 306: 380, 307: 764, 308: 526, 309: 44, 310: 282, 311: 380, 312: 142, 313: 380, 314: 142, 321: 526, 322: 764, 323: 526, 324: 764, 325: 142, 326: 380, 327: 30, 328: 268, 329: 694, 330: 456, 339: 44, 340: 282, 341: 44, 342: 282, 343: 44, 344: 282, 345: 694, 346: 456, 347: 764, 348: 526, 349: 380, 350: 142, 351: 30, 352: 268, 355: 456, 356: 694, 357: 380, 358: 142, 359: 282, 360: 44, 361: 268, 362: 30, 363: 380, 364: 142, 365: 30, 366: 268, 367: 324, 368: 86, 369: 296, 370: 58, 371: 456, 372: 694, 375: 380, 376: 142, 377: 456, 378: 694, 383: 30, 384: 268, 387: 44, 388: 282, 397: 456, 398: 694, 401: 764, 402: 526, 405: 380, 406: 142, 435: 44, 436: 282, 439: 142, 440: 380, 449: 456, 450: 694, 471: 380, 472: 142, 475: 30, 476: 268, 477: 44, 478: 282, 481: 58, 482: 296, 491: 142, 492: 380, 493: 268, 494: 30, 495: 44, 496: 282, 517: 296, 518: 58, 519: 268, 520: 30, 525: 380, 526: 142, 533: 380, 534: 142, 535: 30, 536: 268, 547: 456, 548: 694, 555: 456, 556: 694, 557: 86, 558: 324, 559: 694, 560: 456, 561: 324, 562: 86, 563: 142, 564: 380, 565: 142, 566: 380, 573: 142, 574: 380, 575: 30, 576: 268, 577: 456, 578: 694, 579: 694, 580: 456, 581: 282, 582: 44, 583: 30, 584: 268, 585: 30, 586: 268, 587: 282, 588: 44, 589: 764, 590: 526, 591: 282, 592: 44, 593: 526, 594: 764, 595: 44, 596: 282, 597: 58, 598: 296, 599: 142, 600: 380, 601: 30, 602: 268, 603: 380, 604: 142, 605: 268, 606: 30, 607: 380, 608: 142, 613: 30, 614: 268, 615: 58, 616: 296, 617: 30, 618: 268, 619: 526, 620: 764, 621: 296, 622: 58, 623: 380, 624: 142, 625: 30, 626: 268, 629: 30, 630: 268, 631: 86, 632: 324, 633: 142, 634: 380, 635: 44, 636: 282, 637: 44, 638: 282, 639: 30, 640: 268, 641: 296, 642: 58, 643: 526, 644: 764, 645: 30, 646: 268, 651: 30, 652: 268, 653: 268, 654: 30, 661: 764, 662: 526, 663: 30, 664: 268, 665: 456, 666: 694, 667: 44, 668: 282, 671: 44, 672: 282, 713: 324, 714: 86, 715: 282, 716: 44, 717: 764, 718: 526, 719: 296, 720: 58, 721: 380, 722: 142, 723: 380, 724: 142, 725: 282, 726: 44, 727: 282, 728: 44, 733: 142, 734: 380, 741: 526, 742: 764, 743: 526, 744: 764, 745: 296, 746: 58, 747: 694, 748: 456, 757: 44, 758: 282, 759: 380, 760: 142, 763: 282, 764: 44, 765: 380, 766: 142, 767: 44, 768: 282, 769: 30, 770: 268, 771: 30, 772: 268, 773: 30, 774: 268, 783: 142, 784: 380, 785: 142, 786: 380, 787: 86, 788: 324, 789: 694, 790: 456, 791: 380, 792: 142, 793: 268, 794: 30, 795: 380, 796: 142, 797: 268, 798: 30, 799: 380, 800: 142, 801: 30, 802: 268, 815: 380, 816: 142, 817: 282, 818: 44, 825: 86, 826: 324, 827: 86, 828: 324, 829: 526, 830: 764, 835: 44, 836: 282, 837: 268, 838: 30, 867: 30, 868: 268, 875: 694, 876: 456, 877: 282, 878: 44, 879: 268, 880: 30, 881: 142, 882: 380, 893: 44, 894: 282, 903: 380, 904: 142, 911: 764, 912: 526}
Number of lables used:  14
Total time: 1.83 seconds
Memory used: 231.45 MB
--------------------------------------------------

Trying with at most 13 labels...
[runlim] sample:		10.00 time, 10.01 real, 285 MB, 1.11 load
[runlim] sample:		19.99 time, 20.01 real, 295 MB, 1.09 load
[runlim] sample:		29.99 time, 30.01 real, 296 MB, 1.08 load
[runlim] sample:		39.98 time, 40.01 real, 298 MB, 1.07 load
[runlim] sample:		49.98 time, 50.01 real, 298 MB, 1.06 load
[runlim] sample:		59.98 time, 60.01 real, 299 MB, 1.05 load
[runlim] sample:		69.98 time, 70.01 real, 304 MB, 1.04 load
[runlim] sample:		79.98 time, 80.01 real, 301 MB, 1.03 load
[runlim] sample:		89.97 time, 90.01 real, 302 MB, 1.03 load
[runlim] sample:		99.97 time, 100.01 real, 304 MB, 1.02 load
[runlim] sample:		109.96 time, 110.01 real, 304 MB, 1.02 load
[runlim] sample:		119.96 time, 120.01 real, 304 MB, 1.18 load
[runlim] sample:		129.96 time, 130.01 real, 304 MB, 1.15 load
[runlim] sample:		139.95 time, 140.01 real, 304 MB, 1.21 load
[runlim] sample:		149.95 time, 150.01 real, 304 MB, 1.25 load
[runlim] sample:		159.94 time, 160.01 real, 301 MB, 1.21 load
[runlim] sample:		169.94 time, 170.01 real, 303 MB, 1.18 load
[runlim] sample:		179.94 time, 180.01 real, 303 MB, 1.15 load
[runlim] sample:		189.94 time, 190.01 real, 312 MB, 1.13 load
[runlim] sample:		199.94 time, 200.01 real, 312 MB, 1.18 load
[runlim] sample:		209.93 time, 210.01 real, 312 MB, 1.15 load
[runlim] sample:		219.93 time, 220.01 real, 312 MB, 1.13 load
[runlim] sample:		229.93 time, 230.01 real, 312 MB, 1.11 load
[runlim] sample:		239.92 time, 240.01 real, 312 MB, 1.09 load
[runlim] sample:		249.92 time, 250.01 real, 312 MB, 1.08 load
[runlim] sample:		259.92 time, 260.01 real, 312 MB, 1.06 load
[runlim] sample:		269.91 time, 270.01 real, 312 MB, 1.05 load
[runlim] sample:		279.91 time, 280.01 real, 312 MB, 1.05 load
[runlim] sample:		289.91 time, 290.01 real, 312 MB, 1.04 load
[runlim] sample:		299.90 time, 300.01 real, 263 MB, 1.03 load
[runlim] sample:		309.89 time, 310.01 real, 262 MB, 1.03 load
[runlim] sample:		319.89 time, 320.01 real, 320 MB, 1.02 load
[runlim] sample:		329.89 time, 330.01 real, 320 MB, 1.02 load
[runlim] sample:		339.88 time, 340.01 real, 320 MB, 1.02 load
[runlim] sample:		349.88 time, 350.01 real, 320 MB, 1.01 load
[runlim] sample:		359.88 time, 360.01 real, 320 MB, 1.01 load
[runlim] sample:		369.87 time, 370.01 real, 320 MB, 1.01 load
[runlim] sample:		379.87 time, 380.01 real, 284 MB, 1.01 load
[runlim] sample:		389.86 time, 390.01 real, 310 MB, 1.00 load
[runlim] sample:		399.86 time, 400.01 real, 312 MB, 1.00 load
[runlim] sample:		409.86 time, 410.01 real, 314 MB, 1.00 load
[runlim] sample:		419.85 time, 420.01 real, 290 MB, 1.00 load
[runlim] sample:		429.85 time, 430.01 real, 290 MB, 1.00 load
[runlim] sample:		439.84 time, 440.01 real, 290 MB, 1.08 load
[runlim] sample:		449.84 time, 450.01 real, 312 MB, 1.07 load
[runlim] sample:		459.84 time, 460.01 real, 313 MB, 1.06 load
[runlim] sample:		469.83 time, 470.01 real, 313 MB, 1.05 load
[runlim] sample:		479.83 time, 480.01 real, 313 MB, 1.04 load
[runlim] sample:		489.82 time, 490.01 real, 263 MB, 1.03 load
[runlim] sample:		499.82 time, 500.01 real, 312 MB, 1.03 load
[runlim] sample:		509.81 time, 510.01 real, 312 MB, 1.02 load
[runlim] sample:		519.81 time, 520.01 real, 312 MB, 1.02 load
[runlim] sample:		529.81 time, 530.01 real, 331 MB, 1.02 load
[runlim] sample:		539.81 time, 540.01 real, 244 MB, 1.01 load
[runlim] sample:		549.80 time, 550.01 real, 267 MB, 1.01 load
[runlim] sample:		559.79 time, 560.01 real, 268 MB, 1.01 load
[runlim] sample:		569.79 time, 570.01 real, 268 MB, 1.01 load
[runlim] sample:		579.79 time, 580.01 real, 268 MB, 1.00 load
[runlim] sample:		589.78 time, 590.01 real, 268 MB, 1.00 load
[runlim] sample:		599.78 time, 600.01 real, 268 MB, 1.15 load
[runlim] end:			Sat Jun 13 20:34:40 2026
[runlim] status:		out of time
[runlim] result:		2
[runlim] children:		1
[runlim] processes:		2
[runlim] real:			601.06 seconds
[runlim] time:			599.78 seconds
[runlim] space:			342 MB
[runlim] load:			1.27 maximum
[runlim] samples:		6000
