[runlim] version:		2.0.0rc12
[runlim] host:			ap-Precision-7550
[runlim] time limit:		311040000 seconds
[runlim] real time limit:	600 seconds
[runlim] space limit:		14000 MB
[runlim] argv[0]:		python3
[runlim] argv[1]:		-u
[runlim] argv[2]:		pairwise_no_preprocessing.py
[runlim] argv[3]:		scen08
[runlim] argv[4]:		assumptions
[runlim] argv[5]:		1
[runlim] argv[6]:		card
[runlim] argv[7]:		1
[runlim] start:			Sat Jun 13 20:59:12 2026
[runlim] child:			16867
Exactly-one cardinality encoding:  1
Distance constraint mode:  card
Distance cardinality encoding:  1
Number of assignment variables:  36200
Number of clauses for exactly one constraints:  105852
Number of clauses for distance constraints:  9803990
---------------------------------------------------
Solve first problem:
Cannot find solution.
Time taken: 9.15 seconds 
Memory used: 1694.45 MB
[runlim] sample:		9.90 time, 9.95 real, 0 MB, 1.01 load
[runlim] end:			Sat Jun 13 20:59:22 2026
[runlim] status:		ok
[runlim] result:		0
[runlim] children:		1
[runlim] processes:		2
[runlim] real:			9.95 seconds
[runlim] time:			9.90 seconds
[runlim] space:			1694 MB
[runlim] load:			1.01 maximum
[runlim] samples:		100
