[runlim] version:		2.0.0rc12
[runlim] host:			ap-Precision-7550
[runlim] time limit:		311040000 seconds
[runlim] real time limit:	600 seconds
[runlim] space limit:		14000 MB
[runlim] argv[0]:		python3
[runlim] argv[1]:		-u
[runlim] argv[2]:		pairwise_no_preprocessing.py
[runlim] argv[3]:		scen09
[runlim] argv[4]:		assumptions
[runlim] argv[5]:		1
[runlim] argv[6]:		card
[runlim] argv[7]:		1
[runlim] start:			Sat Jun 13 20:59:22 2026
[runlim] child:			16871
Exactly-one cardinality encoding:  1
Distance constraint mode:  card
Distance cardinality encoding:  1
Number of assignment variables:  4322
Number of clauses for exactly one constraints:  10926
Number of clauses for distance constraints:  0
---------------------------------------------------
Solve first problem:
Cannot find solution.
Time taken: 0.21 seconds 
Memory used: 44.87 MB
[runlim] end:			Sat Jun 13 20:59:22 2026
[runlim] status:		ok
[runlim] result:		0
[runlim] children:		1
[runlim] processes:		2
[runlim] real:			0.25 seconds
[runlim] time:			0.20 seconds
[runlim] space:			45 MB
[runlim] load:			1.01 maximum
[runlim] samples:		3
