[runlim] version:		2.0.0rc12
[runlim] host:			ap-Precision-7550
[runlim] time limit:		311040000 seconds
[runlim] real time limit:	600 seconds
[runlim] space limit:		14000 MB
[runlim] argv[0]:		python3
[runlim] argv[1]:		-u
[runlim] argv[2]:		pairwise_no_preprocessing.py
[runlim] argv[3]:		scen02
[runlim] argv[4]:		assumptions
[runlim] argv[5]:		1
[runlim] argv[6]:		card
[runlim] argv[7]:		1
[runlim] start:			Sat Jun 13 20:14:38 2026
[runlim] child:			16722
Exactly-one cardinality encoding:  1
Distance constraint mode:  card
Distance cardinality encoding:  1
Number of assignment variables:  8004
Number of clauses for exactly one constraints:  23412
Number of clauses for distance constraints:  499257
---------------------------------------------------
Solve first problem:
Solution:
{13: 16, 14: 254, 15: 16, 16: 254, 53: 16, 54: 254, 79: 30, 80: 268, 81: 16, 82: 254, 83: 16, 84: 254, 85: 86, 86: 324, 127: 16, 128: 254, 129: 114, 130: 352, 143: 16, 144: 254, 145: 16, 146: 254, 205: 44, 206: 282, 233: 30, 234: 268, 235: 44, 236: 282, 237: 30, 238: 268, 261: 16, 262: 254, 263: 16, 264: 254, 265: 16, 266: 254, 267: 86, 268: 324, 269: 16, 270: 254, 271: 16, 272: 254, 273: 86, 274: 324, 275: 86, 276: 324, 277: 30, 278: 268, 281: 44, 282: 282, 283: 44, 284: 282, 289: 30, 290: 268, 291: 44, 292: 282, 303: 16, 304: 254, 305: 86, 306: 324, 321: 30, 322: 268, 323: 100, 324: 338, 325: 30, 326: 268, 327: 100, 328: 338, 329: 16, 330: 254, 341: 114, 342: 352, 343: 114, 344: 352, 349: 100, 350: 338, 351: 86, 352: 324, 435: 30, 436: 268, 475: 44, 476: 282, 481: 58, 482: 296, 517: 310, 518: 72, 519: 30, 520: 268, 555: 282, 556: 44, 557: 44, 558: 282, 559: 268, 560: 30, 561: 128, 562: 366, 565: 100, 566: 338, 577: 114, 578: 352, 579: 16, 580: 254, 583: 296, 584: 58, 585: 30, 586: 268, 587: 86, 588: 324, 589: 16, 590: 254, 591: 428, 592: 666, 593: 30, 594: 268, 595: 86, 596: 324, 597: 100, 598: 338, 599: 58, 600: 296, 601: 428, 602: 666, 603: 44, 604: 282, 605: 30, 606: 268, 607: 128, 608: 366, 613: 428, 614: 666, 615: 30, 616: 268, 617: 72, 618: 310, 621: 100, 622: 338, 625: 268, 626: 30, 629: 86, 630: 324, 631: 114, 632: 352, 633: 338, 634: 100, 635: 380, 636: 142, 645: 30, 646: 268, 651: 16, 652: 254, 661: 72, 662: 310, 663: 16, 664: 254, 665: 352, 666: 114, 667: 16, 668: 254, 713: 30, 714: 268, 717: 86, 718: 324, 719: 156, 720: 394, 721: 366, 722: 128, 723: 16, 724: 254, 743: 44, 744: 282, 745: 128, 746: 366, 747: 114, 748: 352, 763: 296, 764: 58, 765: 268, 766: 30, 767: 156, 768: 394, 785: 16, 786: 254, 787: 310, 788: 72, 789: 44, 790: 282, 791: 114, 792: 352, 793: 30, 794: 268, 795: 100, 796: 338, 797: 30, 798: 268, 799: 100, 800: 338, 801: 498, 802: 736, 879: 44, 880: 282}
Number of lables used:  26
Total time: 0.64 seconds
Memory used: 119.68 MB
--------------------------------------------------
Number of label variables:  48
Number of clauses for label constraints:  8004
Number of new variables for cardinality constraints:  900
Number of clauses for cardinality constraints:  3550
Initial variable count:  182725
Initial clause count:  534223
--------------------------------------------------

Trying with at most 25 labels...
Solution:
{13: 282, 14: 44, 15: 296, 16: 58, 53: 254, 54: 16, 79: 324, 80: 86, 81: 16, 82: 254, 83: 310, 84: 72, 85: 394, 86: 156, 127: 352, 128: 114, 129: 254, 130: 16, 143: 254, 144: 16, 145: 254, 146: 16, 205: 254, 206: 16, 233: 380, 234: 142, 235: 282, 236: 44, 237: 72, 238: 310, 261: 254, 262: 16, 263: 366, 264: 128, 265: 114, 266: 352, 267: 254, 268: 16, 269: 16, 270: 254, 271: 16, 272: 254, 273: 30, 274: 268, 275: 30, 276: 268, 277: 380, 278: 142, 281: 268, 282: 30, 283: 282, 284: 44, 289: 254, 290: 16, 291: 86, 292: 324, 303: 16, 304: 254, 305: 380, 306: 142, 321: 394, 322: 156, 323: 268, 324: 30, 325: 16, 326: 254, 327: 352, 328: 114, 329: 16, 330: 254, 341: 30, 342: 268, 343: 30, 344: 268, 349: 100, 350: 338, 351: 268, 352: 30, 435: 352, 436: 114, 475: 44, 476: 282, 481: 30, 482: 268, 517: 268, 518: 30, 519: 380, 520: 142, 555: 310, 556: 72, 557: 310, 558: 72, 559: 338, 560: 100, 561: 128, 562: 366, 565: 366, 566: 128, 577: 86, 578: 324, 579: 16, 580: 254, 583: 296, 584: 58, 585: 86, 586: 324, 587: 338, 588: 100, 589: 254, 590: 16, 591: 114, 592: 352, 593: 296, 594: 58, 595: 352, 596: 114, 597: 282, 598: 44, 599: 324, 600: 86, 601: 44, 602: 282, 603: 268, 604: 30, 605: 30, 606: 268, 607: 128, 608: 366, 613: 142, 614: 380, 615: 338, 616: 100, 617: 30, 618: 268, 621: 100, 622: 338, 625: 268, 626: 30, 629: 44, 630: 282, 631: 30, 632: 268, 633: 58, 634: 296, 635: 30, 636: 268, 645: 86, 646: 324, 651: 254, 652: 16, 661: 254, 662: 16, 663: 394, 664: 156, 665: 16, 666: 254, 667: 254, 668: 16, 713: 380, 714: 142, 717: 30, 718: 268, 719: 394, 720: 156, 721: 324, 722: 86, 723: 254, 724: 16, 743: 44, 744: 282, 745: 30, 746: 268, 747: 324, 748: 86, 763: 268, 764: 30, 765: 254, 766: 16, 767: 352, 768: 114, 785: 268, 786: 30, 787: 338, 788: 100, 789: 268, 790: 30, 791: 338, 792: 100, 793: 268, 794: 30, 795: 338, 796: 100, 797: 268, 798: 30, 799: 338, 800: 100, 801: 30, 802: 268, 879: 268, 880: 30}
Number of lables used:  22
Total time: 0.69 seconds
Memory used: 123.98 MB
--------------------------------------------------

Trying with at most 21 labels...
Solution:
{13: 282, 14: 44, 15: 324, 16: 86, 53: 254, 54: 16, 79: 324, 80: 86, 81: 16, 82: 254, 83: 310, 84: 72, 85: 394, 86: 156, 127: 352, 128: 114, 129: 254, 130: 16, 143: 254, 144: 16, 145: 254, 146: 16, 205: 254, 206: 16, 233: 296, 234: 58, 235: 282, 236: 44, 237: 72, 238: 310, 261: 254, 262: 16, 263: 380, 264: 142, 265: 114, 266: 352, 267: 254, 268: 16, 269: 16, 270: 254, 271: 16, 272: 254, 273: 30, 274: 268, 275: 30, 276: 268, 277: 380, 278: 142, 281: 268, 282: 30, 283: 282, 284: 44, 289: 254, 290: 16, 291: 86, 292: 324, 303: 16, 304: 254, 305: 380, 306: 142, 321: 394, 322: 156, 323: 268, 324: 30, 325: 16, 326: 254, 327: 352, 328: 114, 329: 16, 330: 254, 341: 30, 342: 268, 343: 30, 344: 268, 349: 100, 350: 338, 351: 268, 352: 30, 435: 352, 436: 114, 475: 44, 476: 282, 481: 30, 482: 268, 517: 268, 518: 30, 519: 380, 520: 142, 555: 100, 556: 338, 557: 310, 558: 72, 559: 338, 560: 100, 561: 142, 562: 380, 565: 268, 566: 30, 577: 86, 578: 324, 579: 16, 580: 254, 583: 114, 584: 352, 585: 86, 586: 324, 587: 338, 588: 100, 589: 254, 590: 16, 591: 114, 592: 352, 593: 282, 594: 44, 595: 352, 596: 114, 597: 296, 598: 58, 599: 380, 600: 142, 601: 44, 602: 282, 603: 268, 604: 30, 605: 30, 606: 268, 607: 282, 608: 44, 613: 142, 614: 380, 615: 338, 616: 100, 617: 30, 618: 268, 621: 100, 622: 338, 625: 268, 626: 30, 629: 44, 630: 282, 631: 30, 632: 268, 633: 58, 634: 296, 635: 72, 636: 310, 645: 86, 646: 324, 651: 254, 652: 16, 661: 254, 662: 16, 663: 394, 664: 156, 665: 16, 666: 254, 667: 254, 668: 16, 713: 380, 714: 142, 717: 30, 718: 268, 719: 394, 720: 156, 721: 324, 722: 86, 723: 254, 724: 16, 743: 44, 744: 282, 745: 282, 746: 44, 747: 324, 748: 86, 763: 268, 764: 30, 765: 254, 766: 16, 767: 352, 768: 114, 785: 268, 786: 30, 787: 30, 788: 268, 789: 142, 790: 380, 791: 338, 792: 100, 793: 268, 794: 30, 795: 338, 796: 100, 797: 268, 798: 30, 799: 338, 800: 100, 801: 268, 802: 30, 879: 268, 880: 30}
Number of lables used:  20
Total time: 0.72 seconds
Memory used: 123.96 MB
--------------------------------------------------

Trying with at most 19 labels...
Solution:
{13: 324, 14: 86, 15: 380, 16: 142, 53: 254, 54: 16, 79: 324, 80: 86, 81: 16, 82: 254, 83: 156, 84: 394, 85: 254, 86: 16, 127: 352, 128: 114, 129: 254, 130: 16, 143: 324, 144: 86, 145: 324, 146: 86, 205: 254, 206: 16, 233: 296, 234: 58, 235: 142, 236: 380, 237: 72, 238: 310, 261: 254, 262: 16, 263: 380, 264: 142, 265: 114, 266: 352, 267: 254, 268: 16, 269: 16, 270: 254, 271: 16, 272: 254, 273: 30, 274: 268, 275: 30, 276: 268, 277: 16, 278: 254, 281: 338, 282: 100, 283: 352, 284: 114, 289: 254, 290: 16, 291: 100, 292: 338, 303: 16, 304: 254, 305: 380, 306: 142, 321: 394, 322: 156, 323: 268, 324: 30, 325: 16, 326: 254, 327: 352, 328: 114, 329: 16, 330: 254, 341: 100, 342: 338, 343: 100, 344: 338, 349: 100, 350: 338, 351: 268, 352: 30, 435: 380, 436: 142, 475: 58, 476: 296, 481: 30, 482: 268, 517: 268, 518: 30, 519: 30, 520: 268, 555: 310, 556: 72, 557: 310, 558: 72, 559: 338, 560: 100, 561: 142, 562: 380, 565: 268, 566: 30, 577: 86, 578: 324, 579: 16, 580: 254, 583: 380, 584: 142, 585: 58, 586: 296, 587: 254, 588: 16, 589: 254, 590: 16, 591: 114, 592: 352, 593: 296, 594: 58, 595: 380, 596: 142, 597: 324, 598: 86, 599: 296, 600: 58, 601: 58, 602: 296, 603: 268, 604: 30, 605: 30, 606: 268, 607: 58, 608: 296, 613: 338, 614: 100, 615: 338, 616: 100, 617: 30, 618: 268, 621: 100, 622: 338, 625: 268, 626: 30, 629: 58, 630: 296, 631: 30, 632: 268, 633: 58, 634: 296, 635: 72, 636: 310, 645: 100, 646: 338, 651: 254, 652: 16, 661: 254, 662: 16, 663: 394, 664: 156, 665: 16, 666: 254, 667: 254, 668: 16, 713: 16, 714: 254, 717: 30, 718: 268, 719: 114, 720: 352, 721: 394, 722: 156, 723: 324, 724: 86, 743: 58, 744: 296, 745: 380, 746: 142, 747: 268, 748: 30, 763: 268, 764: 30, 765: 380, 766: 142, 767: 352, 768: 114, 785: 268, 786: 30, 787: 142, 788: 380, 789: 268, 790: 30, 791: 338, 792: 100, 793: 268, 794: 30, 795: 338, 796: 100, 797: 268, 798: 30, 799: 338, 800: 100, 801: 268, 802: 30, 879: 268, 880: 30}
Number of lables used:  18
Total time: 0.77 seconds
Memory used: 128.05 MB
--------------------------------------------------

Trying with at most 17 labels...
Solution:
{13: 268, 14: 30, 15: 268, 16: 30, 53: 254, 54: 16, 79: 324, 80: 86, 81: 16, 82: 254, 83: 114, 84: 352, 85: 254, 86: 16, 127: 352, 128: 114, 129: 254, 130: 16, 143: 352, 144: 114, 145: 352, 146: 114, 205: 254, 206: 16, 233: 296, 234: 58, 235: 268, 236: 30, 237: 72, 238: 310, 261: 254, 262: 16, 263: 394, 264: 156, 265: 156, 266: 394, 267: 254, 268: 16, 269: 16, 270: 254, 271: 16, 272: 254, 273: 86, 274: 324, 275: 86, 276: 324, 277: 30, 278: 268, 281: 338, 282: 100, 283: 394, 284: 156, 289: 254, 290: 16, 291: 100, 292: 338, 303: 16, 304: 254, 305: 394, 306: 156, 321: 394, 322: 156, 323: 296, 324: 58, 325: 16, 326: 254, 327: 352, 328: 114, 329: 16, 330: 254, 341: 100, 342: 338, 343: 100, 344: 338, 349: 100, 350: 338, 351: 296, 352: 58, 435: 72, 436: 310, 475: 58, 476: 296, 481: 30, 482: 268, 517: 268, 518: 30, 519: 30, 520: 268, 555: 296, 556: 58, 557: 310, 558: 72, 559: 72, 560: 310, 561: 72, 562: 310, 565: 58, 566: 296, 577: 156, 578: 394, 579: 16, 580: 254, 583: 352, 584: 114, 585: 310, 586: 72, 587: 16, 588: 254, 589: 254, 590: 16, 591: 114, 592: 352, 593: 296, 594: 58, 595: 100, 596: 338, 597: 324, 598: 86, 599: 324, 600: 86, 601: 268, 602: 30, 603: 268, 604: 30, 605: 30, 606: 268, 607: 30, 608: 268, 613: 338, 614: 100, 615: 338, 616: 100, 617: 30, 618: 268, 621: 30, 622: 268, 625: 296, 626: 58, 629: 58, 630: 296, 631: 30, 632: 268, 633: 30, 634: 268, 635: 338, 636: 100, 645: 86, 646: 324, 651: 254, 652: 16, 661: 254, 662: 16, 663: 394, 664: 156, 665: 16, 666: 254, 667: 254, 668: 16, 713: 30, 714: 268, 717: 86, 718: 324, 719: 156, 720: 394, 721: 16, 722: 254, 723: 352, 724: 114, 743: 58, 744: 296, 745: 30, 746: 268, 747: 268, 748: 30, 763: 268, 764: 30, 765: 394, 766: 156, 767: 352, 768: 114, 785: 268, 786: 30, 787: 338, 788: 100, 789: 268, 790: 30, 791: 338, 792: 100, 793: 268, 794: 30, 795: 338, 796: 100, 797: 268, 798: 30, 799: 338, 800: 100, 801: 324, 802: 86, 879: 268, 880: 30}
Number of lables used:  16
Total time: 0.80 seconds
Memory used: 128.05 MB
--------------------------------------------------

Trying with at most 15 labels...
Solution:
{13: 268, 14: 30, 15: 310, 16: 72, 53: 268, 54: 30, 79: 338, 80: 100, 81: 30, 82: 268, 83: 554, 84: 792, 85: 114, 86: 352, 127: 652, 128: 414, 129: 268, 130: 30, 143: 268, 144: 30, 145: 268, 146: 30, 205: 296, 206: 58, 233: 310, 234: 72, 235: 268, 236: 30, 237: 72, 238: 310, 261: 268, 262: 30, 263: 792, 264: 554, 265: 792, 266: 554, 267: 338, 268: 100, 269: 554, 270: 792, 271: 554, 272: 792, 273: 652, 274: 414, 275: 652, 276: 414, 277: 554, 278: 792, 281: 296, 282: 58, 283: 652, 284: 414, 289: 58, 290: 296, 291: 100, 292: 338, 303: 554, 304: 792, 305: 30, 306: 268, 321: 268, 322: 30, 323: 338, 324: 100, 325: 414, 326: 652, 327: 352, 328: 114, 329: 652, 330: 414, 341: 58, 342: 296, 343: 100, 344: 338, 349: 58, 350: 296, 351: 296, 352: 58, 435: 72, 436: 310, 475: 58, 476: 296, 481: 30, 482: 268, 517: 352, 518: 114, 519: 30, 520: 268, 555: 268, 556: 30, 557: 296, 558: 58, 559: 268, 560: 30, 561: 30, 562: 268, 565: 338, 566: 100, 577: 414, 578: 652, 579: 652, 580: 414, 583: 296, 584: 58, 585: 554, 586: 792, 587: 352, 588: 114, 589: 652, 590: 414, 591: 114, 592: 352, 593: 310, 594: 72, 595: 100, 596: 338, 597: 352, 598: 114, 599: 352, 600: 114, 601: 114, 602: 352, 603: 352, 604: 114, 605: 58, 606: 296, 607: 352, 608: 114, 613: 338, 614: 100, 615: 338, 616: 100, 617: 30, 618: 268, 621: 58, 622: 296, 625: 268, 626: 30, 629: 58, 630: 296, 631: 30, 632: 268, 633: 30, 634: 268, 635: 58, 636: 296, 645: 268, 646: 30, 651: 268, 652: 30, 661: 792, 662: 554, 663: 72, 664: 310, 665: 554, 666: 792, 667: 296, 668: 58, 713: 554, 714: 792, 717: 652, 718: 414, 719: 100, 720: 338, 721: 352, 722: 114, 723: 268, 724: 30, 743: 58, 744: 296, 745: 30, 746: 268, 747: 268, 748: 30, 763: 268, 764: 30, 765: 414, 766: 652, 767: 652, 768: 414, 785: 268, 786: 30, 787: 100, 788: 338, 789: 268, 790: 30, 791: 338, 792: 100, 793: 268, 794: 30, 795: 338, 796: 100, 797: 58, 798: 296, 799: 268, 800: 30, 801: 338, 802: 100, 879: 268, 880: 30}
Number of lables used:  14
Total time: 0.84 seconds
Memory used: 128.05 MB
--------------------------------------------------

Trying with at most 13 labels...
[runlim] sample:		10.00 time, 10.01 real, 161 MB, 1.00 load
[runlim] sample:		19.99 time, 20.01 real, 162 MB, 1.00 load
[runlim] sample:		29.99 time, 30.01 real, 164 MB, 1.00 load
[runlim] sample:		39.98 time, 40.01 real, 165 MB, 1.00 load
[runlim] sample:		49.98 time, 50.01 real, 139 MB, 1.00 load
[runlim] sample:		59.97 time, 60.01 real, 156 MB, 1.00 load
[runlim] sample:		69.97 time, 70.01 real, 170 MB, 1.00 load
[runlim] sample:		79.97 time, 80.01 real, 170 MB, 1.00 load
[runlim] sample:		89.96 time, 90.01 real, 170 MB, 1.00 load
[runlim] sample:		99.96 time, 100.01 real, 170 MB, 1.00 load
[runlim] sample:		109.95 time, 110.01 real, 170 MB, 1.00 load
[runlim] sample:		119.95 time, 120.01 real, 170 MB, 1.00 load
[runlim] sample:		129.94 time, 130.01 real, 170 MB, 1.00 load
[runlim] sample:		139.94 time, 140.01 real, 170 MB, 1.00 load
[runlim] sample:		149.93 time, 150.01 real, 170 MB, 1.00 load
[runlim] sample:		159.93 time, 160.01 real, 176 MB, 1.00 load
[runlim] sample:		169.93 time, 170.01 real, 179 MB, 1.00 load
[runlim] sample:		179.91 time, 180.01 real, 147 MB, 1.00 load
[runlim] sample:		189.91 time, 190.01 real, 162 MB, 1.00 load
[runlim] sample:		199.90 time, 200.01 real, 180 MB, 1.00 load
[runlim] sample:		209.90 time, 210.01 real, 180 MB, 1.00 load
[runlim] sample:		219.89 time, 220.01 real, 180 MB, 1.00 load
[runlim] sample:		229.89 time, 230.01 real, 180 MB, 1.00 load
[runlim] sample:		239.89 time, 240.01 real, 180 MB, 1.00 load
[runlim] sample:		249.89 time, 250.01 real, 150 MB, 1.15 load
[runlim] sample:		259.88 time, 260.01 real, 164 MB, 1.12 load
[runlim] sample:		269.88 time, 270.01 real, 181 MB, 1.10 load
[runlim] sample:		279.87 time, 280.01 real, 181 MB, 1.09 load
[runlim] sample:		289.87 time, 290.01 real, 186 MB, 1.07 load
[runlim] sample:		299.86 time, 300.01 real, 186 MB, 1.06 load
[runlim] sample:		309.86 time, 310.01 real, 186 MB, 1.05 load
[runlim] sample:		319.85 time, 320.01 real, 186 MB, 1.04 load
[runlim] sample:		329.85 time, 330.01 real, 189 MB, 1.04 load
[runlim] sample:		339.84 time, 340.01 real, 189 MB, 1.03 load
[runlim] sample:		349.84 time, 350.01 real, 189 MB, 1.02 load
[runlim] sample:		359.83 time, 360.01 real, 189 MB, 1.02 load
[runlim] sample:		369.83 time, 370.01 real, 189 MB, 1.02 load
[runlim] sample:		379.83 time, 380.01 real, 189 MB, 1.01 load
[runlim] sample:		389.82 time, 390.01 real, 189 MB, 1.01 load
[runlim] sample:		399.81 time, 400.01 real, 192 MB, 1.01 load
[runlim] sample:		409.81 time, 410.01 real, 192 MB, 1.01 load
[runlim] sample:		419.81 time, 420.01 real, 192 MB, 1.01 load
[runlim] sample:		429.80 time, 430.01 real, 192 MB, 1.00 load
[runlim] sample:		439.80 time, 440.01 real, 180 MB, 1.00 load
[runlim] sample:		449.80 time, 450.01 real, 182 MB, 1.08 load
[runlim] sample:		459.80 time, 460.01 real, 182 MB, 1.14 load
[runlim] sample:		469.79 time, 470.01 real, 182 MB, 1.12 load
[runlim] sample:		479.79 time, 480.01 real, 182 MB, 1.10 load
[runlim] sample:		489.78 time, 490.01 real, 183 MB, 1.09 load
[runlim] sample:		499.78 time, 500.01 real, 183 MB, 1.15 load
[runlim] sample:		509.78 time, 510.01 real, 191 MB, 1.12 load
[runlim] sample:		519.77 time, 520.01 real, 161 MB, 1.18 load
[runlim] sample:		529.77 time, 530.01 real, 158 MB, 1.15 load
[runlim] sample:		539.76 time, 540.01 real, 180 MB, 1.13 load
[runlim] sample:		549.75 time, 550.01 real, 180 MB, 1.11 load
[runlim] sample:		559.75 time, 560.01 real, 180 MB, 1.09 load
[runlim] sample:		569.75 time, 570.01 real, 196 MB, 1.08 load
[runlim] sample:		579.74 time, 580.01 real, 199 MB, 1.06 load
[runlim] sample:		589.74 time, 590.01 real, 199 MB, 1.05 load
[runlim] sample:		599.74 time, 600.01 real, 199 MB, 1.04 load
[runlim] end:			Sat Jun 13 20:24:39 2026
[runlim] status:		out of time
[runlim] result:		2
[runlim] children:		1
[runlim] processes:		2
[runlim] real:			601.06 seconds
[runlim] time:			599.74 seconds
[runlim] space:			201 MB
[runlim] load:			1.19 maximum
[runlim] samples:		6000
