[runlim] version:		2.0.0rc12
[runlim] host:			ap-Precision-7550
[runlim] time limit:		311040000 seconds
[runlim] real time limit:	600 seconds
[runlim] space limit:		14000 MB
[runlim] argv[0]:		python3
[runlim] argv[1]:		-u
[runlim] argv[2]:		pairwise_no_preprocessing.py
[runlim] argv[3]:		TUD200.1
[runlim] argv[4]:		assumptions
[runlim] argv[5]:		1
[runlim] argv[6]:		card
[runlim] argv[7]:		1
[runlim] start:			Sat Jun 13 20:59:23 2026
[runlim] child:			16877
Exactly-one cardinality encoding:  1
Distance constraint mode:  card
Distance cardinality encoding:  1
Number of assignment variables:  8128
Number of clauses for exactly one constraints:  23784
Number of clauses for distance constraints:  489320
---------------------------------------------------
Solve first problem:
Solution:
{1: 100, 2: 338, 3: 414, 4: 652, 5: 708, 6: 470, 7: 366, 8: 128, 9: 114, 10: 352, 11: 736, 12: 498, 13: 680, 14: 442, 15: 554, 16: 792, 17: 652, 18: 414, 19: 310, 20: 72, 21: 114, 22: 352, 23: 310, 24: 72, 25: 156, 26: 394, 27: 694, 28: 456, 29: 722, 30: 484, 31: 666, 32: 428, 33: 254, 34: 16, 35: 394, 36: 156, 37: 694, 38: 456, 39: 414, 40: 652, 41: 750, 42: 512, 43: 666, 44: 428, 45: 156, 46: 394, 47: 16, 48: 254, 49: 380, 50: 142, 51: 764, 52: 526, 53: 722, 54: 484, 55: 652, 56: 414, 57: 114, 58: 352, 59: 414, 60: 652, 61: 310, 62: 72, 63: 792, 64: 554, 65: 680, 66: 442, 67: 394, 68: 156, 69: 254, 70: 16, 71: 540, 72: 778, 73: 128, 74: 366, 75: 254, 76: 16, 77: 282, 78: 44, 79: 86, 80: 324, 81: 268, 82: 30, 83: 142, 84: 380, 85: 156, 86: 394, 87: 142, 88: 380, 89: 428, 90: 666, 91: 442, 92: 680, 93: 526, 94: 764, 95: 722, 96: 484, 97: 72, 98: 310, 99: 736, 100: 498, 101: 442, 102: 680, 103: 268, 104: 30, 105: 352, 106: 114, 107: 442, 108: 680, 109: 114, 110: 352, 111: 254, 112: 16, 113: 324, 114: 86, 115: 652, 116: 414, 117: 282, 118: 44, 119: 708, 120: 470, 121: 142, 122: 380, 123: 442, 124: 680, 125: 540, 126: 778, 127: 652, 128: 414, 129: 170, 130: 408, 131: 442, 132: 680, 133: 254, 134: 16, 135: 338, 136: 100, 137: 352, 138: 114, 139: 380, 140: 142, 141: 694, 142: 456, 143: 30, 144: 268, 145: 268, 146: 30, 147: 324, 148: 86, 149: 268, 150: 30, 151: 30, 152: 268, 153: 380, 154: 142, 155: 268, 156: 30, 157: 254, 158: 16, 159: 310, 160: 72, 161: 254, 162: 16, 163: 296, 164: 58, 165: 736, 166: 498, 167: 282, 168: 44, 169: 72, 170: 310, 171: 310, 172: 72, 173: 128, 174: 366, 175: 352, 176: 114, 177: 666, 178: 428, 179: 310, 180: 72, 181: 268, 182: 30, 183: 282, 184: 44, 185: 394, 186: 156, 187: 254, 188: 16, 189: 324, 190: 86, 191: 58, 192: 296, 193: 86, 194: 324, 195: 254, 196: 16, 197: 58, 198: 296, 199: 268, 200: 30}
Number of lables used:  46
Total time: 0.66 seconds
Memory used: 121.80 MB
--------------------------------------------------
Number of label variables:  48
Number of clauses for label constraints:  8128
Number of new variables for cardinality constraints:  1170
Number of clauses for cardinality constraints:  4590
Initial variable count:  181484
Initial clause count:  525863
--------------------------------------------------

Trying with at most 45 labels...
Solution:
{1: 100, 2: 338, 3: 414, 4: 652, 5: 428, 6: 666, 7: 366, 8: 128, 9: 86, 10: 324, 11: 750, 12: 512, 13: 680, 14: 442, 15: 722, 16: 484, 17: 652, 18: 414, 19: 310, 20: 72, 21: 114, 22: 352, 23: 310, 24: 72, 25: 156, 26: 394, 27: 694, 28: 456, 29: 722, 30: 484, 31: 666, 32: 428, 33: 254, 34: 16, 35: 394, 36: 156, 37: 694, 38: 456, 39: 414, 40: 652, 41: 750, 42: 512, 43: 666, 44: 428, 45: 156, 46: 394, 47: 16, 48: 254, 49: 380, 50: 142, 51: 16, 52: 254, 53: 722, 54: 484, 55: 652, 56: 414, 57: 666, 58: 428, 59: 442, 60: 680, 61: 310, 62: 72, 63: 652, 64: 414, 65: 680, 66: 442, 67: 394, 68: 156, 69: 254, 70: 16, 71: 414, 72: 652, 73: 128, 74: 366, 75: 338, 76: 100, 77: 282, 78: 44, 79: 86, 80: 324, 81: 268, 82: 30, 83: 142, 84: 380, 85: 254, 86: 16, 87: 142, 88: 380, 89: 268, 90: 30, 91: 442, 92: 680, 93: 394, 94: 156, 95: 722, 96: 484, 97: 72, 98: 310, 99: 736, 100: 498, 101: 442, 102: 680, 103: 268, 104: 30, 105: 352, 106: 114, 107: 442, 108: 680, 109: 114, 110: 352, 111: 268, 112: 30, 113: 324, 114: 86, 115: 652, 116: 414, 117: 282, 118: 44, 119: 722, 120: 484, 121: 736, 122: 498, 123: 442, 124: 680, 125: 498, 126: 736, 127: 652, 128: 414, 129: 170, 130: 408, 131: 442, 132: 680, 133: 254, 134: 16, 135: 338, 136: 100, 137: 352, 138: 114, 139: 142, 140: 380, 141: 694, 142: 456, 143: 30, 144: 268, 145: 268, 146: 30, 147: 324, 148: 86, 149: 268, 150: 30, 151: 30, 152: 268, 153: 380, 154: 142, 155: 708, 156: 470, 157: 254, 158: 16, 159: 310, 160: 72, 161: 254, 162: 16, 163: 310, 164: 72, 165: 736, 166: 498, 167: 394, 168: 156, 169: 128, 170: 366, 171: 324, 172: 86, 173: 128, 174: 366, 175: 352, 176: 114, 177: 666, 178: 428, 179: 310, 180: 72, 181: 282, 182: 44, 183: 282, 184: 44, 185: 254, 186: 16, 187: 254, 188: 16, 189: 324, 190: 86, 191: 16, 192: 254, 193: 86, 194: 324, 195: 254, 196: 16, 197: 58, 198: 296, 199: 142, 200: 380}
Number of lables used:  40
Total time: 0.70 seconds
Memory used: 121.95 MB
--------------------------------------------------

Trying with at most 39 labels...
Solution:
{1: 100, 2: 338, 3: 394, 4: 156, 5: 652, 6: 414, 7: 366, 8: 128, 9: 86, 10: 324, 11: 16, 12: 254, 13: 680, 14: 442, 15: 30, 16: 268, 17: 652, 18: 414, 19: 310, 20: 72, 21: 114, 22: 352, 23: 310, 24: 72, 25: 156, 26: 394, 27: 470, 28: 708, 29: 652, 30: 414, 31: 708, 32: 470, 33: 254, 34: 16, 35: 394, 36: 156, 37: 708, 38: 470, 39: 414, 40: 652, 41: 722, 42: 484, 43: 680, 44: 442, 45: 470, 46: 708, 47: 680, 48: 442, 49: 282, 50: 44, 51: 296, 52: 58, 53: 722, 54: 484, 55: 380, 56: 142, 57: 680, 58: 442, 59: 442, 60: 680, 61: 310, 62: 72, 63: 708, 64: 470, 65: 44, 66: 282, 67: 394, 68: 156, 69: 254, 70: 16, 71: 414, 72: 652, 73: 128, 74: 366, 75: 338, 76: 100, 77: 114, 78: 352, 79: 86, 80: 324, 81: 268, 82: 30, 83: 470, 84: 708, 85: 16, 86: 254, 87: 142, 88: 380, 89: 268, 90: 30, 91: 680, 92: 442, 93: 394, 94: 156, 95: 16, 96: 254, 97: 72, 98: 310, 99: 414, 100: 652, 101: 484, 102: 722, 103: 58, 104: 296, 105: 352, 106: 114, 107: 442, 108: 680, 109: 268, 110: 30, 111: 268, 112: 30, 113: 324, 114: 86, 115: 652, 116: 414, 117: 338, 118: 100, 119: 722, 120: 484, 121: 282, 122: 44, 123: 442, 124: 680, 125: 142, 126: 380, 127: 414, 128: 652, 129: 478, 130: 240, 131: 442, 132: 680, 133: 254, 134: 16, 135: 338, 136: 100, 137: 268, 138: 30, 139: 380, 140: 142, 141: 708, 142: 470, 143: 282, 144: 44, 145: 268, 146: 30, 147: 324, 148: 86, 149: 484, 150: 722, 151: 114, 152: 352, 153: 380, 154: 142, 155: 414, 156: 652, 157: 484, 158: 722, 159: 722, 160: 484, 161: 296, 162: 58, 163: 72, 164: 310, 165: 722, 166: 484, 167: 394, 168: 156, 169: 128, 170: 366, 171: 442, 172: 680, 173: 58, 174: 296, 175: 352, 176: 114, 177: 442, 178: 680, 179: 310, 180: 72, 181: 30, 182: 268, 183: 282, 184: 44, 185: 254, 186: 16, 187: 72, 188: 310, 189: 324, 190: 86, 191: 16, 192: 254, 193: 86, 194: 324, 195: 254, 196: 16, 197: 58, 198: 296, 199: 142, 200: 380}
Number of lables used:  32
Total time: 0.73 seconds
Memory used: 121.93 MB
--------------------------------------------------

Trying with at most 31 labels...
Solution:
{1: 100, 2: 338, 3: 394, 4: 156, 5: 652, 6: 414, 7: 380, 8: 142, 9: 86, 10: 324, 11: 16, 12: 254, 13: 680, 14: 442, 15: 30, 16: 268, 17: 652, 18: 414, 19: 310, 20: 72, 21: 114, 22: 352, 23: 310, 24: 72, 25: 156, 26: 394, 27: 470, 28: 708, 29: 652, 30: 414, 31: 708, 32: 470, 33: 254, 34: 16, 35: 394, 36: 156, 37: 708, 38: 470, 39: 414, 40: 652, 41: 722, 42: 484, 43: 680, 44: 442, 45: 470, 46: 708, 47: 680, 48: 442, 49: 282, 50: 44, 51: 296, 52: 58, 53: 722, 54: 484, 55: 380, 56: 142, 57: 680, 58: 442, 59: 442, 60: 680, 61: 310, 62: 72, 63: 708, 64: 470, 65: 44, 66: 282, 67: 394, 68: 156, 69: 254, 70: 16, 71: 414, 72: 652, 73: 142, 74: 380, 75: 338, 76: 100, 77: 114, 78: 352, 79: 86, 80: 324, 81: 268, 82: 30, 83: 470, 84: 708, 85: 16, 86: 254, 87: 142, 88: 380, 89: 268, 90: 30, 91: 680, 92: 442, 93: 394, 94: 156, 95: 16, 96: 254, 97: 72, 98: 310, 99: 414, 100: 652, 101: 484, 102: 722, 103: 58, 104: 296, 105: 352, 106: 114, 107: 442, 108: 680, 109: 268, 110: 30, 111: 268, 112: 30, 113: 324, 114: 86, 115: 652, 116: 414, 117: 338, 118: 100, 119: 722, 120: 484, 121: 282, 122: 44, 123: 442, 124: 680, 125: 142, 126: 380, 127: 414, 128: 652, 129: 478, 130: 240, 131: 442, 132: 680, 133: 254, 134: 16, 135: 338, 136: 100, 137: 268, 138: 30, 139: 380, 140: 142, 141: 708, 142: 470, 143: 282, 144: 44, 145: 268, 146: 30, 147: 324, 148: 86, 149: 484, 150: 722, 151: 114, 152: 352, 153: 380, 154: 142, 155: 414, 156: 652, 157: 484, 158: 722, 159: 722, 160: 484, 161: 296, 162: 58, 163: 72, 164: 310, 165: 722, 166: 484, 167: 394, 168: 156, 169: 156, 170: 394, 171: 442, 172: 680, 173: 58, 174: 296, 175: 352, 176: 114, 177: 442, 178: 680, 179: 310, 180: 72, 181: 30, 182: 268, 183: 282, 184: 44, 185: 254, 186: 16, 187: 72, 188: 310, 189: 324, 190: 86, 191: 16, 192: 254, 193: 86, 194: 324, 195: 254, 196: 16, 197: 58, 198: 296, 199: 142, 200: 380}
Number of lables used:  30
Total time: 0.75 seconds
Memory used: 121.93 MB
--------------------------------------------------

Trying with at most 29 labels...
Solution:
{1: 100, 2: 338, 3: 86, 4: 324, 5: 708, 6: 470, 7: 380, 8: 142, 9: 254, 10: 16, 11: 16, 12: 254, 13: 680, 14: 442, 15: 30, 16: 268, 17: 652, 18: 414, 19: 310, 20: 72, 21: 114, 22: 352, 23: 268, 24: 30, 25: 652, 26: 414, 27: 254, 28: 16, 29: 652, 30: 414, 31: 708, 32: 470, 33: 254, 34: 16, 35: 414, 36: 652, 37: 58, 38: 296, 39: 414, 40: 652, 41: 722, 42: 484, 43: 722, 44: 484, 45: 470, 46: 708, 47: 680, 48: 442, 49: 282, 50: 44, 51: 296, 52: 58, 53: 722, 54: 484, 55: 380, 56: 142, 57: 442, 58: 680, 59: 442, 60: 680, 61: 708, 62: 470, 63: 708, 64: 470, 65: 44, 66: 282, 67: 414, 68: 652, 69: 652, 70: 414, 71: 414, 72: 652, 73: 142, 74: 380, 75: 338, 76: 100, 77: 114, 78: 352, 79: 86, 80: 324, 81: 268, 82: 30, 83: 86, 84: 324, 85: 30, 86: 268, 87: 142, 88: 380, 89: 268, 90: 30, 91: 680, 92: 442, 93: 414, 94: 652, 95: 16, 96: 254, 97: 72, 98: 310, 99: 414, 100: 652, 101: 484, 102: 722, 103: 58, 104: 296, 105: 254, 106: 16, 107: 442, 108: 680, 109: 268, 110: 30, 111: 268, 112: 30, 113: 324, 114: 86, 115: 652, 116: 414, 117: 338, 118: 100, 119: 722, 120: 484, 121: 282, 122: 44, 123: 442, 124: 680, 125: 142, 126: 380, 127: 414, 128: 652, 129: 478, 130: 240, 131: 442, 132: 680, 133: 254, 134: 16, 135: 338, 136: 100, 137: 268, 138: 30, 139: 380, 140: 142, 141: 484, 142: 722, 143: 282, 144: 44, 145: 268, 146: 30, 147: 254, 148: 16, 149: 484, 150: 722, 151: 114, 152: 352, 153: 380, 154: 142, 155: 414, 156: 652, 157: 484, 158: 722, 159: 722, 160: 484, 161: 296, 162: 58, 163: 72, 164: 310, 165: 722, 166: 484, 167: 324, 168: 86, 169: 414, 170: 652, 171: 442, 172: 680, 173: 58, 174: 296, 175: 352, 176: 114, 177: 442, 178: 680, 179: 310, 180: 72, 181: 30, 182: 268, 183: 324, 184: 86, 185: 254, 186: 16, 187: 72, 188: 310, 189: 680, 190: 442, 191: 16, 192: 254, 193: 16, 194: 254, 195: 442, 196: 680, 197: 282, 198: 44, 199: 142, 200: 380}
Number of lables used:  28
Total time: 0.78 seconds
Memory used: 121.94 MB
--------------------------------------------------

Trying with at most 27 labels...
Solution:
{1: 100, 2: 338, 3: 86, 4: 324, 5: 708, 6: 470, 7: 380, 8: 142, 9: 58, 10: 296, 11: 16, 12: 254, 13: 680, 14: 442, 15: 30, 16: 268, 17: 652, 18: 414, 19: 310, 20: 72, 21: 114, 22: 352, 23: 268, 24: 30, 25: 652, 26: 414, 27: 16, 28: 254, 29: 652, 30: 414, 31: 652, 32: 414, 33: 254, 34: 16, 35: 708, 36: 470, 37: 58, 38: 296, 39: 414, 40: 652, 41: 708, 42: 470, 43: 16, 44: 254, 45: 680, 46: 442, 47: 680, 48: 442, 49: 680, 50: 442, 51: 442, 52: 680, 53: 708, 54: 470, 55: 414, 56: 652, 57: 652, 58: 414, 59: 470, 60: 708, 61: 708, 62: 470, 63: 652, 64: 414, 65: 652, 66: 414, 67: 414, 68: 652, 69: 352, 70: 114, 71: 142, 72: 380, 73: 142, 74: 380, 75: 86, 76: 324, 77: 114, 78: 352, 79: 352, 80: 114, 81: 268, 82: 30, 83: 86, 84: 324, 85: 142, 86: 380, 87: 254, 88: 16, 89: 268, 90: 30, 91: 680, 92: 442, 93: 414, 94: 652, 95: 254, 96: 16, 97: 268, 98: 30, 99: 114, 100: 352, 101: 30, 102: 268, 103: 58, 104: 296, 105: 254, 106: 16, 107: 142, 108: 380, 109: 268, 110: 30, 111: 470, 112: 708, 113: 310, 114: 72, 115: 652, 116: 414, 117: 72, 118: 310, 119: 708, 120: 470, 121: 296, 122: 58, 123: 442, 124: 680, 125: 142, 126: 380, 127: 652, 128: 414, 129: 142, 130: 380, 131: 442, 132: 680, 133: 324, 134: 86, 135: 58, 136: 296, 137: 44, 138: 282, 139: 310, 140: 72, 141: 680, 142: 442, 143: 30, 144: 268, 145: 30, 146: 268, 147: 254, 148: 16, 149: 414, 150: 652, 151: 44, 152: 282, 153: 380, 154: 142, 155: 338, 156: 100, 157: 142, 158: 380, 159: 708, 160: 470, 161: 652, 162: 414, 163: 470, 164: 708, 165: 470, 166: 708, 167: 380, 168: 142, 169: 16, 170: 254, 171: 470, 172: 708, 173: 58, 174: 296, 175: 30, 176: 268, 177: 680, 178: 442, 179: 86, 180: 324, 181: 30, 182: 268, 183: 380, 184: 142, 185: 254, 186: 16, 187: 72, 188: 310, 189: 680, 190: 442, 191: 16, 192: 254, 193: 16, 194: 254, 195: 442, 196: 680, 197: 30, 198: 268, 199: 142, 200: 380}
Number of lables used:  24
Total time: 0.82 seconds
Memory used: 121.94 MB
--------------------------------------------------

Trying with at most 23 labels...
Solution:
{1: 554, 2: 792, 3: 554, 4: 792, 5: 16, 6: 254, 7: 380, 8: 142, 9: 254, 10: 16, 11: 282, 12: 44, 13: 86, 14: 324, 15: 16, 16: 254, 17: 680, 18: 442, 19: 352, 20: 114, 21: 114, 22: 352, 23: 86, 24: 324, 25: 442, 26: 680, 27: 86, 28: 324, 29: 352, 30: 114, 31: 708, 32: 470, 33: 254, 34: 16, 35: 708, 36: 470, 37: 792, 38: 554, 39: 142, 40: 380, 41: 680, 42: 442, 43: 16, 44: 254, 45: 470, 46: 708, 47: 708, 48: 470, 49: 680, 50: 442, 51: 254, 52: 16, 53: 652, 54: 414, 55: 352, 56: 114, 57: 680, 58: 442, 59: 254, 60: 16, 61: 324, 62: 86, 63: 680, 64: 442, 65: 16, 66: 254, 67: 414, 68: 652, 69: 554, 70: 792, 71: 142, 72: 380, 73: 470, 74: 708, 75: 16, 76: 254, 77: 470, 78: 708, 79: 708, 80: 470, 81: 282, 82: 44, 83: 142, 84: 380, 85: 142, 86: 380, 87: 142, 88: 380, 89: 282, 90: 44, 91: 470, 92: 708, 93: 792, 94: 554, 95: 254, 96: 16, 97: 282, 98: 44, 99: 142, 100: 380, 101: 114, 102: 352, 103: 58, 104: 296, 105: 114, 106: 352, 107: 708, 108: 470, 109: 282, 110: 44, 111: 414, 112: 652, 113: 86, 114: 324, 115: 414, 116: 652, 117: 44, 118: 282, 119: 652, 120: 414, 121: 296, 122: 58, 123: 442, 124: 680, 125: 58, 126: 296, 127: 652, 128: 414, 129: 408, 130: 170, 131: 442, 132: 680, 133: 352, 134: 114, 135: 58, 136: 296, 137: 114, 138: 352, 139: 324, 140: 86, 141: 708, 142: 470, 143: 282, 144: 44, 145: 44, 146: 282, 147: 16, 148: 254, 149: 282, 150: 44, 151: 792, 152: 554, 153: 352, 154: 114, 155: 442, 156: 680, 157: 142, 158: 380, 159: 680, 160: 442, 161: 16, 162: 254, 163: 442, 164: 680, 165: 554, 166: 792, 167: 352, 168: 114, 169: 792, 170: 554, 171: 414, 172: 652, 173: 652, 174: 414, 175: 324, 176: 86, 177: 680, 178: 442, 179: 254, 180: 16, 181: 296, 182: 58, 183: 44, 184: 282, 185: 142, 186: 380, 187: 380, 188: 142, 189: 680, 190: 442, 191: 16, 192: 254, 193: 554, 194: 792, 195: 680, 196: 442, 197: 352, 198: 114, 199: 296, 200: 58}
Number of lables used:  22
Total time: 0.88 seconds
Memory used: 124.57 MB
--------------------------------------------------

Trying with at most 21 labels...
Solution:
{1: 554, 2: 792, 3: 554, 4: 792, 5: 16, 6: 254, 7: 380, 8: 142, 9: 254, 10: 16, 11: 282, 12: 44, 13: 86, 14: 324, 15: 16, 16: 254, 17: 142, 18: 380, 19: 652, 20: 414, 21: 114, 22: 352, 23: 86, 24: 324, 25: 442, 26: 680, 27: 86, 28: 324, 29: 352, 30: 114, 31: 708, 32: 470, 33: 254, 34: 16, 35: 708, 36: 470, 37: 792, 38: 554, 39: 142, 40: 380, 41: 680, 42: 442, 43: 16, 44: 254, 45: 652, 46: 414, 47: 708, 48: 470, 49: 680, 50: 442, 51: 254, 52: 16, 53: 652, 54: 414, 55: 352, 56: 114, 57: 680, 58: 442, 59: 254, 60: 16, 61: 324, 62: 86, 63: 680, 64: 442, 65: 792, 66: 554, 67: 414, 68: 652, 69: 380, 70: 142, 71: 142, 72: 380, 73: 470, 74: 708, 75: 16, 76: 254, 77: 470, 78: 708, 79: 708, 80: 470, 81: 282, 82: 44, 83: 142, 84: 380, 85: 142, 86: 380, 87: 792, 88: 554, 89: 282, 90: 44, 91: 470, 92: 708, 93: 792, 94: 554, 95: 254, 96: 16, 97: 282, 98: 44, 99: 470, 100: 708, 101: 114, 102: 352, 103: 58, 104: 296, 105: 114, 106: 352, 107: 708, 108: 470, 109: 282, 110: 44, 111: 414, 112: 652, 113: 86, 114: 324, 115: 414, 116: 652, 117: 44, 118: 282, 119: 652, 120: 414, 121: 296, 122: 58, 123: 442, 124: 680, 125: 58, 126: 296, 127: 652, 128: 414, 129: 142, 130: 380, 131: 680, 132: 442, 133: 352, 134: 114, 135: 58, 136: 296, 137: 114, 138: 352, 139: 324, 140: 86, 141: 708, 142: 470, 143: 282, 144: 44, 145: 44, 146: 282, 147: 16, 148: 254, 149: 282, 150: 44, 151: 86, 152: 324, 153: 352, 154: 114, 155: 442, 156: 680, 157: 142, 158: 380, 159: 16, 160: 254, 161: 16, 162: 254, 163: 442, 164: 680, 165: 554, 166: 792, 167: 352, 168: 114, 169: 792, 170: 554, 171: 414, 172: 652, 173: 652, 174: 414, 175: 324, 176: 86, 177: 680, 178: 442, 179: 254, 180: 16, 181: 296, 182: 58, 183: 44, 184: 282, 185: 142, 186: 380, 187: 380, 188: 142, 189: 680, 190: 442, 191: 16, 192: 254, 193: 554, 194: 792, 195: 680, 196: 442, 197: 114, 198: 352, 199: 324, 200: 86}
Number of lables used:  20
Total time: 0.90 seconds
Memory used: 124.57 MB
--------------------------------------------------

Trying with at most 19 labels...
Solution:
{1: 554, 2: 792, 3: 142, 4: 380, 5: 16, 6: 254, 7: 414, 8: 652, 9: 254, 10: 16, 11: 58, 12: 296, 13: 86, 14: 324, 15: 16, 16: 254, 17: 142, 18: 380, 19: 652, 20: 414, 21: 114, 22: 352, 23: 58, 24: 296, 25: 442, 26: 680, 27: 86, 28: 324, 29: 554, 30: 792, 31: 708, 32: 470, 33: 254, 34: 16, 35: 708, 36: 470, 37: 792, 38: 554, 39: 142, 40: 380, 41: 652, 42: 414, 43: 16, 44: 254, 45: 652, 46: 414, 47: 554, 48: 792, 49: 680, 50: 442, 51: 254, 52: 16, 53: 708, 54: 470, 55: 352, 56: 114, 57: 680, 58: 442, 59: 254, 60: 16, 61: 352, 62: 114, 63: 680, 64: 442, 65: 792, 66: 554, 67: 414, 68: 652, 69: 380, 70: 142, 71: 142, 72: 380, 73: 470, 74: 708, 75: 16, 76: 254, 77: 470, 78: 708, 79: 708, 80: 470, 81: 296, 82: 58, 83: 142, 84: 380, 85: 142, 86: 380, 87: 792, 88: 554, 89: 296, 90: 58, 91: 114, 92: 352, 93: 792, 94: 554, 95: 16, 96: 254, 97: 296, 98: 58, 99: 470, 100: 708, 101: 114, 102: 352, 103: 58, 104: 296, 105: 16, 106: 254, 107: 708, 108: 470, 109: 324, 110: 86, 111: 414, 112: 652, 113: 16, 114: 254, 115: 414, 116: 652, 117: 58, 118: 296, 119: 652, 120: 414, 121: 470, 122: 708, 123: 442, 124: 680, 125: 58, 126: 296, 127: 652, 128: 414, 129: 142, 130: 380, 131: 680, 132: 442, 133: 352, 134: 114, 135: 58, 136: 296, 137: 114, 138: 352, 139: 324, 140: 86, 141: 708, 142: 470, 143: 296, 144: 58, 145: 792, 146: 554, 147: 16, 148: 254, 149: 414, 150: 652, 151: 86, 152: 324, 153: 352, 154: 114, 155: 442, 156: 680, 157: 142, 158: 380, 159: 16, 160: 254, 161: 16, 162: 254, 163: 442, 164: 680, 165: 554, 166: 792, 167: 352, 168: 114, 169: 792, 170: 554, 171: 554, 172: 792, 173: 652, 174: 414, 175: 324, 176: 86, 177: 680, 178: 442, 179: 254, 180: 16, 181: 296, 182: 58, 183: 86, 184: 324, 185: 142, 186: 380, 187: 380, 188: 142, 189: 680, 190: 442, 191: 16, 192: 254, 193: 680, 194: 442, 195: 680, 196: 442, 197: 114, 198: 352, 199: 324, 200: 86}
Number of lables used:  18
Total time: 0.93 seconds
Memory used: 124.57 MB
--------------------------------------------------

Trying with at most 17 labels...
Solution:
{1: 554, 2: 792, 3: 142, 4: 380, 5: 16, 6: 254, 7: 470, 8: 708, 9: 254, 10: 16, 11: 58, 12: 296, 13: 86, 14: 324, 15: 16, 16: 254, 17: 142, 18: 380, 19: 680, 20: 442, 21: 114, 22: 352, 23: 58, 24: 296, 25: 442, 26: 680, 27: 86, 28: 324, 29: 554, 30: 792, 31: 708, 32: 470, 33: 254, 34: 16, 35: 708, 36: 470, 37: 792, 38: 554, 39: 554, 40: 792, 41: 708, 42: 470, 43: 16, 44: 254, 45: 680, 46: 442, 47: 554, 48: 792, 49: 680, 50: 442, 51: 254, 52: 16, 53: 708, 54: 470, 55: 352, 56: 114, 57: 680, 58: 442, 59: 254, 60: 16, 61: 352, 62: 114, 63: 680, 64: 442, 65: 708, 66: 470, 67: 554, 68: 792, 69: 380, 70: 142, 71: 792, 72: 554, 73: 470, 74: 708, 75: 16, 76: 254, 77: 470, 78: 708, 79: 708, 80: 470, 81: 296, 82: 58, 83: 142, 84: 380, 85: 142, 86: 380, 87: 792, 88: 554, 89: 296, 90: 58, 91: 114, 92: 352, 93: 792, 94: 554, 95: 16, 96: 254, 97: 296, 98: 58, 99: 554, 100: 792, 101: 114, 102: 352, 103: 58, 104: 296, 105: 16, 106: 254, 107: 708, 108: 470, 109: 324, 110: 86, 111: 554, 112: 792, 113: 16, 114: 254, 115: 442, 116: 680, 117: 58, 118: 296, 119: 16, 120: 254, 121: 470, 122: 708, 123: 442, 124: 680, 125: 58, 126: 296, 127: 554, 128: 792, 129: 142, 130: 380, 131: 680, 132: 442, 133: 352, 134: 114, 135: 58, 136: 296, 137: 114, 138: 352, 139: 324, 140: 86, 141: 708, 142: 470, 143: 296, 144: 58, 145: 142, 146: 380, 147: 16, 148: 254, 149: 296, 150: 58, 151: 86, 152: 324, 153: 352, 154: 114, 155: 442, 156: 680, 157: 142, 158: 380, 159: 16, 160: 254, 161: 16, 162: 254, 163: 442, 164: 680, 165: 680, 166: 442, 167: 352, 168: 114, 169: 792, 170: 554, 171: 554, 172: 792, 173: 708, 174: 470, 175: 324, 176: 86, 177: 470, 178: 708, 179: 554, 180: 792, 181: 58, 182: 296, 183: 86, 184: 324, 185: 142, 186: 380, 187: 380, 188: 142, 189: 680, 190: 442, 191: 16, 192: 254, 193: 680, 194: 442, 195: 680, 196: 442, 197: 114, 198: 352, 199: 324, 200: 86}
Number of lables used:  16
Total time: 0.95 seconds
Memory used: 124.57 MB
--------------------------------------------------

Trying with at most 15 labels...
Solution:
{1: 16, 2: 254, 3: 16, 4: 254, 5: 86, 6: 324, 7: 254, 8: 16, 9: 58, 10: 296, 11: 16, 12: 254, 13: 708, 14: 470, 15: 554, 16: 792, 17: 142, 18: 380, 19: 680, 20: 442, 21: 86, 22: 324, 23: 58, 24: 296, 25: 442, 26: 680, 27: 16, 28: 254, 29: 554, 30: 792, 31: 708, 32: 470, 33: 296, 34: 58, 35: 792, 36: 554, 37: 58, 38: 296, 39: 554, 40: 792, 41: 708, 42: 470, 43: 380, 44: 142, 45: 680, 46: 442, 47: 554, 48: 792, 49: 380, 50: 142, 51: 470, 52: 708, 53: 708, 54: 470, 55: 554, 56: 792, 57: 680, 58: 442, 59: 142, 60: 380, 61: 680, 62: 442, 63: 792, 64: 554, 65: 708, 66: 470, 67: 680, 68: 442, 69: 380, 70: 142, 71: 792, 72: 554, 73: 470, 74: 708, 75: 142, 76: 380, 77: 470, 78: 708, 79: 58, 80: 296, 81: 380, 82: 142, 83: 142, 84: 380, 85: 142, 86: 380, 87: 792, 88: 554, 89: 86, 90: 324, 91: 58, 92: 296, 93: 680, 94: 442, 95: 16, 96: 254, 97: 554, 98: 792, 99: 554, 100: 792, 101: 324, 102: 86, 103: 58, 104: 296, 105: 16, 106: 254, 107: 708, 108: 470, 109: 324, 110: 86, 111: 554, 112: 792, 113: 16, 114: 254, 115: 142, 116: 380, 117: 680, 118: 442, 119: 16, 120: 254, 121: 380, 122: 142, 123: 442, 124: 680, 125: 58, 126: 296, 127: 554, 128: 792, 129: 142, 130: 380, 131: 680, 132: 442, 133: 296, 134: 58, 135: 58, 136: 296, 137: 58, 138: 296, 139: 324, 140: 86, 141: 708, 142: 470, 143: 324, 144: 86, 145: 142, 146: 380, 147: 142, 148: 380, 149: 324, 150: 86, 151: 86, 152: 324, 153: 708, 154: 470, 155: 58, 156: 296, 157: 86, 158: 324, 159: 16, 160: 254, 161: 708, 162: 470, 163: 442, 164: 680, 165: 680, 166: 442, 167: 680, 168: 442, 169: 792, 170: 554, 171: 442, 172: 680, 173: 680, 174: 442, 175: 324, 176: 86, 177: 470, 178: 708, 179: 554, 180: 792, 181: 58, 182: 296, 183: 86, 184: 324, 185: 16, 186: 254, 187: 254, 188: 16, 189: 708, 190: 470, 191: 16, 192: 254, 193: 16, 194: 254, 195: 554, 196: 792, 197: 16, 198: 254, 199: 324, 200: 86}
Number of lables used:  14
Total time: 0.99 seconds
Memory used: 124.57 MB
--------------------------------------------------

Trying with at most 13 labels...
Solution:
{1: 16, 2: 254, 3: 16, 4: 254, 5: 680, 6: 442, 7: 16, 8: 254, 9: 16, 10: 254, 11: 16, 12: 254, 13: 442, 14: 680, 15: 470, 16: 708, 17: 16, 18: 254, 19: 338, 20: 100, 21: 708, 22: 470, 23: 254, 24: 16, 25: 100, 26: 338, 27: 708, 28: 470, 29: 296, 30: 58, 31: 16, 32: 254, 33: 708, 34: 470, 35: 100, 36: 338, 37: 442, 38: 680, 39: 338, 40: 100, 41: 100, 42: 338, 43: 16, 44: 254, 45: 470, 46: 708, 47: 142, 48: 380, 49: 58, 50: 296, 51: 338, 52: 100, 53: 708, 54: 470, 55: 296, 56: 58, 57: 338, 58: 100, 59: 442, 60: 680, 61: 380, 62: 142, 63: 58, 64: 296, 65: 16, 66: 254, 67: 380, 68: 142, 69: 708, 70: 470, 71: 16, 72: 254, 73: 58, 74: 296, 75: 100, 76: 338, 77: 708, 78: 470, 79: 338, 80: 100, 81: 338, 82: 100, 83: 100, 84: 338, 85: 380, 86: 142, 87: 380, 88: 142, 89: 680, 90: 442, 91: 380, 92: 142, 93: 708, 94: 470, 95: 442, 96: 680, 97: 442, 98: 680, 99: 58, 100: 296, 101: 142, 102: 380, 103: 680, 104: 442, 105: 380, 106: 142, 107: 296, 108: 58, 109: 442, 110: 680, 111: 296, 112: 58, 113: 254, 114: 16, 115: 100, 116: 338, 117: 680, 118: 442, 119: 680, 120: 442, 121: 380, 122: 142, 123: 442, 124: 680, 125: 708, 126: 470, 127: 680, 128: 442, 129: 380, 130: 142, 131: 442, 132: 680, 133: 470, 134: 708, 135: 58, 136: 296, 137: 142, 138: 380, 139: 380, 140: 142, 141: 296, 142: 58, 143: 708, 144: 470, 145: 708, 146: 470, 147: 470, 148: 708, 149: 338, 150: 100, 151: 680, 152: 442, 153: 708, 154: 470, 155: 708, 156: 470, 157: 142, 158: 380, 159: 442, 160: 680, 161: 16, 162: 254, 163: 254, 164: 16, 165: 708, 166: 470, 167: 142, 168: 380, 169: 680, 170: 442, 171: 680, 172: 442, 173: 58, 174: 296, 175: 142, 176: 380, 177: 380, 178: 142, 179: 254, 180: 16, 181: 296, 182: 58, 183: 296, 184: 58, 185: 254, 186: 16, 187: 100, 188: 338, 189: 296, 190: 58, 191: 254, 192: 16, 193: 708, 194: 470, 195: 16, 196: 254, 197: 100, 198: 338, 199: 380, 200: 142}
Number of lables used:  12
Total time: 1.29 seconds
Memory used: 140.81 MB
--------------------------------------------------

Trying with at most 11 labels...
[runlim] sample:		9.99 time, 10.01 real, 148 MB, 1.01 load
[runlim] sample:		19.99 time, 20.01 real, 160 MB, 1.00 load
[runlim] sample:		29.98 time, 30.01 real, 162 MB, 1.08 load
Cannot find solution.
No more solutions found.
Optimal number of labels used:  12
Total time: 38.37 seconds
Memory used: 161.93 MB
[runlim] end:			Sat Jun 13 21:00:01 2026
[runlim] status:		ok
[runlim] result:		0
[runlim] children:		1
[runlim] processes:		2
[runlim] real:			38.43 seconds
[runlim] time:			38.38 seconds
[runlim] space:			187 MB
[runlim] load:			1.08 maximum
[runlim] samples:		385
