[runlim] version:		2.0.0rc12
[runlim] host:			ap-Precision-7550
[runlim] time limit:		311040000 seconds
[runlim] real time limit:	600 seconds
[runlim] space limit:		14000 MB
[runlim] argv[0]:		python3
[runlim] argv[1]:		-u
[runlim] argv[2]:		pairwise_no_preprocessing.py
[runlim] argv[3]:		TUD200.3
[runlim] argv[4]:		assumptions
[runlim] argv[5]:		1
[runlim] argv[6]:		card
[runlim] argv[7]:		1
[runlim] start:			Sat Jun 13 21:00:03 2026
[runlim] child:			16885
Exactly-one cardinality encoding:  1
Distance constraint mode:  card
Distance cardinality encoding:  1
Number of assignment variables:  7240
Number of clauses for exactly one constraints:  21120
Number of clauses for distance constraints:  439544
---------------------------------------------------
Solve first problem:
Solution:
{1: 428, 2: 666, 3: 380, 4: 142, 5: 268, 6: 30, 7: 470, 8: 708, 9: 352, 10: 114, 11: 380, 12: 142, 13: 792, 14: 554, 15: 652, 16: 414, 17: 380, 18: 142, 19: 128, 20: 366, 21: 282, 22: 44, 23: 708, 24: 470, 25: 540, 26: 778, 27: 652, 28: 414, 29: 142, 30: 380, 31: 428, 32: 666, 33: 44, 34: 282, 35: 100, 36: 338, 37: 666, 38: 428, 39: 652, 40: 414, 41: 114, 42: 352, 43: 268, 44: 30, 45: 338, 46: 100, 47: 512, 48: 750, 49: 254, 50: 16, 51: 666, 52: 428, 53: 338, 54: 100, 55: 484, 56: 722, 57: 142, 58: 380, 59: 86, 60: 324, 61: 254, 62: 16, 63: 498, 64: 736, 65: 680, 66: 442, 67: 540, 68: 778, 69: 722, 70: 484, 71: 58, 72: 296, 73: 680, 74: 442, 75: 72, 76: 310, 77: 58, 78: 296, 79: 778, 80: 540, 81: 16, 82: 254, 83: 16, 84: 254, 85: 282, 86: 44, 87: 156, 88: 394, 89: 764, 90: 526, 91: 352, 92: 114, 93: 652, 94: 414, 95: 428, 96: 666, 97: 170, 98: 408, 99: 478, 100: 240, 101: 750, 102: 512, 103: 324, 104: 86, 105: 352, 106: 114, 107: 44, 108: 282, 109: 414, 110: 652, 111: 72, 112: 310, 113: 792, 114: 554, 115: 652, 116: 414, 117: 428, 118: 666, 119: 310, 120: 72, 121: 380, 122: 142, 123: 86, 124: 324, 125: 666, 126: 428, 127: 428, 128: 666, 129: 324, 130: 86, 131: 478, 132: 240, 133: 100, 134: 338, 135: 254, 136: 16, 137: 652, 138: 414, 139: 268, 140: 30, 141: 142, 142: 380, 143: 296, 144: 58, 145: 484, 146: 722, 147: 268, 148: 30, 149: 254, 150: 16, 151: 352, 152: 114, 153: 414, 154: 652, 155: 100, 156: 338, 157: 268, 158: 30, 159: 30, 160: 268, 161: 296, 162: 58, 163: 254, 164: 16, 165: 254, 166: 16, 167: 366, 168: 128, 169: 310, 170: 72, 171: 254, 172: 16, 173: 380, 174: 142, 175: 338, 176: 100, 177: 324, 178: 86, 179: 408, 180: 170, 181: 352, 182: 114, 183: 310, 184: 72, 185: 30, 186: 268, 187: 254, 188: 16, 189: 44, 190: 282, 191: 268, 192: 30, 193: 324, 194: 86, 195: 736, 196: 498, 197: 282, 198: 44, 199: 254, 200: 16}
Number of lables used:  46
Total time: 0.55 seconds
Memory used: 114.43 MB
--------------------------------------------------
Number of label variables:  48
Number of clauses for label constraints:  7240
Number of new variables for cardinality constraints:  1170
Number of clauses for cardinality constraints:  4590
Initial variable count:  163897
Initial clause count:  472496
--------------------------------------------------

Trying with at most 45 labels...
Solution:
{1: 428, 2: 666, 3: 380, 4: 142, 5: 268, 6: 30, 7: 470, 8: 708, 9: 380, 10: 142, 11: 380, 12: 142, 13: 142, 14: 380, 15: 380, 16: 142, 17: 380, 18: 142, 19: 128, 20: 366, 21: 282, 22: 44, 23: 722, 24: 484, 25: 380, 26: 142, 27: 652, 28: 414, 29: 484, 30: 722, 31: 428, 32: 666, 33: 44, 34: 282, 35: 100, 36: 338, 37: 666, 38: 428, 39: 652, 40: 414, 41: 114, 42: 352, 43: 268, 44: 30, 45: 86, 46: 324, 47: 512, 48: 750, 49: 254, 50: 16, 51: 680, 52: 442, 53: 652, 54: 414, 55: 484, 56: 722, 57: 142, 58: 380, 59: 86, 60: 324, 61: 254, 62: 16, 63: 470, 64: 708, 65: 680, 66: 442, 67: 652, 68: 414, 69: 722, 70: 484, 71: 58, 72: 296, 73: 680, 74: 442, 75: 72, 76: 310, 77: 58, 78: 296, 79: 708, 80: 470, 81: 16, 82: 254, 83: 16, 84: 254, 85: 282, 86: 44, 87: 156, 88: 394, 89: 456, 90: 694, 91: 352, 92: 114, 93: 652, 94: 414, 95: 428, 96: 666, 97: 170, 98: 408, 99: 478, 100: 240, 101: 750, 102: 512, 103: 324, 104: 86, 105: 16, 106: 254, 107: 44, 108: 282, 109: 414, 110: 652, 111: 72, 112: 310, 113: 750, 114: 512, 115: 652, 116: 414, 117: 428, 118: 666, 119: 310, 120: 72, 121: 380, 122: 142, 123: 86, 124: 324, 125: 666, 126: 428, 127: 428, 128: 666, 129: 324, 130: 86, 131: 380, 132: 142, 133: 428, 134: 666, 135: 254, 136: 16, 137: 652, 138: 414, 139: 722, 140: 484, 141: 142, 142: 380, 143: 296, 144: 58, 145: 484, 146: 722, 147: 268, 148: 30, 149: 254, 150: 16, 151: 352, 152: 114, 153: 750, 154: 512, 155: 100, 156: 338, 157: 268, 158: 30, 159: 30, 160: 268, 161: 296, 162: 58, 163: 254, 164: 16, 165: 254, 166: 16, 167: 366, 168: 128, 169: 310, 170: 72, 171: 254, 172: 16, 173: 380, 174: 142, 175: 338, 176: 100, 177: 324, 178: 86, 179: 408, 180: 170, 181: 352, 182: 114, 183: 310, 184: 72, 185: 30, 186: 268, 187: 254, 188: 16, 189: 44, 190: 282, 191: 268, 192: 30, 193: 324, 194: 86, 195: 736, 196: 498, 197: 282, 198: 44, 199: 254, 200: 16}
Number of lables used:  42
Total time: 0.58 seconds
Memory used: 115.84 MB
--------------------------------------------------

Trying with at most 41 labels...
Solution:
{1: 428, 2: 666, 3: 380, 4: 142, 5: 268, 6: 30, 7: 470, 8: 708, 9: 380, 10: 142, 11: 380, 12: 142, 13: 142, 14: 380, 15: 380, 16: 142, 17: 380, 18: 142, 19: 128, 20: 366, 21: 282, 22: 44, 23: 736, 24: 498, 25: 380, 26: 142, 27: 652, 28: 414, 29: 512, 30: 750, 31: 428, 32: 666, 33: 44, 34: 282, 35: 100, 36: 338, 37: 666, 38: 428, 39: 652, 40: 414, 41: 114, 42: 352, 43: 268, 44: 30, 45: 86, 46: 324, 47: 512, 48: 750, 49: 254, 50: 16, 51: 694, 52: 456, 53: 652, 54: 414, 55: 484, 56: 722, 57: 142, 58: 380, 59: 86, 60: 324, 61: 254, 62: 16, 63: 470, 64: 708, 65: 694, 66: 456, 67: 652, 68: 414, 69: 722, 70: 484, 71: 58, 72: 296, 73: 694, 74: 456, 75: 72, 76: 310, 77: 58, 78: 296, 79: 708, 80: 470, 81: 16, 82: 254, 83: 16, 84: 254, 85: 282, 86: 44, 87: 156, 88: 394, 89: 456, 90: 694, 91: 352, 92: 114, 93: 652, 94: 414, 95: 428, 96: 666, 97: 170, 98: 408, 99: 478, 100: 240, 101: 750, 102: 512, 103: 324, 104: 86, 105: 16, 106: 254, 107: 44, 108: 282, 109: 414, 110: 652, 111: 72, 112: 310, 113: 750, 114: 512, 115: 652, 116: 414, 117: 428, 118: 666, 119: 310, 120: 72, 121: 380, 122: 142, 123: 86, 124: 324, 125: 666, 126: 428, 127: 428, 128: 666, 129: 324, 130: 86, 131: 380, 132: 142, 133: 428, 134: 666, 135: 254, 136: 16, 137: 652, 138: 414, 139: 722, 140: 484, 141: 142, 142: 380, 143: 296, 144: 58, 145: 484, 146: 722, 147: 268, 148: 30, 149: 254, 150: 16, 151: 352, 152: 114, 153: 750, 154: 512, 155: 100, 156: 338, 157: 268, 158: 30, 159: 30, 160: 268, 161: 296, 162: 58, 163: 254, 164: 16, 165: 254, 166: 16, 167: 366, 168: 128, 169: 310, 170: 72, 171: 254, 172: 16, 173: 380, 174: 142, 175: 338, 176: 100, 177: 324, 178: 86, 179: 408, 180: 170, 181: 352, 182: 114, 183: 310, 184: 72, 185: 30, 186: 268, 187: 254, 188: 16, 189: 44, 190: 282, 191: 268, 192: 30, 193: 324, 194: 86, 195: 736, 196: 498, 197: 282, 198: 44, 199: 254, 200: 16}
Number of lables used:  40
Total time: 0.60 seconds
Memory used: 115.84 MB
--------------------------------------------------

Trying with at most 39 labels...
Solution:
{1: 428, 2: 666, 3: 380, 4: 142, 5: 268, 6: 30, 7: 470, 8: 708, 9: 380, 10: 142, 11: 380, 12: 142, 13: 142, 14: 380, 15: 380, 16: 142, 17: 142, 18: 380, 19: 128, 20: 366, 21: 282, 22: 44, 23: 736, 24: 498, 25: 380, 26: 142, 27: 652, 28: 414, 29: 512, 30: 750, 31: 428, 32: 666, 33: 44, 34: 282, 35: 100, 36: 338, 37: 666, 38: 428, 39: 310, 40: 72, 41: 156, 42: 394, 43: 268, 44: 30, 45: 86, 46: 324, 47: 512, 48: 750, 49: 254, 50: 16, 51: 694, 52: 456, 53: 652, 54: 414, 55: 484, 56: 722, 57: 142, 58: 380, 59: 86, 60: 324, 61: 254, 62: 16, 63: 470, 64: 708, 65: 694, 66: 456, 67: 652, 68: 414, 69: 722, 70: 484, 71: 58, 72: 296, 73: 694, 74: 456, 75: 72, 76: 310, 77: 58, 78: 296, 79: 708, 80: 470, 81: 16, 82: 254, 83: 16, 84: 254, 85: 282, 86: 44, 87: 156, 88: 394, 89: 456, 90: 694, 91: 414, 92: 652, 93: 652, 94: 414, 95: 428, 96: 666, 97: 240, 98: 478, 99: 478, 100: 240, 101: 750, 102: 512, 103: 324, 104: 86, 105: 16, 106: 254, 107: 44, 108: 282, 109: 428, 110: 666, 111: 72, 112: 310, 113: 750, 114: 512, 115: 652, 116: 414, 117: 428, 118: 666, 119: 310, 120: 72, 121: 380, 122: 142, 123: 86, 124: 324, 125: 666, 126: 428, 127: 428, 128: 666, 129: 324, 130: 86, 131: 380, 132: 142, 133: 428, 134: 666, 135: 254, 136: 16, 137: 652, 138: 414, 139: 722, 140: 484, 141: 142, 142: 380, 143: 296, 144: 58, 145: 470, 146: 708, 147: 268, 148: 30, 149: 254, 150: 16, 151: 352, 152: 114, 153: 750, 154: 512, 155: 100, 156: 338, 157: 268, 158: 30, 159: 30, 160: 268, 161: 296, 162: 58, 163: 254, 164: 16, 165: 254, 166: 16, 167: 366, 168: 128, 169: 310, 170: 72, 171: 254, 172: 16, 173: 268, 174: 30, 175: 338, 176: 100, 177: 324, 178: 86, 179: 380, 180: 142, 181: 352, 182: 114, 183: 512, 184: 750, 185: 30, 186: 268, 187: 254, 188: 16, 189: 44, 190: 282, 191: 268, 192: 30, 193: 324, 194: 86, 195: 736, 196: 498, 197: 282, 198: 44, 199: 254, 200: 16}
Number of lables used:  38
Total time: 0.62 seconds
Memory used: 115.84 MB
--------------------------------------------------

Trying with at most 37 labels...
Solution:
{1: 428, 2: 666, 3: 380, 4: 142, 5: 268, 6: 30, 7: 498, 8: 736, 9: 380, 10: 142, 11: 380, 12: 142, 13: 142, 14: 380, 15: 470, 16: 708, 17: 142, 18: 380, 19: 30, 20: 268, 21: 282, 22: 44, 23: 736, 24: 498, 25: 380, 26: 142, 27: 652, 28: 414, 29: 512, 30: 750, 31: 428, 32: 666, 33: 44, 34: 282, 35: 142, 36: 380, 37: 666, 38: 428, 39: 310, 40: 72, 41: 156, 42: 394, 43: 268, 44: 30, 45: 86, 46: 324, 47: 512, 48: 750, 49: 254, 50: 16, 51: 694, 52: 456, 53: 652, 54: 414, 55: 484, 56: 722, 57: 142, 58: 380, 59: 86, 60: 324, 61: 254, 62: 16, 63: 470, 64: 708, 65: 694, 66: 456, 67: 652, 68: 414, 69: 722, 70: 484, 71: 58, 72: 296, 73: 694, 74: 456, 75: 72, 76: 310, 77: 114, 78: 352, 79: 708, 80: 470, 81: 16, 82: 254, 83: 16, 84: 254, 85: 324, 86: 86, 87: 156, 88: 394, 89: 456, 90: 694, 91: 414, 92: 652, 93: 652, 94: 414, 95: 456, 96: 694, 97: 240, 98: 478, 99: 478, 100: 240, 101: 750, 102: 512, 103: 324, 104: 86, 105: 16, 106: 254, 107: 44, 108: 282, 109: 428, 110: 666, 111: 72, 112: 310, 113: 750, 114: 512, 115: 652, 116: 414, 117: 498, 118: 736, 119: 310, 120: 72, 121: 380, 122: 142, 123: 86, 124: 324, 125: 666, 126: 428, 127: 428, 128: 666, 129: 324, 130: 86, 131: 380, 132: 142, 133: 428, 134: 666, 135: 254, 136: 16, 137: 652, 138: 414, 139: 722, 140: 484, 141: 666, 142: 428, 143: 296, 144: 58, 145: 470, 146: 708, 147: 268, 148: 30, 149: 254, 150: 16, 151: 352, 152: 114, 153: 750, 154: 512, 155: 114, 156: 352, 157: 268, 158: 30, 159: 30, 160: 268, 161: 296, 162: 58, 163: 254, 164: 16, 165: 254, 166: 16, 167: 380, 168: 142, 169: 310, 170: 72, 171: 254, 172: 16, 173: 268, 174: 30, 175: 352, 176: 114, 177: 352, 178: 114, 179: 380, 180: 142, 181: 352, 182: 114, 183: 512, 184: 750, 185: 30, 186: 268, 187: 254, 188: 16, 189: 58, 190: 296, 191: 268, 192: 30, 193: 324, 194: 86, 195: 736, 196: 498, 197: 282, 198: 44, 199: 254, 200: 16}
Number of lables used:  34
Total time: 0.64 seconds
Memory used: 115.84 MB
--------------------------------------------------

Trying with at most 33 labels...
Solution:
{1: 428, 2: 666, 3: 58, 4: 296, 5: 652, 6: 414, 7: 470, 8: 708, 9: 380, 10: 142, 11: 380, 12: 142, 13: 142, 14: 380, 15: 652, 16: 414, 17: 142, 18: 380, 19: 30, 20: 268, 21: 282, 22: 44, 23: 750, 24: 512, 25: 380, 26: 142, 27: 694, 28: 456, 29: 114, 30: 352, 31: 470, 32: 708, 33: 44, 34: 282, 35: 142, 36: 380, 37: 666, 38: 428, 39: 310, 40: 72, 41: 156, 42: 394, 43: 268, 44: 30, 45: 86, 46: 324, 47: 512, 48: 750, 49: 254, 50: 16, 51: 694, 52: 456, 53: 666, 54: 428, 55: 512, 56: 750, 57: 142, 58: 380, 59: 86, 60: 324, 61: 254, 62: 16, 63: 470, 64: 708, 65: 694, 66: 456, 67: 652, 68: 414, 69: 750, 70: 512, 71: 58, 72: 296, 73: 694, 74: 456, 75: 72, 76: 310, 77: 114, 78: 352, 79: 708, 80: 470, 81: 16, 82: 254, 83: 16, 84: 254, 85: 380, 86: 142, 87: 156, 88: 394, 89: 456, 90: 694, 91: 414, 92: 652, 93: 652, 94: 414, 95: 512, 96: 750, 97: 240, 98: 478, 99: 478, 100: 240, 101: 750, 102: 512, 103: 324, 104: 86, 105: 114, 106: 352, 107: 44, 108: 282, 109: 428, 110: 666, 111: 72, 112: 310, 113: 750, 114: 512, 115: 652, 116: 414, 117: 512, 118: 750, 119: 310, 120: 72, 121: 380, 122: 142, 123: 86, 124: 324, 125: 666, 126: 428, 127: 428, 128: 666, 129: 324, 130: 86, 131: 380, 132: 142, 133: 428, 134: 666, 135: 254, 136: 16, 137: 652, 138: 414, 139: 750, 140: 512, 141: 666, 142: 428, 143: 296, 144: 58, 145: 470, 146: 708, 147: 268, 148: 30, 149: 254, 150: 16, 151: 352, 152: 114, 153: 750, 154: 512, 155: 114, 156: 352, 157: 268, 158: 30, 159: 30, 160: 268, 161: 30, 162: 268, 163: 254, 164: 16, 165: 254, 166: 16, 167: 380, 168: 142, 169: 310, 170: 72, 171: 254, 172: 16, 173: 268, 174: 30, 175: 352, 176: 114, 177: 352, 178: 114, 179: 380, 180: 142, 181: 352, 182: 114, 183: 512, 184: 750, 185: 30, 186: 268, 187: 254, 188: 16, 189: 58, 190: 296, 191: 268, 192: 30, 193: 324, 194: 86, 195: 512, 196: 750, 197: 394, 198: 156, 199: 254, 200: 16}
Number of lables used:  30
Total time: 0.66 seconds
Memory used: 115.84 MB
--------------------------------------------------

Trying with at most 29 labels...
Solution:
{1: 456, 2: 694, 3: 142, 4: 380, 5: 652, 6: 414, 7: 470, 8: 708, 9: 86, 10: 324, 11: 408, 12: 170, 13: 114, 14: 352, 15: 254, 16: 16, 17: 142, 18: 380, 19: 30, 20: 268, 21: 652, 22: 414, 23: 792, 24: 554, 25: 282, 26: 44, 27: 694, 28: 456, 29: 456, 30: 694, 31: 470, 32: 708, 33: 44, 34: 282, 35: 30, 36: 268, 37: 86, 38: 324, 39: 792, 40: 554, 41: 114, 42: 352, 43: 694, 44: 456, 45: 114, 46: 352, 47: 380, 48: 142, 49: 380, 50: 142, 51: 268, 52: 30, 53: 652, 54: 414, 55: 652, 56: 414, 57: 792, 58: 554, 59: 652, 60: 414, 61: 254, 62: 16, 63: 414, 64: 652, 65: 694, 66: 456, 67: 652, 68: 414, 69: 268, 70: 30, 71: 72, 72: 310, 73: 792, 74: 554, 75: 414, 76: 652, 77: 114, 78: 352, 79: 708, 80: 470, 81: 16, 82: 254, 83: 414, 84: 652, 85: 324, 86: 86, 87: 456, 88: 694, 89: 114, 90: 352, 91: 652, 92: 414, 93: 708, 94: 470, 95: 414, 96: 652, 97: 170, 98: 408, 99: 478, 100: 240, 101: 792, 102: 554, 103: 324, 104: 86, 105: 114, 106: 352, 107: 44, 108: 282, 109: 414, 110: 652, 111: 72, 112: 310, 113: 114, 114: 352, 115: 254, 116: 16, 117: 352, 118: 114, 119: 352, 120: 114, 121: 380, 122: 142, 123: 86, 124: 324, 125: 72, 126: 310, 127: 652, 128: 414, 129: 652, 130: 414, 131: 380, 132: 142, 133: 30, 134: 268, 135: 16, 136: 254, 137: 470, 138: 708, 139: 652, 140: 414, 141: 694, 142: 456, 143: 694, 144: 456, 145: 694, 146: 456, 147: 296, 148: 58, 149: 254, 150: 16, 151: 694, 152: 456, 153: 16, 154: 254, 155: 792, 156: 554, 157: 268, 158: 30, 159: 30, 160: 268, 161: 30, 162: 268, 163: 414, 164: 652, 165: 16, 166: 254, 167: 16, 168: 254, 169: 30, 170: 268, 171: 142, 172: 380, 173: 114, 174: 352, 175: 72, 176: 310, 177: 282, 178: 44, 179: 142, 180: 380, 181: 16, 182: 254, 183: 296, 184: 58, 185: 30, 186: 268, 187: 708, 188: 470, 189: 86, 190: 324, 191: 380, 192: 142, 193: 554, 194: 792, 195: 554, 196: 792, 197: 72, 198: 310, 199: 254, 200: 16}
Number of lables used:  28
Total time: 0.72 seconds
Memory used: 115.84 MB
--------------------------------------------------

Trying with at most 27 labels...
Solution:
{1: 470, 2: 708, 3: 142, 4: 380, 5: 324, 6: 86, 7: 470, 8: 708, 9: 86, 10: 324, 11: 408, 12: 170, 13: 352, 14: 114, 15: 554, 16: 792, 17: 142, 18: 380, 19: 30, 20: 268, 21: 792, 22: 554, 23: 282, 24: 44, 25: 282, 26: 44, 27: 554, 28: 792, 29: 30, 30: 268, 31: 470, 32: 708, 33: 470, 34: 708, 35: 764, 36: 526, 37: 86, 38: 324, 39: 792, 40: 554, 41: 142, 42: 380, 43: 764, 44: 526, 45: 114, 46: 352, 47: 380, 48: 142, 49: 380, 50: 142, 51: 526, 52: 764, 53: 652, 54: 414, 55: 414, 56: 652, 57: 526, 58: 764, 59: 114, 60: 352, 61: 268, 62: 30, 63: 526, 64: 764, 65: 694, 66: 456, 67: 554, 68: 792, 69: 324, 70: 86, 71: 456, 72: 694, 73: 764, 74: 526, 75: 414, 76: 652, 77: 114, 78: 352, 79: 708, 80: 470, 81: 30, 82: 268, 83: 414, 84: 652, 85: 324, 86: 86, 87: 792, 88: 554, 89: 114, 90: 352, 91: 652, 92: 414, 93: 792, 94: 554, 95: 414, 96: 652, 97: 240, 98: 478, 99: 478, 100: 240, 101: 792, 102: 554, 103: 652, 104: 414, 105: 114, 106: 352, 107: 114, 108: 352, 109: 414, 110: 652, 111: 86, 112: 324, 113: 142, 114: 380, 115: 30, 116: 268, 117: 764, 118: 526, 119: 694, 120: 456, 121: 408, 122: 170, 123: 86, 124: 324, 125: 86, 126: 324, 127: 652, 128: 414, 129: 652, 130: 414, 131: 380, 132: 142, 133: 526, 134: 764, 135: 30, 136: 268, 137: 470, 138: 708, 139: 694, 140: 456, 141: 694, 142: 456, 143: 694, 144: 456, 145: 694, 146: 456, 147: 282, 148: 44, 149: 268, 150: 30, 151: 764, 152: 526, 153: 30, 154: 268, 155: 792, 156: 554, 157: 268, 158: 30, 159: 44, 160: 282, 161: 268, 162: 30, 163: 414, 164: 652, 165: 268, 166: 30, 167: 554, 168: 792, 169: 44, 170: 282, 171: 142, 172: 380, 173: 324, 174: 86, 175: 30, 176: 268, 177: 282, 178: 44, 179: 478, 180: 240, 181: 30, 182: 268, 183: 142, 184: 380, 185: 526, 186: 764, 187: 708, 188: 470, 189: 86, 190: 324, 191: 380, 192: 142, 193: 456, 194: 694, 195: 456, 196: 694, 197: 324, 198: 86, 199: 268, 200: 30}
Number of lables used:  24
Total time: 0.75 seconds
Memory used: 115.84 MB
--------------------------------------------------

Trying with at most 23 labels...
Solution:
{1: 526, 2: 764, 3: 142, 4: 380, 5: 324, 6: 86, 7: 470, 8: 708, 9: 86, 10: 324, 11: 142, 12: 380, 13: 352, 14: 114, 15: 708, 16: 470, 17: 478, 18: 240, 19: 30, 20: 268, 21: 792, 22: 554, 23: 470, 24: 708, 25: 268, 26: 30, 27: 554, 28: 792, 29: 30, 30: 268, 31: 456, 32: 694, 33: 114, 34: 352, 35: 86, 36: 324, 37: 86, 38: 324, 39: 142, 40: 380, 41: 30, 42: 268, 43: 764, 44: 526, 45: 114, 46: 352, 47: 380, 48: 142, 49: 380, 50: 142, 51: 526, 52: 764, 53: 694, 54: 456, 55: 114, 56: 352, 57: 526, 58: 764, 59: 114, 60: 352, 61: 324, 62: 86, 63: 114, 64: 352, 65: 792, 66: 554, 67: 554, 68: 792, 69: 30, 70: 268, 71: 456, 72: 694, 73: 764, 74: 526, 75: 30, 76: 268, 77: 114, 78: 352, 79: 694, 80: 456, 81: 30, 82: 268, 83: 470, 84: 708, 85: 324, 86: 86, 87: 380, 88: 142, 89: 526, 90: 764, 91: 526, 92: 764, 93: 792, 94: 554, 95: 86, 96: 324, 97: 142, 98: 380, 99: 142, 100: 380, 101: 792, 102: 554, 103: 694, 104: 456, 105: 114, 106: 352, 107: 114, 108: 352, 109: 526, 110: 764, 111: 86, 112: 324, 113: 792, 114: 554, 115: 30, 116: 268, 117: 764, 118: 526, 119: 526, 120: 764, 121: 240, 122: 478, 123: 694, 124: 456, 125: 526, 126: 764, 127: 694, 128: 456, 129: 30, 130: 268, 131: 380, 132: 142, 133: 526, 134: 764, 135: 764, 136: 526, 137: 470, 138: 708, 139: 694, 140: 456, 141: 694, 142: 456, 143: 694, 144: 456, 145: 694, 146: 456, 147: 554, 148: 792, 149: 268, 150: 30, 151: 86, 152: 324, 153: 30, 154: 268, 155: 792, 156: 554, 157: 86, 158: 324, 159: 86, 160: 324, 161: 268, 162: 30, 163: 526, 164: 764, 165: 380, 166: 142, 167: 554, 168: 792, 169: 30, 170: 268, 171: 142, 172: 380, 173: 324, 174: 86, 175: 30, 176: 268, 177: 792, 178: 554, 179: 380, 180: 142, 181: 30, 182: 268, 183: 30, 184: 268, 185: 526, 186: 764, 187: 114, 188: 352, 189: 86, 190: 324, 191: 380, 192: 142, 193: 456, 194: 694, 195: 456, 196: 694, 197: 324, 198: 86, 199: 268, 200: 30}
Number of lables used:  18
Total time: 0.78 seconds
Memory used: 115.84 MB
--------------------------------------------------

Trying with at most 17 labels...
Solution:
{1: 72, 2: 310, 3: 736, 4: 498, 5: 30, 6: 268, 7: 498, 8: 736, 9: 142, 10: 380, 11: 142, 12: 380, 13: 142, 14: 380, 15: 498, 16: 736, 17: 478, 18: 240, 19: 554, 20: 792, 21: 554, 22: 792, 23: 310, 24: 72, 25: 792, 26: 554, 27: 666, 28: 428, 29: 554, 30: 792, 31: 72, 32: 310, 33: 142, 34: 380, 35: 72, 36: 310, 37: 736, 38: 498, 39: 142, 40: 380, 41: 30, 42: 268, 43: 72, 44: 310, 45: 736, 46: 498, 47: 366, 48: 128, 49: 268, 50: 30, 51: 428, 52: 666, 53: 128, 54: 366, 55: 128, 56: 366, 57: 792, 58: 554, 59: 792, 60: 554, 61: 310, 62: 72, 63: 128, 64: 366, 65: 792, 66: 554, 67: 268, 68: 30, 69: 268, 70: 30, 71: 498, 72: 736, 73: 736, 74: 498, 75: 128, 76: 366, 77: 30, 78: 268, 79: 72, 80: 310, 81: 30, 82: 268, 83: 366, 84: 128, 85: 736, 86: 498, 87: 736, 88: 498, 89: 428, 90: 666, 91: 554, 92: 792, 93: 428, 94: 666, 95: 792, 96: 554, 97: 478, 98: 240, 99: 142, 100: 380, 101: 268, 102: 30, 103: 128, 104: 366, 105: 498, 106: 736, 107: 310, 108: 72, 109: 380, 110: 142, 111: 380, 112: 142, 113: 554, 114: 792, 115: 30, 116: 268, 117: 666, 118: 428, 119: 428, 120: 666, 121: 240, 122: 478, 123: 792, 124: 554, 125: 428, 126: 666, 127: 554, 128: 792, 129: 792, 130: 554, 131: 380, 132: 142, 133: 498, 134: 736, 135: 498, 136: 736, 137: 268, 138: 30, 139: 30, 140: 268, 141: 310, 142: 72, 143: 310, 144: 72, 145: 666, 146: 428, 147: 380, 148: 142, 149: 30, 150: 268, 151: 498, 152: 736, 153: 792, 154: 554, 155: 498, 156: 736, 157: 666, 158: 428, 159: 268, 160: 30, 161: 554, 162: 792, 163: 128, 164: 366, 165: 310, 166: 72, 167: 666, 168: 428, 169: 666, 170: 428, 171: 268, 172: 30, 173: 72, 174: 310, 175: 380, 176: 142, 177: 128, 178: 366, 179: 380, 180: 142, 181: 30, 182: 268, 183: 268, 184: 30, 185: 310, 186: 72, 187: 142, 188: 380, 189: 72, 190: 310, 191: 30, 192: 268, 193: 498, 194: 736, 195: 310, 196: 72, 197: 792, 198: 554, 199: 268, 200: 30}
Number of lables used:  16
Total time: 0.90 seconds
Memory used: 118.25 MB
--------------------------------------------------

Trying with at most 15 labels...
Solution:
{1: 100, 2: 338, 3: 30, 4: 268, 5: 792, 6: 554, 7: 764, 8: 526, 9: 526, 10: 764, 11: 240, 12: 478, 13: 30, 14: 268, 15: 792, 16: 554, 17: 380, 18: 142, 19: 554, 20: 792, 21: 694, 22: 456, 23: 694, 24: 456, 25: 456, 26: 694, 27: 30, 28: 268, 29: 456, 30: 694, 31: 142, 32: 380, 33: 100, 34: 338, 35: 456, 36: 694, 37: 764, 38: 526, 39: 338, 40: 100, 41: 100, 42: 338, 43: 100, 44: 338, 45: 142, 46: 380, 47: 380, 48: 142, 49: 554, 50: 792, 51: 100, 52: 338, 53: 764, 54: 526, 55: 526, 56: 764, 57: 268, 58: 30, 59: 792, 60: 554, 61: 268, 62: 30, 63: 526, 64: 764, 65: 764, 66: 526, 67: 142, 68: 380, 69: 30, 70: 268, 71: 456, 72: 694, 73: 792, 74: 554, 75: 554, 76: 792, 77: 30, 78: 268, 79: 764, 80: 526, 81: 30, 82: 268, 83: 268, 84: 30, 85: 526, 86: 764, 87: 792, 88: 554, 89: 554, 90: 792, 91: 526, 92: 764, 93: 694, 94: 456, 95: 30, 96: 268, 97: 478, 98: 240, 99: 478, 100: 240, 101: 526, 102: 764, 103: 100, 104: 338, 105: 456, 106: 694, 107: 456, 108: 694, 109: 268, 110: 30, 111: 30, 112: 268, 113: 142, 114: 380, 115: 30, 116: 268, 117: 694, 118: 456, 119: 526, 120: 764, 121: 380, 122: 142, 123: 142, 124: 380, 125: 100, 126: 338, 127: 694, 128: 456, 129: 792, 130: 554, 131: 240, 132: 478, 133: 526, 134: 764, 135: 100, 136: 338, 137: 30, 138: 268, 139: 30, 140: 268, 141: 380, 142: 142, 143: 694, 144: 456, 145: 792, 146: 554, 147: 554, 148: 792, 149: 142, 150: 380, 151: 100, 152: 338, 153: 30, 154: 268, 155: 526, 156: 764, 157: 694, 158: 456, 159: 268, 160: 30, 161: 380, 162: 142, 163: 456, 164: 694, 165: 380, 166: 142, 167: 338, 168: 100, 169: 792, 170: 554, 171: 142, 172: 380, 173: 694, 174: 456, 175: 792, 176: 554, 177: 526, 178: 764, 179: 380, 180: 142, 181: 142, 182: 380, 183: 30, 184: 268, 185: 554, 186: 792, 187: 100, 188: 338, 189: 100, 190: 338, 191: 142, 192: 380, 193: 554, 194: 792, 195: 100, 196: 338, 197: 694, 198: 456, 199: 338, 200: 100}
Number of lables used:  14
Total time: 1.07 seconds
Memory used: 132.94 MB
--------------------------------------------------

Trying with at most 13 labels...
[runlim] sample:		10.00 time, 10.01 real, 125 MB, 1.06 load
Cannot find solution.
No more solutions found.
Optimal number of labels used:  14
Total time: 11.53 seconds
Memory used: 125.04 MB
[runlim] end:			Sat Jun 13 21:00:15 2026
[runlim] status:		ok
[runlim] result:		0
[runlim] children:		1
[runlim] processes:		2
[runlim] real:			11.59 seconds
[runlim] time:			11.50 seconds
[runlim] space:			165 MB
[runlim] load:			1.07 maximum
[runlim] samples:		116
