[runlim] version:		2.0.0rc12
[runlim] host:			ap-Precision-7550
[runlim] time limit:		311040000 seconds
[runlim] real time limit:	600 seconds
[runlim] space limit:		14000 MB
[runlim] argv[0]:		python3
[runlim] argv[1]:		-u
[runlim] argv[2]:		mip_no.py
[runlim] argv[3]:		scen08
[runlim] start:			Wed Mar 25 02:54:16 2026
[runlim] child:			68175
--- Building MIP model for 916 variables ---
[runlim] sample:		10.00 time, 10.01 real, 1156 MB, 1.93 load
--- Solving with CPLEX MIP ---
Version identifier: 22.1.1.0 | 2022-11-28 | 9160aff4d
CPXPARAM_Read_DataCheck                          1
CPXPARAM_MIP_Tolerances_MIPGap                   0
Legacy callback                                  i
Tried aggregator 1 time.
[runlim] sample:		32.44 time, 20.01 real, 1150 MB, 1.95 load
[runlim] sample:		62.34 time, 30.01 real, 1196 MB, 2.11 load
[runlim] sample:		77.38 time, 40.01 real, 1222 MB, 2.01 load
Presolve has eliminated 3053802 rows and 8405 columns...
MIP Presolve eliminated 3053802 rows and 8405 columns.
MIP Presolve modified 802593 coefficients.
Reduced MIP has 111135 rows, 27843 columns, and 1917847 nonzeros.
Reduced MIP has 27843 binaries, 0 generals, 0 SOSs, and 0 indicators.
Presolve time = 37.27 sec. (61495.31 ticks)
[runlim] sample:		87.37 time, 50.01 real, 727 MB, 1.86 load

Root node processing (before b&c):
  Real time             =   39.31 sec. (64635.88 ticks)
Parallel b&c, 12 threads:
  Real time             =    0.00 sec. (0.00 ticks)
  Sync time (average)   =    0.00 sec.
  Wait time (average)   =    0.00 sec.
                          ------------
Total (root+branch&cut) =   39.31 sec. (64635.88 ticks)
CPLEX Error  1217: No solution exists.
No solution found or the problem is infeasible.
Total time: 50.63s
Memory used: 560.53 MB
==============================
[runlim] end:			Wed Mar 25 02:55:07 2026
[runlim] status:		ok
[runlim] result:		0
[runlim] children:		1
[runlim] processes:		2
[runlim] real:			50.71 seconds
[runlim] time:			87.98 seconds
[runlim] space:			1301 MB
[runlim] load:			2.11 maximum
[runlim] samples:		507
