[runlim] version:		2.0.0rc12
[runlim] host:			ap-Precision-7550
[runlim] time limit:		311040000 seconds
[runlim] real time limit:	600 seconds
[runlim] space limit:		14000 MB
[runlim] argv[0]:		python3
[runlim] argv[1]:		-u
[runlim] argv[2]:		mip_no.py
[runlim] argv[3]:		scen05
[runlim] start:			Wed Mar 25 02:53:09 2026
[runlim] child:			68113
--- Building MIP model for 400 variables ---
--- Solving with CPLEX MIP ---
Version identifier: 22.1.1.0 | 2022-11-28 | 9160aff4d
CPXPARAM_Read_DataCheck                          1
CPXPARAM_MIP_Tolerances_MIPGap                   0
Legacy callback                                  i
Tried aggregator 1 time.
[runlim] sample:		17.14 time, 10.01 real, 549 MB, 2.54 load
[runlim] sample:		38.98 time, 20.01 real, 581 MB, 2.38 load
Presolve has eliminated 1470151 rows and 4098 columns...
MIP Presolve eliminated 1470151 rows and 4098 columns.
MIP Presolve modified 312882 coefficients.
Reduced MIP has 56041 rows, 11718 columns, and 931005 nonzeros.
Reduced MIP has 11718 binaries, 0 generals, 0 SOSs, and 0 indicators.
Presolve time = 18.67 sec. (30386.82 ticks)
Found incumbent of value 48.000000 after 20.13 sec. (32738.97 ticks)
Probing fixed 5745 vars, tightened 0 bounds.
Probing changed sense of 8813 constraints.
Probing time = 0.10 sec. (47.14 ticks)
Cover probing fixed 23 vars, tightened 68 bounds.
Tried aggregator 4 times.
MIP Presolve eliminated 54518 rows and 11161 columns.
MIP Presolve modified 12390 coefficients.
Aggregator did 69 substitutions.
Reduced MIP has 1354 rows, 488 columns, and 7751 nonzeros.
Reduced MIP has 488 binaries, 0 generals, 0 SOSs, and 0 indicators.
Presolve time = 0.35 sec. (593.36 ticks)
Probing fixed 184 vars, tightened 0 bounds.
Probing changed sense of 241 constraints.
Probing time = 0.00 sec. (1.10 ticks)
Cover probing fixed 3 vars, tightened 1 bounds.
Tried aggregator 3 times.
MIP Presolve eliminated 1208 rows and 377 columns.
MIP Presolve modified 14 coefficients.
Aggregator did 17 substitutions.
Reduced MIP has 129 rows, 92 columns, and 448 nonzeros.
Reduced MIP has 92 binaries, 0 generals, 0 SOSs, and 0 indicators.
Presolve time = 0.00 sec. (3.71 ticks)
Probing changed sense of 6 constraints.
Probing time = 0.00 sec. (0.10 ticks)
Tried aggregator 2 times.
MIP Presolve eliminated 76 rows and 44 columns.
MIP Presolve modified 2 coefficients.
Aggregator did 5 substitutions.
Reduced MIP has 48 rows, 43 columns, and 200 nonzeros.
Reduced MIP has 43 binaries, 0 generals, 0 SOSs, and 0 indicators.
Presolve time = 0.00 sec. (0.29 ticks)
Probing time = 0.00 sec. (0.04 ticks)
Tried aggregator 1 time.
Detecting symmetries...
MIP Presolve eliminated 11 rows and 9 columns.
Reduced MIP has 37 rows, 33 columns, and 170 nonzeros.
Reduced MIP has 33 binaries, 0 generals, 0 SOSs, and 0 indicators.
Presolve time = 0.00 sec. (0.13 ticks)
Probing time = 0.00 sec. (0.03 ticks)
Clique table members: 51.
MIP emphasis: balance optimality and feasibility.
MIP search method: dynamic search.
Parallel mode: deterministic, using up to 12 threads.
Root relaxation solution time = 0.00 sec. (0.07 ticks)

        Nodes                                         Cuts/
   Node  Left     Objective  IInf  Best Integer    Best Bound    ItCnt     Gap

*     0+    0                           48.0000       38.0000            20.83%
*     0+    0                           40.0000       38.0000             5.00%
      0     0        cutoff             40.0000       40.0000        5    0.00%

Num labels used: 40
Current incumbent solution: {16, 30, 44, 58, 72, 86, 114, 128, 142, 156, 254, 268, 282, 296, 310, 324, 352, 366, 380, 394, 414, 428, 442, 456, 470, 484, 498, 526, 540, 554, 652, 666, 680, 694, 708, 722, 736, 764, 778, 792}}
Time taken: 25.92s
      0     0        cutoff             40.0000       40.0000        5    0.00%
Elapsed time = 20.62 sec. (33425.76 ticks, tree = 0.01 MB, solutions = 2)

Root node processing (before b&c):
  Real time             =   20.62 sec. (33426.28 ticks)
Parallel b&c, 12 threads:
  Real time             =    0.00 sec. (0.00 ticks)
  Sync time (average)   =    0.00 sec.
  Wait time (average)   =    0.00 sec.
                          ------------
Total (root+branch&cut) =   20.62 sec. (33426.28 ticks)

==============================
FINAL INCUMBENT SOLUTION:
{156, 394, 156, 394, 58, 296, 30, 268, 736, 498, 254, 16, 128, 366, 428, 666, 792, 554, 554, 792, 16, 254, 792, 554, 666, 428, 442, 680, 72, 310, 428, 666, 128, 366, 764, 526, 44, 282, 254, 16, 442, 680, 736, 498, 268, 30, 310, 72, 736, 498, 792, 554, 310, 72, 764, 526, 324, 86, 442, 680, 114, 352, 498, 736, 128, 366, 16, 254, 324, 86, 296, 58, 86, 324, 554, 792, 296, 58, 296, 58, 30, 268, 30, 268, 296, 58, 394, 156, 128, 366, 16, 254, 498, 736, 792, 554, 156, 394, 380, 142, 792, 554, 254, 16, 156, 394, 324, 86, 554, 792, 540, 778, 394, 156, 30, 268, 310, 72, 254, 16, 156, 394, 456, 694, 310, 72, 282, 44, 792, 554, 526, 764, 394, 156, 394, 156, 268, 30, 708, 470, 694, 456, 778, 540, 456, 694, 722, 484, 128, 366, 352, 114, 352, 114, 30, 268, 778, 540, 722, 484, 778, 540, 366, 128, 268, 30, 428, 666, 764, 526, 778, 540, 394, 156, 58, 296, 764, 526, 16, 254, 366, 128, 352, 114, 680, 442, 268, 30, 708, 470, 666, 428, 428, 666, 156, 394, 86, 324, 428, 666, 652, 414, 792, 554, 254, 16, 442, 680, 540, 778, 380, 142, 128, 366, 708, 470, 526, 764, 268, 30, 540, 778, 484, 722, 30, 268, 58, 296, 554, 792, 680, 442, 16, 254, 778, 540, 366, 128, 666, 428, 254, 16, 526, 764, 268, 30, 442, 680, 296, 58, 680, 442, 268, 30, 498, 736, 540, 778, 324, 86, 310, 72, 86, 324, 764, 526, 540, 778, 540, 778, 736, 498, 58, 296, 310, 72, 456, 694, 114, 352, 680, 442, 128, 366, 128, 366, 128, 366, 58, 296, 58, 296, 694, 456, 764, 526, 442, 680, 394, 156, 778, 540, 310, 72, 394, 156, 296, 58, 694, 456, 128, 366, 254, 16, 554, 792, 442, 680, 680, 442, 442, 680, 352, 114, 58, 296, 540, 778, 540, 778, 58, 296, 694, 456, 128, 366, 540, 778, 540, 778, 16, 254, 324, 86, 268, 30, 128, 366, 540, 778, 44, 282, 722, 484, 540, 778, 282, 44, 708, 470, 268, 30, 540, 778, 428, 666, 282, 44, 764, 526, 268, 30, 778, 540, 114, 352, 554, 792, 498, 736, 282, 44, 540, 778, 268, 30, 268, 30, 694, 456, 764, 526, 282, 44, 114, 352, 282, 44, 114, 352}
Number of labels used: 40
Total time: 25.92s
Memory used: 518.70 MB
==============================
[runlim] end:			Wed Mar 25 02:53:35 2026
[runlim] status:		ok
[runlim] result:		0
[runlim] children:		1
[runlim] processes:		2
[runlim] real:			26.00 seconds
[runlim] time:			45.87 seconds
[runlim] space:			739 MB
[runlim] load:			2.63 maximum
[runlim] samples:		260
