[runlim] version:		2.0.0rc12
[runlim] host:			ap-Precision-7550
[runlim] time limit:		311040000 seconds
[runlim] real time limit:	600 seconds
[runlim] space limit:		14000 MB
[runlim] argv[0]:		python3
[runlim] argv[1]:		-u
[runlim] argv[2]:		mip_no.py
[runlim] argv[3]:		scen11
[runlim] start:			Wed Mar 25 02:12:34 2026
[runlim] child:			67831
--- Building MIP model for 680 variables ---
--- Solving with CPLEX MIP ---
Version identifier: 22.1.1.0 | 2022-11-28 | 9160aff4d
CPXPARAM_Read_DataCheck                          1
CPXPARAM_MIP_Tolerances_MIPGap                   0
Legacy callback                                  i
Tried aggregator 2 times.
MIP Presolve eliminated 525486 rows and 0 columns.
MIP Presolve modified 66769 coefficients.
Aggregator did 1 substitutions.
Reduced MIP has 81310 rows, 26903 columns, and 649808 nonzeros.
Reduced MIP has 26903 binaries, 0 generals, 0 SOSs, and 0 indicators.
Presolve time = 2.16 sec. (1982.55 ticks)
Probing changed sense of 13428 constraints.
Probing time = 0.15 sec. (33.43 ticks)
Tried aggregator 1 time.
MIP Presolve eliminated 37918 rows and 13465 columns.
MIP Presolve modified 34360 coefficients.
Reduced MIP has 43392 rows, 13438 columns, and 510801 nonzeros.
Reduced MIP has 13438 binaries, 0 generals, 0 SOSs, and 0 indicators.
Presolve time = 1.91 sec. (1769.34 ticks)
Probing time = 0.02 sec. (5.26 ticks)
Tried aggregator 2 times.
Detecting symmetries...
MIP Presolve eliminated 1 rows and 0 columns.
Aggregator did 1 substitutions.
Reduced MIP has 43390 rows, 13436 columns, and 510796 nonzeros.
Reduced MIP has 13436 binaries, 0 generals, 0 SOSs, and 0 indicators.
Presolve time = 0.67 sec. (617.57 ticks)
Probing time = 0.02 sec. (5.26 ticks)
Clique table members: 43389.
MIP emphasis: balance optimality and feasibility.
MIP search method: dynamic search.
Parallel mode: deterministic, using up to 12 threads.
[runlim] sample:		19.02 time, 10.01 real, 634 MB, 2.26 load
[runlim] sample:		87.28 time, 20.02 real, 946 MB, 3.01 load
[runlim] sample:		148.07 time, 30.01 real, 719 MB, 3.36 load
Root relaxation solution time = 21.54 sec. (9096.21 ticks)

        Nodes                                         Cuts/
   Node  Left     Objective  IInf  Best Integer    Best Bound    ItCnt     Gap

*     0+    0                           36.0000        0.0000           100.00%
*     0+    0                           34.0000        0.0000           100.00%
*     0+    0                           32.0000        0.0000           100.00%
      0     0       20.0000   510       32.0000       20.0000    22201   37.50%

Num labels used: 32
Current incumbent solution: {16, 30, 58, 86, 100, 128, 142, 156, 254, 268, 296, 324, 338, 366, 380, 394, 414, 442, 470, 484, 512, 526, 540, 554, 652, 680, 708, 722, 750, 764, 778, 792}}
Time taken: 30.33s

Num labels used: 32
Current incumbent solution: {16, 30, 58, 86, 100, 128, 142, 156, 254, 268, 296, 324, 338, 366, 380, 394, 414, 442, 470, 484, 512, 526, 540, 554, 652, 680, 708, 722, 750, 764, 778, 792}}
Time taken: 30.33s
[runlim] sample:		167.73 time, 40.01 real, 805 MB, 3.15 load
[runlim] sample:		187.72 time, 50.01 real, 807 MB, 2.97 load
[runlim] sample:		207.73 time, 60.01 real, 808 MB, 2.98 load
[runlim] sample:		227.72 time, 70.01 real, 810 MB, 2.83 load
[runlim] sample:		247.72 time, 80.01 real, 811 MB, 2.70 load
[runlim] sample:		267.72 time, 90.01 real, 811 MB, 2.59 load
[runlim] sample:		287.72 time, 100.01 real, 811 MB, 2.50 load
[runlim] sample:		307.71 time, 110.01 real, 811 MB, 2.42 load
[runlim] sample:		327.71 time, 120.01 real, 811 MB, 2.36 load
[runlim] sample:		347.71 time, 130.01 real, 811 MB, 2.30 load
[runlim] sample:		367.71 time, 140.01 real, 811 MB, 2.26 load
[runlim] sample:		387.70 time, 150.01 real, 811 MB, 2.22 load
[runlim] sample:		407.70 time, 160.01 real, 811 MB, 2.26 load
[runlim] sample:		427.70 time, 170.01 real, 811 MB, 2.22 load
[runlim] sample:		447.69 time, 180.01 real, 811 MB, 2.18 load
[runlim] sample:		467.69 time, 190.01 real, 811 MB, 2.15 load
[runlim] sample:		487.69 time, 200.01 real, 811 MB, 2.13 load
[runlim] sample:		507.69 time, 210.01 real, 811 MB, 2.11 load
[runlim] sample:		527.68 time, 220.01 real, 811 MB, 2.09 load
[runlim] sample:		547.68 time, 230.01 real, 811 MB, 2.08 load
[runlim] sample:		567.68 time, 240.01 real, 811 MB, 2.07 load
[runlim] sample:		587.68 time, 250.01 real, 811 MB, 2.06 load
[runlim] sample:		607.68 time, 260.01 real, 811 MB, 2.05 load
[runlim] sample:		627.67 time, 270.01 real, 811 MB, 2.04 load
[runlim] sample:		647.67 time, 280.01 real, 811 MB, 2.03 load
[runlim] sample:		667.67 time, 290.01 real, 811 MB, 2.03 load
[runlim] sample:		687.67 time, 300.01 real, 811 MB, 2.02 load
[runlim] sample:		707.67 time, 310.01 real, 811 MB, 2.02 load
[runlim] sample:		727.66 time, 320.01 real, 811 MB, 2.02 load
[runlim] sample:		747.66 time, 330.01 real, 811 MB, 2.09 load
[runlim] sample:		767.66 time, 340.01 real, 811 MB, 2.08 load
[runlim] sample:		787.66 time, 350.01 real, 811 MB, 2.07 load
[runlim] sample:		807.65 time, 360.01 real, 811 MB, 2.06 load
[runlim] sample:		827.65 time, 370.01 real, 811 MB, 2.05 load
[runlim] sample:		847.65 time, 380.01 real, 811 MB, 2.04 load
[runlim] sample:		867.65 time, 390.01 real, 811 MB, 2.03 load
[runlim] sample:		887.64 time, 400.01 real, 811 MB, 2.03 load
[runlim] sample:		907.64 time, 410.01 real, 811 MB, 2.02 load
[runlim] sample:		927.64 time, 420.01 real, 811 MB, 2.02 load
[runlim] sample:		947.64 time, 430.01 real, 811 MB, 2.02 load
[runlim] sample:		967.64 time, 440.01 real, 811 MB, 2.01 load
[runlim] sample:		987.64 time, 450.01 real, 811 MB, 2.01 load
[runlim] sample:		1007.63 time, 460.01 real, 811 MB, 2.01 load
[runlim] sample:		1027.63 time, 470.01 real, 811 MB, 2.01 load
[runlim] sample:		1047.63 time, 480.01 real, 811 MB, 2.00 load
[runlim] sample:		1067.62 time, 490.01 real, 811 MB, 2.00 load
[runlim] sample:		1087.62 time, 500.01 real, 811 MB, 2.00 load
[runlim] sample:		1107.62 time, 510.01 real, 811 MB, 2.00 load
[runlim] sample:		1127.61 time, 520.01 real, 811 MB, 2.00 load
[runlim] sample:		1147.61 time, 530.01 real, 811 MB, 2.00 load
[runlim] sample:		1167.60 time, 540.01 real, 811 MB, 2.00 load
[runlim] sample:		1187.60 time, 550.01 real, 811 MB, 2.00 load
[runlim] sample:		1207.60 time, 560.01 real, 811 MB, 2.08 load
[runlim] sample:		1227.60 time, 570.01 real, 811 MB, 2.14 load
[runlim] sample:		1247.60 time, 580.01 real, 811 MB, 2.19 load
[runlim] sample:		1267.59 time, 590.01 real, 811 MB, 2.24 load
[runlim] sample:		1287.59 time, 600.01 real, 811 MB, 2.27 load
[runlim] end:			Wed Mar 25 02:22:35 2026
[runlim] status:		out of time
[runlim] result:		2
[runlim] children:		1
[runlim] processes:		2
[runlim] real:			601.06 seconds
[runlim] time:			1287.59 seconds
[runlim] space:			946 MB
[runlim] load:			3.57 maximum
[runlim] samples:		6000
