[runlim] version:		2.0.0rc12
[runlim] host:			ap-Precision-7550
[runlim] time limit:		311040000 seconds
[runlim] real time limit:	600 seconds
[runlim] space limit:		14000 MB
[runlim] argv[0]:		python3
[runlim] argv[1]:		-u
[runlim] argv[2]:		mip_no.py
[runlim] argv[3]:		TUD200.4
[runlim] start:			Wed Mar 25 02:55:33 2026
[runlim] child:			68285
--- Building MIP model for 200 variables ---
--- Solving with CPLEX MIP ---
Version identifier: 22.1.1.0 | 2022-11-28 | 9160aff4d
CPXPARAM_Read_DataCheck                          1
CPXPARAM_MIP_Tolerances_MIPGap                   0
Legacy callback                                  i
Tried aggregator 2 times.
MIP Presolve eliminated 414622 rows and 2048 columns.
MIP Presolve modified 209513 coefficients.
Aggregator did 1 substitutions.
Reduced MIP has 18190 rows, 4911 columns, and 268428 nonzeros.
Reduced MIP has 4911 binaries, 0 generals, 0 SOSs, and 0 indicators.
Presolve time = 3.26 sec. (5636.43 ticks)
Found incumbent of value 48.000000 after 3.45 sec. (5926.68 ticks)
Probing fixed 4131 vars, tightened 0 bounds.
Probing changed sense of 1605 constraints.
Probing time = 0.03 sec. (10.53 ticks)
Cover probing fixed 52 vars, tightened 79 bounds.
Tried aggregator 2 times.
MIP Presolve eliminated 17608 rows and 4664 columns.
MIP Presolve modified 1902 coefficients.
Aggregator did 11 substitutions.
Reduced MIP has 568 rows, 236 columns, and 6374 nonzeros.
Reduced MIP has 236 binaries, 0 generals, 0 SOSs, and 0 indicators.
Presolve time = 0.03 sec. (72.71 ticks)
Probing fixed 3 vars, tightened 0 bounds.
Probing changed sense of 2 constraints.
Probing time = 0.00 sec. (1.00 ticks)
Tried aggregator 2 times.
Detecting symmetries...
MIP Presolve eliminated 23 rows and 7 columns.
MIP Presolve modified 60 coefficients.
Aggregator did 1 substitutions.
Reduced MIP has 537 rows, 224 columns, and 6044 nonzeros.
Reduced MIP has 224 binaries, 0 generals, 0 SOSs, and 0 indicators.
Presolve time = 0.01 sec. (11.76 ticks)
Probing time = 0.00 sec. (0.93 ticks)
Clique table members: 666.
MIP emphasis: balance optimality and feasibility.
MIP search method: dynamic search.
Parallel mode: deterministic, using up to 12 threads.
Root relaxation solution time = 0.00 sec. (1.32 ticks)

        Nodes                                         Cuts/
   Node  Left     Objective  IInf  Best Integer    Best Bound    ItCnt     Gap

*     0+    0                           48.0000       18.0000            62.50%
*     0+    0                           20.0000       18.0000            10.00%
      0     0        cutoff             20.0000       20.0000       43    0.00%

Num labels used: 20
Current incumbent solution: {72, 86, 100, 114, 128, 142, 156, 170, 240, 310, 324, 338, 352, 366, 380, 394, 408, 478, 554, 792}}
Time taken: 5.10s
      0     0        cutoff             20.0000       20.0000       43    0.00%
Elapsed time = 3.53 sec. (6036.80 ticks, tree = 0.01 MB, solutions = 2)

Root node processing (before b&c):
  Real time             =    3.53 sec. (6037.03 ticks)
Parallel b&c, 12 threads:
  Real time             =    0.00 sec. (0.00 ticks)
  Sync time (average)   =    0.00 sec.
  Wait time (average)   =    0.00 sec.
                          ------------
Total (root+branch&cut) =    3.53 sec. (6037.03 ticks)

==============================
FINAL INCUMBENT SOLUTION:
{86, 324, 86, 324, 86, 324, 156, 394, 792, 554, 792, 554, 86, 324, 114, 352, 156, 394, 100, 338, 156, 394, 86, 324, 100, 338, 792, 554, 170, 408, 128, 366, 72, 310, 156, 394, 128, 366, 100, 338, 114, 352, 792, 554, 170, 408, 72, 310, 792, 554, 100, 338, 142, 380, 86, 324, 156, 394, 170, 408, 114, 352, 792, 554, 240, 478, 100, 338, 128, 366, 792, 554, 142, 380, 72, 310, 128, 366, 72, 310, 128, 366, 72, 310, 170, 408, 128, 366, 792, 554, 170, 408, 240, 478, 156, 394, 792, 554, 114, 352, 72, 310, 792, 554, 72, 310, 156, 394, 792, 554, 170, 408, 72, 310, 100, 338, 72, 310, 100, 338, 72, 310, 86, 324, 72, 310, 128, 366, 72, 310, 792, 554, 792, 554, 170, 408, 86, 324, 128, 366, 156, 394, 792, 554, 240, 478, 72, 310, 114, 352, 792, 554, 86, 324, 114, 352, 114, 352, 86, 324, 72, 310, 86, 324, 792, 554, 792, 554, 240, 478, 240, 478, 100, 338, 72, 310, 86, 324, 86, 324, 142, 380, 142, 380, 72, 310, 240, 478, 240, 478, 156, 394, 170, 408, 170, 408, 156, 394, 72, 310}
Number of labels used: 20
Total time: 5.11s
Memory used: 175.65 MB
==============================
[runlim] end:			Wed Mar 25 02:55:38 2026
[runlim] status:		ok
[runlim] result:		0
[runlim] children:		1
[runlim] processes:		2
[runlim] real:			5.17 seconds
[runlim] time:			8.96 seconds
[runlim] space:			213 MB
[runlim] load:			1.93 maximum
[runlim] samples:		52
