[runlim] version:		2.0.0rc12
[runlim] host:			ap-Precision-7550
[runlim] time limit:		311040000 seconds
[runlim] real time limit:	600 seconds
[runlim] space limit:		14000 MB
[runlim] argv[0]:		python3
[runlim] argv[1]:		-u
[runlim] argv[2]:		mip_no.py
[runlim] argv[3]:		TUD916.3
[runlim] start:			Wed Mar 25 03:06:00 2026
[runlim] child:			68389
--- Building MIP model for 916 variables ---
--- Solving with CPLEX MIP ---
Version identifier: 22.1.1.0 | 2022-11-28 | 9160aff4d
CPXPARAM_Read_DataCheck                          1
CPXPARAM_MIP_Tolerances_MIPGap                   0
Legacy callback                                  i
Tried aggregator 1 time.
MIP Presolve eliminated 726799 rows and 524 columns.
MIP Presolve modified 126381 coefficients.
Reduced MIP has 124561 rows, 34828 columns, and 983800 nonzeros.
Reduced MIP has 34828 binaries, 0 generals, 0 SOSs, and 0 indicators.
Presolve time = 4.48 sec. (4077.02 ticks)
Probing fixed 826 vars, tightened 0 bounds.
Probing changed sense of 17103 constraints.
Probing time = 0.25 sec. (64.89 ticks)
[runlim] sample:		16.63 time, 10.01 real, 705 MB, 1.73 load
Tried aggregator 2 times.
MIP Presolve eliminated 42208 rows and 17813 columns.
MIP Presolve modified 64384 coefficients.
Aggregator did 12 substitutions.
Reduced MIP has 82321 rows, 17003 columns, and 1036174 nonzeros.
Reduced MIP has 17003 binaries, 0 generals, 0 SOSs, and 0 indicators.
Presolve time = 5.55 sec. (5937.05 ticks)
Probing fixed 10 vars, tightened 0 bounds.
Probing time = 0.07 sec. (24.24 ticks)
Tried aggregator 1 time.
Detecting symmetries...
MIP Presolve eliminated 4 rows and 12 columns.
MIP Presolve modified 294 coefficients.
Reduced MIP has 82294 rows, 16991 columns, and 1034992 nonzeros.
Reduced MIP has 16991 binaries, 0 generals, 0 SOSs, and 0 indicators.
Presolve time = 1.70 sec. (1643.48 ticks)
Probing fixed 6 vars, tightened 0 bounds.
Probing time = 0.06 sec. (23.41 ticks)
Clique table members: 98882.
MIP emphasis: balance optimality and feasibility.
MIP search method: dynamic search.
Parallel mode: deterministic, using up to 12 threads.
[runlim] sample:		45.57 time, 20.01 real, 856 MB, 2.01 load
[runlim] sample:		147.85 time, 30.02 real, 1074 MB, 3.40 load
[runlim] sample:		204.59 time, 40.01 real, 964 MB, 3.48 load
[runlim] sample:		234.58 time, 50.01 real, 965 MB, 3.41 load
[runlim] sample:		264.58 time, 60.01 real, 965 MB, 3.34 load
Root relaxation solution time = 49.78 sec. (21686.25 ticks)

        Nodes                                         Cuts/
   Node  Left     Objective  IInf  Best Integer    Best Bound    ItCnt     Gap

*     0+    0                           48.0000        0.0000           100.00%
*     0+    0                           46.0000        0.0000           100.00%
      0     0       18.0000  2351       46.0000       18.0000       16   60.87%

Num labels used: 46
Current incumbent solution: {16, 30, 44, 58, 72, 86, 114, 128, 142, 156, 170, 240, 254, 268, 282, 296, 310, 324, 352, 366, 380, 394, 408, 414, 428, 442, 456, 470, 478, 484, 498, 512, 526, 540, 554, 652, 666, 680, 694, 708, 722, 736, 750, 764, 778, 792}}
Time taken: 67.43s

Num labels used: 46
Current incumbent solution: {16, 30, 44, 58, 72, 86, 114, 128, 142, 156, 170, 240, 254, 268, 282, 296, 310, 324, 352, 366, 380, 394, 408, 414, 428, 442, 456, 470, 478, 484, 498, 512, 526, 540, 554, 652, 666, 680, 694, 708, 722, 736, 750, 764, 778, 792}}
Time taken: 67.45s
[runlim] sample:		287.19 time, 70.01 real, 1007 MB, 3.21 load
[runlim] sample:		307.18 time, 80.01 real, 1057 MB, 3.02 load
[runlim] sample:		327.18 time, 90.01 real, 1111 MB, 2.87 load
[runlim] sample:		347.18 time, 100.01 real, 1126 MB, 2.73 load
[runlim] sample:		367.17 time, 110.01 real, 1128 MB, 2.62 load
[runlim] sample:		387.17 time, 120.01 real, 1088 MB, 2.52 load
[runlim] sample:		407.16 time, 130.01 real, 1106 MB, 2.44 load
[runlim] sample:		427.16 time, 140.01 real, 1108 MB, 2.37 load
[runlim] sample:		447.16 time, 150.01 real, 1109 MB, 2.32 load
[runlim] sample:		467.16 time, 160.01 real, 1130 MB, 2.27 load
[runlim] sample:		487.15 time, 170.01 real, 1130 MB, 2.23 load
[runlim] sample:		507.14 time, 180.01 real, 1137 MB, 2.35 load
[runlim] sample:		527.14 time, 190.01 real, 1139 MB, 2.37 load
[runlim] sample:		547.13 time, 200.01 real, 1139 MB, 2.31 load
[runlim] sample:		567.13 time, 210.01 real, 1139 MB, 2.26 load
[runlim] sample:		587.13 time, 220.01 real, 1139 MB, 2.29 load
[runlim] sample:		607.12 time, 230.01 real, 1139 MB, 2.25 load
[runlim] sample:		627.12 time, 240.01 real, 1139 MB, 2.21 load
[runlim] sample:		647.11 time, 250.01 real, 1139 MB, 2.18 load
[runlim] sample:		667.11 time, 260.01 real, 1139 MB, 2.15 load
[runlim] sample:		687.11 time, 270.01 real, 1139 MB, 2.13 load
[runlim] sample:		707.10 time, 280.01 real, 1139 MB, 2.11 load
[runlim] sample:		727.10 time, 290.01 real, 1139 MB, 2.09 load
[runlim] sample:		747.09 time, 300.01 real, 1139 MB, 2.08 load
[runlim] sample:		767.09 time, 310.01 real, 1139 MB, 2.06 load
[runlim] sample:		787.09 time, 320.01 real, 1142 MB, 2.05 load
[runlim] sample:		807.08 time, 330.01 real, 1160 MB, 2.04 load
[runlim] sample:		827.07 time, 340.01 real, 1160 MB, 2.04 load
[runlim] sample:		847.07 time, 350.01 real, 1231 MB, 2.03 load
[runlim] sample:		867.07 time, 360.01 real, 1232 MB, 2.03 load
[runlim] sample:		887.07 time, 370.01 real, 1232 MB, 2.10 load
[runlim] sample:		907.06 time, 380.01 real, 1232 MB, 2.09 load
[runlim] sample:		927.06 time, 390.01 real, 1232 MB, 2.07 load
[runlim] sample:		947.05 time, 400.01 real, 1249 MB, 2.06 load
[runlim] sample:		967.04 time, 410.01 real, 1249 MB, 2.05 load
[runlim] sample:		987.04 time, 420.01 real, 1249 MB, 2.04 load
[runlim] sample:		1007.04 time, 430.01 real, 1249 MB, 2.04 load
[runlim] sample:		1027.03 time, 440.01 real, 1249 MB, 2.03 load
[runlim] sample:		1047.03 time, 450.01 real, 1249 MB, 2.02 load
[runlim] sample:		1067.03 time, 460.01 real, 1249 MB, 2.02 load
[runlim] sample:		1087.02 time, 470.01 real, 1249 MB, 2.02 load
[runlim] sample:		1107.02 time, 480.01 real, 1249 MB, 2.01 load
[runlim] sample:		1127.02 time, 490.01 real, 1249 MB, 2.01 load
[runlim] sample:		1147.01 time, 500.01 real, 1249 MB, 2.01 load
[runlim] sample:		1167.01 time, 510.01 real, 1249 MB, 2.01 load
[runlim] sample:		1187.00 time, 520.01 real, 1249 MB, 2.01 load
[runlim] sample:		1207.00 time, 530.01 real, 1249 MB, 2.00 load
[runlim] sample:		1227.00 time, 540.01 real, 1249 MB, 2.00 load
[runlim] sample:		1246.99 time, 550.01 real, 1249 MB, 2.00 load
[runlim] sample:		1266.99 time, 560.01 real, 1249 MB, 2.00 load
[runlim] sample:		1286.98 time, 570.01 real, 1249 MB, 2.00 load
[runlim] sample:		1306.98 time, 580.01 real, 1249 MB, 2.00 load
[runlim] sample:		1326.98 time, 590.01 real, 1249 MB, 2.00 load
[runlim] sample:		1346.97 time, 600.01 real, 1249 MB, 2.00 load
[runlim] end:			Wed Mar 25 03:16:01 2026
[runlim] status:		out of time
[runlim] result:		2
[runlim] children:		1
[runlim] processes:		2
[runlim] real:			601.06 seconds
[runlim] time:			1346.97 seconds
[runlim] space:			1249 MB
[runlim] load:			3.52 maximum
[runlim] samples:		6000
