[runlim] version:		2.0.0rc12
[runlim] host:			ap-Precision-7550
[runlim] time limit:		311040000 seconds
[runlim] real time limit:	600 seconds
[runlim] space limit:		14000 MB
[runlim] argv[0]:		python3
[runlim] argv[1]:		-u
[runlim] argv[2]:		pairwise_no_preprocessing.py
[runlim] argv[3]:		graph01
[runlim] argv[4]:		assumptions
[runlim] argv[5]:		6
[runlim] argv[6]:		card
[runlim] argv[7]:		6
[runlim] start:			Sat Jun 13 22:42:35 2026
[runlim] child:			17263
Exactly-one cardinality encoding:  6
Distance constraint mode:  card
Distance cardinality encoding:  6
Number of assignment variables:  6920
Number of clauses for exactly one constraints:  168160
Number of clauses for distance constraints:  350570
---------------------------------------------------
Solve first problem:
Solution:
{1: 30, 2: 268, 3: 16, 4: 254, 5: 16, 6: 254, 7: 142, 8: 380, 9: 142, 10: 380, 11: 16, 12: 254, 13: 30, 14: 268, 15: 58, 16: 296, 17: 16, 18: 254, 19: 16, 20: 254, 21: 44, 22: 282, 23: 142, 24: 380, 25: 72, 26: 310, 27: 352, 28: 114, 29: 16, 30: 254, 31: 72, 32: 310, 33: 114, 34: 352, 35: 72, 36: 310, 37: 16, 38: 254, 39: 16, 40: 254, 41: 72, 42: 310, 43: 86, 44: 324, 45: 58, 46: 296, 47: 16, 48: 254, 49: 72, 50: 310, 51: 86, 52: 324, 53: 30, 54: 268, 55: 58, 56: 296, 57: 58, 58: 296, 59: 16, 60: 254, 61: 128, 62: 366, 63: 86, 64: 324, 65: 16, 66: 254, 67: 58, 68: 296, 69: 44, 70: 282, 71: 30, 72: 268, 73: 142, 74: 380, 75: 86, 76: 324, 77: 30, 78: 268, 79: 16, 80: 254, 81: 72, 82: 310, 83: 58, 84: 296, 85: 72, 86: 310, 87: 114, 88: 352, 89: 58, 90: 296, 91: 156, 92: 394, 93: 16, 94: 254, 95: 72, 96: 310, 97: 408, 98: 170, 99: 86, 100: 324, 101: 30, 102: 268, 103: 16, 104: 254, 105: 142, 106: 380, 107: 44, 108: 282, 109: 16, 110: 254, 111: 86, 112: 324, 113: 44, 114: 282, 115: 114, 116: 352, 117: 114, 118: 352, 119: 100, 120: 338, 121: 408, 122: 170, 123: 142, 124: 380, 125: 58, 126: 296, 127: 30, 128: 268, 129: 114, 130: 352, 131: 30, 132: 268, 133: 366, 134: 128, 135: 170, 136: 408, 137: 30, 138: 268, 139: 16, 140: 254, 141: 30, 142: 268, 143: 44, 144: 282, 145: 86, 146: 324, 147: 366, 148: 128, 149: 428, 150: 666, 151: 86, 152: 324, 153: 142, 154: 380, 155: 156, 156: 394, 157: 338, 158: 100, 159: 484, 160: 722, 161: 296, 162: 58, 163: 268, 164: 30, 165: 456, 166: 694, 167: 44, 168: 282, 169: 100, 170: 338, 171: 72, 172: 310, 173: 114, 174: 352, 175: 442, 176: 680, 177: 16, 178: 254, 179: 44, 180: 282, 181: 16, 182: 254, 183: 142, 184: 380, 185: 414, 186: 652, 187: 128, 188: 366, 189: 30, 190: 268, 191: 414, 192: 652, 193: 170, 194: 408, 195: 100, 196: 338, 197: 58, 198: 296, 199: 72, 200: 310}
Number of lables used:  34
Total time: 0.58 seconds
Memory used: 132.59 MB
--------------------------------------------------
Number of label variables:  48
Number of clauses for label constraints:  6920
Number of new variables for cardinality constraints:  1056
Number of clauses for cardinality constraints:  4158
Initial variable count:  219247
Initial clause count:  529808
--------------------------------------------------

Trying with at most 33 labels...
Solution:
{1: 324, 2: 86, 3: 86, 4: 324, 5: 254, 6: 16, 7: 142, 8: 380, 9: 408, 10: 170, 11: 72, 12: 310, 13: 254, 14: 16, 15: 352, 16: 114, 17: 380, 18: 142, 19: 324, 20: 86, 21: 30, 22: 268, 23: 408, 24: 170, 25: 100, 26: 338, 27: 156, 28: 394, 29: 16, 30: 254, 31: 44, 32: 282, 33: 296, 34: 58, 35: 394, 36: 156, 37: 394, 38: 156, 39: 30, 40: 268, 41: 142, 42: 380, 43: 58, 44: 296, 45: 394, 46: 156, 47: 310, 48: 72, 49: 268, 50: 30, 51: 100, 52: 338, 53: 296, 54: 58, 55: 296, 56: 58, 57: 254, 58: 16, 59: 254, 60: 16, 61: 296, 62: 58, 63: 114, 64: 352, 65: 156, 66: 394, 67: 44, 68: 282, 69: 58, 70: 296, 71: 296, 72: 58, 73: 240, 74: 478, 75: 268, 76: 30, 77: 30, 78: 268, 79: 268, 80: 30, 81: 58, 82: 296, 83: 380, 84: 142, 85: 268, 86: 30, 87: 114, 88: 352, 89: 394, 90: 156, 91: 352, 92: 114, 93: 394, 94: 156, 95: 352, 96: 114, 97: 478, 98: 240, 99: 30, 100: 268, 101: 310, 102: 72, 103: 86, 104: 324, 105: 366, 106: 128, 107: 156, 108: 394, 109: 254, 110: 16, 111: 254, 112: 16, 113: 268, 114: 30, 115: 142, 116: 380, 117: 254, 118: 16, 119: 394, 120: 156, 121: 478, 122: 240, 123: 142, 124: 380, 125: 268, 126: 30, 127: 86, 128: 324, 129: 30, 130: 268, 131: 142, 132: 380, 133: 366, 134: 128, 135: 240, 136: 478, 137: 268, 138: 30, 139: 338, 140: 100, 141: 142, 142: 380, 143: 58, 144: 296, 145: 128, 146: 366, 147: 44, 148: 282, 149: 394, 150: 156, 151: 100, 152: 338, 153: 16, 154: 254, 155: 394, 156: 156, 157: 380, 158: 142, 159: 30, 160: 268, 161: 394, 162: 156, 163: 296, 164: 58, 165: 268, 166: 30, 167: 282, 168: 44, 169: 16, 170: 254, 171: 310, 172: 72, 173: 16, 174: 254, 175: 380, 176: 142, 177: 268, 178: 30, 179: 142, 180: 380, 181: 282, 182: 44, 183: 380, 184: 142, 185: 324, 186: 86, 187: 128, 188: 366, 189: 380, 190: 142, 191: 156, 192: 394, 193: 408, 194: 170, 195: 254, 196: 16, 197: 380, 198: 142, 199: 16, 200: 254}
Number of lables used:  26
Total time: 0.62 seconds
Memory used: 135.36 MB
--------------------------------------------------

Trying with at most 25 labels...
Solution:
{1: 324, 2: 86, 3: 86, 4: 324, 5: 254, 6: 16, 7: 142, 8: 380, 9: 408, 10: 170, 11: 72, 12: 310, 13: 254, 14: 16, 15: 352, 16: 114, 17: 380, 18: 142, 19: 324, 20: 86, 21: 30, 22: 268, 23: 408, 24: 170, 25: 100, 26: 338, 27: 254, 28: 16, 29: 16, 30: 254, 31: 44, 32: 282, 33: 296, 34: 58, 35: 394, 36: 156, 37: 394, 38: 156, 39: 30, 40: 268, 41: 142, 42: 380, 43: 58, 44: 296, 45: 16, 46: 254, 47: 352, 48: 114, 49: 268, 50: 30, 51: 86, 52: 324, 53: 310, 54: 72, 55: 296, 56: 58, 57: 254, 58: 16, 59: 254, 60: 16, 61: 296, 62: 58, 63: 114, 64: 352, 65: 156, 66: 394, 67: 44, 68: 282, 69: 58, 70: 296, 71: 142, 72: 380, 73: 170, 74: 408, 75: 268, 76: 30, 77: 30, 78: 268, 79: 268, 80: 30, 81: 58, 82: 296, 83: 380, 84: 142, 85: 296, 86: 58, 87: 114, 88: 352, 89: 394, 90: 156, 91: 352, 92: 114, 93: 394, 94: 156, 95: 352, 96: 114, 97: 142, 98: 380, 99: 30, 100: 268, 101: 310, 102: 72, 103: 86, 104: 324, 105: 366, 106: 128, 107: 156, 108: 394, 109: 254, 110: 16, 111: 254, 112: 16, 113: 268, 114: 30, 115: 142, 116: 380, 117: 254, 118: 16, 119: 394, 120: 156, 121: 142, 122: 380, 123: 142, 124: 380, 125: 268, 126: 30, 127: 86, 128: 324, 129: 30, 130: 268, 131: 142, 132: 380, 133: 366, 134: 128, 135: 408, 136: 170, 137: 268, 138: 30, 139: 338, 140: 100, 141: 142, 142: 380, 143: 58, 144: 296, 145: 128, 146: 366, 147: 282, 148: 44, 149: 394, 150: 156, 151: 100, 152: 338, 153: 16, 154: 254, 155: 394, 156: 156, 157: 268, 158: 30, 159: 30, 160: 268, 161: 394, 162: 156, 163: 296, 164: 58, 165: 268, 166: 30, 167: 282, 168: 44, 169: 16, 170: 254, 171: 338, 172: 100, 173: 16, 174: 254, 175: 58, 176: 296, 177: 268, 178: 30, 179: 142, 180: 380, 181: 282, 182: 44, 183: 380, 184: 142, 185: 324, 186: 86, 187: 128, 188: 366, 189: 380, 190: 142, 191: 156, 192: 394, 193: 408, 194: 170, 195: 254, 196: 16, 197: 380, 198: 142, 199: 16, 200: 254}
Number of lables used:  24
Total time: 0.65 seconds
Memory used: 135.36 MB
--------------------------------------------------

Trying with at most 23 labels...
Solution:
{1: 114, 2: 352, 3: 352, 4: 114, 5: 254, 6: 16, 7: 142, 8: 380, 9: 478, 10: 240, 11: 44, 12: 282, 13: 380, 14: 142, 15: 352, 16: 114, 17: 352, 18: 114, 19: 100, 20: 338, 21: 72, 22: 310, 23: 408, 24: 170, 25: 72, 26: 310, 27: 352, 28: 114, 29: 296, 30: 58, 31: 44, 32: 282, 33: 58, 34: 296, 35: 16, 36: 254, 37: 16, 38: 254, 39: 30, 40: 268, 41: 142, 42: 380, 43: 282, 44: 44, 45: 16, 46: 254, 47: 352, 48: 114, 49: 268, 50: 30, 51: 268, 52: 30, 53: 310, 54: 72, 55: 58, 56: 296, 57: 296, 58: 58, 59: 16, 60: 254, 61: 296, 62: 58, 63: 114, 64: 352, 65: 156, 66: 394, 67: 296, 68: 58, 69: 58, 70: 296, 71: 142, 72: 380, 73: 478, 74: 240, 75: 338, 76: 100, 77: 58, 78: 296, 79: 156, 80: 394, 81: 58, 82: 296, 83: 268, 84: 30, 85: 296, 86: 58, 87: 142, 88: 380, 89: 394, 90: 156, 91: 156, 92: 394, 93: 16, 94: 254, 95: 100, 96: 338, 97: 408, 98: 170, 99: 30, 100: 268, 101: 72, 102: 310, 103: 254, 104: 16, 105: 142, 106: 380, 107: 156, 108: 394, 109: 254, 110: 16, 111: 254, 112: 16, 113: 380, 114: 142, 115: 380, 116: 142, 117: 254, 118: 16, 119: 394, 120: 156, 121: 142, 122: 380, 123: 380, 124: 142, 125: 268, 126: 30, 127: 58, 128: 296, 129: 72, 130: 310, 131: 142, 132: 380, 133: 114, 134: 352, 135: 478, 136: 240, 137: 268, 138: 30, 139: 30, 140: 268, 141: 142, 142: 380, 143: 100, 144: 338, 145: 100, 146: 338, 147: 254, 148: 16, 149: 114, 150: 352, 151: 156, 152: 394, 153: 16, 154: 254, 155: 338, 156: 100, 157: 268, 158: 30, 159: 16, 160: 254, 161: 156, 162: 394, 163: 44, 164: 282, 165: 30, 166: 268, 167: 44, 168: 282, 169: 44, 170: 282, 171: 338, 172: 100, 173: 254, 174: 16, 175: 30, 176: 268, 177: 100, 178: 338, 179: 142, 180: 380, 181: 72, 182: 310, 183: 100, 184: 338, 185: 254, 186: 16, 187: 44, 188: 282, 189: 254, 190: 16, 191: 310, 192: 72, 193: 170, 194: 408, 195: 156, 196: 394, 197: 142, 198: 380, 199: 16, 200: 254}
Number of lables used:  22
Total time: 0.73 seconds
Memory used: 137.12 MB
--------------------------------------------------

Trying with at most 21 labels...
Solution:
{1: 114, 2: 352, 3: 114, 4: 352, 5: 114, 6: 352, 7: 408, 8: 170, 9: 408, 10: 170, 11: 44, 12: 282, 13: 380, 14: 142, 15: 114, 16: 352, 17: 380, 18: 142, 19: 268, 20: 30, 21: 72, 22: 310, 23: 142, 24: 380, 25: 58, 26: 296, 27: 254, 28: 16, 29: 254, 30: 16, 31: 16, 32: 254, 33: 30, 34: 268, 35: 16, 36: 254, 37: 254, 38: 16, 39: 156, 40: 394, 41: 142, 42: 380, 43: 58, 44: 296, 45: 16, 46: 254, 47: 16, 48: 254, 49: 44, 50: 282, 51: 352, 52: 114, 53: 310, 54: 72, 55: 296, 56: 58, 57: 380, 58: 142, 59: 338, 60: 100, 61: 296, 62: 58, 63: 114, 64: 352, 65: 310, 66: 72, 67: 44, 68: 282, 69: 58, 70: 296, 71: 296, 72: 58, 73: 170, 74: 408, 75: 338, 76: 100, 77: 58, 78: 296, 79: 268, 80: 30, 81: 58, 82: 296, 83: 310, 84: 72, 85: 310, 86: 72, 87: 254, 88: 16, 89: 394, 90: 156, 91: 156, 92: 394, 93: 16, 94: 254, 95: 338, 96: 100, 97: 408, 98: 170, 99: 352, 100: 114, 101: 310, 102: 72, 103: 114, 104: 352, 105: 142, 106: 380, 107: 282, 108: 44, 109: 254, 110: 16, 111: 16, 112: 254, 113: 282, 114: 44, 115: 142, 116: 380, 117: 254, 118: 16, 119: 16, 120: 254, 121: 408, 122: 170, 123: 170, 124: 408, 125: 268, 126: 30, 127: 72, 128: 310, 129: 72, 130: 310, 131: 268, 132: 30, 133: 352, 134: 114, 135: 170, 136: 408, 137: 268, 138: 30, 139: 296, 140: 58, 141: 142, 142: 380, 143: 254, 144: 16, 145: 156, 146: 394, 147: 352, 148: 114, 149: 254, 150: 16, 151: 268, 152: 30, 153: 72, 154: 310, 155: 44, 156: 282, 157: 352, 158: 114, 159: 338, 160: 100, 161: 394, 162: 156, 163: 30, 164: 268, 165: 352, 166: 114, 167: 310, 168: 72, 169: 282, 170: 44, 171: 310, 172: 72, 173: 254, 174: 16, 175: 30, 176: 268, 177: 100, 178: 338, 179: 142, 180: 380, 181: 310, 182: 72, 183: 142, 184: 380, 185: 16, 186: 254, 187: 114, 188: 352, 189: 380, 190: 142, 191: 394, 192: 156, 193: 408, 194: 170, 195: 100, 196: 338, 197: 142, 198: 380, 199: 16, 200: 254}
Number of lables used:  20
Total time: 0.76 seconds
Memory used: 137.12 MB
--------------------------------------------------

Trying with at most 19 labels...
Solution:
{1: 142, 2: 380, 3: 114, 4: 352, 5: 114, 6: 352, 7: 240, 8: 478, 9: 240, 10: 478, 11: 30, 12: 268, 13: 380, 14: 142, 15: 114, 16: 352, 17: 114, 18: 352, 19: 100, 20: 338, 21: 142, 22: 380, 23: 142, 24: 380, 25: 44, 26: 282, 27: 394, 28: 156, 29: 114, 30: 352, 31: 30, 32: 268, 33: 30, 34: 268, 35: 428, 36: 666, 37: 156, 38: 394, 39: 156, 40: 394, 41: 268, 42: 30, 43: 282, 44: 44, 45: 114, 46: 352, 47: 428, 48: 666, 49: 30, 50: 268, 51: 352, 52: 114, 53: 428, 54: 666, 55: 296, 56: 58, 57: 380, 58: 142, 59: 428, 60: 666, 61: 296, 62: 58, 63: 352, 64: 114, 65: 30, 66: 268, 67: 296, 68: 58, 69: 58, 70: 296, 71: 296, 72: 58, 73: 240, 74: 478, 75: 338, 76: 100, 77: 338, 78: 100, 79: 156, 80: 394, 81: 58, 82: 296, 83: 268, 84: 30, 85: 58, 86: 296, 87: 352, 88: 114, 89: 282, 90: 44, 91: 156, 92: 394, 93: 58, 94: 296, 95: 282, 96: 44, 97: 478, 98: 240, 99: 268, 100: 30, 101: 30, 102: 268, 103: 142, 104: 380, 105: 142, 106: 380, 107: 282, 108: 44, 109: 58, 110: 296, 111: 428, 112: 666, 113: 282, 114: 44, 115: 394, 116: 156, 117: 156, 118: 394, 119: 30, 120: 268, 121: 240, 122: 478, 123: 380, 124: 142, 125: 296, 126: 58, 127: 58, 128: 296, 129: 58, 130: 296, 131: 142, 132: 380, 133: 666, 134: 428, 135: 478, 136: 240, 137: 30, 138: 268, 139: 30, 140: 268, 141: 142, 142: 380, 143: 100, 144: 338, 145: 100, 146: 338, 147: 666, 148: 428, 149: 114, 150: 352, 151: 338, 152: 100, 153: 394, 154: 156, 155: 58, 156: 296, 157: 352, 158: 114, 159: 666, 160: 428, 161: 58, 162: 296, 163: 30, 164: 268, 165: 282, 166: 44, 167: 268, 168: 30, 169: 352, 170: 114, 171: 666, 172: 428, 173: 268, 174: 30, 175: 114, 176: 352, 177: 100, 178: 338, 179: 142, 180: 380, 181: 268, 182: 30, 183: 142, 184: 380, 185: 142, 186: 380, 187: 114, 188: 352, 189: 142, 190: 380, 191: 394, 192: 156, 193: 478, 194: 240, 195: 44, 196: 282, 197: 142, 198: 380, 199: 30, 200: 268}
Number of lables used:  18
Total time: 0.80 seconds
Memory used: 137.12 MB
--------------------------------------------------

Trying with at most 17 labels...
[runlim] sample:		9.99 time, 10.01 real, 133 MB, 1.30 load
[runlim] sample:		19.98 time, 20.01 real, 133 MB, 1.34 load
[runlim] sample:		29.98 time, 30.01 real, 135 MB, 1.29 load
[runlim] sample:		39.98 time, 40.01 real, 135 MB, 1.24 load
[runlim] sample:		49.97 time, 50.01 real, 135 MB, 1.20 load
[runlim] sample:		59.97 time, 60.01 real, 135 MB, 1.25 load
[runlim] sample:		69.96 time, 70.01 real, 136 MB, 1.21 load
[runlim] sample:		79.96 time, 80.01 real, 136 MB, 1.25 load
[runlim] sample:		89.96 time, 90.01 real, 136 MB, 1.21 load
[runlim] sample:		99.95 time, 100.01 real, 137 MB, 1.25 load
[runlim] sample:		109.95 time, 110.01 real, 138 MB, 1.21 load
[runlim] sample:		119.94 time, 120.01 real, 138 MB, 1.18 load
[runlim] sample:		129.94 time, 130.01 real, 138 MB, 1.15 load
[runlim] sample:		139.93 time, 140.01 real, 138 MB, 1.13 load
[runlim] sample:		149.93 time, 150.01 real, 152 MB, 1.11 load
[runlim] sample:		159.93 time, 160.01 real, 139 MB, 1.09 load
[runlim] sample:		169.92 time, 170.01 real, 139 MB, 1.08 load
[runlim] sample:		179.92 time, 180.01 real, 140 MB, 1.06 load
[runlim] sample:		189.91 time, 190.01 real, 140 MB, 1.05 load
[runlim] sample:		199.91 time, 200.01 real, 140 MB, 1.05 load
[runlim] sample:		209.90 time, 210.01 real, 140 MB, 1.04 load
[runlim] sample:		219.90 time, 220.01 real, 140 MB, 1.03 load
[runlim] sample:		229.89 time, 230.01 real, 140 MB, 1.03 load
[runlim] sample:		239.89 time, 240.01 real, 140 MB, 1.02 load
[runlim] sample:		249.88 time, 250.01 real, 140 MB, 1.02 load
[runlim] sample:		259.88 time, 260.01 real, 140 MB, 1.02 load
[runlim] sample:		269.88 time, 270.01 real, 140 MB, 1.01 load
[runlim] sample:		279.87 time, 280.01 real, 151 MB, 1.01 load
[runlim] sample:		289.86 time, 290.01 real, 151 MB, 1.01 load
[runlim] sample:		299.86 time, 300.01 real, 152 MB, 1.01 load
[runlim] sample:		309.85 time, 310.01 real, 165 MB, 1.00 load
[runlim] sample:		319.85 time, 320.01 real, 166 MB, 1.00 load
[runlim] sample:		329.84 time, 330.01 real, 166 MB, 1.15 load
[runlim] sample:		339.84 time, 340.01 real, 143 MB, 1.13 load
[runlim] sample:		349.84 time, 350.01 real, 158 MB, 1.11 load
[runlim] sample:		359.82 time, 360.01 real, 159 MB, 1.09 load
[runlim] sample:		369.83 time, 370.01 real, 159 MB, 1.08 load
[runlim] sample:		379.82 time, 380.01 real, 160 MB, 1.06 load
[runlim] sample:		389.82 time, 390.01 real, 177 MB, 1.05 load
[runlim] sample:		399.81 time, 400.01 real, 149 MB, 1.04 load
[runlim] sample:		409.81 time, 410.01 real, 174 MB, 1.04 load
[runlim] sample:		419.80 time, 420.01 real, 177 MB, 1.03 load
[runlim] sample:		429.80 time, 430.01 real, 177 MB, 1.03 load
[runlim] sample:		439.79 time, 440.01 real, 150 MB, 1.02 load
[runlim] sample:		449.79 time, 450.01 real, 149 MB, 1.02 load
[runlim] sample:		459.78 time, 460.01 real, 189 MB, 1.01 load
[runlim] sample:		469.77 time, 470.01 real, 163 MB, 1.01 load
[runlim] sample:		479.78 time, 480.01 real, 180 MB, 1.01 load
[runlim] sample:		489.77 time, 490.01 real, 180 MB, 1.01 load
[runlim] sample:		499.77 time, 500.01 real, 180 MB, 1.01 load
[runlim] sample:		509.76 time, 510.01 real, 181 MB, 1.00 load
[runlim] sample:		519.76 time, 520.01 real, 181 MB, 1.08 load
[runlim] sample:		529.75 time, 530.01 real, 181 MB, 1.15 load
[runlim] sample:		539.75 time, 540.01 real, 181 MB, 1.12 load
[runlim] sample:		549.74 time, 550.01 real, 181 MB, 1.10 load
[runlim] sample:		559.74 time, 560.01 real, 181 MB, 1.09 load
[runlim] sample:		569.73 time, 570.01 real, 181 MB, 1.07 load
[runlim] sample:		579.73 time, 580.01 real, 181 MB, 1.06 load
[runlim] sample:		589.72 time, 590.01 real, 181 MB, 1.05 load
[runlim] sample:		599.71 time, 600.01 real, 154 MB, 1.04 load
[runlim] end:			Sat Jun 13 22:52:36 2026
[runlim] status:		out of time
[runlim] result:		2
[runlim] children:		1
[runlim] processes:		2
[runlim] real:			601.06 seconds
[runlim] time:			599.71 seconds
[runlim] space:			189 MB
[runlim] load:			1.34 maximum
[runlim] samples:		6000
