[runlim] version:		2.0.0rc12
[runlim] host:			ap-Precision-7550
[runlim] time limit:		311040000 seconds
[runlim] real time limit:	600 seconds
[runlim] space limit:		14000 MB
[runlim] argv[0]:		python3
[runlim] argv[1]:		-u
[runlim] argv[2]:		pairwise_no_preprocessing.py
[runlim] argv[3]:		graph06
[runlim] argv[4]:		assumptions
[runlim] argv[5]:		6
[runlim] argv[6]:		card
[runlim] argv[7]:		6
[runlim] start:			Sun Jun 14 00:10:04 2026
[runlim] child:			17546
Exactly-one cardinality encoding:  6
Distance constraint mode:  card
Distance cardinality encoding:  6
Number of assignment variables:  15084
Number of clauses for exactly one constraints:  385850
[runlim] sample:		10.00 time, 10.01 real, 2216 MB, 1.03 load
Number of clauses for distance constraints:  16503113
---------------------------------------------------
Solve first problem:
Cannot find solution.
Time taken: 12.57 seconds 
Memory used: 3175.18 MB
[runlim] end:			Sun Jun 14 00:10:18 2026
[runlim] status:		ok
[runlim] result:		0
[runlim] children:		1
[runlim] processes:		2
[runlim] real:			13.81 seconds
[runlim] time:			13.80 seconds
[runlim] space:			3175 MB
[runlim] load:			1.04 maximum
[runlim] samples:		139
