[runlim] version:		2.0.0rc12
[runlim] host:			ap-Precision-7550
[runlim] time limit:		311040000 seconds
[runlim] real time limit:	600 seconds
[runlim] space limit:		14000 MB
[runlim] argv[0]:		python3
[runlim] argv[1]:		-u
[runlim] argv[2]:		pairwise_no_preprocessing.py
[runlim] argv[3]:		graph04
[runlim] argv[4]:		assumptions
[runlim] argv[5]:		6
[runlim] argv[6]:		card
[runlim] argv[7]:		6
[runlim] start:			Sun Jun 14 00:05:42 2026
[runlim] child:			17526
Exactly-one cardinality encoding:  6
Distance constraint mode:  card
Distance cardinality encoding:  6
Number of assignment variables:  15592
Number of clauses for exactly one constraints:  389156
[runlim] sample:		10.00 time, 10.01 real, 2473 MB, 1.00 load
Number of clauses for distance constraints:  13744400
---------------------------------------------------
Solve first problem:
[runlim] sample:		19.99 time, 20.01 real, 2731 MB, 1.00 load
Solution:
{1: 792, 2: 554, 3: 30, 4: 268, 5: 16, 6: 254, 7: 30, 8: 268, 9: 666, 10: 428, 11: 58, 12: 296, 13: 694, 14: 456, 15: 16, 16: 254, 17: 16, 18: 254, 19: 142, 20: 380, 21: 764, 22: 526, 23: 72, 24: 310, 25: 142, 26: 380, 27: 16, 28: 254, 29: 100, 30: 338, 31: 764, 32: 526, 33: 16, 34: 254, 35: 680, 36: 442, 37: 792, 38: 554, 39: 30, 40: 268, 41: 114, 42: 352, 43: 750, 44: 512, 45: 652, 46: 414, 47: 764, 48: 526, 49: 708, 50: 470, 51: 750, 52: 512, 53: 708, 54: 470, 55: 142, 56: 380, 57: 30, 58: 268, 59: 58, 60: 296, 61: 310, 62: 72, 63: 722, 64: 484, 65: 792, 66: 554, 67: 792, 68: 554, 69: 680, 70: 442, 71: 736, 72: 498, 73: 44, 74: 282, 75: 666, 76: 428, 77: 666, 78: 428, 79: 736, 80: 498, 81: 16, 82: 254, 83: 16, 84: 254, 85: 58, 86: 296, 87: 16, 88: 254, 89: 16, 90: 254, 91: 792, 92: 554, 93: 708, 94: 470, 95: 156, 96: 394, 97: 44, 98: 282, 99: 652, 100: 414, 101: 16, 102: 254, 103: 778, 104: 540, 105: 100, 106: 338, 107: 666, 108: 428, 109: 666, 110: 428, 111: 156, 112: 394, 113: 750, 114: 512, 115: 142, 116: 380, 117: 142, 118: 380, 119: 128, 120: 366, 121: 792, 122: 554, 123: 128, 124: 366, 125: 750, 126: 512, 127: 792, 128: 554, 129: 58, 130: 296, 131: 764, 132: 526, 133: 72, 134: 310, 135: 708, 136: 470, 137: 86, 138: 324, 139: 156, 140: 394, 141: 282, 142: 44, 143: 792, 144: 554, 145: 792, 146: 554, 147: 792, 148: 554, 149: 750, 150: 512, 151: 708, 152: 470, 153: 16, 154: 254, 155: 156, 156: 394, 157: 100, 158: 338, 159: 708, 160: 470, 161: 128, 162: 366, 163: 16, 164: 254, 165: 750, 166: 512, 167: 44, 168: 282, 169: 58, 170: 296, 171: 156, 172: 394, 173: 114, 174: 352, 175: 708, 176: 470, 177: 792, 178: 554, 179: 764, 180: 526, 181: 30, 182: 268, 183: 16, 184: 254, 185: 86, 186: 324, 187: 30, 188: 268, 189: 16, 190: 254, 191: 128, 192: 366, 193: 142, 194: 380, 195: 58, 196: 296, 197: 30, 198: 268, 199: 652, 200: 414, 201: 100, 202: 338, 203: 736, 204: 498, 205: 58, 206: 296, 207: 722, 208: 484, 209: 86, 210: 324, 211: 58, 212: 296, 213: 694, 214: 456, 215: 114, 216: 352, 217: 114, 218: 352, 219: 708, 220: 470, 221: 72, 222: 310, 223: 86, 224: 324, 225: 30, 226: 268, 227: 128, 228: 366, 229: 764, 230: 526, 231: 778, 232: 540, 233: 694, 234: 456, 235: 30, 236: 268, 237: 44, 238: 282, 239: 722, 240: 484, 241: 16, 242: 254, 243: 58, 244: 296, 245: 694, 246: 456, 247: 72, 248: 310, 249: 44, 250: 282, 251: 652, 252: 414, 253: 750, 254: 512, 255: 722, 256: 484, 257: 694, 258: 456, 259: 114, 260: 352, 261: 16, 262: 254, 263: 30, 264: 268, 265: 100, 266: 338, 267: 128, 268: 366, 269: 128, 270: 366, 271: 750, 272: 512, 273: 722, 274: 484, 275: 652, 276: 414, 277: 722, 278: 484, 279: 750, 280: 512, 281: 156, 282: 394, 283: 100, 284: 338, 285: 750, 286: 512, 287: 694, 288: 456, 289: 72, 290: 310, 291: 58, 292: 296, 293: 652, 294: 414, 295: 792, 296: 554, 297: 792, 298: 554, 299: 736, 300: 498, 301: 764, 302: 526, 303: 86, 304: 324, 305: 750, 306: 512, 307: 156, 308: 394, 309: 722, 310: 484, 311: 58, 312: 296, 313: 666, 314: 428, 315: 30, 316: 268, 317: 16, 318: 254, 319: 16, 320: 254, 321: 86, 322: 324, 323: 652, 324: 414, 325: 680, 326: 442, 327: 58, 328: 296, 329: 708, 330: 470, 331: 778, 332: 540, 333: 156, 334: 394, 335: 44, 336: 282, 337: 58, 338: 296, 339: 666, 340: 428, 341: 142, 342: 380, 343: 750, 344: 512, 345: 750, 346: 512, 347: 778, 348: 540, 349: 156, 350: 394, 351: 30, 352: 268, 353: 792, 354: 554, 355: 764, 356: 526, 357: 16, 358: 254, 359: 72, 360: 310, 361: 44, 362: 282, 363: 708, 364: 470, 365: 72, 366: 310, 367: 792, 368: 554, 369: 16, 370: 254, 371: 764, 372: 526, 373: 778, 374: 540, 375: 44, 376: 282, 377: 128, 378: 366, 379: 736, 380: 498, 381: 44, 382: 282, 383: 736, 384: 498, 385: 142, 386: 380, 387: 100, 388: 338, 389: 764, 390: 526, 391: 778, 392: 540, 393: 156, 394: 394, 395: 156, 396: 394, 397: 778, 398: 540, 399: 764, 400: 526}
Number of lables used:  44
Total time: 20.69 seconds
Memory used: 2735.32 MB
--------------------------------------------------
Number of label variables:  48
Number of clauses for label constraints:  15563
Number of new variables for cardinality constraints:  1161
Number of clauses for cardinality constraints:  4558
Initial variable count:  4399694
Initial clause count:  10458987
--------------------------------------------------

Trying with at most 43 labels...
Solution:
{1: 792, 2: 554, 3: 30, 4: 268, 5: 114, 6: 352, 7: 44, 8: 282, 9: 156, 10: 394, 11: 156, 12: 394, 13: 128, 14: 366, 15: 694, 16: 456, 17: 16, 18: 254, 19: 142, 20: 380, 21: 792, 22: 554, 23: 72, 24: 310, 25: 142, 26: 380, 27: 72, 28: 310, 29: 666, 30: 428, 31: 554, 32: 792, 33: 666, 34: 428, 35: 680, 36: 442, 37: 16, 38: 254, 39: 100, 40: 338, 41: 114, 42: 352, 43: 778, 44: 540, 45: 652, 46: 414, 47: 44, 48: 282, 49: 86, 50: 324, 51: 58, 52: 296, 53: 694, 54: 456, 55: 708, 56: 470, 57: 16, 58: 254, 59: 58, 60: 296, 61: 128, 62: 366, 63: 128, 64: 366, 65: 30, 66: 268, 67: 58, 68: 296, 69: 142, 70: 380, 71: 114, 72: 352, 73: 44, 74: 282, 75: 666, 76: 428, 77: 666, 78: 428, 79: 778, 80: 540, 81: 114, 82: 352, 83: 16, 84: 254, 85: 58, 86: 296, 87: 16, 88: 254, 89: 16, 90: 254, 91: 16, 92: 254, 93: 708, 94: 470, 95: 156, 96: 394, 97: 16, 98: 254, 99: 652, 100: 414, 101: 16, 102: 254, 103: 778, 104: 540, 105: 86, 106: 324, 107: 652, 108: 414, 109: 128, 110: 366, 111: 156, 112: 394, 113: 114, 114: 352, 115: 142, 116: 380, 117: 16, 118: 254, 119: 86, 120: 324, 121: 792, 122: 554, 123: 128, 124: 366, 125: 156, 126: 394, 127: 16, 128: 254, 129: 778, 130: 540, 131: 58, 132: 296, 133: 30, 134: 268, 135: 708, 136: 470, 137: 86, 138: 324, 139: 156, 140: 394, 141: 156, 142: 394, 143: 72, 144: 310, 145: 30, 146: 268, 147: 16, 148: 254, 149: 44, 150: 282, 151: 58, 152: 296, 153: 16, 154: 254, 155: 652, 156: 414, 157: 156, 158: 394, 159: 86, 160: 324, 161: 128, 162: 366, 163: 16, 164: 254, 165: 58, 166: 296, 167: 44, 168: 282, 169: 30, 170: 268, 171: 156, 172: 394, 173: 114, 174: 352, 175: 100, 176: 338, 177: 16, 178: 254, 179: 100, 180: 338, 181: 58, 182: 296, 183: 16, 184: 254, 185: 86, 186: 324, 187: 30, 188: 268, 189: 16, 190: 254, 191: 128, 192: 366, 193: 128, 194: 366, 195: 58, 196: 296, 197: 30, 198: 268, 199: 652, 200: 414, 201: 100, 202: 338, 203: 30, 204: 268, 205: 58, 206: 296, 207: 708, 208: 470, 209: 72, 210: 310, 211: 142, 212: 380, 213: 114, 214: 352, 215: 680, 216: 442, 217: 114, 218: 352, 219: 708, 220: 470, 221: 58, 222: 296, 223: 114, 224: 352, 225: 680, 226: 442, 227: 128, 228: 366, 229: 44, 230: 282, 231: 30, 232: 268, 233: 694, 234: 456, 235: 128, 236: 366, 237: 44, 238: 282, 239: 778, 240: 540, 241: 16, 242: 254, 243: 58, 244: 296, 245: 694, 246: 456, 247: 72, 248: 310, 249: 44, 250: 282, 251: 156, 252: 394, 253: 58, 254: 296, 255: 156, 256: 394, 257: 72, 258: 310, 259: 114, 260: 352, 261: 16, 262: 254, 263: 30, 264: 268, 265: 100, 266: 338, 267: 156, 268: 394, 269: 708, 270: 470, 271: 58, 272: 296, 273: 86, 274: 324, 275: 652, 276: 414, 277: 86, 278: 324, 279: 792, 280: 554, 281: 156, 282: 394, 283: 100, 284: 338, 285: 58, 286: 296, 287: 156, 288: 394, 289: 72, 290: 310, 291: 156, 292: 394, 293: 652, 294: 414, 295: 16, 296: 254, 297: 114, 298: 352, 299: 778, 300: 540, 301: 114, 302: 352, 303: 86, 304: 324, 305: 72, 306: 310, 307: 652, 308: 414, 309: 44, 310: 282, 311: 58, 312: 296, 313: 666, 314: 428, 315: 128, 316: 366, 317: 16, 318: 254, 319: 792, 320: 554, 321: 708, 322: 470, 323: 652, 324: 414, 325: 778, 326: 540, 327: 778, 328: 540, 329: 694, 330: 456, 331: 30, 332: 268, 333: 142, 334: 380, 335: 142, 336: 380, 337: 58, 338: 296, 339: 708, 340: 470, 341: 128, 342: 366, 343: 666, 344: 428, 345: 16, 346: 254, 347: 30, 348: 268, 349: 156, 350: 394, 351: 30, 352: 268, 353: 58, 354: 296, 355: 30, 356: 268, 357: 16, 358: 254, 359: 72, 360: 310, 361: 44, 362: 282, 363: 86, 364: 324, 365: 72, 366: 310, 367: 72, 368: 310, 369: 16, 370: 254, 371: 30, 372: 268, 373: 30, 374: 268, 375: 44, 376: 282, 377: 128, 378: 366, 379: 72, 380: 310, 381: 44, 382: 282, 383: 72, 384: 310, 385: 142, 386: 380, 387: 652, 388: 414, 389: 30, 390: 268, 391: 16, 392: 254, 393: 708, 394: 470, 395: 156, 396: 394, 397: 16, 398: 254, 399: 30, 400: 268}
Number of lables used:  36
Total time: 22.12 seconds
Memory used: 3167.54 MB
--------------------------------------------------

Trying with at most 35 labels...
Solution:
{1: 792, 2: 554, 3: 30, 4: 268, 5: 114, 6: 352, 7: 44, 8: 282, 9: 156, 10: 394, 11: 156, 12: 394, 13: 128, 14: 366, 15: 114, 16: 352, 17: 792, 18: 554, 19: 156, 20: 394, 21: 16, 22: 254, 23: 72, 24: 310, 25: 142, 26: 380, 27: 72, 28: 310, 29: 666, 30: 428, 31: 554, 32: 792, 33: 142, 34: 380, 35: 666, 36: 428, 37: 16, 38: 254, 39: 100, 40: 338, 41: 114, 42: 352, 43: 44, 44: 282, 45: 142, 46: 380, 47: 44, 48: 282, 49: 86, 50: 324, 51: 58, 52: 296, 53: 114, 54: 352, 55: 142, 56: 380, 57: 16, 58: 254, 59: 72, 60: 310, 61: 128, 62: 366, 63: 128, 64: 366, 65: 30, 66: 268, 67: 58, 68: 296, 69: 142, 70: 380, 71: 114, 72: 352, 73: 44, 74: 282, 75: 666, 76: 428, 77: 666, 78: 428, 79: 58, 80: 296, 81: 114, 82: 352, 83: 16, 84: 254, 85: 58, 86: 296, 87: 30, 88: 268, 89: 16, 90: 254, 91: 16, 92: 254, 93: 792, 94: 554, 95: 156, 96: 394, 97: 142, 98: 380, 99: 142, 100: 380, 101: 16, 102: 254, 103: 16, 104: 254, 105: 86, 106: 324, 107: 666, 108: 428, 109: 128, 110: 366, 111: 156, 112: 394, 113: 114, 114: 352, 115: 142, 116: 380, 117: 16, 118: 254, 119: 86, 120: 324, 121: 100, 122: 338, 123: 128, 124: 366, 125: 156, 126: 394, 127: 16, 128: 254, 129: 44, 130: 282, 131: 58, 132: 296, 133: 30, 134: 268, 135: 100, 136: 338, 137: 792, 138: 554, 139: 156, 140: 394, 141: 156, 142: 394, 143: 72, 144: 310, 145: 30, 146: 268, 147: 16, 148: 254, 149: 44, 150: 282, 151: 58, 152: 296, 153: 16, 154: 254, 155: 666, 156: 428, 157: 156, 158: 394, 159: 86, 160: 324, 161: 128, 162: 366, 163: 16, 164: 254, 165: 58, 166: 296, 167: 44, 168: 282, 169: 156, 170: 394, 171: 156, 172: 394, 173: 128, 174: 366, 175: 100, 176: 338, 177: 16, 178: 254, 179: 100, 180: 338, 181: 58, 182: 296, 183: 16, 184: 254, 185: 86, 186: 324, 187: 792, 188: 554, 189: 792, 190: 554, 191: 128, 192: 366, 193: 128, 194: 366, 195: 58, 196: 296, 197: 30, 198: 268, 199: 142, 200: 380, 201: 100, 202: 338, 203: 30, 204: 268, 205: 58, 206: 296, 207: 86, 208: 324, 209: 72, 210: 310, 211: 142, 212: 380, 213: 114, 214: 352, 215: 792, 216: 554, 217: 114, 218: 352, 219: 156, 220: 394, 221: 58, 222: 296, 223: 114, 224: 352, 225: 128, 226: 366, 227: 128, 228: 366, 229: 44, 230: 282, 231: 30, 232: 268, 233: 100, 234: 338, 235: 128, 236: 366, 237: 44, 238: 282, 239: 86, 240: 324, 241: 16, 242: 254, 243: 792, 244: 554, 245: 114, 246: 352, 247: 72, 248: 310, 249: 44, 250: 282, 251: 666, 252: 428, 253: 58, 254: 296, 255: 156, 256: 394, 257: 86, 258: 324, 259: 114, 260: 352, 261: 16, 262: 254, 263: 30, 264: 268, 265: 100, 266: 338, 267: 156, 268: 394, 269: 554, 270: 792, 271: 58, 272: 296, 273: 86, 274: 324, 275: 156, 276: 394, 277: 86, 278: 324, 279: 792, 280: 554, 281: 156, 282: 394, 283: 100, 284: 338, 285: 58, 286: 296, 287: 156, 288: 394, 289: 72, 290: 310, 291: 156, 292: 394, 293: 142, 294: 380, 295: 16, 296: 254, 297: 114, 298: 352, 299: 30, 300: 268, 301: 114, 302: 352, 303: 86, 304: 324, 305: 72, 306: 310, 307: 666, 308: 428, 309: 44, 310: 282, 311: 58, 312: 296, 313: 666, 314: 428, 315: 128, 316: 366, 317: 16, 318: 254, 319: 16, 320: 254, 321: 86, 322: 324, 323: 156, 324: 394, 325: 86, 326: 324, 327: 666, 328: 428, 329: 100, 330: 338, 331: 30, 332: 268, 333: 142, 334: 380, 335: 142, 336: 380, 337: 792, 338: 554, 339: 100, 340: 338, 341: 128, 342: 366, 343: 666, 344: 428, 345: 16, 346: 254, 347: 30, 348: 268, 349: 156, 350: 394, 351: 30, 352: 268, 353: 58, 354: 296, 355: 30, 356: 268, 357: 16, 358: 254, 359: 72, 360: 310, 361: 44, 362: 282, 363: 86, 364: 324, 365: 72, 366: 310, 367: 72, 368: 310, 369: 16, 370: 254, 371: 30, 372: 268, 373: 30, 374: 268, 375: 44, 376: 282, 377: 128, 378: 366, 379: 72, 380: 310, 381: 44, 382: 282, 383: 72, 384: 310, 385: 142, 386: 380, 387: 44, 388: 282, 389: 30, 390: 268, 391: 16, 392: 254, 393: 666, 394: 428, 395: 156, 396: 394, 397: 16, 398: 254, 399: 30, 400: 268}
Number of lables used:  26
Total time: 22.61 seconds
Memory used: 3167.52 MB
--------------------------------------------------

Trying with at most 25 labels...
[runlim] sample:		29.98 time, 30.01 real, 3245 MB, 1.00 load
[runlim] sample:		39.98 time, 40.01 real, 3353 MB, 1.00 load
[runlim] sample:		49.97 time, 50.01 real, 2579 MB, 1.00 load
[runlim] sample:		59.97 time, 60.01 real, 2219 MB, 1.07 load
Solution:
{1: 58, 2: 296, 3: 30, 4: 268, 5: 114, 6: 352, 7: 44, 8: 282, 9: 156, 10: 394, 11: 156, 12: 394, 13: 128, 14: 366, 15: 114, 16: 352, 17: 16, 18: 254, 19: 792, 20: 554, 21: 16, 22: 254, 23: 72, 24: 310, 25: 142, 26: 380, 27: 72, 28: 310, 29: 128, 30: 366, 31: 58, 32: 296, 33: 142, 34: 380, 35: 128, 36: 366, 37: 16, 38: 254, 39: 792, 40: 554, 41: 114, 42: 352, 43: 44, 44: 282, 45: 792, 46: 554, 47: 44, 48: 282, 49: 86, 50: 324, 51: 58, 52: 296, 53: 114, 54: 352, 55: 142, 56: 380, 57: 16, 58: 254, 59: 72, 60: 310, 61: 128, 62: 366, 63: 128, 64: 366, 65: 30, 66: 268, 67: 58, 68: 296, 69: 792, 70: 554, 71: 114, 72: 352, 73: 44, 74: 282, 75: 792, 76: 554, 77: 792, 78: 554, 79: 58, 80: 296, 81: 114, 82: 352, 83: 16, 84: 254, 85: 58, 86: 296, 87: 30, 88: 268, 89: 16, 90: 254, 91: 792, 92: 554, 93: 114, 94: 352, 95: 156, 96: 394, 97: 142, 98: 380, 99: 142, 100: 380, 101: 16, 102: 254, 103: 16, 104: 254, 105: 86, 106: 324, 107: 792, 108: 554, 109: 128, 110: 366, 111: 156, 112: 394, 113: 114, 114: 352, 115: 142, 116: 380, 117: 16, 118: 254, 119: 792, 120: 554, 121: 792, 122: 554, 123: 128, 124: 366, 125: 156, 126: 394, 127: 16, 128: 254, 129: 44, 130: 282, 131: 58, 132: 296, 133: 30, 134: 268, 135: 792, 136: 554, 137: 792, 138: 554, 139: 156, 140: 394, 141: 156, 142: 394, 143: 72, 144: 310, 145: 30, 146: 268, 147: 16, 148: 254, 149: 44, 150: 282, 151: 58, 152: 296, 153: 16, 154: 254, 155: 792, 156: 554, 157: 156, 158: 394, 159: 86, 160: 324, 161: 128, 162: 366, 163: 16, 164: 254, 165: 58, 166: 296, 167: 44, 168: 282, 169: 156, 170: 394, 171: 792, 172: 554, 173: 128, 174: 366, 175: 792, 176: 554, 177: 16, 178: 254, 179: 792, 180: 554, 181: 58, 182: 296, 183: 16, 184: 254, 185: 792, 186: 554, 187: 30, 188: 268, 189: 16, 190: 254, 191: 128, 192: 366, 193: 128, 194: 366, 195: 58, 196: 296, 197: 30, 198: 268, 199: 142, 200: 380, 201: 792, 202: 554, 203: 30, 204: 268, 205: 58, 206: 296, 207: 86, 208: 324, 209: 792, 210: 554, 211: 142, 212: 380, 213: 114, 214: 352, 215: 114, 216: 352, 217: 114, 218: 352, 219: 156, 220: 394, 221: 58, 222: 296, 223: 114, 224: 352, 225: 128, 226: 366, 227: 128, 228: 366, 229: 44, 230: 282, 231: 30, 232: 268, 233: 792, 234: 554, 235: 128, 236: 366, 237: 44, 238: 282, 239: 86, 240: 324, 241: 16, 242: 254, 243: 58, 244: 296, 245: 792, 246: 554, 247: 72, 248: 310, 249: 44, 250: 282, 251: 156, 252: 394, 253: 58, 254: 296, 255: 156, 256: 394, 257: 86, 258: 324, 259: 114, 260: 352, 261: 16, 262: 254, 263: 30, 264: 268, 265: 792, 266: 554, 267: 156, 268: 394, 269: 554, 270: 792, 271: 58, 272: 296, 273: 86, 274: 324, 275: 792, 276: 554, 277: 86, 278: 324, 279: 16, 280: 254, 281: 156, 282: 394, 283: 792, 284: 554, 285: 58, 286: 296, 287: 156, 288: 394, 289: 72, 290: 310, 291: 156, 292: 394, 293: 142, 294: 380, 295: 16, 296: 254, 297: 114, 298: 352, 299: 30, 300: 268, 301: 792, 302: 554, 303: 86, 304: 324, 305: 72, 306: 310, 307: 142, 308: 380, 309: 44, 310: 282, 311: 58, 312: 296, 313: 128, 314: 366, 315: 128, 316: 366, 317: 16, 318: 254, 319: 16, 320: 254, 321: 792, 322: 554, 323: 156, 324: 394, 325: 86, 326: 324, 327: 156, 328: 394, 329: 792, 330: 554, 331: 30, 332: 268, 333: 142, 334: 380, 335: 142, 336: 380, 337: 58, 338: 296, 339: 792, 340: 554, 341: 128, 342: 366, 343: 128, 344: 366, 345: 792, 346: 554, 347: 30, 348: 268, 349: 156, 350: 394, 351: 30, 352: 268, 353: 58, 354: 296, 355: 30, 356: 268, 357: 16, 358: 254, 359: 72, 360: 310, 361: 44, 362: 282, 363: 86, 364: 324, 365: 72, 366: 310, 367: 72, 368: 310, 369: 16, 370: 254, 371: 30, 372: 268, 373: 30, 374: 268, 375: 44, 376: 282, 377: 128, 378: 366, 379: 72, 380: 310, 381: 44, 382: 282, 383: 72, 384: 310, 385: 142, 386: 380, 387: 792, 388: 554, 389: 30, 390: 268, 391: 16, 392: 254, 393: 156, 394: 394, 395: 792, 396: 554, 397: 16, 398: 254, 399: 30, 400: 268}
Number of lables used:  22
Total time: 63.66 seconds
Memory used: 2220.89 MB
--------------------------------------------------

Trying with at most 21 labels...
[runlim] sample:		69.96 time, 70.01 real, 2269 MB, 1.06 load
[runlim] sample:		79.96 time, 80.01 real, 2287 MB, 1.13 load
[runlim] sample:		89.95 time, 90.01 real, 2287 MB, 1.11 load
[runlim] sample:		99.94 time, 100.01 real, 2302 MB, 1.09 load
[runlim] sample:		109.94 time, 110.01 real, 2288 MB, 1.08 load
[runlim] sample:		119.93 time, 120.01 real, 2353 MB, 1.06 load
[runlim] sample:		129.93 time, 130.01 real, 2241 MB, 1.05 load
[runlim] sample:		139.93 time, 140.01 real, 2252 MB, 1.04 load
[runlim] sample:		149.92 time, 150.01 real, 2188 MB, 1.04 load
[runlim] sample:		159.91 time, 160.01 real, 2188 MB, 1.03 load
[runlim] sample:		169.91 time, 170.01 real, 2253 MB, 1.03 load
[runlim] sample:		179.91 time, 180.01 real, 2188 MB, 1.02 load
[runlim] sample:		189.90 time, 190.01 real, 2274 MB, 1.02 load
[runlim] sample:		199.89 time, 200.01 real, 2274 MB, 1.01 load
[runlim] sample:		209.89 time, 210.01 real, 2210 MB, 1.01 load
[runlim] sample:		219.89 time, 220.01 real, 2275 MB, 1.09 load
[runlim] sample:		229.88 time, 230.01 real, 2275 MB, 1.08 load
[runlim] sample:		239.88 time, 240.01 real, 2275 MB, 1.06 load
[runlim] sample:		249.87 time, 250.01 real, 2211 MB, 1.05 load
Cannot find solution.
No more solutions found.
Optimal number of labels used:  22
Total time: 254.79 seconds
Memory used: 2211.02 MB
[runlim] end:			Sun Jun 14 00:09:57 2026
[runlim] status:		ok
[runlim] result:		0
[runlim] children:		1
[runlim] processes:		2
[runlim] real:			255.11 seconds
[runlim] time:			254.86 seconds
[runlim] space:			3776 MB
[runlim] load:			1.14 maximum
[runlim] samples:		2551
