[runlim] version:		2.0.0rc12
[runlim] host:			ap-Precision-7550
[runlim] time limit:		311040000 seconds
[runlim] real time limit:	600 seconds
[runlim] space limit:		14000 MB
[runlim] argv[0]:		python3
[runlim] argv[1]:		-u
[runlim] argv[2]:		pairwise_no_preprocessing.py
[runlim] argv[3]:		graph12
[runlim] argv[4]:		assumptions
[runlim] argv[5]:		6
[runlim] argv[6]:		card
[runlim] argv[7]:		6
[runlim] start:			Sun Jun 14 00:20:45 2026
[runlim] child:			17582
Exactly-one cardinality encoding:  6
Distance constraint mode:  card
Distance cardinality encoding:  6
Number of assignment variables:  6870
Number of clauses for exactly one constraints:  162382
Number of clauses for distance constraints:  27307
---------------------------------------------------
Solve first problem:
Cannot find solution.
Time taken: 1.53 seconds 
Memory used: 237.23 MB
[runlim] end:			Sun Jun 14 00:20:46 2026
[runlim] status:		ok
[runlim] result:		0
[runlim] children:		1
[runlim] processes:		2
[runlim] real:			1.60 seconds
[runlim] time:			1.50 seconds
[runlim] space:			236 MB
[runlim] load:			1.13 maximum
[runlim] samples:		16
