[runlim] version:		2.0.0rc12
[runlim] host:			ap-Precision-7550
[runlim] time limit:		311040000 seconds
[runlim] real time limit:	600 seconds
[runlim] space limit:		14000 MB
[runlim] argv[0]:		python3
[runlim] argv[1]:		-u
[runlim] argv[2]:		pairwise_no_preprocessing.py
[runlim] argv[3]:		graph11
[runlim] argv[4]:		assumptions
[runlim] argv[5]:		6
[runlim] argv[6]:		card
[runlim] argv[7]:		6
[runlim] start:			Sun Jun 14 00:20:20 2026
[runlim] child:			17579
Exactly-one cardinality encoding:  6
Distance constraint mode:  card
Distance cardinality encoding:  6
Number of assignment variables:  25640
Number of clauses for exactly one constraints:  646588
[runlim] sample:		10.00 time, 10.01 real, 2200 MB, 1.08 load
[runlim] sample:		19.99 time, 20.01 real, 4380 MB, 1.14 load
Number of clauses for distance constraints:  28947072
---------------------------------------------------
Solve first problem:
Cannot find solution.
Time taken: 22.48 seconds 
Memory used: 5815.20 MB
[runlim] end:			Sun Jun 14 00:20:45 2026
[runlim] status:		ok
[runlim] result:		0
[runlim] children:		1
[runlim] processes:		2
[runlim] real:			24.67 seconds
[runlim] time:			24.60 seconds
[runlim] space:			5815 MB
[runlim] load:			1.16 maximum
[runlim] samples:		247
