[runlim] version:		2.0.0rc12
[runlim] host:			ap-Precision-7550
[runlim] time limit:		311040000 seconds
[runlim] real time limit:	600 seconds
[runlim] space limit:		14000 MB
[runlim] argv[0]:		python3
[runlim] argv[1]:		-u
[runlim] argv[2]:		pairwise_no_preprocessing.py
[runlim] argv[3]:		scen03
[runlim] argv[4]:		assumptions
[runlim] argv[5]:		6
[runlim] argv[6]:		card
[runlim] argv[7]:		6
[runlim] start:			Sat Jun 13 23:43:34 2026
[runlim] child:			17414
Exactly-one cardinality encoding:  6
Distance constraint mode:  card
Distance cardinality encoding:  6
Number of assignment variables:  15892
Number of clauses for exactly one constraints:  399506
Number of clauses for distance constraints:  2591842
---------------------------------------------------
Solve first problem:
Solution:
{13: 16, 14: 254, 15: 16, 16: 254, 23: 30, 24: 268, 49: 16, 50: 254, 51: 44, 52: 282, 53: 30, 54: 268, 67: 16, 68: 254, 69: 86, 70: 324, 79: 16, 80: 254, 81: 30, 82: 268, 83: 16, 84: 254, 85: 86, 86: 324, 103: 16, 104: 254, 105: 30, 106: 268, 117: 16, 118: 254, 119: 44, 120: 282, 127: 30, 128: 268, 129: 128, 130: 366, 143: 16, 144: 254, 145: 86, 146: 324, 151: 30, 152: 268, 153: 100, 154: 338, 155: 16, 156: 254, 157: 86, 158: 324, 179: 58, 180: 296, 181: 44, 182: 282, 183: 142, 184: 380, 191: 16, 192: 254, 193: 86, 194: 324, 205: 72, 206: 310, 209: 156, 210: 394, 211: 254, 212: 16, 213: 72, 214: 310, 215: 16, 216: 254, 217: 72, 218: 310, 233: 30, 234: 268, 235: 44, 236: 282, 237: 30, 238: 268, 261: 16, 262: 254, 263: 30, 264: 268, 265: 16, 266: 254, 267: 86, 268: 324, 269: 16, 270: 254, 271: 16, 272: 254, 273: 156, 274: 394, 275: 156, 276: 394, 277: 30, 278: 268, 281: 44, 282: 282, 283: 114, 284: 352, 285: 16, 286: 254, 287: 16, 288: 254, 289: 16, 290: 254, 291: 30, 292: 268, 293: 142, 294: 380, 295: 16, 296: 254, 299: 44, 300: 282, 301: 414, 302: 652, 303: 58, 304: 296, 305: 394, 306: 156, 307: 16, 308: 254, 309: 86, 310: 324, 311: 394, 312: 156, 313: 394, 314: 156, 321: 16, 322: 254, 323: 16, 324: 254, 325: 44, 326: 282, 327: 114, 328: 352, 329: 16, 330: 254, 339: 30, 340: 268, 341: 394, 342: 156, 343: 394, 344: 156, 345: 456, 346: 694, 347: 526, 348: 764, 349: 100, 350: 338, 351: 86, 352: 324, 355: 58, 356: 296, 357: 30, 358: 268, 359: 128, 360: 366, 361: 100, 362: 338, 363: 268, 364: 30, 365: 380, 366: 142, 367: 442, 368: 680, 369: 268, 370: 30, 371: 100, 372: 338, 375: 114, 376: 352, 377: 324, 378: 86, 383: 30, 384: 268, 387: 44, 388: 282, 397: 16, 398: 254, 401: 72, 402: 310, 405: 428, 406: 666, 435: 30, 436: 268, 439: 128, 440: 366, 449: 30, 450: 268, 471: 16, 472: 254, 475: 44, 476: 282, 477: 58, 478: 296, 481: 58, 482: 296, 491: 44, 492: 282, 493: 86, 494: 324, 495: 30, 496: 268, 517: 268, 518: 30, 519: 30, 520: 268, 525: 30, 526: 268, 533: 44, 534: 282, 535: 16, 536: 254, 547: 16, 548: 254, 555: 282, 556: 44, 557: 30, 558: 268, 559: 268, 560: 30, 561: 128, 562: 366, 563: 128, 564: 366, 565: 100, 566: 338, 573: 30, 574: 268, 575: 30, 576: 268, 577: 16, 578: 254, 579: 16, 580: 254, 581: 16, 582: 254, 583: 296, 584: 58, 585: 30, 586: 268, 587: 86, 588: 324, 589: 16, 590: 254, 591: 428, 592: 666, 593: 44, 594: 282, 595: 86, 596: 324, 597: 100, 598: 338, 599: 44, 600: 282, 601: 428, 602: 666, 603: 44, 604: 282, 605: 30, 606: 268, 607: 128, 608: 366, 613: 428, 614: 666, 615: 44, 616: 282, 617: 100, 618: 338, 619: 428, 620: 666, 621: 114, 622: 352, 623: 30, 624: 268, 625: 338, 626: 100, 629: 72, 630: 310, 631: 114, 632: 352, 633: 338, 634: 100, 635: 380, 636: 142, 637: 16, 638: 254, 639: 100, 640: 338, 641: 114, 642: 352, 643: 456, 644: 694, 645: 30, 646: 268, 651: 156, 652: 394, 653: 30, 654: 268, 661: 72, 662: 310, 663: 16, 664: 254, 665: 324, 666: 86, 667: 526, 668: 764, 671: 16, 672: 254, 713: 30, 714: 268, 715: 86, 716: 324, 717: 484, 718: 722, 719: 156, 720: 394, 721: 86, 722: 324, 723: 86, 724: 324, 725: 156, 726: 394, 727: 156, 728: 394, 733: 114, 734: 352, 741: 254, 742: 16, 743: 58, 744: 296, 745: 114, 746: 352, 747: 128, 748: 366, 757: 100, 758: 338, 759: 352, 760: 114, 763: 366, 764: 128, 765: 268, 766: 30, 767: 156, 768: 394, 769: 268, 770: 30, 771: 30, 772: 268, 773: 86, 774: 324, 783: 128, 784: 366, 785: 16, 786: 254, 787: 310, 788: 72, 789: 30, 790: 268, 791: 100, 792: 338, 793: 30, 794: 268, 795: 100, 796: 338, 797: 30, 798: 268, 799: 100, 800: 338, 801: 498, 802: 736, 815: 30, 816: 268, 817: 128, 818: 366, 825: 498, 826: 736, 827: 428, 828: 666, 829: 156, 830: 394, 835: 282, 836: 44, 837: 30, 838: 268, 867: 114, 868: 352, 875: 30, 876: 268, 877: 44, 878: 282, 879: 58, 880: 296, 881: 366, 882: 128, 893: 128, 894: 366, 903: 128, 904: 366, 911: 498, 912: 736}
Number of lables used:  36
Total time: 2.98 seconds
Memory used: 747.84 MB
--------------------------------------------------
Number of label variables:  48
Number of clauses for label constraints:  15892
Number of new variables for cardinality constraints:  1085
Number of clauses for cardinality constraints:  4270
Initial variable count:  1261465
Initial clause count:  3011510
--------------------------------------------------

Trying with at most 35 labels...
Solution:
{13: 254, 14: 16, 15: 254, 16: 16, 23: 114, 24: 352, 49: 324, 50: 86, 51: 254, 52: 16, 53: 142, 54: 380, 67: 156, 68: 394, 69: 254, 70: 16, 79: 414, 80: 652, 81: 16, 82: 254, 83: 156, 84: 394, 85: 86, 86: 324, 103: 380, 104: 142, 105: 30, 106: 268, 117: 652, 118: 414, 119: 30, 120: 268, 127: 414, 128: 652, 129: 268, 130: 30, 143: 100, 144: 338, 145: 30, 146: 268, 151: 352, 152: 114, 153: 254, 154: 16, 155: 268, 156: 30, 157: 414, 158: 652, 179: 282, 180: 44, 181: 100, 182: 338, 183: 72, 184: 310, 191: 44, 192: 282, 193: 394, 194: 156, 205: 114, 206: 352, 209: 414, 210: 652, 211: 268, 212: 30, 213: 114, 214: 352, 215: 338, 216: 100, 217: 128, 218: 366, 233: 142, 234: 380, 235: 86, 236: 324, 237: 30, 238: 268, 261: 254, 262: 16, 263: 414, 264: 652, 265: 652, 266: 414, 267: 100, 268: 338, 269: 414, 270: 652, 271: 414, 272: 652, 273: 296, 274: 58, 275: 296, 276: 58, 277: 414, 278: 652, 281: 44, 282: 282, 283: 114, 284: 352, 285: 72, 286: 310, 287: 414, 288: 652, 289: 414, 290: 652, 291: 16, 292: 254, 293: 380, 294: 142, 295: 394, 296: 156, 299: 156, 300: 394, 301: 86, 302: 324, 303: 100, 304: 338, 305: 652, 306: 414, 307: 414, 308: 652, 309: 16, 310: 254, 311: 156, 312: 394, 313: 156, 314: 394, 321: 254, 322: 16, 323: 254, 324: 16, 325: 16, 326: 254, 327: 394, 328: 156, 329: 394, 330: 156, 339: 254, 340: 16, 341: 282, 342: 44, 343: 296, 344: 58, 345: 156, 346: 394, 347: 86, 348: 324, 349: 44, 350: 282, 351: 30, 352: 268, 355: 44, 356: 282, 357: 100, 358: 338, 359: 324, 360: 86, 361: 268, 362: 30, 363: 380, 364: 142, 365: 30, 366: 268, 367: 310, 368: 72, 369: 324, 370: 86, 371: 414, 372: 652, 375: 380, 376: 142, 377: 380, 378: 142, 383: 114, 384: 352, 387: 100, 388: 338, 397: 72, 398: 310, 401: 142, 402: 380, 405: 352, 406: 114, 435: 86, 436: 324, 439: 414, 440: 652, 449: 296, 450: 58, 471: 414, 472: 652, 475: 72, 476: 310, 477: 30, 478: 268, 481: 114, 482: 352, 491: 100, 492: 338, 493: 268, 494: 30, 495: 16, 496: 254, 517: 268, 518: 30, 519: 100, 520: 338, 525: 338, 526: 100, 533: 380, 534: 142, 535: 16, 536: 254, 547: 128, 548: 366, 555: 128, 556: 366, 557: 268, 558: 30, 559: 380, 560: 142, 561: 380, 562: 142, 563: 100, 564: 338, 565: 338, 566: 100, 573: 268, 574: 30, 575: 100, 576: 338, 577: 394, 578: 156, 579: 44, 580: 282, 581: 414, 582: 652, 583: 86, 584: 324, 585: 414, 586: 652, 587: 366, 588: 128, 589: 414, 590: 652, 591: 366, 592: 128, 593: 142, 594: 380, 595: 30, 596: 268, 597: 282, 598: 44, 599: 324, 600: 86, 601: 86, 602: 324, 603: 268, 604: 30, 605: 30, 606: 268, 607: 30, 608: 268, 613: 310, 614: 72, 615: 30, 616: 268, 617: 44, 618: 282, 619: 380, 620: 142, 621: 30, 622: 268, 623: 100, 624: 338, 625: 142, 626: 380, 629: 310, 630: 72, 631: 268, 632: 30, 633: 338, 634: 100, 635: 30, 636: 268, 637: 380, 638: 142, 639: 30, 640: 268, 641: 324, 642: 86, 643: 366, 644: 128, 645: 30, 646: 268, 651: 30, 652: 268, 653: 30, 654: 268, 661: 254, 662: 16, 663: 16, 664: 254, 665: 394, 666: 156, 667: 44, 668: 282, 671: 254, 672: 16, 713: 414, 714: 652, 715: 16, 716: 254, 717: 394, 718: 156, 719: 296, 720: 58, 721: 30, 722: 268, 723: 16, 724: 254, 725: 352, 726: 114, 727: 16, 728: 254, 733: 30, 734: 268, 741: 30, 742: 268, 743: 72, 744: 310, 745: 30, 746: 268, 747: 142, 748: 380, 757: 338, 758: 100, 759: 268, 760: 30, 763: 268, 764: 30, 765: 254, 766: 16, 767: 296, 768: 58, 769: 296, 770: 58, 771: 652, 772: 414, 773: 16, 774: 254, 783: 268, 784: 30, 785: 254, 786: 16, 787: 100, 788: 338, 789: 268, 790: 30, 791: 380, 792: 142, 793: 100, 794: 338, 795: 268, 796: 30, 797: 100, 798: 338, 799: 268, 800: 30, 801: 114, 802: 352, 815: 100, 816: 338, 817: 268, 818: 30, 825: 58, 826: 296, 827: 394, 828: 156, 829: 16, 830: 254, 835: 72, 836: 310, 837: 268, 838: 30, 867: 338, 868: 100, 875: 30, 876: 268, 877: 86, 878: 324, 879: 142, 880: 380, 881: 30, 882: 268, 893: 30, 894: 268, 903: 254, 904: 16, 911: 254, 912: 16}
Number of lables used:  24
Total time: 3.67 seconds
Memory used: 756.86 MB
--------------------------------------------------

Trying with at most 23 labels...
Solution:
{13: 254, 14: 16, 15: 254, 16: 16, 23: 114, 24: 352, 49: 652, 50: 414, 51: 254, 52: 16, 53: 142, 54: 380, 67: 156, 68: 394, 69: 254, 70: 16, 79: 414, 80: 652, 81: 16, 82: 254, 83: 652, 84: 414, 85: 100, 86: 338, 103: 380, 104: 142, 105: 30, 106: 268, 117: 414, 118: 652, 119: 268, 120: 30, 127: 394, 128: 156, 129: 268, 130: 30, 143: 100, 144: 338, 145: 30, 146: 268, 151: 156, 152: 394, 153: 16, 154: 254, 155: 254, 156: 16, 157: 352, 158: 114, 179: 282, 180: 44, 181: 100, 182: 338, 183: 72, 184: 310, 191: 44, 192: 282, 193: 394, 194: 156, 205: 114, 206: 352, 209: 414, 210: 652, 211: 338, 212: 100, 213: 114, 214: 352, 215: 352, 216: 114, 217: 128, 218: 366, 233: 142, 234: 380, 235: 72, 236: 310, 237: 30, 238: 268, 261: 254, 262: 16, 263: 414, 264: 652, 265: 652, 266: 414, 267: 100, 268: 338, 269: 414, 270: 652, 271: 414, 272: 652, 273: 296, 274: 58, 275: 296, 276: 58, 277: 414, 278: 652, 281: 44, 282: 282, 283: 114, 284: 352, 285: 72, 286: 310, 287: 414, 288: 652, 289: 414, 290: 652, 291: 16, 292: 254, 293: 380, 294: 142, 295: 100, 296: 338, 299: 156, 300: 394, 301: 268, 302: 30, 303: 100, 304: 338, 305: 652, 306: 414, 307: 414, 308: 652, 309: 16, 310: 254, 311: 156, 312: 394, 313: 156, 314: 394, 321: 254, 322: 16, 323: 254, 324: 16, 325: 16, 326: 254, 327: 394, 328: 156, 329: 394, 330: 156, 339: 338, 340: 100, 341: 310, 342: 72, 343: 282, 344: 44, 345: 30, 346: 268, 347: 414, 348: 652, 349: 44, 350: 282, 351: 30, 352: 268, 355: 100, 356: 338, 357: 100, 358: 338, 359: 282, 360: 44, 361: 268, 362: 30, 363: 380, 364: 142, 365: 30, 366: 268, 367: 310, 368: 72, 369: 366, 370: 128, 371: 414, 372: 652, 375: 380, 376: 142, 377: 380, 378: 142, 383: 114, 384: 352, 387: 100, 388: 338, 397: 72, 398: 310, 401: 296, 402: 58, 405: 352, 406: 114, 435: 100, 436: 338, 439: 30, 440: 268, 449: 366, 450: 128, 471: 414, 472: 652, 475: 72, 476: 310, 477: 30, 478: 268, 481: 114, 482: 352, 491: 100, 492: 338, 493: 268, 494: 30, 495: 16, 496: 254, 517: 268, 518: 30, 519: 100, 520: 338, 525: 338, 526: 100, 533: 380, 534: 142, 535: 16, 536: 254, 547: 128, 548: 366, 555: 128, 556: 366, 557: 268, 558: 30, 559: 380, 560: 142, 561: 380, 562: 142, 563: 338, 564: 100, 565: 338, 566: 100, 573: 268, 574: 30, 575: 282, 576: 44, 577: 394, 578: 156, 579: 44, 580: 282, 581: 414, 582: 652, 583: 100, 584: 338, 585: 414, 586: 652, 587: 366, 588: 128, 589: 414, 590: 652, 591: 366, 592: 128, 593: 142, 594: 380, 595: 30, 596: 268, 597: 282, 598: 44, 599: 128, 600: 366, 601: 72, 602: 310, 603: 268, 604: 30, 605: 30, 606: 268, 607: 30, 608: 268, 613: 310, 614: 72, 615: 100, 616: 338, 617: 44, 618: 282, 619: 58, 620: 296, 621: 30, 622: 268, 623: 100, 624: 338, 625: 142, 626: 380, 629: 310, 630: 72, 631: 268, 632: 30, 633: 338, 634: 100, 635: 30, 636: 268, 637: 380, 638: 142, 639: 30, 640: 268, 641: 72, 642: 310, 643: 30, 644: 268, 645: 30, 646: 268, 651: 30, 652: 268, 653: 30, 654: 268, 661: 254, 662: 16, 663: 16, 664: 254, 665: 394, 666: 156, 667: 296, 668: 58, 671: 254, 672: 16, 713: 414, 714: 652, 715: 16, 716: 254, 717: 394, 718: 156, 719: 296, 720: 58, 721: 30, 722: 268, 723: 16, 724: 254, 725: 100, 726: 338, 727: 156, 728: 394, 733: 30, 734: 268, 741: 30, 742: 268, 743: 72, 744: 310, 745: 30, 746: 268, 747: 142, 748: 380, 757: 338, 758: 100, 759: 268, 760: 30, 763: 268, 764: 30, 765: 254, 766: 16, 767: 296, 768: 58, 769: 58, 770: 296, 771: 652, 772: 414, 773: 16, 774: 254, 783: 268, 784: 30, 785: 254, 786: 16, 787: 100, 788: 338, 789: 268, 790: 30, 791: 380, 792: 142, 793: 100, 794: 338, 795: 268, 796: 30, 797: 100, 798: 338, 799: 268, 800: 30, 801: 114, 802: 352, 815: 100, 816: 338, 817: 268, 818: 30, 825: 380, 826: 142, 827: 114, 828: 352, 829: 254, 830: 16, 835: 72, 836: 310, 837: 268, 838: 30, 867: 338, 868: 100, 875: 30, 876: 268, 877: 72, 878: 310, 879: 142, 880: 380, 881: 30, 882: 268, 893: 30, 894: 268, 903: 254, 904: 16, 911: 254, 912: 16}
Number of lables used:  22
Total time: 3.84 seconds
Memory used: 756.87 MB
--------------------------------------------------

Trying with at most 21 labels...
Solution:
{13: 414, 14: 652, 15: 414, 16: 652, 23: 282, 24: 44, 49: 652, 50: 414, 51: 254, 52: 16, 53: 156, 54: 394, 67: 414, 68: 652, 69: 792, 70: 554, 79: 414, 80: 652, 81: 30, 82: 268, 83: 652, 84: 414, 85: 792, 86: 554, 103: 554, 104: 792, 105: 30, 106: 268, 117: 554, 118: 792, 119: 414, 120: 652, 127: 254, 128: 16, 129: 394, 130: 156, 143: 114, 144: 352, 145: 30, 146: 268, 151: 72, 152: 310, 153: 792, 154: 554, 155: 554, 156: 792, 157: 352, 158: 114, 179: 254, 180: 16, 181: 156, 182: 394, 183: 44, 184: 282, 191: 394, 192: 156, 193: 554, 194: 792, 205: 652, 206: 414, 209: 268, 210: 30, 211: 352, 212: 114, 213: 652, 214: 414, 215: 554, 216: 792, 217: 114, 218: 352, 233: 310, 234: 72, 235: 282, 236: 44, 237: 72, 238: 310, 261: 254, 262: 16, 263: 414, 264: 652, 265: 652, 266: 414, 267: 16, 268: 254, 269: 414, 270: 652, 271: 414, 272: 652, 273: 792, 274: 554, 275: 792, 276: 554, 277: 414, 278: 652, 281: 44, 282: 282, 283: 554, 284: 792, 285: 554, 286: 792, 287: 414, 288: 652, 289: 414, 290: 652, 291: 16, 292: 254, 293: 170, 294: 408, 295: 156, 296: 394, 299: 156, 300: 394, 301: 72, 302: 310, 303: 16, 304: 254, 305: 652, 306: 414, 307: 554, 308: 792, 309: 30, 310: 268, 311: 652, 312: 414, 313: 652, 314: 414, 321: 414, 322: 652, 323: 414, 324: 652, 325: 16, 326: 254, 327: 394, 328: 156, 329: 554, 330: 792, 339: 394, 340: 156, 341: 310, 342: 72, 343: 282, 344: 44, 345: 30, 346: 268, 347: 414, 348: 652, 349: 30, 350: 268, 351: 268, 352: 30, 355: 30, 356: 268, 357: 114, 358: 352, 359: 296, 360: 58, 361: 268, 362: 30, 363: 352, 364: 114, 365: 44, 366: 282, 367: 310, 368: 72, 369: 296, 370: 58, 371: 414, 372: 652, 375: 352, 376: 114, 377: 310, 378: 72, 383: 30, 384: 268, 387: 44, 388: 282, 397: 72, 398: 310, 401: 352, 402: 114, 405: 352, 406: 114, 435: 44, 436: 282, 439: 792, 440: 554, 449: 268, 450: 30, 471: 414, 472: 652, 475: 72, 476: 310, 477: 30, 478: 268, 481: 30, 482: 268, 491: 310, 492: 72, 493: 268, 494: 30, 495: 16, 496: 254, 517: 282, 518: 44, 519: 114, 520: 352, 525: 72, 526: 310, 533: 394, 534: 156, 535: 16, 536: 254, 547: 554, 548: 792, 555: 30, 556: 268, 557: 44, 558: 282, 559: 282, 560: 44, 561: 72, 562: 310, 563: 310, 564: 72, 565: 352, 566: 114, 573: 268, 574: 30, 575: 282, 576: 44, 577: 414, 578: 652, 579: 652, 580: 414, 581: 414, 582: 652, 583: 114, 584: 352, 585: 414, 586: 652, 587: 792, 588: 554, 589: 414, 590: 652, 591: 58, 592: 296, 593: 352, 594: 114, 595: 30, 596: 268, 597: 30, 598: 268, 599: 352, 600: 114, 601: 72, 602: 310, 603: 352, 604: 114, 605: 30, 606: 268, 607: 282, 608: 44, 613: 352, 614: 114, 615: 58, 616: 296, 617: 72, 618: 310, 619: 114, 620: 352, 621: 114, 622: 352, 623: 114, 624: 352, 625: 30, 626: 268, 629: 58, 630: 296, 631: 72, 632: 310, 633: 114, 634: 352, 635: 30, 636: 268, 637: 394, 638: 156, 639: 30, 640: 268, 641: 58, 642: 296, 643: 114, 644: 352, 645: 30, 646: 268, 651: 156, 652: 394, 653: 16, 654: 254, 661: 254, 662: 16, 663: 554, 664: 792, 665: 792, 666: 554, 667: 254, 668: 16, 671: 114, 672: 352, 713: 414, 714: 652, 715: 16, 716: 254, 717: 394, 718: 156, 719: 792, 720: 554, 721: 30, 722: 268, 723: 16, 724: 254, 725: 254, 726: 16, 727: 156, 728: 394, 733: 352, 734: 114, 741: 254, 742: 16, 743: 352, 744: 114, 745: 30, 746: 268, 747: 58, 748: 296, 757: 72, 758: 310, 759: 268, 760: 30, 763: 282, 764: 44, 765: 254, 766: 16, 767: 16, 768: 254, 769: 30, 770: 268, 771: 652, 772: 414, 773: 72, 774: 310, 783: 352, 784: 114, 785: 394, 786: 156, 787: 72, 788: 310, 789: 268, 790: 30, 791: 352, 792: 114, 793: 72, 794: 310, 795: 268, 796: 30, 797: 72, 798: 310, 799: 268, 800: 30, 801: 282, 802: 44, 815: 114, 816: 352, 817: 310, 818: 72, 825: 268, 826: 30, 827: 414, 828: 652, 829: 394, 830: 156, 835: 268, 836: 30, 837: 352, 838: 114, 867: 352, 868: 114, 875: 30, 876: 268, 877: 72, 878: 310, 879: 58, 880: 296, 881: 30, 882: 268, 893: 44, 894: 282, 903: 254, 904: 16, 911: 156, 912: 394}
Number of lables used:  20
Total time: 4.00 seconds
Memory used: 756.87 MB
--------------------------------------------------

Trying with at most 19 labels...
Solution:
{13: 114, 14: 352, 15: 114, 16: 352, 23: 282, 24: 44, 49: 652, 50: 414, 51: 792, 52: 554, 53: 156, 54: 394, 67: 414, 68: 652, 69: 792, 70: 554, 79: 414, 80: 652, 81: 30, 82: 268, 83: 652, 84: 414, 85: 792, 86: 554, 103: 352, 104: 114, 105: 268, 106: 30, 117: 652, 118: 414, 119: 156, 120: 394, 127: 156, 128: 394, 129: 268, 130: 30, 143: 114, 144: 352, 145: 30, 146: 268, 151: 310, 152: 72, 153: 414, 154: 652, 155: 414, 156: 652, 157: 352, 158: 114, 179: 58, 180: 296, 181: 394, 182: 156, 183: 282, 184: 44, 191: 282, 192: 44, 193: 554, 194: 792, 205: 282, 206: 44, 209: 114, 210: 352, 211: 30, 212: 268, 213: 296, 214: 58, 215: 394, 216: 156, 217: 268, 218: 30, 233: 352, 234: 114, 235: 268, 236: 30, 237: 72, 238: 310, 261: 268, 262: 30, 263: 352, 264: 114, 265: 652, 266: 414, 267: 792, 268: 554, 269: 414, 270: 652, 271: 414, 272: 652, 273: 394, 274: 156, 275: 394, 276: 156, 277: 414, 278: 652, 281: 44, 282: 282, 283: 554, 284: 792, 285: 554, 286: 792, 287: 414, 288: 652, 289: 414, 290: 652, 291: 30, 292: 268, 293: 478, 294: 240, 295: 394, 296: 156, 299: 652, 300: 414, 301: 792, 302: 554, 303: 156, 304: 394, 305: 58, 306: 296, 307: 554, 308: 792, 309: 30, 310: 268, 311: 58, 312: 296, 313: 58, 314: 296, 321: 44, 322: 282, 323: 652, 324: 414, 325: 792, 326: 554, 327: 414, 328: 652, 329: 554, 330: 792, 339: 30, 340: 268, 341: 310, 342: 72, 343: 282, 344: 44, 345: 156, 346: 394, 347: 554, 348: 792, 349: 58, 350: 296, 351: 282, 352: 44, 355: 58, 356: 296, 357: 114, 358: 352, 359: 268, 360: 30, 361: 268, 362: 30, 363: 352, 364: 114, 365: 44, 366: 282, 367: 310, 368: 72, 369: 58, 370: 296, 371: 414, 372: 652, 375: 114, 376: 352, 377: 72, 378: 310, 383: 30, 384: 268, 387: 44, 388: 282, 397: 72, 398: 310, 401: 30, 402: 268, 405: 114, 406: 352, 435: 72, 436: 310, 439: 414, 440: 652, 449: 30, 450: 268, 471: 414, 472: 652, 475: 44, 476: 282, 477: 268, 478: 30, 481: 30, 482: 268, 491: 310, 492: 72, 493: 268, 494: 30, 495: 554, 496: 792, 517: 282, 518: 44, 519: 114, 520: 352, 525: 72, 526: 310, 533: 282, 534: 44, 535: 114, 536: 352, 547: 58, 548: 296, 555: 30, 556: 268, 557: 58, 558: 296, 559: 296, 560: 58, 561: 114, 562: 352, 563: 72, 564: 310, 565: 310, 566: 72, 573: 268, 574: 30, 575: 44, 576: 282, 577: 414, 578: 652, 579: 652, 580: 414, 581: 414, 582: 652, 583: 114, 584: 352, 585: 414, 586: 652, 587: 268, 588: 30, 589: 414, 590: 652, 591: 30, 592: 268, 593: 72, 594: 310, 595: 58, 596: 296, 597: 30, 598: 268, 599: 30, 600: 268, 601: 44, 602: 282, 603: 30, 604: 268, 605: 30, 606: 268, 607: 282, 608: 44, 613: 44, 614: 282, 615: 114, 616: 352, 617: 72, 618: 310, 619: 268, 620: 30, 621: 44, 622: 282, 623: 114, 624: 352, 625: 268, 626: 30, 629: 282, 630: 44, 631: 268, 632: 30, 633: 114, 634: 352, 635: 30, 636: 268, 637: 394, 638: 156, 639: 30, 640: 268, 641: 268, 642: 30, 643: 352, 644: 114, 645: 30, 646: 268, 651: 30, 652: 268, 653: 352, 654: 114, 661: 554, 662: 792, 663: 554, 664: 792, 665: 792, 666: 554, 667: 792, 668: 554, 671: 114, 672: 352, 713: 414, 714: 652, 715: 282, 716: 44, 717: 554, 718: 792, 719: 394, 720: 156, 721: 30, 722: 268, 723: 30, 724: 268, 725: 268, 726: 30, 727: 268, 728: 30, 733: 352, 734: 114, 741: 554, 742: 792, 743: 44, 744: 282, 745: 352, 746: 114, 747: 114, 748: 352, 757: 72, 758: 310, 759: 352, 760: 114, 763: 268, 764: 30, 765: 394, 766: 156, 767: 156, 768: 394, 769: 352, 770: 114, 771: 156, 772: 394, 773: 72, 774: 310, 783: 352, 784: 114, 785: 114, 786: 352, 787: 72, 788: 310, 789: 282, 790: 44, 791: 352, 792: 114, 793: 72, 794: 310, 795: 268, 796: 30, 797: 72, 798: 310, 799: 268, 800: 30, 801: 310, 802: 72, 815: 352, 816: 114, 817: 72, 818: 310, 825: 114, 826: 352, 827: 554, 828: 792, 829: 554, 830: 792, 835: 114, 836: 352, 837: 268, 838: 30, 867: 352, 868: 114, 875: 58, 876: 296, 877: 72, 878: 310, 879: 30, 880: 268, 881: 30, 882: 268, 893: 30, 894: 268, 903: 282, 904: 44, 911: 156, 912: 394}
Number of lables used:  18
Total time: 4.61 seconds
Memory used: 824.59 MB
--------------------------------------------------

Trying with at most 17 labels...
Solution:
{13: 114, 14: 352, 15: 114, 16: 352, 23: 282, 24: 44, 49: 310, 50: 72, 51: 428, 52: 666, 53: 554, 54: 792, 67: 428, 68: 666, 69: 792, 70: 554, 79: 428, 80: 666, 81: 30, 82: 268, 83: 296, 84: 58, 85: 554, 86: 792, 103: 352, 104: 114, 105: 268, 106: 30, 117: 792, 118: 554, 119: 310, 120: 72, 127: 58, 128: 296, 129: 666, 130: 428, 143: 30, 144: 268, 145: 428, 146: 666, 151: 554, 152: 792, 153: 30, 154: 268, 155: 428, 156: 666, 157: 352, 158: 114, 179: 58, 180: 296, 181: 296, 182: 58, 183: 282, 184: 44, 191: 268, 192: 30, 193: 352, 194: 114, 205: 554, 206: 792, 209: 666, 210: 428, 211: 72, 212: 310, 213: 554, 214: 792, 215: 428, 216: 666, 217: 428, 218: 666, 233: 282, 234: 44, 235: 268, 236: 30, 237: 352, 238: 114, 261: 268, 262: 30, 263: 352, 264: 114, 265: 72, 266: 310, 267: 554, 268: 792, 269: 352, 270: 114, 271: 352, 272: 114, 273: 792, 274: 554, 275: 792, 276: 554, 277: 352, 278: 114, 281: 44, 282: 282, 283: 554, 284: 792, 285: 792, 286: 554, 287: 428, 288: 666, 289: 554, 290: 792, 291: 30, 292: 268, 293: 240, 294: 478, 295: 114, 296: 352, 299: 282, 300: 44, 301: 352, 302: 114, 303: 310, 304: 72, 305: 428, 306: 666, 307: 554, 308: 792, 309: 268, 310: 30, 311: 352, 312: 114, 313: 352, 314: 114, 321: 114, 322: 352, 323: 114, 324: 352, 325: 792, 326: 554, 327: 44, 328: 282, 329: 554, 330: 792, 339: 30, 340: 268, 341: 282, 342: 44, 343: 282, 344: 44, 345: 554, 346: 792, 347: 72, 348: 310, 349: 30, 350: 268, 351: 282, 352: 44, 355: 58, 356: 296, 357: 114, 358: 352, 359: 268, 360: 30, 361: 268, 362: 30, 363: 352, 364: 114, 365: 44, 366: 282, 367: 310, 368: 72, 369: 30, 370: 268, 371: 554, 372: 792, 375: 428, 376: 666, 377: 114, 378: 352, 383: 30, 384: 268, 387: 44, 388: 282, 397: 72, 398: 310, 401: 666, 402: 428, 405: 666, 406: 428, 435: 72, 436: 310, 439: 666, 440: 428, 449: 114, 450: 352, 471: 428, 472: 666, 475: 44, 476: 282, 477: 310, 478: 72, 481: 30, 482: 268, 491: 310, 492: 72, 493: 268, 494: 30, 495: 554, 496: 792, 517: 114, 518: 352, 519: 114, 520: 352, 525: 72, 526: 310, 533: 268, 534: 30, 535: 114, 536: 352, 547: 58, 548: 296, 555: 30, 556: 268, 557: 428, 558: 666, 559: 296, 560: 58, 561: 428, 562: 666, 563: 268, 564: 30, 565: 310, 566: 72, 573: 268, 574: 30, 575: 282, 576: 44, 577: 554, 578: 792, 579: 666, 580: 428, 581: 428, 582: 666, 583: 428, 584: 666, 585: 428, 586: 666, 587: 268, 588: 30, 589: 428, 590: 666, 591: 72, 592: 310, 593: 72, 594: 310, 595: 58, 596: 296, 597: 30, 598: 268, 599: 30, 600: 268, 601: 44, 602: 282, 603: 30, 604: 268, 605: 30, 606: 268, 607: 282, 608: 44, 613: 114, 614: 352, 615: 352, 616: 114, 617: 30, 618: 268, 619: 428, 620: 666, 621: 58, 622: 296, 623: 114, 624: 352, 625: 268, 626: 30, 629: 282, 630: 44, 631: 268, 632: 30, 633: 114, 634: 352, 635: 30, 636: 268, 637: 428, 638: 666, 639: 30, 640: 268, 641: 428, 642: 666, 643: 72, 644: 310, 645: 44, 646: 282, 651: 30, 652: 268, 653: 554, 654: 792, 661: 268, 662: 30, 663: 554, 664: 792, 665: 554, 666: 792, 667: 296, 668: 58, 671: 268, 672: 30, 713: 352, 714: 114, 715: 30, 716: 268, 717: 296, 718: 58, 719: 792, 720: 554, 721: 428, 722: 666, 723: 428, 724: 666, 725: 268, 726: 30, 727: 268, 728: 30, 733: 352, 734: 114, 741: 554, 742: 792, 743: 30, 744: 268, 745: 352, 746: 114, 747: 282, 748: 44, 757: 72, 758: 310, 759: 352, 760: 114, 763: 666, 764: 428, 765: 30, 766: 268, 767: 58, 768: 296, 769: 114, 770: 352, 771: 428, 772: 666, 773: 72, 774: 310, 783: 352, 784: 114, 785: 44, 786: 282, 787: 72, 788: 310, 789: 666, 790: 428, 791: 352, 792: 114, 793: 72, 794: 310, 795: 268, 796: 30, 797: 72, 798: 310, 799: 268, 800: 30, 801: 352, 802: 114, 815: 352, 816: 114, 817: 72, 818: 310, 825: 352, 826: 114, 827: 310, 828: 72, 829: 428, 830: 666, 835: 114, 836: 352, 837: 268, 838: 30, 867: 352, 868: 114, 875: 58, 876: 296, 877: 72, 878: 310, 879: 30, 880: 268, 881: 30, 882: 268, 893: 30, 894: 268, 903: 282, 904: 44, 911: 30, 912: 268}
Number of lables used:  16
Total time: 4.85 seconds
Memory used: 824.60 MB
--------------------------------------------------

Trying with at most 15 labels...
[runlim] sample:		10.00 time, 10.01 real, 691 MB, 1.05 load
Solution:
{13: 30, 14: 268, 15: 30, 16: 268, 23: 666, 24: 428, 49: 666, 50: 428, 51: 268, 52: 30, 53: 142, 54: 380, 67: 792, 68: 554, 69: 268, 70: 30, 79: 456, 80: 694, 81: 428, 82: 666, 83: 30, 84: 268, 85: 666, 86: 428, 103: 666, 104: 428, 105: 268, 106: 30, 117: 428, 118: 666, 119: 554, 120: 792, 127: 366, 128: 128, 129: 680, 130: 442, 143: 666, 144: 428, 145: 128, 146: 366, 151: 380, 152: 142, 153: 666, 154: 428, 155: 442, 156: 680, 157: 380, 158: 142, 179: 366, 180: 128, 181: 366, 182: 128, 183: 442, 184: 680, 191: 442, 192: 680, 193: 554, 194: 792, 205: 142, 206: 380, 209: 694, 210: 456, 211: 792, 212: 554, 213: 142, 214: 380, 215: 142, 216: 380, 217: 456, 218: 694, 233: 366, 234: 128, 235: 268, 236: 30, 237: 268, 238: 30, 261: 554, 262: 792, 263: 666, 264: 428, 265: 30, 266: 268, 267: 554, 268: 792, 269: 792, 270: 554, 271: 792, 272: 554, 273: 792, 274: 554, 275: 456, 276: 694, 277: 792, 278: 554, 281: 142, 282: 380, 283: 680, 284: 442, 285: 792, 286: 554, 287: 666, 288: 428, 289: 554, 290: 792, 291: 666, 292: 428, 293: 142, 294: 380, 295: 792, 296: 554, 299: 30, 300: 268, 301: 442, 302: 680, 303: 128, 304: 366, 305: 456, 306: 694, 307: 680, 308: 442, 309: 428, 310: 666, 311: 554, 312: 792, 313: 554, 314: 792, 321: 30, 322: 268, 323: 30, 324: 268, 325: 680, 326: 442, 327: 268, 328: 30, 329: 268, 330: 30, 339: 268, 340: 30, 341: 30, 342: 268, 343: 30, 344: 268, 345: 128, 346: 366, 347: 666, 348: 428, 349: 694, 350: 456, 351: 366, 352: 128, 355: 666, 356: 428, 357: 666, 358: 428, 359: 456, 360: 694, 361: 366, 362: 128, 363: 442, 364: 680, 365: 128, 366: 366, 367: 30, 368: 268, 369: 694, 370: 456, 371: 366, 372: 128, 375: 30, 376: 268, 377: 30, 378: 268, 383: 128, 384: 366, 387: 30, 388: 268, 397: 554, 398: 792, 401: 30, 402: 268, 405: 142, 406: 380, 435: 442, 436: 680, 439: 142, 440: 380, 449: 694, 450: 456, 471: 666, 472: 428, 475: 30, 476: 268, 477: 428, 478: 666, 481: 128, 482: 366, 491: 268, 492: 30, 493: 142, 494: 380, 495: 268, 496: 30, 517: 30, 518: 268, 519: 666, 520: 428, 525: 380, 526: 142, 533: 442, 534: 680, 535: 30, 536: 268, 547: 442, 548: 680, 555: 666, 556: 428, 557: 428, 558: 666, 559: 666, 560: 428, 561: 666, 562: 428, 563: 128, 564: 366, 565: 30, 566: 268, 573: 268, 574: 30, 575: 442, 576: 680, 577: 792, 578: 554, 579: 554, 580: 792, 581: 30, 582: 268, 583: 366, 584: 128, 585: 666, 586: 428, 587: 366, 588: 128, 589: 666, 590: 428, 591: 142, 592: 380, 593: 456, 594: 694, 595: 366, 596: 128, 597: 442, 598: 680, 599: 442, 600: 680, 601: 442, 602: 680, 603: 380, 604: 142, 605: 30, 606: 268, 607: 380, 608: 142, 613: 380, 614: 142, 615: 456, 616: 694, 617: 30, 618: 268, 619: 268, 620: 30, 621: 680, 622: 442, 623: 666, 624: 428, 625: 128, 626: 366, 629: 268, 630: 30, 631: 666, 632: 428, 633: 666, 634: 428, 635: 128, 636: 366, 637: 268, 638: 30, 639: 366, 640: 128, 641: 694, 642: 456, 643: 366, 644: 128, 645: 366, 646: 128, 651: 128, 652: 366, 653: 128, 654: 366, 661: 666, 662: 428, 663: 30, 664: 268, 665: 554, 666: 792, 667: 30, 668: 268, 671: 142, 672: 380, 713: 792, 714: 554, 715: 30, 716: 268, 717: 30, 718: 268, 719: 792, 720: 554, 721: 128, 722: 366, 723: 128, 724: 366, 725: 554, 726: 792, 727: 30, 728: 268, 733: 666, 734: 428, 741: 792, 742: 554, 743: 142, 744: 380, 745: 380, 746: 142, 747: 680, 748: 442, 757: 380, 758: 142, 759: 268, 760: 30, 763: 366, 764: 128, 765: 366, 766: 128, 767: 128, 768: 366, 769: 30, 770: 268, 771: 142, 772: 380, 773: 142, 774: 380, 783: 666, 784: 428, 785: 30, 786: 268, 787: 30, 788: 268, 789: 380, 790: 142, 791: 666, 792: 428, 793: 268, 794: 30, 795: 366, 796: 128, 797: 268, 798: 30, 799: 380, 800: 142, 801: 268, 802: 30, 815: 442, 816: 680, 817: 666, 818: 428, 825: 456, 826: 694, 827: 554, 828: 792, 829: 268, 830: 30, 835: 442, 836: 680, 837: 268, 838: 30, 867: 366, 868: 128, 875: 366, 876: 128, 877: 30, 878: 268, 879: 666, 880: 428, 881: 666, 882: 428, 893: 666, 894: 428, 903: 268, 904: 30, 911: 30, 912: 268}
Number of lables used:  14
Total time: 11.16 seconds
Memory used: 708.03 MB
--------------------------------------------------

Trying with at most 13 labels...
[runlim] sample:		19.98 time, 20.01 real, 718 MB, 1.04 load
[runlim] sample:		29.99 time, 30.01 real, 718 MB, 1.03 load
[runlim] sample:		39.98 time, 40.01 real, 718 MB, 1.03 load
[runlim] sample:		49.98 time, 50.01 real, 719 MB, 1.02 load
[runlim] sample:		59.97 time, 60.01 real, 719 MB, 1.02 load
[runlim] sample:		69.97 time, 70.01 real, 719 MB, 1.02 load
[runlim] sample:		79.96 time, 80.01 real, 727 MB, 1.01 load
[runlim] sample:		89.96 time, 90.01 real, 727 MB, 1.01 load
[runlim] sample:		99.95 time, 100.01 real, 727 MB, 1.01 load
[runlim] sample:		109.95 time, 110.01 real, 727 MB, 1.01 load
[runlim] sample:		119.94 time, 120.01 real, 727 MB, 1.01 load
[runlim] sample:		129.94 time, 130.01 real, 727 MB, 1.08 load
[runlim] sample:		139.93 time, 140.01 real, 727 MB, 1.15 load
[runlim] sample:		149.93 time, 150.01 real, 727 MB, 1.12 load
[runlim] sample:		159.93 time, 160.01 real, 727 MB, 1.10 load
[runlim] sample:		169.93 time, 170.01 real, 650 MB, 1.09 load
[runlim] sample:		179.92 time, 180.01 real, 650 MB, 1.07 load
[runlim] sample:		189.92 time, 190.01 real, 650 MB, 1.14 load
[runlim] sample:		199.91 time, 200.01 real, 676 MB, 1.12 load
[runlim] sample:		209.90 time, 210.01 real, 676 MB, 1.10 load
[runlim] sample:		219.90 time, 220.01 real, 677 MB, 1.08 load
[runlim] sample:		229.89 time, 230.01 real, 681 MB, 1.07 load
[runlim] sample:		239.89 time, 240.01 real, 681 MB, 1.06 load
[runlim] sample:		249.88 time, 250.01 real, 681 MB, 1.05 load
[runlim] sample:		259.87 time, 260.01 real, 681 MB, 1.04 load
[runlim] sample:		269.87 time, 270.01 real, 681 MB, 1.04 load
[runlim] sample:		279.87 time, 280.01 real, 681 MB, 1.03 load
[runlim] sample:		289.86 time, 290.01 real, 681 MB, 1.02 load
[runlim] sample:		299.86 time, 300.01 real, 681 MB, 1.02 load
[runlim] sample:		309.85 time, 310.01 real, 681 MB, 1.02 load
[runlim] sample:		319.85 time, 320.01 real, 681 MB, 1.01 load
[runlim] sample:		329.84 time, 330.01 real, 681 MB, 1.01 load
[runlim] sample:		339.84 time, 340.01 real, 681 MB, 1.01 load
[runlim] sample:		349.83 time, 350.01 real, 682 MB, 1.01 load
[runlim] sample:		359.83 time, 360.01 real, 682 MB, 1.01 load
[runlim] sample:		369.82 time, 370.01 real, 682 MB, 1.00 load
[runlim] sample:		379.82 time, 380.01 real, 682 MB, 1.00 load
[runlim] sample:		389.82 time, 390.01 real, 682 MB, 1.00 load
[runlim] sample:		399.81 time, 400.01 real, 682 MB, 1.00 load
[runlim] sample:		409.81 time, 410.01 real, 682 MB, 1.00 load
[runlim] sample:		419.81 time, 420.01 real, 690 MB, 1.00 load
[runlim] sample:		429.80 time, 430.01 real, 690 MB, 1.00 load
[runlim] sample:		439.80 time, 440.01 real, 690 MB, 1.00 load
[runlim] sample:		449.79 time, 450.01 real, 690 MB, 1.00 load
[runlim] sample:		459.79 time, 460.01 real, 690 MB, 1.00 load
[runlim] sample:		469.79 time, 470.01 real, 690 MB, 1.00 load
[runlim] sample:		479.78 time, 480.01 real, 690 MB, 1.00 load
[runlim] sample:		489.78 time, 490.01 real, 690 MB, 1.00 load
[runlim] sample:		499.77 time, 500.01 real, 690 MB, 1.00 load
[runlim] sample:		509.77 time, 510.01 real, 690 MB, 1.00 load
[runlim] sample:		519.76 time, 520.01 real, 690 MB, 1.00 load
[runlim] sample:		529.76 time, 530.01 real, 690 MB, 1.00 load
[runlim] sample:		539.75 time, 540.01 real, 690 MB, 1.00 load
[runlim] sample:		549.75 time, 550.01 real, 690 MB, 1.00 load
[runlim] sample:		559.74 time, 560.01 real, 690 MB, 1.00 load
[runlim] sample:		569.74 time, 570.01 real, 690 MB, 1.00 load
[runlim] sample:		579.74 time, 580.01 real, 690 MB, 1.00 load
[runlim] sample:		589.73 time, 590.01 real, 690 MB, 1.00 load
[runlim] sample:		599.73 time, 600.01 real, 690 MB, 1.00 load
[runlim] end:			Sat Jun 13 23:53:35 2026
[runlim] status:		out of time
[runlim] result:		2
[runlim] children:		1
[runlim] processes:		2
[runlim] real:			601.06 seconds
[runlim] time:			599.73 seconds
[runlim] space:			892 MB
[runlim] load:			1.16 maximum
[runlim] samples:		6000
