[runlim] version:		2.0.0rc12
[runlim] host:			ap-Precision-7550
[runlim] time limit:		311040000 seconds
[runlim] real time limit:	600 seconds
[runlim] space limit:		14000 MB
[runlim] argv[0]:		python3
[runlim] argv[1]:		-u
[runlim] argv[2]:		pairwise_no_preprocessing.py
[runlim] argv[3]:		scen10
[runlim] argv[4]:		assumptions
[runlim] argv[5]:		6
[runlim] argv[6]:		card
[runlim] argv[7]:		6
[runlim] start:			Sun Jun 14 00:24:29 2026
[runlim] child:			17609
Exactly-one cardinality encoding:  6
Distance constraint mode:  card
Distance cardinality encoding:  6
Number of assignment variables:  4322
Number of clauses for exactly one constraints:  93354
Number of clauses for distance constraints:  64
---------------------------------------------------
Solve first problem:
Cannot find solution.
Time taken: 0.77 seconds 
Memory used: 128.73 MB
[runlim] end:			Sun Jun 14 00:24:30 2026
[runlim] status:		ok
[runlim] result:		0
[runlim] children:		1
[runlim] processes:		2
[runlim] real:			0.83 seconds
[runlim] time:			0.80 seconds
[runlim] space:			129 MB
[runlim] load:			1.11 maximum
[runlim] samples:		9
