[runlim] version:		2.0.0rc12
[runlim] host:			ap-Precision-7550
[runlim] time limit:		311040000 seconds
[runlim] real time limit:	600 seconds
[runlim] space limit:		14000 MB
[runlim] argv[0]:		python3
[runlim] argv[1]:		-u
[runlim] argv[2]:		pairwise_no_preprocessing.py
[runlim] argv[3]:		scen04
[runlim] argv[4]:		assumptions
[runlim] argv[5]:		6
[runlim] argv[6]:		card
[runlim] argv[7]:		6
[runlim] start:			Sat Jun 13 23:53:35 2026
[runlim] child:			17440
Exactly-one cardinality encoding:  6
Distance constraint mode:  card
Distance cardinality encoding:  6
Number of assignment variables:  15828
Number of clauses for exactly one constraints:  383766
Number of clauses for distance constraints:  11218758
---------------------------------------------------
Solve first problem:
[runlim] sample:		10.00 time, 10.01 real, 2096 MB, 1.00 load
Solution:
{1: 708, 2: 470, 7: 268, 8: 30, 9: 750, 10: 512, 13: 16, 14: 254, 15: 16, 16: 254, 21: 268, 22: 30, 23: 128, 24: 366, 25: 750, 26: 512, 27: 16, 28: 254, 49: 366, 50: 128, 51: 778, 52: 540, 53: 414, 54: 652, 67: 16, 68: 254, 69: 652, 70: 414, 71: 526, 72: 764, 79: 296, 80: 58, 81: 554, 82: 792, 83: 128, 84: 366, 85: 16, 86: 254, 87: 30, 88: 268, 91: 708, 92: 470, 93: 142, 94: 380, 95: 652, 96: 414, 97: 72, 98: 310, 103: 352, 104: 114, 105: 30, 106: 268, 107: 778, 108: 540, 117: 72, 118: 310, 119: 156, 120: 394, 127: 142, 128: 380, 129: 540, 130: 778, 143: 142, 144: 380, 145: 394, 146: 156, 151: 722, 152: 484, 153: 554, 154: 792, 155: 296, 156: 58, 157: 652, 158: 414, 163: 554, 164: 792, 165: 554, 166: 792, 171: 142, 172: 380, 179: 114, 180: 352, 181: 142, 182: 380, 183: 44, 184: 282, 185: 652, 186: 414, 187: 498, 188: 736, 191: 296, 192: 58, 193: 156, 194: 394, 195: 86, 196: 324, 197: 470, 198: 708, 199: 338, 200: 100, 205: 512, 206: 750, 209: 652, 210: 414, 211: 296, 212: 58, 213: 526, 214: 764, 215: 470, 216: 708, 217: 86, 218: 324, 219: 324, 220: 86, 229: 680, 230: 442, 233: 268, 234: 30, 235: 142, 236: 380, 237: 764, 238: 526, 255: 100, 256: 338, 259: 72, 260: 310, 261: 764, 262: 526, 263: 428, 264: 666, 265: 764, 266: 526, 267: 652, 268: 414, 269: 30, 270: 268, 271: 310, 272: 72, 273: 778, 274: 540, 275: 72, 276: 310, 277: 72, 278: 310, 279: 498, 280: 736, 281: 792, 282: 554, 283: 554, 284: 792, 285: 394, 286: 156, 287: 736, 288: 498, 289: 414, 290: 652, 291: 512, 292: 750, 293: 170, 294: 408, 295: 554, 296: 792, 297: 30, 298: 268, 299: 540, 300: 778, 301: 380, 302: 142, 303: 44, 304: 282, 305: 456, 306: 694, 307: 792, 308: 554, 309: 394, 310: 156, 311: 708, 312: 470, 313: 484, 314: 722, 317: 652, 318: 414, 319: 268, 320: 30, 321: 394, 322: 156, 323: 254, 324: 16, 325: 156, 326: 394, 327: 156, 328: 394, 329: 380, 330: 142, 331: 352, 332: 114, 333: 750, 334: 512, 335: 792, 336: 554, 337: 512, 338: 750, 339: 764, 340: 526, 341: 526, 342: 764, 343: 540, 344: 778, 345: 394, 346: 156, 347: 114, 348: 352, 349: 456, 350: 694, 351: 58, 352: 296, 353: 30, 354: 268, 355: 58, 356: 296, 357: 526, 358: 764, 359: 282, 360: 44, 361: 268, 362: 30, 363: 498, 364: 736, 365: 366, 366: 128, 367: 428, 368: 666, 369: 764, 370: 526, 371: 282, 372: 44, 373: 750, 374: 512, 375: 680, 376: 442, 377: 778, 378: 540, 379: 540, 380: 778, 381: 30, 382: 268, 383: 352, 384: 114, 385: 338, 386: 100, 387: 428, 388: 666, 389: 254, 390: 16, 391: 694, 392: 456, 393: 128, 394: 366, 395: 778, 396: 540, 397: 366, 398: 128, 399: 694, 400: 456, 401: 442, 402: 680, 403: 282, 404: 44, 405: 456, 406: 694, 409: 282, 410: 44, 411: 498, 412: 736, 413: 366, 414: 128, 415: 442, 416: 680, 417: 680, 418: 442, 419: 338, 420: 100, 435: 114, 436: 352, 439: 442, 440: 680, 441: 750, 442: 512, 443: 666, 444: 428, 449: 778, 450: 540, 451: 156, 452: 394, 455: 652, 456: 414, 457: 680, 458: 442, 459: 44, 460: 282, 461: 352, 462: 114, 463: 512, 464: 750, 465: 268, 466: 30, 467: 128, 468: 366, 469: 428, 470: 666, 471: 254, 472: 16, 473: 778, 474: 540, 475: 456, 476: 694, 477: 540, 478: 778, 479: 484, 480: 722, 481: 540, 482: 778, 485: 652, 486: 414, 489: 512, 490: 750, 491: 540, 492: 778, 493: 666, 494: 428, 495: 16, 496: 254, 515: 380, 516: 142, 517: 128, 518: 366, 519: 268, 520: 30, 523: 352, 524: 114, 525: 722, 526: 484, 527: 296, 528: 58, 529: 366, 530: 128, 533: 254, 534: 16, 535: 498, 536: 736, 537: 708, 538: 470, 539: 792, 540: 554, 541: 338, 542: 100, 543: 414, 544: 652, 545: 338, 546: 100, 547: 310, 548: 72, 549: 16, 550: 254, 551: 156, 552: 394, 553: 666, 554: 428, 555: 380, 556: 142, 557: 456, 558: 694, 559: 268, 560: 30, 561: 366, 562: 128, 563: 142, 564: 380, 565: 694, 566: 456, 567: 338, 568: 100, 569: 750, 570: 512, 571: 30, 572: 268, 573: 428, 574: 666, 575: 722, 576: 484, 577: 792, 578: 554, 579: 442, 580: 680, 581: 554, 582: 792, 583: 680, 584: 442, 585: 764, 586: 526, 587: 394, 588: 156, 589: 764, 590: 526, 591: 764, 592: 526, 593: 128, 594: 366, 595: 352, 596: 114, 597: 512, 598: 750, 599: 540, 600: 778, 601: 778, 602: 540, 603: 114, 604: 352, 605: 680, 606: 442, 607: 526, 608: 764, 609: 526, 610: 764, 611: 142, 612: 380, 613: 540, 614: 778, 615: 470, 616: 708, 617: 30, 618: 268, 619: 142, 620: 380, 621: 778, 622: 540, 623: 456, 624: 694, 625: 366, 626: 128, 627: 268, 628: 30, 629: 666, 630: 428, 631: 30, 632: 268, 633: 428, 634: 666, 635: 128, 636: 366, 637: 268, 638: 30, 639: 310, 640: 72, 641: 44, 642: 282, 643: 86, 644: 324, 645: 352, 646: 114, 651: 470, 652: 708, 653: 442, 654: 680, 661: 526, 662: 764, 663: 338, 664: 100, 665: 16, 666: 254, 667: 394, 668: 156, 671: 366, 672: 128, 677: 498, 678: 736, 679: 72, 680: 310, 681: 540, 682: 778, 683: 268, 684: 30, 685: 680, 686: 442, 687: 498, 688: 736, 689: 30, 690: 268, 691: 512, 692: 750, 693: 30, 694: 268, 703: 498, 704: 736, 705: 100, 706: 338, 711: 694, 712: 456, 713: 44, 714: 282, 715: 156, 716: 394, 717: 72, 718: 310, 719: 72, 720: 310, 721: 708, 722: 470, 723: 394, 724: 156, 725: 792, 726: 554, 727: 778, 728: 540, 729: 540, 730: 778, 731: 540, 732: 778, 733: 764, 734: 526, 735: 540, 736: 778, 737: 268, 738: 30, 739: 666, 740: 428, 741: 792, 742: 554, 743: 30, 744: 268, 745: 30, 746: 268, 747: 708, 748: 470, 749: 268, 750: 30, 751: 128, 752: 366, 753: 498, 754: 736, 755: 428, 756: 666, 757: 540, 758: 778, 759: 268, 760: 30, 761: 44, 762: 282, 763: 540, 764: 778, 765: 652, 766: 414, 767: 324, 768: 86, 769: 666, 770: 428, 771: 394, 772: 156, 773: 652, 774: 414, 775: 268, 776: 30, 783: 282, 784: 44, 785: 72, 786: 310, 787: 30, 788: 268, 789: 722, 790: 484, 791: 268, 792: 30, 793: 540, 794: 778, 795: 680, 796: 442, 797: 268, 798: 30, 799: 708, 800: 470, 801: 778, 802: 540, 803: 526, 804: 764, 805: 442, 806: 680, 807: 128, 808: 366, 809: 254, 810: 16, 811: 540, 812: 778, 813: 142, 814: 380, 815: 526, 816: 764, 817: 324, 818: 86, 819: 666, 820: 428, 821: 736, 822: 498, 823: 268, 824: 30, 825: 512, 826: 750, 827: 16, 828: 254, 829: 254, 830: 16, 833: 526, 834: 764, 835: 114, 836: 352, 837: 540, 838: 778, 839: 428, 840: 666, 841: 254, 842: 16, 843: 736, 844: 498, 845: 254, 846: 16, 847: 428, 848: 666, 849: 414, 850: 652, 859: 736, 860: 498, 861: 792, 862: 554, 863: 414, 864: 652, 865: 338, 866: 100, 867: 428, 868: 666, 869: 114, 870: 352, 871: 554, 872: 792, 875: 72, 876: 310, 877: 736, 878: 498, 879: 512, 880: 750, 881: 44, 882: 282, 883: 30, 884: 268, 885: 268, 886: 30, 887: 680, 888: 442, 889: 428, 890: 666, 891: 498, 892: 736, 893: 44, 894: 282, 895: 268, 896: 30, 897: 366, 898: 128, 899: 30, 900: 268, 901: 680, 902: 442, 903: 16, 904: 254, 905: 254, 906: 16, 911: 268, 912: 30, 913: 428, 914: 666, 915: 16, 916: 254}
Number of lables used:  46
Total time: 10.62 seconds
Memory used: 2099.81 MB
--------------------------------------------------
Number of label variables:  48
Number of clauses for label constraints:  280
Number of new variables for cardinality constraints:  1170
Number of clauses for cardinality constraints:  1306
Initial variable count:  3465864
Initial clause count:  11604178
--------------------------------------------------

Trying with at most 45 labels...
Cannot find solution.
Time taken: 10.65 seconds 
Memory used: 2099.86 MB
[runlim] end:			Sat Jun 13 23:53:47 2026
[runlim] status:		ok
[runlim] result:		0
[runlim] children:		1
[runlim] processes:		2
[runlim] real:			11.54 seconds
[runlim] time:			11.50 seconds
[runlim] space:			2201 MB
[runlim] load:			1.00 maximum
[runlim] samples:		116
