[runlim] version:		2.0.0rc12
[runlim] host:			ap-Precision-7550
[runlim] time limit:		311040000 seconds
[runlim] real time limit:	600 seconds
[runlim] space limit:		14000 MB
[runlim] argv[0]:		python3
[runlim] argv[1]:		-u
[runlim] argv[2]:		pairwise_no_preprocessing.py
[runlim] argv[3]:		scen05
[runlim] argv[4]:		assumptions
[runlim] argv[5]:		6
[runlim] argv[6]:		card
[runlim] argv[7]:		6
[runlim] start:			Sun Jun 14 00:21:23 2026
[runlim] child:			17589
Exactly-one cardinality encoding:  6
Distance constraint mode:  card
Distance cardinality encoding:  6
Number of assignment variables:  15768
Number of clauses for exactly one constraints:  394068
[runlim] sample:		10.00 time, 10.01 real, 2180 MB, 1.06 load
Number of clauses for distance constraints:  26558699
---------------------------------------------------
Solve first problem:
[runlim] sample:		19.99 time, 20.01 real, 4321 MB, 1.05 load
Solution:
{13: 156, 14: 394, 15: 156, 16: 394, 53: 16, 54: 254, 71: 30, 72: 268, 79: 554, 80: 792, 81: 44, 82: 282, 83: 142, 84: 380, 85: 414, 86: 652, 117: 792, 118: 554, 119: 554, 120: 792, 127: 58, 128: 296, 129: 708, 130: 470, 143: 680, 144: 442, 145: 456, 146: 694, 151: 72, 152: 310, 153: 428, 154: 666, 163: 156, 164: 394, 165: 792, 166: 554, 179: 44, 180: 282, 181: 282, 182: 44, 183: 442, 184: 680, 191: 750, 192: 512, 193: 310, 194: 72, 205: 324, 206: 86, 209: 736, 210: 498, 211: 792, 212: 554, 213: 324, 214: 86, 217: 764, 218: 526, 219: 394, 220: 156, 233: 442, 234: 680, 235: 778, 236: 540, 237: 498, 238: 736, 255: 16, 256: 254, 259: 16, 260: 254, 261: 554, 262: 792, 263: 254, 264: 16, 265: 16, 266: 254, 267: 554, 268: 792, 269: 296, 270: 58, 271: 296, 272: 58, 273: 44, 274: 282, 275: 44, 276: 282, 277: 296, 278: 58, 281: 394, 282: 156, 283: 128, 284: 366, 285: 16, 286: 254, 287: 554, 288: 792, 289: 792, 290: 554, 291: 156, 292: 394, 293: 142, 294: 380, 295: 792, 296: 554, 299: 254, 300: 16, 301: 156, 302: 394, 303: 324, 304: 86, 305: 554, 306: 792, 307: 512, 308: 750, 309: 394, 310: 156, 311: 30, 312: 268, 313: 296, 314: 58, 321: 254, 322: 16, 323: 156, 324: 394, 325: 456, 326: 694, 327: 310, 328: 72, 329: 254, 330: 16, 335: 792, 336: 554, 337: 554, 338: 792, 341: 394, 342: 156, 343: 394, 344: 156, 349: 282, 350: 44, 351: 708, 352: 470, 353: 694, 354: 456, 369: 778, 370: 540, 371: 442, 372: 680, 373: 722, 374: 484, 375: 142, 376: 380, 377: 352, 378: 114, 379: 338, 380: 100, 381: 100, 382: 338, 385: 778, 386: 540, 391: 722, 392: 484, 393: 778, 394: 540, 401: 380, 402: 142, 403: 296, 404: 58, 405: 428, 406: 666, 413: 778, 414: 540, 435: 72, 436: 310, 439: 394, 440: 156, 443: 16, 444: 254, 449: 764, 450: 526, 471: 142, 472: 380, 473: 366, 474: 128, 475: 484, 476: 722, 477: 694, 478: 456, 479: 268, 480: 30, 481: 142, 482: 380, 517: 680, 518: 442, 519: 442, 520: 680, 537: 156, 538: 394, 539: 100, 540: 338, 541: 428, 542: 666, 545: 652, 546: 414, 551: 792, 552: 554, 553: 282, 554: 44, 555: 442, 556: 680, 557: 540, 558: 778, 559: 352, 560: 114, 561: 142, 562: 380, 563: 708, 564: 470, 565: 540, 566: 778, 567: 268, 568: 30, 569: 540, 570: 778, 571: 484, 572: 722, 573: 30, 574: 268, 575: 58, 576: 296, 577: 554, 578: 792, 579: 652, 580: 414, 581: 16, 582: 254, 583: 778, 584: 540, 585: 366, 586: 128, 587: 708, 588: 470, 589: 394, 590: 156, 591: 526, 592: 764, 593: 282, 594: 44, 595: 442, 596: 680, 597: 310, 598: 72, 599: 708, 600: 470, 601: 268, 602: 30, 603: 498, 604: 736, 605: 540, 606: 778, 607: 338, 608: 100, 613: 310, 614: 72, 615: 100, 616: 338, 617: 764, 618: 526, 619: 540, 620: 778, 621: 540, 622: 778, 623: 666, 624: 428, 625: 58, 626: 296, 629: 310, 630: 72, 631: 540, 632: 778, 633: 128, 634: 366, 635: 708, 636: 470, 639: 86, 640: 324, 641: 128, 642: 366, 643: 128, 644: 366, 645: 44, 646: 282, 651: 324, 652: 86, 653: 694, 654: 456, 661: 680, 662: 442, 663: 442, 664: 680, 665: 394, 666: 156, 667: 778, 668: 540, 671: 296, 672: 58, 711: 394, 712: 156, 713: 296, 714: 58, 715: 694, 716: 456, 717: 142, 718: 380, 719: 254, 720: 16, 721: 554, 722: 792, 723: 456, 724: 694, 739: 708, 740: 470, 741: 470, 742: 708, 743: 352, 744: 114, 745: 58, 746: 296, 747: 498, 748: 736, 751: 540, 752: 778, 753: 30, 754: 268, 755: 694, 756: 456, 757: 114, 758: 352, 759: 428, 760: 666, 763: 540, 764: 778, 765: 16, 766: 254, 767: 324, 768: 86, 769: 268, 770: 30, 773: 114, 774: 352, 775: 526, 776: 764, 783: 778, 784: 540, 785: 722, 786: 484, 787: 540, 788: 778, 789: 282, 790: 44, 791: 778, 792: 540, 793: 380, 794: 142, 795: 540, 796: 778, 797: 428, 798: 666, 799: 282, 800: 44, 801: 764, 802: 526, 803: 30, 804: 268, 805: 484, 806: 722, 807: 30, 808: 268, 809: 554, 810: 792, 811: 498, 812: 736, 813: 352, 814: 114, 815: 498, 816: 736, 817: 268, 818: 30, 825: 268, 826: 30, 827: 694, 828: 456, 829: 778, 830: 540, 879: 380, 880: 142, 911: 114, 912: 352, 913: 380, 914: 142, 915: 128, 916: 366}
Number of lables used:  44
Total time: 26.81 seconds
Memory used: 4436.00 MB
--------------------------------------------------
Number of label variables:  48
Number of clauses for label constraints:  15612
Number of new variables for cardinality constraints:  1161
Number of clauses for cardinality constraints:  4558
Initial variable count:  7675336
Initial clause count:  20407604
--------------------------------------------------

Trying with at most 43 labels...
[runlim] sample:		29.98 time, 30.01 real, 5155 MB, 1.04 load
[runlim] sample:		39.96 time, 40.01 real, 4884 MB, 1.04 load
Solution:
{13: 156, 14: 394, 15: 156, 16: 394, 53: 16, 54: 254, 71: 30, 72: 268, 79: 540, 80: 778, 81: 338, 82: 100, 83: 128, 84: 366, 85: 414, 86: 652, 117: 792, 118: 554, 119: 554, 120: 792, 127: 58, 128: 296, 129: 792, 130: 554, 143: 666, 144: 428, 145: 442, 146: 680, 151: 72, 152: 310, 153: 428, 154: 666, 163: 156, 164: 394, 165: 792, 166: 554, 179: 44, 180: 282, 181: 254, 182: 16, 183: 442, 184: 680, 191: 736, 192: 498, 193: 310, 194: 72, 205: 324, 206: 86, 209: 736, 210: 498, 211: 792, 212: 554, 213: 324, 214: 86, 217: 764, 218: 526, 219: 394, 220: 156, 233: 442, 234: 680, 235: 30, 236: 268, 237: 498, 238: 736, 255: 16, 256: 254, 259: 16, 260: 254, 261: 554, 262: 792, 263: 296, 264: 58, 265: 86, 266: 324, 267: 554, 268: 792, 269: 296, 270: 58, 271: 296, 272: 58, 273: 16, 274: 254, 275: 16, 276: 254, 277: 296, 278: 58, 281: 366, 282: 128, 283: 128, 284: 366, 285: 16, 286: 254, 287: 254, 288: 16, 289: 736, 290: 498, 291: 156, 292: 394, 293: 142, 294: 380, 295: 792, 296: 554, 299: 254, 300: 16, 301: 156, 302: 394, 303: 324, 304: 86, 305: 554, 306: 792, 307: 526, 308: 764, 309: 394, 310: 156, 311: 30, 312: 268, 313: 310, 314: 72, 321: 254, 322: 16, 323: 156, 324: 394, 325: 456, 326: 694, 327: 310, 328: 72, 329: 254, 330: 16, 335: 792, 336: 554, 337: 442, 338: 680, 341: 394, 342: 156, 343: 394, 344: 156, 349: 282, 350: 44, 351: 680, 352: 442, 353: 694, 354: 456, 369: 778, 370: 540, 371: 442, 372: 680, 373: 722, 374: 484, 375: 142, 376: 380, 377: 352, 378: 114, 379: 338, 380: 100, 381: 30, 382: 268, 385: 778, 386: 540, 391: 722, 392: 484, 393: 778, 394: 540, 401: 380, 402: 142, 403: 296, 404: 58, 405: 428, 406: 666, 413: 722, 414: 484, 435: 30, 436: 268, 439: 394, 440: 156, 443: 16, 444: 254, 449: 764, 450: 526, 471: 680, 472: 442, 473: 366, 474: 128, 475: 484, 476: 722, 477: 680, 478: 442, 479: 268, 480: 30, 481: 142, 482: 380, 517: 680, 518: 442, 519: 442, 520: 680, 537: 156, 538: 394, 539: 100, 540: 338, 541: 428, 542: 666, 545: 652, 546: 414, 551: 792, 552: 554, 553: 282, 554: 44, 555: 428, 556: 666, 557: 540, 558: 778, 559: 380, 560: 142, 561: 142, 562: 380, 563: 708, 564: 470, 565: 526, 566: 764, 567: 268, 568: 30, 569: 540, 570: 778, 571: 484, 572: 722, 573: 30, 574: 268, 575: 58, 576: 296, 577: 554, 578: 792, 579: 652, 580: 414, 581: 16, 582: 254, 583: 764, 584: 526, 585: 366, 586: 128, 587: 694, 588: 456, 589: 254, 590: 16, 591: 526, 592: 764, 593: 282, 594: 44, 595: 442, 596: 680, 597: 310, 598: 72, 599: 680, 600: 442, 601: 296, 602: 58, 603: 456, 604: 694, 605: 268, 606: 30, 607: 324, 608: 86, 613: 310, 614: 72, 615: 100, 616: 338, 617: 764, 618: 526, 619: 540, 620: 778, 621: 540, 622: 778, 623: 666, 624: 428, 625: 30, 626: 268, 629: 282, 630: 44, 631: 428, 632: 666, 633: 114, 634: 352, 635: 694, 636: 456, 639: 86, 640: 324, 641: 128, 642: 366, 643: 128, 644: 366, 645: 16, 646: 254, 651: 16, 652: 254, 653: 694, 654: 456, 661: 652, 662: 414, 663: 442, 664: 680, 665: 394, 666: 156, 667: 778, 668: 540, 671: 310, 672: 72, 711: 394, 712: 156, 713: 296, 714: 58, 715: 694, 716: 456, 717: 128, 718: 366, 719: 254, 720: 16, 721: 554, 722: 792, 723: 442, 724: 680, 739: 666, 740: 428, 741: 470, 742: 708, 743: 352, 744: 114, 745: 30, 746: 268, 747: 498, 748: 736, 751: 540, 752: 778, 753: 30, 754: 268, 755: 694, 756: 456, 757: 142, 758: 380, 759: 540, 760: 778, 763: 540, 764: 778, 765: 16, 766: 254, 767: 324, 768: 86, 769: 310, 770: 72, 773: 86, 774: 324, 775: 456, 776: 694, 783: 778, 784: 540, 785: 694, 786: 456, 787: 484, 788: 722, 789: 282, 790: 44, 791: 680, 792: 442, 793: 268, 794: 30, 795: 540, 796: 778, 797: 470, 798: 708, 799: 268, 800: 30, 801: 764, 802: 526, 803: 30, 804: 268, 805: 484, 806: 722, 807: 30, 808: 268, 809: 554, 810: 792, 811: 498, 812: 736, 813: 352, 814: 114, 815: 498, 816: 736, 817: 310, 818: 72, 825: 268, 826: 30, 827: 694, 828: 456, 829: 778, 830: 540, 879: 30, 880: 268, 911: 114, 912: 352, 913: 310, 914: 72, 915: 128, 916: 366}
Number of lables used:  42
Total time: 41.99 seconds
Memory used: 4884.02 MB
--------------------------------------------------

Trying with at most 41 labels...
Solution:
{13: 156, 14: 394, 15: 156, 16: 394, 53: 16, 54: 254, 71: 30, 72: 268, 79: 540, 80: 778, 81: 268, 82: 30, 83: 128, 84: 366, 85: 414, 86: 652, 117: 792, 118: 554, 119: 554, 120: 792, 127: 16, 128: 254, 129: 792, 130: 554, 143: 666, 144: 428, 145: 442, 146: 680, 151: 72, 152: 310, 153: 428, 154: 666, 163: 156, 164: 394, 165: 792, 166: 554, 179: 44, 180: 282, 181: 254, 182: 16, 183: 442, 184: 680, 191: 736, 192: 498, 193: 310, 194: 72, 205: 310, 206: 72, 209: 736, 210: 498, 211: 792, 212: 554, 213: 310, 214: 72, 217: 764, 218: 526, 219: 394, 220: 156, 233: 442, 234: 680, 235: 30, 236: 268, 237: 498, 238: 736, 255: 16, 256: 254, 259: 16, 260: 254, 261: 554, 262: 792, 263: 296, 264: 58, 265: 86, 266: 324, 267: 554, 268: 792, 269: 296, 270: 58, 271: 296, 272: 58, 273: 16, 274: 254, 275: 16, 276: 254, 277: 296, 278: 58, 281: 366, 282: 128, 283: 128, 284: 366, 285: 16, 286: 254, 287: 254, 288: 16, 289: 736, 290: 498, 291: 156, 292: 394, 293: 380, 294: 142, 295: 792, 296: 554, 299: 254, 300: 16, 301: 156, 302: 394, 303: 324, 304: 86, 305: 554, 306: 792, 307: 526, 308: 764, 309: 394, 310: 156, 311: 30, 312: 268, 313: 310, 314: 72, 321: 254, 322: 16, 323: 156, 324: 394, 325: 456, 326: 694, 327: 310, 328: 72, 329: 254, 330: 16, 335: 792, 336: 554, 337: 442, 338: 680, 341: 394, 342: 156, 343: 394, 344: 156, 349: 282, 350: 44, 351: 680, 352: 442, 353: 694, 354: 456, 369: 778, 370: 540, 371: 442, 372: 680, 373: 722, 374: 484, 375: 142, 376: 380, 377: 352, 378: 114, 379: 352, 380: 114, 381: 30, 382: 268, 385: 778, 386: 540, 391: 722, 392: 484, 393: 778, 394: 540, 401: 380, 402: 142, 403: 268, 404: 30, 405: 428, 406: 666, 413: 778, 414: 540, 435: 30, 436: 268, 439: 394, 440: 156, 443: 16, 444: 254, 449: 764, 450: 526, 471: 680, 472: 442, 473: 366, 474: 128, 475: 484, 476: 722, 477: 680, 478: 442, 479: 268, 480: 30, 481: 142, 482: 380, 517: 680, 518: 442, 519: 442, 520: 680, 537: 128, 538: 366, 539: 72, 540: 310, 541: 428, 542: 666, 545: 652, 546: 414, 551: 792, 552: 554, 553: 254, 554: 16, 555: 428, 556: 666, 557: 526, 558: 764, 559: 380, 560: 142, 561: 142, 562: 380, 563: 708, 564: 470, 565: 526, 566: 764, 567: 268, 568: 30, 569: 540, 570: 778, 571: 484, 572: 722, 573: 30, 574: 268, 575: 58, 576: 296, 577: 554, 578: 792, 579: 652, 580: 414, 581: 16, 582: 254, 583: 764, 584: 526, 585: 366, 586: 128, 587: 652, 588: 414, 589: 254, 590: 16, 591: 526, 592: 764, 593: 282, 594: 44, 595: 442, 596: 680, 597: 310, 598: 72, 599: 680, 600: 442, 601: 296, 602: 58, 603: 456, 604: 694, 605: 268, 606: 30, 607: 324, 608: 86, 613: 310, 614: 72, 615: 86, 616: 324, 617: 764, 618: 526, 619: 540, 620: 778, 621: 540, 622: 778, 623: 666, 624: 428, 625: 30, 626: 268, 629: 282, 630: 44, 631: 428, 632: 666, 633: 114, 634: 352, 635: 694, 636: 456, 639: 86, 640: 324, 641: 128, 642: 366, 643: 128, 644: 366, 645: 16, 646: 254, 651: 16, 652: 254, 653: 694, 654: 456, 661: 652, 662: 414, 663: 442, 664: 680, 665: 394, 666: 156, 667: 778, 668: 540, 671: 310, 672: 72, 711: 394, 712: 156, 713: 296, 714: 58, 715: 694, 716: 456, 717: 128, 718: 366, 719: 254, 720: 16, 721: 540, 722: 778, 723: 442, 724: 680, 739: 666, 740: 428, 741: 470, 742: 708, 743: 352, 744: 114, 745: 30, 746: 268, 747: 498, 748: 736, 751: 540, 752: 778, 753: 30, 754: 268, 755: 694, 756: 456, 757: 142, 758: 380, 759: 540, 760: 778, 763: 540, 764: 778, 765: 16, 766: 254, 767: 324, 768: 86, 769: 310, 770: 72, 773: 86, 774: 324, 775: 456, 776: 694, 783: 778, 784: 540, 785: 694, 786: 456, 787: 484, 788: 722, 789: 268, 790: 30, 791: 708, 792: 470, 793: 380, 794: 142, 795: 540, 796: 778, 797: 470, 798: 708, 799: 282, 800: 44, 801: 764, 802: 526, 803: 30, 804: 268, 805: 484, 806: 722, 807: 30, 808: 268, 809: 554, 810: 792, 811: 498, 812: 736, 813: 352, 814: 114, 815: 498, 816: 736, 817: 310, 818: 72, 825: 268, 826: 30, 827: 694, 828: 456, 829: 778, 830: 540, 879: 30, 880: 268, 911: 114, 912: 352, 913: 310, 914: 72, 915: 128, 916: 366}
Number of lables used:  40
Total time: 43.92 seconds
Memory used: 4884.01 MB
--------------------------------------------------

Trying with at most 39 labels...
[runlim] sample:		49.95 time, 50.01 real, 4920 MB, 1.03 load
[runlim] sample:		59.94 time, 60.01 real, 4907 MB, 1.02 load
[runlim] sample:		69.94 time, 70.01 real, 4888 MB, 1.02 load
[runlim] sample:		79.93 time, 80.01 real, 4745 MB, 1.25 load
[runlim] sample:		89.92 time, 90.01 real, 5060 MB, 1.21 load
Cannot find solution.
No more solutions found.
Optimal number of labels used:  40
Total time: 94.62 seconds
Memory used: 3850.06 MB
[runlim] end:			Sun Jun 14 00:22:58 2026
[runlim] status:		ok
[runlim] result:		0
[runlim] children:		1
[runlim] processes:		2
[runlim] real:			95.05 seconds
[runlim] time:			94.92 seconds
[runlim] space:			6028 MB
[runlim] load:			1.25 maximum
[runlim] samples:		951
