[runlim] version:		2.0.0rc12
[runlim] host:			ap-Precision-7550
[runlim] time limit:		311040000 seconds
[runlim] real time limit:	600 seconds
[runlim] space limit:		14000 MB
[runlim] argv[0]:		python3
[runlim] argv[1]:		-u
[runlim] argv[2]:		pairwise_no_preprocessing.py
[runlim] argv[3]:		TUD200.3
[runlim] argv[4]:		assumptions
[runlim] argv[5]:		6
[runlim] argv[6]:		card
[runlim] argv[7]:		6
[runlim] start:			Sun Jun 14 00:25:30 2026
[runlim] child:			17622
Exactly-one cardinality encoding:  6
Distance constraint mode:  card
Distance cardinality encoding:  6
Number of assignment variables:  7240
Number of clauses for exactly one constraints:  178180
Number of clauses for distance constraints:  1540805
---------------------------------------------------
Solve first problem:
Solution:
{1: 428, 2: 666, 3: 30, 4: 268, 5: 16, 6: 254, 7: 142, 8: 380, 9: 380, 10: 142, 11: 478, 12: 240, 13: 680, 14: 442, 15: 380, 16: 142, 17: 240, 18: 478, 19: 128, 20: 366, 21: 268, 22: 30, 23: 338, 24: 100, 25: 554, 26: 792, 27: 680, 28: 442, 29: 792, 30: 554, 31: 428, 32: 666, 33: 338, 34: 100, 35: 366, 36: 128, 37: 58, 38: 296, 39: 792, 40: 554, 41: 72, 42: 310, 43: 666, 44: 428, 45: 394, 46: 156, 47: 442, 48: 680, 49: 16, 50: 254, 51: 484, 52: 722, 53: 652, 54: 414, 55: 72, 56: 310, 57: 352, 58: 114, 59: 792, 60: 554, 61: 16, 62: 254, 63: 554, 64: 792, 65: 708, 66: 470, 67: 296, 68: 58, 69: 114, 70: 352, 71: 442, 72: 680, 73: 142, 74: 380, 75: 394, 76: 156, 77: 58, 78: 296, 79: 44, 80: 282, 81: 16, 82: 254, 83: 310, 84: 72, 85: 282, 86: 44, 87: 470, 88: 708, 89: 526, 90: 764, 91: 30, 92: 268, 93: 540, 94: 778, 95: 414, 96: 652, 97: 240, 98: 478, 99: 170, 100: 408, 101: 366, 102: 128, 103: 310, 104: 72, 105: 394, 106: 156, 107: 394, 108: 156, 109: 442, 110: 680, 111: 778, 112: 540, 113: 652, 114: 414, 115: 792, 116: 554, 117: 540, 118: 778, 119: 778, 120: 540, 121: 240, 122: 478, 123: 30, 124: 268, 125: 778, 126: 540, 127: 736, 128: 498, 129: 100, 130: 338, 131: 478, 132: 240, 133: 282, 134: 44, 135: 338, 136: 100, 137: 470, 138: 708, 139: 268, 140: 30, 141: 296, 142: 58, 143: 694, 144: 456, 145: 16, 146: 254, 147: 296, 148: 58, 149: 268, 150: 30, 151: 666, 152: 428, 153: 666, 154: 428, 155: 722, 156: 484, 157: 366, 158: 128, 159: 30, 160: 268, 161: 540, 162: 778, 163: 254, 164: 16, 165: 254, 166: 16, 167: 764, 168: 526, 169: 394, 170: 156, 171: 16, 172: 254, 173: 128, 174: 366, 175: 792, 176: 554, 177: 156, 178: 394, 179: 170, 180: 408, 181: 652, 182: 414, 183: 540, 184: 778, 185: 380, 186: 142, 187: 254, 188: 16, 189: 86, 190: 324, 191: 268, 192: 30, 193: 338, 194: 100, 195: 736, 196: 498, 197: 254, 198: 16, 199: 540, 200: 778}
Number of lables used:  46
Total time: 1.59 seconds
Memory used: 403.58 MB
--------------------------------------------------
Number of label variables:  48
Number of clauses for label constraints:  7240
Number of new variables for cardinality constraints:  1170
Number of clauses for cardinality constraints:  4590
Initial variable count:  611607
Initial clause count:  1730963
--------------------------------------------------

Trying with at most 45 labels...
Solution:
{1: 428, 2: 666, 3: 30, 4: 268, 5: 652, 6: 414, 7: 470, 8: 708, 9: 296, 10: 58, 11: 478, 12: 240, 13: 498, 14: 736, 15: 380, 16: 142, 17: 380, 18: 142, 19: 128, 20: 366, 21: 680, 22: 442, 23: 666, 24: 428, 25: 456, 26: 694, 27: 708, 28: 470, 29: 470, 30: 708, 31: 428, 32: 666, 33: 666, 34: 428, 35: 680, 36: 442, 37: 86, 38: 324, 39: 680, 40: 442, 41: 86, 42: 324, 43: 666, 44: 428, 45: 394, 46: 156, 47: 30, 48: 268, 49: 414, 50: 652, 51: 282, 52: 44, 53: 366, 54: 128, 55: 100, 56: 338, 57: 30, 58: 268, 59: 708, 60: 470, 61: 254, 62: 16, 63: 414, 64: 652, 65: 722, 66: 484, 67: 338, 68: 100, 69: 268, 70: 30, 71: 442, 72: 680, 73: 142, 74: 380, 75: 708, 76: 470, 77: 58, 78: 296, 79: 666, 80: 428, 81: 16, 82: 254, 83: 310, 84: 72, 85: 282, 86: 44, 87: 268, 88: 30, 89: 16, 90: 254, 91: 30, 92: 268, 93: 708, 94: 470, 95: 282, 96: 44, 97: 240, 98: 478, 99: 478, 100: 240, 101: 708, 102: 470, 103: 652, 104: 414, 105: 310, 106: 72, 107: 394, 108: 156, 109: 456, 110: 694, 111: 750, 112: 512, 113: 694, 114: 456, 115: 142, 116: 380, 117: 352, 118: 114, 119: 736, 120: 498, 121: 380, 122: 142, 123: 58, 124: 296, 125: 86, 126: 324, 127: 652, 128: 414, 129: 414, 130: 652, 131: 142, 132: 380, 133: 282, 134: 44, 135: 324, 136: 86, 137: 30, 138: 268, 139: 30, 140: 268, 141: 296, 142: 58, 143: 652, 144: 414, 145: 16, 146: 254, 147: 296, 148: 58, 149: 16, 150: 254, 151: 694, 152: 456, 153: 414, 154: 652, 155: 722, 156: 484, 157: 380, 158: 142, 159: 30, 160: 268, 161: 30, 162: 268, 163: 254, 164: 16, 165: 16, 166: 254, 167: 128, 168: 366, 169: 352, 170: 114, 171: 16, 172: 254, 173: 100, 174: 338, 175: 498, 176: 736, 177: 156, 178: 394, 179: 142, 180: 380, 181: 652, 182: 414, 183: 428, 184: 666, 185: 380, 186: 142, 187: 722, 188: 484, 189: 86, 190: 324, 191: 338, 192: 100, 193: 722, 194: 484, 195: 414, 196: 652, 197: 310, 198: 72, 199: 380, 200: 142}
Number of lables used:  40
Total time: 1.67 seconds
Memory used: 408.49 MB
--------------------------------------------------

Trying with at most 39 labels...
Solution:
{1: 428, 2: 666, 3: 30, 4: 268, 5: 652, 6: 414, 7: 470, 8: 708, 9: 296, 10: 58, 11: 478, 12: 240, 13: 498, 14: 736, 15: 380, 16: 142, 17: 380, 18: 142, 19: 128, 20: 366, 21: 680, 22: 442, 23: 666, 24: 428, 25: 456, 26: 694, 27: 708, 28: 470, 29: 470, 30: 708, 31: 428, 32: 666, 33: 470, 34: 708, 35: 680, 36: 442, 37: 86, 38: 324, 39: 680, 40: 442, 41: 86, 42: 324, 43: 666, 44: 428, 45: 394, 46: 156, 47: 30, 48: 268, 49: 414, 50: 652, 51: 282, 52: 44, 53: 366, 54: 128, 55: 100, 56: 338, 57: 30, 58: 268, 59: 708, 60: 470, 61: 254, 62: 16, 63: 414, 64: 652, 65: 722, 66: 484, 67: 338, 68: 100, 69: 268, 70: 30, 71: 442, 72: 680, 73: 142, 74: 380, 75: 498, 76: 736, 77: 58, 78: 296, 79: 666, 80: 428, 81: 16, 82: 254, 83: 310, 84: 72, 85: 282, 86: 44, 87: 268, 88: 30, 89: 16, 90: 254, 91: 30, 92: 268, 93: 708, 94: 470, 95: 282, 96: 44, 97: 240, 98: 478, 99: 478, 100: 240, 101: 708, 102: 470, 103: 652, 104: 414, 105: 310, 106: 72, 107: 394, 108: 156, 109: 456, 110: 694, 111: 428, 112: 666, 113: 694, 114: 456, 115: 142, 116: 380, 117: 352, 118: 114, 119: 736, 120: 498, 121: 380, 122: 142, 123: 58, 124: 296, 125: 86, 126: 324, 127: 652, 128: 414, 129: 414, 130: 652, 131: 142, 132: 380, 133: 282, 134: 44, 135: 324, 136: 86, 137: 30, 138: 268, 139: 30, 140: 268, 141: 296, 142: 58, 143: 652, 144: 414, 145: 16, 146: 254, 147: 296, 148: 58, 149: 16, 150: 254, 151: 694, 152: 456, 153: 414, 154: 652, 155: 380, 156: 142, 157: 380, 158: 142, 159: 456, 160: 694, 161: 30, 162: 268, 163: 254, 164: 16, 165: 16, 166: 254, 167: 128, 168: 366, 169: 352, 170: 114, 171: 16, 172: 254, 173: 100, 174: 338, 175: 498, 176: 736, 177: 156, 178: 394, 179: 142, 180: 380, 181: 652, 182: 414, 183: 428, 184: 666, 185: 380, 186: 142, 187: 722, 188: 484, 189: 86, 190: 324, 191: 338, 192: 100, 193: 722, 194: 484, 195: 414, 196: 652, 197: 310, 198: 72, 199: 380, 200: 142}
Number of lables used:  38
Total time: 1.74 seconds
Memory used: 408.50 MB
--------------------------------------------------

Trying with at most 37 labels...
Solution:
{1: 428, 2: 666, 3: 30, 4: 268, 5: 652, 6: 414, 7: 470, 8: 708, 9: 296, 10: 58, 11: 478, 12: 240, 13: 498, 14: 736, 15: 380, 16: 142, 17: 380, 18: 142, 19: 128, 20: 366, 21: 680, 22: 442, 23: 666, 24: 428, 25: 456, 26: 694, 27: 708, 28: 470, 29: 470, 30: 708, 31: 428, 32: 666, 33: 470, 34: 708, 35: 694, 36: 456, 37: 86, 38: 324, 39: 680, 40: 442, 41: 86, 42: 324, 43: 666, 44: 428, 45: 352, 46: 114, 47: 30, 48: 268, 49: 414, 50: 652, 51: 282, 52: 44, 53: 366, 54: 128, 55: 100, 56: 338, 57: 30, 58: 268, 59: 708, 60: 470, 61: 254, 62: 16, 63: 414, 64: 652, 65: 722, 66: 484, 67: 338, 68: 100, 69: 268, 70: 30, 71: 442, 72: 680, 73: 142, 74: 380, 75: 498, 76: 736, 77: 58, 78: 296, 79: 666, 80: 428, 81: 16, 82: 254, 83: 310, 84: 72, 85: 282, 86: 44, 87: 498, 88: 736, 89: 16, 90: 254, 91: 30, 92: 268, 93: 708, 94: 470, 95: 282, 96: 44, 97: 240, 98: 478, 99: 478, 100: 240, 101: 708, 102: 470, 103: 652, 104: 414, 105: 310, 106: 72, 107: 310, 108: 72, 109: 456, 110: 694, 111: 428, 112: 666, 113: 694, 114: 456, 115: 142, 116: 380, 117: 352, 118: 114, 119: 736, 120: 498, 121: 380, 122: 142, 123: 58, 124: 296, 125: 86, 126: 324, 127: 652, 128: 414, 129: 414, 130: 652, 131: 142, 132: 380, 133: 282, 134: 44, 135: 324, 136: 86, 137: 30, 138: 268, 139: 30, 140: 268, 141: 296, 142: 58, 143: 652, 144: 414, 145: 16, 146: 254, 147: 296, 148: 58, 149: 16, 150: 254, 151: 694, 152: 456, 153: 428, 154: 666, 155: 380, 156: 142, 157: 380, 158: 142, 159: 456, 160: 694, 161: 30, 162: 268, 163: 254, 164: 16, 165: 16, 166: 254, 167: 128, 168: 366, 169: 352, 170: 114, 171: 16, 172: 254, 173: 100, 174: 338, 175: 498, 176: 736, 177: 652, 178: 414, 179: 142, 180: 380, 181: 652, 182: 414, 183: 428, 184: 666, 185: 380, 186: 142, 187: 722, 188: 484, 189: 86, 190: 324, 191: 338, 192: 100, 193: 722, 194: 484, 195: 414, 196: 652, 197: 310, 198: 72, 199: 380, 200: 142}
Number of lables used:  36
Total time: 1.80 seconds
Memory used: 408.50 MB
--------------------------------------------------

Trying with at most 35 labels...
Solution:
{1: 428, 2: 666, 3: 30, 4: 268, 5: 652, 6: 414, 7: 470, 8: 708, 9: 296, 10: 58, 11: 478, 12: 240, 13: 498, 14: 736, 15: 498, 16: 736, 17: 380, 18: 142, 19: 128, 20: 366, 21: 680, 22: 442, 23: 666, 24: 428, 25: 456, 26: 694, 27: 708, 28: 470, 29: 470, 30: 708, 31: 428, 32: 666, 33: 470, 34: 708, 35: 694, 36: 456, 37: 86, 38: 324, 39: 680, 40: 442, 41: 86, 42: 324, 43: 666, 44: 428, 45: 352, 46: 114, 47: 30, 48: 268, 49: 414, 50: 652, 51: 282, 52: 44, 53: 380, 54: 142, 55: 100, 56: 338, 57: 30, 58: 268, 59: 708, 60: 470, 61: 254, 62: 16, 63: 414, 64: 652, 65: 722, 66: 484, 67: 352, 68: 114, 69: 268, 70: 30, 71: 442, 72: 680, 73: 142, 74: 380, 75: 498, 76: 736, 77: 58, 78: 296, 79: 666, 80: 428, 81: 16, 82: 254, 83: 282, 84: 44, 85: 282, 86: 44, 87: 268, 88: 30, 89: 16, 90: 254, 91: 30, 92: 268, 93: 708, 94: 470, 95: 282, 96: 44, 97: 240, 98: 478, 99: 478, 100: 240, 101: 708, 102: 470, 103: 100, 104: 338, 105: 324, 106: 86, 107: 414, 108: 652, 109: 456, 110: 694, 111: 428, 112: 666, 113: 694, 114: 456, 115: 142, 116: 380, 117: 352, 118: 114, 119: 736, 120: 498, 121: 380, 122: 142, 123: 58, 124: 296, 125: 86, 126: 324, 127: 652, 128: 414, 129: 414, 130: 652, 131: 142, 132: 380, 133: 282, 134: 44, 135: 324, 136: 86, 137: 30, 138: 268, 139: 30, 140: 268, 141: 296, 142: 58, 143: 652, 144: 414, 145: 16, 146: 254, 147: 296, 148: 58, 149: 16, 150: 254, 151: 694, 152: 456, 153: 428, 154: 666, 155: 380, 156: 142, 157: 380, 158: 142, 159: 456, 160: 694, 161: 30, 162: 268, 163: 254, 164: 16, 165: 16, 166: 254, 167: 128, 168: 366, 169: 352, 170: 114, 171: 16, 172: 254, 173: 100, 174: 338, 175: 498, 176: 736, 177: 652, 178: 414, 179: 142, 180: 380, 181: 652, 182: 414, 183: 428, 184: 666, 185: 380, 186: 142, 187: 722, 188: 484, 189: 86, 190: 324, 191: 338, 192: 100, 193: 722, 194: 484, 195: 414, 196: 652, 197: 324, 198: 86, 199: 296, 200: 58}
Number of lables used:  34
Total time: 1.86 seconds
Memory used: 408.50 MB
--------------------------------------------------

Trying with at most 33 labels...
Solution:
{1: 428, 2: 666, 3: 30, 4: 268, 5: 652, 6: 414, 7: 736, 8: 498, 9: 296, 10: 58, 11: 478, 12: 240, 13: 498, 14: 736, 15: 352, 16: 114, 17: 380, 18: 142, 19: 128, 20: 366, 21: 680, 22: 442, 23: 666, 24: 428, 25: 456, 26: 694, 27: 722, 28: 484, 29: 324, 30: 86, 31: 428, 32: 666, 33: 484, 34: 722, 35: 44, 36: 282, 37: 86, 38: 324, 39: 680, 40: 442, 41: 86, 42: 324, 43: 666, 44: 428, 45: 352, 46: 114, 47: 30, 48: 268, 49: 380, 50: 142, 51: 722, 52: 484, 53: 380, 54: 142, 55: 100, 56: 338, 57: 30, 58: 268, 59: 58, 60: 296, 61: 254, 62: 16, 63: 414, 64: 652, 65: 722, 66: 484, 67: 414, 68: 652, 69: 268, 70: 30, 71: 442, 72: 680, 73: 142, 74: 380, 75: 498, 76: 736, 77: 58, 78: 296, 79: 666, 80: 428, 81: 16, 82: 254, 83: 282, 84: 44, 85: 282, 86: 44, 87: 268, 88: 30, 89: 128, 90: 366, 91: 30, 92: 268, 93: 722, 94: 484, 95: 282, 96: 44, 97: 240, 98: 478, 99: 478, 100: 240, 101: 338, 102: 100, 103: 100, 104: 338, 105: 324, 106: 86, 107: 414, 108: 652, 109: 456, 110: 694, 111: 428, 112: 666, 113: 142, 114: 380, 115: 142, 116: 380, 117: 352, 118: 114, 119: 736, 120: 498, 121: 380, 122: 142, 123: 58, 124: 296, 125: 86, 126: 324, 127: 652, 128: 414, 129: 414, 130: 652, 131: 142, 132: 380, 133: 282, 134: 44, 135: 736, 136: 498, 137: 30, 138: 268, 139: 30, 140: 268, 141: 296, 142: 58, 143: 652, 144: 414, 145: 16, 146: 254, 147: 296, 148: 58, 149: 16, 150: 254, 151: 694, 152: 456, 153: 16, 154: 254, 155: 380, 156: 142, 157: 380, 158: 142, 159: 456, 160: 694, 161: 30, 162: 268, 163: 736, 164: 498, 165: 16, 166: 254, 167: 128, 168: 366, 169: 352, 170: 114, 171: 16, 172: 254, 173: 100, 174: 338, 175: 722, 176: 484, 177: 652, 178: 414, 179: 142, 180: 380, 181: 652, 182: 414, 183: 428, 184: 666, 185: 380, 186: 142, 187: 722, 188: 484, 189: 86, 190: 324, 191: 380, 192: 142, 193: 722, 194: 484, 195: 442, 196: 680, 197: 324, 198: 86, 199: 296, 200: 58}
Number of lables used:  32
Total time: 1.92 seconds
Memory used: 408.52 MB
--------------------------------------------------

Trying with at most 31 labels...
Solution:
{1: 428, 2: 666, 3: 30, 4: 268, 5: 324, 6: 86, 7: 736, 8: 498, 9: 254, 10: 16, 11: 408, 12: 170, 13: 498, 14: 736, 15: 380, 16: 142, 17: 380, 18: 142, 19: 128, 20: 366, 21: 792, 22: 554, 23: 666, 24: 428, 25: 554, 26: 792, 27: 722, 28: 484, 29: 324, 30: 86, 31: 428, 32: 666, 33: 498, 34: 736, 35: 44, 36: 282, 37: 86, 38: 324, 39: 792, 40: 554, 41: 100, 42: 338, 43: 666, 44: 428, 45: 100, 46: 338, 47: 30, 48: 268, 49: 380, 50: 142, 51: 722, 52: 484, 53: 652, 54: 414, 55: 792, 56: 554, 57: 30, 58: 268, 59: 58, 60: 296, 61: 254, 62: 16, 63: 414, 64: 652, 65: 722, 66: 484, 67: 414, 68: 652, 69: 268, 70: 30, 71: 30, 72: 268, 73: 142, 74: 380, 75: 792, 76: 554, 77: 58, 78: 296, 79: 666, 80: 428, 81: 86, 82: 324, 83: 282, 84: 44, 85: 282, 86: 44, 87: 554, 88: 792, 89: 128, 90: 366, 91: 30, 92: 268, 93: 722, 94: 484, 95: 282, 96: 44, 97: 478, 98: 240, 99: 478, 100: 240, 101: 338, 102: 100, 103: 100, 104: 338, 105: 792, 106: 554, 107: 414, 108: 652, 109: 268, 110: 30, 111: 428, 112: 666, 113: 16, 114: 254, 115: 142, 116: 380, 117: 366, 118: 128, 119: 338, 120: 100, 121: 408, 122: 170, 123: 128, 124: 366, 125: 86, 126: 324, 127: 652, 128: 414, 129: 414, 130: 652, 131: 142, 132: 380, 133: 282, 134: 44, 135: 44, 136: 282, 137: 554, 138: 792, 139: 30, 140: 268, 141: 296, 142: 58, 143: 652, 144: 414, 145: 16, 146: 254, 147: 296, 148: 58, 149: 16, 150: 254, 151: 722, 152: 484, 153: 16, 154: 254, 155: 380, 156: 142, 157: 666, 158: 428, 159: 484, 160: 722, 161: 30, 162: 268, 163: 736, 164: 498, 165: 16, 166: 254, 167: 128, 168: 366, 169: 366, 170: 128, 171: 16, 172: 254, 173: 100, 174: 338, 175: 722, 176: 484, 177: 652, 178: 414, 179: 142, 180: 380, 181: 652, 182: 414, 183: 428, 184: 666, 185: 380, 186: 142, 187: 722, 188: 484, 189: 86, 190: 324, 191: 380, 192: 142, 193: 722, 194: 484, 195: 414, 196: 652, 197: 324, 198: 86, 199: 296, 200: 58}
Number of lables used:  30
Total time: 2.15 seconds
Memory used: 409.75 MB
--------------------------------------------------

Trying with at most 29 labels...
Solution:
{1: 428, 2: 666, 3: 30, 4: 268, 5: 324, 6: 86, 7: 268, 8: 30, 9: 254, 10: 16, 11: 408, 12: 170, 13: 554, 14: 792, 15: 380, 16: 142, 17: 170, 18: 408, 19: 128, 20: 366, 21: 792, 22: 554, 23: 666, 24: 428, 25: 554, 26: 792, 27: 722, 28: 484, 29: 324, 30: 86, 31: 428, 32: 666, 33: 30, 34: 268, 35: 44, 36: 282, 37: 86, 38: 324, 39: 792, 40: 554, 41: 100, 42: 338, 43: 666, 44: 428, 45: 100, 46: 338, 47: 30, 48: 268, 49: 380, 50: 142, 51: 722, 52: 484, 53: 652, 54: 414, 55: 792, 56: 554, 57: 30, 58: 268, 59: 58, 60: 296, 61: 338, 62: 100, 63: 414, 64: 652, 65: 722, 66: 484, 67: 414, 68: 652, 69: 268, 70: 30, 71: 30, 72: 268, 73: 142, 74: 380, 75: 722, 76: 484, 77: 58, 78: 296, 79: 666, 80: 428, 81: 86, 82: 324, 83: 282, 84: 44, 85: 282, 86: 44, 87: 554, 88: 792, 89: 128, 90: 366, 91: 30, 92: 268, 93: 722, 94: 484, 95: 554, 96: 792, 97: 478, 98: 240, 99: 478, 100: 240, 101: 792, 102: 554, 103: 100, 104: 338, 105: 792, 106: 554, 107: 414, 108: 652, 109: 268, 110: 30, 111: 428, 112: 666, 113: 16, 114: 254, 115: 142, 116: 380, 117: 366, 118: 128, 119: 338, 120: 100, 121: 408, 122: 170, 123: 142, 124: 380, 125: 666, 126: 428, 127: 652, 128: 414, 129: 44, 130: 282, 131: 142, 132: 380, 133: 282, 134: 44, 135: 44, 136: 282, 137: 554, 138: 792, 139: 30, 140: 268, 141: 296, 142: 58, 143: 414, 144: 652, 145: 16, 146: 254, 147: 296, 148: 58, 149: 16, 150: 254, 151: 722, 152: 484, 153: 16, 154: 254, 155: 380, 156: 142, 157: 666, 158: 428, 159: 792, 160: 554, 161: 30, 162: 268, 163: 484, 164: 722, 165: 16, 166: 254, 167: 128, 168: 366, 169: 366, 170: 128, 171: 380, 172: 142, 173: 100, 174: 338, 175: 484, 176: 722, 177: 652, 178: 414, 179: 142, 180: 380, 181: 652, 182: 414, 183: 428, 184: 666, 185: 380, 186: 142, 187: 722, 188: 484, 189: 86, 190: 324, 191: 380, 192: 142, 193: 722, 194: 484, 195: 414, 196: 652, 197: 324, 198: 86, 199: 296, 200: 58}
Number of lables used:  28
Total time: 2.21 seconds
Memory used: 409.77 MB
--------------------------------------------------

Trying with at most 27 labels...
Solution:
{1: 428, 2: 666, 3: 30, 4: 268, 5: 324, 6: 86, 7: 268, 8: 30, 9: 254, 10: 16, 11: 408, 12: 170, 13: 554, 14: 792, 15: 16, 16: 254, 17: 170, 18: 408, 19: 128, 20: 366, 21: 722, 22: 484, 23: 666, 24: 428, 25: 554, 26: 792, 27: 722, 28: 484, 29: 324, 30: 86, 31: 428, 32: 666, 33: 30, 34: 268, 35: 44, 36: 282, 37: 86, 38: 324, 39: 792, 40: 554, 41: 100, 42: 338, 43: 666, 44: 428, 45: 100, 46: 338, 47: 30, 48: 268, 49: 380, 50: 142, 51: 722, 52: 484, 53: 380, 54: 142, 55: 792, 56: 554, 57: 30, 58: 268, 59: 58, 60: 296, 61: 338, 62: 100, 63: 428, 64: 666, 65: 722, 66: 484, 67: 428, 68: 666, 69: 268, 70: 30, 71: 30, 72: 268, 73: 142, 74: 380, 75: 722, 76: 484, 77: 58, 78: 296, 79: 666, 80: 428, 81: 86, 82: 324, 83: 282, 84: 44, 85: 282, 86: 44, 87: 554, 88: 792, 89: 128, 90: 366, 91: 30, 92: 268, 93: 666, 94: 428, 95: 554, 96: 792, 97: 478, 98: 240, 99: 478, 100: 240, 101: 792, 102: 554, 103: 100, 104: 338, 105: 792, 106: 554, 107: 282, 108: 44, 109: 268, 110: 30, 111: 428, 112: 666, 113: 16, 114: 254, 115: 142, 116: 380, 117: 366, 118: 128, 119: 338, 120: 100, 121: 408, 122: 170, 123: 142, 124: 380, 125: 666, 126: 428, 127: 666, 128: 428, 129: 44, 130: 282, 131: 142, 132: 380, 133: 282, 134: 44, 135: 44, 136: 282, 137: 554, 138: 792, 139: 30, 140: 268, 141: 296, 142: 58, 143: 428, 144: 666, 145: 16, 146: 254, 147: 296, 148: 58, 149: 16, 150: 254, 151: 722, 152: 484, 153: 16, 154: 254, 155: 380, 156: 142, 157: 666, 158: 428, 159: 792, 160: 554, 161: 30, 162: 268, 163: 484, 164: 722, 165: 16, 166: 254, 167: 128, 168: 366, 169: 366, 170: 128, 171: 380, 172: 142, 173: 100, 174: 338, 175: 484, 176: 722, 177: 792, 178: 554, 179: 142, 180: 380, 181: 722, 182: 484, 183: 428, 184: 666, 185: 380, 186: 142, 187: 722, 188: 484, 189: 86, 190: 324, 191: 380, 192: 142, 193: 792, 194: 554, 195: 428, 196: 666, 197: 324, 198: 86, 199: 296, 200: 58}
Number of lables used:  26
Total time: 2.27 seconds
Memory used: 409.77 MB
--------------------------------------------------

Trying with at most 25 labels...
Solution:
{1: 128, 2: 366, 3: 30, 4: 268, 5: 58, 6: 296, 7: 268, 8: 30, 9: 296, 10: 58, 11: 240, 12: 478, 13: 554, 14: 792, 15: 792, 16: 554, 17: 142, 18: 380, 19: 44, 20: 282, 21: 128, 22: 366, 23: 296, 24: 58, 25: 554, 26: 792, 27: 792, 28: 554, 29: 324, 30: 86, 31: 456, 32: 694, 33: 30, 34: 268, 35: 44, 36: 282, 37: 694, 38: 456, 39: 792, 40: 554, 41: 100, 42: 338, 43: 100, 44: 338, 45: 156, 46: 394, 47: 456, 48: 694, 49: 554, 50: 792, 51: 694, 52: 456, 53: 694, 54: 456, 55: 554, 56: 792, 57: 268, 58: 30, 59: 792, 60: 554, 61: 282, 62: 44, 63: 694, 64: 456, 65: 792, 66: 554, 67: 30, 68: 268, 69: 792, 70: 554, 71: 30, 72: 268, 73: 128, 74: 366, 75: 100, 76: 338, 77: 142, 78: 380, 79: 694, 80: 456, 81: 86, 82: 324, 83: 282, 84: 44, 85: 338, 86: 100, 87: 554, 88: 792, 89: 554, 90: 792, 91: 30, 92: 268, 93: 156, 94: 394, 95: 296, 96: 58, 97: 478, 98: 240, 99: 478, 100: 240, 101: 324, 102: 86, 103: 100, 104: 338, 105: 324, 106: 86, 107: 282, 108: 44, 109: 268, 110: 30, 111: 456, 112: 694, 113: 792, 114: 554, 115: 554, 116: 792, 117: 694, 118: 456, 119: 338, 120: 100, 121: 380, 122: 142, 123: 394, 124: 156, 125: 100, 126: 338, 127: 456, 128: 694, 129: 456, 130: 694, 131: 142, 132: 380, 133: 282, 134: 44, 135: 86, 136: 324, 137: 268, 138: 30, 139: 30, 140: 268, 141: 296, 142: 58, 143: 554, 144: 792, 145: 16, 146: 254, 147: 296, 148: 58, 149: 16, 150: 254, 151: 380, 152: 142, 153: 694, 154: 456, 155: 380, 156: 142, 157: 694, 158: 456, 159: 554, 160: 792, 161: 30, 162: 268, 163: 16, 164: 254, 165: 282, 166: 44, 167: 128, 168: 366, 169: 128, 170: 366, 171: 380, 172: 142, 173: 100, 174: 338, 175: 456, 176: 694, 177: 792, 178: 554, 179: 142, 180: 380, 181: 694, 182: 456, 183: 456, 184: 694, 185: 456, 186: 694, 187: 16, 188: 254, 189: 86, 190: 324, 191: 366, 192: 128, 193: 268, 194: 30, 195: 456, 196: 694, 197: 156, 198: 394, 199: 296, 200: 58}
Number of lables used:  24
Total time: 2.36 seconds
Memory used: 409.80 MB
--------------------------------------------------

Trying with at most 23 labels...
Solution:
{1: 456, 2: 694, 3: 86, 4: 324, 5: 86, 6: 324, 7: 554, 8: 792, 9: 652, 10: 414, 11: 478, 12: 240, 13: 554, 14: 792, 15: 142, 16: 380, 17: 478, 18: 240, 19: 380, 20: 142, 21: 792, 22: 554, 23: 414, 24: 652, 25: 554, 26: 792, 27: 792, 28: 554, 29: 456, 30: 694, 31: 554, 32: 792, 33: 324, 34: 86, 35: 30, 36: 268, 37: 694, 38: 456, 39: 414, 40: 652, 41: 324, 42: 86, 43: 366, 44: 128, 45: 254, 46: 16, 47: 142, 48: 380, 49: 16, 50: 254, 51: 114, 52: 352, 53: 268, 54: 30, 55: 554, 56: 792, 57: 652, 58: 414, 59: 254, 60: 16, 61: 324, 62: 86, 63: 554, 64: 792, 65: 114, 66: 352, 67: 268, 68: 30, 69: 86, 70: 324, 71: 86, 72: 324, 73: 792, 74: 554, 75: 694, 76: 456, 77: 86, 78: 324, 79: 30, 80: 268, 81: 554, 82: 792, 83: 30, 84: 268, 85: 352, 86: 114, 87: 380, 88: 142, 89: 414, 90: 652, 91: 366, 92: 128, 93: 694, 94: 456, 95: 324, 96: 86, 97: 240, 98: 478, 99: 142, 100: 380, 101: 414, 102: 652, 103: 30, 104: 268, 105: 352, 106: 114, 107: 414, 108: 652, 109: 554, 110: 792, 111: 86, 112: 324, 113: 652, 114: 414, 115: 16, 116: 254, 117: 30, 118: 268, 119: 456, 120: 694, 121: 240, 122: 478, 123: 414, 124: 652, 125: 30, 126: 268, 127: 554, 128: 792, 129: 554, 130: 792, 131: 142, 132: 380, 133: 352, 134: 114, 135: 694, 136: 456, 137: 30, 138: 268, 139: 86, 140: 324, 141: 366, 142: 128, 143: 114, 144: 352, 145: 554, 146: 792, 147: 414, 148: 652, 149: 114, 150: 352, 151: 142, 152: 380, 153: 456, 154: 694, 155: 414, 156: 652, 157: 30, 158: 268, 159: 352, 160: 114, 161: 456, 162: 694, 163: 268, 164: 30, 165: 30, 166: 268, 167: 694, 168: 456, 169: 352, 170: 114, 171: 414, 172: 652, 173: 268, 174: 30, 175: 268, 176: 30, 177: 652, 178: 414, 179: 380, 180: 142, 181: 86, 182: 324, 183: 324, 184: 86, 185: 352, 186: 114, 187: 142, 188: 380, 189: 30, 190: 268, 191: 86, 192: 324, 193: 694, 194: 456, 195: 254, 196: 16, 197: 414, 198: 652, 199: 380, 200: 142}
Number of lables used:  20
Total time: 2.46 seconds
Memory used: 409.84 MB
--------------------------------------------------

Trying with at most 19 labels...
Solution:
{1: 456, 2: 694, 3: 792, 4: 554, 5: 156, 6: 394, 7: 554, 8: 792, 9: 554, 10: 792, 11: 478, 12: 240, 13: 16, 14: 254, 15: 792, 16: 554, 17: 142, 18: 380, 19: 554, 20: 792, 21: 86, 22: 324, 23: 324, 24: 86, 25: 554, 26: 792, 27: 750, 28: 512, 29: 456, 30: 694, 31: 380, 32: 142, 33: 324, 34: 86, 35: 142, 36: 380, 37: 86, 38: 324, 39: 750, 40: 512, 41: 142, 42: 380, 43: 456, 44: 694, 45: 512, 46: 750, 47: 750, 48: 512, 49: 554, 50: 792, 51: 380, 52: 142, 53: 324, 54: 86, 55: 554, 56: 792, 57: 142, 58: 380, 59: 16, 60: 254, 61: 254, 62: 16, 63: 456, 64: 694, 65: 254, 66: 16, 67: 324, 68: 86, 69: 142, 70: 380, 71: 86, 72: 324, 73: 750, 74: 512, 75: 554, 76: 792, 77: 254, 78: 16, 79: 142, 80: 380, 81: 792, 82: 554, 83: 254, 84: 16, 85: 456, 86: 694, 87: 380, 88: 142, 89: 456, 90: 694, 91: 16, 92: 254, 93: 254, 94: 16, 95: 324, 96: 86, 97: 240, 98: 478, 99: 478, 100: 240, 101: 456, 102: 694, 103: 694, 104: 456, 105: 324, 106: 86, 107: 156, 108: 394, 109: 554, 110: 792, 111: 86, 112: 324, 113: 750, 114: 512, 115: 16, 116: 254, 117: 512, 118: 750, 119: 512, 120: 750, 121: 408, 122: 170, 123: 456, 124: 694, 125: 324, 126: 86, 127: 554, 128: 792, 129: 554, 130: 792, 131: 478, 132: 240, 133: 512, 134: 750, 135: 142, 136: 380, 137: 86, 138: 324, 139: 142, 140: 380, 141: 380, 142: 142, 143: 512, 144: 750, 145: 792, 146: 554, 147: 456, 148: 694, 149: 254, 150: 16, 151: 86, 152: 324, 153: 750, 154: 512, 155: 456, 156: 694, 157: 324, 158: 86, 159: 394, 160: 156, 161: 792, 162: 554, 163: 86, 164: 324, 165: 254, 166: 16, 167: 16, 168: 254, 169: 554, 170: 792, 171: 380, 172: 142, 173: 694, 174: 456, 175: 456, 176: 694, 177: 254, 178: 16, 179: 478, 180: 240, 181: 86, 182: 324, 183: 142, 184: 380, 185: 512, 186: 750, 187: 16, 188: 254, 189: 750, 190: 512, 191: 86, 192: 324, 193: 156, 194: 394, 195: 380, 196: 142, 197: 456, 198: 694, 199: 380, 200: 142}
Number of lables used:  18
Total time: 2.56 seconds
Memory used: 409.86 MB
--------------------------------------------------

Trying with at most 17 labels...
Solution:
{1: 456, 2: 694, 3: 86, 4: 324, 5: 694, 6: 456, 7: 254, 8: 16, 9: 86, 10: 324, 11: 240, 12: 478, 13: 792, 14: 554, 15: 792, 16: 554, 17: 240, 18: 478, 19: 554, 20: 792, 21: 792, 22: 554, 23: 86, 24: 324, 25: 554, 26: 792, 27: 750, 28: 512, 29: 456, 30: 694, 31: 380, 32: 142, 33: 86, 34: 324, 35: 44, 36: 282, 37: 44, 38: 282, 39: 750, 40: 512, 41: 254, 42: 16, 43: 512, 44: 750, 45: 512, 46: 750, 47: 282, 48: 44, 49: 554, 50: 792, 51: 44, 52: 282, 53: 282, 54: 44, 55: 554, 56: 792, 57: 86, 58: 324, 59: 142, 60: 380, 61: 324, 62: 86, 63: 512, 64: 750, 65: 44, 66: 282, 67: 142, 68: 380, 69: 142, 70: 380, 71: 324, 72: 86, 73: 694, 74: 456, 75: 554, 76: 792, 77: 16, 78: 254, 79: 86, 80: 324, 81: 792, 82: 554, 83: 254, 84: 16, 85: 456, 86: 694, 87: 254, 88: 16, 89: 512, 90: 750, 91: 16, 92: 254, 93: 380, 94: 142, 95: 456, 96: 694, 97: 142, 98: 380, 99: 142, 100: 380, 101: 16, 102: 254, 103: 554, 104: 792, 105: 16, 106: 254, 107: 142, 108: 380, 109: 554, 110: 792, 111: 86, 112: 324, 113: 44, 114: 282, 115: 142, 116: 380, 117: 142, 118: 380, 119: 512, 120: 750, 121: 240, 122: 478, 123: 456, 124: 694, 125: 694, 126: 456, 127: 554, 128: 792, 129: 282, 130: 44, 131: 142, 132: 380, 133: 44, 134: 282, 135: 16, 136: 254, 137: 554, 138: 792, 139: 142, 140: 380, 141: 282, 142: 44, 143: 324, 144: 86, 145: 554, 146: 792, 147: 456, 148: 694, 149: 44, 150: 282, 151: 86, 152: 324, 153: 694, 154: 456, 155: 456, 156: 694, 157: 86, 158: 324, 159: 254, 160: 16, 161: 792, 162: 554, 163: 324, 164: 86, 165: 254, 166: 16, 167: 380, 168: 142, 169: 142, 170: 380, 171: 554, 172: 792, 173: 324, 174: 86, 175: 282, 176: 44, 177: 254, 178: 16, 179: 478, 180: 240, 181: 44, 182: 282, 183: 380, 184: 142, 185: 86, 186: 324, 187: 16, 188: 254, 189: 750, 190: 512, 191: 142, 192: 380, 193: 456, 194: 694, 195: 254, 196: 16, 197: 554, 198: 792, 199: 142, 200: 380}
Number of lables used:  16
Total time: 2.67 seconds
Memory used: 409.86 MB
--------------------------------------------------

Trying with at most 15 labels...
Solution:
{1: 268, 2: 30, 3: 30, 4: 268, 5: 114, 6: 352, 7: 526, 8: 764, 9: 30, 10: 268, 11: 478, 12: 240, 13: 142, 14: 380, 15: 380, 16: 142, 17: 380, 18: 142, 19: 114, 20: 352, 21: 114, 22: 352, 23: 310, 24: 72, 25: 414, 26: 652, 27: 652, 28: 414, 29: 652, 30: 414, 31: 414, 32: 652, 33: 30, 34: 268, 35: 72, 36: 310, 37: 764, 38: 526, 39: 652, 40: 414, 41: 114, 42: 352, 43: 142, 44: 380, 45: 764, 46: 526, 47: 764, 48: 526, 49: 268, 50: 30, 51: 352, 52: 114, 53: 764, 54: 526, 55: 142, 56: 380, 57: 652, 58: 414, 59: 652, 60: 414, 61: 268, 62: 30, 63: 414, 64: 652, 65: 652, 66: 414, 67: 764, 68: 526, 69: 380, 70: 142, 71: 72, 72: 310, 73: 652, 74: 414, 75: 310, 76: 72, 77: 310, 78: 72, 79: 764, 80: 526, 81: 764, 82: 526, 83: 310, 84: 72, 85: 268, 86: 30, 87: 764, 88: 526, 89: 652, 90: 414, 91: 352, 92: 114, 93: 764, 94: 526, 95: 380, 96: 142, 97: 478, 98: 240, 99: 478, 100: 240, 101: 114, 102: 352, 103: 30, 104: 268, 105: 310, 106: 72, 107: 352, 108: 114, 109: 268, 110: 30, 111: 380, 112: 142, 113: 114, 114: 352, 115: 652, 116: 414, 117: 764, 118: 526, 119: 268, 120: 30, 121: 380, 122: 142, 123: 652, 124: 414, 125: 764, 126: 526, 127: 764, 128: 526, 129: 310, 130: 72, 131: 380, 132: 142, 133: 30, 134: 268, 135: 72, 136: 310, 137: 764, 138: 526, 139: 72, 140: 310, 141: 380, 142: 142, 143: 352, 144: 114, 145: 764, 146: 526, 147: 414, 148: 652, 149: 72, 150: 310, 151: 310, 152: 72, 153: 114, 154: 352, 155: 414, 156: 652, 157: 526, 158: 764, 159: 352, 160: 114, 161: 30, 162: 268, 163: 764, 164: 526, 165: 114, 166: 352, 167: 268, 168: 30, 169: 380, 170: 142, 171: 414, 172: 652, 173: 310, 174: 72, 175: 310, 176: 72, 177: 142, 178: 380, 179: 478, 180: 240, 181: 114, 182: 352, 183: 142, 184: 380, 185: 30, 186: 268, 187: 30, 188: 268, 189: 268, 190: 30, 191: 526, 192: 764, 193: 72, 194: 310, 195: 764, 196: 526, 197: 142, 198: 380, 199: 652, 200: 414}
Number of lables used:  14
Total time: 3.27 seconds
Memory used: 462.32 MB
--------------------------------------------------

Trying with at most 13 labels...
Cannot find solution.
No more solutions found.
Optimal number of labels used:  14
Total time: 7.84 seconds
Memory used: 463.56 MB
[runlim] end:			Sun Jun 14 00:25:38 2026
[runlim] status:		ok
[runlim] result:		0
[runlim] children:		1
[runlim] processes:		2
[runlim] real:			7.93 seconds
[runlim] time:			7.90 seconds
[runlim] space:			505 MB
[runlim] load:			1.19 maximum
[runlim] samples:		80
