[runlim] version:		2.0.0rc12
[runlim] host:			ap-Precision-7550
[runlim] time limit:		311040000 seconds
[runlim] real time limit:	600 seconds
[runlim] space limit:		14000 MB
[runlim] argv[0]:		python3
[runlim] argv[1]:		-u
[runlim] argv[2]:		pairwise_no_preprocessing.py
[runlim] argv[3]:		TUD200.1
[runlim] argv[4]:		assumptions
[runlim] argv[5]:		6
[runlim] argv[6]:		card
[runlim] argv[7]:		6
[runlim] start:			Sun Jun 14 00:24:30 2026
[runlim] child:			17612
Exactly-one cardinality encoding:  6
Distance constraint mode:  card
Distance cardinality encoding:  6
Number of assignment variables:  8128
Number of clauses for exactly one constraints:  210068
Number of clauses for distance constraints:  1669713
---------------------------------------------------
Solve first problem:
Solution:
{1: 282, 2: 44, 3: 352, 4: 114, 5: 456, 6: 694, 7: 44, 8: 282, 9: 394, 10: 156, 11: 456, 12: 694, 13: 764, 14: 526, 15: 380, 16: 142, 17: 722, 18: 484, 19: 394, 20: 156, 21: 554, 22: 792, 23: 30, 24: 268, 25: 394, 26: 156, 27: 414, 28: 652, 29: 778, 30: 540, 31: 554, 32: 792, 33: 540, 34: 778, 35: 254, 36: 16, 37: 708, 38: 470, 39: 366, 40: 128, 41: 16, 42: 254, 43: 792, 44: 554, 45: 58, 46: 296, 47: 16, 48: 254, 49: 268, 50: 30, 51: 254, 52: 16, 53: 792, 54: 554, 55: 414, 56: 652, 57: 652, 58: 414, 59: 394, 60: 156, 61: 58, 62: 296, 63: 44, 64: 282, 65: 680, 66: 442, 67: 100, 68: 338, 69: 254, 70: 16, 71: 254, 72: 16, 73: 666, 74: 428, 75: 694, 76: 456, 77: 554, 78: 792, 79: 44, 80: 282, 81: 652, 82: 414, 83: 268, 84: 30, 85: 282, 86: 44, 87: 114, 88: 352, 89: 708, 90: 470, 91: 338, 92: 100, 93: 778, 94: 540, 95: 540, 96: 778, 97: 380, 98: 142, 99: 652, 100: 414, 101: 470, 102: 708, 103: 268, 104: 30, 105: 58, 106: 296, 107: 16, 108: 254, 109: 666, 110: 428, 111: 100, 112: 338, 113: 352, 114: 114, 115: 792, 116: 554, 117: 554, 118: 792, 119: 156, 120: 394, 121: 352, 122: 114, 123: 652, 124: 414, 125: 540, 126: 778, 127: 86, 128: 324, 129: 142, 130: 380, 131: 72, 132: 310, 133: 254, 134: 16, 135: 394, 136: 156, 137: 268, 138: 30, 139: 352, 140: 114, 141: 778, 142: 540, 143: 58, 144: 296, 145: 792, 146: 554, 147: 414, 148: 652, 149: 394, 150: 156, 151: 792, 152: 554, 153: 58, 154: 296, 155: 554, 156: 792, 157: 254, 158: 16, 159: 310, 160: 72, 161: 380, 162: 142, 163: 268, 164: 30, 165: 268, 166: 30, 167: 792, 168: 554, 169: 100, 170: 338, 171: 310, 172: 72, 173: 156, 174: 394, 175: 792, 176: 554, 177: 72, 178: 310, 179: 680, 180: 442, 181: 652, 182: 414, 183: 156, 184: 394, 185: 394, 186: 156, 187: 254, 188: 16, 189: 366, 190: 128, 191: 380, 192: 142, 193: 128, 194: 366, 195: 282, 196: 44, 197: 778, 198: 540, 199: 268, 200: 30}
Number of lables used:  40
Total time: 1.71 seconds
Memory used: 427.62 MB
--------------------------------------------------
Number of label variables:  48
Number of clauses for label constraints:  8128
Number of new variables for cardinality constraints:  1131
Number of clauses for cardinality constraints:  4446
Initial variable count:  672238
Initial clause count:  1892372
--------------------------------------------------

Trying with at most 39 labels...
Solution:
{1: 652, 2: 414, 3: 352, 4: 114, 5: 414, 6: 652, 7: 296, 8: 58, 9: 86, 10: 324, 11: 540, 12: 778, 13: 16, 14: 254, 15: 72, 16: 310, 17: 652, 18: 414, 19: 142, 20: 380, 21: 86, 22: 324, 23: 58, 24: 296, 25: 324, 26: 86, 27: 310, 28: 72, 29: 778, 30: 540, 31: 16, 32: 254, 33: 254, 34: 16, 35: 296, 36: 58, 37: 352, 38: 114, 39: 414, 40: 652, 41: 16, 42: 254, 43: 778, 44: 540, 45: 254, 46: 16, 47: 540, 48: 778, 49: 394, 50: 156, 51: 282, 52: 44, 53: 778, 54: 540, 55: 428, 56: 666, 57: 652, 58: 414, 59: 394, 60: 156, 61: 296, 62: 58, 63: 142, 64: 380, 65: 778, 66: 540, 67: 100, 68: 338, 69: 72, 70: 310, 71: 540, 72: 778, 73: 666, 74: 428, 75: 778, 76: 540, 77: 30, 78: 268, 79: 282, 80: 44, 81: 652, 82: 414, 83: 128, 84: 366, 85: 282, 86: 44, 87: 114, 88: 352, 89: 540, 90: 778, 91: 338, 92: 100, 93: 778, 94: 540, 95: 30, 96: 268, 97: 380, 98: 142, 99: 100, 100: 338, 101: 282, 102: 44, 103: 268, 104: 30, 105: 86, 106: 324, 107: 540, 108: 778, 109: 282, 110: 44, 111: 100, 112: 338, 113: 254, 114: 16, 115: 352, 116: 114, 117: 414, 118: 652, 119: 652, 120: 414, 121: 352, 122: 114, 123: 652, 124: 414, 125: 30, 126: 268, 127: 296, 128: 58, 129: 380, 130: 142, 131: 72, 132: 310, 133: 254, 134: 16, 135: 394, 136: 156, 137: 72, 138: 310, 139: 666, 140: 428, 141: 778, 142: 540, 143: 58, 144: 296, 145: 282, 146: 44, 147: 414, 148: 652, 149: 414, 150: 652, 151: 30, 152: 268, 153: 296, 154: 58, 155: 394, 156: 156, 157: 540, 158: 778, 159: 652, 160: 414, 161: 380, 162: 142, 163: 86, 164: 324, 165: 16, 166: 254, 167: 414, 168: 652, 169: 114, 170: 352, 171: 254, 172: 16, 173: 114, 174: 352, 175: 394, 176: 156, 177: 324, 178: 86, 179: 16, 180: 254, 181: 652, 182: 414, 183: 156, 184: 394, 185: 394, 186: 156, 187: 100, 188: 338, 189: 254, 190: 16, 191: 380, 192: 142, 193: 16, 194: 254, 195: 16, 196: 254, 197: 778, 198: 540, 199: 72, 200: 310}
Number of lables used:  28
Total time: 1.80 seconds
Memory used: 435.02 MB
--------------------------------------------------

Trying with at most 27 labels...
Solution:
{1: 652, 2: 414, 3: 352, 4: 114, 5: 414, 6: 652, 7: 310, 8: 72, 9: 86, 10: 324, 11: 540, 12: 778, 13: 16, 14: 254, 15: 72, 16: 310, 17: 652, 18: 414, 19: 142, 20: 380, 21: 86, 22: 324, 23: 72, 24: 310, 25: 324, 26: 86, 27: 428, 28: 666, 29: 778, 30: 540, 31: 16, 32: 254, 33: 254, 34: 16, 35: 310, 36: 72, 37: 366, 38: 128, 39: 414, 40: 652, 41: 16, 42: 254, 43: 778, 44: 540, 45: 254, 46: 16, 47: 540, 48: 778, 49: 394, 50: 156, 51: 282, 52: 44, 53: 778, 54: 540, 55: 428, 56: 666, 57: 652, 58: 414, 59: 394, 60: 156, 61: 310, 62: 72, 63: 142, 64: 380, 65: 778, 66: 540, 67: 100, 68: 338, 69: 72, 70: 310, 71: 540, 72: 778, 73: 666, 74: 428, 75: 778, 76: 540, 77: 30, 78: 268, 79: 282, 80: 44, 81: 652, 82: 414, 83: 128, 84: 366, 85: 282, 86: 44, 87: 114, 88: 352, 89: 540, 90: 778, 91: 338, 92: 100, 93: 778, 94: 540, 95: 30, 96: 268, 97: 380, 98: 142, 99: 100, 100: 338, 101: 282, 102: 44, 103: 268, 104: 30, 105: 86, 106: 324, 107: 540, 108: 778, 109: 282, 110: 44, 111: 100, 112: 338, 113: 254, 114: 16, 115: 352, 116: 114, 117: 414, 118: 652, 119: 652, 120: 414, 121: 352, 122: 114, 123: 652, 124: 414, 125: 30, 126: 268, 127: 310, 128: 72, 129: 380, 130: 142, 131: 72, 132: 310, 133: 254, 134: 16, 135: 394, 136: 156, 137: 72, 138: 310, 139: 666, 140: 428, 141: 778, 142: 540, 143: 86, 144: 324, 145: 282, 146: 44, 147: 414, 148: 652, 149: 414, 150: 652, 151: 30, 152: 268, 153: 310, 154: 72, 155: 394, 156: 156, 157: 540, 158: 778, 159: 652, 160: 414, 161: 380, 162: 142, 163: 86, 164: 324, 165: 16, 166: 254, 167: 414, 168: 652, 169: 114, 170: 352, 171: 254, 172: 16, 173: 114, 174: 352, 175: 394, 176: 156, 177: 324, 178: 86, 179: 16, 180: 254, 181: 652, 182: 414, 183: 156, 184: 394, 185: 394, 186: 156, 187: 100, 188: 338, 189: 254, 190: 16, 191: 380, 192: 142, 193: 16, 194: 254, 195: 16, 196: 254, 197: 778, 198: 540, 199: 72, 200: 310}
Number of lables used:  26
Total time: 1.87 seconds
Memory used: 435.02 MB
--------------------------------------------------

Trying with at most 25 labels...
Solution:
{1: 652, 2: 414, 3: 352, 4: 114, 5: 428, 6: 666, 7: 310, 8: 72, 9: 310, 10: 72, 11: 540, 12: 778, 13: 16, 14: 254, 15: 72, 16: 310, 17: 652, 18: 414, 19: 142, 20: 380, 21: 86, 22: 324, 23: 72, 24: 310, 25: 324, 26: 86, 27: 428, 28: 666, 29: 778, 30: 540, 31: 16, 32: 254, 33: 254, 34: 16, 35: 310, 36: 72, 37: 380, 38: 142, 39: 414, 40: 652, 41: 16, 42: 254, 43: 778, 44: 540, 45: 254, 46: 16, 47: 540, 48: 778, 49: 394, 50: 156, 51: 282, 52: 44, 53: 778, 54: 540, 55: 428, 56: 666, 57: 652, 58: 414, 59: 394, 60: 156, 61: 310, 62: 72, 63: 142, 64: 380, 65: 778, 66: 540, 67: 100, 68: 338, 69: 72, 70: 310, 71: 540, 72: 778, 73: 666, 74: 428, 75: 778, 76: 540, 77: 30, 78: 268, 79: 282, 80: 44, 81: 652, 82: 414, 83: 142, 84: 380, 85: 282, 86: 44, 87: 114, 88: 352, 89: 540, 90: 778, 91: 338, 92: 100, 93: 778, 94: 540, 95: 30, 96: 268, 97: 380, 98: 142, 99: 100, 100: 338, 101: 282, 102: 44, 103: 268, 104: 30, 105: 86, 106: 324, 107: 540, 108: 778, 109: 282, 110: 44, 111: 100, 112: 338, 113: 254, 114: 16, 115: 352, 116: 114, 117: 414, 118: 652, 119: 652, 120: 414, 121: 352, 122: 114, 123: 652, 124: 414, 125: 30, 126: 268, 127: 310, 128: 72, 129: 380, 130: 142, 131: 72, 132: 310, 133: 254, 134: 16, 135: 394, 136: 156, 137: 72, 138: 310, 139: 666, 140: 428, 141: 778, 142: 540, 143: 86, 144: 324, 145: 282, 146: 44, 147: 414, 148: 652, 149: 414, 150: 652, 151: 30, 152: 268, 153: 310, 154: 72, 155: 394, 156: 156, 157: 540, 158: 778, 159: 652, 160: 414, 161: 380, 162: 142, 163: 86, 164: 324, 165: 16, 166: 254, 167: 428, 168: 666, 169: 114, 170: 352, 171: 254, 172: 16, 173: 114, 174: 352, 175: 394, 176: 156, 177: 324, 178: 86, 179: 16, 180: 254, 181: 652, 182: 414, 183: 156, 184: 394, 185: 394, 186: 156, 187: 100, 188: 338, 189: 254, 190: 16, 191: 380, 192: 142, 193: 16, 194: 254, 195: 16, 196: 254, 197: 778, 198: 540, 199: 72, 200: 310}
Number of lables used:  24
Total time: 1.93 seconds
Memory used: 435.02 MB
--------------------------------------------------

Trying with at most 23 labels...
Solution:
{1: 652, 2: 414, 3: 352, 4: 114, 5: 428, 6: 666, 7: 310, 8: 72, 9: 310, 10: 72, 11: 540, 12: 778, 13: 16, 14: 254, 15: 72, 16: 310, 17: 652, 18: 414, 19: 142, 20: 380, 21: 86, 22: 324, 23: 100, 24: 338, 25: 324, 26: 86, 27: 428, 28: 666, 29: 778, 30: 540, 31: 16, 32: 254, 33: 254, 34: 16, 35: 338, 36: 100, 37: 380, 38: 142, 39: 414, 40: 652, 41: 16, 42: 254, 43: 778, 44: 540, 45: 254, 46: 16, 47: 540, 48: 778, 49: 414, 50: 652, 51: 282, 52: 44, 53: 778, 54: 540, 55: 310, 56: 72, 57: 652, 58: 414, 59: 282, 60: 44, 61: 310, 62: 72, 63: 142, 64: 380, 65: 778, 66: 540, 67: 100, 68: 338, 69: 142, 70: 380, 71: 540, 72: 778, 73: 666, 74: 428, 75: 778, 76: 540, 77: 30, 78: 268, 79: 16, 80: 254, 81: 652, 82: 414, 83: 142, 84: 380, 85: 282, 86: 44, 87: 114, 88: 352, 89: 540, 90: 778, 91: 338, 92: 100, 93: 778, 94: 540, 95: 30, 96: 268, 97: 380, 98: 142, 99: 100, 100: 338, 101: 540, 102: 778, 103: 268, 104: 30, 105: 86, 106: 324, 107: 540, 108: 778, 109: 282, 110: 44, 111: 114, 112: 352, 113: 254, 114: 16, 115: 352, 116: 114, 117: 268, 118: 30, 119: 652, 120: 414, 121: 380, 122: 142, 123: 100, 124: 338, 125: 30, 126: 268, 127: 352, 128: 114, 129: 380, 130: 142, 131: 666, 132: 428, 133: 254, 134: 16, 135: 310, 136: 72, 137: 72, 138: 310, 139: 666, 140: 428, 141: 778, 142: 540, 143: 86, 144: 324, 145: 282, 146: 44, 147: 414, 148: 652, 149: 414, 150: 652, 151: 30, 152: 268, 153: 310, 154: 72, 155: 414, 156: 652, 157: 540, 158: 778, 159: 652, 160: 414, 161: 380, 162: 142, 163: 86, 164: 324, 165: 72, 166: 310, 167: 428, 168: 666, 169: 114, 170: 352, 171: 254, 172: 16, 173: 114, 174: 352, 175: 414, 176: 652, 177: 324, 178: 86, 179: 16, 180: 254, 181: 652, 182: 414, 183: 652, 184: 414, 185: 254, 186: 16, 187: 100, 188: 338, 189: 254, 190: 16, 191: 380, 192: 142, 193: 16, 194: 254, 195: 16, 196: 254, 197: 778, 198: 540, 199: 72, 200: 310}
Number of lables used:  22
Total time: 2.00 seconds
Memory used: 435.02 MB
--------------------------------------------------

Trying with at most 21 labels...
Solution:
{1: 652, 2: 414, 3: 16, 4: 254, 5: 16, 6: 254, 7: 310, 8: 72, 9: 310, 10: 72, 11: 540, 12: 778, 13: 16, 14: 254, 15: 72, 16: 310, 17: 652, 18: 414, 19: 16, 20: 254, 21: 86, 22: 324, 23: 100, 24: 338, 25: 324, 26: 86, 27: 428, 28: 666, 29: 540, 30: 778, 31: 254, 32: 16, 33: 72, 34: 310, 35: 338, 36: 100, 37: 380, 38: 142, 39: 414, 40: 652, 41: 652, 42: 414, 43: 778, 44: 540, 45: 254, 46: 16, 47: 540, 48: 778, 49: 414, 50: 652, 51: 282, 52: 44, 53: 778, 54: 540, 55: 310, 56: 72, 57: 282, 58: 44, 59: 282, 60: 44, 61: 310, 62: 72, 63: 778, 64: 540, 65: 778, 66: 540, 67: 100, 68: 338, 69: 142, 70: 380, 71: 540, 72: 778, 73: 666, 74: 428, 75: 778, 76: 540, 77: 44, 78: 282, 79: 16, 80: 254, 81: 652, 82: 414, 83: 142, 84: 380, 85: 338, 86: 100, 87: 114, 88: 352, 89: 282, 90: 44, 91: 666, 92: 428, 93: 778, 94: 540, 95: 16, 96: 254, 97: 380, 98: 142, 99: 114, 100: 352, 101: 540, 102: 778, 103: 142, 104: 380, 105: 86, 106: 324, 107: 540, 108: 778, 109: 310, 110: 72, 111: 114, 112: 352, 113: 254, 114: 16, 115: 352, 116: 114, 117: 282, 118: 44, 119: 652, 120: 414, 121: 380, 122: 142, 123: 100, 124: 338, 125: 44, 126: 282, 127: 352, 128: 114, 129: 380, 130: 142, 131: 666, 132: 428, 133: 254, 134: 16, 135: 310, 136: 72, 137: 86, 138: 324, 139: 666, 140: 428, 141: 540, 142: 778, 143: 72, 144: 310, 145: 282, 146: 44, 147: 86, 148: 324, 149: 414, 150: 652, 151: 44, 152: 282, 153: 310, 154: 72, 155: 414, 156: 652, 157: 540, 158: 778, 159: 652, 160: 414, 161: 380, 162: 142, 163: 86, 164: 324, 165: 72, 166: 310, 167: 380, 168: 142, 169: 414, 170: 652, 171: 254, 172: 16, 173: 652, 174: 414, 175: 414, 176: 652, 177: 324, 178: 86, 179: 16, 180: 254, 181: 652, 182: 414, 183: 652, 184: 414, 185: 254, 186: 16, 187: 100, 188: 338, 189: 254, 190: 16, 191: 380, 192: 142, 193: 44, 194: 282, 195: 16, 196: 254, 197: 778, 198: 540, 199: 114, 200: 352}
Number of lables used:  20
Total time: 2.07 seconds
Memory used: 435.04 MB
--------------------------------------------------

Trying with at most 19 labels...
Solution:
{1: 652, 2: 414, 3: 16, 4: 254, 5: 16, 6: 254, 7: 310, 8: 72, 9: 310, 10: 72, 11: 540, 12: 778, 13: 16, 14: 254, 15: 72, 16: 310, 17: 652, 18: 414, 19: 16, 20: 254, 21: 86, 22: 324, 23: 778, 24: 540, 25: 324, 26: 86, 27: 428, 28: 666, 29: 666, 30: 428, 31: 44, 32: 282, 33: 72, 34: 310, 35: 380, 36: 142, 37: 380, 38: 142, 39: 414, 40: 652, 41: 540, 42: 778, 43: 778, 44: 540, 45: 778, 46: 540, 47: 778, 48: 540, 49: 414, 50: 652, 51: 282, 52: 44, 53: 282, 54: 44, 55: 310, 56: 72, 57: 254, 58: 16, 59: 282, 60: 44, 61: 310, 62: 72, 63: 540, 64: 778, 65: 16, 66: 254, 67: 100, 68: 338, 69: 380, 70: 142, 71: 540, 72: 778, 73: 666, 74: 428, 75: 778, 76: 540, 77: 44, 78: 282, 79: 778, 80: 540, 81: 652, 82: 414, 83: 142, 84: 380, 85: 380, 86: 142, 87: 414, 88: 652, 89: 282, 90: 44, 91: 44, 92: 282, 93: 666, 94: 428, 95: 16, 96: 254, 97: 380, 98: 142, 99: 414, 100: 652, 101: 540, 102: 778, 103: 142, 104: 380, 105: 338, 106: 100, 107: 540, 108: 778, 109: 310, 110: 72, 111: 100, 112: 338, 113: 666, 114: 428, 115: 540, 116: 778, 117: 282, 118: 44, 119: 652, 120: 414, 121: 380, 122: 142, 123: 142, 124: 380, 125: 72, 126: 310, 127: 380, 128: 142, 129: 380, 130: 142, 131: 310, 132: 72, 133: 254, 134: 16, 135: 778, 136: 540, 137: 86, 138: 324, 139: 666, 140: 428, 141: 540, 142: 778, 143: 72, 144: 310, 145: 282, 146: 44, 147: 380, 148: 142, 149: 414, 150: 652, 151: 324, 152: 86, 153: 310, 154: 72, 155: 414, 156: 652, 157: 16, 158: 254, 159: 72, 160: 310, 161: 254, 162: 16, 163: 86, 164: 324, 165: 100, 166: 338, 167: 380, 168: 142, 169: 414, 170: 652, 171: 254, 172: 16, 173: 652, 174: 414, 175: 414, 176: 652, 177: 324, 178: 86, 179: 16, 180: 254, 181: 666, 182: 428, 183: 414, 184: 652, 185: 254, 186: 16, 187: 100, 188: 338, 189: 254, 190: 16, 191: 254, 192: 16, 193: 44, 194: 282, 195: 16, 196: 254, 197: 666, 198: 428, 199: 142, 200: 380}
Number of lables used:  18
Total time: 2.16 seconds
Memory used: 435.07 MB
--------------------------------------------------

Trying with at most 17 labels...
Solution:
{1: 652, 2: 414, 3: 16, 4: 254, 5: 16, 6: 254, 7: 310, 8: 72, 9: 310, 10: 72, 11: 540, 12: 778, 13: 16, 14: 254, 15: 72, 16: 310, 17: 652, 18: 414, 19: 16, 20: 254, 21: 86, 22: 324, 23: 778, 24: 540, 25: 324, 26: 86, 27: 428, 28: 666, 29: 666, 30: 428, 31: 44, 32: 282, 33: 72, 34: 310, 35: 380, 36: 142, 37: 380, 38: 142, 39: 414, 40: 652, 41: 540, 42: 778, 43: 778, 44: 540, 45: 778, 46: 540, 47: 778, 48: 540, 49: 414, 50: 652, 51: 282, 52: 44, 53: 310, 54: 72, 55: 310, 56: 72, 57: 254, 58: 16, 59: 282, 60: 44, 61: 310, 62: 72, 63: 540, 64: 778, 65: 16, 66: 254, 67: 86, 68: 324, 69: 380, 70: 142, 71: 540, 72: 778, 73: 666, 74: 428, 75: 778, 76: 540, 77: 44, 78: 282, 79: 778, 80: 540, 81: 652, 82: 414, 83: 142, 84: 380, 85: 380, 86: 142, 87: 414, 88: 652, 89: 282, 90: 44, 91: 44, 92: 282, 93: 666, 94: 428, 95: 16, 96: 254, 97: 380, 98: 142, 99: 414, 100: 652, 101: 540, 102: 778, 103: 142, 104: 380, 105: 282, 106: 44, 107: 540, 108: 778, 109: 310, 110: 72, 111: 44, 112: 282, 113: 666, 114: 428, 115: 540, 116: 778, 117: 282, 118: 44, 119: 652, 120: 414, 121: 380, 122: 142, 123: 86, 124: 324, 125: 72, 126: 310, 127: 380, 128: 142, 129: 380, 130: 142, 131: 310, 132: 72, 133: 254, 134: 16, 135: 778, 136: 540, 137: 86, 138: 324, 139: 666, 140: 428, 141: 540, 142: 778, 143: 72, 144: 310, 145: 282, 146: 44, 147: 380, 148: 142, 149: 414, 150: 652, 151: 324, 152: 86, 153: 310, 154: 72, 155: 414, 156: 652, 157: 16, 158: 254, 159: 72, 160: 310, 161: 254, 162: 16, 163: 86, 164: 324, 165: 72, 166: 310, 167: 380, 168: 142, 169: 414, 170: 652, 171: 254, 172: 16, 173: 652, 174: 414, 175: 414, 176: 652, 177: 324, 178: 86, 179: 16, 180: 254, 181: 666, 182: 428, 183: 414, 184: 652, 185: 254, 186: 16, 187: 324, 188: 86, 189: 254, 190: 16, 191: 254, 192: 16, 193: 44, 194: 282, 195: 16, 196: 254, 197: 666, 198: 428, 199: 142, 200: 380}
Number of lables used:  16
Total time: 2.22 seconds
Memory used: 435.07 MB
--------------------------------------------------

Trying with at most 15 labels...
Solution:
{1: 694, 2: 456, 3: 156, 4: 394, 5: 380, 6: 142, 7: 394, 8: 156, 9: 142, 10: 380, 11: 156, 12: 394, 13: 254, 14: 16, 15: 142, 16: 380, 17: 540, 18: 778, 19: 86, 20: 324, 21: 694, 22: 456, 23: 456, 24: 694, 25: 324, 26: 86, 27: 254, 28: 16, 29: 456, 30: 694, 31: 86, 32: 324, 33: 16, 34: 254, 35: 456, 36: 694, 37: 540, 38: 778, 39: 540, 40: 778, 41: 778, 42: 540, 43: 16, 44: 254, 45: 380, 46: 142, 47: 778, 48: 540, 49: 394, 50: 156, 51: 456, 52: 694, 53: 16, 54: 254, 55: 540, 56: 778, 57: 456, 58: 694, 59: 394, 60: 156, 61: 456, 62: 694, 63: 456, 64: 694, 65: 778, 66: 540, 67: 694, 68: 456, 69: 142, 70: 380, 71: 254, 72: 16, 73: 778, 74: 540, 75: 456, 76: 694, 77: 456, 78: 694, 79: 156, 80: 394, 81: 86, 82: 324, 83: 16, 84: 254, 85: 380, 86: 142, 87: 16, 88: 254, 89: 86, 90: 324, 91: 142, 92: 380, 93: 540, 94: 778, 95: 142, 96: 380, 97: 394, 98: 156, 99: 456, 100: 694, 101: 540, 102: 778, 103: 540, 104: 778, 105: 324, 106: 86, 107: 254, 108: 16, 109: 324, 110: 86, 111: 142, 112: 380, 113: 156, 114: 394, 115: 324, 116: 86, 117: 324, 118: 86, 119: 778, 120: 540, 121: 142, 122: 380, 123: 694, 124: 456, 125: 86, 126: 324, 127: 156, 128: 394, 129: 408, 130: 170, 131: 142, 132: 380, 133: 380, 134: 142, 135: 456, 136: 694, 137: 142, 138: 380, 139: 86, 140: 324, 141: 778, 142: 540, 143: 86, 144: 324, 145: 394, 146: 156, 147: 254, 148: 16, 149: 540, 150: 778, 151: 86, 152: 324, 153: 540, 154: 778, 155: 86, 156: 324, 157: 16, 158: 254, 159: 16, 160: 254, 161: 380, 162: 142, 163: 456, 164: 694, 165: 16, 166: 254, 167: 540, 168: 778, 169: 16, 170: 254, 171: 16, 172: 254, 173: 694, 174: 456, 175: 324, 176: 86, 177: 324, 178: 86, 179: 16, 180: 254, 181: 778, 182: 540, 183: 694, 184: 456, 185: 380, 186: 142, 187: 86, 188: 324, 189: 254, 190: 16, 191: 16, 192: 254, 193: 86, 194: 324, 195: 142, 196: 380, 197: 778, 198: 540, 199: 694, 200: 456}
Number of lables used:  14
Total time: 2.49 seconds
Memory used: 436.45 MB
--------------------------------------------------

Trying with at most 13 labels...
Solution:
{1: 16, 2: 254, 3: 16, 4: 254, 5: 16, 6: 254, 7: 16, 8: 254, 9: 16, 10: 254, 11: 16, 12: 254, 13: 442, 14: 680, 15: 764, 16: 526, 17: 16, 18: 254, 19: 338, 20: 100, 21: 764, 22: 526, 23: 254, 24: 16, 25: 680, 26: 442, 27: 16, 28: 254, 29: 764, 30: 526, 31: 380, 32: 142, 33: 442, 34: 680, 35: 100, 36: 338, 37: 442, 38: 680, 39: 100, 40: 338, 41: 100, 42: 338, 43: 16, 44: 254, 45: 442, 46: 680, 47: 680, 48: 442, 49: 142, 50: 380, 51: 100, 52: 338, 53: 764, 54: 526, 55: 58, 56: 296, 57: 296, 58: 58, 59: 338, 60: 100, 61: 380, 62: 142, 63: 58, 64: 296, 65: 16, 66: 254, 67: 16, 68: 254, 69: 16, 70: 254, 71: 16, 72: 254, 73: 764, 74: 526, 75: 142, 76: 380, 77: 764, 78: 526, 79: 254, 80: 16, 81: 338, 82: 100, 83: 142, 84: 380, 85: 380, 86: 142, 87: 338, 88: 100, 89: 680, 90: 442, 91: 58, 92: 296, 93: 680, 94: 442, 95: 526, 96: 764, 97: 296, 98: 58, 99: 58, 100: 296, 101: 764, 102: 526, 103: 58, 104: 296, 105: 296, 106: 58, 107: 296, 108: 58, 109: 380, 110: 142, 111: 764, 112: 526, 113: 254, 114: 16, 115: 100, 116: 338, 117: 680, 118: 442, 119: 680, 120: 442, 121: 142, 122: 380, 123: 338, 124: 100, 125: 58, 126: 296, 127: 16, 128: 254, 129: 380, 130: 142, 131: 296, 132: 58, 133: 442, 134: 680, 135: 526, 136: 764, 137: 142, 138: 380, 139: 380, 140: 142, 141: 526, 142: 764, 143: 100, 144: 338, 145: 680, 146: 442, 147: 442, 148: 680, 149: 338, 150: 100, 151: 764, 152: 526, 153: 142, 154: 380, 155: 680, 156: 442, 157: 142, 158: 380, 159: 526, 160: 764, 161: 58, 162: 296, 163: 254, 164: 16, 165: 764, 166: 526, 167: 142, 168: 380, 169: 442, 170: 680, 171: 764, 172: 526, 173: 764, 174: 526, 175: 58, 176: 296, 177: 680, 178: 442, 179: 254, 180: 16, 181: 338, 182: 100, 183: 380, 184: 142, 185: 296, 186: 58, 187: 100, 188: 338, 189: 296, 190: 58, 191: 442, 192: 680, 193: 58, 194: 296, 195: 16, 196: 254, 197: 442, 198: 680, 199: 142, 200: 380}
Number of lables used:  12
Total time: 3.18 seconds
Memory used: 495.63 MB
--------------------------------------------------

Trying with at most 11 labels...
[runlim] sample:		9.99 time, 10.01 real, 401 MB, 1.09 load
[runlim] sample:		19.99 time, 20.01 real, 407 MB, 1.08 load
[runlim] sample:		29.99 time, 30.01 real, 407 MB, 1.22 load
[runlim] sample:		39.98 time, 40.01 real, 407 MB, 1.27 load
Cannot find solution.
No more solutions found.
Optimal number of labels used:  12
Total time: 48.14 seconds
Memory used: 407.18 MB
[runlim] end:			Sun Jun 14 00:25:18 2026
[runlim] status:		ok
[runlim] result:		0
[runlim] children:		1
[runlim] processes:		2
[runlim] real:			48.22 seconds
[runlim] time:			48.17 seconds
[runlim] space:			545 MB
[runlim] load:			1.27 maximum
[runlim] samples:		483
