[runlim] version:		2.0.0rc12
[runlim] host:			ap-Precision-7550
[runlim] time limit:		311040000 seconds
[runlim] real time limit:	600 seconds
[runlim] space limit:		14000 MB
[runlim] argv[0]:		python3
[runlim] argv[1]:		-u
[runlim] argv[2]:		no_preprocessing.py
[runlim] argv[3]:		scen07
[runlim] argv[4]:		nsc
[runlim] argv[5]:		assumptions
[runlim] argv[6]:		cadical195
[runlim] start:			Mon Mar 23 23:52:56 2026
[runlim] child:			16595
Solve first problem:
Cannot find solution.
Time taken: 0.46 seconds
Memory used: 39.91 MB
[runlim] end:			Mon Mar 23 23:52:57 2026
[runlim] status:		ok
[runlim] result:		0
[runlim] children:		1
[runlim] processes:		2
[runlim] real:			0.51 seconds
[runlim] time:			0.39 seconds
[runlim] space:			40 MB
[runlim] load:			1.21 maximum
[runlim] samples:		5
