[runlim] version:		2.0.0rc12
[runlim] host:			ap-Precision-7550
[runlim] time limit:		311040000 seconds
[runlim] real time limit:	600 seconds
[runlim] space limit:		14000 MB
[runlim] argv[0]:		python3
[runlim] argv[1]:		-u
[runlim] argv[2]:		no_preprocessing.py
[runlim] argv[3]:		TUD200.3
[runlim] argv[4]:		nsc
[runlim] argv[5]:		assumptions
[runlim] argv[6]:		cadical195
[runlim] start:			Mon Mar 23 23:53:00 2026
[runlim] child:			16613
Solve first problem:
Solution:
{1: 296, 2: 58, 3: 380, 4: 142, 5: 652, 6: 414, 7: 442, 8: 680, 9: 352, 10: 114, 11: 380, 12: 142, 13: 652, 14: 414, 15: 380, 16: 142, 17: 170, 18: 408, 19: 142, 20: 380, 21: 282, 22: 44, 23: 652, 24: 414, 25: 540, 26: 778, 27: 694, 28: 456, 29: 792, 30: 554, 31: 442, 32: 680, 33: 268, 34: 30, 35: 114, 36: 352, 37: 652, 38: 414, 39: 652, 40: 414, 41: 114, 42: 352, 43: 268, 44: 30, 45: 338, 46: 100, 47: 512, 48: 750, 49: 414, 50: 652, 51: 310, 52: 72, 53: 338, 54: 100, 55: 414, 56: 652, 57: 352, 58: 114, 59: 694, 60: 456, 61: 254, 62: 16, 63: 778, 64: 540, 65: 156, 66: 394, 67: 352, 68: 114, 69: 296, 70: 58, 71: 296, 72: 58, 73: 652, 74: 414, 75: 366, 76: 128, 77: 338, 78: 100, 79: 680, 80: 442, 81: 254, 82: 16, 83: 310, 84: 72, 85: 282, 86: 44, 87: 736, 88: 498, 89: 764, 90: 526, 91: 254, 92: 16, 93: 750, 94: 512, 95: 792, 96: 554, 97: 170, 98: 408, 99: 478, 100: 240, 101: 380, 102: 142, 103: 352, 104: 114, 105: 72, 106: 310, 107: 310, 108: 72, 109: 414, 110: 652, 111: 282, 112: 44, 113: 722, 114: 484, 115: 652, 116: 414, 117: 708, 118: 470, 119: 310, 120: 72, 121: 380, 122: 142, 123: 296, 124: 58, 125: 666, 126: 428, 127: 750, 128: 512, 129: 324, 130: 86, 131: 380, 132: 142, 133: 310, 134: 72, 135: 254, 136: 16, 137: 652, 138: 414, 139: 268, 140: 30, 141: 310, 142: 72, 143: 296, 144: 58, 145: 456, 146: 694, 147: 428, 148: 666, 149: 254, 150: 16, 151: 352, 152: 114, 153: 652, 154: 414, 155: 414, 156: 652, 157: 268, 158: 30, 159: 296, 160: 58, 161: 268, 162: 30, 163: 254, 164: 16, 165: 254, 166: 16, 167: 380, 168: 142, 169: 310, 170: 72, 171: 254, 172: 16, 173: 366, 174: 128, 175: 338, 176: 100, 177: 366, 178: 128, 179: 380, 180: 142, 181: 254, 182: 16, 183: 310, 184: 72, 185: 324, 186: 86, 187: 254, 188: 16, 189: 310, 190: 72, 191: 268, 192: 30, 193: 324, 194: 86, 195: 736, 196: 498, 197: 282, 198: 44, 199: 254, 200: 16}
Number of lables used:  48
Time taken: 0.19 seconds
Memory used: 33.36 MB
--------------------------------------------------

Trying with at most 47 labels...
Solution:
{1: 512, 2: 750, 3: 414, 4: 652, 5: 680, 6: 442, 7: 268, 8: 30, 9: 442, 10: 680, 11: 408, 12: 170, 13: 380, 14: 142, 15: 414, 16: 652, 17: 170, 18: 408, 19: 694, 20: 456, 21: 526, 22: 764, 23: 666, 24: 428, 25: 268, 26: 30, 27: 72, 28: 310, 29: 324, 30: 86, 31: 366, 32: 128, 33: 442, 34: 680, 35: 128, 36: 366, 37: 142, 38: 380, 39: 366, 40: 128, 41: 128, 42: 366, 43: 540, 44: 778, 45: 470, 46: 708, 47: 282, 48: 44, 49: 526, 50: 764, 51: 128, 52: 366, 53: 456, 54: 694, 55: 338, 56: 100, 57: 442, 58: 680, 59: 498, 60: 736, 61: 310, 62: 72, 63: 442, 64: 680, 65: 680, 66: 442, 67: 442, 68: 680, 69: 86, 70: 324, 71: 470, 72: 708, 73: 142, 74: 380, 75: 428, 76: 666, 77: 156, 78: 394, 79: 142, 80: 380, 81: 526, 82: 764, 83: 498, 84: 736, 85: 512, 86: 750, 87: 722, 88: 484, 89: 708, 90: 470, 91: 442, 92: 680, 93: 30, 94: 268, 95: 414, 96: 652, 97: 478, 98: 240, 99: 478, 100: 240, 101: 456, 102: 694, 103: 414, 104: 652, 105: 456, 106: 694, 107: 526, 108: 764, 109: 394, 110: 156, 111: 540, 112: 778, 113: 44, 114: 282, 115: 142, 116: 380, 117: 100, 118: 338, 119: 680, 120: 442, 121: 408, 122: 170, 123: 512, 124: 750, 125: 128, 126: 366, 127: 764, 128: 526, 129: 540, 130: 778, 131: 240, 132: 478, 133: 484, 134: 722, 135: 540, 136: 778, 137: 114, 138: 352, 139: 540, 140: 778, 141: 484, 142: 722, 143: 428, 144: 666, 145: 778, 146: 540, 147: 156, 148: 394, 149: 456, 150: 694, 151: 722, 152: 484, 153: 86, 154: 324, 155: 394, 156: 156, 157: 540, 158: 778, 159: 498, 160: 736, 161: 540, 162: 778, 163: 540, 164: 778, 165: 128, 166: 366, 167: 512, 168: 750, 169: 484, 170: 722, 171: 380, 172: 142, 173: 694, 174: 456, 175: 470, 176: 708, 177: 442, 178: 680, 179: 478, 180: 240, 181: 156, 182: 394, 183: 100, 184: 338, 185: 470, 186: 708, 187: 156, 188: 394, 189: 498, 190: 736, 191: 540, 192: 778, 193: 470, 194: 708, 195: 58, 196: 296, 197: 512, 198: 750, 199: 540, 200: 778}
Number of lables used:  44
Time taken: 0.20 seconds
Memory used: 34.67 MB
--------------------------------------------------

Trying with at most 43 labels...
Solution:
{1: 142, 2: 380, 3: 414, 4: 652, 5: 156, 6: 394, 7: 268, 8: 30, 9: 414, 10: 652, 11: 408, 12: 170, 13: 380, 14: 142, 15: 414, 16: 652, 17: 170, 18: 408, 19: 680, 20: 442, 21: 526, 22: 764, 23: 666, 24: 428, 25: 764, 26: 526, 27: 72, 28: 310, 29: 324, 30: 86, 31: 366, 32: 128, 33: 58, 34: 296, 35: 128, 36: 366, 37: 128, 38: 366, 39: 366, 40: 128, 41: 128, 42: 366, 43: 498, 44: 736, 45: 722, 46: 484, 47: 268, 48: 30, 49: 526, 50: 764, 51: 128, 52: 366, 53: 442, 54: 680, 55: 338, 56: 100, 57: 442, 58: 680, 59: 498, 60: 736, 61: 310, 62: 72, 63: 414, 64: 652, 65: 652, 66: 414, 67: 414, 68: 652, 69: 86, 70: 324, 71: 114, 72: 352, 73: 142, 74: 380, 75: 142, 76: 380, 77: 156, 78: 394, 79: 100, 80: 338, 81: 526, 82: 764, 83: 414, 84: 652, 85: 498, 86: 736, 87: 44, 88: 282, 89: 428, 90: 666, 91: 428, 92: 666, 93: 30, 94: 268, 95: 324, 96: 86, 97: 478, 98: 240, 99: 478, 100: 240, 101: 442, 102: 680, 103: 652, 104: 414, 105: 442, 106: 680, 107: 498, 108: 736, 109: 394, 110: 156, 111: 526, 112: 764, 113: 44, 114: 282, 115: 142, 116: 380, 117: 100, 118: 338, 119: 680, 120: 442, 121: 408, 122: 170, 123: 442, 124: 680, 125: 128, 126: 366, 127: 764, 128: 526, 129: 526, 130: 764, 131: 240, 132: 478, 133: 442, 134: 680, 135: 526, 136: 764, 137: 114, 138: 352, 139: 30, 140: 268, 141: 442, 142: 680, 143: 526, 144: 764, 145: 764, 146: 526, 147: 156, 148: 394, 149: 442, 150: 680, 151: 722, 152: 484, 153: 86, 154: 324, 155: 394, 156: 156, 157: 526, 158: 764, 159: 484, 160: 722, 161: 526, 162: 764, 163: 526, 164: 764, 165: 128, 166: 366, 167: 484, 168: 722, 169: 484, 170: 722, 171: 380, 172: 142, 173: 680, 174: 442, 175: 442, 176: 680, 177: 414, 178: 652, 179: 478, 180: 240, 181: 156, 182: 394, 183: 100, 184: 338, 185: 442, 186: 680, 187: 156, 188: 394, 189: 498, 190: 736, 191: 764, 192: 526, 193: 442, 194: 680, 195: 44, 196: 282, 197: 498, 198: 736, 199: 526, 200: 764}
Number of lables used:  36
Time taken: 0.20 seconds
Memory used: 34.79 MB
--------------------------------------------------

Trying with at most 35 labels...
Solution:
{1: 142, 2: 380, 3: 142, 4: 380, 5: 156, 6: 394, 7: 268, 8: 30, 9: 86, 10: 324, 11: 408, 12: 170, 13: 380, 14: 142, 15: 30, 16: 268, 17: 170, 18: 408, 19: 680, 20: 442, 21: 526, 22: 764, 23: 86, 24: 324, 25: 764, 26: 526, 27: 72, 28: 310, 29: 324, 30: 86, 31: 366, 32: 128, 33: 58, 34: 296, 35: 114, 36: 352, 37: 128, 38: 366, 39: 722, 40: 484, 41: 156, 42: 394, 43: 498, 44: 736, 45: 722, 46: 484, 47: 268, 48: 30, 49: 526, 50: 764, 51: 128, 52: 366, 53: 442, 54: 680, 55: 338, 56: 100, 57: 442, 58: 680, 59: 498, 60: 736, 61: 310, 62: 72, 63: 526, 64: 764, 65: 100, 66: 338, 67: 156, 68: 394, 69: 86, 70: 324, 71: 114, 72: 352, 73: 128, 74: 366, 75: 142, 76: 380, 77: 156, 78: 394, 79: 100, 80: 338, 81: 526, 82: 764, 83: 324, 84: 86, 85: 498, 86: 736, 87: 30, 88: 268, 89: 442, 90: 680, 91: 156, 92: 394, 93: 30, 94: 268, 95: 324, 96: 86, 97: 478, 98: 240, 99: 478, 100: 240, 101: 442, 102: 680, 103: 156, 104: 394, 105: 442, 106: 680, 107: 498, 108: 736, 109: 366, 110: 128, 111: 526, 112: 764, 113: 16, 114: 254, 115: 142, 116: 380, 117: 100, 118: 338, 119: 680, 120: 442, 121: 408, 122: 170, 123: 680, 124: 442, 125: 128, 126: 366, 127: 764, 128: 526, 129: 526, 130: 764, 131: 240, 132: 478, 133: 442, 134: 680, 135: 142, 136: 380, 137: 114, 138: 352, 139: 30, 140: 268, 141: 442, 142: 680, 143: 526, 144: 764, 145: 764, 146: 526, 147: 156, 148: 394, 149: 442, 150: 680, 151: 722, 152: 484, 153: 72, 154: 310, 155: 394, 156: 156, 157: 526, 158: 764, 159: 484, 160: 722, 161: 526, 162: 764, 163: 526, 164: 764, 165: 128, 166: 366, 167: 484, 168: 722, 169: 484, 170: 722, 171: 380, 172: 142, 173: 680, 174: 442, 175: 442, 176: 680, 177: 142, 178: 380, 179: 478, 180: 240, 181: 156, 182: 394, 183: 100, 184: 338, 185: 442, 186: 680, 187: 156, 188: 394, 189: 498, 190: 736, 191: 764, 192: 526, 193: 442, 194: 680, 195: 44, 196: 282, 197: 498, 198: 736, 199: 526, 200: 764}
Number of lables used:  34
Time taken: 0.20 seconds
Memory used: 34.79 MB
--------------------------------------------------

Trying with at most 33 labels...
Solution:
{1: 142, 2: 380, 3: 142, 4: 380, 5: 156, 6: 394, 7: 268, 8: 30, 9: 86, 10: 324, 11: 408, 12: 170, 13: 380, 14: 142, 15: 30, 16: 268, 17: 170, 18: 408, 19: 680, 20: 442, 21: 526, 22: 764, 23: 86, 24: 324, 25: 764, 26: 526, 27: 72, 28: 310, 29: 324, 30: 86, 31: 366, 32: 128, 33: 58, 34: 296, 35: 100, 36: 338, 37: 128, 38: 366, 39: 722, 40: 484, 41: 156, 42: 394, 43: 498, 44: 736, 45: 722, 46: 484, 47: 268, 48: 30, 49: 526, 50: 764, 51: 128, 52: 366, 53: 442, 54: 680, 55: 338, 56: 100, 57: 442, 58: 680, 59: 498, 60: 736, 61: 310, 62: 72, 63: 526, 64: 764, 65: 100, 66: 338, 67: 156, 68: 394, 69: 86, 70: 324, 71: 100, 72: 338, 73: 128, 74: 366, 75: 142, 76: 380, 77: 156, 78: 394, 79: 100, 80: 338, 81: 526, 82: 764, 83: 324, 84: 86, 85: 498, 86: 736, 87: 30, 88: 268, 89: 442, 90: 680, 91: 156, 92: 394, 93: 30, 94: 268, 95: 324, 96: 86, 97: 478, 98: 240, 99: 478, 100: 240, 101: 442, 102: 680, 103: 156, 104: 394, 105: 442, 106: 680, 107: 498, 108: 736, 109: 366, 110: 128, 111: 526, 112: 764, 113: 16, 114: 254, 115: 142, 116: 380, 117: 100, 118: 338, 119: 680, 120: 442, 121: 408, 122: 170, 123: 680, 124: 442, 125: 128, 126: 366, 127: 764, 128: 526, 129: 526, 130: 764, 131: 240, 132: 478, 133: 442, 134: 680, 135: 142, 136: 380, 137: 86, 138: 324, 139: 30, 140: 268, 141: 442, 142: 680, 143: 526, 144: 764, 145: 764, 146: 526, 147: 156, 148: 394, 149: 442, 150: 680, 151: 722, 152: 484, 153: 72, 154: 310, 155: 394, 156: 156, 157: 526, 158: 764, 159: 484, 160: 722, 161: 526, 162: 764, 163: 526, 164: 764, 165: 128, 166: 366, 167: 484, 168: 722, 169: 484, 170: 722, 171: 380, 172: 142, 173: 680, 174: 442, 175: 442, 176: 680, 177: 142, 178: 380, 179: 478, 180: 240, 181: 156, 182: 394, 183: 100, 184: 338, 185: 442, 186: 680, 187: 156, 188: 394, 189: 498, 190: 736, 191: 764, 192: 526, 193: 442, 194: 680, 195: 44, 196: 282, 197: 498, 198: 736, 199: 526, 200: 764}
Number of lables used:  32
Time taken: 0.21 seconds
Memory used: 34.79 MB
--------------------------------------------------

Trying with at most 31 labels...
Solution:
{1: 142, 2: 380, 3: 142, 4: 380, 5: 156, 6: 394, 7: 268, 8: 30, 9: 86, 10: 324, 11: 408, 12: 170, 13: 380, 14: 142, 15: 30, 16: 268, 17: 170, 18: 408, 19: 680, 20: 442, 21: 526, 22: 764, 23: 86, 24: 324, 25: 764, 26: 526, 27: 72, 28: 310, 29: 324, 30: 86, 31: 366, 32: 128, 33: 30, 34: 268, 35: 100, 36: 338, 37: 128, 38: 366, 39: 722, 40: 484, 41: 156, 42: 394, 43: 498, 44: 736, 45: 722, 46: 484, 47: 268, 48: 30, 49: 526, 50: 764, 51: 128, 52: 366, 53: 442, 54: 680, 55: 338, 56: 100, 57: 442, 58: 680, 59: 498, 60: 736, 61: 310, 62: 72, 63: 526, 64: 764, 65: 100, 66: 338, 67: 156, 68: 394, 69: 86, 70: 324, 71: 100, 72: 338, 73: 128, 74: 366, 75: 142, 76: 380, 77: 156, 78: 394, 79: 100, 80: 338, 81: 526, 82: 764, 83: 324, 84: 86, 85: 498, 86: 736, 87: 30, 88: 268, 89: 442, 90: 680, 91: 156, 92: 394, 93: 30, 94: 268, 95: 324, 96: 86, 97: 478, 98: 240, 99: 478, 100: 240, 101: 442, 102: 680, 103: 156, 104: 394, 105: 442, 106: 680, 107: 498, 108: 736, 109: 366, 110: 128, 111: 526, 112: 764, 113: 16, 114: 254, 115: 142, 116: 380, 117: 100, 118: 338, 119: 680, 120: 442, 121: 408, 122: 170, 123: 680, 124: 442, 125: 128, 126: 366, 127: 764, 128: 526, 129: 526, 130: 764, 131: 240, 132: 478, 133: 442, 134: 680, 135: 142, 136: 380, 137: 86, 138: 324, 139: 30, 140: 268, 141: 442, 142: 680, 143: 526, 144: 764, 145: 764, 146: 526, 147: 156, 148: 394, 149: 442, 150: 680, 151: 722, 152: 484, 153: 72, 154: 310, 155: 394, 156: 156, 157: 526, 158: 764, 159: 484, 160: 722, 161: 526, 162: 764, 163: 526, 164: 764, 165: 128, 166: 366, 167: 484, 168: 722, 169: 484, 170: 722, 171: 380, 172: 142, 173: 680, 174: 442, 175: 442, 176: 680, 177: 142, 178: 380, 179: 478, 180: 240, 181: 156, 182: 394, 183: 100, 184: 338, 185: 442, 186: 680, 187: 156, 188: 394, 189: 498, 190: 736, 191: 764, 192: 526, 193: 442, 194: 680, 195: 30, 196: 268, 197: 498, 198: 736, 199: 526, 200: 764}
Number of lables used:  28
Time taken: 0.21 seconds
Memory used: 34.79 MB
--------------------------------------------------

Trying with at most 27 labels...
Solution:
{1: 142, 2: 380, 3: 142, 4: 380, 5: 156, 6: 394, 7: 498, 8: 736, 9: 86, 10: 324, 11: 408, 12: 170, 13: 764, 14: 526, 15: 30, 16: 268, 17: 170, 18: 408, 19: 722, 20: 484, 21: 484, 22: 722, 23: 86, 24: 324, 25: 764, 26: 526, 27: 72, 28: 310, 29: 324, 30: 86, 31: 338, 32: 100, 33: 736, 34: 498, 35: 100, 36: 338, 37: 86, 38: 324, 39: 722, 40: 484, 41: 156, 42: 394, 43: 666, 44: 428, 45: 666, 46: 428, 47: 268, 48: 30, 49: 526, 50: 764, 51: 128, 52: 366, 53: 428, 54: 666, 55: 338, 56: 100, 57: 380, 58: 142, 59: 498, 60: 736, 61: 310, 62: 72, 63: 428, 64: 666, 65: 100, 66: 338, 67: 156, 68: 394, 69: 86, 70: 324, 71: 100, 72: 338, 73: 324, 74: 86, 75: 142, 76: 380, 77: 156, 78: 394, 79: 100, 80: 338, 81: 526, 82: 764, 83: 310, 84: 72, 85: 428, 86: 666, 87: 324, 88: 86, 89: 428, 90: 666, 91: 156, 92: 394, 93: 30, 94: 268, 95: 268, 96: 30, 97: 240, 98: 478, 99: 478, 100: 240, 101: 428, 102: 666, 103: 156, 104: 394, 105: 428, 106: 666, 107: 72, 108: 310, 109: 498, 110: 736, 111: 526, 112: 764, 113: 764, 114: 526, 115: 142, 116: 380, 117: 268, 118: 30, 119: 666, 120: 428, 121: 408, 122: 170, 123: 666, 124: 428, 125: 128, 126: 366, 127: 764, 128: 526, 129: 526, 130: 764, 131: 240, 132: 478, 133: 428, 134: 666, 135: 142, 136: 380, 137: 86, 138: 324, 139: 30, 140: 268, 141: 324, 142: 86, 143: 764, 144: 526, 145: 764, 146: 526, 147: 156, 148: 394, 149: 428, 150: 666, 151: 722, 152: 484, 153: 72, 154: 310, 155: 366, 156: 128, 157: 142, 158: 380, 159: 428, 160: 666, 161: 526, 162: 764, 163: 498, 164: 736, 165: 128, 166: 366, 167: 156, 168: 394, 169: 484, 170: 722, 171: 324, 172: 86, 173: 666, 174: 428, 175: 428, 176: 666, 177: 142, 178: 380, 179: 478, 180: 240, 181: 156, 182: 394, 183: 100, 184: 338, 185: 428, 186: 666, 187: 156, 188: 394, 189: 498, 190: 736, 191: 722, 192: 484, 193: 526, 194: 764, 195: 30, 196: 268, 197: 484, 198: 722, 199: 526, 200: 764}
Number of lables used:  26
Time taken: 0.21 seconds
Memory used: 34.80 MB
--------------------------------------------------

Trying with at most 25 labels...
Solution:
{1: 142, 2: 380, 3: 142, 4: 380, 5: 156, 6: 394, 7: 268, 8: 30, 9: 86, 10: 324, 11: 408, 12: 170, 13: 764, 14: 526, 15: 30, 16: 268, 17: 170, 18: 408, 19: 722, 20: 484, 21: 484, 22: 722, 23: 86, 24: 324, 25: 764, 26: 526, 27: 72, 28: 310, 29: 324, 30: 86, 31: 338, 32: 100, 33: 484, 34: 722, 35: 100, 36: 338, 37: 86, 38: 324, 39: 722, 40: 484, 41: 156, 42: 394, 43: 666, 44: 428, 45: 666, 46: 428, 47: 268, 48: 30, 49: 764, 50: 526, 51: 666, 52: 428, 53: 428, 54: 666, 55: 338, 56: 100, 57: 380, 58: 142, 59: 72, 60: 310, 61: 310, 62: 72, 63: 428, 64: 666, 65: 100, 66: 338, 67: 156, 68: 394, 69: 86, 70: 324, 71: 100, 72: 338, 73: 324, 74: 86, 75: 142, 76: 380, 77: 156, 78: 394, 79: 100, 80: 338, 81: 526, 82: 764, 83: 310, 84: 72, 85: 428, 86: 666, 87: 324, 88: 86, 89: 428, 90: 666, 91: 156, 92: 394, 93: 30, 94: 268, 95: 310, 96: 72, 97: 240, 98: 478, 99: 478, 100: 240, 101: 722, 102: 484, 103: 156, 104: 394, 105: 428, 106: 666, 107: 72, 108: 310, 109: 526, 110: 764, 111: 526, 112: 764, 113: 764, 114: 526, 115: 142, 116: 380, 117: 268, 118: 30, 119: 666, 120: 428, 121: 408, 122: 170, 123: 666, 124: 428, 125: 128, 126: 366, 127: 764, 128: 526, 129: 666, 130: 428, 131: 240, 132: 478, 133: 428, 134: 666, 135: 142, 136: 380, 137: 86, 138: 324, 139: 30, 140: 268, 141: 324, 142: 86, 143: 100, 144: 338, 145: 764, 146: 526, 147: 156, 148: 394, 149: 428, 150: 666, 151: 722, 152: 484, 153: 72, 154: 310, 155: 366, 156: 128, 157: 142, 158: 380, 159: 428, 160: 666, 161: 526, 162: 764, 163: 484, 164: 722, 165: 128, 166: 366, 167: 156, 168: 394, 169: 484, 170: 722, 171: 526, 172: 764, 173: 666, 174: 428, 175: 428, 176: 666, 177: 142, 178: 380, 179: 478, 180: 240, 181: 156, 182: 394, 183: 100, 184: 338, 185: 428, 186: 666, 187: 156, 188: 394, 189: 764, 190: 526, 191: 722, 192: 484, 193: 526, 194: 764, 195: 30, 196: 268, 197: 484, 198: 722, 199: 526, 200: 764}
Number of lables used:  24
Time taken: 0.21 seconds
Memory used: 34.81 MB
--------------------------------------------------

Trying with at most 23 labels...
Solution:
{1: 456, 2: 694, 3: 30, 4: 268, 5: 694, 6: 456, 7: 554, 8: 792, 9: 142, 10: 380, 11: 408, 12: 170, 13: 58, 14: 296, 15: 30, 16: 268, 17: 142, 18: 380, 19: 296, 20: 58, 21: 750, 22: 512, 23: 394, 24: 156, 25: 512, 26: 750, 27: 750, 28: 512, 29: 554, 30: 792, 31: 750, 32: 512, 33: 128, 34: 366, 35: 142, 36: 380, 37: 394, 38: 156, 39: 58, 40: 296, 41: 268, 42: 30, 43: 296, 44: 58, 45: 30, 46: 268, 47: 30, 48: 268, 49: 296, 50: 58, 51: 666, 52: 428, 53: 58, 54: 296, 55: 366, 56: 128, 57: 554, 58: 792, 59: 58, 60: 296, 61: 268, 62: 30, 63: 554, 64: 792, 65: 58, 66: 296, 67: 750, 68: 512, 69: 268, 70: 30, 71: 30, 72: 268, 73: 750, 74: 512, 75: 268, 76: 30, 77: 128, 78: 366, 79: 58, 80: 296, 81: 792, 82: 554, 83: 428, 84: 666, 85: 142, 86: 380, 87: 394, 88: 156, 89: 694, 90: 456, 91: 156, 92: 394, 93: 30, 94: 268, 95: 366, 96: 128, 97: 170, 98: 408, 99: 170, 100: 408, 101: 554, 102: 792, 103: 268, 104: 30, 105: 428, 106: 666, 107: 666, 108: 428, 109: 792, 110: 554, 111: 58, 112: 296, 113: 750, 114: 512, 115: 792, 116: 554, 117: 296, 118: 58, 119: 296, 120: 58, 121: 240, 122: 478, 123: 694, 124: 456, 125: 750, 126: 512, 127: 666, 128: 428, 129: 428, 130: 666, 131: 170, 132: 408, 133: 666, 134: 428, 135: 58, 136: 296, 137: 30, 138: 268, 139: 128, 140: 366, 141: 750, 142: 512, 143: 512, 144: 750, 145: 30, 146: 268, 147: 366, 148: 128, 149: 142, 150: 380, 151: 750, 152: 512, 153: 156, 154: 394, 155: 792, 156: 554, 157: 128, 158: 366, 159: 142, 160: 380, 161: 792, 162: 554, 163: 428, 164: 666, 165: 380, 166: 142, 167: 456, 168: 694, 169: 366, 170: 128, 171: 296, 172: 58, 173: 128, 174: 366, 175: 428, 176: 666, 177: 666, 178: 428, 179: 142, 180: 380, 181: 666, 182: 428, 183: 512, 184: 750, 185: 380, 186: 142, 187: 58, 188: 296, 189: 512, 190: 750, 191: 58, 192: 296, 193: 694, 194: 456, 195: 456, 196: 694, 197: 156, 198: 394, 199: 512, 200: 750}
Number of lables used:  22
Time taken: 0.22 seconds
Memory used: 34.98 MB
--------------------------------------------------

Trying with at most 21 labels...
Solution:
{1: 456, 2: 694, 3: 30, 4: 268, 5: 694, 6: 456, 7: 554, 8: 792, 9: 142, 10: 380, 11: 478, 12: 240, 13: 58, 14: 296, 15: 30, 16: 268, 17: 170, 18: 408, 19: 296, 20: 58, 21: 736, 22: 498, 23: 736, 24: 498, 25: 498, 26: 736, 27: 792, 28: 554, 29: 554, 30: 792, 31: 736, 32: 498, 33: 30, 34: 268, 35: 142, 36: 380, 37: 666, 38: 428, 39: 792, 40: 554, 41: 128, 42: 366, 43: 296, 44: 58, 45: 30, 46: 268, 47: 30, 48: 268, 49: 296, 50: 58, 51: 666, 52: 428, 53: 58, 54: 296, 55: 366, 56: 128, 57: 554, 58: 792, 59: 58, 60: 296, 61: 268, 62: 30, 63: 554, 64: 792, 65: 792, 66: 554, 67: 736, 68: 498, 69: 498, 70: 736, 71: 30, 72: 268, 73: 736, 74: 498, 75: 380, 76: 142, 77: 128, 78: 366, 79: 736, 80: 498, 81: 792, 82: 554, 83: 380, 84: 142, 85: 142, 86: 380, 87: 380, 88: 142, 89: 694, 90: 456, 91: 58, 92: 296, 93: 30, 94: 268, 95: 366, 96: 128, 97: 240, 98: 478, 99: 478, 100: 240, 101: 456, 102: 694, 103: 694, 104: 456, 105: 428, 106: 666, 107: 268, 108: 30, 109: 498, 110: 736, 111: 296, 112: 58, 113: 268, 114: 30, 115: 792, 116: 554, 117: 366, 118: 128, 119: 456, 120: 694, 121: 380, 122: 142, 123: 666, 124: 428, 125: 666, 126: 428, 127: 792, 128: 554, 129: 366, 130: 128, 131: 142, 132: 380, 133: 666, 134: 428, 135: 694, 136: 456, 137: 736, 138: 498, 139: 128, 140: 366, 141: 736, 142: 498, 143: 498, 144: 736, 145: 30, 146: 268, 147: 428, 148: 666, 149: 128, 150: 366, 151: 268, 152: 30, 153: 128, 154: 366, 155: 792, 156: 554, 157: 58, 158: 296, 159: 58, 160: 296, 161: 296, 162: 58, 163: 792, 164: 554, 165: 380, 166: 142, 167: 456, 168: 694, 169: 366, 170: 128, 171: 296, 172: 58, 173: 128, 174: 366, 175: 428, 176: 666, 177: 666, 178: 428, 179: 142, 180: 380, 181: 666, 182: 428, 183: 666, 184: 428, 185: 366, 186: 128, 187: 58, 188: 296, 189: 736, 190: 498, 191: 58, 192: 296, 193: 694, 194: 456, 195: 456, 196: 694, 197: 142, 198: 380, 199: 498, 200: 736}
Number of lables used:  20
Time taken: 0.22 seconds
Memory used: 35.10 MB
--------------------------------------------------

Trying with at most 19 labels...
Solution:
{1: 456, 2: 694, 3: 30, 4: 268, 5: 128, 6: 366, 7: 554, 8: 792, 9: 296, 10: 58, 11: 478, 12: 240, 13: 554, 14: 792, 15: 30, 16: 268, 17: 170, 18: 408, 19: 296, 20: 58, 21: 736, 22: 498, 23: 736, 24: 498, 25: 498, 26: 736, 27: 792, 28: 554, 29: 366, 30: 128, 31: 736, 32: 498, 33: 30, 34: 268, 35: 456, 36: 694, 37: 666, 38: 428, 39: 792, 40: 554, 41: 128, 42: 366, 43: 366, 44: 128, 45: 268, 46: 30, 47: 30, 48: 268, 49: 296, 50: 58, 51: 666, 52: 428, 53: 58, 54: 296, 55: 366, 56: 128, 57: 554, 58: 792, 59: 58, 60: 296, 61: 268, 62: 30, 63: 554, 64: 792, 65: 792, 66: 554, 67: 736, 68: 498, 69: 498, 70: 736, 71: 30, 72: 268, 73: 792, 74: 554, 75: 498, 76: 736, 77: 128, 78: 366, 79: 736, 80: 498, 81: 792, 82: 554, 83: 366, 84: 128, 85: 268, 86: 30, 87: 268, 88: 30, 89: 554, 90: 792, 91: 58, 92: 296, 93: 30, 94: 268, 95: 366, 96: 128, 97: 240, 98: 478, 99: 478, 100: 240, 101: 456, 102: 694, 103: 736, 104: 498, 105: 694, 106: 456, 107: 666, 108: 428, 109: 456, 110: 694, 111: 128, 112: 366, 113: 268, 114: 30, 115: 792, 116: 554, 117: 366, 118: 128, 119: 456, 120: 694, 121: 408, 122: 170, 123: 792, 124: 554, 125: 666, 126: 428, 127: 792, 128: 554, 129: 366, 130: 128, 131: 408, 132: 170, 133: 268, 134: 30, 135: 694, 136: 456, 137: 736, 138: 498, 139: 128, 140: 366, 141: 694, 142: 456, 143: 498, 144: 736, 145: 30, 146: 268, 147: 428, 148: 666, 149: 58, 150: 296, 151: 268, 152: 30, 153: 128, 154: 366, 155: 792, 156: 554, 157: 58, 158: 296, 159: 58, 160: 296, 161: 296, 162: 58, 163: 792, 164: 554, 165: 366, 166: 128, 167: 456, 168: 694, 169: 366, 170: 128, 171: 296, 172: 58, 173: 128, 174: 366, 175: 428, 176: 666, 177: 666, 178: 428, 179: 240, 180: 478, 181: 666, 182: 428, 183: 666, 184: 428, 185: 296, 186: 58, 187: 58, 188: 296, 189: 736, 190: 498, 191: 58, 192: 296, 193: 694, 194: 456, 195: 456, 196: 694, 197: 128, 198: 366, 199: 498, 200: 736}
Number of lables used:  18
Time taken: 0.23 seconds
Memory used: 35.10 MB
--------------------------------------------------

Trying with at most 17 labels...
Solution:
{1: 498, 2: 736, 3: 86, 4: 324, 5: 736, 6: 498, 7: 86, 8: 324, 9: 16, 10: 254, 11: 478, 12: 240, 13: 16, 14: 254, 15: 86, 16: 324, 17: 478, 18: 240, 19: 380, 20: 142, 21: 498, 22: 736, 23: 778, 24: 540, 25: 540, 26: 778, 27: 778, 28: 540, 29: 680, 30: 442, 31: 540, 32: 778, 33: 442, 34: 680, 35: 778, 36: 540, 37: 736, 38: 498, 39: 778, 40: 540, 41: 338, 42: 100, 43: 100, 44: 338, 45: 442, 46: 680, 47: 324, 48: 86, 49: 442, 50: 680, 51: 380, 52: 142, 53: 380, 54: 142, 55: 380, 56: 142, 57: 86, 58: 324, 59: 254, 60: 16, 61: 324, 62: 86, 63: 498, 64: 736, 65: 16, 66: 254, 67: 778, 68: 540, 69: 442, 70: 680, 71: 86, 72: 324, 73: 778, 74: 540, 75: 380, 76: 142, 77: 16, 78: 254, 79: 680, 80: 442, 81: 736, 82: 498, 83: 16, 84: 254, 85: 338, 86: 100, 87: 254, 88: 16, 89: 680, 90: 442, 91: 16, 92: 254, 93: 16, 94: 254, 95: 142, 96: 380, 97: 240, 98: 478, 99: 142, 100: 380, 101: 16, 102: 254, 103: 736, 104: 498, 105: 16, 106: 254, 107: 100, 108: 338, 109: 498, 110: 736, 111: 86, 112: 324, 113: 778, 114: 540, 115: 442, 116: 680, 117: 736, 118: 498, 119: 778, 120: 540, 121: 240, 122: 478, 123: 442, 124: 680, 125: 778, 126: 540, 127: 736, 128: 498, 129: 442, 130: 680, 131: 380, 132: 142, 133: 142, 134: 380, 135: 142, 136: 380, 137: 442, 138: 680, 139: 142, 140: 380, 141: 100, 142: 338, 143: 16, 144: 254, 145: 86, 146: 324, 147: 142, 148: 380, 149: 380, 150: 142, 151: 16, 152: 254, 153: 142, 154: 380, 155: 778, 156: 540, 157: 380, 158: 142, 159: 86, 160: 324, 161: 324, 162: 86, 163: 442, 164: 680, 165: 324, 166: 86, 167: 540, 168: 778, 169: 86, 170: 324, 171: 736, 172: 498, 173: 736, 174: 498, 175: 100, 176: 338, 177: 254, 178: 16, 179: 240, 180: 478, 181: 680, 182: 442, 183: 142, 184: 380, 185: 86, 186: 324, 187: 16, 188: 254, 189: 778, 190: 540, 191: 736, 192: 498, 193: 540, 194: 778, 195: 736, 196: 498, 197: 254, 198: 16, 199: 498, 200: 736}
Number of lables used:  16
Time taken: 0.26 seconds
Memory used: 35.25 MB
--------------------------------------------------

Trying with at most 15 labels...
Solution:
{1: 442, 2: 680, 3: 680, 4: 442, 5: 16, 6: 254, 7: 142, 8: 380, 9: 498, 10: 736, 11: 478, 12: 240, 13: 16, 14: 254, 15: 86, 16: 324, 17: 478, 18: 240, 19: 380, 20: 142, 21: 680, 22: 442, 23: 778, 24: 540, 25: 498, 26: 736, 27: 680, 28: 442, 29: 680, 30: 442, 31: 540, 32: 778, 33: 442, 34: 680, 35: 142, 36: 380, 37: 680, 38: 442, 39: 778, 40: 540, 41: 254, 42: 16, 43: 86, 44: 324, 45: 540, 46: 778, 47: 380, 48: 142, 49: 442, 50: 680, 51: 324, 52: 86, 53: 380, 54: 142, 55: 324, 56: 86, 57: 380, 58: 142, 59: 254, 60: 16, 61: 324, 62: 86, 63: 498, 64: 736, 65: 86, 66: 324, 67: 540, 68: 778, 69: 442, 70: 680, 71: 142, 72: 380, 73: 778, 74: 540, 75: 380, 76: 142, 77: 16, 78: 254, 79: 86, 80: 324, 81: 736, 82: 498, 83: 16, 84: 254, 85: 324, 86: 86, 87: 254, 88: 16, 89: 442, 90: 680, 91: 324, 92: 86, 93: 16, 94: 254, 95: 680, 96: 442, 97: 478, 98: 240, 99: 142, 100: 380, 101: 16, 102: 254, 103: 736, 104: 498, 105: 540, 106: 778, 107: 680, 108: 442, 109: 380, 110: 142, 111: 86, 112: 324, 113: 778, 114: 540, 115: 16, 116: 254, 117: 736, 118: 498, 119: 778, 120: 540, 121: 240, 122: 478, 123: 442, 124: 680, 125: 778, 126: 540, 127: 736, 128: 498, 129: 442, 130: 680, 131: 380, 132: 142, 133: 142, 134: 380, 135: 142, 136: 380, 137: 86, 138: 324, 139: 142, 140: 380, 141: 86, 142: 324, 143: 16, 144: 254, 145: 16, 146: 254, 147: 142, 148: 380, 149: 380, 150: 142, 151: 16, 152: 254, 153: 16, 154: 254, 155: 778, 156: 540, 157: 736, 158: 498, 159: 16, 160: 254, 161: 736, 162: 498, 163: 442, 164: 680, 165: 324, 166: 86, 167: 540, 168: 778, 169: 442, 170: 680, 171: 736, 172: 498, 173: 736, 174: 498, 175: 86, 176: 324, 177: 680, 178: 442, 179: 240, 180: 478, 181: 680, 182: 442, 183: 142, 184: 380, 185: 142, 186: 380, 187: 86, 188: 324, 189: 778, 190: 540, 191: 736, 192: 498, 193: 540, 194: 778, 195: 540, 196: 778, 197: 324, 198: 86, 199: 498, 200: 736}
Number of lables used:  14
Time taken: 0.26 seconds
Memory used: 35.25 MB
--------------------------------------------------

Trying with at most 13 labels...
Cannot find solution.
No more solutions found.
Optimal number of labels used:  14
Time taken: 1.78 seconds
Memory used: 57.55 MB
[runlim] end:			Mon Mar 23 23:53:02 2026
[runlim] status:		ok
[runlim] result:		0
[runlim] children:		1
[runlim] processes:		2
[runlim] real:			1.82 seconds
[runlim] time:			1.79 seconds
[runlim] space:			60 MB
[runlim] load:			1.20 maximum
[runlim] samples:		19
