[runlim] version:		2.0.0rc12
[runlim] host:			ap-Precision-7550
[runlim] time limit:		311040000 seconds
[runlim] real time limit:	600 seconds
[runlim] space limit:		14000 MB
[runlim] argv[0]:		python3
[runlim] argv[1]:		-u
[runlim] argv[2]:		no_preprocessing.py
[runlim] argv[3]:		TUD916.5
[runlim] argv[4]:		nsc
[runlim] argv[5]:		assumptions
[runlim] argv[6]:		cadical195
[runlim] start:			Mon Mar 23 23:53:22 2026
[runlim] child:			16634
Solve first problem:
Cannot find solution.
Time taken: 0.80 seconds
Memory used: 53.75 MB
[runlim] end:			Mon Mar 23 23:53:23 2026
[runlim] status:		ok
[runlim] result:		0
[runlim] children:		1
[runlim] processes:		2
[runlim] real:			0.85 seconds
[runlim] time:			0.80 seconds
[runlim] space:			56 MB
[runlim] load:			1.14 maximum
[runlim] samples:		9
