[runlim] version:		2.0.0rc12
[runlim] host:			ap-Precision-7550
[runlim] time limit:		311040000 seconds
[runlim] real time limit:	600 seconds
[runlim] space limit:		14000 MB
[runlim] argv[0]:		python3
[runlim] argv[1]:		-u
[runlim] argv[2]:		pairwise.py
[runlim] argv[3]:		graph03
[runlim] argv[4]:		assumptions
[runlim] argv[5]:		6
[runlim] argv[6]:		card
[runlim] argv[7]:		6
[runlim] start:			Sat Jun 13 22:23:10 2026
[runlim] child:			17141
Exactly-one cardinality encoding:  6
Distance constraint mode:  card
Distance cardinality encoding:  6
Number of assignment variables:  7480
Number of clauses for exactly one constraints:  182528
Number of clauses for distance constraints:  6254540
---------------------------------------------------
Solve first problem:
Solution:
{1: 456, 2: 694, 3: 268, 4: 30, 5: 498, 6: 736, 7: 540, 8: 778, 9: 540, 10: 778, 11: 540, 12: 778, 13: 456, 14: 694, 15: 296, 16: 58, 17: 296, 18: 58, 19: 414, 20: 652, 21: 414, 22: 652, 23: 338, 24: 100, 25: 498, 26: 736, 27: 324, 28: 86, 29: 512, 30: 750, 31: 268, 32: 30, 33: 366, 34: 128, 35: 268, 36: 30, 37: 470, 38: 708, 39: 792, 40: 554, 41: 254, 42: 16, 43: 324, 44: 86, 45: 352, 46: 114, 47: 470, 48: 708, 49: 778, 50: 540, 51: 282, 52: 44, 53: 540, 54: 778, 55: 764, 56: 526, 57: 484, 58: 722, 59: 296, 60: 58, 61: 324, 62: 86, 63: 394, 64: 156, 65: 456, 66: 694, 67: 498, 68: 736, 69: 428, 70: 666, 71: 526, 72: 764, 73: 268, 74: 30, 75: 352, 76: 114, 77: 366, 78: 128, 79: 414, 80: 652, 81: 484, 82: 722, 83: 428, 84: 666, 85: 414, 86: 652, 87: 394, 88: 156, 89: 470, 90: 708, 91: 394, 92: 156, 93: 428, 94: 666, 95: 170, 96: 408, 97: 428, 98: 666, 99: 72, 100: 310, 101: 792, 102: 554, 103: 526, 104: 764, 105: 484, 106: 722, 107: 310, 108: 72, 109: 268, 110: 30, 111: 394, 112: 156, 113: 394, 114: 156, 115: 750, 116: 512, 117: 268, 118: 30, 119: 268, 120: 30, 121: 512, 122: 750, 123: 394, 124: 156, 125: 526, 126: 764, 127: 470, 128: 708, 129: 296, 130: 58, 131: 268, 132: 30, 133: 470, 134: 708, 135: 540, 136: 778, 137: 296, 138: 58, 139: 722, 140: 484, 141: 498, 142: 736, 143: 352, 144: 114, 145: 58, 146: 296, 147: 456, 148: 694, 149: 512, 150: 750, 151: 366, 152: 128, 153: 414, 154: 652, 155: 324, 156: 86, 157: 394, 158: 156, 159: 352, 160: 114, 161: 338, 162: 100, 163: 296, 164: 58, 165: 470, 166: 708, 167: 254, 168: 16, 169: 512, 170: 750, 171: 282, 172: 44, 173: 366, 174: 128, 175: 310, 176: 72, 177: 442, 178: 680, 179: 470, 180: 708, 181: 296, 182: 58, 183: 484, 184: 722, 185: 268, 186: 30, 187: 526, 188: 764, 189: 428, 190: 666, 191: 296, 192: 58, 193: 456, 194: 694, 195: 268, 196: 30, 197: 526, 198: 764, 199: 268, 200: 30}
Number of lables used:  44
Total time: 6.21 seconds
Memory used: 1117.19 MB
--------------------------------------------------
Number of label variables:  48
Number of clauses for label constraints:  7480
Number of new variables for cardinality constraints:  1161
Number of clauses for cardinality constraints:  4558
Initial variable count:  2029575
Initial clause count:  4751692
--------------------------------------------------

Trying with at most 43 labels...
Solution:
{1: 44, 2: 282, 3: 128, 4: 366, 5: 86, 6: 324, 7: 100, 8: 338, 9: 100, 10: 338, 11: 100, 12: 338, 13: 16, 14: 254, 15: 100, 16: 338, 17: 652, 18: 414, 19: 652, 20: 414, 21: 792, 22: 554, 23: 44, 24: 282, 25: 100, 26: 338, 27: 58, 28: 296, 29: 72, 30: 310, 31: 86, 32: 324, 33: 722, 34: 484, 35: 142, 36: 380, 37: 30, 38: 268, 39: 16, 40: 254, 41: 750, 42: 512, 43: 44, 44: 282, 45: 44, 46: 282, 47: 680, 48: 442, 49: 764, 50: 526, 51: 114, 52: 352, 53: 142, 54: 380, 55: 750, 56: 512, 57: 44, 58: 282, 59: 680, 60: 442, 61: 708, 62: 470, 63: 750, 64: 512, 65: 708, 66: 470, 67: 58, 68: 296, 69: 722, 70: 484, 71: 128, 72: 366, 73: 128, 74: 366, 75: 44, 76: 282, 77: 30, 78: 268, 79: 708, 80: 470, 81: 44, 82: 282, 83: 722, 84: 484, 85: 792, 86: 554, 87: 708, 88: 470, 89: 30, 90: 268, 91: 750, 92: 512, 93: 736, 94: 498, 95: 142, 96: 380, 97: 736, 98: 498, 99: 750, 100: 512, 101: 16, 102: 254, 103: 128, 104: 366, 105: 680, 106: 442, 107: 708, 108: 470, 109: 100, 110: 338, 111: 736, 112: 498, 113: 736, 114: 498, 115: 58, 116: 296, 117: 666, 118: 428, 119: 722, 120: 484, 121: 72, 122: 310, 123: 792, 124: 554, 125: 142, 126: 380, 127: 30, 128: 268, 129: 72, 130: 310, 131: 652, 132: 414, 133: 58, 134: 296, 135: 100, 136: 338, 137: 100, 138: 338, 139: 86, 140: 324, 141: 58, 142: 296, 143: 16, 144: 254, 145: 764, 146: 526, 147: 680, 148: 442, 149: 128, 150: 366, 151: 722, 152: 484, 153: 16, 154: 254, 155: 86, 156: 324, 157: 16, 158: 254, 159: 694, 160: 456, 161: 30, 162: 268, 163: 72, 164: 310, 165: 72, 166: 310, 167: 708, 168: 470, 169: 114, 170: 352, 171: 114, 172: 352, 173: 750, 174: 512, 175: 694, 176: 456, 177: 680, 178: 442, 179: 30, 180: 268, 181: 100, 182: 338, 183: 72, 184: 310, 185: 100, 186: 338, 187: 58, 188: 296, 189: 694, 190: 456, 191: 708, 192: 470, 193: 16, 194: 254, 195: 680, 196: 442, 197: 86, 198: 324, 199: 680, 200: 442}
Number of lables used:  40
Total time: 6.68 seconds
Memory used: 1117.77 MB
--------------------------------------------------

Trying with at most 39 labels...
Solution:
{1: 100, 2: 338, 3: 86, 4: 324, 5: 652, 6: 414, 7: 142, 8: 380, 9: 100, 10: 338, 11: 100, 12: 338, 13: 16, 14: 254, 15: 72, 16: 310, 17: 58, 18: 296, 19: 736, 20: 498, 21: 764, 22: 526, 23: 44, 24: 282, 25: 30, 26: 268, 27: 58, 28: 296, 29: 72, 30: 310, 31: 86, 32: 324, 33: 750, 34: 512, 35: 86, 36: 324, 37: 72, 38: 310, 39: 764, 40: 526, 41: 778, 42: 540, 43: 708, 44: 470, 45: 736, 46: 498, 47: 30, 48: 268, 49: 750, 50: 512, 51: 666, 52: 428, 53: 72, 54: 310, 55: 736, 56: 498, 57: 694, 58: 456, 59: 58, 60: 296, 61: 44, 62: 282, 63: 778, 64: 540, 65: 666, 66: 428, 67: 694, 68: 456, 69: 694, 70: 456, 71: 100, 72: 338, 73: 100, 74: 338, 75: 16, 76: 254, 77: 680, 78: 442, 79: 708, 80: 470, 81: 44, 82: 282, 83: 764, 84: 526, 85: 708, 86: 470, 87: 708, 88: 470, 89: 30, 90: 268, 91: 694, 92: 456, 93: 694, 94: 456, 95: 142, 96: 380, 97: 30, 98: 268, 99: 44, 100: 282, 101: 764, 102: 526, 103: 100, 104: 338, 105: 708, 106: 470, 107: 694, 108: 456, 109: 44, 110: 282, 111: 750, 112: 512, 113: 764, 114: 526, 115: 58, 116: 296, 117: 100, 118: 338, 119: 680, 120: 442, 121: 114, 122: 352, 123: 778, 124: 540, 125: 100, 126: 338, 127: 30, 128: 268, 129: 680, 130: 442, 131: 86, 132: 324, 133: 30, 134: 268, 135: 142, 136: 380, 137: 666, 138: 428, 139: 694, 140: 456, 141: 58, 142: 296, 143: 666, 144: 428, 145: 750, 146: 512, 147: 30, 148: 268, 149: 86, 150: 324, 151: 666, 152: 428, 153: 708, 154: 470, 155: 30, 156: 268, 157: 708, 158: 470, 159: 722, 160: 484, 161: 722, 162: 484, 163: 16, 164: 254, 165: 694, 166: 456, 167: 778, 168: 540, 169: 86, 170: 324, 171: 86, 172: 324, 173: 680, 174: 442, 175: 58, 176: 296, 177: 680, 178: 442, 179: 652, 180: 414, 181: 652, 182: 414, 183: 30, 184: 268, 185: 30, 186: 268, 187: 652, 188: 414, 189: 30, 190: 268, 191: 778, 192: 540, 193: 722, 194: 484, 195: 750, 196: 512, 197: 666, 198: 428, 199: 30, 200: 268}
Number of lables used:  38
Total time: 7.01 seconds
Memory used: 1117.77 MB
--------------------------------------------------

Trying with at most 37 labels...
Solution:
{1: 100, 2: 338, 3: 142, 4: 380, 5: 142, 6: 380, 7: 142, 8: 380, 9: 666, 10: 428, 11: 666, 12: 428, 13: 58, 14: 296, 15: 16, 16: 254, 17: 86, 18: 324, 19: 58, 20: 296, 21: 792, 22: 554, 23: 86, 24: 324, 25: 666, 26: 428, 27: 708, 28: 470, 29: 114, 30: 352, 31: 128, 32: 366, 33: 764, 34: 526, 35: 114, 36: 352, 37: 736, 38: 498, 39: 792, 40: 554, 41: 792, 42: 554, 43: 666, 44: 428, 45: 750, 46: 512, 47: 722, 48: 484, 49: 736, 50: 498, 51: 128, 52: 366, 53: 142, 54: 380, 55: 750, 56: 512, 57: 722, 58: 484, 59: 114, 60: 352, 61: 86, 62: 324, 63: 792, 64: 554, 65: 58, 66: 296, 67: 708, 68: 470, 69: 778, 70: 540, 71: 142, 72: 380, 73: 666, 74: 428, 75: 58, 76: 296, 77: 764, 78: 526, 79: 792, 80: 554, 81: 722, 82: 484, 83: 778, 84: 540, 85: 792, 86: 554, 87: 16, 88: 254, 89: 736, 90: 498, 91: 792, 92: 554, 93: 30, 94: 268, 95: 142, 96: 380, 97: 778, 98: 540, 99: 764, 100: 526, 101: 16, 102: 254, 103: 142, 104: 380, 105: 86, 106: 324, 107: 652, 108: 414, 109: 142, 110: 380, 111: 16, 112: 254, 113: 16, 114: 254, 115: 58, 116: 296, 117: 114, 118: 352, 119: 722, 120: 484, 121: 114, 122: 352, 123: 736, 124: 498, 125: 142, 126: 380, 127: 736, 128: 498, 129: 16, 130: 254, 131: 142, 132: 380, 133: 736, 134: 498, 135: 666, 136: 428, 137: 750, 138: 512, 139: 86, 140: 324, 141: 708, 142: 470, 143: 58, 144: 296, 145: 778, 146: 540, 147: 708, 148: 470, 149: 128, 150: 366, 151: 764, 152: 526, 153: 16, 154: 254, 155: 86, 156: 324, 157: 792, 158: 554, 159: 58, 160: 296, 161: 680, 162: 442, 163: 114, 164: 352, 165: 86, 166: 324, 167: 16, 168: 254, 169: 128, 170: 366, 171: 666, 172: 428, 173: 764, 174: 526, 175: 708, 176: 470, 177: 750, 178: 512, 179: 722, 180: 484, 181: 114, 182: 352, 183: 86, 184: 324, 185: 114, 186: 352, 187: 30, 188: 268, 189: 778, 190: 540, 191: 792, 192: 554, 193: 750, 194: 512, 195: 30, 196: 268, 197: 680, 198: 442, 199: 30, 200: 268}
Number of lables used:  36
Total time: 8.73 seconds
Memory used: 1283.41 MB
--------------------------------------------------

Trying with at most 35 labels...
[runlim] sample:		9.99 time, 10.01 real, 1344 MB, 1.00 load
Solution:
{1: 100, 2: 338, 3: 666, 4: 428, 5: 142, 6: 380, 7: 142, 8: 380, 9: 142, 10: 380, 11: 778, 12: 540, 13: 58, 14: 296, 15: 114, 16: 352, 17: 58, 18: 296, 19: 58, 20: 296, 21: 16, 22: 254, 23: 86, 24: 324, 25: 666, 26: 428, 27: 100, 28: 338, 29: 114, 30: 352, 31: 128, 32: 366, 33: 778, 34: 540, 35: 86, 36: 324, 37: 722, 38: 484, 39: 792, 40: 554, 41: 750, 42: 512, 43: 680, 44: 442, 45: 750, 46: 512, 47: 30, 48: 268, 49: 30, 50: 268, 51: 142, 52: 380, 53: 142, 54: 380, 55: 694, 56: 456, 57: 86, 58: 324, 59: 792, 60: 554, 61: 58, 62: 296, 63: 792, 64: 554, 65: 58, 66: 296, 67: 100, 68: 338, 69: 30, 70: 268, 71: 114, 72: 352, 73: 142, 74: 380, 75: 58, 76: 296, 77: 722, 78: 484, 79: 16, 80: 254, 81: 86, 82: 324, 83: 778, 84: 540, 85: 750, 86: 512, 87: 16, 88: 254, 89: 72, 90: 310, 91: 722, 92: 484, 93: 30, 94: 268, 95: 142, 96: 380, 97: 30, 98: 268, 99: 722, 100: 484, 101: 16, 102: 254, 103: 142, 104: 380, 105: 680, 106: 442, 107: 666, 108: 428, 109: 142, 110: 380, 111: 16, 112: 254, 113: 750, 114: 512, 115: 58, 116: 296, 117: 142, 118: 380, 119: 722, 120: 484, 121: 680, 122: 442, 123: 750, 124: 512, 125: 114, 126: 352, 127: 72, 128: 310, 129: 652, 130: 414, 131: 142, 132: 380, 133: 72, 134: 310, 135: 142, 136: 380, 137: 652, 138: 414, 139: 86, 140: 324, 141: 680, 142: 442, 143: 58, 144: 296, 145: 30, 146: 268, 147: 72, 148: 310, 149: 100, 150: 338, 151: 694, 152: 456, 153: 16, 154: 254, 155: 86, 156: 324, 157: 750, 158: 512, 159: 30, 160: 268, 161: 694, 162: 456, 163: 680, 164: 442, 165: 58, 166: 296, 167: 16, 168: 254, 169: 128, 170: 366, 171: 100, 172: 338, 173: 722, 174: 484, 175: 666, 176: 428, 177: 750, 178: 512, 179: 72, 180: 310, 181: 114, 182: 352, 183: 86, 184: 324, 185: 86, 186: 324, 187: 680, 188: 442, 189: 30, 190: 268, 191: 16, 192: 254, 193: 722, 194: 484, 195: 778, 196: 540, 197: 128, 198: 366, 199: 30, 200: 268}
Number of lables used:  34
Total time: 11.09 seconds
Memory used: 1299.05 MB
--------------------------------------------------

Trying with at most 33 labels...
Solution:
{1: 30, 2: 268, 3: 30, 4: 268, 5: 652, 6: 414, 7: 100, 8: 338, 9: 142, 10: 380, 11: 652, 12: 414, 13: 736, 14: 498, 15: 128, 16: 366, 17: 680, 18: 442, 19: 736, 20: 498, 21: 30, 22: 268, 23: 86, 24: 324, 25: 680, 26: 442, 27: 100, 28: 338, 29: 680, 30: 442, 31: 142, 32: 380, 33: 750, 34: 512, 35: 652, 36: 414, 37: 708, 38: 470, 39: 16, 40: 254, 41: 778, 42: 540, 43: 778, 44: 540, 45: 736, 46: 498, 47: 708, 48: 470, 49: 764, 50: 526, 51: 666, 52: 428, 53: 156, 54: 394, 55: 30, 56: 268, 57: 708, 58: 470, 59: 100, 60: 338, 61: 86, 62: 324, 63: 778, 64: 540, 65: 72, 66: 310, 67: 100, 68: 338, 69: 764, 70: 526, 71: 652, 72: 414, 73: 156, 74: 394, 75: 72, 76: 310, 77: 750, 78: 512, 79: 778, 80: 540, 81: 708, 82: 470, 83: 764, 84: 526, 85: 778, 86: 540, 87: 764, 88: 526, 89: 72, 90: 310, 91: 778, 92: 540, 93: 750, 94: 512, 95: 142, 96: 380, 97: 764, 98: 526, 99: 750, 100: 512, 101: 778, 102: 540, 103: 156, 104: 394, 105: 708, 106: 470, 107: 764, 108: 526, 109: 156, 110: 394, 111: 764, 112: 526, 113: 30, 114: 268, 115: 736, 116: 498, 117: 156, 118: 394, 119: 736, 120: 498, 121: 666, 122: 428, 123: 30, 124: 268, 125: 666, 126: 428, 127: 72, 128: 310, 129: 128, 130: 366, 131: 652, 132: 414, 133: 86, 134: 324, 135: 142, 136: 380, 137: 680, 138: 442, 139: 708, 140: 470, 141: 680, 142: 442, 143: 72, 144: 310, 145: 764, 146: 526, 147: 708, 148: 470, 149: 680, 150: 442, 151: 750, 152: 512, 153: 30, 154: 268, 155: 72, 156: 310, 157: 16, 158: 254, 159: 736, 160: 498, 161: 86, 162: 324, 163: 128, 164: 366, 165: 708, 166: 470, 167: 16, 168: 254, 169: 142, 170: 380, 171: 666, 172: 428, 173: 764, 174: 526, 175: 100, 176: 338, 177: 736, 178: 498, 179: 708, 180: 470, 181: 666, 182: 428, 183: 708, 184: 470, 185: 156, 186: 394, 187: 86, 188: 324, 189: 30, 190: 268, 191: 16, 192: 254, 193: 72, 194: 310, 195: 750, 196: 512, 197: 666, 198: 428, 199: 764, 200: 526}
Number of lables used:  32
Total time: 12.22 seconds
Memory used: 1320.37 MB
--------------------------------------------------

Trying with at most 31 labels...
[runlim] sample:		19.98 time, 20.01 real, 1251 MB, 1.00 load
Solution:
{1: 114, 2: 352, 3: 666, 4: 428, 5: 764, 6: 526, 7: 666, 8: 428, 9: 666, 10: 428, 11: 666, 12: 428, 13: 86, 14: 324, 15: 44, 16: 282, 17: 114, 18: 352, 19: 72, 20: 310, 21: 764, 22: 526, 23: 86, 24: 324, 25: 708, 26: 470, 27: 708, 28: 470, 29: 114, 30: 352, 31: 72, 32: 310, 33: 764, 34: 526, 35: 666, 36: 428, 37: 736, 38: 498, 39: 792, 40: 554, 41: 792, 42: 554, 43: 722, 44: 484, 45: 72, 46: 310, 47: 86, 48: 324, 49: 778, 50: 540, 51: 680, 52: 442, 53: 666, 54: 428, 55: 764, 56: 526, 57: 722, 58: 484, 59: 44, 60: 282, 61: 722, 62: 484, 63: 792, 64: 554, 65: 750, 66: 512, 67: 708, 68: 470, 69: 778, 70: 540, 71: 666, 72: 428, 73: 666, 74: 428, 75: 750, 76: 512, 77: 764, 78: 526, 79: 792, 80: 554, 81: 694, 82: 456, 83: 778, 84: 540, 85: 792, 86: 554, 87: 792, 88: 554, 89: 72, 90: 310, 91: 792, 92: 554, 93: 778, 94: 540, 95: 170, 96: 408, 97: 778, 98: 540, 99: 764, 100: 526, 101: 792, 102: 554, 103: 666, 104: 428, 105: 114, 106: 352, 107: 708, 108: 470, 109: 666, 110: 428, 111: 792, 112: 554, 113: 44, 114: 282, 115: 86, 116: 324, 117: 86, 118: 324, 119: 764, 120: 526, 121: 72, 122: 310, 123: 792, 124: 554, 125: 666, 126: 428, 127: 736, 128: 498, 129: 694, 130: 456, 131: 666, 132: 428, 133: 736, 134: 498, 135: 666, 136: 428, 137: 694, 138: 456, 139: 722, 140: 484, 141: 44, 142: 282, 143: 750, 144: 512, 145: 778, 146: 540, 147: 736, 148: 498, 149: 44, 150: 282, 151: 764, 152: 526, 153: 44, 154: 282, 155: 722, 156: 484, 157: 792, 158: 554, 159: 86, 160: 324, 161: 736, 162: 498, 163: 114, 164: 352, 165: 722, 166: 484, 167: 792, 168: 554, 169: 44, 170: 282, 171: 680, 172: 442, 173: 764, 174: 526, 175: 708, 176: 470, 177: 764, 178: 526, 179: 72, 180: 310, 181: 694, 182: 456, 183: 114, 184: 352, 185: 44, 186: 282, 187: 750, 188: 512, 189: 778, 190: 540, 191: 792, 192: 554, 193: 722, 194: 484, 195: 44, 196: 282, 197: 680, 198: 442, 199: 44, 200: 282}
Number of lables used:  30
Total time: 24.76 seconds
Memory used: 1127.82 MB
--------------------------------------------------

Trying with at most 29 labels...
Solution:
{1: 100, 2: 338, 3: 156, 4: 394, 5: 764, 6: 526, 7: 764, 8: 526, 9: 156, 10: 394, 11: 156, 12: 394, 13: 72, 14: 310, 15: 156, 16: 394, 17: 764, 18: 526, 19: 58, 20: 296, 21: 30, 22: 268, 23: 100, 24: 338, 25: 100, 26: 338, 27: 114, 28: 352, 29: 666, 30: 428, 31: 142, 32: 380, 33: 44, 34: 282, 35: 666, 36: 428, 37: 86, 38: 324, 39: 16, 40: 254, 41: 16, 42: 254, 43: 100, 44: 338, 45: 792, 46: 554, 47: 100, 48: 338, 49: 44, 50: 282, 51: 142, 52: 380, 53: 666, 54: 428, 55: 58, 56: 296, 57: 764, 58: 526, 59: 792, 60: 554, 61: 86, 62: 324, 63: 30, 64: 268, 65: 58, 66: 296, 67: 778, 68: 540, 69: 778, 70: 540, 71: 142, 72: 380, 73: 666, 74: 428, 75: 16, 76: 254, 77: 86, 78: 324, 79: 764, 80: 526, 81: 100, 82: 338, 83: 44, 84: 282, 85: 792, 86: 554, 87: 16, 88: 254, 89: 86, 90: 324, 91: 30, 92: 268, 93: 30, 94: 268, 95: 142, 96: 380, 97: 30, 98: 268, 99: 44, 100: 282, 101: 30, 102: 268, 103: 100, 104: 338, 105: 86, 106: 324, 107: 792, 108: 554, 109: 142, 110: 380, 111: 778, 112: 540, 113: 16, 114: 254, 115: 792, 116: 554, 117: 666, 118: 428, 119: 764, 120: 526, 121: 764, 122: 526, 123: 30, 124: 268, 125: 142, 126: 380, 127: 86, 128: 324, 129: 778, 130: 540, 131: 156, 132: 394, 133: 114, 134: 352, 135: 156, 136: 394, 137: 792, 138: 554, 139: 86, 140: 324, 141: 114, 142: 352, 143: 58, 144: 296, 145: 30, 146: 268, 147: 30, 148: 268, 149: 764, 150: 526, 151: 58, 152: 296, 153: 792, 154: 554, 155: 100, 156: 338, 157: 16, 158: 254, 159: 58, 160: 296, 161: 86, 162: 324, 163: 114, 164: 352, 165: 86, 166: 324, 167: 30, 168: 268, 169: 666, 170: 428, 171: 666, 172: 428, 173: 44, 174: 282, 175: 100, 176: 338, 177: 44, 178: 282, 179: 792, 180: 554, 181: 72, 182: 310, 183: 764, 184: 526, 185: 156, 186: 394, 187: 72, 188: 310, 189: 44, 190: 282, 191: 30, 192: 268, 193: 72, 194: 310, 195: 58, 196: 296, 197: 778, 198: 540, 199: 30, 200: 268}
Number of lables used:  28
Total time: 29.92 seconds
Memory used: 1042.70 MB
--------------------------------------------------

Trying with at most 27 labels...
[runlim] sample:		29.99 time, 30.01 real, 1043 MB, 1.00 load
Solution:
{1: 722, 2: 484, 3: 142, 4: 380, 5: 680, 6: 442, 7: 666, 8: 428, 9: 666, 10: 428, 11: 666, 12: 428, 13: 86, 14: 324, 15: 58, 16: 296, 17: 142, 18: 380, 19: 86, 20: 324, 21: 764, 22: 526, 23: 58, 24: 296, 25: 708, 26: 470, 27: 708, 28: 470, 29: 86, 30: 324, 31: 86, 32: 324, 33: 764, 34: 526, 35: 666, 36: 428, 37: 736, 38: 498, 39: 792, 40: 554, 41: 792, 42: 554, 43: 722, 44: 484, 45: 58, 46: 296, 47: 722, 48: 484, 49: 778, 50: 540, 51: 680, 52: 442, 53: 666, 54: 428, 55: 764, 56: 526, 57: 722, 58: 484, 59: 694, 60: 456, 61: 722, 62: 484, 63: 792, 64: 554, 65: 58, 66: 296, 67: 708, 68: 470, 69: 778, 70: 540, 71: 156, 72: 394, 73: 666, 74: 428, 75: 58, 76: 296, 77: 764, 78: 526, 79: 792, 80: 554, 81: 694, 82: 456, 83: 778, 84: 540, 85: 792, 86: 554, 87: 792, 88: 554, 89: 736, 90: 498, 91: 792, 92: 554, 93: 778, 94: 540, 95: 142, 96: 380, 97: 778, 98: 540, 99: 764, 100: 526, 101: 792, 102: 554, 103: 142, 104: 380, 105: 86, 106: 324, 107: 708, 108: 470, 109: 666, 110: 428, 111: 792, 112: 554, 113: 792, 114: 554, 115: 58, 116: 296, 117: 86, 118: 324, 119: 764, 120: 526, 121: 58, 122: 296, 123: 792, 124: 554, 125: 142, 126: 380, 127: 736, 128: 498, 129: 694, 130: 456, 131: 666, 132: 428, 133: 736, 134: 498, 135: 666, 136: 428, 137: 694, 138: 456, 139: 722, 140: 484, 141: 680, 142: 442, 143: 86, 144: 324, 145: 778, 146: 540, 147: 736, 148: 498, 149: 680, 150: 442, 151: 764, 152: 526, 153: 792, 154: 554, 155: 86, 156: 324, 157: 792, 158: 554, 159: 58, 160: 296, 161: 736, 162: 498, 163: 694, 164: 456, 165: 722, 166: 484, 167: 792, 168: 554, 169: 680, 170: 442, 171: 680, 172: 442, 173: 764, 174: 526, 175: 708, 176: 470, 177: 764, 178: 526, 179: 736, 180: 498, 181: 694, 182: 456, 183: 86, 184: 324, 185: 86, 186: 324, 187: 86, 188: 324, 189: 778, 190: 540, 191: 792, 192: 554, 193: 722, 194: 484, 195: 58, 196: 296, 197: 680, 198: 442, 199: 58, 200: 296}
Number of lables used:  26
Total time: 31.08 seconds
Memory used: 1074.83 MB
--------------------------------------------------

Trying with at most 25 labels...
Solution:
{1: 708, 2: 470, 3: 666, 4: 428, 5: 16, 6: 254, 7: 666, 8: 428, 9: 666, 10: 428, 11: 666, 12: 428, 13: 750, 14: 512, 15: 16, 16: 254, 17: 16, 18: 254, 19: 750, 20: 512, 21: 792, 22: 554, 23: 16, 24: 254, 25: 708, 26: 470, 27: 708, 28: 470, 29: 694, 30: 456, 31: 114, 32: 352, 33: 764, 34: 526, 35: 114, 36: 352, 37: 736, 38: 498, 39: 792, 40: 554, 41: 792, 42: 554, 43: 114, 44: 352, 45: 750, 46: 512, 47: 722, 48: 484, 49: 778, 50: 540, 51: 114, 52: 352, 53: 114, 54: 352, 55: 764, 56: 526, 57: 722, 58: 484, 59: 694, 60: 456, 61: 722, 62: 484, 63: 792, 64: 554, 65: 750, 66: 512, 67: 708, 68: 470, 69: 778, 70: 540, 71: 666, 72: 428, 73: 666, 74: 428, 75: 750, 76: 512, 77: 764, 78: 526, 79: 792, 80: 554, 81: 722, 82: 484, 83: 778, 84: 540, 85: 792, 86: 554, 87: 792, 88: 554, 89: 114, 90: 352, 91: 792, 92: 554, 93: 778, 94: 540, 95: 170, 96: 408, 97: 778, 98: 540, 99: 764, 100: 526, 101: 792, 102: 554, 103: 666, 104: 428, 105: 722, 106: 484, 107: 708, 108: 470, 109: 666, 110: 428, 111: 792, 112: 554, 113: 792, 114: 554, 115: 750, 116: 512, 117: 666, 118: 428, 119: 764, 120: 526, 121: 16, 122: 254, 123: 792, 124: 554, 125: 666, 126: 428, 127: 736, 128: 498, 129: 694, 130: 456, 131: 666, 132: 428, 133: 736, 134: 498, 135: 666, 136: 428, 137: 16, 138: 254, 139: 722, 140: 484, 141: 708, 142: 470, 143: 750, 144: 512, 145: 778, 146: 540, 147: 736, 148: 498, 149: 114, 150: 352, 151: 764, 152: 526, 153: 792, 154: 554, 155: 114, 156: 352, 157: 792, 158: 554, 159: 750, 160: 512, 161: 736, 162: 498, 163: 16, 164: 254, 165: 722, 166: 484, 167: 792, 168: 554, 169: 114, 170: 352, 171: 114, 172: 352, 173: 764, 174: 526, 175: 708, 176: 470, 177: 764, 178: 526, 179: 736, 180: 498, 181: 694, 182: 456, 183: 722, 184: 484, 185: 666, 186: 428, 187: 750, 188: 512, 189: 778, 190: 540, 191: 792, 192: 554, 193: 750, 194: 512, 195: 764, 196: 526, 197: 114, 198: 352, 199: 778, 200: 540}
Number of lables used:  24
Total time: 33.99 seconds
Memory used: 1099.61 MB
--------------------------------------------------

Trying with at most 23 labels...
Solution:
{1: 778, 2: 540, 3: 142, 4: 380, 5: 736, 6: 498, 7: 142, 8: 380, 9: 142, 10: 380, 11: 142, 12: 380, 13: 58, 14: 296, 15: 114, 16: 352, 17: 114, 18: 352, 19: 58, 20: 296, 21: 16, 22: 254, 23: 86, 24: 324, 25: 778, 26: 540, 27: 100, 28: 338, 29: 114, 30: 352, 31: 128, 32: 366, 33: 778, 34: 540, 35: 142, 36: 380, 37: 778, 38: 540, 39: 736, 40: 498, 41: 16, 42: 254, 43: 86, 44: 324, 45: 778, 46: 540, 47: 86, 48: 324, 49: 778, 50: 540, 51: 128, 52: 366, 53: 736, 54: 498, 55: 44, 56: 282, 57: 86, 58: 324, 59: 114, 60: 352, 61: 86, 62: 324, 63: 16, 64: 254, 65: 58, 66: 296, 67: 100, 68: 338, 69: 778, 70: 540, 71: 142, 72: 380, 73: 142, 74: 380, 75: 58, 76: 296, 77: 44, 78: 282, 79: 16, 80: 254, 81: 86, 82: 324, 83: 30, 84: 268, 85: 16, 86: 254, 87: 16, 88: 254, 89: 778, 90: 540, 91: 16, 92: 254, 93: 30, 94: 268, 95: 142, 96: 380, 97: 30, 98: 268, 99: 44, 100: 282, 101: 16, 102: 254, 103: 142, 104: 380, 105: 736, 106: 498, 107: 100, 108: 338, 109: 142, 110: 380, 111: 16, 112: 254, 113: 778, 114: 540, 115: 58, 116: 296, 117: 142, 118: 380, 119: 44, 120: 282, 121: 114, 122: 352, 123: 16, 124: 254, 125: 142, 126: 380, 127: 736, 128: 498, 129: 736, 130: 498, 131: 142, 132: 380, 133: 736, 134: 498, 135: 142, 136: 380, 137: 114, 138: 352, 139: 86, 140: 324, 141: 100, 142: 338, 143: 58, 144: 296, 145: 778, 146: 540, 147: 778, 148: 540, 149: 128, 150: 366, 151: 778, 152: 540, 153: 16, 154: 254, 155: 86, 156: 324, 157: 16, 158: 254, 159: 736, 160: 498, 161: 778, 162: 540, 163: 114, 164: 352, 165: 86, 166: 324, 167: 16, 168: 254, 169: 128, 170: 366, 171: 128, 172: 366, 173: 778, 174: 540, 175: 100, 176: 338, 177: 44, 178: 282, 179: 736, 180: 498, 181: 114, 182: 352, 183: 86, 184: 324, 185: 142, 186: 380, 187: 58, 188: 296, 189: 736, 190: 498, 191: 16, 192: 254, 193: 736, 194: 498, 195: 44, 196: 282, 197: 128, 198: 366, 199: 30, 200: 268}
Number of lables used:  22
Total time: 37.09 seconds
Memory used: 1099.61 MB
--------------------------------------------------

Trying with at most 21 labels...
Solution:
{1: 100, 2: 338, 3: 142, 4: 380, 5: 736, 6: 498, 7: 142, 8: 380, 9: 142, 10: 380, 11: 142, 12: 380, 13: 58, 14: 296, 15: 114, 16: 352, 17: 114, 18: 352, 19: 58, 20: 296, 21: 16, 22: 254, 23: 86, 24: 324, 25: 100, 26: 338, 27: 100, 28: 338, 29: 114, 30: 352, 31: 128, 32: 366, 33: 44, 34: 282, 35: 142, 36: 380, 37: 736, 38: 498, 39: 736, 40: 498, 41: 16, 42: 254, 43: 86, 44: 324, 45: 58, 46: 296, 47: 86, 48: 324, 49: 736, 50: 498, 51: 128, 52: 366, 53: 736, 54: 498, 55: 44, 56: 282, 57: 86, 58: 324, 59: 114, 60: 352, 61: 86, 62: 324, 63: 16, 64: 254, 65: 58, 66: 296, 67: 100, 68: 338, 69: 30, 70: 268, 71: 142, 72: 380, 73: 142, 74: 380, 75: 58, 76: 296, 77: 44, 78: 282, 79: 16, 80: 254, 81: 86, 82: 324, 83: 30, 84: 268, 85: 16, 86: 254, 87: 16, 88: 254, 89: 736, 90: 498, 91: 16, 92: 254, 93: 30, 94: 268, 95: 142, 96: 380, 97: 30, 98: 268, 99: 44, 100: 282, 101: 16, 102: 254, 103: 142, 104: 380, 105: 736, 106: 498, 107: 100, 108: 338, 109: 142, 110: 380, 111: 16, 112: 254, 113: 16, 114: 254, 115: 58, 116: 296, 117: 142, 118: 380, 119: 44, 120: 282, 121: 114, 122: 352, 123: 16, 124: 254, 125: 142, 126: 380, 127: 736, 128: 498, 129: 114, 130: 352, 131: 142, 132: 380, 133: 736, 134: 498, 135: 142, 136: 380, 137: 114, 138: 352, 139: 86, 140: 324, 141: 100, 142: 338, 143: 58, 144: 296, 145: 30, 146: 268, 147: 736, 148: 498, 149: 128, 150: 366, 151: 44, 152: 282, 153: 16, 154: 254, 155: 86, 156: 324, 157: 16, 158: 254, 159: 736, 160: 498, 161: 736, 162: 498, 163: 114, 164: 352, 165: 86, 166: 324, 167: 16, 168: 254, 169: 128, 170: 366, 171: 128, 172: 366, 173: 44, 174: 282, 175: 100, 176: 338, 177: 44, 178: 282, 179: 736, 180: 498, 181: 114, 182: 352, 183: 86, 184: 324, 185: 142, 186: 380, 187: 58, 188: 296, 189: 30, 190: 268, 191: 16, 192: 254, 193: 736, 194: 498, 195: 44, 196: 282, 197: 128, 198: 366, 199: 30, 200: 268}
Number of lables used:  20
Total time: 37.37 seconds
Memory used: 1099.61 MB
--------------------------------------------------

Trying with at most 19 labels...
[runlim] sample:		39.98 time, 40.01 real, 1100 MB, 1.00 load
[runlim] sample:		49.97 time, 50.01 real, 1100 MB, 1.15 load
[runlim] sample:		59.96 time, 60.01 real, 1092 MB, 1.13 load
[runlim] sample:		69.96 time, 70.01 real, 1126 MB, 1.18 load
[runlim] sample:		79.95 time, 80.01 real, 1093 MB, 1.15 load
[runlim] sample:		89.95 time, 90.01 real, 1093 MB, 1.13 load
[runlim] sample:		99.94 time, 100.01 real, 1082 MB, 1.11 load
[runlim] sample:		109.94 time, 110.01 real, 1093 MB, 1.09 load
Cannot find solution.
No more solutions found.
Optimal number of labels used:  20
Total time: 118.41 seconds
Memory used: 1092.93 MB
[runlim] end:			Sat Jun 13 22:25:09 2026
[runlim] status:		ok
[runlim] result:		0
[runlim] children:		1
[runlim] processes:		2
[runlim] real:			118.58 seconds
[runlim] time:			118.43 seconds
[runlim] space:			1498 MB
[runlim] load:			1.20 maximum
[runlim] samples:		1186
