[runlim] version:		2.0.0rc12
[runlim] host:			ap-Precision-7550
[runlim] time limit:		311040000 seconds
[runlim] real time limit:	600 seconds
[runlim] space limit:		14000 MB
[runlim] argv[0]:		python3
[runlim] argv[1]:		-u
[runlim] argv[2]:		pairwise.py
[runlim] argv[3]:		scen04
[runlim] argv[4]:		assumptions
[runlim] argv[5]:		6
[runlim] argv[6]:		card
[runlim] argv[7]:		6
[runlim] start:			Sat Jun 13 22:13:09 2026
[runlim] child:			17112
Exactly-one cardinality encoding:  6
Distance constraint mode:  card
Distance cardinality encoding:  6
Number of assignment variables:  1960
Number of clauses for exactly one constraints:  10492
Number of clauses for distance constraints:  23596
---------------------------------------------------
Solve first problem:
Solution:
{1: 708, 2: 470, 7: 310, 8: 72, 9: 750, 10: 512, 13: 16, 14: 254, 15: 16, 16: 254, 21: 282, 22: 44, 23: 128, 24: 366, 25: 750, 26: 512, 27: 30, 28: 268, 49: 380, 50: 142, 51: 778, 52: 540, 53: 428, 54: 666, 67: 16, 68: 254, 69: 652, 70: 414, 71: 526, 72: 764, 79: 296, 80: 58, 81: 442, 82: 680, 83: 128, 84: 366, 85: 30, 86: 268, 87: 30, 88: 268, 91: 708, 92: 470, 93: 156, 94: 394, 95: 652, 96: 414, 97: 86, 98: 324, 103: 394, 104: 156, 105: 30, 106: 268, 107: 778, 108: 540, 117: 72, 118: 310, 119: 156, 120: 394, 127: 156, 128: 394, 129: 540, 130: 778, 143: 142, 144: 380, 145: 394, 146: 156, 151: 722, 152: 484, 153: 554, 154: 792, 155: 296, 156: 58, 157: 652, 158: 414, 163: 554, 164: 792, 165: 554, 166: 792, 171: 142, 172: 380, 179: 114, 180: 352, 181: 142, 182: 380, 183: 44, 184: 282, 185: 652, 186: 414, 187: 498, 188: 736, 191: 296, 192: 58, 193: 156, 194: 394, 195: 86, 196: 324, 197: 470, 198: 708, 199: 296, 200: 58, 205: 526, 206: 764, 209: 652, 210: 414, 211: 268, 212: 30, 213: 526, 214: 764, 215: 470, 216: 708, 217: 86, 218: 324, 219: 324, 220: 86, 229: 694, 230: 456, 233: 268, 234: 30, 235: 142, 236: 380, 237: 764, 238: 526, 255: 58, 256: 296, 259: 72, 260: 310, 261: 736, 262: 498, 263: 428, 264: 666, 265: 764, 266: 526, 267: 652, 268: 414, 269: 44, 270: 282, 271: 310, 272: 72, 273: 792, 274: 554, 275: 72, 276: 310, 277: 72, 278: 310, 279: 498, 280: 736, 281: 792, 282: 554, 283: 554, 284: 792, 285: 394, 286: 156, 287: 736, 288: 498, 289: 414, 290: 652, 291: 512, 292: 750, 293: 170, 294: 408, 295: 554, 296: 792, 297: 30, 298: 268, 299: 540, 300: 778, 301: 380, 302: 142, 303: 44, 304: 282, 305: 456, 306: 694, 307: 792, 308: 554, 309: 394, 310: 156, 311: 708, 312: 470, 313: 484, 314: 722, 317: 666, 318: 428, 319: 268, 320: 30, 321: 394, 322: 156, 323: 254, 324: 16, 325: 156, 326: 394, 327: 156, 328: 394, 329: 380, 330: 142, 331: 366, 332: 128, 333: 750, 334: 512, 335: 792, 336: 554, 337: 512, 338: 750, 339: 778, 340: 540, 341: 540, 342: 778, 343: 540, 344: 778, 345: 394, 346: 156, 347: 156, 348: 394, 349: 456, 350: 694, 351: 72, 352: 310, 353: 44, 354: 282, 355: 58, 356: 296, 357: 778, 358: 540, 359: 282, 360: 44, 361: 268, 362: 30, 363: 498, 364: 736, 365: 366, 366: 128, 367: 428, 368: 666, 369: 764, 370: 526, 371: 282, 372: 44, 373: 750, 374: 512, 375: 694, 376: 456, 377: 778, 378: 540, 379: 540, 380: 778, 381: 30, 382: 268, 383: 366, 384: 128, 385: 338, 386: 100, 387: 428, 388: 666, 389: 296, 390: 58, 391: 694, 392: 456, 393: 128, 394: 366, 395: 778, 396: 540, 397: 366, 398: 128, 399: 708, 400: 470, 401: 442, 402: 680, 403: 282, 404: 44, 405: 456, 406: 694, 409: 282, 410: 44, 411: 540, 412: 778, 413: 366, 414: 128, 415: 526, 416: 764, 417: 680, 418: 442, 419: 338, 420: 100, 435: 114, 436: 352, 439: 442, 440: 680, 441: 750, 442: 512, 443: 666, 444: 428, 449: 778, 450: 540, 451: 156, 452: 394, 455: 652, 456: 414, 457: 722, 458: 484, 459: 44, 460: 282, 461: 352, 462: 114, 463: 540, 464: 778, 465: 282, 466: 44, 467: 142, 468: 380, 469: 456, 470: 694, 471: 268, 472: 30, 473: 778, 474: 540, 475: 456, 476: 694, 477: 540, 478: 778, 479: 484, 480: 722, 481: 540, 482: 778, 485: 680, 486: 442, 489: 526, 490: 764, 491: 540, 492: 778, 493: 680, 494: 442, 495: 30, 496: 268, 515: 380, 516: 142, 517: 128, 518: 366, 519: 282, 520: 44, 523: 366, 524: 128, 525: 722, 526: 484, 527: 296, 528: 58, 529: 366, 530: 128, 533: 268, 534: 30, 535: 456, 536: 694, 537: 708, 538: 470, 539: 792, 540: 554, 541: 338, 542: 100, 543: 414, 544: 652, 545: 338, 546: 100, 547: 310, 548: 72, 549: 58, 550: 296, 551: 156, 552: 394, 553: 666, 554: 428, 555: 380, 556: 142, 557: 456, 558: 694, 559: 282, 560: 44, 561: 366, 562: 128, 563: 142, 564: 380, 565: 694, 566: 456, 567: 338, 568: 100, 569: 764, 570: 526, 571: 44, 572: 282, 573: 428, 574: 666, 575: 722, 576: 484, 577: 792, 578: 554, 579: 442, 580: 680, 581: 554, 582: 792, 583: 694, 584: 456, 585: 764, 586: 526, 587: 394, 588: 156, 589: 666, 590: 428, 591: 764, 592: 526, 593: 128, 594: 366, 595: 366, 596: 128, 597: 526, 598: 764, 599: 540, 600: 778, 601: 778, 602: 540, 603: 114, 604: 352, 605: 680, 606: 442, 607: 540, 608: 778, 609: 512, 610: 750, 611: 142, 612: 380, 613: 540, 614: 778, 615: 484, 616: 722, 617: 30, 618: 268, 619: 142, 620: 380, 621: 778, 622: 540, 623: 498, 624: 736, 625: 366, 626: 128, 627: 268, 628: 30, 629: 666, 630: 428, 631: 44, 632: 282, 633: 428, 634: 666, 635: 128, 636: 366, 637: 268, 638: 30, 639: 338, 640: 100, 641: 44, 642: 282, 643: 86, 644: 324, 645: 296, 646: 58, 651: 512, 652: 750, 653: 456, 654: 694, 661: 512, 662: 750, 663: 338, 664: 100, 665: 16, 666: 254, 667: 394, 668: 156, 671: 394, 672: 156, 677: 526, 678: 764, 679: 72, 680: 310, 681: 142, 682: 380, 683: 484, 684: 722, 685: 268, 686: 30, 687: 498, 688: 736, 689: 58, 690: 296, 691: 694, 692: 456, 693: 44, 694: 282, 703: 498, 704: 736, 705: 100, 706: 338, 711: 722, 712: 484, 713: 58, 714: 296, 715: 156, 716: 394, 717: 72, 718: 310, 719: 72, 720: 310, 721: 708, 722: 470, 723: 394, 724: 156, 725: 792, 726: 554, 727: 778, 728: 540, 729: 540, 730: 778, 731: 540, 732: 778, 733: 764, 734: 526, 735: 484, 736: 722, 737: 310, 738: 72, 739: 666, 740: 428, 741: 792, 742: 554, 743: 44, 744: 282, 745: 72, 746: 310, 747: 722, 748: 484, 749: 282, 750: 44, 751: 114, 752: 352, 753: 484, 754: 722, 755: 442, 756: 680, 757: 540, 758: 778, 759: 310, 760: 72, 761: 44, 762: 282, 763: 540, 764: 778, 765: 666, 766: 428, 767: 324, 768: 86, 769: 680, 770: 442, 771: 394, 772: 156, 773: 666, 774: 428, 775: 282, 776: 44, 783: 282, 784: 44, 785: 72, 786: 310, 787: 44, 788: 282, 789: 722, 790: 484, 791: 310, 792: 72, 793: 540, 794: 778, 795: 694, 796: 456, 797: 380, 798: 142, 799: 708, 800: 470, 801: 778, 802: 540, 803: 526, 804: 764, 805: 442, 806: 680, 807: 114, 808: 352, 809: 254, 810: 16, 811: 470, 812: 708, 813: 142, 814: 380, 815: 484, 816: 722, 817: 338, 818: 100, 819: 680, 820: 442, 821: 778, 822: 540, 823: 282, 824: 44, 825: 512, 826: 750, 827: 16, 828: 254, 829: 254, 830: 16, 833: 498, 834: 736, 835: 128, 836: 366, 837: 540, 838: 778, 839: 442, 840: 680, 841: 254, 842: 16, 843: 750, 844: 512, 845: 254, 846: 16, 847: 442, 848: 680, 849: 428, 850: 666, 859: 778, 860: 540, 861: 792, 862: 554, 863: 428, 864: 666, 865: 366, 866: 128, 867: 442, 868: 680, 869: 114, 870: 352, 871: 554, 872: 792, 875: 72, 876: 310, 877: 778, 878: 540, 879: 526, 880: 764, 881: 72, 882: 310, 883: 72, 884: 310, 885: 282, 886: 44, 887: 694, 888: 456, 889: 428, 890: 666, 891: 498, 892: 736, 893: 72, 894: 310, 895: 268, 896: 30, 897: 380, 898: 142, 899: 72, 900: 310, 901: 708, 902: 470, 903: 16, 904: 254, 905: 268, 906: 30, 911: 268, 912: 30, 913: 442, 914: 680, 915: 30, 916: 268}
Number of lables used:  46
Total time: 0.10 seconds
Memory used: 28.66 MB
--------------------------------------------------
Number of label variables:  48
Number of clauses for label constraints:  108
Number of new variables for cardinality constraints:  1170
Number of clauses for cardinality constraints:  1179
Initial variable count:  16813
Initial clause count:  35394
--------------------------------------------------

Trying with at most 45 labels...
Cannot find solution.
Time taken: 0.10 seconds 
Memory used: 31.51 MB
[runlim] end:			Sat Jun 13 22:13:09 2026
[runlim] status:		ok
[runlim] result:		0
[runlim] children:		1
[runlim] processes:		2
[runlim] real:			0.15 seconds
[runlim] time:			0.10 seconds
[runlim] space:			24 MB
[runlim] load:			1.01 maximum
[runlim] samples:		2
