[runlim] version:		2.0.0rc12
[runlim] host:			ap-Precision-7550
[runlim] time limit:		311040000 seconds
[runlim] real time limit:	600 seconds
[runlim] space limit:		14000 MB
[runlim] argv[0]:		python3
[runlim] argv[1]:		-u
[runlim] argv[2]:		pairwise.py
[runlim] argv[3]:		scen02
[runlim] argv[4]:		assumptions
[runlim] argv[5]:		6
[runlim] argv[6]:		card
[runlim] argv[7]:		6
[runlim] start:			Sat Jun 13 21:53:07 2026
[runlim] child:			17050
Exactly-one cardinality encoding:  6
Distance constraint mode:  card
Distance cardinality encoding:  6
Number of assignment variables:  8004
Number of clauses for exactly one constraints:  201514
Number of clauses for distance constraints:  1319876
---------------------------------------------------
Solve first problem:
Solution:
{13: 16, 14: 254, 15: 16, 16: 254, 53: 16, 54: 254, 79: 30, 80: 268, 81: 16, 82: 254, 83: 16, 84: 254, 85: 86, 86: 324, 127: 16, 128: 254, 129: 114, 130: 352, 143: 16, 144: 254, 145: 16, 146: 254, 205: 44, 206: 282, 233: 30, 234: 268, 235: 44, 236: 282, 237: 30, 238: 268, 261: 16, 262: 254, 263: 16, 264: 254, 265: 16, 266: 254, 267: 86, 268: 324, 269: 16, 270: 254, 271: 16, 272: 254, 273: 86, 274: 324, 275: 86, 276: 324, 277: 30, 278: 268, 281: 44, 282: 282, 283: 44, 284: 282, 289: 30, 290: 268, 291: 44, 292: 282, 303: 16, 304: 254, 305: 86, 306: 324, 321: 30, 322: 268, 323: 100, 324: 338, 325: 30, 326: 268, 327: 100, 328: 338, 329: 16, 330: 254, 341: 114, 342: 352, 343: 114, 344: 352, 349: 100, 350: 338, 351: 86, 352: 324, 435: 30, 436: 268, 475: 44, 476: 282, 481: 58, 482: 296, 517: 310, 518: 72, 519: 30, 520: 268, 555: 282, 556: 44, 557: 44, 558: 282, 559: 268, 560: 30, 561: 128, 562: 366, 565: 100, 566: 338, 577: 114, 578: 352, 579: 16, 580: 254, 583: 296, 584: 58, 585: 30, 586: 268, 587: 86, 588: 324, 589: 16, 590: 254, 591: 428, 592: 666, 593: 30, 594: 268, 595: 86, 596: 324, 597: 100, 598: 338, 599: 58, 600: 296, 601: 428, 602: 666, 603: 44, 604: 282, 605: 30, 606: 268, 607: 128, 608: 366, 613: 428, 614: 666, 615: 30, 616: 268, 617: 72, 618: 310, 621: 100, 622: 338, 625: 268, 626: 30, 629: 86, 630: 324, 631: 114, 632: 352, 633: 338, 634: 100, 635: 380, 636: 142, 645: 30, 646: 268, 651: 16, 652: 254, 661: 72, 662: 310, 663: 16, 664: 254, 665: 352, 666: 114, 667: 16, 668: 254, 713: 30, 714: 268, 717: 86, 718: 324, 719: 156, 720: 394, 721: 366, 722: 128, 723: 16, 724: 254, 743: 44, 744: 282, 745: 128, 746: 366, 747: 114, 748: 352, 763: 296, 764: 58, 765: 268, 766: 30, 767: 156, 768: 394, 785: 16, 786: 254, 787: 310, 788: 72, 789: 44, 790: 282, 791: 114, 792: 352, 793: 30, 794: 268, 795: 100, 796: 338, 797: 30, 798: 268, 799: 100, 800: 338, 801: 498, 802: 736, 879: 44, 880: 282}
Number of lables used:  26
Total time: 1.50 seconds
Memory used: 388.37 MB
--------------------------------------------------
Number of label variables:  48
Number of clauses for label constraints:  8004
Number of new variables for cardinality constraints:  900
Number of clauses for cardinality constraints:  3550
Initial variable count:  639026
Initial clause count:  1532944
--------------------------------------------------

Trying with at most 25 labels...
Solution:
{13: 380, 14: 142, 15: 352, 16: 114, 53: 254, 54: 16, 79: 156, 80: 394, 81: 16, 82: 254, 83: 156, 84: 394, 85: 72, 86: 310, 127: 254, 128: 16, 129: 380, 130: 142, 143: 254, 144: 16, 145: 254, 146: 16, 205: 380, 206: 142, 233: 58, 234: 296, 235: 86, 236: 324, 237: 338, 238: 100, 261: 254, 262: 16, 263: 394, 264: 156, 265: 114, 266: 352, 267: 254, 268: 16, 269: 380, 270: 142, 271: 380, 272: 142, 273: 58, 274: 296, 275: 58, 276: 296, 277: 380, 278: 142, 281: 296, 282: 58, 283: 310, 284: 72, 289: 156, 290: 394, 291: 16, 292: 254, 303: 394, 304: 156, 305: 16, 306: 254, 321: 324, 322: 86, 323: 394, 324: 156, 325: 16, 326: 254, 327: 380, 328: 142, 329: 394, 330: 156, 341: 58, 342: 296, 343: 58, 344: 296, 349: 380, 350: 142, 351: 30, 352: 268, 435: 100, 436: 338, 475: 86, 476: 324, 481: 30, 482: 268, 517: 268, 518: 30, 519: 30, 520: 268, 555: 128, 556: 366, 557: 310, 558: 72, 559: 338, 560: 100, 561: 338, 562: 100, 565: 380, 566: 142, 577: 394, 578: 156, 579: 44, 580: 282, 583: 268, 584: 30, 585: 16, 586: 254, 587: 366, 588: 128, 589: 380, 590: 142, 591: 310, 592: 72, 593: 142, 594: 380, 595: 72, 596: 310, 597: 296, 598: 58, 599: 338, 600: 100, 601: 86, 602: 324, 603: 268, 604: 30, 605: 30, 606: 268, 607: 310, 608: 72, 613: 268, 614: 30, 615: 338, 616: 100, 617: 30, 618: 268, 621: 380, 622: 142, 625: 268, 626: 30, 629: 310, 630: 72, 631: 268, 632: 30, 633: 338, 634: 100, 635: 30, 636: 268, 645: 100, 646: 338, 651: 254, 652: 16, 661: 254, 662: 16, 663: 254, 664: 16, 665: 16, 666: 254, 667: 254, 668: 16, 713: 380, 714: 142, 717: 58, 718: 296, 719: 394, 720: 156, 721: 324, 722: 86, 723: 254, 724: 16, 743: 72, 744: 310, 745: 268, 746: 30, 747: 142, 748: 380, 763: 268, 764: 30, 765: 254, 766: 16, 767: 282, 768: 44, 785: 156, 786: 394, 787: 100, 788: 338, 789: 268, 790: 30, 791: 338, 792: 100, 793: 268, 794: 30, 795: 338, 796: 100, 797: 268, 798: 30, 799: 338, 800: 100, 801: 30, 802: 268, 879: 268, 880: 30}
Number of lables used:  22
Total time: 1.62 seconds
Memory used: 393.50 MB
--------------------------------------------------

Trying with at most 21 labels...
Solution:
{13: 380, 14: 142, 15: 324, 16: 86, 53: 254, 54: 16, 79: 156, 80: 394, 81: 16, 82: 254, 83: 156, 84: 394, 85: 72, 86: 310, 127: 254, 128: 16, 129: 380, 130: 142, 143: 254, 144: 16, 145: 254, 146: 16, 205: 380, 206: 142, 233: 58, 234: 296, 235: 86, 236: 324, 237: 338, 238: 100, 261: 254, 262: 16, 263: 394, 264: 156, 265: 114, 266: 352, 267: 254, 268: 16, 269: 86, 270: 324, 271: 86, 272: 324, 273: 30, 274: 268, 275: 30, 276: 268, 277: 86, 278: 324, 281: 142, 282: 380, 283: 156, 284: 394, 289: 142, 290: 380, 291: 16, 292: 254, 303: 394, 304: 156, 305: 16, 306: 254, 321: 380, 322: 142, 323: 296, 324: 58, 325: 16, 326: 254, 327: 380, 328: 142, 329: 156, 330: 394, 341: 380, 342: 142, 343: 338, 344: 100, 349: 380, 350: 142, 351: 30, 352: 268, 435: 100, 436: 338, 475: 86, 476: 324, 481: 30, 482: 268, 517: 268, 518: 30, 519: 30, 520: 268, 555: 310, 556: 72, 557: 310, 558: 72, 559: 338, 560: 100, 561: 338, 562: 100, 565: 310, 566: 72, 577: 394, 578: 156, 579: 338, 580: 100, 583: 296, 584: 58, 585: 58, 586: 296, 587: 380, 588: 142, 589: 380, 590: 142, 591: 310, 592: 72, 593: 324, 594: 86, 595: 72, 596: 310, 597: 296, 598: 58, 599: 352, 600: 114, 601: 86, 602: 324, 603: 268, 604: 30, 605: 30, 606: 268, 607: 142, 608: 380, 613: 338, 614: 100, 615: 338, 616: 100, 617: 30, 618: 268, 621: 380, 622: 142, 625: 268, 626: 30, 629: 72, 630: 310, 631: 58, 632: 296, 633: 142, 634: 380, 635: 30, 636: 268, 645: 100, 646: 338, 651: 254, 652: 16, 661: 254, 662: 16, 663: 254, 664: 16, 665: 156, 666: 394, 667: 254, 668: 16, 713: 86, 714: 324, 717: 30, 718: 268, 719: 394, 720: 156, 721: 114, 722: 352, 723: 254, 724: 16, 743: 72, 744: 310, 745: 268, 746: 30, 747: 142, 748: 380, 763: 268, 764: 30, 765: 268, 766: 30, 767: 254, 768: 16, 785: 268, 786: 30, 787: 338, 788: 100, 789: 268, 790: 30, 791: 338, 792: 100, 793: 268, 794: 30, 795: 338, 796: 100, 797: 268, 798: 30, 799: 338, 800: 100, 801: 30, 802: 268, 879: 268, 880: 30}
Number of lables used:  18
Total time: 1.69 seconds
Memory used: 393.50 MB
--------------------------------------------------

Trying with at most 17 labels...
Solution:
{13: 380, 14: 142, 15: 324, 16: 86, 53: 254, 54: 16, 79: 156, 80: 394, 81: 16, 82: 254, 83: 156, 84: 394, 85: 72, 86: 310, 127: 254, 128: 16, 129: 380, 130: 142, 143: 254, 144: 16, 145: 254, 146: 16, 205: 380, 206: 142, 233: 58, 234: 296, 235: 86, 236: 324, 237: 338, 238: 100, 261: 254, 262: 16, 263: 394, 264: 156, 265: 30, 266: 268, 267: 142, 268: 380, 269: 86, 270: 324, 271: 86, 272: 324, 273: 30, 274: 268, 275: 30, 276: 268, 277: 86, 278: 324, 281: 156, 282: 394, 283: 156, 284: 394, 289: 142, 290: 380, 291: 16, 292: 254, 303: 394, 304: 156, 305: 16, 306: 254, 321: 380, 322: 142, 323: 296, 324: 58, 325: 16, 326: 254, 327: 380, 328: 142, 329: 156, 330: 394, 341: 338, 342: 100, 343: 338, 344: 100, 349: 380, 350: 142, 351: 30, 352: 268, 435: 100, 436: 338, 475: 86, 476: 324, 481: 30, 482: 268, 517: 268, 518: 30, 519: 30, 520: 268, 555: 310, 556: 72, 557: 310, 558: 72, 559: 338, 560: 100, 561: 338, 562: 100, 565: 310, 566: 72, 577: 394, 578: 156, 579: 338, 580: 100, 583: 296, 584: 58, 585: 58, 586: 296, 587: 380, 588: 142, 589: 380, 590: 142, 591: 310, 592: 72, 593: 324, 594: 86, 595: 72, 596: 310, 597: 296, 598: 58, 599: 338, 600: 100, 601: 86, 602: 324, 603: 58, 604: 296, 605: 30, 606: 268, 607: 142, 608: 380, 613: 338, 614: 100, 615: 338, 616: 100, 617: 30, 618: 268, 621: 380, 622: 142, 625: 268, 626: 30, 629: 72, 630: 310, 631: 58, 632: 296, 633: 142, 634: 380, 635: 30, 636: 268, 645: 100, 646: 338, 651: 254, 652: 16, 661: 254, 662: 16, 663: 254, 664: 16, 665: 156, 666: 394, 667: 254, 668: 16, 713: 86, 714: 324, 717: 30, 718: 268, 719: 394, 720: 156, 721: 142, 722: 380, 723: 254, 724: 16, 743: 72, 744: 310, 745: 268, 746: 30, 747: 142, 748: 380, 763: 268, 764: 30, 765: 268, 766: 30, 767: 254, 768: 16, 785: 268, 786: 30, 787: 338, 788: 100, 789: 268, 790: 30, 791: 338, 792: 100, 793: 268, 794: 30, 795: 338, 796: 100, 797: 268, 798: 30, 799: 338, 800: 100, 801: 30, 802: 268, 879: 268, 880: 30}
Number of lables used:  16
Total time: 1.75 seconds
Memory used: 393.50 MB
--------------------------------------------------

Trying with at most 15 labels...
Solution:
{13: 442, 14: 680, 15: 414, 16: 652, 53: 30, 54: 268, 79: 142, 80: 380, 81: 30, 82: 268, 83: 750, 84: 512, 85: 666, 86: 428, 127: 442, 128: 680, 129: 268, 130: 30, 143: 414, 144: 652, 145: 380, 146: 142, 205: 512, 206: 750, 233: 750, 234: 512, 235: 380, 236: 142, 237: 58, 238: 296, 261: 414, 262: 652, 263: 666, 264: 428, 265: 142, 266: 380, 267: 30, 268: 268, 269: 58, 270: 296, 271: 58, 272: 296, 273: 512, 274: 750, 275: 512, 276: 750, 277: 442, 278: 680, 281: 428, 282: 666, 283: 428, 284: 666, 289: 652, 290: 414, 291: 30, 292: 268, 303: 652, 304: 414, 305: 30, 306: 268, 321: 442, 322: 680, 323: 380, 324: 142, 325: 652, 326: 414, 327: 268, 328: 30, 329: 652, 330: 414, 341: 30, 342: 268, 343: 30, 344: 268, 349: 680, 350: 442, 351: 58, 352: 296, 435: 750, 436: 512, 475: 30, 476: 268, 481: 442, 482: 680, 517: 380, 518: 142, 519: 666, 520: 428, 555: 666, 556: 428, 557: 428, 558: 666, 559: 750, 560: 512, 561: 296, 562: 58, 565: 442, 566: 680, 577: 652, 578: 414, 579: 380, 580: 142, 583: 142, 584: 380, 585: 380, 586: 142, 587: 30, 588: 268, 589: 414, 590: 652, 591: 268, 592: 30, 593: 268, 594: 30, 595: 680, 596: 442, 597: 442, 598: 680, 599: 268, 600: 30, 601: 380, 602: 142, 603: 58, 604: 296, 605: 142, 606: 380, 607: 442, 608: 680, 613: 380, 614: 142, 615: 380, 616: 142, 617: 30, 618: 268, 621: 680, 622: 442, 625: 268, 626: 30, 629: 380, 630: 142, 631: 58, 632: 296, 633: 142, 634: 380, 635: 58, 636: 296, 645: 58, 646: 296, 651: 30, 652: 268, 661: 512, 662: 750, 663: 142, 664: 380, 665: 58, 666: 296, 667: 512, 668: 750, 713: 442, 714: 680, 717: 512, 718: 750, 719: 30, 720: 268, 721: 296, 722: 58, 723: 380, 724: 142, 743: 296, 744: 58, 745: 58, 746: 296, 747: 30, 748: 268, 763: 380, 764: 142, 765: 296, 766: 58, 767: 512, 768: 750, 785: 414, 786: 652, 787: 30, 788: 268, 789: 380, 790: 142, 791: 268, 792: 30, 793: 380, 794: 142, 795: 268, 796: 30, 797: 380, 798: 142, 799: 268, 800: 30, 801: 142, 802: 380, 879: 30, 880: 268}
Number of lables used:  14
Total time: 4.92 seconds
Memory used: 420.83 MB
--------------------------------------------------

Trying with at most 13 labels...
[runlim] sample:		9.99 time, 10.01 real, 342 MB, 1.18 load
[runlim] sample:		19.99 time, 20.01 real, 347 MB, 1.15 load
[runlim] sample:		29.98 time, 30.01 real, 347 MB, 1.13 load
[runlim] sample:		39.98 time, 40.01 real, 351 MB, 1.18 load
[runlim] sample:		49.97 time, 50.01 real, 351 MB, 1.16 load
[runlim] sample:		59.97 time, 60.01 real, 351 MB, 1.13 load
[runlim] sample:		69.97 time, 70.01 real, 351 MB, 1.11 load
[runlim] sample:		79.96 time, 80.01 real, 355 MB, 1.09 load
[runlim] sample:		89.95 time, 90.01 real, 355 MB, 1.08 load
[runlim] sample:		99.95 time, 100.01 real, 355 MB, 1.07 load
[runlim] sample:		109.95 time, 110.01 real, 355 MB, 1.06 load
[runlim] sample:		119.94 time, 120.01 real, 355 MB, 1.05 load
[runlim] sample:		129.95 time, 130.01 real, 359 MB, 1.04 load
[runlim] sample:		139.94 time, 140.01 real, 359 MB, 1.11 load
[runlim] sample:		149.94 time, 150.01 real, 359 MB, 1.09 load
[runlim] sample:		159.93 time, 160.01 real, 359 MB, 1.08 load
[runlim] sample:		169.93 time, 170.01 real, 359 MB, 1.07 load
[runlim] sample:		179.92 time, 180.01 real, 359 MB, 1.06 load
[runlim] sample:		189.92 time, 190.01 real, 359 MB, 1.05 load
[runlim] sample:		199.92 time, 200.01 real, 359 MB, 1.04 load
[runlim] sample:		209.91 time, 210.01 real, 359 MB, 1.03 load
[runlim] sample:		219.91 time, 220.01 real, 359 MB, 1.18 load
[runlim] sample:		229.90 time, 230.01 real, 361 MB, 1.23 load
[runlim] sample:		239.90 time, 240.01 real, 361 MB, 1.27 load
[runlim] sample:		249.90 time, 250.01 real, 361 MB, 1.30 load
[runlim] sample:		259.89 time, 260.01 real, 361 MB, 1.33 load
[runlim] sample:		269.89 time, 270.01 real, 361 MB, 1.35 load
[runlim] sample:		279.88 time, 280.01 real, 361 MB, 1.37 load
[runlim] sample:		289.88 time, 290.01 real, 361 MB, 1.39 load
[runlim] sample:		299.87 time, 300.01 real, 361 MB, 1.40 load
[runlim] sample:		309.87 time, 310.01 real, 361 MB, 1.34 load
[runlim] sample:		319.87 time, 320.01 real, 361 MB, 1.29 load
[runlim] sample:		329.86 time, 330.01 real, 361 MB, 1.24 load
[runlim] sample:		339.86 time, 340.01 real, 364 MB, 1.20 load
[runlim] sample:		349.85 time, 350.01 real, 364 MB, 1.17 load
[runlim] sample:		359.85 time, 360.01 real, 364 MB, 1.15 load
[runlim] sample:		369.84 time, 370.01 real, 364 MB, 1.12 load
[runlim] sample:		379.84 time, 380.01 real, 364 MB, 1.10 load
[runlim] sample:		389.84 time, 390.01 real, 364 MB, 1.09 load
[runlim] sample:		399.83 time, 400.01 real, 364 MB, 1.07 load
[runlim] sample:		409.83 time, 410.01 real, 364 MB, 1.06 load
[runlim] sample:		419.83 time, 420.01 real, 364 MB, 1.05 load
[runlim] sample:		429.82 time, 430.01 real, 364 MB, 1.04 load
[runlim] sample:		439.82 time, 440.01 real, 364 MB, 1.04 load
[runlim] sample:		449.81 time, 450.01 real, 364 MB, 1.03 load
[runlim] sample:		459.81 time, 460.01 real, 364 MB, 1.02 load
[runlim] sample:		469.80 time, 470.01 real, 364 MB, 1.02 load
[runlim] sample:		479.80 time, 480.01 real, 364 MB, 1.02 load
[runlim] sample:		489.79 time, 490.01 real, 364 MB, 1.01 load
[runlim] sample:		499.79 time, 500.01 real, 364 MB, 1.01 load
[runlim] sample:		509.79 time, 510.01 real, 364 MB, 1.01 load
[runlim] sample:		519.78 time, 520.01 real, 364 MB, 1.01 load
[runlim] sample:		529.78 time, 530.01 real, 364 MB, 1.01 load
[runlim] sample:		539.77 time, 540.01 real, 364 MB, 1.00 load
[runlim] sample:		549.77 time, 550.01 real, 364 MB, 1.00 load
[runlim] sample:		559.77 time, 560.01 real, 364 MB, 1.00 load
[runlim] sample:		569.76 time, 570.01 real, 364 MB, 1.00 load
[runlim] sample:		579.76 time, 580.01 real, 364 MB, 1.00 load
[runlim] sample:		589.75 time, 590.01 real, 364 MB, 1.00 load
[runlim] sample:		599.75 time, 600.01 real, 364 MB, 1.00 load
[runlim] end:			Sat Jun 13 22:03:08 2026
[runlim] status:		out of time
[runlim] result:		2
[runlim] children:		1
[runlim] processes:		2
[runlim] real:			601.06 seconds
[runlim] time:			599.75 seconds
[runlim] space:			470 MB
[runlim] load:			1.44 maximum
[runlim] samples:		6000
