[runlim] version:		2.0.0rc12
[runlim] host:			ap-Precision-7550
[runlim] time limit:		311040000 seconds
[runlim] real time limit:	600 seconds
[runlim] space limit:		14000 MB
[runlim] argv[0]:		python3
[runlim] argv[1]:		-u
[runlim] argv[2]:		pairwise.py
[runlim] argv[3]:		TUD200.3
[runlim] argv[4]:		assumptions
[runlim] argv[5]:		6
[runlim] argv[6]:		card
[runlim] argv[7]:		6
[runlim] start:			Sat Jun 13 22:39:44 2026
[runlim] child:			17232
Exactly-one cardinality encoding:  6
Distance constraint mode:  card
Distance cardinality encoding:  6
Number of assignment variables:  7066
Number of clauses for exactly one constraints:  171298
Number of clauses for distance constraints:  1408486
---------------------------------------------------
Solve first problem:
Solution:
{1: 456, 2: 694, 3: 30, 4: 268, 5: 16, 6: 254, 7: 142, 8: 380, 9: 652, 10: 414, 11: 478, 12: 240, 13: 680, 14: 442, 15: 380, 16: 142, 17: 240, 18: 478, 19: 128, 20: 366, 21: 268, 22: 30, 23: 142, 24: 380, 25: 554, 26: 792, 27: 680, 28: 442, 29: 792, 30: 554, 31: 428, 32: 666, 33: 338, 34: 100, 35: 366, 36: 128, 37: 58, 38: 296, 39: 722, 40: 484, 41: 72, 42: 310, 43: 764, 44: 526, 45: 114, 46: 352, 47: 442, 48: 680, 49: 16, 50: 254, 51: 484, 52: 722, 53: 652, 54: 414, 55: 540, 56: 778, 57: 114, 58: 352, 59: 792, 60: 554, 61: 16, 62: 254, 63: 554, 64: 792, 65: 708, 66: 470, 67: 296, 68: 58, 69: 30, 70: 268, 71: 442, 72: 680, 73: 142, 74: 380, 75: 394, 76: 156, 77: 58, 78: 296, 79: 44, 80: 282, 81: 16, 82: 254, 83: 310, 84: 72, 85: 282, 86: 44, 87: 470, 88: 708, 89: 526, 90: 764, 91: 30, 92: 268, 93: 268, 94: 30, 95: 414, 96: 652, 97: 240, 98: 478, 99: 170, 100: 408, 101: 554, 102: 792, 103: 310, 104: 72, 105: 394, 106: 156, 107: 394, 108: 156, 109: 442, 110: 680, 111: 778, 112: 540, 113: 652, 114: 414, 115: 792, 116: 554, 117: 540, 118: 778, 119: 142, 120: 380, 121: 240, 122: 478, 123: 30, 124: 268, 125: 778, 126: 540, 127: 708, 128: 470, 129: 100, 130: 338, 131: 478, 132: 240, 133: 282, 134: 44, 135: 338, 136: 100, 137: 470, 138: 708, 139: 268, 140: 30, 141: 296, 142: 58, 143: 694, 144: 456, 145: 58, 146: 296, 147: 58, 148: 296, 149: 268, 150: 30, 151: 666, 152: 428, 153: 666, 154: 428, 155: 722, 156: 484, 157: 366, 158: 128, 159: 30, 160: 268, 161: 540, 162: 778, 163: 254, 164: 16, 165: 254, 166: 16, 167: 764, 168: 526, 169: 394, 170: 156, 171: 16, 172: 254, 173: 680, 174: 442, 175: 792, 176: 554, 177: 156, 178: 394, 179: 170, 180: 408, 181: 652, 182: 414, 183: 540, 184: 778, 185: 380, 186: 142, 187: 254, 188: 16, 189: 722, 190: 484, 191: 268, 192: 30, 193: 338, 194: 100, 195: 736, 196: 498, 197: 254, 198: 16, 199: 540, 200: 778}
Number of lables used:  44
Total time: 1.63 seconds
Memory used: 385.65 MB
--------------------------------------------------
Number of label variables:  48
Number of clauses for label constraints:  7066
Number of new variables for cardinality constraints:  1161
Number of clauses for cardinality constraints:  4558
Initial variable count:  571788
Initial clause count:  1591520
--------------------------------------------------

Trying with at most 43 labels...
Solution:
{1: 456, 2: 694, 3: 30, 4: 268, 5: 324, 6: 86, 7: 680, 8: 442, 9: 296, 10: 58, 11: 408, 12: 170, 13: 114, 14: 352, 15: 16, 16: 254, 17: 380, 18: 142, 19: 128, 20: 366, 21: 680, 22: 442, 23: 414, 24: 652, 25: 324, 26: 86, 27: 652, 28: 414, 29: 142, 30: 380, 31: 470, 32: 708, 33: 456, 34: 694, 35: 44, 36: 282, 37: 44, 38: 282, 39: 708, 40: 470, 41: 86, 42: 324, 43: 666, 44: 428, 45: 254, 46: 16, 47: 30, 48: 268, 49: 442, 50: 680, 51: 310, 52: 72, 53: 666, 54: 428, 55: 708, 56: 470, 57: 86, 58: 324, 59: 456, 60: 694, 61: 254, 62: 16, 63: 414, 64: 652, 65: 366, 66: 128, 67: 652, 68: 414, 69: 142, 70: 380, 71: 30, 72: 268, 73: 142, 74: 380, 75: 366, 76: 128, 77: 58, 78: 296, 79: 680, 80: 442, 81: 86, 82: 324, 83: 442, 84: 680, 85: 268, 86: 30, 87: 142, 88: 380, 89: 652, 90: 414, 91: 30, 92: 268, 93: 652, 94: 414, 95: 282, 96: 44, 97: 142, 98: 380, 99: 478, 100: 240, 101: 296, 102: 58, 103: 310, 104: 72, 105: 722, 106: 484, 107: 394, 108: 156, 109: 708, 110: 470, 111: 428, 112: 666, 113: 16, 114: 254, 115: 142, 116: 380, 117: 338, 118: 100, 119: 310, 120: 72, 121: 380, 122: 142, 123: 58, 124: 296, 125: 72, 126: 310, 127: 428, 128: 666, 129: 456, 130: 694, 131: 380, 132: 142, 133: 666, 134: 428, 135: 58, 136: 296, 137: 380, 138: 142, 139: 652, 140: 414, 141: 310, 142: 72, 143: 722, 144: 484, 145: 722, 146: 484, 147: 268, 148: 30, 149: 16, 150: 254, 151: 470, 152: 708, 153: 86, 154: 324, 155: 394, 156: 156, 157: 30, 158: 268, 159: 484, 160: 722, 161: 30, 162: 268, 163: 414, 164: 652, 165: 254, 166: 16, 167: 114, 168: 352, 169: 442, 170: 680, 171: 16, 172: 254, 173: 142, 174: 380, 175: 652, 176: 414, 177: 254, 178: 16, 179: 170, 180: 408, 181: 16, 182: 254, 183: 86, 184: 324, 185: 30, 186: 268, 187: 16, 188: 254, 189: 722, 190: 484, 191: 456, 192: 694, 193: 722, 194: 484, 195: 456, 196: 694, 197: 310, 198: 72, 199: 380, 200: 142}
Number of lables used:  38
Total time: 1.93 seconds
Memory used: 391.28 MB
--------------------------------------------------

Trying with at most 37 labels...
Solution:
{1: 456, 2: 694, 3: 30, 4: 268, 5: 324, 6: 86, 7: 680, 8: 442, 9: 296, 10: 58, 11: 408, 12: 170, 13: 114, 14: 352, 15: 16, 16: 254, 17: 380, 18: 142, 19: 142, 20: 380, 21: 680, 22: 442, 23: 414, 24: 652, 25: 324, 26: 86, 27: 652, 28: 414, 29: 142, 30: 380, 31: 470, 32: 708, 33: 456, 34: 694, 35: 44, 36: 282, 37: 44, 38: 282, 39: 708, 40: 470, 41: 86, 42: 324, 43: 666, 44: 428, 45: 254, 46: 16, 47: 30, 48: 268, 49: 442, 50: 680, 51: 310, 52: 72, 53: 666, 54: 428, 55: 708, 56: 470, 57: 86, 58: 324, 59: 456, 60: 694, 61: 254, 62: 16, 63: 414, 64: 652, 65: 394, 66: 156, 67: 652, 68: 414, 69: 142, 70: 380, 71: 30, 72: 268, 73: 142, 74: 380, 75: 380, 76: 142, 77: 58, 78: 296, 79: 680, 80: 442, 81: 86, 82: 324, 83: 442, 84: 680, 85: 268, 86: 30, 87: 142, 88: 380, 89: 652, 90: 414, 91: 30, 92: 268, 93: 652, 94: 414, 95: 282, 96: 44, 97: 142, 98: 380, 99: 478, 100: 240, 101: 296, 102: 58, 103: 310, 104: 72, 105: 722, 106: 484, 107: 394, 108: 156, 109: 708, 110: 470, 111: 428, 112: 666, 113: 16, 114: 254, 115: 142, 116: 380, 117: 338, 118: 100, 119: 310, 120: 72, 121: 380, 122: 142, 123: 58, 124: 296, 125: 72, 126: 310, 127: 428, 128: 666, 129: 456, 130: 694, 131: 380, 132: 142, 133: 666, 134: 428, 135: 58, 136: 296, 137: 380, 138: 142, 139: 652, 140: 414, 141: 310, 142: 72, 143: 722, 144: 484, 145: 722, 146: 484, 147: 268, 148: 30, 149: 16, 150: 254, 151: 470, 152: 708, 153: 86, 154: 324, 155: 394, 156: 156, 157: 30, 158: 268, 159: 484, 160: 722, 161: 30, 162: 268, 163: 414, 164: 652, 165: 254, 166: 16, 167: 114, 168: 352, 169: 442, 170: 680, 171: 16, 172: 254, 173: 142, 174: 380, 175: 652, 176: 414, 177: 254, 178: 16, 179: 170, 180: 408, 181: 16, 182: 254, 183: 86, 184: 324, 185: 30, 186: 268, 187: 16, 188: 254, 189: 722, 190: 484, 191: 456, 192: 694, 193: 722, 194: 484, 195: 456, 196: 694, 197: 310, 198: 72, 199: 380, 200: 142}
Number of lables used:  36
Total time: 1.99 seconds
Memory used: 391.26 MB
--------------------------------------------------

Trying with at most 35 labels...
Solution:
{1: 456, 2: 694, 3: 30, 4: 268, 5: 324, 6: 86, 7: 680, 8: 442, 9: 296, 10: 58, 11: 408, 12: 170, 13: 114, 14: 352, 15: 16, 16: 254, 17: 380, 18: 142, 19: 142, 20: 380, 21: 680, 22: 442, 23: 414, 24: 652, 25: 324, 26: 86, 27: 652, 28: 414, 29: 142, 30: 380, 31: 470, 32: 708, 33: 456, 34: 694, 35: 44, 36: 282, 37: 44, 38: 282, 39: 708, 40: 470, 41: 86, 42: 324, 43: 666, 44: 428, 45: 254, 46: 16, 47: 30, 48: 268, 49: 442, 50: 680, 51: 310, 52: 72, 53: 666, 54: 428, 55: 708, 56: 470, 57: 86, 58: 324, 59: 456, 60: 694, 61: 254, 62: 16, 63: 414, 64: 652, 65: 394, 66: 156, 67: 652, 68: 414, 69: 142, 70: 380, 71: 30, 72: 268, 73: 142, 74: 380, 75: 380, 76: 142, 77: 58, 78: 296, 79: 680, 80: 442, 81: 86, 82: 324, 83: 442, 84: 680, 85: 268, 86: 30, 87: 142, 88: 380, 89: 652, 90: 414, 91: 30, 92: 268, 93: 652, 94: 414, 95: 282, 96: 44, 97: 142, 98: 380, 99: 478, 100: 240, 101: 296, 102: 58, 103: 310, 104: 72, 105: 722, 106: 484, 107: 394, 108: 156, 109: 708, 110: 470, 111: 428, 112: 666, 113: 16, 114: 254, 115: 142, 116: 380, 117: 352, 118: 114, 119: 310, 120: 72, 121: 380, 122: 142, 123: 58, 124: 296, 125: 72, 126: 310, 127: 428, 128: 666, 129: 456, 130: 694, 131: 380, 132: 142, 133: 666, 134: 428, 135: 58, 136: 296, 137: 380, 138: 142, 139: 652, 140: 414, 141: 310, 142: 72, 143: 722, 144: 484, 145: 722, 146: 484, 147: 268, 148: 30, 149: 16, 150: 254, 151: 470, 152: 708, 153: 86, 154: 324, 155: 394, 156: 156, 157: 30, 158: 268, 159: 484, 160: 722, 161: 30, 162: 268, 163: 414, 164: 652, 165: 254, 166: 16, 167: 114, 168: 352, 169: 442, 170: 680, 171: 16, 172: 254, 173: 142, 174: 380, 175: 652, 176: 414, 177: 254, 178: 16, 179: 170, 180: 408, 181: 16, 182: 254, 183: 86, 184: 324, 185: 30, 186: 268, 187: 16, 188: 254, 189: 722, 190: 484, 191: 456, 192: 694, 193: 722, 194: 484, 195: 456, 196: 694, 197: 310, 198: 72, 199: 380, 200: 142}
Number of lables used:  34
Total time: 2.04 seconds
Memory used: 391.26 MB
--------------------------------------------------

Trying with at most 33 labels...
Solution:
{1: 456, 2: 694, 3: 30, 4: 268, 5: 324, 6: 86, 7: 680, 8: 442, 9: 296, 10: 58, 11: 408, 12: 170, 13: 114, 14: 352, 15: 16, 16: 254, 17: 380, 18: 142, 19: 142, 20: 380, 21: 680, 22: 442, 23: 414, 24: 652, 25: 324, 26: 86, 27: 652, 28: 414, 29: 142, 30: 380, 31: 470, 32: 708, 33: 456, 34: 694, 35: 44, 36: 282, 37: 44, 38: 282, 39: 708, 40: 470, 41: 86, 42: 324, 43: 666, 44: 428, 45: 254, 46: 16, 47: 30, 48: 268, 49: 442, 50: 680, 51: 310, 52: 72, 53: 666, 54: 428, 55: 708, 56: 470, 57: 86, 58: 324, 59: 456, 60: 694, 61: 254, 62: 16, 63: 414, 64: 652, 65: 142, 66: 380, 67: 652, 68: 414, 69: 142, 70: 380, 71: 30, 72: 268, 73: 142, 74: 380, 75: 268, 76: 30, 77: 58, 78: 296, 79: 680, 80: 442, 81: 86, 82: 324, 83: 442, 84: 680, 85: 268, 86: 30, 87: 58, 88: 296, 89: 652, 90: 414, 91: 30, 92: 268, 93: 652, 94: 414, 95: 282, 96: 44, 97: 142, 98: 380, 99: 478, 100: 240, 101: 296, 102: 58, 103: 680, 104: 442, 105: 722, 106: 484, 107: 310, 108: 72, 109: 708, 110: 470, 111: 428, 112: 666, 113: 16, 114: 254, 115: 142, 116: 380, 117: 352, 118: 114, 119: 310, 120: 72, 121: 380, 122: 142, 123: 58, 124: 296, 125: 72, 126: 310, 127: 428, 128: 666, 129: 456, 130: 694, 131: 380, 132: 142, 133: 666, 134: 428, 135: 58, 136: 296, 137: 380, 138: 142, 139: 652, 140: 414, 141: 324, 142: 86, 143: 722, 144: 484, 145: 722, 146: 484, 147: 268, 148: 30, 149: 16, 150: 254, 151: 470, 152: 708, 153: 86, 154: 324, 155: 380, 156: 142, 157: 30, 158: 268, 159: 484, 160: 722, 161: 30, 162: 268, 163: 414, 164: 652, 165: 254, 166: 16, 167: 114, 168: 352, 169: 442, 170: 680, 171: 16, 172: 254, 173: 142, 174: 380, 175: 652, 176: 414, 177: 254, 178: 16, 179: 170, 180: 408, 181: 16, 182: 254, 183: 86, 184: 324, 185: 30, 186: 268, 187: 16, 188: 254, 189: 722, 190: 484, 191: 456, 192: 694, 193: 722, 194: 484, 195: 456, 196: 694, 197: 310, 198: 72, 199: 380, 200: 142}
Number of lables used:  32
Total time: 2.12 seconds
Memory used: 391.27 MB
--------------------------------------------------

Trying with at most 31 labels...
Solution:
{1: 456, 2: 694, 3: 30, 4: 268, 5: 324, 6: 86, 7: 680, 8: 442, 9: 296, 10: 58, 11: 408, 12: 170, 13: 114, 14: 352, 15: 16, 16: 254, 17: 380, 18: 142, 19: 142, 20: 380, 21: 680, 22: 442, 23: 414, 24: 652, 25: 324, 26: 86, 27: 652, 28: 414, 29: 142, 30: 380, 31: 484, 32: 722, 33: 456, 34: 694, 35: 44, 36: 282, 37: 44, 38: 282, 39: 680, 40: 442, 41: 86, 42: 324, 43: 666, 44: 428, 45: 254, 46: 16, 47: 30, 48: 268, 49: 442, 50: 680, 51: 310, 52: 72, 53: 666, 54: 428, 55: 114, 56: 352, 57: 86, 58: 324, 59: 456, 60: 694, 61: 254, 62: 16, 63: 414, 64: 652, 65: 142, 66: 380, 67: 652, 68: 414, 69: 142, 70: 380, 71: 30, 72: 268, 73: 142, 74: 380, 75: 268, 76: 30, 77: 58, 78: 296, 79: 680, 80: 442, 81: 86, 82: 324, 83: 442, 84: 680, 85: 268, 86: 30, 87: 58, 88: 296, 89: 652, 90: 414, 91: 30, 92: 268, 93: 652, 94: 414, 95: 282, 96: 44, 97: 142, 98: 380, 99: 478, 100: 240, 101: 296, 102: 58, 103: 680, 104: 442, 105: 722, 106: 484, 107: 310, 108: 72, 109: 442, 110: 680, 111: 428, 112: 666, 113: 16, 114: 254, 115: 142, 116: 380, 117: 352, 118: 114, 119: 310, 120: 72, 121: 380, 122: 142, 123: 58, 124: 296, 125: 72, 126: 310, 127: 428, 128: 666, 129: 456, 130: 694, 131: 380, 132: 142, 133: 666, 134: 428, 135: 58, 136: 296, 137: 380, 138: 142, 139: 652, 140: 414, 141: 324, 142: 86, 143: 722, 144: 484, 145: 722, 146: 484, 147: 268, 148: 30, 149: 16, 150: 254, 151: 484, 152: 722, 153: 86, 154: 324, 155: 380, 156: 142, 157: 30, 158: 268, 159: 484, 160: 722, 161: 30, 162: 268, 163: 414, 164: 652, 165: 254, 166: 16, 167: 114, 168: 352, 169: 442, 170: 680, 171: 16, 172: 254, 173: 142, 174: 380, 175: 652, 176: 414, 177: 254, 178: 16, 179: 170, 180: 408, 181: 16, 182: 254, 183: 86, 184: 324, 185: 30, 186: 268, 187: 16, 188: 254, 189: 722, 190: 484, 191: 456, 192: 694, 193: 722, 194: 484, 195: 456, 196: 694, 197: 310, 198: 72, 199: 380, 200: 142}
Number of lables used:  30
Total time: 2.17 seconds
Memory used: 391.27 MB
--------------------------------------------------

Trying with at most 29 labels...
Solution:
{1: 442, 2: 680, 3: 30, 4: 268, 5: 72, 6: 310, 7: 470, 8: 708, 9: 296, 10: 58, 11: 240, 12: 478, 13: 114, 14: 352, 15: 680, 16: 442, 17: 240, 18: 478, 19: 114, 20: 352, 21: 680, 22: 442, 23: 652, 24: 414, 25: 470, 26: 708, 27: 652, 28: 414, 29: 708, 30: 470, 31: 414, 32: 652, 33: 58, 34: 296, 35: 58, 36: 296, 37: 44, 38: 282, 39: 652, 40: 414, 41: 72, 42: 310, 43: 666, 44: 428, 45: 254, 46: 16, 47: 30, 48: 268, 49: 442, 50: 680, 51: 310, 52: 72, 53: 366, 54: 128, 55: 708, 56: 470, 57: 114, 58: 352, 59: 142, 60: 380, 61: 310, 62: 72, 63: 652, 64: 414, 65: 114, 66: 352, 67: 380, 68: 142, 69: 142, 70: 380, 71: 114, 72: 352, 73: 142, 74: 380, 75: 268, 76: 30, 77: 16, 78: 254, 79: 58, 80: 296, 81: 58, 82: 296, 83: 428, 84: 666, 85: 268, 86: 30, 87: 58, 88: 296, 89: 414, 90: 652, 91: 30, 92: 268, 93: 310, 94: 72, 95: 282, 96: 44, 97: 380, 98: 142, 99: 142, 100: 380, 101: 414, 102: 652, 103: 470, 104: 708, 105: 16, 106: 254, 107: 310, 108: 72, 109: 484, 110: 722, 111: 428, 112: 666, 113: 30, 114: 268, 115: 142, 116: 380, 117: 352, 118: 114, 119: 310, 120: 72, 121: 240, 122: 478, 123: 114, 124: 352, 125: 680, 126: 442, 127: 442, 128: 680, 129: 268, 130: 30, 131: 380, 132: 142, 133: 666, 134: 428, 135: 58, 136: 296, 137: 352, 138: 114, 139: 114, 140: 352, 141: 442, 142: 680, 143: 722, 144: 484, 145: 142, 146: 380, 147: 268, 148: 30, 149: 16, 150: 254, 151: 484, 152: 722, 153: 470, 154: 708, 155: 380, 156: 142, 157: 30, 158: 268, 159: 484, 160: 722, 161: 708, 162: 470, 163: 296, 164: 58, 165: 254, 166: 16, 167: 142, 168: 380, 169: 680, 170: 442, 171: 352, 172: 114, 173: 484, 174: 722, 175: 414, 176: 652, 177: 652, 178: 414, 179: 240, 180: 478, 181: 16, 182: 254, 183: 428, 184: 666, 185: 268, 186: 30, 187: 16, 188: 254, 189: 484, 190: 722, 191: 44, 192: 282, 193: 722, 194: 484, 195: 484, 196: 722, 197: 310, 198: 72, 199: 380, 200: 142}
Number of lables used:  28
Total time: 2.24 seconds
Memory used: 391.28 MB
--------------------------------------------------

Trying with at most 27 labels...
Solution:
{1: 142, 2: 380, 3: 114, 4: 352, 5: 114, 6: 352, 7: 652, 8: 414, 9: 142, 10: 380, 11: 240, 12: 478, 13: 680, 14: 442, 15: 680, 16: 442, 17: 478, 18: 240, 19: 512, 20: 750, 21: 680, 22: 442, 23: 652, 24: 414, 25: 414, 26: 652, 27: 652, 28: 414, 29: 652, 30: 414, 31: 352, 32: 114, 33: 352, 34: 114, 35: 58, 36: 296, 37: 750, 38: 512, 39: 652, 40: 414, 41: 72, 42: 310, 43: 58, 44: 296, 45: 254, 46: 16, 47: 394, 48: 156, 49: 442, 50: 680, 51: 310, 52: 72, 53: 30, 54: 268, 55: 540, 56: 778, 57: 114, 58: 352, 59: 142, 60: 380, 61: 310, 62: 72, 63: 652, 64: 414, 65: 114, 66: 352, 67: 30, 68: 268, 69: 142, 70: 380, 71: 114, 72: 352, 73: 142, 74: 380, 75: 30, 76: 268, 77: 16, 78: 254, 79: 750, 80: 512, 81: 58, 82: 296, 83: 58, 84: 296, 85: 428, 86: 666, 87: 58, 88: 296, 89: 540, 90: 778, 91: 30, 92: 268, 93: 310, 94: 72, 95: 114, 96: 352, 97: 380, 98: 142, 99: 142, 100: 380, 101: 652, 102: 414, 103: 512, 104: 750, 105: 540, 106: 778, 107: 310, 108: 72, 109: 512, 110: 750, 111: 428, 112: 666, 113: 30, 114: 268, 115: 30, 116: 268, 117: 58, 118: 296, 119: 310, 120: 72, 121: 240, 122: 478, 123: 114, 124: 352, 125: 428, 126: 666, 127: 512, 128: 750, 129: 750, 130: 512, 131: 380, 132: 142, 133: 142, 134: 380, 135: 58, 136: 296, 137: 352, 138: 114, 139: 114, 140: 352, 141: 512, 142: 750, 143: 16, 144: 254, 145: 142, 146: 380, 147: 268, 148: 30, 149: 16, 150: 254, 151: 442, 152: 680, 153: 652, 154: 414, 155: 380, 156: 142, 157: 30, 158: 268, 159: 778, 160: 540, 161: 268, 162: 30, 163: 296, 164: 58, 165: 254, 166: 16, 167: 750, 168: 512, 169: 680, 170: 442, 171: 58, 172: 296, 173: 540, 174: 778, 175: 666, 176: 428, 177: 30, 178: 268, 179: 240, 180: 478, 181: 16, 182: 254, 183: 428, 184: 666, 185: 540, 186: 778, 187: 16, 188: 254, 189: 666, 190: 428, 191: 750, 192: 512, 193: 540, 194: 778, 195: 72, 196: 310, 197: 652, 198: 414, 199: 380, 200: 142}
Number of lables used:  26
Total time: 2.32 seconds
Memory used: 391.32 MB
--------------------------------------------------

Trying with at most 25 labels...
Solution:
{1: 142, 2: 380, 3: 114, 4: 352, 5: 114, 6: 352, 7: 652, 8: 414, 9: 114, 10: 352, 11: 240, 12: 478, 13: 680, 14: 442, 15: 680, 16: 442, 17: 478, 18: 240, 19: 512, 20: 750, 21: 680, 22: 442, 23: 652, 24: 414, 25: 540, 26: 778, 27: 652, 28: 414, 29: 652, 30: 414, 31: 352, 32: 114, 33: 352, 34: 114, 35: 58, 36: 296, 37: 58, 38: 296, 39: 652, 40: 414, 41: 72, 42: 310, 43: 666, 44: 428, 45: 254, 46: 16, 47: 380, 48: 142, 49: 442, 50: 680, 51: 310, 52: 72, 53: 30, 54: 268, 55: 540, 56: 778, 57: 114, 58: 352, 59: 142, 60: 380, 61: 310, 62: 72, 63: 652, 64: 414, 65: 114, 66: 352, 67: 30, 68: 268, 69: 142, 70: 380, 71: 114, 72: 352, 73: 142, 74: 380, 75: 30, 76: 268, 77: 16, 78: 254, 79: 750, 80: 512, 81: 58, 82: 296, 83: 428, 84: 666, 85: 428, 86: 666, 87: 58, 88: 296, 89: 540, 90: 778, 91: 30, 92: 268, 93: 310, 94: 72, 95: 114, 96: 352, 97: 380, 98: 142, 99: 142, 100: 380, 101: 652, 102: 414, 103: 512, 104: 750, 105: 540, 106: 778, 107: 310, 108: 72, 109: 512, 110: 750, 111: 428, 112: 666, 113: 30, 114: 268, 115: 30, 116: 268, 117: 58, 118: 296, 119: 310, 120: 72, 121: 240, 122: 478, 123: 114, 124: 352, 125: 428, 126: 666, 127: 512, 128: 750, 129: 750, 130: 512, 131: 380, 132: 142, 133: 142, 134: 380, 135: 58, 136: 296, 137: 352, 138: 114, 139: 114, 140: 352, 141: 512, 142: 750, 143: 16, 144: 254, 145: 142, 146: 380, 147: 268, 148: 30, 149: 16, 150: 254, 151: 442, 152: 680, 153: 652, 154: 414, 155: 380, 156: 142, 157: 30, 158: 268, 159: 778, 160: 540, 161: 268, 162: 30, 163: 296, 164: 58, 165: 254, 166: 16, 167: 750, 168: 512, 169: 680, 170: 442, 171: 58, 172: 296, 173: 540, 174: 778, 175: 666, 176: 428, 177: 30, 178: 268, 179: 240, 180: 478, 181: 16, 182: 254, 183: 428, 184: 666, 185: 540, 186: 778, 187: 16, 188: 254, 189: 666, 190: 428, 191: 750, 192: 512, 193: 540, 194: 778, 195: 72, 196: 310, 197: 652, 198: 414, 199: 380, 200: 142}
Number of lables used:  24
Total time: 2.37 seconds
Memory used: 391.32 MB
--------------------------------------------------

Trying with at most 23 labels...
Solution:
{1: 512, 2: 750, 3: 114, 4: 352, 5: 268, 6: 30, 7: 414, 8: 652, 9: 142, 10: 380, 11: 170, 12: 408, 13: 414, 14: 652, 15: 30, 16: 268, 17: 240, 18: 478, 19: 680, 20: 442, 21: 652, 22: 414, 23: 512, 24: 750, 25: 268, 26: 30, 27: 666, 28: 428, 29: 380, 30: 142, 31: 512, 32: 750, 33: 310, 34: 72, 35: 114, 36: 352, 37: 72, 38: 310, 39: 652, 40: 414, 41: 30, 42: 268, 43: 680, 44: 442, 45: 114, 46: 352, 47: 352, 48: 114, 49: 652, 50: 414, 51: 30, 52: 268, 53: 666, 54: 428, 55: 512, 56: 750, 57: 142, 58: 380, 59: 142, 60: 380, 61: 16, 62: 254, 63: 652, 64: 414, 65: 114, 66: 352, 67: 512, 68: 750, 69: 142, 70: 380, 71: 114, 72: 352, 73: 142, 74: 380, 75: 414, 76: 652, 77: 310, 78: 72, 79: 680, 80: 442, 81: 652, 82: 414, 83: 428, 84: 666, 85: 268, 86: 30, 87: 30, 88: 268, 89: 414, 90: 652, 91: 30, 92: 268, 93: 428, 94: 666, 95: 512, 96: 750, 97: 142, 98: 380, 99: 170, 100: 408, 101: 72, 102: 310, 103: 512, 104: 750, 105: 16, 106: 254, 107: 254, 108: 16, 109: 414, 110: 652, 111: 442, 112: 680, 113: 16, 114: 254, 115: 16, 116: 254, 117: 352, 118: 114, 119: 310, 120: 72, 121: 240, 122: 478, 123: 442, 124: 680, 125: 352, 126: 114, 127: 442, 128: 680, 129: 750, 130: 512, 131: 380, 132: 142, 133: 268, 134: 30, 135: 512, 136: 750, 137: 352, 138: 114, 139: 652, 140: 414, 141: 268, 142: 30, 143: 352, 144: 114, 145: 512, 146: 750, 147: 268, 148: 30, 149: 72, 150: 310, 151: 512, 152: 750, 153: 142, 154: 380, 155: 380, 156: 142, 157: 72, 158: 310, 159: 750, 160: 512, 161: 310, 162: 72, 163: 414, 164: 652, 165: 254, 166: 16, 167: 16, 168: 254, 169: 680, 170: 442, 171: 268, 172: 30, 173: 380, 174: 142, 175: 442, 176: 680, 177: 750, 178: 512, 179: 408, 180: 170, 181: 30, 182: 268, 183: 310, 184: 72, 185: 268, 186: 30, 187: 16, 188: 254, 189: 352, 190: 114, 191: 72, 192: 310, 193: 512, 194: 750, 195: 512, 196: 750, 197: 380, 198: 142, 199: 72, 200: 310}
Number of lables used:  22
Total time: 2.48 seconds
Memory used: 391.34 MB
--------------------------------------------------

Trying with at most 21 labels...
Solution:
{1: 512, 2: 750, 3: 30, 4: 268, 5: 652, 6: 414, 7: 414, 8: 652, 9: 142, 10: 380, 11: 240, 12: 478, 13: 414, 14: 652, 15: 86, 16: 324, 17: 478, 18: 240, 19: 680, 20: 442, 21: 652, 22: 414, 23: 512, 24: 750, 25: 268, 26: 30, 27: 680, 28: 442, 29: 380, 30: 142, 31: 512, 32: 750, 33: 338, 34: 100, 35: 324, 36: 86, 37: 86, 38: 324, 39: 680, 40: 442, 41: 30, 42: 268, 43: 680, 44: 442, 45: 86, 46: 324, 47: 394, 48: 156, 49: 268, 50: 30, 51: 324, 52: 86, 53: 652, 54: 414, 55: 512, 56: 750, 57: 142, 58: 380, 59: 394, 60: 156, 61: 324, 62: 86, 63: 652, 64: 414, 65: 142, 66: 380, 67: 512, 68: 750, 69: 156, 70: 394, 71: 30, 72: 268, 73: 142, 74: 380, 75: 86, 76: 324, 77: 30, 78: 268, 79: 750, 80: 512, 81: 652, 82: 414, 83: 380, 84: 142, 85: 324, 86: 86, 87: 30, 88: 268, 89: 512, 90: 750, 91: 30, 92: 268, 93: 680, 94: 442, 95: 324, 96: 86, 97: 142, 98: 380, 99: 142, 100: 380, 101: 414, 102: 652, 103: 652, 104: 414, 105: 86, 106: 324, 107: 324, 108: 86, 109: 414, 110: 652, 111: 442, 112: 680, 113: 142, 114: 380, 115: 30, 116: 268, 117: 680, 118: 442, 119: 142, 120: 380, 121: 240, 122: 478, 123: 442, 124: 680, 125: 30, 126: 268, 127: 442, 128: 680, 129: 512, 130: 750, 131: 380, 132: 142, 133: 268, 134: 30, 135: 512, 136: 750, 137: 680, 138: 442, 139: 652, 140: 414, 141: 268, 142: 30, 143: 338, 144: 100, 145: 652, 146: 414, 147: 750, 148: 512, 149: 750, 150: 512, 151: 100, 152: 338, 153: 142, 154: 380, 155: 380, 156: 142, 157: 86, 158: 324, 159: 512, 160: 750, 161: 30, 162: 268, 163: 414, 164: 652, 165: 268, 166: 30, 167: 512, 168: 750, 169: 324, 170: 86, 171: 268, 172: 30, 173: 338, 174: 100, 175: 380, 176: 142, 177: 750, 178: 512, 179: 478, 180: 240, 181: 30, 182: 268, 183: 86, 184: 324, 185: 268, 186: 30, 187: 30, 188: 268, 189: 86, 190: 324, 191: 442, 192: 680, 193: 512, 194: 750, 195: 512, 196: 750, 197: 338, 198: 100, 199: 156, 200: 394}
Number of lables used:  18
Total time: 2.54 seconds
Memory used: 391.35 MB
--------------------------------------------------

Trying with at most 17 labels...
Solution:
{1: 470, 2: 708, 3: 30, 4: 268, 5: 30, 6: 268, 7: 296, 8: 58, 9: 470, 10: 708, 11: 408, 12: 170, 13: 792, 14: 554, 15: 30, 16: 268, 17: 240, 18: 478, 19: 128, 20: 366, 21: 554, 22: 792, 23: 512, 24: 750, 25: 554, 26: 792, 27: 750, 28: 512, 29: 750, 30: 512, 31: 470, 32: 708, 33: 128, 34: 366, 35: 30, 36: 268, 37: 708, 38: 470, 39: 750, 40: 512, 41: 30, 42: 268, 43: 58, 44: 296, 45: 128, 46: 366, 47: 366, 48: 128, 49: 792, 50: 554, 51: 30, 52: 268, 53: 708, 54: 470, 55: 750, 56: 512, 57: 30, 58: 268, 59: 128, 60: 366, 61: 30, 62: 268, 63: 470, 64: 708, 65: 554, 66: 792, 67: 470, 68: 708, 69: 366, 70: 128, 71: 750, 72: 512, 73: 708, 74: 470, 75: 792, 76: 554, 77: 296, 78: 58, 79: 708, 80: 470, 81: 708, 82: 470, 83: 512, 84: 750, 85: 268, 86: 30, 87: 366, 88: 128, 89: 470, 90: 708, 91: 268, 92: 30, 93: 296, 94: 58, 95: 512, 96: 750, 97: 408, 98: 170, 99: 170, 100: 408, 101: 554, 102: 792, 103: 750, 104: 512, 105: 366, 106: 128, 107: 30, 108: 268, 109: 296, 110: 58, 111: 58, 112: 296, 113: 128, 114: 366, 115: 30, 116: 268, 117: 708, 118: 470, 119: 750, 120: 512, 121: 240, 122: 478, 123: 128, 124: 366, 125: 750, 126: 512, 127: 708, 128: 470, 129: 366, 130: 128, 131: 170, 132: 408, 133: 30, 134: 268, 135: 58, 136: 296, 137: 554, 138: 792, 139: 30, 140: 268, 141: 58, 142: 296, 143: 128, 144: 366, 145: 792, 146: 554, 147: 268, 148: 30, 149: 554, 150: 792, 151: 792, 152: 554, 153: 58, 154: 296, 155: 750, 156: 512, 157: 470, 158: 708, 159: 30, 160: 268, 161: 58, 162: 296, 163: 554, 164: 792, 165: 296, 166: 58, 167: 30, 168: 268, 169: 30, 170: 268, 171: 554, 172: 792, 173: 708, 174: 470, 175: 470, 176: 708, 177: 750, 178: 512, 179: 408, 180: 170, 181: 128, 182: 366, 183: 268, 184: 30, 185: 58, 186: 296, 187: 128, 188: 366, 189: 470, 190: 708, 191: 128, 192: 366, 193: 512, 194: 750, 195: 470, 196: 708, 197: 366, 198: 128, 199: 296, 200: 58}
Number of lables used:  16
Total time: 2.94 seconds
Memory used: 439.33 MB
--------------------------------------------------

Trying with at most 15 labels...
Solution:
{1: 456, 2: 694, 3: 268, 4: 30, 5: 100, 6: 338, 7: 380, 8: 142, 9: 268, 10: 30, 11: 240, 12: 478, 13: 30, 14: 268, 15: 380, 16: 142, 17: 142, 18: 380, 19: 142, 20: 380, 21: 694, 22: 456, 23: 282, 24: 44, 25: 554, 26: 792, 27: 30, 28: 268, 29: 338, 30: 100, 31: 554, 32: 792, 33: 142, 34: 380, 35: 694, 36: 456, 37: 694, 38: 456, 39: 456, 40: 694, 41: 100, 42: 338, 43: 338, 44: 100, 45: 380, 46: 142, 47: 44, 48: 282, 49: 554, 50: 792, 51: 142, 52: 380, 53: 694, 54: 456, 55: 554, 56: 792, 57: 268, 58: 30, 59: 456, 60: 694, 61: 282, 62: 44, 63: 456, 64: 694, 65: 792, 66: 554, 67: 792, 68: 554, 69: 30, 70: 268, 71: 792, 72: 554, 73: 44, 74: 282, 75: 456, 76: 694, 77: 30, 78: 268, 79: 142, 80: 380, 81: 30, 82: 268, 83: 338, 84: 100, 85: 282, 86: 44, 87: 554, 88: 792, 89: 30, 90: 268, 91: 268, 92: 30, 93: 338, 94: 100, 95: 30, 96: 268, 97: 240, 98: 478, 99: 478, 100: 240, 101: 792, 102: 554, 103: 100, 104: 338, 105: 456, 106: 694, 107: 268, 108: 30, 109: 456, 110: 694, 111: 694, 112: 456, 113: 30, 114: 268, 115: 380, 116: 142, 117: 30, 118: 268, 119: 44, 120: 282, 121: 380, 122: 142, 123: 268, 124: 30, 125: 100, 126: 338, 127: 694, 128: 456, 129: 456, 130: 694, 131: 240, 132: 478, 133: 694, 134: 456, 135: 100, 136: 338, 137: 792, 138: 554, 139: 30, 140: 268, 141: 100, 142: 338, 143: 44, 144: 282, 145: 792, 146: 554, 147: 792, 148: 554, 149: 142, 150: 380, 151: 100, 152: 338, 153: 44, 154: 282, 155: 44, 156: 282, 157: 142, 158: 380, 159: 792, 160: 554, 161: 554, 162: 792, 163: 694, 164: 456, 165: 380, 166: 142, 167: 100, 168: 338, 169: 142, 170: 380, 171: 554, 172: 792, 173: 142, 174: 380, 175: 456, 176: 694, 177: 100, 178: 338, 179: 240, 180: 478, 181: 44, 182: 282, 183: 338, 184: 100, 185: 694, 186: 456, 187: 792, 188: 554, 189: 456, 190: 694, 191: 380, 192: 142, 193: 554, 194: 792, 195: 142, 196: 380, 197: 44, 198: 282, 199: 792, 200: 554}
Number of lables used:  14
Total time: 6.25 seconds
Memory used: 393.18 MB
--------------------------------------------------

Trying with at most 13 labels...
Cannot find solution.
No more solutions found.
Optimal number of labels used:  14
Total time: 8.20 seconds
Memory used: 373.38 MB
[runlim] end:			Sat Jun 13 22:39:52 2026
[runlim] status:		ok
[runlim] result:		0
[runlim] children:		1
[runlim] processes:		2
[runlim] real:			8.29 seconds
[runlim] time:			8.20 seconds
[runlim] space:			478 MB
[runlim] load:			1.18 maximum
[runlim] samples:		83
