[runlim] version:		2.0.0rc12
[runlim] host:			ap-Precision-7550
[runlim] time limit:		311040000 seconds
[runlim] real time limit:	600 seconds
[runlim] space limit:		14000 MB
[runlim] argv[0]:		python3
[runlim] argv[1]:		-u
[runlim] argv[2]:		pairwise.py
[runlim] argv[3]:		TUD200.1
[runlim] argv[4]:		assumptions
[runlim] argv[5]:		6
[runlim] argv[6]:		card
[runlim] argv[7]:		6
[runlim] start:			Sat Jun 13 22:39:15 2026
[runlim] child:			17226
Exactly-one cardinality encoding:  6
Distance constraint mode:  card
Distance cardinality encoding:  6
Number of assignment variables:  7986
Number of clauses for exactly one constraints:  204196
Number of clauses for distance constraints:  1581687
---------------------------------------------------
Solve first problem:
Solution:
{1: 282, 2: 44, 3: 352, 4: 114, 5: 456, 6: 694, 7: 44, 8: 282, 9: 394, 10: 156, 11: 456, 12: 694, 13: 764, 14: 526, 15: 380, 16: 142, 17: 722, 18: 484, 19: 394, 20: 156, 21: 554, 22: 792, 23: 30, 24: 268, 25: 394, 26: 156, 27: 414, 28: 652, 29: 778, 30: 540, 31: 554, 32: 792, 33: 540, 34: 778, 35: 254, 36: 16, 37: 708, 38: 470, 39: 366, 40: 128, 41: 16, 42: 254, 43: 792, 44: 554, 45: 58, 46: 296, 47: 16, 48: 254, 49: 268, 50: 30, 51: 254, 52: 16, 53: 792, 54: 554, 55: 414, 56: 652, 57: 652, 58: 414, 59: 394, 60: 156, 61: 58, 62: 296, 63: 44, 64: 282, 65: 680, 66: 442, 67: 100, 68: 338, 69: 254, 70: 16, 71: 254, 72: 16, 73: 666, 74: 428, 75: 694, 76: 456, 77: 554, 78: 792, 79: 44, 80: 282, 81: 652, 82: 414, 83: 268, 84: 30, 85: 282, 86: 44, 87: 114, 88: 352, 89: 708, 90: 470, 91: 338, 92: 100, 93: 778, 94: 540, 95: 540, 96: 778, 97: 380, 98: 142, 99: 652, 100: 414, 101: 470, 102: 708, 103: 268, 104: 30, 105: 58, 106: 296, 107: 16, 108: 254, 109: 666, 110: 428, 111: 100, 112: 338, 113: 352, 114: 114, 115: 792, 116: 554, 117: 554, 118: 792, 119: 156, 120: 394, 121: 352, 122: 114, 123: 652, 124: 414, 125: 540, 126: 778, 127: 86, 128: 324, 129: 142, 130: 380, 131: 72, 132: 310, 133: 254, 134: 16, 135: 394, 136: 156, 137: 268, 138: 30, 139: 352, 140: 114, 141: 778, 142: 540, 143: 58, 144: 296, 145: 792, 146: 554, 147: 414, 148: 652, 149: 394, 150: 156, 151: 792, 152: 554, 153: 58, 154: 296, 155: 554, 156: 792, 157: 254, 158: 16, 159: 310, 160: 72, 161: 380, 162: 142, 163: 268, 164: 30, 165: 268, 166: 30, 167: 792, 168: 554, 169: 100, 170: 338, 171: 310, 172: 72, 173: 156, 174: 394, 175: 792, 176: 554, 177: 72, 178: 310, 179: 680, 180: 442, 181: 652, 182: 414, 183: 156, 184: 394, 185: 394, 186: 156, 187: 254, 188: 16, 189: 366, 190: 128, 191: 380, 192: 142, 193: 128, 194: 366, 195: 282, 196: 44, 197: 778, 198: 540, 199: 268, 200: 30}
Number of lables used:  40
Total time: 1.77 seconds
Memory used: 413.18 MB
--------------------------------------------------
Number of label variables:  48
Number of clauses for label constraints:  7986
Number of new variables for cardinality constraints:  1131
Number of clauses for cardinality constraints:  4446
Initial variable count:  644100
Initial clause count:  1798329
--------------------------------------------------

Trying with at most 39 labels...
Solution:
{1: 652, 2: 414, 3: 394, 4: 156, 5: 254, 6: 16, 7: 254, 8: 16, 9: 254, 10: 16, 11: 456, 12: 694, 13: 114, 14: 352, 15: 16, 16: 254, 17: 652, 18: 414, 19: 142, 20: 380, 21: 338, 22: 100, 23: 30, 24: 268, 25: 30, 26: 268, 27: 310, 28: 72, 29: 694, 30: 456, 31: 694, 32: 456, 33: 254, 34: 16, 35: 296, 36: 58, 37: 652, 38: 414, 39: 428, 40: 666, 41: 666, 42: 428, 43: 86, 44: 324, 45: 156, 46: 394, 47: 666, 48: 428, 49: 394, 50: 156, 51: 254, 52: 16, 53: 666, 54: 428, 55: 282, 56: 44, 57: 254, 58: 16, 59: 394, 60: 156, 61: 100, 62: 338, 63: 694, 64: 456, 65: 694, 66: 456, 67: 414, 68: 652, 69: 254, 70: 16, 71: 254, 72: 16, 73: 666, 74: 428, 75: 652, 76: 414, 77: 310, 78: 72, 79: 282, 80: 44, 81: 58, 82: 296, 83: 366, 84: 128, 85: 414, 86: 652, 87: 310, 88: 72, 89: 282, 90: 44, 91: 30, 92: 268, 93: 652, 94: 414, 95: 16, 96: 254, 97: 30, 98: 268, 99: 114, 100: 352, 101: 282, 102: 44, 103: 142, 104: 380, 105: 16, 106: 254, 107: 282, 108: 44, 109: 296, 110: 58, 111: 652, 112: 414, 113: 156, 114: 394, 115: 100, 116: 338, 117: 414, 118: 652, 119: 652, 120: 414, 121: 352, 122: 114, 123: 86, 124: 324, 125: 72, 126: 310, 127: 128, 128: 366, 129: 170, 130: 408, 131: 268, 132: 30, 133: 380, 134: 142, 135: 100, 136: 338, 137: 268, 138: 30, 139: 694, 140: 456, 141: 268, 142: 30, 143: 694, 144: 456, 145: 352, 146: 114, 147: 324, 148: 86, 149: 414, 150: 652, 151: 44, 152: 282, 153: 456, 154: 694, 155: 414, 156: 652, 157: 72, 158: 310, 159: 666, 160: 428, 161: 380, 162: 142, 163: 72, 164: 310, 165: 72, 166: 310, 167: 366, 168: 128, 169: 366, 170: 128, 171: 394, 172: 156, 173: 380, 174: 142, 175: 366, 176: 128, 177: 296, 178: 58, 179: 156, 180: 394, 181: 666, 182: 428, 183: 394, 184: 156, 185: 16, 186: 254, 187: 268, 188: 30, 189: 30, 190: 268, 191: 428, 192: 666, 193: 44, 194: 282, 195: 324, 196: 86, 197: 652, 198: 414, 199: 338, 200: 100}
Number of lables used:  30
Total time: 2.07 seconds
Memory used: 419.27 MB
--------------------------------------------------

Trying with at most 29 labels...
Solution:
{1: 114, 2: 352, 3: 156, 4: 394, 5: 254, 6: 16, 7: 456, 8: 694, 9: 142, 10: 380, 11: 456, 12: 694, 13: 652, 14: 414, 15: 16, 16: 254, 17: 652, 18: 414, 19: 142, 20: 380, 21: 338, 22: 100, 23: 694, 24: 456, 25: 414, 26: 652, 27: 44, 28: 282, 29: 652, 30: 414, 31: 142, 32: 380, 33: 254, 34: 16, 35: 652, 36: 414, 37: 652, 38: 414, 39: 254, 40: 16, 41: 694, 42: 456, 43: 254, 44: 16, 45: 156, 46: 394, 47: 666, 48: 428, 49: 694, 50: 456, 51: 254, 52: 16, 53: 254, 54: 16, 55: 282, 56: 44, 57: 296, 58: 58, 59: 694, 60: 456, 61: 100, 62: 338, 63: 694, 64: 456, 65: 694, 66: 456, 67: 414, 68: 652, 69: 414, 70: 652, 71: 254, 72: 16, 73: 100, 74: 338, 75: 694, 76: 456, 77: 366, 78: 128, 79: 352, 80: 114, 81: 58, 82: 296, 83: 456, 84: 694, 85: 414, 86: 652, 87: 100, 88: 338, 89: 128, 90: 366, 91: 142, 92: 380, 93: 652, 94: 414, 95: 652, 96: 414, 97: 44, 98: 282, 99: 428, 100: 666, 101: 114, 102: 352, 103: 58, 104: 296, 105: 44, 106: 282, 107: 282, 108: 44, 109: 296, 110: 58, 111: 156, 112: 394, 113: 156, 114: 394, 115: 456, 116: 694, 117: 156, 118: 394, 119: 652, 120: 414, 121: 352, 122: 114, 123: 694, 124: 456, 125: 86, 126: 324, 127: 114, 128: 352, 129: 170, 130: 408, 131: 428, 132: 666, 133: 380, 134: 142, 135: 296, 136: 58, 137: 72, 138: 310, 139: 694, 140: 456, 141: 282, 142: 44, 143: 694, 144: 456, 145: 352, 146: 114, 147: 324, 148: 86, 149: 414, 150: 652, 151: 44, 152: 282, 153: 324, 154: 86, 155: 414, 156: 652, 157: 72, 158: 310, 159: 16, 160: 254, 161: 16, 162: 254, 163: 72, 164: 310, 165: 310, 166: 72, 167: 72, 168: 310, 169: 366, 170: 128, 171: 394, 172: 156, 173: 394, 174: 156, 175: 666, 176: 428, 177: 142, 178: 380, 179: 16, 180: 254, 181: 652, 182: 414, 183: 456, 184: 694, 185: 16, 186: 254, 187: 16, 188: 254, 189: 16, 190: 254, 191: 16, 192: 254, 193: 44, 194: 282, 195: 114, 196: 352, 197: 16, 198: 254, 199: 694, 200: 456}
Number of lables used:  28
Total time: 2.16 seconds
Memory used: 419.26 MB
--------------------------------------------------

Trying with at most 27 labels...
Solution:
{1: 114, 2: 352, 3: 156, 4: 394, 5: 254, 6: 16, 7: 456, 8: 694, 9: 142, 10: 380, 11: 456, 12: 694, 13: 652, 14: 414, 15: 16, 16: 254, 17: 652, 18: 414, 19: 142, 20: 380, 21: 338, 22: 100, 23: 694, 24: 456, 25: 414, 26: 652, 27: 44, 28: 282, 29: 652, 30: 414, 31: 142, 32: 380, 33: 254, 34: 16, 35: 652, 36: 414, 37: 652, 38: 414, 39: 254, 40: 16, 41: 694, 42: 456, 43: 254, 44: 16, 45: 156, 46: 394, 47: 666, 48: 428, 49: 694, 50: 456, 51: 254, 52: 16, 53: 254, 54: 16, 55: 282, 56: 44, 57: 310, 58: 72, 59: 694, 60: 456, 61: 100, 62: 338, 63: 694, 64: 456, 65: 694, 66: 456, 67: 414, 68: 652, 69: 414, 70: 652, 71: 254, 72: 16, 73: 100, 74: 338, 75: 694, 76: 456, 77: 282, 78: 44, 79: 352, 80: 114, 81: 44, 82: 282, 83: 456, 84: 694, 85: 414, 86: 652, 87: 100, 88: 338, 89: 128, 90: 366, 91: 142, 92: 380, 93: 652, 94: 414, 95: 652, 96: 414, 97: 44, 98: 282, 99: 428, 100: 666, 101: 114, 102: 352, 103: 72, 104: 310, 105: 44, 106: 282, 107: 282, 108: 44, 109: 310, 110: 72, 111: 156, 112: 394, 113: 156, 114: 394, 115: 456, 116: 694, 117: 156, 118: 394, 119: 652, 120: 414, 121: 352, 122: 114, 123: 694, 124: 456, 125: 86, 126: 324, 127: 114, 128: 352, 129: 142, 130: 380, 131: 428, 132: 666, 133: 380, 134: 142, 135: 310, 136: 72, 137: 100, 138: 338, 139: 694, 140: 456, 141: 282, 142: 44, 143: 694, 144: 456, 145: 352, 146: 114, 147: 324, 148: 86, 149: 414, 150: 652, 151: 44, 152: 282, 153: 324, 154: 86, 155: 414, 156: 652, 157: 86, 158: 324, 159: 16, 160: 254, 161: 16, 162: 254, 163: 72, 164: 310, 165: 310, 166: 72, 167: 72, 168: 310, 169: 366, 170: 128, 171: 394, 172: 156, 173: 394, 174: 156, 175: 666, 176: 428, 177: 142, 178: 380, 179: 16, 180: 254, 181: 652, 182: 414, 183: 456, 184: 694, 185: 16, 186: 254, 187: 16, 188: 254, 189: 16, 190: 254, 191: 16, 192: 254, 193: 44, 194: 282, 195: 114, 196: 352, 197: 16, 198: 254, 199: 694, 200: 456}
Number of lables used:  24
Total time: 2.23 seconds
Memory used: 419.26 MB
--------------------------------------------------

Trying with at most 23 labels...
Solution:
{1: 554, 2: 792, 3: 394, 4: 156, 5: 254, 6: 16, 7: 456, 8: 694, 9: 282, 10: 44, 11: 456, 12: 694, 13: 114, 14: 352, 15: 16, 16: 254, 17: 652, 18: 414, 19: 142, 20: 380, 21: 338, 22: 100, 23: 254, 24: 16, 25: 100, 26: 338, 27: 100, 28: 338, 29: 72, 30: 310, 31: 554, 32: 792, 33: 254, 34: 16, 35: 156, 36: 394, 37: 652, 38: 414, 39: 142, 40: 380, 41: 16, 42: 254, 43: 16, 44: 254, 45: 414, 46: 652, 47: 114, 48: 352, 49: 652, 50: 414, 51: 254, 52: 16, 53: 694, 54: 456, 55: 282, 56: 44, 57: 338, 58: 100, 59: 694, 60: 456, 61: 100, 62: 338, 63: 72, 64: 310, 65: 16, 66: 254, 67: 338, 68: 100, 69: 414, 70: 652, 71: 142, 72: 380, 73: 44, 74: 282, 75: 694, 76: 456, 77: 282, 78: 44, 79: 352, 80: 114, 81: 44, 82: 282, 83: 338, 84: 100, 85: 792, 86: 554, 87: 16, 88: 254, 89: 456, 90: 694, 91: 44, 92: 282, 93: 694, 94: 456, 95: 652, 96: 414, 97: 114, 98: 352, 99: 72, 100: 310, 101: 114, 102: 352, 103: 44, 104: 282, 105: 380, 106: 142, 107: 114, 108: 352, 109: 694, 110: 456, 111: 282, 112: 44, 113: 16, 114: 254, 115: 456, 116: 694, 117: 282, 118: 44, 119: 652, 120: 414, 121: 352, 122: 114, 123: 694, 124: 456, 125: 694, 126: 456, 127: 156, 128: 394, 129: 380, 130: 142, 131: 456, 132: 694, 133: 652, 134: 414, 135: 310, 136: 72, 137: 100, 138: 338, 139: 694, 140: 456, 141: 310, 142: 72, 143: 456, 144: 694, 145: 44, 146: 282, 147: 414, 148: 652, 149: 414, 150: 652, 151: 694, 152: 456, 153: 338, 154: 100, 155: 414, 156: 652, 157: 72, 158: 310, 159: 456, 160: 694, 161: 694, 162: 456, 163: 16, 164: 254, 165: 16, 166: 254, 167: 156, 168: 394, 169: 394, 170: 156, 171: 394, 172: 156, 173: 380, 174: 142, 175: 414, 176: 652, 177: 142, 178: 380, 179: 16, 180: 254, 181: 414, 182: 652, 183: 282, 184: 44, 185: 72, 186: 310, 187: 254, 188: 16, 189: 16, 190: 254, 191: 16, 192: 254, 193: 694, 194: 456, 195: 310, 196: 72, 197: 142, 198: 380, 199: 352, 200: 114}
Number of lables used:  20
Total time: 2.31 seconds
Memory used: 419.26 MB
--------------------------------------------------

Trying with at most 19 labels...
Solution:
{1: 554, 2: 792, 3: 394, 4: 156, 5: 254, 6: 16, 7: 142, 8: 380, 9: 282, 10: 44, 11: 456, 12: 694, 13: 114, 14: 352, 15: 16, 16: 254, 17: 554, 18: 792, 19: 142, 20: 380, 21: 338, 22: 100, 23: 254, 24: 16, 25: 100, 26: 338, 27: 100, 28: 338, 29: 72, 30: 310, 31: 394, 32: 156, 33: 254, 34: 16, 35: 156, 36: 394, 37: 694, 38: 456, 39: 694, 40: 456, 41: 16, 42: 254, 43: 16, 44: 254, 45: 554, 46: 792, 47: 792, 48: 554, 49: 792, 50: 554, 51: 254, 52: 16, 53: 694, 54: 456, 55: 282, 56: 44, 57: 338, 58: 100, 59: 694, 60: 456, 61: 100, 62: 338, 63: 72, 64: 310, 65: 16, 66: 254, 67: 338, 68: 100, 69: 792, 70: 554, 71: 156, 72: 394, 73: 44, 74: 282, 75: 694, 76: 456, 77: 282, 78: 44, 79: 352, 80: 114, 81: 44, 82: 282, 83: 338, 84: 100, 85: 792, 86: 554, 87: 16, 88: 254, 89: 456, 90: 694, 91: 44, 92: 282, 93: 694, 94: 456, 95: 44, 96: 282, 97: 114, 98: 352, 99: 72, 100: 310, 101: 114, 102: 352, 103: 44, 104: 282, 105: 380, 106: 142, 107: 16, 108: 254, 109: 694, 110: 456, 111: 282, 112: 44, 113: 16, 114: 254, 115: 456, 116: 694, 117: 282, 118: 44, 119: 100, 120: 338, 121: 352, 122: 114, 123: 792, 124: 554, 125: 282, 126: 44, 127: 156, 128: 394, 129: 380, 130: 142, 131: 456, 132: 694, 133: 554, 134: 792, 135: 310, 136: 72, 137: 142, 138: 380, 139: 72, 140: 310, 141: 310, 142: 72, 143: 456, 144: 694, 145: 792, 146: 554, 147: 554, 148: 792, 149: 310, 150: 72, 151: 694, 152: 456, 153: 338, 154: 100, 155: 554, 156: 792, 157: 72, 158: 310, 159: 456, 160: 694, 161: 694, 162: 456, 163: 156, 164: 394, 165: 16, 166: 254, 167: 156, 168: 394, 169: 394, 170: 156, 171: 394, 172: 156, 173: 380, 174: 142, 175: 456, 176: 694, 177: 142, 178: 380, 179: 554, 180: 792, 181: 554, 182: 792, 183: 282, 184: 44, 185: 72, 186: 310, 187: 254, 188: 16, 189: 16, 190: 254, 191: 16, 192: 254, 193: 694, 194: 456, 195: 310, 196: 72, 197: 142, 198: 380, 199: 352, 200: 114}
Number of lables used:  18
Total time: 2.38 seconds
Memory used: 419.26 MB
--------------------------------------------------

Trying with at most 17 labels...
Solution:
{1: 114, 2: 352, 3: 394, 4: 156, 5: 254, 6: 16, 7: 142, 8: 380, 9: 16, 10: 254, 11: 456, 12: 694, 13: 554, 14: 792, 15: 16, 16: 254, 17: 554, 18: 792, 19: 114, 20: 352, 21: 394, 22: 156, 23: 254, 24: 16, 25: 456, 26: 694, 27: 114, 28: 352, 29: 72, 30: 310, 31: 16, 32: 254, 33: 254, 34: 16, 35: 156, 36: 394, 37: 694, 38: 456, 39: 156, 40: 394, 41: 16, 42: 254, 43: 16, 44: 254, 45: 554, 46: 792, 47: 792, 48: 554, 49: 694, 50: 456, 51: 16, 52: 254, 53: 792, 54: 554, 55: 44, 56: 282, 57: 352, 58: 114, 59: 694, 60: 456, 61: 114, 62: 352, 63: 72, 64: 310, 65: 16, 66: 254, 67: 380, 68: 142, 69: 792, 70: 554, 71: 554, 72: 792, 73: 44, 74: 282, 75: 16, 76: 254, 77: 282, 78: 44, 79: 456, 80: 694, 81: 44, 82: 282, 83: 352, 84: 114, 85: 310, 86: 72, 87: 352, 88: 114, 89: 456, 90: 694, 91: 44, 92: 282, 93: 792, 94: 554, 95: 792, 96: 554, 97: 114, 98: 352, 99: 72, 100: 310, 101: 142, 102: 380, 103: 44, 104: 282, 105: 282, 106: 44, 107: 114, 108: 352, 109: 694, 110: 456, 111: 72, 112: 310, 113: 16, 114: 254, 115: 456, 116: 694, 117: 282, 118: 44, 119: 156, 120: 394, 121: 114, 122: 352, 123: 114, 124: 352, 125: 282, 126: 44, 127: 792, 128: 554, 129: 380, 130: 142, 131: 282, 132: 44, 133: 554, 134: 792, 135: 142, 136: 380, 137: 694, 138: 456, 139: 456, 140: 694, 141: 380, 142: 142, 143: 44, 144: 282, 145: 44, 146: 282, 147: 792, 148: 554, 149: 310, 150: 72, 151: 694, 152: 456, 153: 282, 154: 44, 155: 554, 156: 792, 157: 72, 158: 310, 159: 456, 160: 694, 161: 792, 162: 554, 163: 254, 164: 16, 165: 456, 166: 694, 167: 156, 168: 394, 169: 554, 170: 792, 171: 156, 172: 394, 173: 456, 174: 694, 175: 156, 176: 394, 177: 44, 178: 282, 179: 792, 180: 554, 181: 142, 182: 380, 183: 380, 184: 142, 185: 114, 186: 352, 187: 114, 188: 352, 189: 16, 190: 254, 191: 254, 192: 16, 193: 282, 194: 44, 195: 16, 196: 254, 197: 456, 198: 694, 199: 380, 200: 142}
Number of lables used:  16
Total time: 2.46 seconds
Memory used: 419.26 MB
--------------------------------------------------

Trying with at most 15 labels...
Solution:
{1: 554, 2: 792, 3: 394, 4: 156, 5: 694, 6: 456, 7: 142, 8: 380, 9: 114, 10: 352, 11: 456, 12: 694, 13: 16, 14: 254, 15: 114, 16: 352, 17: 554, 18: 792, 19: 44, 20: 282, 21: 554, 22: 792, 23: 142, 24: 380, 25: 142, 26: 380, 27: 352, 28: 114, 29: 114, 30: 352, 31: 394, 32: 156, 33: 16, 34: 254, 35: 254, 36: 16, 37: 694, 38: 456, 39: 142, 40: 380, 41: 16, 42: 254, 43: 16, 44: 254, 45: 254, 46: 16, 47: 792, 48: 554, 49: 554, 50: 792, 51: 16, 52: 254, 53: 792, 54: 554, 55: 44, 56: 282, 57: 16, 58: 254, 59: 694, 60: 456, 61: 114, 62: 352, 63: 44, 64: 282, 65: 792, 66: 554, 67: 380, 68: 142, 69: 792, 70: 554, 71: 142, 72: 380, 73: 44, 74: 282, 75: 554, 76: 792, 77: 554, 78: 792, 79: 394, 80: 156, 81: 44, 82: 282, 83: 142, 84: 380, 85: 380, 86: 142, 87: 352, 88: 114, 89: 694, 90: 456, 91: 44, 92: 282, 93: 792, 94: 554, 95: 694, 96: 456, 97: 114, 98: 352, 99: 394, 100: 156, 101: 282, 102: 44, 103: 44, 104: 282, 105: 114, 106: 352, 107: 554, 108: 792, 109: 694, 110: 456, 111: 694, 112: 456, 113: 352, 114: 114, 115: 456, 116: 694, 117: 456, 118: 694, 119: 456, 120: 694, 121: 114, 122: 352, 123: 16, 124: 254, 125: 282, 126: 44, 127: 380, 128: 142, 129: 380, 130: 142, 131: 456, 132: 694, 133: 554, 134: 792, 135: 44, 136: 282, 137: 114, 138: 352, 139: 352, 140: 114, 141: 44, 142: 282, 143: 694, 144: 456, 145: 44, 146: 282, 147: 792, 148: 554, 149: 44, 150: 282, 151: 694, 152: 456, 153: 380, 154: 142, 155: 554, 156: 792, 157: 16, 158: 254, 159: 44, 160: 282, 161: 394, 162: 156, 163: 16, 164: 254, 165: 44, 166: 282, 167: 792, 168: 554, 169: 792, 170: 554, 171: 156, 172: 394, 173: 114, 174: 352, 175: 554, 176: 792, 177: 352, 178: 114, 179: 16, 180: 254, 181: 694, 182: 456, 183: 44, 184: 282, 185: 156, 186: 394, 187: 142, 188: 380, 189: 16, 190: 254, 191: 282, 192: 44, 193: 282, 194: 44, 195: 16, 196: 254, 197: 142, 198: 380, 199: 456, 200: 694}
Number of lables used:  14
Total time: 2.54 seconds
Memory used: 419.26 MB
--------------------------------------------------

Trying with at most 13 labels...
Solution:
{1: 652, 2: 414, 3: 352, 4: 114, 5: 652, 6: 414, 7: 722, 8: 484, 9: 254, 10: 16, 11: 722, 12: 484, 13: 86, 14: 324, 15: 722, 16: 484, 17: 414, 18: 652, 19: 86, 20: 324, 21: 380, 22: 142, 23: 722, 24: 484, 25: 254, 26: 16, 27: 414, 28: 652, 29: 86, 30: 324, 31: 380, 32: 142, 33: 142, 34: 380, 35: 380, 36: 142, 37: 652, 38: 414, 39: 352, 40: 114, 41: 16, 42: 254, 43: 414, 44: 652, 45: 414, 46: 652, 47: 142, 48: 380, 49: 254, 50: 16, 51: 114, 52: 352, 53: 142, 54: 380, 55: 86, 56: 324, 57: 324, 58: 86, 59: 722, 60: 484, 61: 142, 62: 380, 63: 114, 64: 352, 65: 16, 66: 254, 67: 414, 68: 652, 69: 324, 70: 86, 71: 352, 72: 114, 73: 380, 74: 142, 75: 114, 76: 352, 77: 324, 78: 86, 79: 484, 80: 722, 81: 86, 82: 324, 83: 352, 84: 114, 85: 380, 86: 142, 87: 16, 88: 254, 89: 484, 90: 722, 91: 380, 92: 142, 93: 652, 94: 414, 95: 652, 96: 414, 97: 722, 98: 484, 99: 114, 100: 352, 101: 484, 102: 722, 103: 324, 104: 86, 105: 114, 106: 352, 107: 380, 108: 142, 109: 484, 110: 722, 111: 414, 112: 652, 113: 414, 114: 652, 115: 86, 116: 324, 117: 324, 118: 86, 119: 652, 120: 414, 121: 142, 122: 380, 123: 254, 124: 16, 125: 722, 126: 484, 127: 652, 128: 414, 129: 380, 130: 142, 131: 114, 132: 352, 133: 86, 134: 324, 135: 722, 136: 484, 137: 722, 138: 484, 139: 324, 140: 86, 141: 484, 142: 722, 143: 114, 144: 352, 145: 484, 146: 722, 147: 414, 148: 652, 149: 414, 150: 652, 151: 722, 152: 484, 153: 142, 154: 380, 155: 652, 156: 414, 157: 380, 158: 142, 159: 484, 160: 722, 161: 352, 162: 114, 163: 16, 164: 254, 165: 722, 166: 484, 167: 414, 168: 652, 169: 254, 170: 16, 171: 254, 172: 16, 173: 16, 174: 254, 175: 114, 176: 352, 177: 142, 178: 380, 179: 254, 180: 16, 181: 86, 182: 324, 183: 484, 184: 722, 185: 16, 186: 254, 187: 380, 188: 142, 189: 254, 190: 16, 191: 86, 192: 324, 193: 722, 194: 484, 195: 324, 196: 86, 197: 652, 198: 414, 199: 352, 200: 114}
Number of lables used:  12
Total time: 3.13 seconds
Memory used: 473.52 MB
--------------------------------------------------

Trying with at most 11 labels...
[runlim] sample:		10.00 time, 10.01 real, 405 MB, 1.14 load
[runlim] sample:		19.99 time, 20.01 real, 410 MB, 1.12 load
Cannot find solution.
No more solutions found.
Optimal number of labels used:  12
Total time: 29.43 seconds
Memory used: 410.49 MB
[runlim] end:			Sat Jun 13 22:39:44 2026
[runlim] status:		ok
[runlim] result:		0
[runlim] children:		1
[runlim] processes:		2
[runlim] real:			29.52 seconds
[runlim] time:			29.49 seconds
[runlim] space:			522 MB
[runlim] load:			1.18 maximum
[runlim] samples:		296
