[runlim] version:		2.0.0rc12
[runlim] host:			ap-Precision-7550
[runlim] time limit:		311040000 seconds
[runlim] real time limit:	600 seconds
[runlim] space limit:		14000 MB
[runlim] argv[0]:		python3
[runlim] argv[1]:		cp_no.py
[runlim] argv[2]:		scen05
[runlim] start:			Wed Mar 25 06:10:49 2026
[runlim] child:			76196
--- Building model for 400 variables ---
--- Solving with CP Optimizer (Integer Mode) ---
 ! --------------------------------------------------- CP Optimizer 22.1.1.0 --
 ! Minimization problem - 400 variables, 2598 constraints
 ! LogVerbosity         = Terse
 ! Initial process time : 0.03s (0.03s extraction + 0.00s propagation)
 !  . Log search space  : 954.9 (before), 954.9 (after)
 !  . Memory usage      : 1.4 MB (before), 1.4 MB (after)
 ! Using parallel search with 12 workers.
 ! ----------------------------------------------------------------------------
 !          Best Branches  Non-fixed    W       Branch decision
                        0        400                 -
 + New bound is 0
                        0        320                 -
 + New bound is 34
                        0        320    1            -
 + New bound is 35
                      298        144    1   F   408 != node_294
 + New bound is 36
 *            44      430  0.13s        1      (gap is 18.18%)
 *            42      432  0.13s        3      (gap is 14.29%)
 *            40     1014  0.17s        5      (gap is 10.00%)
              40     2830          2    1            -
 + New bound is 40 (gap is 0.00%)
 ! ----------------------------------------------------------------------------
 ! Search completed, 3 solutions found.
 ! Best objective         : 40 (optimal - effective tol. is 0)
 ! Best bound             : 40
 ! ----------------------------------------------------------------------------
 ! Number of branches     : 32512
 ! Number of fails        : 10704
 ! Total memory usage     : 33.4 MB (33.1 MB CP Optimizer + 0.3 MB Concert)
 ! Time spent in solve    : 0.28s (0.25s engine + 0.03s extraction)
 ! Search speed (br. / s) : 130048.0
 ! ----------------------------------------------------------------------------

==============================
OPTIMAL SOLUTION:
Label list: [156, 394, 156, 394, 114, 352, 142, 380, 456, 694, 366, 128, 128, 366, 414, 652, 792, 554, 554, 792, 16, 254, 792, 554, 680, 442, 456, 694, 72, 310, 428, 666, 156, 394, 792, 554, 44, 282, 282, 44, 442, 680, 736, 498, 268, 30, 310, 72, 736, 498, 792, 554, 310, 72, 764, 526, 366, 128, 442, 680, 30, 268, 498, 736, 156, 394, 128, 366, 352, 114, 268, 30, 86, 324, 526, 764, 296, 58, 296, 58, 30, 268, 16, 254, 296, 58, 394, 156, 128, 366, 16, 254, 484, 722, 736, 498, 156, 394, 380, 142, 792, 554, 254, 16, 156, 394, 324, 86, 554, 792, 526, 764, 394, 156, 16, 254, 296, 58, 254, 16, 156, 394, 442, 680, 254, 16, 282, 44, 722, 484, 554, 792, 394, 156, 394, 156, 268, 30, 694, 456, 694, 456, 764, 526, 414, 652, 680, 442, 114, 352, 352, 114, 352, 114, 86, 324, 778, 540, 722, 484, 778, 540, 366, 128, 282, 44, 428, 666, 736, 498, 778, 540, 394, 156, 44, 282, 764, 526, 30, 268, 352, 114, 324, 86, 680, 442, 268, 30, 708, 470, 666, 428, 484, 722, 156, 394, 86, 324, 428, 666, 652, 414, 792, 554, 254, 16, 428, 666, 526, 764, 380, 142, 114, 352, 708, 470, 540, 778, 282, 44, 526, 764, 470, 708, 58, 296, 58, 296, 554, 792, 652, 414, 16, 254, 778, 540, 394, 156, 680, 442, 324, 86, 526, 764, 268, 30, 428, 666, 296, 58, 680, 442, 296, 58, 470, 708, 470, 708, 324, 86, 310, 72, 86, 324, 764, 526, 540, 778, 540, 778, 736, 498, 44, 282, 310, 72, 540, 778, 128, 366, 708, 470, 86, 324, 128, 366, 128, 366, 58, 296, 352, 114, 666, 428, 694, 456, 442, 680, 394, 156, 778, 540, 296, 58, 352, 114, 296, 58, 694, 456, 128, 366, 254, 16, 554, 792, 456, 694, 680, 442, 456, 694, 324, 86, 58, 296, 498, 736, 540, 778, 58, 296, 708, 470, 128, 366, 428, 666, 540, 778, 16, 254, 324, 86, 296, 58, 142, 380, 540, 778, 30, 268, 694, 456, 498, 736, 282, 44, 736, 498, 268, 30, 526, 764, 442, 680, 268, 30, 764, 526, 324, 86, 708, 470, 30, 268, 554, 792, 498, 736, 310, 72, 498, 736, 268, 30, 268, 30, 694, 456, 764, 526, 282, 44, 114, 352, 324, 86, 72, 310]
Number of labels used: 40
Specific labels: [16, 30, 44, 58, 72, 86, 114, 128, 142, 156, 254, 268, 282, 296, 310, 324, 352, 366, 380, 394, 414, 428, 442, 456, 470, 484, 498, 526, 540, 554, 652, 666, 680, 694, 708, 722, 736, 764, 778, 792]
==============================
Total time: 0.35s
Memory used: 28.04 MB
[runlim] end:			Wed Mar 25 06:10:49 2026
[runlim] status:		ok
[runlim] result:		0
[runlim] children:		2
[runlim] processes:		3
[runlim] real:			0.43 seconds
[runlim] time:			1.30 seconds
[runlim] space:			87 MB
[runlim] load:			8.65 maximum
[runlim] samples:		5
