[runlim] version:		2.0.0rc12
[runlim] host:			ap-Precision-7550
[runlim] time limit:		311040000 seconds
[runlim] real time limit:	600 seconds
[runlim] space limit:		14000 MB
[runlim] argv[0]:		python3
[runlim] argv[1]:		cp_no.py
[runlim] argv[2]:		TUD200.2
[runlim] start:			Wed Mar 25 06:20:51 2026
[runlim] child:			76359
--- Building model for 200 variables ---
--- Solving with CP Optimizer (Integer Mode) ---
 ! --------------------------------------------------- CP Optimizer 22.1.1.0 --
 ! Minimization problem - 200 variables, 1143 constraints
 ! LogVerbosity         = Terse
 ! Initial process time : 0.01s (0.01s extraction + 0.00s propagation)
 !  . Log search space  : 0.0 (before), 0.0 (after)
 !  . Memory usage      : 768.1 kB (before), 768.1 kB (after)
 ! Using parallel search with 12 workers.
 ! ----------------------------------------------------------------------------
 !          Best Branches  Non-fixed    W       Branch decision
                        0        200                 -
 + New bound is 46
              46        0        200                 -
 *            46        0  0.01s               (gap is 0.00%)
 ! ----------------------------------------------------------------------------
 ! Search completed, 1 solution found.
 ! Best objective         : 46 (optimal - effective tol. is 0)
 ! Best bound             : 46
 ! ----------------------------------------------------------------------------
 ! Number of branches     : 0
 ! Number of fails        : 0
 ! Total memory usage     : 11.5 MB (11.4 MB CP Optimizer + 0.2 MB Concert)
 ! Time spent in solve    : 0.03s (0.02s engine + 0.01s extraction)
 ! ----------------------------------------------------------------------------

==============================
OPTIMAL SOLUTION:
Label list: [708, 470, 778, 540, 16, 254, 16, 254, 30, 268, 86, 324, 680, 442, 16, 254, 240, 478, 114, 352, 156, 394, 708, 470, 16, 254, 16, 254, 722, 484, 764, 526, 792, 554, 16, 254, 680, 442, 722, 484, 16, 254, 652, 414, 666, 428, 16, 254, 114, 352, 736, 498, 240, 478, 708, 470, 652, 414, 694, 456, 16, 254, 170, 408, 750, 512, 792, 554, 86, 324, 44, 282, 652, 414, 128, 366, 652, 414, 680, 442, 792, 554, 792, 554, 128, 366, 16, 254, 128, 366, 764, 526, 792, 554, 750, 512, 142, 380, 722, 484, 114, 352, 16, 254, 156, 394, 764, 526, 30, 268, 792, 554, 708, 470, 652, 414, 778, 540, 170, 408, 16, 254, 708, 470, 792, 554, 16, 254, 792, 554, 44, 282, 792, 554, 16, 254, 156, 394, 30, 268, 156, 394, 778, 540, 86, 324, 750, 512, 652, 414, 666, 428, 30, 268, 792, 554, 680, 442, 792, 554, 142, 380, 16, 254, 86, 324, 792, 554, 16, 254, 666, 428, 666, 428, 792, 554, 722, 484, 652, 414, 58, 296, 792, 554, 792, 554, 86, 324, 72, 310, 142, 380, 792, 554, 680, 442, 16, 254, 792, 554]
Number of labels used: 46
Specific labels: [16, 30, 44, 58, 72, 86, 114, 128, 142, 156, 170, 240, 254, 268, 282, 296, 310, 324, 352, 366, 380, 394, 408, 414, 428, 442, 456, 470, 478, 484, 498, 512, 526, 540, 554, 652, 666, 680, 694, 708, 722, 736, 750, 764, 778, 792]
==============================
Total time: 0.06s
Memory used: 25.73 MB
[runlim] end:			Wed Mar 25 06:20:51 2026
[runlim] status:		ok
[runlim] result:		0
[runlim] children:		2
[runlim] processes:		3
[runlim] real:			0.13 seconds
[runlim] time:			0.11 seconds
[runlim] space:			58 MB
[runlim] load:			7.63 maximum
[runlim] samples:		2
