[runlim] version:		2.0.0rc12
[runlim] host:			ap-Precision-7550
[runlim] time limit:		311040000 seconds
[runlim] real time limit:	600 seconds
[runlim] space limit:		14000 MB
[runlim] argv[0]:		python3
[runlim] argv[1]:		-u
[runlim] argv[2]:		pairwise_no_preprocessing.py
[runlim] argv[3]:		graph13
[runlim] argv[4]:		nsc
[runlim] argv[5]:		assumptions
[runlim] argv[6]:		cadical195
[runlim] start:			Sat Jun 27 01:33:41 2026
[runlim] child:			17218
Exactly-one cardinality encoding:  1
Distance constraint mode:  pairwise
Distance cardinality encoding:  1
Objective strategy:  nsc
SAT type:  assumptions
Solver:  cadical195
Number of assignment variables:  35176
Number of clauses for exactly one constraints:  705096
Number of clauses for distance constraints:  2817556
---------------------------------------------------
Solve first problem:
Cannot find solution.
Time taken: 2.78 seconds 
Memory used: 380.12 MB
[runlim] end:			Sat Jun 27 01:33:44 2026
[runlim] status:		ok
[runlim] result:		0
[runlim] children:		1
[runlim] processes:		2
[runlim] real:			2.94 seconds
[runlim] time:			2.90 seconds
[runlim] space:			389 MB
[runlim] load:			1.00 maximum
[runlim] samples:		30
