[runlim] version:		2.0.0rc12
[runlim] host:			ap-Precision-7550
[runlim] time limit:		311040000 seconds
[runlim] real time limit:	600 seconds
[runlim] space limit:		14000 MB
[runlim] argv[0]:		python3
[runlim] argv[1]:		-u
[runlim] argv[2]:		pairwise_no_preprocessing.py
[runlim] argv[3]:		graph05
[runlim] argv[4]:		nsc
[runlim] argv[5]:		assumptions
[runlim] argv[6]:		cadical195
[runlim] start:			Sat Jun 27 01:23:36 2026
[runlim] child:			17169
Exactly-one cardinality encoding:  1
Distance constraint mode:  pairwise
Distance cardinality encoding:  1
Objective strategy:  nsc
SAT type:  assumptions
Solver:  cadical195
Number of assignment variables:  7416
Number of clauses for exactly one constraints:  146428
Number of clauses for distance constraints:  524877
---------------------------------------------------
Solve first problem:
Cannot find solution.
Time taken: 0.49 seconds 
Memory used: 88.68 MB
[runlim] end:			Sat Jun 27 01:23:36 2026
[runlim] status:		ok
[runlim] result:		0
[runlim] children:		1
[runlim] processes:		2
[runlim] real:			0.55 seconds
[runlim] time:			0.50 seconds
[runlim] space:			87 MB
[runlim] load:			1.06 maximum
[runlim] samples:		6
