[runlim] version:		2.0.0rc12
[runlim] host:			ap-Precision-7550
[runlim] time limit:		311040000 seconds
[runlim] real time limit:	600 seconds
[runlim] space limit:		14000 MB
[runlim] argv[0]:		python3
[runlim] argv[1]:		-u
[runlim] argv[2]:		pairwise_no_preprocessing.py
[runlim] argv[3]:		graph04
[runlim] argv[4]:		nsc
[runlim] argv[5]:		assumptions
[runlim] argv[6]:		cadical195
[runlim] start:			Sat Jun 27 01:22:39 2026
[runlim] child:			17165
Exactly-one cardinality encoding:  1
Distance constraint mode:  pairwise
Distance cardinality encoding:  1
Objective strategy:  nsc
SAT type:  assumptions
Solver:  cadical195
Number of assignment variables:  15592
Number of clauses for exactly one constraints:  305180
Number of clauses for distance constraints:  980959
---------------------------------------------------
Solve first problem:
Solution:
{1: 764, 2: 526, 3: 30, 4: 268, 5: 86, 6: 324, 7: 764, 8: 526, 9: 652, 10: 414, 11: 128, 12: 366, 13: 128, 14: 366, 15: 114, 16: 352, 17: 792, 18: 554, 19: 652, 20: 414, 21: 792, 22: 554, 23: 72, 24: 310, 25: 142, 26: 380, 27: 114, 28: 352, 29: 128, 30: 366, 31: 58, 32: 296, 33: 44, 34: 282, 35: 30, 36: 268, 37: 736, 38: 498, 39: 100, 40: 338, 41: 114, 42: 352, 43: 750, 44: 512, 45: 16, 46: 254, 47: 722, 48: 484, 49: 708, 50: 470, 51: 778, 52: 540, 53: 694, 54: 456, 55: 156, 56: 394, 57: 778, 58: 540, 59: 58, 60: 296, 61: 282, 62: 44, 63: 142, 64: 380, 65: 30, 66: 268, 67: 58, 68: 296, 69: 142, 70: 380, 71: 708, 72: 470, 73: 778, 74: 540, 75: 156, 76: 394, 77: 156, 78: 394, 79: 30, 80: 268, 81: 114, 82: 352, 83: 16, 84: 254, 85: 750, 86: 512, 87: 16, 88: 254, 89: 778, 90: 540, 91: 16, 92: 254, 93: 114, 94: 352, 95: 72, 96: 310, 97: 142, 98: 380, 99: 652, 100: 414, 101: 16, 102: 254, 103: 16, 104: 254, 105: 86, 106: 324, 107: 652, 108: 414, 109: 666, 110: 428, 111: 156, 112: 394, 113: 72, 114: 310, 115: 142, 116: 380, 117: 792, 118: 554, 119: 100, 120: 338, 121: 736, 122: 498, 123: 128, 124: 366, 125: 156, 126: 394, 127: 792, 128: 554, 129: 750, 130: 512, 131: 750, 132: 512, 133: 44, 134: 282, 135: 652, 136: 414, 137: 86, 138: 324, 139: 652, 140: 414, 141: 254, 142: 16, 143: 30, 144: 268, 145: 30, 146: 268, 147: 778, 148: 540, 149: 44, 150: 282, 151: 736, 152: 498, 153: 16, 154: 254, 155: 156, 156: 394, 157: 30, 158: 268, 159: 86, 160: 324, 161: 128, 162: 366, 163: 16, 164: 254, 165: 750, 166: 512, 167: 44, 168: 282, 169: 156, 170: 394, 171: 156, 172: 394, 173: 114, 174: 352, 175: 708, 176: 470, 177: 750, 178: 512, 179: 694, 180: 456, 181: 58, 182: 296, 183: 16, 184: 254, 185: 86, 186: 324, 187: 30, 188: 268, 189: 16, 190: 254, 191: 128, 192: 366, 193: 128, 194: 366, 195: 58, 196: 296, 197: 30, 198: 268, 199: 142, 200: 380, 201: 694, 202: 456, 203: 736, 204: 498, 205: 58, 206: 296, 207: 722, 208: 484, 209: 72, 210: 310, 211: 16, 212: 254, 213: 694, 214: 456, 215: 128, 216: 366, 217: 114, 218: 352, 219: 30, 220: 268, 221: 58, 222: 296, 223: 114, 224: 352, 225: 128, 226: 366, 227: 128, 228: 366, 229: 44, 230: 282, 231: 778, 232: 540, 233: 100, 234: 338, 235: 128, 236: 366, 237: 44, 238: 282, 239: 86, 240: 324, 241: 778, 242: 540, 243: 750, 244: 512, 245: 652, 246: 414, 247: 722, 248: 484, 249: 44, 250: 282, 251: 652, 252: 414, 253: 750, 254: 512, 255: 156, 256: 394, 257: 72, 258: 310, 259: 114, 260: 352, 261: 778, 262: 540, 263: 30, 264: 268, 265: 666, 266: 428, 267: 44, 268: 282, 269: 722, 270: 484, 271: 58, 272: 296, 273: 100, 274: 338, 275: 156, 276: 394, 277: 86, 278: 324, 279: 778, 280: 540, 281: 156, 282: 394, 283: 708, 284: 470, 285: 750, 286: 512, 287: 652, 288: 414, 289: 72, 290: 310, 291: 156, 292: 394, 293: 554, 294: 792, 295: 16, 296: 254, 297: 114, 298: 352, 299: 30, 300: 268, 301: 114, 302: 352, 303: 708, 304: 470, 305: 72, 306: 310, 307: 652, 308: 414, 309: 750, 310: 512, 311: 58, 312: 296, 313: 540, 314: 778, 315: 30, 316: 268, 317: 30, 318: 268, 319: 16, 320: 254, 321: 722, 322: 484, 323: 156, 324: 394, 325: 86, 326: 324, 327: 58, 328: 296, 329: 708, 330: 470, 331: 778, 332: 540, 333: 652, 334: 414, 335: 142, 336: 380, 337: 58, 338: 296, 339: 694, 340: 456, 341: 128, 342: 366, 343: 666, 344: 428, 345: 16, 346: 254, 347: 30, 348: 268, 349: 156, 350: 394, 351: 764, 352: 526, 353: 30, 354: 268, 355: 30, 356: 268, 357: 792, 358: 554, 359: 86, 360: 324, 361: 750, 362: 512, 363: 86, 364: 324, 365: 72, 366: 310, 367: 722, 368: 484, 369: 16, 370: 254, 371: 764, 372: 526, 373: 30, 374: 268, 375: 44, 376: 282, 377: 128, 378: 366, 379: 736, 380: 498, 381: 764, 382: 526, 383: 72, 384: 310, 385: 666, 386: 428, 387: 100, 388: 338, 389: 750, 390: 512, 391: 16, 392: 254, 393: 156, 394: 394, 395: 156, 396: 394, 397: 778, 398: 540, 399: 764, 400: 526}
Number of lables used:  42
Total time: 1.01 seconds
Memory used: 151.44 MB
--------------------------------------------------
Number of label variables:  48
Number of clauses for label constraints:  15557
Number of new variables for cardinality constraints:  1148
Number of clauses for cardinality constraints:  4510
Initial variable count:  16788
Initial clause count:  1301499
--------------------------------------------------

Trying with at most 41 labels...
Solution:
{1: 792, 2: 554, 3: 16, 4: 254, 5: 16, 6: 254, 7: 44, 8: 282, 9: 142, 10: 380, 11: 58, 12: 296, 13: 778, 14: 540, 15: 16, 16: 254, 17: 30, 18: 268, 19: 142, 20: 380, 21: 764, 22: 526, 23: 16, 24: 254, 25: 142, 26: 380, 27: 72, 28: 310, 29: 30, 30: 268, 31: 652, 32: 414, 33: 142, 34: 380, 35: 128, 36: 366, 37: 16, 38: 254, 39: 100, 40: 338, 41: 114, 42: 352, 43: 750, 44: 512, 45: 142, 46: 380, 47: 44, 48: 282, 49: 708, 50: 470, 51: 792, 52: 554, 53: 114, 54: 352, 55: 792, 56: 554, 57: 30, 58: 268, 59: 58, 60: 296, 61: 666, 62: 428, 63: 142, 64: 380, 65: 30, 66: 268, 67: 58, 68: 296, 69: 652, 70: 414, 71: 736, 72: 498, 73: 44, 74: 282, 75: 750, 76: 512, 77: 652, 78: 414, 79: 736, 80: 498, 81: 736, 82: 498, 83: 16, 84: 254, 85: 792, 86: 554, 87: 16, 88: 254, 89: 16, 90: 254, 91: 792, 92: 554, 93: 792, 94: 554, 95: 156, 96: 394, 97: 666, 98: 428, 99: 142, 100: 380, 101: 792, 102: 554, 103: 16, 104: 254, 105: 100, 106: 338, 107: 750, 108: 512, 109: 778, 110: 540, 111: 652, 112: 414, 113: 666, 114: 428, 115: 142, 116: 380, 117: 778, 118: 540, 119: 128, 120: 366, 121: 72, 122: 310, 123: 128, 124: 366, 125: 652, 126: 414, 127: 16, 128: 254, 129: 58, 130: 296, 131: 58, 132: 296, 133: 72, 134: 310, 135: 750, 136: 512, 137: 86, 138: 324, 139: 652, 140: 414, 141: 58, 142: 296, 143: 86, 144: 324, 145: 792, 146: 554, 147: 792, 148: 554, 149: 764, 150: 526, 151: 58, 152: 296, 153: 128, 154: 366, 155: 156, 156: 394, 157: 156, 158: 394, 159: 708, 160: 470, 161: 114, 162: 352, 163: 16, 164: 254, 165: 58, 166: 296, 167: 764, 168: 526, 169: 58, 170: 296, 171: 156, 172: 394, 173: 114, 174: 352, 175: 708, 176: 470, 177: 792, 178: 554, 179: 114, 180: 352, 181: 100, 182: 338, 183: 30, 184: 268, 185: 86, 186: 324, 187: 30, 188: 268, 189: 792, 190: 554, 191: 666, 192: 428, 193: 778, 194: 540, 195: 750, 196: 512, 197: 142, 198: 380, 199: 778, 200: 540, 201: 100, 202: 338, 203: 30, 204: 268, 205: 750, 206: 512, 207: 708, 208: 470, 209: 778, 210: 540, 211: 142, 212: 380, 213: 114, 214: 352, 215: 128, 216: 366, 217: 792, 218: 554, 219: 554, 220: 792, 221: 142, 222: 380, 223: 156, 224: 394, 225: 30, 226: 268, 227: 128, 228: 366, 229: 86, 230: 324, 231: 30, 232: 268, 233: 708, 234: 470, 235: 778, 236: 540, 237: 44, 238: 282, 239: 128, 240: 366, 241: 16, 242: 254, 243: 72, 244: 310, 245: 736, 246: 498, 247: 736, 248: 498, 249: 750, 250: 512, 251: 156, 252: 394, 253: 750, 254: 512, 255: 652, 256: 414, 257: 736, 258: 498, 259: 114, 260: 352, 261: 30, 262: 268, 263: 30, 264: 268, 265: 708, 266: 470, 267: 652, 268: 414, 269: 554, 270: 792, 271: 58, 272: 296, 273: 100, 274: 338, 275: 778, 276: 540, 277: 86, 278: 324, 279: 792, 280: 554, 281: 156, 282: 394, 283: 708, 284: 470, 285: 736, 286: 498, 287: 778, 288: 540, 289: 736, 290: 498, 291: 750, 292: 512, 293: 142, 294: 380, 295: 16, 296: 254, 297: 114, 298: 352, 299: 778, 300: 540, 301: 128, 302: 366, 303: 86, 304: 324, 305: 72, 306: 310, 307: 156, 308: 394, 309: 44, 310: 282, 311: 750, 312: 512, 313: 128, 314: 366, 315: 128, 316: 366, 317: 792, 318: 554, 319: 16, 320: 254, 321: 708, 322: 470, 323: 156, 324: 394, 325: 86, 326: 324, 327: 652, 328: 414, 329: 156, 330: 394, 331: 778, 332: 540, 333: 792, 334: 554, 335: 764, 336: 526, 337: 58, 338: 296, 339: 708, 340: 470, 341: 142, 342: 380, 343: 142, 344: 380, 345: 16, 346: 254, 347: 30, 348: 268, 349: 156, 350: 394, 351: 778, 352: 540, 353: 58, 354: 296, 355: 30, 356: 268, 357: 16, 358: 254, 359: 736, 360: 498, 361: 764, 362: 526, 363: 86, 364: 324, 365: 792, 366: 554, 367: 86, 368: 324, 369: 44, 370: 282, 371: 30, 372: 268, 373: 30, 374: 268, 375: 44, 376: 282, 377: 666, 378: 428, 379: 722, 380: 484, 381: 58, 382: 296, 383: 72, 384: 310, 385: 142, 386: 380, 387: 722, 388: 484, 389: 30, 390: 268, 391: 16, 392: 254, 393: 792, 394: 554, 395: 792, 396: 554, 397: 16, 398: 254, 399: 764, 400: 526}
Number of lables used:  40
Total time: 1.24 seconds
Memory used: 223.19 MB
--------------------------------------------------

Trying with at most 39 labels...
Solution:
{1: 680, 2: 442, 3: 792, 4: 554, 5: 792, 6: 554, 7: 778, 8: 540, 9: 652, 10: 414, 11: 750, 12: 512, 13: 142, 14: 380, 15: 694, 16: 456, 17: 30, 18: 268, 19: 652, 20: 414, 21: 792, 22: 554, 23: 86, 24: 324, 25: 708, 26: 470, 27: 72, 28: 310, 29: 30, 30: 268, 31: 72, 32: 310, 33: 666, 34: 428, 35: 680, 36: 442, 37: 792, 38: 554, 39: 708, 40: 470, 41: 128, 42: 366, 43: 764, 44: 526, 45: 142, 46: 380, 47: 764, 48: 526, 49: 86, 50: 324, 51: 366, 52: 128, 53: 142, 54: 380, 55: 156, 56: 394, 57: 30, 58: 268, 59: 736, 60: 498, 61: 100, 62: 338, 63: 142, 64: 380, 65: 792, 66: 554, 67: 72, 68: 310, 69: 666, 70: 428, 71: 128, 72: 366, 73: 58, 74: 296, 75: 652, 76: 414, 77: 652, 78: 414, 79: 58, 80: 296, 81: 736, 82: 498, 83: 30, 84: 268, 85: 44, 86: 282, 87: 44, 88: 282, 89: 792, 90: 554, 91: 792, 92: 554, 93: 128, 94: 366, 95: 268, 96: 30, 97: 666, 98: 428, 99: 666, 100: 428, 101: 792, 102: 554, 103: 30, 104: 268, 105: 100, 106: 338, 107: 750, 108: 512, 109: 680, 110: 442, 111: 694, 112: 456, 113: 128, 114: 366, 115: 156, 116: 394, 117: 792, 118: 554, 119: 100, 120: 338, 121: 708, 122: 470, 123: 680, 124: 442, 125: 652, 126: 414, 127: 792, 128: 554, 129: 58, 130: 296, 131: 86, 132: 324, 133: 44, 134: 282, 135: 708, 136: 470, 137: 708, 138: 470, 139: 652, 140: 414, 141: 128, 142: 366, 143: 736, 144: 498, 145: 792, 146: 554, 147: 30, 148: 268, 149: 86, 150: 324, 151: 72, 152: 310, 153: 30, 154: 268, 155: 694, 156: 456, 157: 652, 158: 414, 159: 100, 160: 338, 161: 680, 162: 442, 163: 30, 164: 268, 165: 750, 166: 512, 167: 58, 168: 296, 169: 58, 170: 296, 171: 792, 172: 554, 173: 680, 174: 442, 175: 100, 176: 338, 177: 30, 178: 268, 179: 708, 180: 470, 181: 100, 182: 338, 183: 30, 184: 268, 185: 764, 186: 526, 187: 58, 188: 296, 189: 792, 190: 554, 191: 142, 192: 380, 193: 142, 194: 380, 195: 750, 196: 512, 197: 778, 198: 540, 199: 100, 200: 338, 201: 708, 202: 470, 203: 44, 204: 282, 205: 72, 206: 310, 207: 708, 208: 470, 209: 792, 210: 554, 211: 666, 212: 428, 213: 694, 214: 456, 215: 128, 216: 366, 217: 156, 218: 394, 219: 652, 220: 414, 221: 72, 222: 310, 223: 156, 224: 394, 225: 30, 226: 268, 227: 142, 228: 380, 229: 86, 230: 324, 231: 778, 232: 540, 233: 142, 234: 380, 235: 778, 236: 540, 237: 72, 238: 310, 239: 128, 240: 366, 241: 58, 242: 296, 243: 750, 244: 512, 245: 128, 246: 366, 247: 736, 248: 498, 249: 30, 250: 268, 251: 652, 252: 414, 253: 750, 254: 512, 255: 792, 256: 554, 257: 100, 258: 338, 259: 128, 260: 366, 261: 792, 262: 554, 263: 44, 264: 282, 265: 708, 266: 470, 267: 652, 268: 414, 269: 554, 270: 792, 271: 792, 272: 554, 273: 100, 274: 338, 275: 652, 276: 414, 277: 764, 278: 526, 279: 792, 280: 554, 281: 652, 282: 414, 283: 708, 284: 470, 285: 736, 286: 498, 287: 652, 288: 414, 289: 86, 290: 324, 291: 750, 292: 512, 293: 708, 294: 470, 295: 58, 296: 296, 297: 128, 298: 366, 299: 778, 300: 540, 301: 128, 302: 366, 303: 100, 304: 338, 305: 100, 306: 338, 307: 666, 308: 428, 309: 58, 310: 296, 311: 750, 312: 512, 313: 708, 314: 470, 315: 680, 316: 442, 317: 792, 318: 554, 319: 44, 320: 282, 321: 30, 322: 268, 323: 58, 324: 296, 325: 100, 326: 338, 327: 652, 328: 414, 329: 72, 330: 310, 331: 30, 332: 268, 333: 666, 334: 428, 335: 764, 336: 526, 337: 100, 338: 338, 339: 708, 340: 470, 341: 142, 342: 380, 343: 142, 344: 380, 345: 30, 346: 268, 347: 72, 348: 310, 349: 652, 350: 414, 351: 778, 352: 540, 353: 750, 354: 512, 355: 44, 356: 282, 357: 792, 358: 554, 359: 736, 360: 498, 361: 764, 362: 526, 363: 44, 364: 282, 365: 30, 366: 268, 367: 86, 368: 324, 369: 792, 370: 554, 371: 44, 372: 282, 373: 778, 374: 540, 375: 764, 376: 526, 377: 680, 378: 442, 379: 44, 380: 282, 381: 764, 382: 526, 383: 736, 384: 498, 385: 666, 386: 428, 387: 708, 388: 470, 389: 778, 390: 540, 391: 792, 392: 554, 393: 652, 394: 414, 395: 652, 396: 414, 397: 792, 398: 554, 399: 30, 400: 268}
Number of lables used:  38
Total time: 1.36 seconds
Memory used: 223.03 MB
--------------------------------------------------

Trying with at most 37 labels...
Solution:
{1: 58, 2: 296, 3: 30, 4: 268, 5: 114, 6: 352, 7: 44, 8: 282, 9: 652, 10: 414, 11: 156, 12: 394, 13: 142, 14: 380, 15: 114, 16: 352, 17: 792, 18: 554, 19: 156, 20: 394, 21: 792, 22: 554, 23: 86, 24: 324, 25: 142, 26: 380, 27: 156, 28: 394, 29: 680, 30: 442, 31: 554, 32: 792, 33: 58, 34: 296, 35: 722, 36: 484, 37: 16, 38: 254, 39: 100, 40: 338, 41: 722, 42: 484, 43: 778, 44: 540, 45: 86, 46: 324, 47: 792, 48: 554, 49: 114, 50: 352, 51: 792, 52: 554, 53: 114, 54: 352, 55: 666, 56: 428, 57: 16, 58: 254, 59: 736, 60: 498, 61: 680, 62: 442, 63: 680, 64: 442, 65: 30, 66: 268, 67: 58, 68: 296, 69: 142, 70: 380, 71: 114, 72: 352, 73: 44, 74: 282, 75: 652, 76: 414, 77: 652, 78: 414, 79: 58, 80: 296, 81: 114, 82: 352, 83: 16, 84: 254, 85: 792, 86: 554, 87: 16, 88: 254, 89: 16, 90: 254, 91: 16, 92: 254, 93: 792, 94: 554, 95: 156, 96: 394, 97: 142, 98: 380, 99: 666, 100: 428, 101: 792, 102: 554, 103: 792, 104: 554, 105: 86, 106: 324, 107: 156, 108: 394, 109: 778, 110: 540, 111: 652, 112: 414, 113: 114, 114: 352, 115: 142, 116: 380, 117: 16, 118: 254, 119: 722, 120: 484, 121: 114, 122: 352, 123: 680, 124: 442, 125: 652, 126: 414, 127: 792, 128: 554, 129: 44, 130: 282, 131: 792, 132: 554, 133: 30, 134: 268, 135: 100, 136: 338, 137: 86, 138: 324, 139: 736, 140: 498, 141: 156, 142: 394, 143: 736, 144: 498, 145: 30, 146: 268, 147: 792, 148: 554, 149: 44, 150: 282, 151: 58, 152: 296, 153: 30, 154: 268, 155: 652, 156: 414, 157: 736, 158: 498, 159: 86, 160: 324, 161: 722, 162: 484, 163: 16, 164: 254, 165: 58, 166: 296, 167: 44, 168: 282, 169: 156, 170: 394, 171: 156, 172: 394, 173: 680, 174: 442, 175: 100, 176: 338, 177: 16, 178: 254, 179: 100, 180: 338, 181: 58, 182: 296, 183: 16, 184: 254, 185: 86, 186: 324, 187: 30, 188: 268, 189: 792, 190: 554, 191: 680, 192: 442, 193: 680, 194: 442, 195: 58, 196: 296, 197: 44, 198: 282, 199: 666, 200: 428, 201: 100, 202: 338, 203: 30, 204: 268, 205: 58, 206: 296, 207: 86, 208: 324, 209: 736, 210: 498, 211: 156, 212: 394, 213: 114, 214: 352, 215: 778, 216: 540, 217: 114, 218: 352, 219: 652, 220: 414, 221: 58, 222: 296, 223: 114, 224: 352, 225: 680, 226: 442, 227: 680, 228: 442, 229: 44, 230: 282, 231: 30, 232: 268, 233: 100, 234: 338, 235: 680, 236: 442, 237: 44, 238: 282, 239: 722, 240: 484, 241: 16, 242: 254, 243: 58, 244: 296, 245: 30, 246: 268, 247: 736, 248: 498, 249: 44, 250: 282, 251: 652, 252: 414, 253: 58, 254: 296, 255: 156, 256: 394, 257: 792, 258: 554, 259: 114, 260: 352, 261: 16, 262: 254, 263: 778, 264: 540, 265: 100, 266: 338, 267: 680, 268: 442, 269: 652, 270: 414, 271: 58, 272: 296, 273: 100, 274: 338, 275: 792, 276: 554, 277: 722, 278: 484, 279: 16, 280: 254, 281: 652, 282: 414, 283: 792, 284: 554, 285: 58, 286: 296, 287: 652, 288: 414, 289: 736, 290: 498, 291: 652, 292: 414, 293: 680, 294: 442, 295: 16, 296: 254, 297: 114, 298: 352, 299: 778, 300: 540, 301: 114, 302: 352, 303: 722, 304: 484, 305: 778, 306: 540, 307: 666, 308: 428, 309: 44, 310: 282, 311: 58, 312: 296, 313: 680, 314: 442, 315: 680, 316: 442, 317: 30, 318: 268, 319: 16, 320: 254, 321: 722, 322: 484, 323: 652, 324: 414, 325: 86, 326: 324, 327: 652, 328: 414, 329: 100, 330: 338, 331: 778, 332: 540, 333: 156, 334: 394, 335: 666, 336: 428, 337: 58, 338: 296, 339: 100, 340: 338, 341: 680, 342: 442, 343: 680, 344: 442, 345: 792, 346: 554, 347: 30, 348: 268, 349: 652, 350: 414, 351: 778, 352: 540, 353: 58, 354: 296, 355: 778, 356: 540, 357: 792, 358: 554, 359: 86, 360: 324, 361: 44, 362: 282, 363: 86, 364: 324, 365: 792, 366: 554, 367: 736, 368: 498, 369: 16, 370: 254, 371: 778, 372: 540, 373: 778, 374: 540, 375: 44, 376: 282, 377: 680, 378: 442, 379: 736, 380: 498, 381: 58, 382: 296, 383: 736, 384: 498, 385: 666, 386: 428, 387: 100, 388: 338, 389: 778, 390: 540, 391: 792, 392: 554, 393: 652, 394: 414, 395: 652, 396: 414, 397: 16, 398: 254, 399: 778, 400: 540}
Number of lables used:  32
Total time: 3.00 seconds
Memory used: 241.27 MB
--------------------------------------------------

Trying with at most 31 labels...
Solution:
{1: 58, 2: 296, 3: 30, 4: 268, 5: 680, 6: 442, 7: 44, 8: 282, 9: 778, 10: 540, 11: 156, 12: 394, 13: 128, 14: 366, 15: 694, 16: 456, 17: 16, 18: 254, 19: 778, 20: 540, 21: 16, 22: 254, 23: 72, 24: 310, 25: 142, 26: 380, 27: 72, 28: 310, 29: 778, 30: 540, 31: 540, 32: 778, 33: 142, 34: 380, 35: 128, 36: 366, 37: 16, 38: 254, 39: 100, 40: 338, 41: 652, 42: 414, 43: 778, 44: 540, 45: 142, 46: 380, 47: 44, 48: 282, 49: 86, 50: 324, 51: 58, 52: 296, 53: 778, 54: 540, 55: 694, 56: 456, 57: 16, 58: 254, 59: 72, 60: 310, 61: 680, 62: 442, 63: 128, 64: 366, 65: 30, 66: 268, 67: 58, 68: 296, 69: 142, 70: 380, 71: 680, 72: 442, 73: 778, 74: 540, 75: 694, 76: 456, 77: 156, 78: 394, 79: 58, 80: 296, 81: 694, 82: 456, 83: 16, 84: 254, 85: 58, 86: 296, 87: 30, 88: 268, 89: 16, 90: 254, 91: 16, 92: 254, 93: 778, 94: 540, 95: 156, 96: 394, 97: 142, 98: 380, 99: 142, 100: 380, 101: 16, 102: 254, 103: 16, 104: 254, 105: 86, 106: 324, 107: 156, 108: 394, 109: 128, 110: 366, 111: 652, 112: 414, 113: 680, 114: 442, 115: 142, 116: 380, 117: 16, 118: 254, 119: 86, 120: 324, 121: 100, 122: 338, 123: 128, 124: 366, 125: 652, 126: 414, 127: 16, 128: 254, 129: 44, 130: 282, 131: 58, 132: 296, 133: 30, 134: 268, 135: 100, 136: 338, 137: 778, 138: 540, 139: 156, 140: 394, 141: 156, 142: 394, 143: 778, 144: 540, 145: 30, 146: 268, 147: 16, 148: 254, 149: 44, 150: 282, 151: 58, 152: 296, 153: 16, 154: 254, 155: 156, 156: 394, 157: 778, 158: 540, 159: 86, 160: 324, 161: 128, 162: 366, 163: 16, 164: 254, 165: 58, 166: 296, 167: 44, 168: 282, 169: 156, 170: 394, 171: 778, 172: 540, 173: 680, 174: 442, 175: 100, 176: 338, 177: 16, 178: 254, 179: 100, 180: 338, 181: 58, 182: 296, 183: 16, 184: 254, 185: 86, 186: 324, 187: 30, 188: 268, 189: 16, 190: 254, 191: 128, 192: 366, 193: 128, 194: 366, 195: 58, 196: 296, 197: 30, 198: 268, 199: 142, 200: 380, 201: 100, 202: 338, 203: 30, 204: 268, 205: 58, 206: 296, 207: 86, 208: 324, 209: 72, 210: 310, 211: 142, 212: 380, 213: 694, 214: 456, 215: 694, 216: 456, 217: 694, 218: 456, 219: 540, 220: 778, 221: 58, 222: 296, 223: 694, 224: 456, 225: 128, 226: 366, 227: 680, 228: 442, 229: 44, 230: 282, 231: 778, 232: 540, 233: 100, 234: 338, 235: 680, 236: 442, 237: 44, 238: 282, 239: 86, 240: 324, 241: 16, 242: 254, 243: 58, 244: 296, 245: 694, 246: 456, 247: 72, 248: 310, 249: 44, 250: 282, 251: 156, 252: 394, 253: 58, 254: 296, 255: 156, 256: 394, 257: 86, 258: 324, 259: 694, 260: 456, 261: 16, 262: 254, 263: 778, 264: 540, 265: 100, 266: 338, 267: 680, 268: 442, 269: 652, 270: 414, 271: 58, 272: 296, 273: 86, 274: 324, 275: 156, 276: 394, 277: 86, 278: 324, 279: 16, 280: 254, 281: 156, 282: 394, 283: 100, 284: 338, 285: 58, 286: 296, 287: 156, 288: 394, 289: 72, 290: 310, 291: 156, 292: 394, 293: 142, 294: 380, 295: 16, 296: 254, 297: 694, 298: 456, 299: 30, 300: 268, 301: 680, 302: 442, 303: 86, 304: 324, 305: 72, 306: 310, 307: 652, 308: 414, 309: 44, 310: 282, 311: 58, 312: 296, 313: 778, 314: 540, 315: 128, 316: 366, 317: 16, 318: 254, 319: 16, 320: 254, 321: 86, 322: 324, 323: 652, 324: 414, 325: 86, 326: 324, 327: 652, 328: 414, 329: 778, 330: 540, 331: 778, 332: 540, 333: 142, 334: 380, 335: 142, 336: 380, 337: 58, 338: 296, 339: 100, 340: 338, 341: 680, 342: 442, 343: 128, 344: 366, 345: 16, 346: 254, 347: 30, 348: 268, 349: 156, 350: 394, 351: 778, 352: 540, 353: 58, 354: 296, 355: 778, 356: 540, 357: 16, 358: 254, 359: 72, 360: 310, 361: 44, 362: 282, 363: 86, 364: 324, 365: 778, 366: 540, 367: 72, 368: 310, 369: 16, 370: 254, 371: 30, 372: 268, 373: 30, 374: 268, 375: 44, 376: 282, 377: 680, 378: 442, 379: 72, 380: 310, 381: 44, 382: 282, 383: 72, 384: 310, 385: 142, 386: 380, 387: 100, 388: 338, 389: 778, 390: 540, 391: 16, 392: 254, 393: 652, 394: 414, 395: 156, 396: 394, 397: 16, 398: 254, 399: 30, 400: 268}
Number of lables used:  28
Total time: 3.09 seconds
Memory used: 241.27 MB
--------------------------------------------------

Trying with at most 27 labels...
Solution:
{1: 58, 2: 296, 3: 30, 4: 268, 5: 680, 6: 442, 7: 44, 8: 282, 9: 156, 10: 394, 11: 156, 12: 394, 13: 128, 14: 366, 15: 680, 16: 442, 17: 16, 18: 254, 19: 156, 20: 394, 21: 16, 22: 254, 23: 72, 24: 310, 25: 142, 26: 380, 27: 72, 28: 310, 29: 128, 30: 366, 31: 58, 32: 296, 33: 142, 34: 380, 35: 128, 36: 366, 37: 16, 38: 254, 39: 100, 40: 338, 41: 680, 42: 442, 43: 44, 44: 282, 45: 142, 46: 380, 47: 44, 48: 282, 49: 86, 50: 324, 51: 58, 52: 296, 53: 680, 54: 442, 55: 680, 56: 442, 57: 16, 58: 254, 59: 72, 60: 310, 61: 680, 62: 442, 63: 128, 64: 366, 65: 30, 66: 268, 67: 58, 68: 296, 69: 142, 70: 380, 71: 680, 72: 442, 73: 44, 74: 282, 75: 156, 76: 394, 77: 156, 78: 394, 79: 58, 80: 296, 81: 680, 82: 442, 83: 16, 84: 254, 85: 58, 86: 296, 87: 30, 88: 268, 89: 16, 90: 254, 91: 16, 92: 254, 93: 680, 94: 442, 95: 156, 96: 394, 97: 142, 98: 380, 99: 142, 100: 380, 101: 16, 102: 254, 103: 16, 104: 254, 105: 86, 106: 324, 107: 156, 108: 394, 109: 128, 110: 366, 111: 156, 112: 394, 113: 680, 114: 442, 115: 142, 116: 380, 117: 16, 118: 254, 119: 86, 120: 324, 121: 100, 122: 338, 123: 128, 124: 366, 125: 156, 126: 394, 127: 16, 128: 254, 129: 44, 130: 282, 131: 58, 132: 296, 133: 30, 134: 268, 135: 100, 136: 338, 137: 100, 138: 338, 139: 156, 140: 394, 141: 156, 142: 394, 143: 72, 144: 310, 145: 30, 146: 268, 147: 16, 148: 254, 149: 44, 150: 282, 151: 58, 152: 296, 153: 16, 154: 254, 155: 156, 156: 394, 157: 680, 158: 442, 159: 86, 160: 324, 161: 128, 162: 366, 163: 16, 164: 254, 165: 58, 166: 296, 167: 44, 168: 282, 169: 156, 170: 394, 171: 156, 172: 394, 173: 680, 174: 442, 175: 100, 176: 338, 177: 16, 178: 254, 179: 100, 180: 338, 181: 58, 182: 296, 183: 16, 184: 254, 185: 86, 186: 324, 187: 30, 188: 268, 189: 16, 190: 254, 191: 128, 192: 366, 193: 128, 194: 366, 195: 58, 196: 296, 197: 30, 198: 268, 199: 142, 200: 380, 201: 100, 202: 338, 203: 30, 204: 268, 205: 58, 206: 296, 207: 86, 208: 324, 209: 72, 210: 310, 211: 142, 212: 380, 213: 680, 214: 442, 215: 680, 216: 442, 217: 680, 218: 442, 219: 156, 220: 394, 221: 58, 222: 296, 223: 680, 224: 442, 225: 128, 226: 366, 227: 128, 228: 366, 229: 44, 230: 282, 231: 30, 232: 268, 233: 100, 234: 338, 235: 128, 236: 366, 237: 44, 238: 282, 239: 86, 240: 324, 241: 16, 242: 254, 243: 58, 244: 296, 245: 680, 246: 442, 247: 72, 248: 310, 249: 44, 250: 282, 251: 156, 252: 394, 253: 58, 254: 296, 255: 156, 256: 394, 257: 86, 258: 324, 259: 680, 260: 442, 261: 16, 262: 254, 263: 30, 264: 268, 265: 100, 266: 338, 267: 680, 268: 442, 269: 156, 270: 394, 271: 58, 272: 296, 273: 86, 274: 324, 275: 156, 276: 394, 277: 86, 278: 324, 279: 16, 280: 254, 281: 156, 282: 394, 283: 100, 284: 338, 285: 58, 286: 296, 287: 156, 288: 394, 289: 72, 290: 310, 291: 156, 292: 394, 293: 142, 294: 380, 295: 16, 296: 254, 297: 680, 298: 442, 299: 30, 300: 268, 301: 680, 302: 442, 303: 86, 304: 324, 305: 72, 306: 310, 307: 142, 308: 380, 309: 44, 310: 282, 311: 58, 312: 296, 313: 442, 314: 680, 315: 128, 316: 366, 317: 16, 318: 254, 319: 16, 320: 254, 321: 86, 322: 324, 323: 680, 324: 442, 325: 86, 326: 324, 327: 156, 328: 394, 329: 100, 330: 338, 331: 30, 332: 268, 333: 142, 334: 380, 335: 142, 336: 380, 337: 58, 338: 296, 339: 100, 340: 338, 341: 128, 342: 366, 343: 128, 344: 366, 345: 16, 346: 254, 347: 30, 348: 268, 349: 156, 350: 394, 351: 30, 352: 268, 353: 58, 354: 296, 355: 30, 356: 268, 357: 16, 358: 254, 359: 72, 360: 310, 361: 44, 362: 282, 363: 86, 364: 324, 365: 72, 366: 310, 367: 72, 368: 310, 369: 16, 370: 254, 371: 30, 372: 268, 373: 30, 374: 268, 375: 44, 376: 282, 377: 128, 378: 366, 379: 72, 380: 310, 381: 44, 382: 282, 383: 72, 384: 310, 385: 142, 386: 380, 387: 100, 388: 338, 389: 30, 390: 268, 391: 16, 392: 254, 393: 156, 394: 394, 395: 156, 396: 394, 397: 16, 398: 254, 399: 30, 400: 268}
Number of lables used:  22
Total time: 3.13 seconds
Memory used: 241.27 MB
--------------------------------------------------

Trying with at most 21 labels...
[runlim] sample:		10.00 time, 10.01 real, 239 MB, 1.14 load
[runlim] sample:		19.99 time, 20.01 real, 237 MB, 1.11 load
[runlim] sample:		29.99 time, 30.01 real, 236 MB, 1.10 load
[runlim] sample:		39.98 time, 40.01 real, 236 MB, 1.08 load
[runlim] sample:		49.97 time, 50.01 real, 236 MB, 1.07 load
Cannot find solution.
No more solutions found.
Optimal number of labels used:  22
Total time: 56.48 seconds
Memory used: 235.03 MB
[runlim] end:			Sat Jun 27 01:23:36 2026
[runlim] status:		ok
[runlim] result:		0
[runlim] children:		1
[runlim] processes:		2
[runlim] real:			56.55 seconds
[runlim] time:			56.47 seconds
[runlim] space:			280 MB
[runlim] load:			1.16 maximum
[runlim] samples:		566
