[runlim] version:		2.0.0rc12
[runlim] host:			ap-Precision-7550
[runlim] time limit:		311040000 seconds
[runlim] real time limit:	600 seconds
[runlim] space limit:		14000 MB
[runlim] argv[0]:		python3
[runlim] argv[1]:		-u
[runlim] argv[2]:		pairwise_no_preprocessing.py
[runlim] argv[3]:		graph03
[runlim] argv[4]:		assumptions
[runlim] start:			Tue Mar 24 01:27:29 2026
[runlim] child:			17196
Solve first problem:
Solution:
{1: 44, 2: 282, 3: 652, 4: 414, 5: 86, 6: 324, 7: 44, 8: 282, 9: 58, 10: 296, 11: 156, 12: 394, 13: 694, 14: 456, 15: 128, 16: 366, 17: 114, 18: 352, 19: 652, 20: 414, 21: 792, 22: 554, 23: 100, 24: 338, 25: 100, 26: 338, 27: 114, 28: 352, 29: 128, 30: 366, 31: 142, 32: 380, 33: 750, 34: 512, 35: 142, 36: 380, 37: 680, 38: 442, 39: 792, 40: 554, 41: 778, 42: 540, 43: 100, 44: 338, 45: 72, 46: 310, 47: 708, 48: 470, 49: 722, 50: 484, 51: 666, 52: 428, 53: 142, 54: 380, 55: 708, 56: 470, 57: 666, 58: 428, 59: 142, 60: 380, 61: 708, 62: 470, 63: 30, 64: 268, 65: 58, 66: 296, 67: 652, 68: 414, 69: 44, 70: 282, 71: 44, 72: 282, 73: 156, 74: 394, 75: 72, 76: 310, 77: 58, 78: 296, 79: 30, 80: 268, 81: 100, 82: 338, 83: 44, 84: 282, 85: 764, 86: 526, 87: 736, 88: 498, 89: 680, 90: 442, 91: 16, 92: 254, 93: 736, 94: 498, 95: 170, 96: 408, 97: 764, 98: 526, 99: 750, 100: 512, 101: 736, 102: 498, 103: 156, 104: 394, 105: 708, 106: 470, 107: 114, 108: 352, 109: 44, 110: 282, 111: 764, 112: 526, 113: 736, 114: 498, 115: 86, 116: 324, 117: 156, 118: 394, 119: 722, 120: 484, 121: 16, 122: 254, 123: 30, 124: 268, 125: 142, 126: 380, 127: 86, 128: 324, 129: 128, 130: 366, 131: 44, 132: 282, 133: 708, 134: 470, 135: 44, 136: 282, 137: 16, 138: 254, 139: 114, 140: 352, 141: 114, 142: 352, 143: 694, 144: 456, 145: 58, 146: 296, 147: 86, 148: 324, 149: 666, 150: 428, 151: 750, 152: 512, 153: 16, 154: 254, 155: 666, 156: 428, 157: 16, 158: 254, 159: 694, 160: 456, 161: 86, 162: 324, 163: 16, 164: 254, 165: 666, 166: 428, 167: 736, 168: 498, 169: 142, 170: 380, 171: 30, 172: 268, 173: 750, 174: 512, 175: 100, 176: 338, 177: 708, 178: 470, 179: 680, 180: 442, 181: 666, 182: 428, 183: 114, 184: 352, 185: 554, 186: 792, 187: 58, 188: 296, 189: 722, 190: 484, 191: 736, 192: 498, 193: 72, 194: 310, 195: 708, 196: 470, 197: 30, 198: 268, 199: 680, 200: 442}
Number of lables used:  46
Total time: 0.65 seconds
Memory used: 83.51 MB
--------------------------------------------------

Trying with at most 45 labels...
Solution:
{1: 44, 2: 282, 3: 44, 4: 282, 5: 86, 6: 324, 7: 58, 8: 296, 9: 666, 10: 428, 11: 652, 12: 414, 13: 86, 14: 324, 15: 72, 16: 310, 17: 114, 18: 352, 19: 652, 20: 414, 21: 792, 22: 554, 23: 114, 24: 352, 25: 44, 26: 282, 27: 128, 28: 366, 29: 142, 30: 380, 31: 86, 32: 324, 33: 722, 34: 484, 35: 142, 36: 380, 37: 708, 38: 470, 39: 792, 40: 554, 41: 750, 42: 512, 43: 86, 44: 324, 45: 722, 46: 484, 47: 680, 48: 442, 49: 58, 50: 296, 51: 30, 52: 268, 53: 86, 54: 324, 55: 750, 56: 512, 57: 722, 58: 484, 59: 680, 60: 442, 61: 694, 62: 456, 63: 764, 64: 526, 65: 652, 66: 414, 67: 30, 68: 268, 69: 722, 70: 484, 71: 142, 72: 380, 73: 30, 74: 268, 75: 72, 76: 310, 77: 708, 78: 470, 79: 44, 80: 282, 81: 44, 82: 282, 83: 750, 84: 512, 85: 736, 86: 498, 87: 16, 88: 254, 89: 30, 90: 268, 91: 16, 92: 254, 93: 680, 94: 442, 95: 142, 96: 380, 97: 736, 98: 498, 99: 764, 100: 526, 101: 44, 102: 282, 103: 156, 104: 394, 105: 680, 106: 442, 107: 666, 108: 428, 109: 142, 110: 380, 111: 30, 112: 268, 113: 16, 114: 254, 115: 750, 116: 512, 117: 100, 118: 338, 119: 666, 120: 428, 121: 44, 122: 282, 123: 750, 124: 512, 125: 156, 126: 394, 127: 722, 128: 484, 129: 114, 130: 352, 131: 652, 132: 414, 133: 680, 134: 442, 135: 72, 136: 310, 137: 114, 138: 352, 139: 86, 140: 324, 141: 58, 142: 296, 143: 736, 144: 498, 145: 30, 146: 268, 147: 86, 148: 324, 149: 142, 150: 380, 151: 44, 152: 282, 153: 694, 154: 456, 155: 708, 156: 470, 157: 764, 158: 526, 159: 694, 160: 456, 161: 72, 162: 310, 163: 680, 164: 442, 165: 86, 166: 324, 167: 764, 168: 526, 169: 652, 170: 414, 171: 128, 172: 366, 173: 58, 174: 296, 175: 114, 176: 352, 177: 750, 178: 512, 179: 72, 180: 310, 181: 128, 182: 366, 183: 666, 184: 428, 185: 142, 186: 380, 187: 58, 188: 296, 189: 750, 190: 512, 191: 792, 192: 554, 193: 16, 194: 254, 195: 764, 196: 526, 197: 44, 198: 282, 199: 680, 200: 442}
Number of lables used:  42
Total time: 0.76 seconds
--------------------------------------------------

Trying with at most 41 labels...
Solution:
{1: 30, 2: 268, 3: 30, 4: 268, 5: 652, 6: 414, 7: 30, 8: 268, 9: 30, 10: 268, 11: 652, 12: 414, 13: 736, 14: 498, 15: 16, 16: 254, 17: 680, 18: 442, 19: 736, 20: 498, 21: 30, 22: 268, 23: 16, 24: 254, 25: 30, 26: 268, 27: 30, 28: 268, 29: 680, 30: 442, 31: 142, 32: 380, 33: 750, 34: 512, 35: 652, 36: 414, 37: 100, 38: 338, 39: 16, 40: 254, 41: 778, 42: 540, 43: 708, 44: 470, 45: 736, 46: 498, 47: 708, 48: 470, 49: 778, 50: 540, 51: 666, 52: 428, 53: 72, 54: 310, 55: 44, 56: 282, 57: 708, 58: 470, 59: 114, 60: 352, 61: 44, 62: 282, 63: 778, 64: 540, 65: 736, 66: 498, 67: 30, 68: 268, 69: 764, 70: 526, 71: 44, 72: 282, 73: 44, 74: 282, 75: 16, 76: 254, 77: 750, 78: 512, 79: 778, 80: 540, 81: 100, 82: 338, 83: 764, 84: 526, 85: 778, 86: 540, 87: 16, 88: 254, 89: 722, 90: 484, 91: 778, 92: 540, 93: 764, 94: 526, 95: 142, 96: 380, 97: 764, 98: 526, 99: 44, 100: 282, 101: 16, 102: 254, 103: 100, 104: 338, 105: 708, 106: 470, 107: 58, 108: 296, 109: 142, 110: 380, 111: 792, 112: 554, 113: 778, 114: 540, 115: 58, 116: 296, 117: 792, 118: 554, 119: 750, 120: 512, 121: 680, 122: 442, 123: 778, 124: 540, 125: 100, 126: 338, 127: 722, 128: 484, 129: 72, 130: 310, 131: 666, 132: 428, 133: 722, 134: 484, 135: 652, 136: 414, 137: 16, 138: 254, 139: 86, 140: 324, 141: 114, 142: 352, 143: 58, 144: 296, 145: 30, 146: 268, 147: 30, 148: 268, 149: 86, 150: 324, 151: 750, 152: 512, 153: 778, 154: 540, 155: 722, 156: 484, 157: 778, 158: 540, 159: 736, 160: 498, 161: 722, 162: 484, 163: 694, 164: 456, 165: 708, 166: 470, 167: 778, 168: 540, 169: 86, 170: 324, 171: 666, 172: 428, 173: 750, 174: 512, 175: 58, 176: 296, 177: 44, 178: 282, 179: 72, 180: 310, 181: 72, 182: 310, 183: 708, 184: 470, 185: 652, 186: 414, 187: 736, 188: 498, 189: 764, 190: 526, 191: 778, 192: 540, 193: 72, 194: 310, 195: 750, 196: 512, 197: 666, 198: 428, 199: 764, 200: 526}
Number of lables used:  40
Total time: 0.78 seconds
Memory used: 119.45 MB
--------------------------------------------------

Trying with at most 39 labels...
Solution:
{1: 44, 2: 282, 3: 86, 4: 324, 5: 86, 6: 324, 7: 72, 8: 310, 9: 268, 10: 30, 11: 72, 12: 310, 13: 750, 14: 512, 15: 16, 16: 254, 17: 652, 18: 414, 19: 652, 20: 414, 21: 792, 22: 554, 23: 16, 24: 254, 25: 128, 26: 366, 27: 30, 28: 268, 29: 694, 30: 456, 31: 58, 32: 296, 33: 764, 34: 526, 35: 142, 36: 380, 37: 722, 38: 484, 39: 16, 40: 254, 41: 792, 42: 554, 43: 708, 44: 470, 45: 736, 46: 498, 47: 680, 48: 442, 49: 750, 50: 512, 51: 72, 52: 310, 53: 652, 54: 414, 55: 736, 56: 498, 57: 722, 58: 484, 59: 142, 60: 380, 61: 708, 62: 470, 63: 778, 64: 540, 65: 736, 66: 498, 67: 694, 68: 456, 69: 778, 70: 540, 71: 666, 72: 428, 73: 44, 74: 282, 75: 736, 76: 498, 77: 764, 78: 526, 79: 792, 80: 554, 81: 722, 82: 484, 83: 764, 84: 526, 85: 792, 86: 554, 87: 778, 88: 540, 89: 736, 90: 498, 91: 16, 92: 254, 93: 58, 94: 296, 95: 142, 96: 380, 97: 778, 98: 540, 99: 764, 100: 526, 101: 764, 102: 526, 103: 652, 104: 414, 105: 722, 106: 484, 107: 30, 108: 268, 109: 652, 110: 414, 111: 778, 112: 540, 113: 792, 114: 554, 115: 58, 116: 296, 117: 666, 118: 428, 119: 72, 120: 310, 121: 680, 122: 442, 123: 778, 124: 540, 125: 652, 126: 414, 127: 736, 128: 498, 129: 44, 130: 282, 131: 86, 132: 324, 133: 736, 134: 498, 135: 30, 136: 268, 137: 58, 138: 296, 139: 86, 140: 324, 141: 30, 142: 268, 143: 16, 144: 254, 145: 778, 146: 540, 147: 722, 148: 484, 149: 58, 150: 296, 151: 722, 152: 484, 153: 44, 154: 282, 155: 694, 156: 456, 157: 778, 158: 540, 159: 750, 160: 512, 161: 722, 162: 484, 163: 680, 164: 442, 165: 722, 166: 484, 167: 778, 168: 540, 169: 16, 170: 254, 171: 72, 172: 310, 173: 750, 174: 512, 175: 30, 176: 268, 177: 750, 178: 512, 179: 722, 180: 484, 181: 680, 182: 442, 183: 30, 184: 268, 185: 652, 186: 414, 187: 708, 188: 470, 189: 764, 190: 526, 191: 142, 192: 380, 193: 750, 194: 512, 195: 764, 196: 526, 197: 58, 198: 296, 199: 680, 200: 442}
Number of lables used:  38
Total time: 0.85 seconds
Memory used: 119.36 MB
--------------------------------------------------

Trying with at most 37 labels...
Solution:
{1: 652, 2: 414, 3: 86, 4: 324, 5: 16, 6: 254, 7: 72, 8: 310, 9: 268, 10: 30, 11: 72, 12: 310, 13: 750, 14: 512, 15: 58, 16: 296, 17: 652, 18: 414, 19: 694, 20: 456, 21: 792, 22: 554, 23: 16, 24: 254, 25: 128, 26: 366, 27: 30, 28: 268, 29: 694, 30: 456, 31: 58, 32: 296, 33: 764, 34: 526, 35: 142, 36: 380, 37: 722, 38: 484, 39: 16, 40: 254, 41: 792, 42: 554, 43: 708, 44: 470, 45: 736, 46: 498, 47: 680, 48: 442, 49: 750, 50: 512, 51: 72, 52: 310, 53: 652, 54: 414, 55: 736, 56: 498, 57: 722, 58: 484, 59: 142, 60: 380, 61: 708, 62: 470, 63: 778, 64: 540, 65: 736, 66: 498, 67: 694, 68: 456, 69: 778, 70: 540, 71: 666, 72: 428, 73: 30, 74: 268, 75: 736, 76: 498, 77: 764, 78: 526, 79: 792, 80: 554, 81: 722, 82: 484, 83: 764, 84: 526, 85: 792, 86: 554, 87: 778, 88: 540, 89: 736, 90: 498, 91: 16, 92: 254, 93: 58, 94: 296, 95: 142, 96: 380, 97: 778, 98: 540, 99: 764, 100: 526, 101: 764, 102: 526, 103: 652, 104: 414, 105: 722, 106: 484, 107: 30, 108: 268, 109: 652, 110: 414, 111: 778, 112: 540, 113: 792, 114: 554, 115: 58, 116: 296, 117: 666, 118: 428, 119: 72, 120: 310, 121: 680, 122: 442, 123: 778, 124: 540, 125: 652, 126: 414, 127: 736, 128: 498, 129: 680, 130: 442, 131: 86, 132: 324, 133: 736, 134: 498, 135: 30, 136: 268, 137: 58, 138: 296, 139: 86, 140: 324, 141: 30, 142: 268, 143: 16, 144: 254, 145: 778, 146: 540, 147: 722, 148: 484, 149: 58, 150: 296, 151: 722, 152: 484, 153: 778, 154: 540, 155: 694, 156: 456, 157: 778, 158: 540, 159: 750, 160: 512, 161: 722, 162: 484, 163: 680, 164: 442, 165: 722, 166: 484, 167: 778, 168: 540, 169: 16, 170: 254, 171: 72, 172: 310, 173: 750, 174: 512, 175: 30, 176: 268, 177: 750, 178: 512, 179: 722, 180: 484, 181: 680, 182: 442, 183: 30, 184: 268, 185: 652, 186: 414, 187: 708, 188: 470, 189: 764, 190: 526, 191: 142, 192: 380, 193: 750, 194: 512, 195: 764, 196: 526, 197: 58, 198: 296, 199: 722, 200: 484}
Number of lables used:  36
Total time: 0.85 seconds
Memory used: 119.36 MB
--------------------------------------------------

Trying with at most 35 labels...
Solution:
{1: 30, 2: 268, 3: 114, 4: 352, 5: 652, 6: 414, 7: 652, 8: 414, 9: 30, 10: 268, 11: 652, 12: 414, 13: 736, 14: 498, 15: 16, 16: 254, 17: 114, 18: 352, 19: 736, 20: 498, 21: 30, 22: 268, 23: 114, 24: 352, 25: 114, 26: 352, 27: 694, 28: 456, 29: 142, 30: 380, 31: 142, 32: 380, 33: 750, 34: 512, 35: 652, 36: 414, 37: 100, 38: 338, 39: 16, 40: 254, 41: 778, 42: 540, 43: 708, 44: 470, 45: 30, 46: 268, 47: 708, 48: 470, 49: 30, 50: 268, 51: 100, 52: 338, 53: 652, 54: 414, 55: 764, 56: 526, 57: 708, 58: 470, 59: 694, 60: 456, 61: 722, 62: 484, 63: 778, 64: 540, 65: 736, 66: 498, 67: 694, 68: 456, 69: 764, 70: 526, 71: 652, 72: 414, 73: 652, 74: 414, 75: 16, 76: 254, 77: 750, 78: 512, 79: 778, 80: 540, 81: 100, 82: 338, 83: 764, 84: 526, 85: 778, 86: 540, 87: 792, 88: 554, 89: 722, 90: 484, 91: 16, 92: 254, 93: 764, 94: 526, 95: 142, 96: 380, 97: 764, 98: 526, 99: 750, 100: 512, 101: 792, 102: 554, 103: 100, 104: 338, 105: 708, 106: 470, 107: 58, 108: 296, 109: 142, 110: 380, 111: 792, 112: 554, 113: 778, 114: 540, 115: 736, 116: 498, 117: 792, 118: 554, 119: 750, 120: 512, 121: 142, 122: 380, 123: 778, 124: 540, 125: 114, 126: 352, 127: 722, 128: 484, 129: 72, 130: 310, 131: 142, 132: 380, 133: 722, 134: 484, 135: 652, 136: 414, 137: 114, 138: 352, 139: 86, 140: 324, 141: 114, 142: 352, 143: 58, 144: 296, 145: 30, 146: 268, 147: 30, 148: 268, 149: 100, 150: 338, 151: 750, 152: 512, 153: 30, 154: 268, 155: 722, 156: 484, 157: 792, 158: 554, 159: 736, 160: 498, 161: 30, 162: 268, 163: 694, 164: 456, 165: 708, 166: 470, 167: 778, 168: 540, 169: 86, 170: 324, 171: 142, 172: 380, 173: 764, 174: 526, 175: 708, 176: 470, 177: 764, 178: 526, 179: 72, 180: 310, 181: 72, 182: 310, 183: 694, 184: 456, 185: 652, 186: 414, 187: 736, 188: 498, 189: 764, 190: 526, 191: 778, 192: 540, 193: 72, 194: 310, 195: 750, 196: 512, 197: 30, 198: 268, 199: 764, 200: 526}
Number of lables used:  34
Total time: 0.88 seconds
Memory used: 119.42 MB
--------------------------------------------------

Trying with at most 33 labels...
Solution:
{1: 30, 2: 268, 3: 652, 4: 414, 5: 652, 6: 414, 7: 44, 8: 282, 9: 142, 10: 380, 11: 156, 12: 394, 13: 736, 14: 498, 15: 128, 16: 366, 17: 680, 18: 442, 19: 736, 20: 498, 21: 30, 22: 268, 23: 100, 24: 338, 25: 694, 26: 456, 27: 736, 28: 498, 29: 128, 30: 366, 31: 142, 32: 380, 33: 736, 34: 498, 35: 142, 36: 380, 37: 156, 38: 394, 39: 16, 40: 254, 41: 764, 42: 526, 43: 44, 44: 282, 45: 736, 46: 498, 47: 86, 48: 324, 49: 30, 50: 268, 51: 142, 52: 380, 53: 156, 54: 394, 55: 764, 56: 526, 57: 86, 58: 324, 59: 694, 60: 456, 61: 86, 62: 324, 63: 778, 64: 540, 65: 72, 66: 310, 67: 694, 68: 456, 69: 44, 70: 282, 71: 100, 72: 338, 73: 680, 74: 442, 75: 736, 76: 498, 77: 778, 78: 540, 79: 30, 80: 268, 81: 100, 82: 338, 83: 30, 84: 268, 85: 30, 86: 268, 87: 778, 88: 540, 89: 750, 90: 512, 91: 16, 92: 254, 93: 44, 94: 282, 95: 142, 96: 380, 97: 750, 98: 512, 99: 778, 100: 540, 101: 16, 102: 254, 103: 100, 104: 338, 105: 694, 106: 456, 107: 694, 108: 456, 109: 100, 110: 338, 111: 778, 112: 540, 113: 778, 114: 540, 115: 764, 116: 526, 117: 652, 118: 414, 119: 750, 120: 512, 121: 680, 122: 442, 123: 778, 124: 540, 125: 142, 126: 380, 127: 764, 128: 526, 129: 72, 130: 310, 131: 142, 132: 380, 133: 750, 134: 512, 135: 652, 136: 414, 137: 680, 138: 442, 139: 86, 140: 324, 141: 694, 142: 456, 143: 736, 144: 498, 145: 30, 146: 268, 147: 30, 148: 268, 149: 128, 150: 366, 151: 750, 152: 512, 153: 30, 154: 268, 155: 86, 156: 324, 157: 16, 158: 254, 159: 16, 160: 254, 161: 30, 162: 268, 163: 680, 164: 442, 165: 44, 166: 282, 167: 778, 168: 540, 169: 86, 170: 324, 171: 86, 172: 324, 173: 764, 174: 526, 175: 100, 176: 338, 177: 750, 178: 512, 179: 30, 180: 268, 181: 680, 182: 442, 183: 86, 184: 324, 185: 652, 186: 414, 187: 736, 188: 498, 189: 764, 190: 526, 191: 16, 192: 254, 193: 736, 194: 498, 195: 778, 196: 540, 197: 30, 198: 268, 199: 764, 200: 526}
Number of lables used:  32
Total time: 1.07 seconds
Memory used: 113.76 MB
--------------------------------------------------

Trying with at most 31 labels...
Solution:
{1: 708, 2: 470, 3: 708, 4: 470, 5: 114, 6: 352, 7: 666, 8: 428, 9: 156, 10: 394, 11: 156, 12: 394, 13: 72, 14: 310, 15: 142, 16: 380, 17: 114, 18: 352, 19: 30, 20: 268, 21: 30, 22: 268, 23: 100, 24: 338, 25: 708, 26: 470, 27: 708, 28: 470, 29: 694, 30: 456, 31: 142, 32: 380, 33: 764, 34: 526, 35: 142, 36: 380, 37: 72, 38: 310, 39: 16, 40: 254, 41: 792, 42: 554, 43: 722, 44: 484, 45: 114, 46: 352, 47: 86, 48: 324, 49: 30, 50: 268, 51: 722, 52: 484, 53: 114, 54: 352, 55: 764, 56: 526, 57: 708, 58: 470, 59: 114, 60: 352, 61: 722, 62: 484, 63: 72, 64: 310, 65: 30, 66: 268, 67: 708, 68: 470, 69: 778, 70: 540, 71: 666, 72: 428, 73: 666, 74: 428, 75: 16, 76: 254, 77: 764, 78: 526, 79: 792, 80: 554, 81: 100, 82: 338, 83: 86, 84: 324, 85: 792, 86: 554, 87: 792, 88: 554, 89: 86, 90: 324, 91: 16, 92: 254, 93: 778, 94: 540, 95: 142, 96: 380, 97: 778, 98: 540, 99: 778, 100: 540, 101: 792, 102: 554, 103: 100, 104: 338, 105: 722, 106: 484, 107: 708, 108: 470, 109: 666, 110: 428, 111: 792, 112: 554, 113: 16, 114: 254, 115: 764, 116: 526, 117: 666, 118: 428, 119: 764, 120: 526, 121: 694, 122: 456, 123: 792, 124: 554, 125: 666, 126: 428, 127: 86, 128: 324, 129: 72, 130: 310, 131: 142, 132: 380, 133: 100, 134: 338, 135: 142, 136: 380, 137: 114, 138: 352, 139: 86, 140: 324, 141: 114, 142: 352, 143: 86, 144: 324, 145: 30, 146: 268, 147: 30, 148: 268, 149: 114, 150: 352, 151: 722, 152: 484, 153: 792, 154: 554, 155: 722, 156: 484, 157: 792, 158: 554, 159: 792, 160: 554, 161: 30, 162: 268, 163: 694, 164: 456, 165: 722, 166: 484, 167: 792, 168: 554, 169: 86, 170: 324, 171: 142, 172: 380, 173: 764, 174: 526, 175: 708, 176: 470, 177: 72, 178: 310, 179: 100, 180: 338, 181: 72, 182: 310, 183: 764, 184: 526, 185: 666, 186: 428, 187: 708, 188: 470, 189: 778, 190: 540, 191: 30, 192: 268, 193: 72, 194: 310, 195: 778, 196: 540, 197: 30, 198: 268, 199: 778, 200: 540}
Number of lables used:  30
Total time: 1.12 seconds
Memory used: 113.76 MB
--------------------------------------------------

Trying with at most 29 labels...
Solution:
{1: 72, 2: 310, 3: 708, 4: 470, 5: 114, 6: 352, 7: 142, 8: 380, 9: 666, 10: 428, 11: 722, 12: 484, 13: 100, 14: 338, 15: 156, 16: 394, 17: 114, 18: 352, 19: 30, 20: 268, 21: 792, 22: 554, 23: 100, 24: 338, 25: 142, 26: 380, 27: 764, 28: 526, 29: 128, 30: 366, 31: 30, 32: 268, 33: 764, 34: 526, 35: 142, 36: 380, 37: 72, 38: 310, 39: 16, 40: 254, 41: 16, 42: 254, 43: 764, 44: 526, 45: 792, 46: 554, 47: 764, 48: 526, 49: 30, 50: 268, 51: 722, 52: 484, 53: 666, 54: 428, 55: 722, 56: 484, 57: 722, 58: 484, 59: 114, 60: 352, 61: 764, 62: 526, 63: 72, 64: 310, 65: 100, 66: 338, 67: 100, 68: 338, 69: 72, 70: 310, 71: 156, 72: 394, 73: 666, 74: 428, 75: 792, 76: 554, 77: 764, 78: 526, 79: 30, 80: 268, 81: 722, 82: 484, 83: 100, 84: 338, 85: 792, 86: 554, 87: 16, 88: 254, 89: 44, 90: 282, 91: 16, 92: 254, 93: 72, 94: 310, 95: 142, 96: 380, 97: 30, 98: 268, 99: 44, 100: 282, 101: 16, 102: 254, 103: 142, 104: 380, 105: 708, 106: 470, 107: 100, 108: 338, 109: 142, 110: 380, 111: 16, 112: 254, 113: 30, 114: 268, 115: 792, 116: 554, 117: 666, 118: 428, 119: 764, 120: 526, 121: 792, 122: 554, 123: 16, 124: 254, 125: 708, 126: 470, 127: 792, 128: 554, 129: 114, 130: 352, 131: 142, 132: 380, 133: 114, 134: 352, 135: 142, 136: 380, 137: 792, 138: 554, 139: 764, 140: 526, 141: 708, 142: 470, 143: 764, 144: 526, 145: 30, 146: 268, 147: 72, 148: 310, 149: 722, 150: 484, 151: 44, 152: 282, 153: 792, 154: 554, 155: 764, 156: 526, 157: 16, 158: 254, 159: 72, 160: 310, 161: 72, 162: 310, 163: 114, 164: 352, 165: 100, 166: 338, 167: 16, 168: 254, 169: 722, 170: 484, 171: 142, 172: 380, 173: 44, 174: 282, 175: 100, 176: 338, 177: 44, 178: 282, 179: 72, 180: 310, 181: 114, 182: 352, 183: 764, 184: 526, 185: 708, 186: 470, 187: 708, 188: 470, 189: 30, 190: 268, 191: 792, 192: 554, 193: 100, 194: 338, 195: 764, 196: 526, 197: 128, 198: 366, 199: 722, 200: 484}
Number of lables used:  28
Total time: 1.86 seconds
Memory used: 152.45 MB
--------------------------------------------------

Trying with at most 27 labels...
Solution:
{1: 750, 2: 512, 3: 666, 4: 428, 5: 142, 6: 380, 7: 142, 8: 380, 9: 142, 10: 380, 11: 142, 12: 380, 13: 778, 14: 540, 15: 114, 16: 352, 17: 142, 18: 380, 19: 792, 20: 554, 21: 792, 22: 554, 23: 86, 24: 324, 25: 142, 26: 380, 27: 750, 28: 512, 29: 114, 30: 352, 31: 114, 32: 352, 33: 44, 34: 282, 35: 666, 36: 428, 37: 722, 38: 484, 39: 792, 40: 554, 41: 16, 42: 254, 43: 722, 44: 484, 45: 750, 46: 512, 47: 722, 48: 484, 49: 778, 50: 540, 51: 142, 52: 380, 53: 666, 54: 428, 55: 764, 56: 526, 57: 86, 58: 324, 59: 694, 60: 456, 61: 722, 62: 484, 63: 792, 64: 554, 65: 750, 66: 512, 67: 792, 68: 554, 69: 30, 70: 268, 71: 694, 72: 456, 73: 142, 74: 380, 75: 750, 76: 512, 77: 778, 78: 540, 79: 16, 80: 254, 81: 722, 82: 484, 83: 778, 84: 540, 85: 16, 86: 254, 87: 16, 88: 254, 89: 792, 90: 554, 91: 44, 92: 282, 93: 778, 94: 540, 95: 142, 96: 380, 97: 30, 98: 268, 99: 44, 100: 282, 101: 792, 102: 554, 103: 666, 104: 428, 105: 764, 106: 526, 107: 114, 108: 352, 109: 142, 110: 380, 111: 792, 112: 554, 113: 16, 114: 254, 115: 750, 116: 512, 117: 666, 118: 428, 119: 764, 120: 526, 121: 114, 122: 352, 123: 792, 124: 554, 125: 666, 126: 428, 127: 778, 128: 540, 129: 694, 130: 456, 131: 142, 132: 380, 133: 750, 134: 512, 135: 142, 136: 380, 137: 114, 138: 352, 139: 722, 140: 484, 141: 30, 142: 268, 143: 792, 144: 554, 145: 30, 146: 268, 147: 86, 148: 324, 149: 142, 150: 380, 151: 764, 152: 526, 153: 792, 154: 554, 155: 722, 156: 484, 157: 30, 158: 268, 159: 778, 160: 540, 161: 86, 162: 324, 163: 114, 164: 352, 165: 750, 166: 512, 167: 16, 168: 254, 169: 142, 170: 380, 171: 142, 172: 380, 173: 764, 174: 526, 175: 114, 176: 352, 177: 44, 178: 282, 179: 778, 180: 540, 181: 694, 182: 456, 183: 722, 184: 484, 185: 666, 186: 428, 187: 86, 188: 324, 189: 30, 190: 268, 191: 16, 192: 254, 193: 750, 194: 512, 195: 44, 196: 282, 197: 722, 198: 484, 199: 30, 200: 268}
Number of lables used:  26
Total time: 2.31 seconds
Memory used: 152.45 MB
--------------------------------------------------

Trying with at most 25 labels...
Solution:
{1: 100, 2: 338, 3: 142, 4: 380, 5: 142, 6: 380, 7: 142, 8: 380, 9: 142, 10: 380, 11: 142, 12: 380, 13: 722, 14: 484, 15: 114, 16: 352, 17: 114, 18: 352, 19: 722, 20: 484, 21: 792, 22: 554, 23: 86, 24: 324, 25: 100, 26: 338, 27: 100, 28: 338, 29: 114, 30: 352, 31: 128, 32: 366, 33: 750, 34: 512, 35: 142, 36: 380, 37: 792, 38: 554, 39: 16, 40: 254, 41: 16, 42: 254, 43: 86, 44: 324, 45: 792, 46: 554, 47: 86, 48: 324, 49: 30, 50: 268, 51: 128, 52: 366, 53: 142, 54: 380, 55: 722, 56: 484, 57: 86, 58: 324, 59: 792, 60: 554, 61: 86, 62: 324, 63: 750, 64: 512, 65: 722, 66: 484, 67: 100, 68: 338, 69: 30, 70: 268, 71: 142, 72: 380, 73: 142, 74: 380, 75: 736, 76: 498, 77: 750, 78: 512, 79: 16, 80: 254, 81: 722, 82: 484, 83: 30, 84: 268, 85: 16, 86: 254, 87: 16, 88: 254, 89: 792, 90: 554, 91: 16, 92: 254, 93: 750, 94: 512, 95: 142, 96: 380, 97: 30, 98: 268, 99: 736, 100: 498, 101: 16, 102: 254, 103: 142, 104: 380, 105: 86, 106: 324, 107: 100, 108: 338, 109: 142, 110: 380, 111: 16, 112: 254, 113: 16, 114: 254, 115: 722, 116: 484, 117: 142, 118: 380, 119: 44, 120: 282, 121: 114, 122: 352, 123: 16, 124: 254, 125: 792, 126: 554, 127: 750, 128: 512, 129: 750, 130: 512, 131: 142, 132: 380, 133: 722, 134: 484, 135: 142, 136: 380, 137: 736, 138: 498, 139: 86, 140: 324, 141: 100, 142: 338, 143: 750, 144: 512, 145: 30, 146: 268, 147: 722, 148: 484, 149: 128, 150: 366, 151: 44, 152: 282, 153: 16, 154: 254, 155: 86, 156: 324, 157: 16, 158: 254, 159: 792, 160: 554, 161: 792, 162: 554, 163: 114, 164: 352, 165: 86, 166: 324, 167: 16, 168: 254, 169: 128, 170: 366, 171: 128, 172: 366, 173: 44, 174: 282, 175: 100, 176: 338, 177: 44, 178: 282, 179: 736, 180: 498, 181: 114, 182: 352, 183: 86, 184: 324, 185: 142, 186: 380, 187: 722, 188: 484, 189: 750, 190: 512, 191: 16, 192: 254, 193: 750, 194: 512, 195: 44, 196: 282, 197: 128, 198: 366, 199: 750, 200: 512}
Number of lables used:  24
Total time: 2.79 seconds
Memory used: 152.48 MB
--------------------------------------------------

Trying with at most 23 labels...
Solution:
{1: 72, 2: 310, 3: 142, 4: 380, 5: 114, 6: 352, 7: 142, 8: 380, 9: 142, 10: 380, 11: 142, 12: 380, 13: 736, 14: 498, 15: 114, 16: 352, 17: 114, 18: 352, 19: 30, 20: 268, 21: 16, 22: 254, 23: 86, 24: 324, 25: 694, 26: 456, 27: 100, 28: 338, 29: 694, 30: 456, 31: 128, 32: 366, 33: 44, 34: 282, 35: 142, 36: 380, 37: 72, 38: 310, 39: 16, 40: 254, 41: 16, 42: 254, 43: 86, 44: 324, 45: 736, 46: 498, 47: 86, 48: 324, 49: 30, 50: 268, 51: 128, 52: 366, 53: 142, 54: 380, 55: 44, 56: 282, 57: 86, 58: 324, 59: 736, 60: 498, 61: 86, 62: 324, 63: 16, 64: 254, 65: 736, 66: 498, 67: 100, 68: 338, 69: 30, 70: 268, 71: 142, 72: 380, 73: 142, 74: 380, 75: 736, 76: 498, 77: 44, 78: 282, 79: 16, 80: 254, 81: 86, 82: 324, 83: 30, 84: 268, 85: 16, 86: 254, 87: 16, 88: 254, 89: 72, 90: 310, 91: 16, 92: 254, 93: 30, 94: 268, 95: 142, 96: 380, 97: 30, 98: 268, 99: 44, 100: 282, 101: 16, 102: 254, 103: 142, 104: 380, 105: 694, 106: 456, 107: 100, 108: 338, 109: 142, 110: 380, 111: 16, 112: 254, 113: 16, 114: 254, 115: 694, 116: 456, 117: 142, 118: 380, 119: 44, 120: 282, 121: 114, 122: 352, 123: 16, 124: 254, 125: 142, 126: 380, 127: 736, 128: 498, 129: 114, 130: 352, 131: 142, 132: 380, 133: 736, 134: 498, 135: 736, 136: 498, 137: 114, 138: 352, 139: 86, 140: 324, 141: 694, 142: 456, 143: 736, 144: 498, 145: 30, 146: 268, 147: 72, 148: 310, 149: 736, 150: 498, 151: 44, 152: 282, 153: 16, 154: 254, 155: 86, 156: 324, 157: 16, 158: 254, 159: 736, 160: 498, 161: 736, 162: 498, 163: 114, 164: 352, 165: 694, 166: 456, 167: 16, 168: 254, 169: 128, 170: 366, 171: 128, 172: 366, 173: 44, 174: 282, 175: 100, 176: 338, 177: 44, 178: 282, 179: 72, 180: 310, 181: 114, 182: 352, 183: 86, 184: 324, 185: 142, 186: 380, 187: 736, 188: 498, 189: 30, 190: 268, 191: 16, 192: 254, 193: 736, 194: 498, 195: 44, 196: 282, 197: 128, 198: 366, 199: 736, 200: 498}
Number of lables used:  22
Total time: 3.25 seconds
Memory used: 152.48 MB
--------------------------------------------------

Trying with at most 21 labels...
Solution:
{1: 764, 2: 526, 3: 142, 4: 380, 5: 142, 6: 380, 7: 142, 8: 380, 9: 142, 10: 380, 11: 142, 12: 380, 13: 58, 14: 296, 15: 114, 16: 352, 17: 114, 18: 352, 19: 58, 20: 296, 21: 792, 22: 554, 23: 86, 24: 324, 25: 708, 26: 470, 27: 708, 28: 470, 29: 114, 30: 352, 31: 128, 32: 366, 33: 736, 34: 498, 35: 142, 36: 380, 37: 736, 38: 498, 39: 792, 40: 554, 41: 764, 42: 526, 43: 86, 44: 324, 45: 58, 46: 296, 47: 86, 48: 324, 49: 30, 50: 268, 51: 128, 52: 366, 53: 142, 54: 380, 55: 764, 56: 526, 57: 86, 58: 324, 59: 114, 60: 352, 61: 86, 62: 324, 63: 792, 64: 554, 65: 58, 66: 296, 67: 708, 68: 470, 69: 30, 70: 268, 71: 142, 72: 380, 73: 142, 74: 380, 75: 58, 76: 296, 77: 764, 78: 526, 79: 792, 80: 554, 81: 86, 82: 324, 83: 736, 84: 498, 85: 792, 86: 554, 87: 792, 88: 554, 89: 736, 90: 498, 91: 792, 92: 554, 93: 30, 94: 268, 95: 142, 96: 380, 97: 30, 98: 268, 99: 736, 100: 498, 101: 792, 102: 554, 103: 142, 104: 380, 105: 86, 106: 324, 107: 708, 108: 470, 109: 142, 110: 380, 111: 792, 112: 554, 113: 792, 114: 554, 115: 58, 116: 296, 117: 142, 118: 380, 119: 764, 120: 526, 121: 114, 122: 352, 123: 792, 124: 554, 125: 142, 126: 380, 127: 736, 128: 498, 129: 114, 130: 352, 131: 142, 132: 380, 133: 736, 134: 498, 135: 142, 136: 380, 137: 114, 138: 352, 139: 86, 140: 324, 141: 708, 142: 470, 143: 58, 144: 296, 145: 30, 146: 268, 147: 736, 148: 498, 149: 128, 150: 366, 151: 736, 152: 498, 153: 792, 154: 554, 155: 86, 156: 324, 157: 792, 158: 554, 159: 58, 160: 296, 161: 736, 162: 498, 163: 114, 164: 352, 165: 86, 166: 324, 167: 792, 168: 554, 169: 128, 170: 366, 171: 128, 172: 366, 173: 764, 174: 526, 175: 708, 176: 470, 177: 764, 178: 526, 179: 736, 180: 498, 181: 114, 182: 352, 183: 86, 184: 324, 185: 142, 186: 380, 187: 58, 188: 296, 189: 30, 190: 268, 191: 792, 192: 554, 193: 58, 194: 296, 195: 764, 196: 526, 197: 128, 198: 366, 199: 30, 200: 268}
Number of lables used:  20
Total time: 3.36 seconds
Memory used: 152.48 MB
--------------------------------------------------

Trying with at most 19 labels...
[runlim] sample:		9.94 time, 10.01 real, 114 MB, 1.02 load
[runlim] sample:		19.94 time, 20.01 real, 154 MB, 1.02 load
Cannot find solution.
No more solutions found.
Optimal number of labels used:  20
Total time: 28.51 seconds
Memory used: 155.51 MB
[runlim] end:			Tue Mar 24 01:27:58 2026
[runlim] status:		ok
[runlim] result:		0
[runlim] children:		1
[runlim] processes:		2
[runlim] real:			28.56 seconds
[runlim] time:			28.43 seconds
[runlim] space:			173 MB
[runlim] load:			1.03 maximum
[runlim] samples:		286
