[runlim] version:		2.0.0rc12
[runlim] host:			ap-Precision-7550
[runlim] time limit:		311040000 seconds
[runlim] real time limit:	600 seconds
[runlim] space limit:		14000 MB
[runlim] argv[0]:		python3
[runlim] argv[1]:		-u
[runlim] argv[2]:		pairwise_no_preprocessing.py
[runlim] argv[3]:		scen08
[runlim] argv[4]:		nsc
[runlim] argv[5]:		assumptions
[runlim] argv[6]:		cadical195
[runlim] start:			Sat Jun 27 01:33:48 2026
[runlim] child:			17230
Exactly-one cardinality encoding:  1
Distance constraint mode:  pairwise
Distance cardinality encoding:  1
Objective strategy:  nsc
SAT type:  assumptions
Solver:  cadical195
Number of assignment variables:  36200
Number of clauses for exactly one constraints:  715136
Number of clauses for distance constraints:  3350219
---------------------------------------------------
Solve first problem:
Cannot find solution.
Time taken: 3.14 seconds 
Memory used: 430.28 MB
[runlim] end:			Sat Jun 27 01:33:52 2026
[runlim] status:		ok
[runlim] result:		0
[runlim] children:		1
[runlim] processes:		2
[runlim] real:			3.31 seconds
[runlim] time:			3.20 seconds
[runlim] space:			430 MB
[runlim] load:			1.00 maximum
[runlim] samples:		33
