[runlim] version:		2.0.0rc12
[runlim] host:			ap-Precision-7550
[runlim] time limit:		311040000 seconds
[runlim] real time limit:	600 seconds
[runlim] space limit:		14000 MB
[runlim] argv[0]:		python3
[runlim] argv[1]:		-u
[runlim] argv[2]:		pairwise_no_preprocessing.py
[runlim] argv[3]:		scen03
[runlim] argv[4]:		nsc
[runlim] argv[5]:		assumptions
[runlim] argv[6]:		cadical195
[runlim] start:			Sat Jun 27 00:20:21 2026
[runlim] child:			16994
Exactly-one cardinality encoding:  1
Distance constraint mode:  pairwise
Distance cardinality encoding:  1
Objective strategy:  nsc
SAT type:  assumptions
Solver:  cadical195
Number of assignment variables:  15892
Number of clauses for exactly one constraints:  313706
Number of clauses for distance constraints:  388941
---------------------------------------------------
Solve first problem:
Solution:
{13: 16, 14: 254, 15: 16, 16: 254, 23: 30, 24: 268, 49: 16, 50: 254, 51: 44, 52: 282, 53: 30, 54: 268, 67: 16, 68: 254, 69: 86, 70: 324, 79: 16, 80: 254, 81: 30, 82: 268, 83: 16, 84: 254, 85: 86, 86: 324, 103: 16, 104: 254, 105: 30, 106: 268, 117: 16, 118: 254, 119: 44, 120: 282, 127: 30, 128: 268, 129: 128, 130: 366, 143: 16, 144: 254, 145: 86, 146: 324, 151: 30, 152: 268, 153: 100, 154: 338, 155: 16, 156: 254, 157: 86, 158: 324, 179: 58, 180: 296, 181: 44, 182: 282, 183: 142, 184: 380, 191: 16, 192: 254, 193: 86, 194: 324, 205: 72, 206: 310, 209: 156, 210: 394, 211: 254, 212: 16, 213: 72, 214: 310, 215: 16, 216: 254, 217: 72, 218: 310, 233: 30, 234: 268, 235: 44, 236: 282, 237: 30, 238: 268, 261: 16, 262: 254, 263: 30, 264: 268, 265: 16, 266: 254, 267: 86, 268: 324, 269: 16, 270: 254, 271: 16, 272: 254, 273: 156, 274: 394, 275: 156, 276: 394, 277: 30, 278: 268, 281: 44, 282: 282, 283: 114, 284: 352, 285: 16, 286: 254, 287: 16, 288: 254, 289: 16, 290: 254, 291: 30, 292: 268, 293: 142, 294: 380, 295: 16, 296: 254, 299: 44, 300: 282, 301: 414, 302: 652, 303: 58, 304: 296, 305: 394, 306: 156, 307: 16, 308: 254, 309: 86, 310: 324, 311: 394, 312: 156, 313: 394, 314: 156, 321: 16, 322: 254, 323: 16, 324: 254, 325: 44, 326: 282, 327: 114, 328: 352, 329: 16, 330: 254, 339: 30, 340: 268, 341: 394, 342: 156, 343: 394, 344: 156, 345: 456, 346: 694, 347: 526, 348: 764, 349: 100, 350: 338, 351: 86, 352: 324, 355: 58, 356: 296, 357: 30, 358: 268, 359: 128, 360: 366, 361: 100, 362: 338, 363: 268, 364: 30, 365: 380, 366: 142, 367: 442, 368: 680, 369: 268, 370: 30, 371: 100, 372: 338, 375: 114, 376: 352, 377: 324, 378: 86, 383: 30, 384: 268, 387: 44, 388: 282, 397: 16, 398: 254, 401: 72, 402: 310, 405: 428, 406: 666, 435: 30, 436: 268, 439: 128, 440: 366, 449: 30, 450: 268, 471: 16, 472: 254, 475: 44, 476: 282, 477: 58, 478: 296, 481: 58, 482: 296, 491: 44, 492: 282, 493: 86, 494: 324, 495: 30, 496: 268, 517: 268, 518: 30, 519: 30, 520: 268, 525: 30, 526: 268, 533: 44, 534: 282, 535: 16, 536: 254, 547: 16, 548: 254, 555: 282, 556: 44, 557: 30, 558: 268, 559: 268, 560: 30, 561: 128, 562: 366, 563: 128, 564: 366, 565: 100, 566: 338, 573: 30, 574: 268, 575: 30, 576: 268, 577: 16, 578: 254, 579: 16, 580: 254, 581: 16, 582: 254, 583: 296, 584: 58, 585: 30, 586: 268, 587: 86, 588: 324, 589: 16, 590: 254, 591: 428, 592: 666, 593: 44, 594: 282, 595: 86, 596: 324, 597: 100, 598: 338, 599: 44, 600: 282, 601: 428, 602: 666, 603: 44, 604: 282, 605: 30, 606: 268, 607: 128, 608: 366, 613: 428, 614: 666, 615: 44, 616: 282, 617: 100, 618: 338, 619: 428, 620: 666, 621: 114, 622: 352, 623: 30, 624: 268, 625: 338, 626: 100, 629: 72, 630: 310, 631: 114, 632: 352, 633: 338, 634: 100, 635: 380, 636: 142, 637: 16, 638: 254, 639: 100, 640: 338, 641: 114, 642: 352, 643: 456, 644: 694, 645: 30, 646: 268, 651: 156, 652: 394, 653: 30, 654: 268, 661: 72, 662: 310, 663: 16, 664: 254, 665: 324, 666: 86, 667: 526, 668: 764, 671: 16, 672: 254, 713: 30, 714: 268, 715: 86, 716: 324, 717: 484, 718: 722, 719: 156, 720: 394, 721: 86, 722: 324, 723: 86, 724: 324, 725: 156, 726: 394, 727: 156, 728: 394, 733: 114, 734: 352, 741: 254, 742: 16, 743: 58, 744: 296, 745: 114, 746: 352, 747: 128, 748: 366, 757: 100, 758: 338, 759: 352, 760: 114, 763: 366, 764: 128, 765: 268, 766: 30, 767: 156, 768: 394, 769: 268, 770: 30, 771: 30, 772: 268, 773: 86, 774: 324, 783: 128, 784: 366, 785: 16, 786: 254, 787: 310, 788: 72, 789: 30, 790: 268, 791: 100, 792: 338, 793: 30, 794: 268, 795: 100, 796: 338, 797: 30, 798: 268, 799: 100, 800: 338, 801: 498, 802: 736, 815: 30, 816: 268, 817: 128, 818: 366, 825: 498, 826: 736, 827: 428, 828: 666, 829: 156, 830: 394, 835: 282, 836: 44, 837: 30, 838: 268, 867: 114, 868: 352, 875: 30, 876: 268, 877: 44, 878: 282, 879: 58, 880: 296, 881: 366, 882: 128, 893: 128, 894: 366, 903: 128, 904: 366, 911: 498, 912: 736}
Number of lables used:  36
Total time: 0.64 seconds
Memory used: 94.67 MB
--------------------------------------------------
Number of label variables:  48
Number of clauses for label constraints:  15892
Number of new variables for cardinality constraints:  1085
Number of clauses for cardinality constraints:  4270
Initial variable count:  17025
Initial clause count:  722809
--------------------------------------------------

Trying with at most 35 labels...
Solution:
{13: 254, 14: 16, 15: 254, 16: 16, 23: 142, 24: 380, 49: 366, 50: 128, 51: 44, 52: 282, 53: 338, 54: 100, 67: 414, 68: 652, 69: 338, 70: 100, 79: 254, 80: 16, 81: 268, 82: 30, 83: 414, 84: 652, 85: 338, 86: 100, 103: 282, 104: 44, 105: 254, 106: 16, 117: 268, 118: 30, 119: 414, 120: 652, 127: 652, 128: 414, 129: 324, 130: 86, 143: 414, 144: 652, 145: 338, 146: 100, 151: 100, 152: 338, 153: 16, 154: 254, 155: 72, 156: 310, 157: 142, 158: 380, 179: 128, 180: 366, 181: 324, 182: 86, 183: 394, 184: 156, 191: 652, 192: 414, 193: 296, 194: 58, 205: 100, 206: 338, 209: 652, 210: 414, 211: 30, 212: 268, 213: 100, 214: 338, 215: 324, 216: 86, 217: 296, 218: 58, 233: 114, 234: 352, 235: 268, 236: 30, 237: 44, 238: 282, 261: 254, 262: 16, 263: 72, 264: 310, 265: 282, 266: 44, 267: 142, 268: 380, 269: 652, 270: 414, 271: 652, 272: 414, 273: 254, 274: 16, 275: 254, 276: 16, 277: 268, 278: 30, 281: 352, 282: 114, 283: 282, 284: 44, 285: 30, 286: 268, 287: 254, 288: 16, 289: 254, 290: 16, 291: 324, 292: 86, 293: 240, 294: 478, 295: 114, 296: 352, 299: 254, 300: 16, 301: 114, 302: 352, 303: 652, 304: 414, 305: 86, 306: 324, 307: 30, 308: 268, 309: 142, 310: 380, 311: 296, 312: 58, 313: 310, 314: 72, 321: 254, 322: 16, 323: 254, 324: 16, 325: 156, 326: 394, 327: 16, 328: 254, 329: 254, 330: 16, 339: 16, 340: 254, 341: 16, 342: 254, 343: 16, 344: 254, 345: 394, 346: 156, 347: 324, 348: 86, 349: 380, 350: 142, 351: 142, 352: 380, 355: 128, 356: 366, 357: 268, 358: 30, 359: 268, 360: 30, 361: 352, 362: 114, 363: 282, 364: 44, 365: 142, 366: 380, 367: 310, 368: 72, 369: 128, 370: 366, 371: 254, 372: 16, 375: 282, 376: 44, 377: 44, 378: 282, 383: 338, 384: 100, 387: 366, 388: 128, 397: 652, 398: 414, 401: 380, 402: 142, 405: 114, 406: 352, 435: 366, 436: 128, 439: 310, 440: 72, 449: 100, 450: 338, 471: 254, 472: 16, 475: 338, 476: 100, 477: 268, 478: 30, 481: 352, 482: 114, 491: 310, 492: 72, 493: 268, 494: 30, 495: 268, 496: 30, 517: 268, 518: 30, 519: 352, 520: 114, 525: 282, 526: 44, 533: 282, 534: 44, 535: 254, 536: 16, 547: 324, 548: 86, 555: 366, 556: 128, 557: 268, 558: 30, 559: 58, 560: 296, 561: 352, 562: 114, 563: 338, 564: 100, 565: 142, 566: 380, 573: 142, 574: 380, 575: 296, 576: 58, 577: 16, 578: 254, 579: 352, 580: 114, 581: 352, 582: 114, 583: 58, 584: 296, 585: 338, 586: 100, 587: 254, 588: 16, 589: 366, 590: 128, 591: 366, 592: 128, 593: 114, 594: 352, 595: 296, 596: 58, 597: 282, 598: 44, 599: 142, 600: 380, 601: 282, 602: 44, 603: 268, 604: 30, 605: 268, 606: 30, 607: 86, 608: 324, 613: 114, 614: 352, 615: 296, 616: 58, 617: 268, 618: 30, 619: 142, 620: 380, 621: 338, 622: 100, 623: 338, 624: 100, 625: 268, 626: 30, 629: 282, 630: 44, 631: 268, 632: 30, 633: 282, 634: 44, 635: 268, 636: 30, 637: 254, 638: 16, 639: 268, 640: 30, 641: 128, 642: 366, 643: 86, 644: 324, 645: 156, 646: 394, 651: 254, 652: 16, 653: 254, 654: 16, 661: 254, 662: 16, 663: 254, 664: 16, 665: 366, 666: 128, 667: 282, 668: 44, 671: 156, 672: 394, 713: 268, 714: 30, 715: 254, 716: 16, 717: 156, 718: 394, 719: 268, 720: 30, 721: 338, 722: 100, 723: 338, 724: 100, 725: 254, 726: 16, 727: 254, 728: 16, 733: 268, 734: 30, 741: 414, 742: 652, 743: 142, 744: 380, 745: 268, 746: 30, 747: 324, 748: 86, 757: 338, 758: 100, 759: 268, 760: 30, 763: 268, 764: 30, 765: 254, 766: 16, 767: 296, 768: 58, 769: 30, 770: 268, 771: 338, 772: 100, 773: 254, 774: 16, 783: 268, 784: 30, 785: 254, 786: 16, 787: 268, 788: 30, 789: 338, 790: 100, 791: 268, 792: 30, 793: 338, 794: 100, 795: 268, 796: 30, 797: 352, 798: 114, 799: 282, 800: 44, 801: 268, 802: 30, 815: 338, 816: 100, 817: 268, 818: 30, 825: 296, 826: 58, 827: 324, 828: 86, 829: 254, 830: 16, 835: 142, 836: 380, 837: 268, 838: 30, 867: 352, 868: 114, 875: 310, 876: 72, 877: 282, 878: 44, 879: 324, 880: 86, 881: 268, 882: 30, 893: 268, 894: 30, 903: 254, 904: 16, 911: 254, 912: 16}
Number of lables used:  26
Total time: 0.67 seconds
Memory used: 99.44 MB
--------------------------------------------------

Trying with at most 25 labels...
Solution:
{13: 254, 14: 16, 15: 254, 16: 16, 23: 142, 24: 380, 49: 366, 50: 128, 51: 44, 52: 282, 53: 338, 54: 100, 67: 414, 68: 652, 69: 338, 70: 100, 79: 254, 80: 16, 81: 268, 82: 30, 83: 414, 84: 652, 85: 338, 86: 100, 103: 282, 104: 44, 105: 254, 106: 16, 117: 268, 118: 30, 119: 414, 120: 652, 127: 652, 128: 414, 129: 324, 130: 86, 143: 414, 144: 652, 145: 338, 146: 100, 151: 100, 152: 338, 153: 16, 154: 254, 155: 72, 156: 310, 157: 142, 158: 380, 179: 128, 180: 366, 181: 324, 182: 86, 183: 394, 184: 156, 191: 652, 192: 414, 193: 296, 194: 58, 205: 100, 206: 338, 209: 652, 210: 414, 211: 30, 212: 268, 213: 100, 214: 338, 215: 324, 216: 86, 217: 296, 218: 58, 233: 114, 234: 352, 235: 268, 236: 30, 237: 44, 238: 282, 261: 254, 262: 16, 263: 72, 264: 310, 265: 282, 266: 44, 267: 142, 268: 380, 269: 652, 270: 414, 271: 652, 272: 414, 273: 254, 274: 16, 275: 254, 276: 16, 277: 268, 278: 30, 281: 352, 282: 114, 283: 282, 284: 44, 285: 30, 286: 268, 287: 254, 288: 16, 289: 254, 290: 16, 291: 324, 292: 86, 293: 380, 294: 142, 295: 114, 296: 352, 299: 254, 300: 16, 301: 114, 302: 352, 303: 652, 304: 414, 305: 86, 306: 324, 307: 30, 308: 268, 309: 142, 310: 380, 311: 296, 312: 58, 313: 310, 314: 72, 321: 254, 322: 16, 323: 254, 324: 16, 325: 156, 326: 394, 327: 16, 328: 254, 329: 254, 330: 16, 339: 16, 340: 254, 341: 16, 342: 254, 343: 16, 344: 254, 345: 394, 346: 156, 347: 324, 348: 86, 349: 380, 350: 142, 351: 142, 352: 380, 355: 128, 356: 366, 357: 268, 358: 30, 359: 268, 360: 30, 361: 352, 362: 114, 363: 282, 364: 44, 365: 142, 366: 380, 367: 310, 368: 72, 369: 128, 370: 366, 371: 254, 372: 16, 375: 282, 376: 44, 377: 44, 378: 282, 383: 338, 384: 100, 387: 366, 388: 128, 397: 652, 398: 414, 401: 380, 402: 142, 405: 114, 406: 352, 435: 366, 436: 128, 439: 310, 440: 72, 449: 100, 450: 338, 471: 254, 472: 16, 475: 338, 476: 100, 477: 268, 478: 30, 481: 352, 482: 114, 491: 310, 492: 72, 493: 268, 494: 30, 495: 268, 496: 30, 517: 268, 518: 30, 519: 352, 520: 114, 525: 282, 526: 44, 533: 282, 534: 44, 535: 254, 536: 16, 547: 324, 548: 86, 555: 366, 556: 128, 557: 268, 558: 30, 559: 58, 560: 296, 561: 352, 562: 114, 563: 338, 564: 100, 565: 142, 566: 380, 573: 142, 574: 380, 575: 296, 576: 58, 577: 16, 578: 254, 579: 352, 580: 114, 581: 352, 582: 114, 583: 58, 584: 296, 585: 338, 586: 100, 587: 254, 588: 16, 589: 366, 590: 128, 591: 366, 592: 128, 593: 114, 594: 352, 595: 296, 596: 58, 597: 282, 598: 44, 599: 142, 600: 380, 601: 282, 602: 44, 603: 268, 604: 30, 605: 268, 606: 30, 607: 86, 608: 324, 613: 114, 614: 352, 615: 296, 616: 58, 617: 268, 618: 30, 619: 142, 620: 380, 621: 338, 622: 100, 623: 338, 624: 100, 625: 268, 626: 30, 629: 282, 630: 44, 631: 268, 632: 30, 633: 282, 634: 44, 635: 268, 636: 30, 637: 254, 638: 16, 639: 268, 640: 30, 641: 128, 642: 366, 643: 86, 644: 324, 645: 156, 646: 394, 651: 254, 652: 16, 653: 254, 654: 16, 661: 254, 662: 16, 663: 254, 664: 16, 665: 366, 666: 128, 667: 282, 668: 44, 671: 156, 672: 394, 713: 268, 714: 30, 715: 254, 716: 16, 717: 156, 718: 394, 719: 268, 720: 30, 721: 338, 722: 100, 723: 338, 724: 100, 725: 254, 726: 16, 727: 254, 728: 16, 733: 268, 734: 30, 741: 414, 742: 652, 743: 142, 744: 380, 745: 268, 746: 30, 747: 324, 748: 86, 757: 338, 758: 100, 759: 268, 760: 30, 763: 268, 764: 30, 765: 254, 766: 16, 767: 296, 768: 58, 769: 30, 770: 268, 771: 338, 772: 100, 773: 254, 774: 16, 783: 268, 784: 30, 785: 254, 786: 16, 787: 268, 788: 30, 789: 338, 790: 100, 791: 268, 792: 30, 793: 338, 794: 100, 795: 268, 796: 30, 797: 352, 798: 114, 799: 282, 800: 44, 801: 268, 802: 30, 815: 338, 816: 100, 817: 268, 818: 30, 825: 296, 826: 58, 827: 324, 828: 86, 829: 254, 830: 16, 835: 142, 836: 380, 837: 268, 838: 30, 867: 352, 868: 114, 875: 310, 876: 72, 877: 282, 878: 44, 879: 324, 880: 86, 881: 268, 882: 30, 893: 268, 894: 30, 903: 254, 904: 16, 911: 254, 912: 16}
Number of lables used:  24
Total time: 0.67 seconds
Memory used: 99.46 MB
--------------------------------------------------

Trying with at most 23 labels...
Solution:
{13: 254, 14: 16, 15: 254, 16: 16, 23: 142, 24: 380, 49: 366, 50: 128, 51: 44, 52: 282, 53: 338, 54: 100, 67: 778, 68: 540, 69: 338, 70: 100, 79: 254, 80: 16, 81: 268, 82: 30, 83: 778, 84: 540, 85: 338, 86: 100, 103: 282, 104: 44, 105: 254, 106: 16, 117: 268, 118: 30, 119: 380, 120: 142, 127: 778, 128: 540, 129: 324, 130: 86, 143: 254, 144: 16, 145: 338, 146: 100, 151: 100, 152: 338, 153: 16, 154: 254, 155: 72, 156: 310, 157: 142, 158: 380, 179: 114, 180: 352, 181: 324, 182: 86, 183: 366, 184: 128, 191: 366, 192: 128, 193: 296, 194: 58, 205: 310, 206: 72, 209: 540, 210: 778, 211: 30, 212: 268, 213: 296, 214: 58, 215: 324, 216: 86, 217: 296, 218: 58, 233: 114, 234: 352, 235: 268, 236: 30, 237: 44, 238: 282, 261: 254, 262: 16, 263: 72, 264: 310, 265: 282, 266: 44, 267: 142, 268: 380, 269: 254, 270: 16, 271: 254, 272: 16, 273: 142, 274: 380, 275: 142, 276: 380, 277: 268, 278: 30, 281: 352, 282: 114, 283: 282, 284: 44, 285: 30, 286: 268, 287: 254, 288: 16, 289: 254, 290: 16, 291: 324, 292: 86, 293: 380, 294: 142, 295: 114, 296: 352, 299: 254, 300: 16, 301: 142, 302: 380, 303: 778, 304: 540, 305: 86, 306: 324, 307: 30, 308: 268, 309: 142, 310: 380, 311: 296, 312: 58, 313: 310, 314: 72, 321: 254, 322: 16, 323: 254, 324: 16, 325: 778, 326: 540, 327: 16, 328: 254, 329: 254, 330: 16, 339: 16, 340: 254, 341: 58, 342: 296, 343: 58, 344: 296, 345: 778, 346: 540, 347: 324, 348: 86, 349: 380, 350: 142, 351: 142, 352: 380, 355: 128, 356: 366, 357: 268, 358: 30, 359: 268, 360: 30, 361: 352, 362: 114, 363: 282, 364: 44, 365: 142, 366: 380, 367: 310, 368: 72, 369: 114, 370: 352, 371: 254, 372: 16, 375: 282, 376: 44, 377: 44, 378: 282, 383: 338, 384: 100, 387: 366, 388: 128, 397: 778, 398: 540, 401: 540, 402: 778, 405: 72, 406: 310, 435: 366, 436: 128, 439: 310, 440: 72, 449: 100, 450: 338, 471: 254, 472: 16, 475: 338, 476: 100, 477: 268, 478: 30, 481: 352, 482: 114, 491: 310, 492: 72, 493: 268, 494: 30, 495: 268, 496: 30, 517: 268, 518: 30, 519: 352, 520: 114, 525: 282, 526: 44, 533: 282, 534: 44, 535: 254, 536: 16, 547: 324, 548: 86, 555: 44, 556: 282, 557: 268, 558: 30, 559: 58, 560: 296, 561: 352, 562: 114, 563: 338, 564: 100, 565: 142, 566: 380, 573: 142, 574: 380, 575: 296, 576: 58, 577: 16, 578: 254, 579: 352, 580: 114, 581: 352, 582: 114, 583: 58, 584: 296, 585: 338, 586: 100, 587: 254, 588: 16, 589: 366, 590: 128, 591: 366, 592: 128, 593: 114, 594: 352, 595: 296, 596: 58, 597: 282, 598: 44, 599: 142, 600: 380, 601: 282, 602: 44, 603: 268, 604: 30, 605: 268, 606: 30, 607: 114, 608: 352, 613: 114, 614: 352, 615: 296, 616: 58, 617: 268, 618: 30, 619: 778, 620: 540, 621: 338, 622: 100, 623: 338, 624: 100, 625: 268, 626: 30, 629: 282, 630: 44, 631: 268, 632: 30, 633: 282, 634: 44, 635: 268, 636: 30, 637: 254, 638: 16, 639: 268, 640: 30, 641: 142, 642: 380, 643: 86, 644: 324, 645: 296, 646: 58, 651: 254, 652: 16, 653: 254, 654: 16, 661: 254, 662: 16, 663: 254, 664: 16, 665: 366, 666: 128, 667: 282, 668: 44, 671: 100, 672: 338, 713: 268, 714: 30, 715: 254, 716: 16, 717: 540, 718: 778, 719: 142, 720: 380, 721: 338, 722: 100, 723: 338, 724: 100, 725: 254, 726: 16, 727: 254, 728: 16, 733: 268, 734: 30, 741: 540, 742: 778, 743: 142, 744: 380, 745: 268, 746: 30, 747: 324, 748: 86, 757: 338, 758: 100, 759: 268, 760: 30, 763: 268, 764: 30, 765: 254, 766: 16, 767: 296, 768: 58, 769: 30, 770: 268, 771: 338, 772: 100, 773: 254, 774: 16, 783: 268, 784: 30, 785: 254, 786: 16, 787: 540, 788: 778, 789: 338, 790: 100, 791: 268, 792: 30, 793: 338, 794: 100, 795: 268, 796: 30, 797: 352, 798: 114, 799: 282, 800: 44, 801: 268, 802: 30, 815: 338, 816: 100, 817: 268, 818: 30, 825: 296, 826: 58, 827: 324, 828: 86, 829: 254, 830: 16, 835: 142, 836: 380, 837: 268, 838: 30, 867: 352, 868: 114, 875: 310, 876: 72, 877: 282, 878: 44, 879: 324, 880: 86, 881: 268, 882: 30, 893: 268, 894: 30, 903: 254, 904: 16, 911: 254, 912: 16}
Number of lables used:  22
Total time: 0.67 seconds
Memory used: 99.48 MB
--------------------------------------------------

Trying with at most 21 labels...
Solution:
{13: 16, 14: 254, 15: 16, 16: 254, 23: 30, 24: 268, 49: 16, 50: 254, 51: 44, 52: 282, 53: 30, 54: 268, 67: 16, 68: 254, 69: 86, 70: 324, 79: 16, 80: 254, 81: 30, 82: 268, 83: 16, 84: 254, 85: 86, 86: 324, 103: 16, 104: 254, 105: 30, 106: 268, 117: 16, 118: 254, 119: 44, 120: 282, 127: 30, 128: 268, 129: 128, 130: 366, 143: 16, 144: 254, 145: 86, 146: 324, 151: 30, 152: 268, 153: 100, 154: 338, 155: 16, 156: 254, 157: 86, 158: 324, 179: 58, 180: 296, 181: 44, 182: 282, 183: 142, 184: 380, 191: 16, 192: 254, 193: 86, 194: 324, 205: 324, 206: 86, 209: 526, 210: 764, 211: 254, 212: 16, 213: 324, 214: 86, 215: 16, 216: 254, 217: 764, 218: 526, 233: 30, 234: 268, 235: 44, 236: 282, 237: 30, 238: 268, 261: 16, 262: 254, 263: 30, 264: 268, 265: 16, 266: 254, 267: 86, 268: 324, 269: 16, 270: 254, 271: 16, 272: 254, 273: 666, 274: 428, 275: 666, 276: 428, 277: 30, 278: 268, 281: 44, 282: 282, 283: 142, 284: 380, 285: 16, 286: 254, 287: 16, 288: 254, 289: 16, 290: 254, 291: 30, 292: 268, 293: 142, 294: 380, 295: 16, 296: 254, 299: 666, 300: 428, 301: 338, 302: 100, 303: 764, 304: 526, 305: 366, 306: 128, 307: 16, 308: 254, 309: 338, 310: 100, 311: 268, 312: 30, 313: 268, 314: 30, 321: 16, 322: 254, 323: 16, 324: 254, 325: 44, 326: 282, 327: 128, 328: 366, 329: 16, 330: 254, 339: 30, 340: 268, 341: 428, 342: 666, 343: 428, 344: 666, 345: 338, 346: 100, 347: 764, 348: 526, 349: 100, 350: 338, 351: 86, 352: 324, 355: 58, 356: 296, 357: 30, 358: 268, 359: 128, 360: 366, 361: 100, 362: 338, 363: 268, 364: 30, 365: 764, 366: 526, 367: 142, 368: 380, 369: 268, 370: 30, 371: 100, 372: 338, 375: 128, 376: 366, 377: 324, 378: 86, 383: 30, 384: 268, 387: 44, 388: 282, 397: 16, 398: 254, 401: 666, 402: 428, 405: 764, 406: 526, 435: 30, 436: 268, 439: 526, 440: 764, 449: 30, 450: 268, 471: 16, 472: 254, 475: 44, 476: 282, 477: 58, 478: 296, 481: 58, 482: 296, 491: 44, 492: 282, 493: 86, 494: 324, 495: 30, 496: 268, 517: 268, 518: 30, 519: 30, 520: 268, 525: 30, 526: 268, 533: 44, 534: 282, 535: 16, 536: 254, 547: 16, 548: 254, 555: 282, 556: 44, 557: 30, 558: 268, 559: 268, 560: 30, 561: 128, 562: 366, 563: 128, 564: 366, 565: 100, 566: 338, 573: 30, 574: 268, 575: 282, 576: 44, 577: 16, 578: 254, 579: 16, 580: 254, 581: 16, 582: 254, 583: 296, 584: 58, 585: 30, 586: 268, 587: 86, 588: 324, 589: 16, 590: 254, 591: 764, 592: 526, 593: 44, 594: 282, 595: 86, 596: 324, 597: 100, 598: 338, 599: 44, 600: 282, 601: 764, 602: 526, 603: 44, 604: 282, 605: 30, 606: 268, 607: 128, 608: 366, 613: 764, 614: 526, 615: 44, 616: 282, 617: 100, 618: 338, 619: 428, 620: 666, 621: 142, 622: 380, 623: 30, 624: 268, 625: 338, 626: 100, 629: 86, 630: 324, 631: 128, 632: 366, 633: 338, 634: 100, 635: 666, 636: 428, 637: 16, 638: 254, 639: 100, 640: 338, 641: 58, 642: 296, 643: 764, 644: 526, 645: 30, 646: 268, 651: 338, 652: 100, 653: 30, 654: 268, 661: 86, 662: 324, 663: 16, 664: 254, 665: 324, 666: 86, 667: 666, 668: 428, 671: 16, 672: 254, 713: 30, 714: 268, 715: 86, 716: 324, 717: 764, 718: 526, 719: 666, 720: 428, 721: 86, 722: 324, 723: 86, 724: 324, 725: 268, 726: 30, 727: 268, 728: 30, 733: 128, 734: 366, 741: 254, 742: 16, 743: 58, 744: 296, 745: 128, 746: 366, 747: 128, 748: 366, 757: 100, 758: 338, 759: 268, 760: 30, 763: 764, 764: 526, 765: 268, 766: 30, 767: 142, 768: 380, 769: 268, 770: 30, 771: 30, 772: 268, 773: 86, 774: 324, 783: 128, 784: 366, 785: 16, 786: 254, 787: 338, 788: 100, 789: 30, 790: 268, 791: 100, 792: 338, 793: 30, 794: 268, 795: 100, 796: 338, 797: 30, 798: 268, 799: 100, 800: 338, 801: 428, 802: 666, 815: 30, 816: 268, 817: 142, 818: 380, 825: 764, 826: 526, 827: 428, 828: 666, 829: 428, 830: 666, 835: 282, 836: 44, 837: 30, 838: 268, 867: 128, 868: 366, 875: 30, 876: 268, 877: 44, 878: 282, 879: 58, 880: 296, 881: 380, 882: 142, 893: 142, 894: 380, 903: 128, 904: 366, 911: 366, 912: 128}
Number of lables used:  20
Total time: 0.81 seconds
Memory used: 127.26 MB
--------------------------------------------------

Trying with at most 19 labels...
Solution:
{13: 16, 14: 254, 15: 16, 16: 254, 23: 58, 24: 296, 49: 16, 50: 254, 51: 394, 52: 156, 53: 30, 54: 268, 67: 16, 68: 254, 69: 128, 70: 366, 79: 16, 80: 254, 81: 30, 82: 268, 83: 764, 84: 526, 85: 30, 86: 268, 103: 16, 104: 254, 105: 30, 106: 268, 117: 16, 118: 254, 119: 394, 120: 156, 127: 526, 128: 764, 129: 428, 130: 666, 143: 16, 144: 254, 145: 394, 146: 156, 151: 30, 152: 268, 153: 666, 154: 428, 155: 16, 156: 254, 157: 156, 158: 394, 179: 296, 180: 58, 181: 58, 182: 296, 183: 414, 184: 652, 191: 16, 192: 254, 193: 428, 194: 666, 205: 58, 206: 296, 209: 254, 210: 16, 211: 156, 212: 394, 213: 58, 214: 296, 215: 16, 216: 254, 217: 526, 218: 764, 233: 128, 234: 366, 235: 296, 236: 58, 237: 30, 238: 268, 261: 16, 262: 254, 263: 30, 264: 268, 265: 16, 266: 254, 267: 366, 268: 128, 269: 16, 270: 254, 271: 16, 272: 254, 273: 666, 274: 428, 275: 666, 276: 428, 277: 366, 278: 128, 281: 764, 282: 526, 283: 30, 284: 268, 285: 366, 286: 128, 287: 16, 288: 254, 289: 16, 290: 254, 291: 30, 292: 268, 293: 478, 294: 240, 295: 16, 296: 254, 299: 366, 300: 128, 301: 30, 302: 268, 303: 764, 304: 526, 305: 394, 306: 156, 307: 268, 308: 30, 309: 16, 310: 254, 311: 394, 312: 156, 313: 394, 314: 156, 321: 16, 322: 254, 323: 16, 324: 254, 325: 666, 326: 428, 327: 128, 328: 366, 329: 16, 330: 254, 339: 30, 340: 268, 341: 666, 342: 428, 343: 666, 344: 428, 345: 366, 346: 128, 347: 764, 348: 526, 349: 58, 350: 296, 351: 366, 352: 128, 355: 296, 356: 58, 357: 296, 358: 58, 359: 666, 360: 428, 361: 30, 362: 268, 363: 366, 364: 128, 365: 764, 366: 526, 367: 30, 368: 268, 369: 666, 370: 428, 371: 16, 372: 254, 375: 128, 376: 366, 377: 128, 378: 366, 383: 30, 384: 268, 387: 764, 388: 526, 397: 16, 398: 254, 401: 366, 402: 128, 405: 526, 406: 764, 435: 128, 436: 366, 439: 156, 440: 394, 449: 366, 450: 128, 471: 16, 472: 254, 475: 30, 476: 268, 477: 30, 478: 268, 481: 58, 482: 296, 491: 428, 492: 666, 493: 30, 494: 268, 495: 30, 496: 268, 517: 268, 518: 30, 519: 296, 520: 58, 525: 30, 526: 268, 533: 58, 534: 296, 535: 16, 536: 254, 547: 16, 548: 254, 555: 268, 556: 30, 557: 526, 558: 764, 559: 268, 560: 30, 561: 366, 562: 128, 563: 428, 564: 666, 565: 666, 566: 428, 573: 296, 574: 58, 575: 268, 576: 30, 577: 16, 578: 254, 579: 16, 580: 254, 581: 16, 582: 254, 583: 296, 584: 58, 585: 30, 586: 268, 587: 296, 588: 58, 589: 254, 590: 16, 591: 764, 592: 526, 593: 128, 594: 366, 595: 30, 596: 268, 597: 30, 598: 268, 599: 30, 600: 268, 601: 764, 602: 526, 603: 428, 604: 666, 605: 30, 606: 268, 607: 366, 608: 128, 613: 666, 614: 428, 615: 30, 616: 268, 617: 58, 618: 296, 619: 128, 620: 366, 621: 30, 622: 268, 623: 30, 624: 268, 625: 128, 626: 366, 629: 128, 630: 366, 631: 30, 632: 268, 633: 30, 634: 268, 635: 58, 636: 296, 637: 16, 638: 254, 639: 128, 640: 366, 641: 58, 642: 296, 643: 764, 644: 526, 645: 30, 646: 268, 651: 394, 652: 156, 653: 394, 654: 156, 661: 414, 662: 652, 663: 16, 664: 254, 665: 414, 666: 652, 667: 366, 668: 128, 671: 16, 672: 254, 713: 366, 714: 128, 715: 128, 716: 366, 717: 764, 718: 526, 719: 666, 720: 428, 721: 414, 722: 652, 723: 394, 724: 156, 725: 268, 726: 30, 727: 268, 728: 30, 733: 128, 734: 366, 741: 254, 742: 16, 743: 58, 744: 296, 745: 128, 746: 366, 747: 128, 748: 366, 757: 30, 758: 268, 759: 128, 760: 366, 763: 764, 764: 526, 765: 296, 766: 58, 767: 58, 768: 296, 769: 366, 770: 128, 771: 30, 772: 268, 773: 128, 774: 366, 783: 428, 784: 666, 785: 16, 786: 254, 787: 296, 788: 58, 789: 30, 790: 268, 791: 128, 792: 366, 793: 30, 794: 268, 795: 128, 796: 366, 797: 296, 798: 58, 799: 30, 800: 268, 801: 428, 802: 666, 815: 296, 816: 58, 817: 30, 818: 268, 825: 764, 826: 526, 827: 764, 828: 526, 829: 58, 830: 296, 835: 764, 836: 526, 837: 30, 838: 268, 867: 128, 868: 366, 875: 30, 876: 268, 877: 428, 878: 666, 879: 58, 880: 296, 881: 296, 882: 58, 893: 30, 894: 268, 903: 128, 904: 366, 911: 666, 912: 428}
Number of lables used:  18
Total time: 0.82 seconds
Memory used: 127.26 MB
--------------------------------------------------

Trying with at most 17 labels...
Solution:
{13: 16, 14: 254, 15: 16, 16: 254, 23: 58, 24: 296, 49: 16, 50: 254, 51: 394, 52: 156, 53: 30, 54: 268, 67: 16, 68: 254, 69: 128, 70: 366, 79: 16, 80: 254, 81: 30, 82: 268, 83: 764, 84: 526, 85: 30, 86: 268, 103: 16, 104: 254, 105: 30, 106: 268, 117: 268, 118: 30, 119: 394, 120: 156, 127: 16, 128: 254, 129: 526, 130: 764, 143: 30, 144: 268, 145: 526, 146: 764, 151: 30, 152: 268, 153: 128, 154: 366, 155: 666, 156: 428, 157: 16, 158: 254, 179: 16, 180: 254, 181: 254, 182: 16, 183: 296, 184: 58, 191: 128, 192: 366, 193: 254, 194: 16, 205: 268, 206: 30, 209: 666, 210: 428, 211: 764, 212: 526, 213: 268, 214: 30, 215: 16, 216: 254, 217: 526, 218: 764, 233: 58, 234: 296, 235: 366, 236: 128, 237: 366, 238: 128, 261: 16, 262: 254, 263: 394, 264: 156, 265: 16, 266: 254, 267: 366, 268: 128, 269: 366, 270: 128, 271: 366, 272: 128, 273: 394, 274: 156, 275: 394, 276: 156, 277: 366, 278: 128, 281: 394, 282: 156, 283: 16, 284: 254, 285: 296, 286: 58, 287: 16, 288: 254, 289: 128, 290: 366, 291: 16, 292: 254, 293: 478, 294: 240, 295: 16, 296: 254, 299: 394, 300: 156, 301: 296, 302: 58, 303: 764, 304: 526, 305: 254, 306: 16, 307: 16, 308: 254, 309: 268, 310: 30, 311: 394, 312: 156, 313: 394, 314: 156, 321: 16, 322: 254, 323: 16, 324: 254, 325: 428, 326: 666, 327: 366, 328: 128, 329: 156, 330: 394, 339: 30, 340: 268, 341: 156, 342: 394, 343: 156, 344: 394, 345: 366, 346: 128, 347: 764, 348: 526, 349: 526, 350: 764, 351: 58, 352: 296, 355: 296, 356: 58, 357: 366, 358: 128, 359: 428, 360: 666, 361: 30, 362: 268, 363: 128, 364: 366, 365: 764, 366: 526, 367: 30, 368: 268, 369: 666, 370: 428, 371: 268, 372: 30, 375: 296, 376: 58, 377: 128, 378: 366, 383: 30, 384: 268, 387: 58, 388: 296, 397: 366, 398: 128, 401: 764, 402: 526, 405: 526, 406: 764, 435: 428, 436: 666, 439: 764, 440: 526, 449: 666, 450: 428, 471: 16, 472: 254, 475: 128, 476: 366, 477: 268, 478: 30, 481: 30, 482: 268, 491: 428, 492: 666, 493: 30, 494: 268, 495: 30, 496: 268, 517: 58, 518: 296, 519: 428, 520: 666, 525: 30, 526: 268, 533: 128, 534: 366, 535: 16, 536: 254, 547: 16, 548: 254, 555: 526, 556: 764, 557: 526, 558: 764, 559: 268, 560: 30, 561: 296, 562: 58, 563: 428, 564: 666, 565: 666, 566: 428, 573: 296, 574: 58, 575: 268, 576: 30, 577: 254, 578: 16, 579: 30, 580: 268, 581: 16, 582: 254, 583: 666, 584: 428, 585: 30, 586: 268, 587: 526, 588: 764, 589: 254, 590: 16, 591: 268, 592: 30, 593: 58, 594: 296, 595: 30, 596: 268, 597: 30, 598: 268, 599: 30, 600: 268, 601: 764, 602: 526, 603: 428, 604: 666, 605: 128, 606: 366, 607: 30, 608: 268, 613: 666, 614: 428, 615: 428, 616: 666, 617: 58, 618: 296, 619: 526, 620: 764, 621: 428, 622: 666, 623: 30, 624: 268, 625: 128, 626: 366, 629: 268, 630: 30, 631: 128, 632: 366, 633: 128, 634: 366, 635: 58, 636: 296, 637: 16, 638: 254, 639: 128, 640: 366, 641: 666, 642: 428, 643: 764, 644: 526, 645: 30, 646: 268, 651: 394, 652: 156, 653: 428, 654: 666, 661: 428, 662: 666, 663: 16, 664: 254, 665: 128, 666: 366, 667: 254, 668: 16, 671: 268, 672: 30, 713: 366, 714: 128, 715: 128, 716: 366, 717: 254, 718: 16, 719: 366, 720: 128, 721: 526, 722: 764, 723: 526, 724: 764, 725: 268, 726: 30, 727: 268, 728: 30, 733: 128, 734: 366, 741: 156, 742: 394, 743: 30, 744: 268, 745: 128, 746: 366, 747: 128, 748: 366, 757: 30, 758: 268, 759: 128, 760: 366, 763: 764, 764: 526, 765: 296, 766: 58, 767: 394, 768: 156, 769: 296, 770: 58, 771: 428, 772: 666, 773: 128, 774: 366, 783: 526, 784: 764, 785: 16, 786: 254, 787: 296, 788: 58, 789: 30, 790: 268, 791: 128, 792: 366, 793: 30, 794: 268, 795: 128, 796: 366, 797: 296, 798: 58, 799: 30, 800: 268, 801: 366, 802: 128, 815: 30, 816: 268, 817: 128, 818: 366, 825: 366, 826: 128, 827: 394, 828: 156, 829: 526, 830: 764, 835: 764, 836: 526, 837: 30, 838: 268, 867: 128, 868: 366, 875: 58, 876: 296, 877: 428, 878: 666, 879: 30, 880: 268, 881: 296, 882: 58, 893: 30, 894: 268, 903: 128, 904: 366, 911: 128, 912: 366}
Number of lables used:  16
Total time: 0.83 seconds
Memory used: 127.27 MB
--------------------------------------------------

Trying with at most 15 labels...
Solution:
{13: 100, 14: 338, 15: 100, 16: 338, 23: 338, 24: 100, 49: 142, 50: 380, 51: 694, 52: 456, 53: 30, 54: 268, 67: 30, 68: 268, 69: 100, 70: 338, 79: 456, 80: 694, 81: 30, 82: 268, 83: 722, 84: 484, 85: 30, 86: 268, 103: 456, 104: 694, 105: 100, 106: 338, 117: 338, 118: 100, 119: 554, 120: 792, 127: 142, 128: 380, 129: 484, 130: 722, 143: 722, 144: 484, 145: 142, 146: 380, 151: 100, 152: 338, 153: 694, 154: 456, 155: 456, 156: 694, 157: 100, 158: 338, 179: 142, 180: 380, 181: 142, 182: 380, 183: 30, 184: 268, 191: 30, 192: 268, 193: 554, 194: 792, 205: 30, 206: 268, 209: 792, 210: 554, 211: 722, 212: 484, 213: 100, 214: 338, 215: 456, 216: 694, 217: 484, 218: 722, 233: 100, 234: 338, 235: 456, 236: 694, 237: 694, 238: 456, 261: 456, 262: 694, 263: 30, 264: 268, 265: 694, 266: 456, 267: 100, 268: 338, 269: 526, 270: 764, 271: 526, 272: 764, 273: 554, 274: 792, 275: 30, 276: 268, 277: 554, 278: 792, 281: 694, 282: 456, 283: 100, 284: 338, 285: 380, 286: 142, 287: 30, 288: 268, 289: 100, 290: 338, 291: 30, 292: 268, 293: 142, 294: 380, 295: 694, 296: 456, 299: 526, 300: 764, 301: 456, 302: 694, 303: 554, 304: 792, 305: 338, 306: 100, 307: 380, 308: 142, 309: 30, 310: 268, 311: 100, 312: 338, 313: 100, 314: 338, 321: 100, 322: 338, 323: 100, 324: 338, 325: 142, 326: 380, 327: 484, 328: 722, 329: 100, 330: 338, 339: 268, 340: 30, 341: 30, 342: 268, 343: 30, 344: 268, 345: 380, 346: 142, 347: 526, 348: 764, 349: 380, 350: 142, 351: 380, 352: 142, 355: 526, 356: 764, 357: 338, 358: 100, 359: 142, 360: 380, 361: 30, 362: 268, 363: 722, 364: 484, 365: 30, 366: 268, 367: 100, 368: 338, 369: 526, 370: 764, 371: 30, 372: 268, 375: 100, 376: 338, 377: 338, 378: 100, 383: 456, 384: 694, 387: 764, 388: 526, 397: 338, 398: 100, 401: 526, 402: 764, 405: 456, 406: 694, 435: 484, 436: 722, 439: 792, 440: 554, 449: 484, 450: 722, 471: 456, 472: 694, 475: 338, 476: 100, 477: 722, 478: 484, 481: 30, 482: 268, 491: 456, 492: 694, 493: 30, 494: 268, 495: 30, 496: 268, 517: 456, 518: 694, 519: 268, 520: 30, 525: 30, 526: 268, 533: 142, 534: 380, 535: 456, 536: 694, 547: 100, 548: 338, 555: 100, 556: 338, 557: 142, 558: 380, 559: 380, 560: 142, 561: 338, 562: 100, 563: 380, 564: 142, 565: 30, 566: 268, 573: 268, 574: 30, 575: 142, 576: 380, 577: 30, 578: 268, 579: 30, 580: 268, 581: 100, 582: 338, 583: 722, 584: 484, 585: 142, 586: 380, 587: 338, 588: 100, 589: 338, 590: 100, 591: 456, 592: 694, 593: 526, 594: 764, 595: 30, 596: 268, 597: 100, 598: 338, 599: 526, 600: 764, 601: 100, 602: 338, 603: 30, 604: 268, 605: 30, 606: 268, 607: 380, 608: 142, 613: 526, 614: 764, 615: 100, 616: 338, 617: 142, 618: 380, 619: 764, 620: 526, 621: 484, 622: 722, 623: 30, 624: 268, 625: 100, 626: 338, 629: 100, 630: 338, 631: 30, 632: 268, 633: 30, 634: 268, 635: 456, 636: 694, 637: 456, 638: 694, 639: 380, 640: 142, 641: 722, 642: 484, 643: 30, 644: 268, 645: 30, 646: 268, 651: 380, 652: 142, 653: 456, 654: 694, 661: 100, 662: 338, 663: 268, 664: 30, 665: 30, 666: 268, 667: 526, 668: 764, 671: 268, 672: 30, 713: 554, 714: 792, 715: 142, 716: 380, 717: 456, 718: 694, 719: 30, 720: 268, 721: 142, 722: 380, 723: 142, 724: 380, 725: 30, 726: 268, 727: 30, 728: 268, 733: 30, 734: 268, 741: 30, 742: 268, 743: 100, 744: 338, 745: 456, 746: 694, 747: 380, 748: 142, 757: 456, 758: 694, 759: 30, 760: 268, 763: 694, 764: 456, 765: 100, 766: 338, 767: 484, 768: 722, 769: 526, 770: 764, 771: 456, 772: 694, 773: 100, 774: 338, 783: 142, 784: 380, 785: 456, 786: 694, 787: 456, 788: 694, 789: 30, 790: 268, 791: 100, 792: 338, 793: 30, 794: 268, 795: 100, 796: 338, 797: 380, 798: 142, 799: 30, 800: 268, 801: 764, 802: 526, 815: 30, 816: 268, 817: 456, 818: 694, 825: 456, 826: 694, 827: 694, 828: 456, 829: 484, 830: 722, 835: 722, 836: 484, 837: 456, 838: 694, 867: 30, 868: 268, 875: 100, 876: 338, 877: 456, 878: 694, 879: 142, 880: 380, 881: 100, 882: 338, 893: 100, 894: 338, 903: 30, 904: 268, 911: 526, 912: 764}
Number of lables used:  14
Total time: 1.41 seconds
Memory used: 127.43 MB
--------------------------------------------------

Trying with at most 13 labels...
[runlim] sample:		9.99 time, 10.01 real, 165 MB, 1.06 load
[runlim] sample:		19.99 time, 20.01 real, 127 MB, 1.05 load
[runlim] sample:		29.98 time, 30.01 real, 171 MB, 1.04 load
[runlim] sample:		39.97 time, 40.01 real, 171 MB, 1.03 load
[runlim] sample:		49.98 time, 50.01 real, 171 MB, 1.03 load
[runlim] sample:		59.97 time, 60.01 real, 171 MB, 1.02 load
[runlim] sample:		69.97 time, 70.01 real, 171 MB, 1.02 load
[runlim] sample:		79.96 time, 80.01 real, 161 MB, 1.02 load
[runlim] sample:		89.96 time, 90.01 real, 161 MB, 1.01 load
[runlim] sample:		99.95 time, 100.01 real, 161 MB, 1.01 load
[runlim] sample:		109.95 time, 110.01 real, 161 MB, 1.01 load
[runlim] sample:		119.95 time, 120.01 real, 161 MB, 1.01 load
[runlim] sample:		129.94 time, 130.01 real, 161 MB, 1.00 load
[runlim] sample:		139.94 time, 140.01 real, 163 MB, 1.00 load
[runlim] sample:		149.93 time, 150.01 real, 163 MB, 1.00 load
[runlim] sample:		159.93 time, 160.01 real, 164 MB, 1.00 load
[runlim] sample:		169.93 time, 170.01 real, 165 MB, 1.00 load
[runlim] sample:		179.92 time, 180.01 real, 166 MB, 1.00 load
[runlim] sample:		189.92 time, 190.01 real, 166 MB, 1.00 load
[runlim] sample:		199.91 time, 200.01 real, 167 MB, 1.00 load
[runlim] sample:		209.91 time, 210.01 real, 167 MB, 1.00 load
[runlim] sample:		219.91 time, 220.01 real, 167 MB, 1.00 load
[runlim] sample:		229.90 time, 230.01 real, 172 MB, 1.00 load
[runlim] sample:		239.90 time, 240.01 real, 172 MB, 1.15 load
[runlim] sample:		249.89 time, 250.01 real, 127 MB, 1.13 load
[runlim] sample:		259.89 time, 260.01 real, 150 MB, 1.11 load
[runlim] sample:		269.89 time, 270.01 real, 150 MB, 1.09 load
[runlim] sample:		279.88 time, 280.01 real, 179 MB, 1.08 load
[runlim] sample:		289.88 time, 290.01 real, 158 MB, 1.06 load
[runlim] sample:		299.87 time, 300.01 real, 158 MB, 1.05 load
[runlim] sample:		309.87 time, 310.01 real, 158 MB, 1.05 load
[runlim] sample:		319.86 time, 320.01 real, 183 MB, 1.04 load
[runlim] sample:		329.86 time, 330.01 real, 183 MB, 1.03 load
[runlim] sample:		339.86 time, 340.01 real, 183 MB, 1.03 load
[runlim] sample:		349.85 time, 350.01 real, 183 MB, 1.02 load
[runlim] sample:		359.85 time, 360.01 real, 183 MB, 1.02 load
[runlim] sample:		369.84 time, 370.01 real, 183 MB, 1.02 load
[runlim] sample:		379.84 time, 380.01 real, 183 MB, 1.01 load
[runlim] sample:		389.84 time, 390.01 real, 183 MB, 1.01 load
[runlim] sample:		399.83 time, 400.01 real, 183 MB, 1.01 load
[runlim] sample:		409.83 time, 410.01 real, 183 MB, 1.01 load
[runlim] sample:		419.82 time, 420.01 real, 183 MB, 1.00 load
[runlim] sample:		429.82 time, 430.01 real, 183 MB, 1.00 load
[runlim] sample:		439.81 time, 440.01 real, 183 MB, 1.00 load
[runlim] sample:		449.81 time, 450.01 real, 183 MB, 1.00 load
[runlim] sample:		459.81 time, 460.01 real, 183 MB, 1.00 load
[runlim] sample:		469.80 time, 470.01 real, 183 MB, 1.00 load
[runlim] sample:		479.80 time, 480.01 real, 183 MB, 1.00 load
[runlim] sample:		489.79 time, 490.01 real, 183 MB, 1.00 load
[runlim] sample:		499.79 time, 500.01 real, 183 MB, 1.00 load
[runlim] sample:		509.79 time, 510.01 real, 183 MB, 1.00 load
[runlim] sample:		519.78 time, 520.01 real, 183 MB, 1.00 load
[runlim] sample:		529.78 time, 530.01 real, 183 MB, 1.00 load
[runlim] sample:		539.78 time, 540.01 real, 183 MB, 1.00 load
[runlim] sample:		549.77 time, 550.01 real, 183 MB, 1.00 load
[runlim] sample:		559.77 time, 560.01 real, 183 MB, 1.00 load
[runlim] sample:		569.77 time, 570.01 real, 183 MB, 1.00 load
[runlim] sample:		579.76 time, 580.01 real, 183 MB, 1.00 load
[runlim] sample:		589.76 time, 590.01 real, 183 MB, 1.00 load
[runlim] sample:		599.75 time, 600.01 real, 183 MB, 1.00 load
[runlim] end:			Sat Jun 27 00:30:22 2026
[runlim] status:		out of time
[runlim] result:		2
[runlim] children:		1
[runlim] processes:		2
[runlim] real:			601.06 seconds
[runlim] time:			599.75 seconds
[runlim] space:			197 MB
[runlim] load:			1.15 maximum
[runlim] samples:		6000
