[runlim] version:		2.0.0rc12
[runlim] host:			ap-Precision-7550
[runlim] time limit:		311040000 seconds
[runlim] real time limit:	600 seconds
[runlim] space limit:		14000 MB
[runlim] argv[0]:		python3
[runlim] argv[1]:		-u
[runlim] argv[2]:		pairwise_no_preprocessing.py
[runlim] argv[3]:		scen05
[runlim] argv[4]:		assumptions
[runlim] start:			Tue Mar 24 01:39:06 2026
[runlim] child:			17242
Solve first problem:
Solution:
{13: 156, 14: 394, 15: 156, 16: 394, 53: 16, 54: 254, 71: 86, 72: 324, 79: 554, 80: 792, 81: 44, 82: 282, 83: 156, 84: 394, 85: 442, 86: 680, 117: 792, 118: 554, 119: 554, 120: 792, 127: 16, 128: 254, 129: 708, 130: 470, 143: 680, 144: 442, 145: 456, 146: 694, 151: 72, 152: 310, 153: 414, 154: 652, 163: 142, 164: 380, 165: 792, 166: 554, 179: 44, 180: 282, 181: 268, 182: 30, 183: 442, 184: 680, 191: 750, 192: 512, 193: 310, 194: 72, 205: 310, 206: 72, 209: 736, 210: 498, 211: 792, 212: 554, 213: 310, 214: 72, 217: 764, 218: 526, 219: 394, 220: 156, 233: 442, 234: 680, 235: 778, 236: 540, 237: 498, 238: 736, 255: 680, 256: 442, 259: 156, 260: 394, 261: 554, 262: 792, 263: 296, 264: 58, 265: 16, 266: 254, 267: 526, 268: 764, 269: 296, 270: 58, 271: 296, 272: 58, 273: 44, 274: 282, 275: 44, 276: 282, 277: 296, 278: 58, 281: 394, 282: 156, 283: 128, 284: 366, 285: 16, 286: 254, 287: 554, 288: 792, 289: 792, 290: 554, 291: 156, 292: 394, 293: 142, 294: 380, 295: 792, 296: 554, 299: 254, 300: 16, 301: 156, 302: 394, 303: 324, 304: 86, 305: 554, 306: 792, 307: 554, 308: 792, 309: 394, 310: 156, 311: 16, 312: 254, 313: 296, 314: 58, 321: 254, 322: 16, 323: 156, 324: 394, 325: 456, 326: 694, 327: 310, 328: 72, 329: 254, 330: 16, 335: 792, 336: 554, 337: 540, 338: 778, 341: 394, 342: 156, 343: 394, 344: 156, 349: 296, 350: 58, 351: 708, 352: 470, 353: 680, 354: 442, 369: 778, 370: 540, 371: 442, 372: 680, 373: 666, 374: 428, 375: 142, 376: 380, 377: 352, 378: 114, 379: 338, 380: 100, 381: 72, 382: 310, 385: 764, 386: 526, 391: 722, 392: 484, 393: 750, 394: 512, 401: 366, 402: 128, 403: 268, 404: 30, 405: 428, 406: 666, 413: 778, 414: 540, 435: 72, 436: 310, 439: 394, 440: 156, 443: 16, 444: 254, 449: 764, 450: 526, 471: 142, 472: 380, 473: 338, 474: 100, 475: 484, 476: 722, 477: 694, 478: 456, 479: 268, 480: 30, 481: 142, 482: 380, 517: 680, 518: 442, 519: 540, 520: 778, 537: 156, 538: 394, 539: 100, 540: 338, 541: 428, 542: 666, 545: 652, 546: 414, 551: 792, 552: 554, 553: 268, 554: 30, 555: 442, 556: 680, 557: 540, 558: 778, 559: 352, 560: 114, 561: 142, 562: 380, 563: 708, 564: 470, 565: 540, 566: 778, 567: 380, 568: 142, 569: 540, 570: 778, 571: 456, 572: 694, 573: 72, 574: 310, 575: 44, 576: 282, 577: 554, 578: 792, 579: 680, 580: 442, 581: 16, 582: 254, 583: 778, 584: 540, 585: 366, 586: 128, 587: 708, 588: 470, 589: 394, 590: 156, 591: 526, 592: 764, 593: 282, 594: 44, 595: 442, 596: 680, 597: 310, 598: 72, 599: 708, 600: 470, 601: 268, 602: 30, 603: 428, 604: 666, 605: 540, 606: 778, 607: 338, 608: 100, 613: 310, 614: 72, 615: 86, 616: 324, 617: 764, 618: 526, 619: 540, 620: 778, 621: 540, 622: 778, 623: 680, 624: 442, 625: 86, 626: 324, 629: 310, 630: 72, 631: 442, 632: 680, 633: 128, 634: 366, 635: 708, 636: 470, 639: 86, 640: 324, 641: 114, 642: 352, 643: 114, 644: 352, 645: 44, 646: 282, 651: 324, 652: 86, 653: 708, 654: 470, 661: 680, 662: 442, 663: 470, 664: 708, 665: 394, 666: 156, 667: 778, 668: 540, 671: 310, 672: 72, 711: 394, 712: 156, 713: 296, 714: 58, 715: 694, 716: 456, 717: 142, 718: 380, 719: 254, 720: 16, 721: 554, 722: 792, 723: 456, 724: 694, 739: 680, 740: 442, 741: 442, 742: 680, 743: 352, 744: 114, 745: 58, 746: 296, 747: 540, 748: 778, 751: 526, 752: 764, 753: 86, 754: 324, 755: 694, 756: 456, 757: 142, 758: 380, 759: 540, 760: 778, 763: 540, 764: 778, 765: 16, 766: 254, 767: 324, 768: 86, 769: 268, 770: 30, 773: 100, 774: 338, 775: 540, 776: 778, 783: 778, 784: 540, 785: 722, 786: 484, 787: 498, 788: 736, 789: 282, 790: 44, 791: 666, 792: 428, 793: 268, 794: 30, 795: 498, 796: 736, 797: 428, 798: 666, 799: 268, 800: 30, 801: 764, 802: 526, 803: 30, 804: 268, 805: 484, 806: 722, 807: 30, 808: 268, 809: 554, 810: 792, 811: 498, 812: 736, 813: 352, 814: 114, 815: 498, 816: 736, 817: 282, 818: 44, 825: 268, 826: 30, 827: 694, 828: 456, 829: 778, 830: 540, 879: 380, 880: 142, 911: 114, 912: 352, 913: 380, 914: 142, 915: 128, 916: 366}
Number of lables used:  44
Total time: 1.94 seconds
Memory used: 279.34 MB
--------------------------------------------------

Trying with at most 43 labels...
Solution:
{13: 156, 14: 394, 15: 156, 16: 394, 53: 16, 54: 254, 71: 44, 72: 282, 79: 792, 80: 554, 81: 254, 82: 16, 83: 128, 84: 366, 85: 414, 86: 652, 117: 792, 118: 554, 119: 554, 120: 792, 127: 16, 128: 254, 129: 708, 130: 470, 143: 666, 144: 428, 145: 442, 146: 680, 151: 72, 152: 310, 153: 414, 154: 652, 163: 128, 164: 366, 165: 764, 166: 526, 179: 44, 180: 282, 181: 282, 182: 44, 183: 442, 184: 680, 191: 736, 192: 498, 193: 254, 194: 16, 205: 310, 206: 72, 209: 736, 210: 498, 211: 792, 212: 554, 213: 310, 214: 72, 217: 764, 218: 526, 219: 324, 220: 86, 233: 428, 234: 666, 235: 30, 236: 268, 237: 484, 238: 722, 255: 254, 256: 16, 259: 44, 260: 282, 261: 254, 262: 16, 263: 254, 264: 16, 265: 16, 266: 254, 267: 484, 268: 722, 269: 296, 270: 58, 271: 296, 272: 58, 273: 16, 274: 254, 275: 16, 276: 254, 277: 296, 278: 58, 281: 394, 282: 156, 283: 128, 284: 366, 285: 16, 286: 254, 287: 254, 288: 16, 289: 736, 290: 498, 291: 156, 292: 394, 293: 240, 294: 478, 295: 792, 296: 554, 299: 254, 300: 16, 301: 156, 302: 394, 303: 324, 304: 86, 305: 554, 306: 792, 307: 526, 308: 764, 309: 394, 310: 156, 311: 16, 312: 254, 313: 296, 314: 58, 321: 254, 322: 16, 323: 156, 324: 394, 325: 428, 326: 666, 327: 268, 328: 30, 329: 254, 330: 16, 335: 708, 336: 470, 337: 442, 338: 680, 341: 394, 342: 156, 343: 394, 344: 156, 349: 268, 350: 30, 351: 680, 352: 442, 353: 680, 354: 442, 369: 764, 370: 526, 371: 414, 372: 652, 373: 694, 374: 456, 375: 114, 376: 352, 377: 352, 378: 114, 379: 352, 380: 114, 381: 86, 382: 324, 385: 764, 386: 526, 391: 722, 392: 484, 393: 764, 394: 526, 401: 366, 402: 128, 403: 268, 404: 30, 405: 428, 406: 666, 413: 694, 414: 456, 435: 778, 436: 540, 439: 394, 440: 156, 443: 16, 444: 254, 449: 764, 450: 526, 471: 666, 472: 428, 473: 352, 474: 114, 475: 352, 476: 114, 477: 680, 478: 442, 479: 268, 480: 30, 481: 666, 482: 428, 517: 666, 518: 428, 519: 442, 520: 680, 537: 128, 538: 366, 539: 72, 540: 310, 541: 428, 542: 666, 545: 652, 546: 414, 551: 792, 552: 554, 553: 254, 554: 16, 555: 428, 556: 666, 557: 526, 558: 764, 559: 352, 560: 114, 561: 114, 562: 352, 563: 708, 564: 470, 565: 498, 566: 736, 567: 268, 568: 30, 569: 526, 570: 764, 571: 470, 572: 708, 573: 30, 574: 268, 575: 44, 576: 282, 577: 554, 578: 792, 579: 666, 580: 428, 581: 16, 582: 254, 583: 764, 584: 526, 585: 366, 586: 128, 587: 666, 588: 428, 589: 254, 590: 16, 591: 526, 592: 764, 593: 268, 594: 30, 595: 428, 596: 666, 597: 310, 598: 72, 599: 680, 600: 442, 601: 268, 602: 30, 603: 428, 604: 666, 605: 268, 606: 30, 607: 324, 608: 86, 613: 310, 614: 72, 615: 86, 616: 324, 617: 764, 618: 526, 619: 540, 620: 778, 621: 540, 622: 778, 623: 680, 624: 442, 625: 30, 626: 268, 629: 310, 630: 72, 631: 428, 632: 666, 633: 114, 634: 352, 635: 666, 636: 428, 639: 86, 640: 324, 641: 114, 642: 352, 643: 114, 644: 352, 645: 44, 646: 282, 651: 254, 652: 16, 653: 666, 654: 428, 661: 680, 662: 442, 663: 428, 664: 666, 665: 394, 666: 156, 667: 778, 668: 540, 671: 310, 672: 72, 711: 282, 712: 44, 713: 296, 714: 58, 715: 694, 716: 456, 717: 128, 718: 366, 719: 254, 720: 16, 721: 554, 722: 792, 723: 442, 724: 680, 739: 666, 740: 428, 741: 442, 742: 680, 743: 324, 744: 86, 745: 44, 746: 282, 747: 484, 748: 722, 751: 526, 752: 764, 753: 30, 754: 268, 755: 666, 756: 428, 757: 114, 758: 352, 759: 428, 760: 666, 763: 540, 764: 778, 765: 16, 766: 254, 767: 324, 768: 86, 769: 268, 770: 30, 773: 114, 774: 352, 775: 428, 776: 666, 783: 44, 784: 282, 785: 694, 786: 456, 787: 498, 788: 736, 789: 282, 790: 44, 791: 666, 792: 428, 793: 268, 794: 30, 795: 526, 796: 764, 797: 456, 798: 694, 799: 282, 800: 44, 801: 764, 802: 526, 803: 30, 804: 268, 805: 666, 806: 428, 807: 30, 808: 268, 809: 484, 810: 722, 811: 428, 812: 666, 813: 282, 814: 44, 815: 442, 816: 680, 817: 268, 818: 30, 825: 268, 826: 30, 827: 694, 828: 456, 829: 764, 830: 526, 879: 268, 880: 30, 911: 114, 912: 352, 913: 268, 914: 30, 915: 16, 916: 254}
Number of lables used:  40
Total time: 1.99 seconds
--------------------------------------------------

Trying with at most 39 labels...
Cannot find solution.
No more solutions found.
Optimal number of labels used:  40
Total time: 2.58 seconds
Memory used: 270.33 MB
[runlim] end:			Tue Mar 24 01:39:09 2026
[runlim] status:		ok
[runlim] result:		0
[runlim] children:		1
[runlim] processes:		2
[runlim] real:			2.63 seconds
[runlim] time:			2.60 seconds
[runlim] space:			336 MB
[runlim] load:			1.00 maximum
[runlim] samples:		27
