[runlim] version:		2.0.0rc12
[runlim] host:			ap-Precision-7550
[runlim] time limit:		311040000 seconds
[runlim] real time limit:	600 seconds
[runlim] space limit:		14000 MB
[runlim] argv[0]:		python3
[runlim] argv[1]:		-u
[runlim] argv[2]:		pairwise_no_preprocessing.py
[runlim] argv[3]:		TUD200.3
[runlim] argv[4]:		nsc
[runlim] argv[5]:		assumptions
[runlim] argv[6]:		cadical195
[runlim] start:			Sat Jun 27 01:35:33 2026
[runlim] child:			17251
Exactly-one cardinality encoding:  1
Distance constraint mode:  pairwise
Distance cardinality encoding:  1
Objective strategy:  nsc
SAT type:  assumptions
Solver:  cadical195
Number of assignment variables:  7240
Number of clauses for exactly one constraints:  139500
Number of clauses for distance constraints:  164491
---------------------------------------------------
Solve first problem:
Solution:
{1: 526, 2: 764, 3: 470, 4: 708, 5: 72, 6: 310, 7: 380, 8: 142, 9: 414, 10: 652, 11: 142, 12: 380, 13: 380, 14: 142, 15: 296, 16: 58, 17: 142, 18: 380, 19: 72, 20: 310, 21: 526, 22: 764, 23: 512, 24: 750, 25: 268, 26: 30, 27: 30, 28: 268, 29: 268, 30: 30, 31: 254, 32: 16, 33: 540, 34: 778, 35: 44, 36: 282, 37: 764, 38: 526, 39: 268, 40: 30, 41: 72, 42: 310, 43: 128, 44: 366, 45: 484, 46: 722, 47: 352, 48: 114, 49: 554, 50: 792, 51: 456, 52: 694, 53: 324, 54: 86, 55: 394, 56: 156, 57: 442, 58: 680, 59: 526, 60: 764, 61: 310, 62: 72, 63: 156, 64: 394, 65: 16, 66: 254, 67: 414, 68: 652, 69: 722, 70: 484, 71: 268, 72: 30, 73: 352, 74: 114, 75: 442, 76: 680, 77: 156, 78: 394, 79: 58, 80: 296, 81: 554, 82: 792, 83: 512, 84: 750, 85: 428, 86: 666, 87: 722, 88: 484, 89: 792, 90: 554, 91: 554, 92: 792, 93: 58, 94: 296, 95: 268, 96: 30, 97: 478, 98: 240, 99: 170, 100: 408, 101: 352, 102: 114, 103: 296, 104: 58, 105: 498, 106: 736, 107: 100, 108: 338, 109: 394, 110: 156, 111: 540, 112: 778, 113: 16, 114: 254, 115: 254, 116: 16, 117: 100, 118: 338, 119: 310, 120: 72, 121: 240, 122: 478, 123: 512, 124: 750, 125: 498, 126: 736, 127: 428, 128: 666, 129: 268, 130: 30, 131: 240, 132: 478, 133: 498, 134: 736, 135: 554, 136: 792, 137: 652, 138: 414, 139: 554, 140: 792, 141: 498, 142: 736, 143: 254, 144: 16, 145: 16, 146: 254, 147: 268, 148: 30, 149: 254, 150: 16, 151: 352, 152: 114, 153: 324, 154: 86, 155: 394, 156: 156, 157: 540, 158: 778, 159: 512, 160: 750, 161: 554, 162: 792, 163: 554, 164: 792, 165: 254, 166: 16, 167: 442, 168: 680, 169: 498, 170: 736, 171: 554, 172: 792, 173: 100, 174: 338, 175: 470, 176: 708, 177: 442, 178: 680, 179: 142, 180: 380, 181: 652, 182: 414, 183: 498, 184: 736, 185: 484, 186: 722, 187: 254, 188: 16, 189: 498, 190: 736, 191: 540, 192: 778, 193: 484, 194: 722, 195: 72, 196: 310, 197: 526, 198: 764, 199: 554, 200: 792}
Number of lables used:  48
Total time: 0.26 seconds
Memory used: 53.15 MB
--------------------------------------------------
Number of label variables:  48
Number of clauses for label constraints:  7238
Number of new variables for cardinality constraints:  1175
Number of clauses for cardinality constraints:  4606
Initial variable count:  8463
Initial clause count:  315948
--------------------------------------------------

Trying with at most 47 labels...
Solution:
{1: 526, 2: 764, 3: 470, 4: 708, 5: 72, 6: 310, 7: 526, 8: 764, 9: 414, 10: 652, 11: 408, 12: 170, 13: 380, 14: 142, 15: 296, 16: 58, 17: 142, 18: 380, 19: 72, 20: 310, 21: 526, 22: 764, 23: 512, 24: 750, 25: 268, 26: 30, 27: 30, 28: 268, 29: 268, 30: 30, 31: 254, 32: 16, 33: 540, 34: 778, 35: 44, 36: 282, 37: 764, 38: 526, 39: 268, 40: 30, 41: 394, 42: 156, 43: 128, 44: 366, 45: 484, 46: 722, 47: 352, 48: 114, 49: 254, 50: 16, 51: 456, 52: 694, 53: 324, 54: 86, 55: 394, 56: 156, 57: 442, 58: 680, 59: 526, 60: 764, 61: 310, 62: 72, 63: 296, 64: 58, 65: 16, 66: 254, 67: 414, 68: 652, 69: 722, 70: 484, 71: 268, 72: 30, 73: 352, 74: 114, 75: 442, 76: 680, 77: 156, 78: 394, 79: 58, 80: 296, 81: 324, 82: 86, 83: 310, 84: 72, 85: 428, 86: 666, 87: 722, 88: 484, 89: 764, 90: 526, 91: 414, 92: 652, 93: 58, 94: 296, 95: 268, 96: 30, 97: 478, 98: 240, 99: 170, 100: 408, 101: 352, 102: 114, 103: 296, 104: 58, 105: 498, 106: 736, 107: 100, 108: 338, 109: 282, 110: 44, 111: 540, 112: 778, 113: 16, 114: 254, 115: 254, 116: 16, 117: 100, 118: 338, 119: 310, 120: 72, 121: 240, 122: 478, 123: 512, 124: 750, 125: 498, 126: 736, 127: 428, 128: 666, 129: 268, 130: 30, 131: 240, 132: 478, 133: 498, 134: 736, 135: 114, 136: 352, 137: 652, 138: 414, 139: 652, 140: 414, 141: 498, 142: 736, 143: 778, 144: 540, 145: 16, 146: 254, 147: 268, 148: 30, 149: 254, 150: 16, 151: 352, 152: 114, 153: 324, 154: 86, 155: 394, 156: 156, 157: 540, 158: 778, 159: 512, 160: 750, 161: 778, 162: 540, 163: 470, 164: 708, 165: 254, 166: 16, 167: 442, 168: 680, 169: 498, 170: 736, 171: 380, 172: 142, 173: 100, 174: 338, 175: 470, 176: 708, 177: 268, 178: 30, 179: 142, 180: 380, 181: 652, 182: 414, 183: 428, 184: 666, 185: 484, 186: 722, 187: 254, 188: 16, 189: 498, 190: 736, 191: 540, 192: 778, 193: 484, 194: 722, 195: 72, 196: 310, 197: 526, 198: 764, 199: 254, 200: 16}
Number of lables used:  46
Total time: 0.27 seconds
Memory used: 55.63 MB
--------------------------------------------------

Trying with at most 45 labels...
Solution:
{1: 526, 2: 764, 3: 470, 4: 708, 5: 72, 6: 310, 7: 526, 8: 764, 9: 414, 10: 652, 11: 408, 12: 170, 13: 380, 14: 142, 15: 296, 16: 58, 17: 142, 18: 380, 19: 72, 20: 310, 21: 526, 22: 764, 23: 30, 24: 268, 25: 268, 26: 30, 27: 30, 28: 268, 29: 268, 30: 30, 31: 254, 32: 16, 33: 282, 34: 44, 35: 44, 36: 282, 37: 764, 38: 526, 39: 268, 40: 30, 41: 394, 42: 156, 43: 128, 44: 366, 45: 484, 46: 722, 47: 352, 48: 114, 49: 764, 50: 526, 51: 72, 52: 310, 53: 324, 54: 86, 55: 470, 56: 708, 57: 442, 58: 680, 59: 526, 60: 764, 61: 310, 62: 72, 63: 296, 64: 58, 65: 16, 66: 254, 67: 414, 68: 652, 69: 722, 70: 484, 71: 268, 72: 30, 73: 352, 74: 114, 75: 30, 76: 268, 77: 156, 78: 394, 79: 58, 80: 296, 81: 324, 82: 86, 83: 310, 84: 72, 85: 428, 86: 666, 87: 722, 88: 484, 89: 764, 90: 526, 91: 414, 92: 652, 93: 58, 94: 296, 95: 268, 96: 30, 97: 478, 98: 240, 99: 170, 100: 408, 101: 352, 102: 114, 103: 296, 104: 58, 105: 498, 106: 736, 107: 100, 108: 338, 109: 282, 110: 44, 111: 540, 112: 778, 113: 16, 114: 254, 115: 254, 116: 16, 117: 100, 118: 338, 119: 310, 120: 72, 121: 240, 122: 478, 123: 338, 124: 100, 125: 498, 126: 736, 127: 428, 128: 666, 129: 268, 130: 30, 131: 240, 132: 478, 133: 498, 134: 736, 135: 114, 136: 352, 137: 652, 138: 414, 139: 652, 140: 414, 141: 428, 142: 666, 143: 778, 144: 540, 145: 16, 146: 254, 147: 268, 148: 30, 149: 254, 150: 16, 151: 352, 152: 114, 153: 324, 154: 86, 155: 394, 156: 156, 157: 540, 158: 778, 159: 736, 160: 498, 161: 778, 162: 540, 163: 470, 164: 708, 165: 254, 166: 16, 167: 442, 168: 680, 169: 498, 170: 736, 171: 380, 172: 142, 173: 100, 174: 338, 175: 470, 176: 708, 177: 268, 178: 30, 179: 142, 180: 380, 181: 652, 182: 414, 183: 428, 184: 666, 185: 484, 186: 722, 187: 254, 188: 16, 189: 498, 190: 736, 191: 540, 192: 778, 193: 484, 194: 722, 195: 72, 196: 310, 197: 526, 198: 764, 199: 254, 200: 16}
Number of lables used:  42
Total time: 0.27 seconds
Memory used: 55.63 MB
--------------------------------------------------

Trying with at most 41 labels...
Solution:
{1: 526, 2: 764, 3: 470, 4: 708, 5: 72, 6: 310, 7: 526, 8: 764, 9: 414, 10: 652, 11: 408, 12: 170, 13: 380, 14: 142, 15: 296, 16: 58, 17: 142, 18: 380, 19: 72, 20: 310, 21: 540, 22: 778, 23: 30, 24: 268, 25: 30, 26: 268, 27: 30, 28: 268, 29: 268, 30: 30, 31: 254, 32: 16, 33: 282, 34: 44, 35: 44, 36: 282, 37: 764, 38: 526, 39: 268, 40: 30, 41: 394, 42: 156, 43: 58, 44: 296, 45: 142, 46: 380, 47: 352, 48: 114, 49: 764, 50: 526, 51: 72, 52: 310, 53: 338, 54: 100, 55: 470, 56: 708, 57: 442, 58: 680, 59: 526, 60: 764, 61: 310, 62: 72, 63: 296, 64: 58, 65: 16, 66: 254, 67: 414, 68: 652, 69: 722, 70: 484, 71: 268, 72: 30, 73: 352, 74: 114, 75: 30, 76: 268, 77: 156, 78: 394, 79: 58, 80: 296, 81: 324, 82: 86, 83: 72, 84: 310, 85: 428, 86: 666, 87: 722, 88: 484, 89: 764, 90: 526, 91: 414, 92: 652, 93: 58, 94: 296, 95: 268, 96: 30, 97: 478, 98: 240, 99: 170, 100: 408, 101: 352, 102: 114, 103: 296, 104: 58, 105: 498, 106: 736, 107: 100, 108: 338, 109: 282, 110: 44, 111: 540, 112: 778, 113: 16, 114: 254, 115: 16, 116: 254, 117: 100, 118: 338, 119: 310, 120: 72, 121: 240, 122: 478, 123: 338, 124: 100, 125: 498, 126: 736, 127: 428, 128: 666, 129: 268, 130: 30, 131: 240, 132: 478, 133: 498, 134: 736, 135: 114, 136: 352, 137: 652, 138: 414, 139: 708, 140: 470, 141: 428, 142: 666, 143: 778, 144: 540, 145: 16, 146: 254, 147: 268, 148: 30, 149: 254, 150: 16, 151: 352, 152: 114, 153: 324, 154: 86, 155: 394, 156: 156, 157: 540, 158: 778, 159: 736, 160: 498, 161: 778, 162: 540, 163: 470, 164: 708, 165: 254, 166: 16, 167: 442, 168: 680, 169: 498, 170: 736, 171: 380, 172: 142, 173: 100, 174: 338, 175: 470, 176: 708, 177: 268, 178: 30, 179: 142, 180: 380, 181: 652, 182: 414, 183: 428, 184: 666, 185: 484, 186: 722, 187: 254, 188: 16, 189: 498, 190: 736, 191: 540, 192: 778, 193: 484, 194: 722, 195: 72, 196: 310, 197: 526, 198: 764, 199: 254, 200: 16}
Number of lables used:  40
Total time: 0.27 seconds
Memory used: 55.63 MB
--------------------------------------------------

Trying with at most 39 labels...
Solution:
{1: 526, 2: 764, 3: 470, 4: 708, 5: 72, 6: 310, 7: 526, 8: 764, 9: 414, 10: 652, 11: 408, 12: 170, 13: 380, 14: 142, 15: 296, 16: 58, 17: 142, 18: 380, 19: 72, 20: 310, 21: 540, 22: 778, 23: 30, 24: 268, 25: 30, 26: 268, 27: 30, 28: 268, 29: 268, 30: 30, 31: 254, 32: 16, 33: 282, 34: 44, 35: 44, 36: 282, 37: 764, 38: 526, 39: 268, 40: 30, 41: 394, 42: 156, 43: 58, 44: 296, 45: 142, 46: 380, 47: 352, 48: 114, 49: 764, 50: 526, 51: 72, 52: 310, 53: 338, 54: 100, 55: 470, 56: 708, 57: 30, 58: 268, 59: 526, 60: 764, 61: 310, 62: 72, 63: 296, 64: 58, 65: 16, 66: 254, 67: 414, 68: 652, 69: 722, 70: 484, 71: 268, 72: 30, 73: 352, 74: 114, 75: 30, 76: 268, 77: 156, 78: 394, 79: 58, 80: 296, 81: 324, 82: 86, 83: 72, 84: 310, 85: 428, 86: 666, 87: 722, 88: 484, 89: 764, 90: 526, 91: 414, 92: 652, 93: 58, 94: 296, 95: 268, 96: 30, 97: 478, 98: 240, 99: 170, 100: 408, 101: 352, 102: 114, 103: 296, 104: 58, 105: 498, 106: 736, 107: 100, 108: 338, 109: 282, 110: 44, 111: 540, 112: 778, 113: 16, 114: 254, 115: 16, 116: 254, 117: 100, 118: 338, 119: 310, 120: 72, 121: 240, 122: 478, 123: 338, 124: 100, 125: 498, 126: 736, 127: 428, 128: 666, 129: 268, 130: 30, 131: 240, 132: 478, 133: 498, 134: 736, 135: 114, 136: 352, 137: 652, 138: 414, 139: 708, 140: 470, 141: 428, 142: 666, 143: 778, 144: 540, 145: 16, 146: 254, 147: 268, 148: 30, 149: 254, 150: 16, 151: 352, 152: 114, 153: 324, 154: 86, 155: 394, 156: 156, 157: 540, 158: 778, 159: 736, 160: 498, 161: 778, 162: 540, 163: 470, 164: 708, 165: 254, 166: 16, 167: 86, 168: 324, 169: 498, 170: 736, 171: 380, 172: 142, 173: 100, 174: 338, 175: 470, 176: 708, 177: 268, 178: 30, 179: 142, 180: 380, 181: 652, 182: 414, 183: 428, 184: 666, 185: 484, 186: 722, 187: 254, 188: 16, 189: 498, 190: 736, 191: 540, 192: 778, 193: 484, 194: 722, 195: 72, 196: 310, 197: 526, 198: 764, 199: 254, 200: 16}
Number of lables used:  38
Total time: 0.27 seconds
Memory used: 55.63 MB
--------------------------------------------------

Trying with at most 37 labels...
Solution:
{1: 526, 2: 764, 3: 470, 4: 708, 5: 72, 6: 310, 7: 526, 8: 764, 9: 414, 10: 652, 11: 142, 12: 380, 13: 380, 14: 142, 15: 296, 16: 58, 17: 240, 18: 478, 19: 72, 20: 310, 21: 540, 22: 778, 23: 380, 24: 142, 25: 30, 26: 268, 27: 652, 28: 414, 29: 268, 30: 30, 31: 254, 32: 16, 33: 142, 34: 380, 35: 44, 36: 282, 37: 764, 38: 526, 39: 268, 40: 30, 41: 58, 42: 296, 43: 58, 44: 296, 45: 142, 46: 380, 47: 352, 48: 114, 49: 764, 50: 526, 51: 72, 52: 310, 53: 338, 54: 100, 55: 470, 56: 708, 57: 30, 58: 268, 59: 526, 60: 764, 61: 310, 62: 72, 63: 652, 64: 414, 65: 16, 66: 254, 67: 414, 68: 652, 69: 722, 70: 484, 71: 268, 72: 30, 73: 352, 74: 114, 75: 30, 76: 268, 77: 380, 78: 142, 79: 58, 80: 296, 81: 324, 82: 86, 83: 72, 84: 310, 85: 428, 86: 666, 87: 414, 88: 652, 89: 764, 90: 526, 91: 414, 92: 652, 93: 58, 94: 296, 95: 268, 96: 30, 97: 240, 98: 478, 99: 142, 100: 380, 101: 414, 102: 652, 103: 296, 104: 58, 105: 498, 106: 736, 107: 100, 108: 338, 109: 470, 110: 708, 111: 540, 112: 778, 113: 16, 114: 254, 115: 16, 116: 254, 117: 100, 118: 338, 119: 310, 120: 72, 121: 240, 122: 478, 123: 380, 124: 142, 125: 526, 126: 764, 127: 428, 128: 666, 129: 268, 130: 30, 131: 380, 132: 142, 133: 498, 134: 736, 135: 470, 136: 708, 137: 86, 138: 324, 139: 708, 140: 470, 141: 428, 142: 666, 143: 778, 144: 540, 145: 16, 146: 254, 147: 268, 148: 30, 149: 254, 150: 16, 151: 352, 152: 114, 153: 324, 154: 86, 155: 44, 156: 282, 157: 352, 158: 114, 159: 736, 160: 498, 161: 778, 162: 540, 163: 470, 164: 708, 165: 254, 166: 16, 167: 86, 168: 324, 169: 498, 170: 736, 171: 380, 172: 142, 173: 100, 174: 338, 175: 470, 176: 708, 177: 268, 178: 30, 179: 142, 180: 380, 181: 652, 182: 414, 183: 428, 184: 666, 185: 484, 186: 722, 187: 254, 188: 16, 189: 498, 190: 736, 191: 540, 192: 778, 193: 484, 194: 722, 195: 72, 196: 310, 197: 526, 198: 764, 199: 254, 200: 16}
Number of lables used:  34
Total time: 0.27 seconds
Memory used: 55.64 MB
--------------------------------------------------

Trying with at most 33 labels...
Solution:
{1: 764, 2: 526, 3: 296, 4: 58, 5: 16, 6: 254, 7: 296, 8: 58, 9: 254, 10: 16, 11: 170, 12: 408, 13: 380, 14: 142, 15: 296, 16: 58, 17: 240, 18: 478, 19: 414, 20: 652, 21: 792, 22: 554, 23: 380, 24: 142, 25: 268, 26: 30, 27: 652, 28: 414, 29: 554, 30: 792, 31: 254, 32: 16, 33: 86, 34: 324, 35: 58, 36: 296, 37: 86, 38: 324, 39: 414, 40: 652, 41: 58, 42: 296, 43: 680, 44: 442, 45: 86, 46: 324, 47: 30, 48: 268, 49: 254, 50: 16, 51: 722, 52: 484, 53: 484, 54: 722, 55: 736, 56: 498, 57: 142, 58: 380, 59: 296, 60: 58, 61: 324, 62: 86, 63: 142, 64: 380, 65: 16, 66: 254, 67: 442, 68: 680, 69: 142, 70: 380, 71: 268, 72: 30, 73: 652, 74: 414, 75: 764, 76: 526, 77: 86, 78: 324, 79: 86, 80: 324, 81: 324, 82: 86, 83: 470, 84: 708, 85: 442, 86: 680, 87: 484, 88: 722, 89: 414, 90: 652, 91: 498, 92: 736, 93: 680, 94: 442, 95: 268, 96: 30, 97: 142, 98: 380, 99: 142, 100: 380, 101: 414, 102: 652, 103: 324, 104: 86, 105: 268, 106: 30, 107: 708, 108: 470, 109: 554, 110: 792, 111: 30, 112: 268, 113: 16, 114: 254, 115: 142, 116: 380, 117: 268, 118: 30, 119: 764, 120: 526, 121: 240, 122: 478, 123: 16, 124: 254, 125: 526, 126: 764, 127: 442, 128: 680, 129: 268, 130: 30, 131: 478, 132: 240, 133: 470, 134: 708, 135: 722, 136: 484, 137: 554, 138: 792, 139: 722, 140: 484, 141: 296, 142: 58, 143: 254, 144: 16, 145: 708, 146: 470, 147: 792, 148: 554, 149: 58, 150: 296, 151: 86, 152: 324, 153: 324, 154: 86, 155: 792, 156: 554, 157: 442, 158: 680, 159: 142, 160: 380, 161: 792, 162: 554, 163: 470, 164: 708, 165: 268, 166: 30, 167: 380, 168: 142, 169: 680, 170: 442, 171: 470, 172: 708, 173: 30, 174: 268, 175: 324, 176: 86, 177: 142, 178: 380, 179: 142, 180: 380, 181: 86, 182: 324, 183: 86, 184: 324, 185: 30, 186: 268, 187: 16, 188: 254, 189: 58, 190: 296, 191: 680, 192: 442, 193: 736, 194: 498, 195: 16, 196: 254, 197: 554, 198: 792, 199: 254, 200: 16}
Number of lables used:  28
Total time: 0.28 seconds
Memory used: 55.65 MB
--------------------------------------------------

Trying with at most 27 labels...
Solution:
{1: 764, 2: 526, 3: 296, 4: 58, 5: 16, 6: 254, 7: 296, 8: 58, 9: 254, 10: 16, 11: 170, 12: 408, 13: 380, 14: 142, 15: 296, 16: 58, 17: 240, 18: 478, 19: 414, 20: 652, 21: 792, 22: 554, 23: 380, 24: 142, 25: 268, 26: 30, 27: 652, 28: 414, 29: 554, 30: 792, 31: 254, 32: 16, 33: 86, 34: 324, 35: 58, 36: 296, 37: 86, 38: 324, 39: 414, 40: 652, 41: 58, 42: 296, 43: 680, 44: 442, 45: 86, 46: 324, 47: 30, 48: 268, 49: 254, 50: 16, 51: 736, 52: 498, 53: 380, 54: 142, 55: 736, 56: 498, 57: 142, 58: 380, 59: 296, 60: 58, 61: 324, 62: 86, 63: 142, 64: 380, 65: 16, 66: 254, 67: 442, 68: 680, 69: 142, 70: 380, 71: 268, 72: 30, 73: 652, 74: 414, 75: 764, 76: 526, 77: 86, 78: 324, 79: 86, 80: 324, 81: 324, 82: 86, 83: 470, 84: 708, 85: 442, 86: 680, 87: 498, 88: 736, 89: 414, 90: 652, 91: 498, 92: 736, 93: 680, 94: 442, 95: 268, 96: 30, 97: 142, 98: 380, 99: 142, 100: 380, 101: 414, 102: 652, 103: 324, 104: 86, 105: 268, 106: 30, 107: 708, 108: 470, 109: 554, 110: 792, 111: 30, 112: 268, 113: 16, 114: 254, 115: 142, 116: 380, 117: 268, 118: 30, 119: 764, 120: 526, 121: 240, 122: 478, 123: 16, 124: 254, 125: 526, 126: 764, 127: 442, 128: 680, 129: 268, 130: 30, 131: 478, 132: 240, 133: 470, 134: 708, 135: 736, 136: 498, 137: 554, 138: 792, 139: 680, 140: 442, 141: 296, 142: 58, 143: 254, 144: 16, 145: 708, 146: 470, 147: 792, 148: 554, 149: 58, 150: 296, 151: 86, 152: 324, 153: 324, 154: 86, 155: 792, 156: 554, 157: 442, 158: 680, 159: 142, 160: 380, 161: 792, 162: 554, 163: 470, 164: 708, 165: 268, 166: 30, 167: 380, 168: 142, 169: 680, 170: 442, 171: 470, 172: 708, 173: 30, 174: 268, 175: 324, 176: 86, 177: 142, 178: 380, 179: 142, 180: 380, 181: 86, 182: 324, 183: 86, 184: 324, 185: 30, 186: 268, 187: 16, 188: 254, 189: 58, 190: 296, 191: 680, 192: 442, 193: 736, 194: 498, 195: 16, 196: 254, 197: 554, 198: 792, 199: 254, 200: 16}
Number of lables used:  26
Total time: 0.28 seconds
Memory used: 55.65 MB
--------------------------------------------------

Trying with at most 25 labels...
Solution:
{1: 764, 2: 526, 3: 296, 4: 58, 5: 16, 6: 254, 7: 296, 8: 58, 9: 254, 10: 16, 11: 170, 12: 408, 13: 380, 14: 142, 15: 296, 16: 58, 17: 240, 18: 478, 19: 414, 20: 652, 21: 792, 22: 554, 23: 380, 24: 142, 25: 268, 26: 30, 27: 652, 28: 414, 29: 554, 30: 792, 31: 254, 32: 16, 33: 86, 34: 324, 35: 58, 36: 296, 37: 86, 38: 324, 39: 414, 40: 652, 41: 58, 42: 296, 43: 680, 44: 442, 45: 86, 46: 324, 47: 30, 48: 268, 49: 254, 50: 16, 51: 736, 52: 498, 53: 380, 54: 142, 55: 736, 56: 498, 57: 142, 58: 380, 59: 296, 60: 58, 61: 324, 62: 86, 63: 142, 64: 380, 65: 16, 66: 254, 67: 442, 68: 680, 69: 142, 70: 380, 71: 268, 72: 30, 73: 652, 74: 414, 75: 764, 76: 526, 77: 86, 78: 324, 79: 86, 80: 324, 81: 324, 82: 86, 83: 442, 84: 680, 85: 442, 86: 680, 87: 526, 88: 764, 89: 414, 90: 652, 91: 526, 92: 764, 93: 680, 94: 442, 95: 268, 96: 30, 97: 142, 98: 380, 99: 142, 100: 380, 101: 414, 102: 652, 103: 324, 104: 86, 105: 268, 106: 30, 107: 736, 108: 498, 109: 554, 110: 792, 111: 30, 112: 268, 113: 16, 114: 254, 115: 142, 116: 380, 117: 268, 118: 30, 119: 498, 120: 736, 121: 240, 122: 478, 123: 16, 124: 254, 125: 526, 126: 764, 127: 442, 128: 680, 129: 268, 130: 30, 131: 478, 132: 240, 133: 498, 134: 736, 135: 736, 136: 498, 137: 554, 138: 792, 139: 680, 140: 442, 141: 296, 142: 58, 143: 254, 144: 16, 145: 736, 146: 498, 147: 554, 148: 792, 149: 58, 150: 296, 151: 86, 152: 324, 153: 324, 154: 86, 155: 792, 156: 554, 157: 442, 158: 680, 159: 142, 160: 380, 161: 792, 162: 554, 163: 498, 164: 736, 165: 268, 166: 30, 167: 498, 168: 736, 169: 680, 170: 442, 171: 414, 172: 652, 173: 30, 174: 268, 175: 324, 176: 86, 177: 142, 178: 380, 179: 142, 180: 380, 181: 86, 182: 324, 183: 86, 184: 324, 185: 30, 186: 268, 187: 16, 188: 254, 189: 58, 190: 296, 191: 680, 192: 442, 193: 736, 194: 498, 195: 16, 196: 254, 197: 554, 198: 792, 199: 254, 200: 16}
Number of lables used:  24
Total time: 0.28 seconds
Memory used: 55.66 MB
--------------------------------------------------

Trying with at most 23 labels...
Solution:
{1: 736, 2: 498, 3: 324, 4: 86, 5: 16, 6: 254, 7: 380, 8: 142, 9: 254, 10: 16, 11: 170, 12: 408, 13: 380, 14: 142, 15: 30, 16: 268, 17: 240, 18: 478, 19: 554, 20: 792, 21: 792, 22: 554, 23: 30, 24: 268, 25: 268, 26: 30, 27: 652, 28: 414, 29: 554, 30: 792, 31: 254, 32: 16, 33: 736, 34: 498, 35: 142, 36: 380, 37: 86, 38: 324, 39: 414, 40: 652, 41: 324, 42: 86, 43: 680, 44: 442, 45: 86, 46: 324, 47: 30, 48: 268, 49: 16, 50: 254, 51: 86, 52: 324, 53: 380, 54: 142, 55: 736, 56: 498, 57: 142, 58: 380, 59: 414, 60: 652, 61: 324, 62: 86, 63: 792, 64: 554, 65: 16, 66: 254, 67: 442, 68: 680, 69: 142, 70: 380, 71: 268, 72: 30, 73: 652, 74: 414, 75: 764, 76: 526, 77: 142, 78: 380, 79: 86, 80: 324, 81: 442, 82: 680, 83: 414, 84: 652, 85: 442, 86: 680, 87: 498, 88: 736, 89: 442, 90: 680, 91: 254, 92: 16, 93: 680, 94: 442, 95: 268, 96: 30, 97: 142, 98: 380, 99: 142, 100: 380, 101: 414, 102: 652, 103: 142, 104: 380, 105: 268, 106: 30, 107: 16, 108: 254, 109: 554, 110: 792, 111: 30, 112: 268, 113: 16, 114: 254, 115: 142, 116: 380, 117: 268, 118: 30, 119: 498, 120: 736, 121: 240, 122: 478, 123: 16, 124: 254, 125: 680, 126: 442, 127: 442, 128: 680, 129: 268, 130: 30, 131: 478, 132: 240, 133: 498, 134: 736, 135: 380, 136: 142, 137: 86, 138: 324, 139: 764, 140: 526, 141: 324, 142: 86, 143: 86, 144: 324, 145: 736, 146: 498, 147: 554, 148: 792, 149: 86, 150: 324, 151: 86, 152: 324, 153: 324, 154: 86, 155: 792, 156: 554, 157: 442, 158: 680, 159: 142, 160: 380, 161: 792, 162: 554, 163: 498, 164: 736, 165: 268, 166: 30, 167: 442, 168: 680, 169: 736, 170: 498, 171: 526, 172: 764, 173: 30, 174: 268, 175: 414, 176: 652, 177: 414, 178: 652, 179: 142, 180: 380, 181: 86, 182: 324, 183: 86, 184: 324, 185: 30, 186: 268, 187: 16, 188: 254, 189: 764, 190: 526, 191: 268, 192: 30, 193: 736, 194: 498, 195: 16, 196: 254, 197: 554, 198: 792, 199: 254, 200: 16}
Number of lables used:  22
Total time: 0.28 seconds
Memory used: 55.66 MB
--------------------------------------------------

Trying with at most 21 labels...
Solution:
{1: 736, 2: 498, 3: 296, 4: 58, 5: 142, 6: 380, 7: 296, 8: 58, 9: 296, 10: 58, 11: 380, 12: 142, 13: 498, 14: 736, 15: 58, 16: 296, 17: 142, 18: 380, 19: 792, 20: 554, 21: 792, 22: 554, 23: 652, 24: 414, 25: 380, 26: 142, 27: 652, 28: 414, 29: 554, 30: 792, 31: 380, 32: 142, 33: 30, 34: 268, 35: 442, 36: 680, 37: 58, 38: 296, 39: 414, 40: 652, 41: 16, 42: 254, 43: 680, 44: 442, 45: 254, 46: 16, 47: 30, 48: 268, 49: 254, 50: 16, 51: 142, 52: 380, 53: 30, 54: 268, 55: 736, 56: 498, 57: 442, 58: 680, 59: 296, 60: 58, 61: 254, 62: 16, 63: 792, 64: 554, 65: 142, 66: 380, 67: 442, 68: 680, 69: 30, 70: 268, 71: 268, 72: 30, 73: 792, 74: 554, 75: 58, 76: 296, 77: 16, 78: 254, 79: 58, 80: 296, 81: 442, 82: 680, 83: 442, 84: 680, 85: 498, 86: 736, 87: 142, 88: 380, 89: 554, 90: 792, 91: 498, 92: 736, 93: 414, 94: 652, 95: 268, 96: 30, 97: 142, 98: 380, 99: 170, 100: 408, 101: 792, 102: 554, 103: 414, 104: 652, 105: 268, 106: 30, 107: 736, 108: 498, 109: 792, 110: 554, 111: 30, 112: 268, 113: 16, 114: 254, 115: 142, 116: 380, 117: 442, 118: 680, 119: 498, 120: 736, 121: 240, 122: 478, 123: 58, 124: 296, 125: 442, 126: 680, 127: 652, 128: 414, 129: 736, 130: 498, 131: 478, 132: 240, 133: 268, 134: 30, 135: 680, 136: 442, 137: 652, 138: 414, 139: 792, 140: 554, 141: 380, 142: 142, 143: 254, 144: 16, 145: 792, 146: 554, 147: 554, 148: 792, 149: 58, 150: 296, 151: 142, 152: 380, 153: 254, 154: 16, 155: 414, 156: 652, 157: 30, 158: 268, 159: 16, 160: 254, 161: 792, 162: 554, 163: 554, 164: 792, 165: 296, 166: 58, 167: 142, 168: 380, 169: 296, 170: 58, 171: 554, 172: 792, 173: 58, 174: 296, 175: 442, 176: 680, 177: 414, 178: 652, 179: 478, 180: 240, 181: 16, 182: 254, 183: 142, 184: 380, 185: 296, 186: 58, 187: 30, 188: 268, 189: 30, 190: 268, 191: 142, 192: 380, 193: 736, 194: 498, 195: 380, 196: 142, 197: 554, 198: 792, 199: 380, 200: 142}
Number of lables used:  20
Total time: 0.30 seconds
Memory used: 55.66 MB
--------------------------------------------------

Trying with at most 19 labels...
Solution:
{1: 456, 2: 694, 3: 652, 4: 414, 5: 30, 6: 268, 7: 268, 8: 30, 9: 652, 10: 414, 11: 478, 12: 240, 13: 652, 14: 414, 15: 414, 16: 652, 17: 240, 18: 478, 19: 128, 20: 366, 21: 72, 22: 310, 23: 456, 24: 694, 25: 484, 26: 722, 27: 750, 28: 512, 29: 310, 30: 72, 31: 310, 32: 72, 33: 722, 34: 484, 35: 72, 36: 310, 37: 72, 38: 310, 39: 652, 40: 414, 41: 30, 42: 268, 43: 456, 44: 694, 45: 512, 46: 750, 47: 722, 48: 484, 49: 414, 50: 652, 51: 366, 52: 128, 53: 30, 54: 268, 55: 512, 56: 750, 57: 30, 58: 268, 59: 268, 60: 30, 61: 30, 62: 268, 63: 456, 64: 694, 65: 128, 66: 366, 67: 30, 68: 268, 69: 30, 70: 268, 71: 722, 72: 484, 73: 694, 74: 456, 75: 366, 76: 128, 77: 30, 78: 268, 79: 72, 80: 310, 81: 652, 82: 414, 83: 268, 84: 30, 85: 484, 86: 722, 87: 366, 88: 128, 89: 694, 90: 456, 91: 30, 92: 268, 93: 366, 94: 128, 95: 456, 96: 694, 97: 170, 98: 408, 99: 170, 100: 408, 101: 128, 102: 366, 103: 722, 104: 484, 105: 366, 106: 128, 107: 414, 108: 652, 109: 456, 110: 694, 111: 30, 112: 268, 113: 750, 114: 512, 115: 30, 116: 268, 117: 310, 118: 72, 119: 366, 120: 128, 121: 240, 122: 478, 123: 128, 124: 366, 125: 694, 126: 456, 127: 694, 128: 456, 129: 72, 130: 310, 131: 478, 132: 240, 133: 366, 134: 128, 135: 72, 136: 310, 137: 30, 138: 268, 139: 128, 140: 366, 141: 268, 142: 30, 143: 366, 144: 128, 145: 750, 146: 512, 147: 652, 148: 414, 149: 72, 150: 310, 151: 750, 152: 512, 153: 652, 154: 414, 155: 652, 156: 414, 157: 72, 158: 310, 159: 750, 160: 512, 161: 414, 162: 652, 163: 366, 164: 128, 165: 310, 166: 72, 167: 750, 168: 512, 169: 414, 170: 652, 171: 414, 172: 652, 173: 128, 174: 366, 175: 310, 176: 72, 177: 30, 178: 268, 179: 408, 180: 170, 181: 72, 182: 310, 183: 30, 184: 268, 185: 750, 186: 512, 187: 128, 188: 366, 189: 456, 190: 694, 191: 512, 192: 750, 193: 128, 194: 366, 195: 30, 196: 268, 197: 484, 198: 722, 199: 366, 200: 128}
Number of lables used:  18
Total time: 0.32 seconds
Memory used: 55.67 MB
--------------------------------------------------

Trying with at most 17 labels...
Solution:
{1: 456, 2: 694, 3: 554, 4: 792, 5: 30, 6: 268, 7: 30, 8: 268, 9: 652, 10: 414, 11: 240, 12: 478, 13: 554, 14: 792, 15: 652, 16: 414, 17: 408, 18: 170, 19: 554, 20: 792, 21: 268, 22: 30, 23: 554, 24: 792, 25: 554, 26: 792, 27: 792, 28: 554, 29: 512, 30: 750, 31: 338, 32: 100, 33: 456, 34: 694, 35: 456, 36: 694, 37: 30, 38: 268, 39: 792, 40: 554, 41: 100, 42: 338, 43: 750, 44: 512, 45: 512, 46: 750, 47: 456, 48: 694, 49: 30, 50: 268, 51: 100, 52: 338, 53: 30, 54: 268, 55: 30, 56: 268, 57: 414, 58: 652, 59: 268, 60: 30, 61: 338, 62: 100, 63: 512, 64: 750, 65: 512, 66: 750, 67: 414, 68: 652, 69: 338, 70: 100, 71: 456, 72: 694, 73: 750, 74: 512, 75: 512, 76: 750, 77: 30, 78: 268, 79: 750, 80: 512, 81: 414, 82: 652, 83: 414, 84: 652, 85: 456, 86: 694, 87: 750, 88: 512, 89: 554, 90: 792, 91: 652, 92: 414, 93: 554, 94: 792, 95: 338, 96: 100, 97: 408, 98: 170, 99: 478, 100: 240, 101: 694, 102: 456, 103: 414, 104: 652, 105: 694, 106: 456, 107: 456, 108: 694, 109: 268, 110: 30, 111: 100, 112: 338, 113: 792, 114: 554, 115: 792, 116: 554, 117: 30, 118: 268, 119: 750, 120: 512, 121: 408, 122: 170, 123: 512, 124: 750, 125: 268, 126: 30, 127: 652, 128: 414, 129: 512, 130: 750, 131: 408, 132: 170, 133: 338, 134: 100, 135: 100, 136: 338, 137: 30, 138: 268, 139: 100, 140: 338, 141: 338, 142: 100, 143: 694, 144: 456, 145: 30, 146: 268, 147: 694, 148: 456, 149: 30, 150: 268, 151: 792, 152: 554, 153: 338, 154: 100, 155: 554, 156: 792, 157: 456, 158: 694, 159: 414, 160: 652, 161: 100, 162: 338, 163: 512, 164: 750, 165: 268, 166: 30, 167: 792, 168: 554, 169: 652, 170: 414, 171: 652, 172: 414, 173: 512, 174: 750, 175: 750, 176: 512, 177: 512, 178: 750, 179: 170, 180: 408, 181: 694, 182: 456, 183: 456, 184: 694, 185: 338, 186: 100, 187: 30, 188: 268, 189: 100, 190: 338, 191: 268, 192: 30, 193: 338, 194: 100, 195: 268, 196: 30, 197: 456, 198: 694, 199: 338, 200: 100}
Number of lables used:  16
Total time: 0.37 seconds
Memory used: 67.79 MB
--------------------------------------------------

Trying with at most 15 labels...
Solution:
{1: 708, 2: 470, 3: 470, 4: 708, 5: 652, 6: 414, 7: 380, 8: 142, 9: 708, 10: 470, 11: 478, 12: 240, 13: 708, 14: 470, 15: 708, 16: 470, 17: 478, 18: 240, 19: 380, 20: 142, 21: 100, 22: 338, 23: 470, 24: 708, 25: 338, 26: 100, 27: 58, 28: 296, 29: 652, 30: 414, 31: 778, 32: 540, 33: 470, 34: 708, 35: 778, 36: 540, 37: 778, 38: 540, 39: 470, 40: 708, 41: 380, 42: 142, 43: 142, 44: 380, 45: 296, 46: 58, 47: 778, 48: 540, 49: 470, 50: 708, 51: 380, 52: 142, 53: 778, 54: 540, 55: 470, 56: 708, 57: 380, 58: 142, 59: 414, 60: 652, 61: 296, 62: 58, 63: 540, 64: 778, 65: 778, 66: 540, 67: 778, 68: 540, 69: 470, 70: 708, 71: 778, 72: 540, 73: 470, 74: 708, 75: 380, 76: 142, 77: 58, 78: 296, 79: 778, 80: 540, 81: 296, 82: 58, 83: 380, 84: 142, 85: 338, 86: 100, 87: 470, 88: 708, 89: 652, 90: 414, 91: 338, 92: 100, 93: 338, 94: 100, 95: 414, 96: 652, 97: 478, 98: 240, 99: 142, 100: 380, 101: 708, 102: 470, 103: 778, 104: 540, 105: 338, 106: 100, 107: 296, 108: 58, 109: 338, 110: 100, 111: 338, 112: 100, 113: 58, 114: 296, 115: 652, 116: 414, 117: 778, 118: 540, 119: 296, 120: 58, 121: 240, 122: 478, 123: 414, 124: 652, 125: 540, 126: 778, 127: 778, 128: 540, 129: 338, 130: 100, 131: 240, 132: 478, 133: 100, 134: 338, 135: 652, 136: 414, 137: 470, 138: 708, 139: 652, 140: 414, 141: 296, 142: 58, 143: 100, 144: 338, 145: 58, 146: 296, 147: 414, 148: 652, 149: 414, 150: 652, 151: 338, 152: 100, 153: 142, 154: 380, 155: 414, 156: 652, 157: 708, 158: 470, 159: 338, 160: 100, 161: 142, 162: 380, 163: 414, 164: 652, 165: 142, 166: 380, 167: 58, 168: 296, 169: 338, 170: 100, 171: 708, 172: 470, 173: 142, 174: 380, 175: 778, 176: 540, 177: 296, 178: 58, 179: 240, 180: 478, 181: 652, 182: 414, 183: 778, 184: 540, 185: 100, 186: 338, 187: 58, 188: 296, 189: 540, 190: 778, 191: 708, 192: 470, 193: 58, 194: 296, 195: 778, 196: 540, 197: 142, 198: 380, 199: 652, 200: 414}
Number of lables used:  14
Total time: 0.44 seconds
Memory used: 70.23 MB
--------------------------------------------------

Trying with at most 13 labels...
Cannot find solution.
No more solutions found.
Optimal number of labels used:  14
Total time: 3.81 seconds
Memory used: 87.55 MB
[runlim] end:			Sat Jun 27 01:35:36 2026
[runlim] status:		ok
[runlim] result:		0
[runlim] children:		1
[runlim] processes:		2
[runlim] real:			3.86 seconds
[runlim] time:			3.80 seconds
[runlim] space:			91 MB
[runlim] load:			1.00 maximum
[runlim] samples:		39
