[runlim] version:		2.0.0rc12
[runlim] host:			ap-Precision-7550
[runlim] time limit:		311040000 seconds
[runlim] real time limit:	600 seconds
[runlim] space limit:		14000 MB
[runlim] argv[0]:		python3
[runlim] argv[1]:		-u
[runlim] argv[2]:		pairwise_no_preprocessing.py
[runlim] argv[3]:		TUD200.1
[runlim] argv[4]:		nsc
[runlim] argv[5]:		assumptions
[runlim] argv[6]:		cadical195
[runlim] start:			Sat Jun 27 01:33:52 2026
[runlim] child:			17239
Exactly-one cardinality encoding:  1
Distance constraint mode:  pairwise
Distance cardinality encoding:  1
Objective strategy:  nsc
SAT type:  assumptions
Solver:  cadical195
Number of assignment variables:  8128
Number of clauses for exactly one constraints:  165768
Number of clauses for distance constraints:  185452
---------------------------------------------------
Solve first problem:
Solution:
{1: 16, 2: 254, 3: 324, 4: 86, 5: 254, 6: 16, 7: 750, 8: 512, 9: 296, 10: 58, 11: 16, 12: 254, 13: 498, 14: 736, 15: 470, 16: 708, 17: 16, 18: 254, 19: 498, 20: 736, 21: 470, 22: 708, 23: 100, 24: 338, 25: 484, 26: 722, 27: 512, 28: 750, 29: 540, 30: 778, 31: 442, 32: 680, 33: 554, 34: 792, 35: 282, 36: 44, 37: 254, 38: 16, 39: 366, 40: 128, 41: 414, 42: 652, 43: 254, 44: 16, 45: 310, 46: 72, 47: 750, 48: 512, 49: 470, 50: 708, 51: 394, 52: 156, 53: 652, 54: 414, 55: 296, 56: 58, 57: 394, 58: 156, 59: 540, 60: 778, 61: 310, 62: 72, 63: 414, 64: 652, 65: 750, 66: 512, 67: 414, 68: 652, 69: 254, 70: 16, 71: 394, 72: 156, 73: 268, 74: 30, 75: 470, 76: 708, 77: 86, 78: 324, 79: 456, 80: 694, 81: 554, 82: 792, 83: 428, 84: 666, 85: 30, 86: 268, 87: 778, 88: 540, 89: 30, 90: 268, 91: 456, 92: 694, 93: 16, 94: 254, 95: 428, 96: 666, 97: 540, 98: 778, 99: 652, 100: 414, 101: 380, 102: 142, 103: 30, 104: 268, 105: 128, 106: 366, 107: 282, 108: 44, 109: 268, 110: 30, 111: 296, 112: 58, 113: 254, 114: 16, 115: 526, 116: 764, 117: 526, 118: 764, 119: 72, 120: 310, 121: 456, 122: 694, 123: 338, 124: 100, 125: 268, 126: 30, 127: 254, 128: 16, 129: 380, 130: 142, 131: 380, 132: 142, 133: 554, 134: 792, 135: 554, 136: 792, 137: 30, 138: 268, 139: 338, 140: 100, 141: 380, 142: 142, 143: 540, 144: 778, 145: 554, 146: 792, 147: 254, 148: 16, 149: 554, 150: 792, 151: 44, 152: 282, 153: 268, 154: 30, 155: 554, 156: 792, 157: 554, 158: 792, 159: 254, 160: 16, 161: 554, 162: 792, 163: 526, 164: 764, 165: 58, 166: 296, 167: 526, 168: 764, 169: 554, 170: 792, 171: 498, 172: 736, 173: 540, 174: 778, 175: 526, 176: 764, 177: 666, 178: 428, 179: 498, 180: 736, 181: 554, 182: 792, 183: 58, 184: 296, 185: 156, 186: 394, 187: 156, 188: 394, 189: 484, 190: 722, 191: 428, 192: 666, 193: 484, 194: 722, 195: 554, 196: 792, 197: 484, 198: 722, 199: 540, 200: 778}
Number of lables used:  42
Total time: 0.31 seconds
Memory used: 57.88 MB
--------------------------------------------------
Number of label variables:  48
Number of clauses for label constraints:  8128
Number of new variables for cardinality constraints:  1148
Number of clauses for cardinality constraints:  4510
Initial variable count:  9324
Initial clause count:  363924
--------------------------------------------------

Trying with at most 41 labels...
Solution:
{1: 16, 2: 254, 3: 100, 4: 338, 5: 394, 6: 156, 7: 310, 8: 72, 9: 352, 10: 114, 11: 16, 12: 254, 13: 680, 14: 442, 15: 652, 16: 414, 17: 16, 18: 254, 19: 338, 20: 100, 21: 352, 22: 114, 23: 428, 24: 666, 25: 72, 26: 310, 27: 296, 28: 58, 29: 352, 30: 114, 31: 456, 32: 694, 33: 282, 34: 44, 35: 282, 36: 44, 37: 254, 38: 16, 39: 72, 40: 310, 41: 652, 42: 414, 43: 324, 44: 86, 45: 414, 46: 652, 47: 694, 48: 456, 49: 442, 50: 680, 51: 456, 52: 694, 53: 16, 54: 254, 55: 114, 56: 352, 57: 394, 58: 156, 59: 72, 60: 310, 61: 310, 62: 72, 63: 652, 64: 414, 65: 16, 66: 254, 67: 254, 68: 16, 69: 16, 70: 254, 71: 16, 72: 254, 73: 428, 74: 666, 75: 456, 76: 694, 77: 86, 78: 324, 79: 456, 80: 694, 81: 44, 82: 282, 83: 254, 84: 16, 85: 30, 86: 268, 87: 72, 88: 310, 89: 86, 90: 324, 91: 456, 92: 694, 93: 16, 94: 254, 95: 30, 96: 268, 97: 30, 98: 268, 99: 456, 100: 694, 101: 380, 102: 142, 103: 128, 104: 366, 105: 128, 106: 366, 107: 338, 108: 100, 109: 282, 110: 44, 111: 114, 112: 352, 113: 254, 114: 16, 115: 86, 116: 324, 117: 338, 118: 100, 119: 72, 120: 310, 121: 30, 122: 268, 123: 156, 124: 394, 125: 86, 126: 324, 127: 58, 128: 296, 129: 408, 130: 170, 131: 30, 132: 268, 133: 142, 134: 380, 135: 142, 136: 380, 137: 30, 138: 268, 139: 456, 140: 694, 141: 428, 142: 666, 143: 282, 144: 44, 145: 652, 146: 414, 147: 16, 148: 254, 149: 694, 150: 456, 151: 72, 152: 310, 153: 428, 154: 666, 155: 58, 156: 296, 157: 142, 158: 380, 159: 100, 160: 338, 161: 652, 162: 414, 163: 128, 164: 366, 165: 16, 166: 254, 167: 30, 168: 268, 169: 324, 170: 86, 171: 442, 172: 680, 173: 666, 174: 428, 175: 310, 176: 72, 177: 86, 178: 324, 179: 652, 180: 414, 181: 652, 182: 414, 183: 652, 184: 414, 185: 156, 186: 394, 187: 156, 188: 394, 189: 414, 190: 652, 191: 366, 192: 128, 193: 100, 194: 338, 195: 380, 196: 142, 197: 680, 198: 442, 199: 30, 200: 268}
Number of lables used:  32
Total time: 0.33 seconds
Memory used: 60.46 MB
--------------------------------------------------

Trying with at most 31 labels...
Solution:
{1: 456, 2: 694, 3: 100, 4: 338, 5: 380, 6: 142, 7: 310, 8: 72, 9: 352, 10: 114, 11: 428, 12: 666, 13: 16, 14: 254, 15: 142, 16: 380, 17: 16, 18: 254, 19: 338, 20: 100, 21: 352, 22: 114, 23: 428, 24: 666, 25: 16, 26: 254, 27: 296, 28: 58, 29: 352, 30: 114, 31: 666, 32: 428, 33: 282, 34: 44, 35: 282, 36: 44, 37: 254, 38: 16, 39: 666, 40: 428, 41: 540, 42: 778, 43: 324, 44: 86, 45: 254, 46: 16, 47: 694, 48: 456, 49: 778, 50: 540, 51: 456, 52: 694, 53: 16, 54: 254, 55: 114, 56: 352, 57: 394, 58: 156, 59: 72, 60: 310, 61: 310, 62: 72, 63: 666, 64: 428, 65: 666, 66: 428, 67: 254, 68: 16, 69: 16, 70: 254, 71: 254, 72: 16, 73: 428, 74: 666, 75: 456, 76: 694, 77: 268, 78: 30, 79: 456, 80: 694, 81: 44, 82: 282, 83: 254, 84: 16, 85: 30, 86: 268, 87: 72, 88: 310, 89: 86, 90: 324, 91: 456, 92: 694, 93: 778, 94: 540, 95: 30, 96: 268, 97: 72, 98: 310, 99: 456, 100: 694, 101: 380, 102: 142, 103: 310, 104: 72, 105: 128, 106: 366, 107: 338, 108: 100, 109: 282, 110: 44, 111: 114, 112: 352, 113: 254, 114: 16, 115: 86, 116: 324, 117: 338, 118: 100, 119: 128, 120: 366, 121: 540, 122: 778, 123: 156, 124: 394, 125: 86, 126: 324, 127: 72, 128: 310, 129: 240, 130: 478, 131: 30, 132: 268, 133: 142, 134: 380, 135: 142, 136: 380, 137: 86, 138: 324, 139: 456, 140: 694, 141: 428, 142: 666, 143: 310, 144: 72, 145: 778, 146: 540, 147: 16, 148: 254, 149: 778, 150: 540, 151: 72, 152: 310, 153: 428, 154: 666, 155: 44, 156: 282, 157: 540, 158: 778, 159: 100, 160: 338, 161: 666, 162: 428, 163: 128, 164: 366, 165: 16, 166: 254, 167: 30, 168: 268, 169: 338, 170: 100, 171: 16, 172: 254, 173: 666, 174: 428, 175: 310, 176: 72, 177: 540, 178: 778, 179: 694, 180: 456, 181: 428, 182: 666, 183: 666, 184: 428, 185: 324, 186: 86, 187: 156, 188: 394, 189: 428, 190: 666, 191: 366, 192: 128, 193: 778, 194: 540, 195: 694, 196: 456, 197: 694, 198: 456, 199: 58, 200: 296}
Number of lables used:  30
Total time: 0.33 seconds
Memory used: 60.47 MB
--------------------------------------------------

Trying with at most 29 labels...
Solution:
{1: 456, 2: 694, 3: 100, 4: 338, 5: 380, 6: 142, 7: 310, 8: 72, 9: 366, 10: 128, 11: 428, 12: 666, 13: 16, 14: 254, 15: 142, 16: 380, 17: 16, 18: 254, 19: 338, 20: 100, 21: 352, 22: 114, 23: 428, 24: 666, 25: 16, 26: 254, 27: 296, 28: 58, 29: 352, 30: 114, 31: 666, 32: 428, 33: 282, 34: 44, 35: 282, 36: 44, 37: 254, 38: 16, 39: 666, 40: 428, 41: 540, 42: 778, 43: 324, 44: 86, 45: 254, 46: 16, 47: 694, 48: 456, 49: 778, 50: 540, 51: 456, 52: 694, 53: 16, 54: 254, 55: 114, 56: 352, 57: 282, 58: 44, 59: 72, 60: 310, 61: 310, 62: 72, 63: 666, 64: 428, 65: 666, 66: 428, 67: 254, 68: 16, 69: 16, 70: 254, 71: 254, 72: 16, 73: 428, 74: 666, 75: 456, 76: 694, 77: 268, 78: 30, 79: 456, 80: 694, 81: 44, 82: 282, 83: 254, 84: 16, 85: 456, 86: 694, 87: 72, 88: 310, 89: 86, 90: 324, 91: 456, 92: 694, 93: 778, 94: 540, 95: 30, 96: 268, 97: 72, 98: 310, 99: 456, 100: 694, 101: 380, 102: 142, 103: 310, 104: 72, 105: 128, 106: 366, 107: 338, 108: 100, 109: 282, 110: 44, 111: 114, 112: 352, 113: 254, 114: 16, 115: 86, 116: 324, 117: 338, 118: 100, 119: 128, 120: 366, 121: 540, 122: 778, 123: 540, 124: 778, 125: 86, 126: 324, 127: 72, 128: 310, 129: 240, 130: 478, 131: 30, 132: 268, 133: 142, 134: 380, 135: 142, 136: 380, 137: 86, 138: 324, 139: 456, 140: 694, 141: 540, 142: 778, 143: 666, 144: 428, 145: 778, 146: 540, 147: 16, 148: 254, 149: 778, 150: 540, 151: 72, 152: 310, 153: 428, 154: 666, 155: 44, 156: 282, 157: 540, 158: 778, 159: 100, 160: 338, 161: 666, 162: 428, 163: 128, 164: 366, 165: 16, 166: 254, 167: 30, 168: 268, 169: 338, 170: 100, 171: 16, 172: 254, 173: 666, 174: 428, 175: 310, 176: 72, 177: 540, 178: 778, 179: 694, 180: 456, 181: 428, 182: 666, 183: 666, 184: 428, 185: 324, 186: 86, 187: 100, 188: 338, 189: 428, 190: 666, 191: 366, 192: 128, 193: 778, 194: 540, 195: 694, 196: 456, 197: 694, 198: 456, 199: 58, 200: 296}
Number of lables used:  28
Total time: 0.33 seconds
Memory used: 60.55 MB
--------------------------------------------------

Trying with at most 27 labels...
Solution:
{1: 456, 2: 694, 3: 100, 4: 338, 5: 380, 6: 142, 7: 310, 8: 72, 9: 366, 10: 128, 11: 428, 12: 666, 13: 16, 14: 254, 15: 142, 16: 380, 17: 16, 18: 254, 19: 338, 20: 100, 21: 352, 22: 114, 23: 428, 24: 666, 25: 16, 26: 254, 27: 324, 28: 86, 29: 352, 30: 114, 31: 666, 32: 428, 33: 282, 34: 44, 35: 282, 36: 44, 37: 254, 38: 16, 39: 666, 40: 428, 41: 540, 42: 778, 43: 324, 44: 86, 45: 254, 46: 16, 47: 694, 48: 456, 49: 778, 50: 540, 51: 456, 52: 694, 53: 16, 54: 254, 55: 114, 56: 352, 57: 44, 58: 282, 59: 72, 60: 310, 61: 310, 62: 72, 63: 666, 64: 428, 65: 666, 66: 428, 67: 254, 68: 16, 69: 16, 70: 254, 71: 254, 72: 16, 73: 428, 74: 666, 75: 456, 76: 694, 77: 268, 78: 30, 79: 456, 80: 694, 81: 44, 82: 282, 83: 254, 84: 16, 85: 456, 86: 694, 87: 72, 88: 310, 89: 86, 90: 324, 91: 456, 92: 694, 93: 778, 94: 540, 95: 30, 96: 268, 97: 72, 98: 310, 99: 456, 100: 694, 101: 380, 102: 142, 103: 310, 104: 72, 105: 128, 106: 366, 107: 338, 108: 100, 109: 282, 110: 44, 111: 114, 112: 352, 113: 254, 114: 16, 115: 86, 116: 324, 117: 338, 118: 100, 119: 128, 120: 366, 121: 540, 122: 778, 123: 540, 124: 778, 125: 86, 126: 324, 127: 72, 128: 310, 129: 240, 130: 478, 131: 30, 132: 268, 133: 142, 134: 380, 135: 142, 136: 380, 137: 86, 138: 324, 139: 456, 140: 694, 141: 540, 142: 778, 143: 666, 144: 428, 145: 778, 146: 540, 147: 16, 148: 254, 149: 778, 150: 540, 151: 72, 152: 310, 153: 428, 154: 666, 155: 44, 156: 282, 157: 540, 158: 778, 159: 114, 160: 352, 161: 666, 162: 428, 163: 128, 164: 366, 165: 16, 166: 254, 167: 30, 168: 268, 169: 30, 170: 268, 171: 16, 172: 254, 173: 666, 174: 428, 175: 310, 176: 72, 177: 540, 178: 778, 179: 694, 180: 456, 181: 428, 182: 666, 183: 666, 184: 428, 185: 324, 186: 86, 187: 100, 188: 338, 189: 428, 190: 666, 191: 366, 192: 128, 193: 778, 194: 540, 195: 694, 196: 456, 197: 694, 198: 456, 199: 72, 200: 310}
Number of lables used:  26
Total time: 0.33 seconds
Memory used: 60.55 MB
--------------------------------------------------

Trying with at most 25 labels...
Solution:
{1: 456, 2: 694, 3: 428, 4: 666, 5: 380, 6: 142, 7: 310, 8: 72, 9: 380, 10: 142, 11: 428, 12: 666, 13: 16, 14: 254, 15: 142, 16: 380, 17: 16, 18: 254, 19: 352, 20: 114, 21: 352, 22: 114, 23: 428, 24: 666, 25: 16, 26: 254, 27: 16, 28: 254, 29: 352, 30: 114, 31: 666, 32: 428, 33: 282, 34: 44, 35: 694, 36: 456, 37: 254, 38: 16, 39: 666, 40: 428, 41: 540, 42: 778, 43: 324, 44: 86, 45: 254, 46: 16, 47: 694, 48: 456, 49: 666, 50: 428, 51: 540, 52: 778, 53: 16, 54: 254, 55: 114, 56: 352, 57: 72, 58: 310, 59: 72, 60: 310, 61: 310, 62: 72, 63: 778, 64: 540, 65: 666, 66: 428, 67: 254, 68: 16, 69: 540, 70: 778, 71: 16, 72: 254, 73: 428, 74: 666, 75: 456, 76: 694, 77: 540, 78: 778, 79: 456, 80: 694, 81: 44, 82: 282, 83: 254, 84: 16, 85: 456, 86: 694, 87: 72, 88: 310, 89: 86, 90: 324, 91: 456, 92: 694, 93: 778, 94: 540, 95: 44, 96: 282, 97: 72, 98: 310, 99: 456, 100: 694, 101: 380, 102: 142, 103: 310, 104: 72, 105: 128, 106: 366, 107: 16, 108: 254, 109: 282, 110: 44, 111: 114, 112: 352, 113: 254, 114: 16, 115: 86, 116: 324, 117: 44, 118: 282, 119: 128, 120: 366, 121: 694, 122: 456, 123: 540, 124: 778, 125: 86, 126: 324, 127: 72, 128: 310, 129: 240, 130: 478, 131: 456, 132: 694, 133: 142, 134: 380, 135: 142, 136: 380, 137: 86, 138: 324, 139: 456, 140: 694, 141: 114, 142: 352, 143: 666, 144: 428, 145: 778, 146: 540, 147: 16, 148: 254, 149: 310, 150: 72, 151: 72, 152: 310, 153: 428, 154: 666, 155: 44, 156: 282, 157: 540, 158: 778, 159: 114, 160: 352, 161: 540, 162: 778, 163: 128, 164: 366, 165: 16, 166: 254, 167: 666, 168: 428, 169: 44, 170: 282, 171: 16, 172: 254, 173: 666, 174: 428, 175: 310, 176: 72, 177: 540, 178: 778, 179: 694, 180: 456, 181: 428, 182: 666, 183: 666, 184: 428, 185: 324, 186: 86, 187: 114, 188: 352, 189: 540, 190: 778, 191: 366, 192: 128, 193: 778, 194: 540, 195: 694, 196: 456, 197: 254, 198: 16, 199: 72, 200: 310}
Number of lables used:  22
Total time: 0.33 seconds
Memory used: 60.55 MB
--------------------------------------------------

Trying with at most 21 labels...
Solution:
{1: 456, 2: 694, 3: 114, 4: 352, 5: 380, 6: 142, 7: 310, 8: 72, 9: 380, 10: 142, 11: 428, 12: 666, 13: 16, 14: 254, 15: 142, 16: 380, 17: 16, 18: 254, 19: 352, 20: 114, 21: 352, 22: 114, 23: 428, 24: 666, 25: 16, 26: 254, 27: 16, 28: 254, 29: 428, 30: 666, 31: 666, 32: 428, 33: 282, 34: 44, 35: 694, 36: 456, 37: 254, 38: 16, 39: 666, 40: 428, 41: 540, 42: 778, 43: 324, 44: 86, 45: 310, 46: 72, 47: 694, 48: 456, 49: 666, 50: 428, 51: 540, 52: 778, 53: 16, 54: 254, 55: 114, 56: 352, 57: 72, 58: 310, 59: 72, 60: 310, 61: 310, 62: 72, 63: 778, 64: 540, 65: 778, 66: 540, 67: 254, 68: 16, 69: 540, 70: 778, 71: 16, 72: 254, 73: 428, 74: 666, 75: 456, 76: 694, 77: 540, 78: 778, 79: 456, 80: 694, 81: 44, 82: 282, 83: 254, 84: 16, 85: 456, 86: 694, 87: 72, 88: 310, 89: 86, 90: 324, 91: 456, 92: 694, 93: 778, 94: 540, 95: 44, 96: 282, 97: 128, 98: 366, 99: 456, 100: 694, 101: 380, 102: 142, 103: 310, 104: 72, 105: 128, 106: 366, 107: 16, 108: 254, 109: 282, 110: 44, 111: 114, 112: 352, 113: 254, 114: 16, 115: 86, 116: 324, 117: 44, 118: 282, 119: 128, 120: 366, 121: 694, 122: 456, 123: 540, 124: 778, 125: 86, 126: 324, 127: 72, 128: 310, 129: 380, 130: 142, 131: 456, 132: 694, 133: 142, 134: 380, 135: 142, 136: 380, 137: 86, 138: 324, 139: 456, 140: 694, 141: 114, 142: 352, 143: 666, 144: 428, 145: 778, 146: 540, 147: 16, 148: 254, 149: 310, 150: 72, 151: 44, 152: 282, 153: 428, 154: 666, 155: 44, 156: 282, 157: 540, 158: 778, 159: 16, 160: 254, 161: 540, 162: 778, 163: 128, 164: 366, 165: 16, 166: 254, 167: 666, 168: 428, 169: 44, 170: 282, 171: 16, 172: 254, 173: 666, 174: 428, 175: 310, 176: 72, 177: 540, 178: 778, 179: 694, 180: 456, 181: 428, 182: 666, 183: 666, 184: 428, 185: 324, 186: 86, 187: 114, 188: 352, 189: 540, 190: 778, 191: 366, 192: 128, 193: 778, 194: 540, 195: 694, 196: 456, 197: 254, 198: 16, 199: 72, 200: 310}
Number of lables used:  20
Total time: 0.34 seconds
Memory used: 60.55 MB
--------------------------------------------------

Trying with at most 19 labels...
Solution:
{1: 456, 2: 694, 3: 114, 4: 352, 5: 16, 6: 254, 7: 310, 8: 72, 9: 142, 10: 380, 11: 44, 12: 282, 13: 16, 14: 254, 15: 142, 16: 380, 17: 16, 18: 254, 19: 352, 20: 114, 21: 114, 22: 352, 23: 428, 24: 666, 25: 114, 26: 352, 27: 16, 28: 254, 29: 428, 30: 666, 31: 666, 32: 428, 33: 310, 34: 72, 35: 694, 36: 456, 37: 254, 38: 16, 39: 86, 40: 324, 41: 540, 42: 778, 43: 324, 44: 86, 45: 310, 46: 72, 47: 694, 48: 456, 49: 778, 50: 540, 51: 16, 52: 254, 53: 16, 54: 254, 55: 114, 56: 352, 57: 72, 58: 310, 59: 72, 60: 310, 61: 352, 62: 114, 63: 456, 64: 694, 65: 778, 66: 540, 67: 254, 68: 16, 69: 540, 70: 778, 71: 16, 72: 254, 73: 540, 74: 778, 75: 428, 76: 666, 77: 540, 78: 778, 79: 456, 80: 694, 81: 44, 82: 282, 83: 114, 84: 352, 85: 456, 86: 694, 87: 72, 88: 310, 89: 86, 90: 324, 91: 456, 92: 694, 93: 778, 94: 540, 95: 44, 96: 282, 97: 428, 98: 666, 99: 456, 100: 694, 101: 380, 102: 142, 103: 44, 104: 282, 105: 44, 106: 282, 107: 16, 108: 254, 109: 282, 110: 44, 111: 428, 112: 666, 113: 254, 114: 16, 115: 86, 116: 324, 117: 44, 118: 282, 119: 142, 120: 380, 121: 694, 122: 456, 123: 114, 124: 352, 125: 44, 126: 282, 127: 72, 128: 310, 129: 380, 130: 142, 131: 456, 132: 694, 133: 142, 134: 380, 135: 142, 136: 380, 137: 86, 138: 324, 139: 456, 140: 694, 141: 778, 142: 540, 143: 282, 144: 44, 145: 778, 146: 540, 147: 254, 148: 16, 149: 310, 150: 72, 151: 44, 152: 282, 153: 540, 154: 778, 155: 666, 156: 428, 157: 540, 158: 778, 159: 86, 160: 324, 161: 540, 162: 778, 163: 142, 164: 380, 165: 16, 166: 254, 167: 540, 168: 778, 169: 142, 170: 380, 171: 540, 172: 778, 173: 666, 174: 428, 175: 310, 176: 72, 177: 540, 178: 778, 179: 694, 180: 456, 181: 456, 182: 694, 183: 142, 184: 380, 185: 324, 186: 86, 187: 114, 188: 352, 189: 428, 190: 666, 191: 254, 192: 16, 193: 778, 194: 540, 195: 694, 196: 456, 197: 254, 198: 16, 199: 44, 200: 282}
Number of lables used:  18
Total time: 0.34 seconds
Memory used: 60.55 MB
--------------------------------------------------

Trying with at most 17 labels...
Solution:
{1: 456, 2: 694, 3: 114, 4: 352, 5: 16, 6: 254, 7: 44, 8: 282, 9: 142, 10: 380, 11: 44, 12: 282, 13: 16, 14: 254, 15: 282, 16: 44, 17: 16, 18: 254, 19: 352, 20: 114, 21: 694, 22: 456, 23: 428, 24: 666, 25: 142, 26: 380, 27: 16, 28: 254, 29: 428, 30: 666, 31: 666, 32: 428, 33: 324, 34: 86, 35: 694, 36: 456, 37: 254, 38: 16, 39: 114, 40: 352, 41: 540, 42: 778, 43: 282, 44: 44, 45: 254, 46: 16, 47: 694, 48: 456, 49: 778, 50: 540, 51: 16, 52: 254, 53: 16, 54: 254, 55: 114, 56: 352, 57: 86, 58: 324, 59: 44, 60: 282, 61: 352, 62: 114, 63: 456, 64: 694, 65: 778, 66: 540, 67: 254, 68: 16, 69: 540, 70: 778, 71: 16, 72: 254, 73: 540, 74: 778, 75: 428, 76: 666, 77: 540, 78: 778, 79: 456, 80: 694, 81: 142, 82: 380, 83: 114, 84: 352, 85: 456, 86: 694, 87: 44, 88: 282, 89: 86, 90: 324, 91: 456, 92: 694, 93: 778, 94: 540, 95: 44, 96: 282, 97: 428, 98: 666, 99: 428, 100: 666, 101: 380, 102: 142, 103: 324, 104: 86, 105: 44, 106: 282, 107: 16, 108: 254, 109: 282, 110: 44, 111: 428, 112: 666, 113: 254, 114: 16, 115: 114, 116: 352, 117: 44, 118: 282, 119: 142, 120: 380, 121: 694, 122: 456, 123: 142, 124: 380, 125: 44, 126: 282, 127: 86, 128: 324, 129: 380, 130: 142, 131: 456, 132: 694, 133: 142, 134: 380, 135: 142, 136: 380, 137: 44, 138: 282, 139: 86, 140: 324, 141: 778, 142: 540, 143: 666, 144: 428, 145: 778, 146: 540, 147: 254, 148: 16, 149: 324, 150: 86, 151: 44, 152: 282, 153: 540, 154: 778, 155: 666, 156: 428, 157: 540, 158: 778, 159: 86, 160: 324, 161: 540, 162: 778, 163: 428, 164: 666, 165: 16, 166: 254, 167: 540, 168: 778, 169: 142, 170: 380, 171: 540, 172: 778, 173: 666, 174: 428, 175: 324, 176: 86, 177: 540, 178: 778, 179: 694, 180: 456, 181: 456, 182: 694, 183: 456, 184: 694, 185: 352, 186: 114, 187: 114, 188: 352, 189: 428, 190: 666, 191: 254, 192: 16, 193: 778, 194: 540, 195: 142, 196: 380, 197: 254, 198: 16, 199: 44, 200: 282}
Number of lables used:  16
Total time: 0.34 seconds
Memory used: 60.55 MB
--------------------------------------------------

Trying with at most 15 labels...
Solution:
{1: 694, 2: 456, 3: 114, 4: 352, 5: 16, 6: 254, 7: 114, 8: 352, 9: 114, 10: 352, 11: 114, 12: 352, 13: 254, 14: 16, 15: 16, 16: 254, 17: 16, 18: 254, 19: 380, 20: 142, 21: 380, 22: 142, 23: 428, 24: 666, 25: 142, 26: 380, 27: 16, 28: 254, 29: 428, 30: 666, 31: 666, 32: 428, 33: 282, 34: 44, 35: 694, 36: 456, 37: 44, 38: 282, 39: 114, 40: 352, 41: 540, 42: 778, 43: 282, 44: 44, 45: 352, 46: 114, 47: 694, 48: 456, 49: 778, 50: 540, 51: 44, 52: 282, 53: 16, 54: 254, 55: 16, 56: 254, 57: 352, 58: 114, 59: 44, 60: 282, 61: 142, 62: 380, 63: 428, 64: 666, 65: 778, 66: 540, 67: 254, 68: 16, 69: 540, 70: 778, 71: 16, 72: 254, 73: 540, 74: 778, 75: 428, 76: 666, 77: 540, 78: 778, 79: 456, 80: 694, 81: 456, 82: 694, 83: 142, 84: 380, 85: 282, 86: 44, 87: 44, 88: 282, 89: 44, 90: 282, 91: 456, 92: 694, 93: 778, 94: 540, 95: 44, 96: 282, 97: 428, 98: 666, 99: 428, 100: 666, 101: 352, 102: 114, 103: 44, 104: 282, 105: 352, 106: 114, 107: 16, 108: 254, 109: 282, 110: 44, 111: 44, 112: 282, 113: 254, 114: 16, 115: 114, 116: 352, 117: 44, 118: 282, 119: 142, 120: 380, 121: 694, 122: 456, 123: 666, 124: 428, 125: 44, 126: 282, 127: 114, 128: 352, 129: 380, 130: 142, 131: 456, 132: 694, 133: 142, 134: 380, 135: 142, 136: 380, 137: 44, 138: 282, 139: 142, 140: 380, 141: 540, 142: 778, 143: 456, 144: 694, 145: 778, 146: 540, 147: 254, 148: 16, 149: 352, 150: 114, 151: 44, 152: 282, 153: 540, 154: 778, 155: 666, 156: 428, 157: 540, 158: 778, 159: 16, 160: 254, 161: 540, 162: 778, 163: 428, 164: 666, 165: 16, 166: 254, 167: 540, 168: 778, 169: 428, 170: 666, 171: 540, 172: 778, 173: 666, 174: 428, 175: 352, 176: 114, 177: 540, 178: 778, 179: 694, 180: 456, 181: 456, 182: 694, 183: 456, 184: 694, 185: 380, 186: 142, 187: 142, 188: 380, 189: 428, 190: 666, 191: 254, 192: 16, 193: 778, 194: 540, 195: 44, 196: 282, 197: 254, 198: 16, 199: 114, 200: 352}
Number of lables used:  14
Total time: 0.35 seconds
Memory used: 60.55 MB
--------------------------------------------------

Trying with at most 13 labels...
Solution:
{1: 16, 2: 254, 3: 16, 4: 254, 5: 142, 6: 380, 7: 16, 8: 254, 9: 16, 10: 254, 11: 16, 12: 254, 13: 442, 14: 680, 15: 470, 16: 708, 17: 16, 18: 254, 19: 338, 20: 100, 21: 708, 22: 470, 23: 142, 24: 380, 25: 680, 26: 442, 27: 16, 28: 254, 29: 296, 30: 58, 31: 338, 32: 100, 33: 442, 34: 680, 35: 100, 36: 338, 37: 442, 38: 680, 39: 254, 40: 16, 41: 100, 42: 338, 43: 380, 44: 142, 45: 442, 46: 680, 47: 58, 48: 296, 49: 58, 50: 296, 51: 100, 52: 338, 53: 708, 54: 470, 55: 58, 56: 296, 57: 338, 58: 100, 59: 142, 60: 380, 61: 380, 62: 142, 63: 58, 64: 296, 65: 16, 66: 254, 67: 442, 68: 680, 69: 16, 70: 254, 71: 254, 72: 16, 73: 708, 74: 470, 75: 254, 76: 16, 77: 100, 78: 338, 79: 16, 80: 254, 81: 338, 82: 100, 83: 338, 84: 100, 85: 380, 86: 142, 87: 680, 88: 442, 89: 680, 90: 442, 91: 380, 92: 142, 93: 708, 94: 470, 95: 680, 96: 442, 97: 100, 98: 338, 99: 58, 100: 296, 101: 142, 102: 380, 103: 58, 104: 296, 105: 16, 106: 254, 107: 296, 108: 58, 109: 470, 110: 708, 111: 708, 112: 470, 113: 254, 114: 16, 115: 100, 116: 338, 117: 680, 118: 442, 119: 708, 120: 470, 121: 142, 122: 380, 123: 296, 124: 58, 125: 680, 126: 442, 127: 380, 128: 142, 129: 380, 130: 142, 131: 296, 132: 58, 133: 296, 134: 58, 135: 380, 136: 142, 137: 142, 138: 380, 139: 708, 140: 470, 141: 296, 142: 58, 143: 708, 144: 470, 145: 380, 146: 142, 147: 442, 148: 680, 149: 470, 150: 708, 151: 708, 152: 470, 153: 142, 154: 380, 155: 708, 156: 470, 157: 142, 158: 380, 159: 470, 160: 708, 161: 708, 162: 470, 163: 100, 164: 338, 165: 680, 166: 442, 167: 142, 168: 380, 169: 680, 170: 442, 171: 680, 172: 442, 173: 16, 174: 254, 175: 100, 176: 338, 177: 470, 178: 708, 179: 58, 180: 296, 181: 58, 182: 296, 183: 100, 184: 338, 185: 100, 186: 338, 187: 100, 188: 338, 189: 296, 190: 58, 191: 442, 192: 680, 193: 680, 194: 442, 195: 296, 196: 58, 197: 470, 198: 708, 199: 380, 200: 142}
Number of lables used:  12
Total time: 0.51 seconds
Memory used: 74.62 MB
--------------------------------------------------

Trying with at most 11 labels...
[runlim] sample:		9.99 time, 10.01 real, 101 MB, 1.00 load
[runlim] sample:		19.99 time, 20.01 real, 92 MB, 1.00 load
[runlim] sample:		29.99 time, 30.01 real, 103 MB, 1.00 load
[runlim] sample:		39.98 time, 40.01 real, 102 MB, 1.00 load
[runlim] sample:		49.97 time, 50.01 real, 102 MB, 1.00 load
[runlim] sample:		59.97 time, 60.01 real, 102 MB, 1.00 load
[runlim] sample:		69.96 time, 70.01 real, 102 MB, 1.00 load
[runlim] sample:		79.96 time, 80.01 real, 102 MB, 1.00 load
[runlim] sample:		89.95 time, 90.01 real, 103 MB, 1.00 load
Cannot find solution.
No more solutions found.
Optimal number of labels used:  12
Total time: 99.68 seconds
Memory used: 102.91 MB
[runlim] end:			Sat Jun 27 01:35:32 2026
[runlim] status:		ok
[runlim] result:		0
[runlim] children:		1
[runlim] processes:		2
[runlim] real:			99.73 seconds
[runlim] time:			99.65 seconds
[runlim] space:			118 MB
[runlim] load:			1.00 maximum
[runlim] samples:		998
