[runlim] version:		2.0.0rc12
[runlim] host:			ap-Precision-7550
[runlim] time limit:		311040000 seconds
[runlim] real time limit:	600 seconds
[runlim] space limit:		14000 MB
[runlim] argv[0]:		python3
[runlim] argv[1]:		-u
[runlim] argv[2]:		mip_no.py
[runlim] argv[3]:		TUD200.3
[runlim] start:			Thu Jul  2 17:35:30 2026
[runlim] child:			48195
Traceback (most recent call last):
  File "/home/ap/Desktop/Min-Order-Frequency-Assignment-Problem/CPLEX/MIP/mip_no.py", line 5, in <module>
    import cplex
ModuleNotFoundError: No module named 'cplex'
[runlim] end:			Thu Jul  2 17:35:30 2026
[runlim] status:		ok
[runlim] result:		1
[runlim] children:		0
[runlim] processes:		0
[runlim] real:			0.10 seconds
[runlim] time:			0.00 seconds
[runlim] space:			0 MB
[runlim] load:			1.24 maximum
[runlim] samples:		1
