[runlim] version:		2.0.0rc12
[runlim] host:			ap-Precision-7550
[runlim] time limit:		311040000 seconds
[runlim] real time limit:	600 seconds
[runlim] space limit:		14000 MB
[runlim] argv[0]:		python3
[runlim] argv[1]:		-u
[runlim] argv[2]:		evalmaxsat.py
[runlim] argv[3]:		graph11
[runlim] argv[4]:		POSE
[runlim] start:			Tue Jun 30 13:28:33 2026
[runlim] child:			10978
[INFO] Generating WCNF for graph11 (POSE)
[SKIP] No solution found in preprocessing step
[SKIP] No WCNF generated for graph11 (POSE); preprocessing found no feasible solution
Time taken: 0.13 seconds
[runlim] end:			Tue Jun 30 13:28:33 2026
[runlim] status:		ok
[runlim] result:		0
[runlim] children:		1
[runlim] processes:		2
[runlim] real:			0.16 seconds
[runlim] time:			0.10 seconds
[runlim] space:			18 MB
[runlim] load:			0.98 maximum
[runlim] samples:		2
