[runlim] version:		2.0.0rc12
[runlim] host:			ap-Precision-7550
[runlim] time limit:		311040000 seconds
[runlim] real time limit:	600 seconds
[runlim] space limit:		14000 MB
[runlim] argv[0]:		python3
[runlim] argv[1]:		-u
[runlim] argv[2]:		evalmaxsat.py
[runlim] argv[3]:		TUD200.5
[runlim] argv[4]:		POSE
[runlim] start:			Tue Jun 30 13:50:55 2026
[runlim] child:			11141
[INFO] Generating WCNF for TUD200.5 (POSE)
[SKIP] No solution found in preprocessing step
[SKIP] No WCNF generated for TUD200.5 (POSE); preprocessing found no feasible solution
Time taken: 0.04 seconds
[runlim] end:			Tue Jun 30 13:50:55 2026
[runlim] status:		ok
[runlim] result:		0
[runlim] children:		0
[runlim] processes:		0
[runlim] real:			0.07 seconds
[runlim] time:			0.00 seconds
[runlim] space:			0 MB
[runlim] load:			1.10 maximum
[runlim] samples:		1
