[runlim] version:		2.0.0rc12
[runlim] host:			ap-Precision-7550
[runlim] time limit:		311040000 seconds
[runlim] real time limit:	600 seconds
[runlim] space limit:		14000 MB
[runlim] argv[0]:		python3
[runlim] argv[1]:		-u
[runlim] argv[2]:		remain_symmetry.py
[runlim] argv[3]:		graph04
[runlim] argv[4]:		nsc
[runlim] argv[5]:		cadical195
[runlim] start:			Thu Mar 26 02:02:00 2026
[runlim] child:			31037
Solve first problem:
Solution:
{1: 352, 2: 114, 3: 380, 4: 142, 5: 324, 6: 86, 7: 366, 8: 128, 9: 512, 10: 750, 11: 282, 12: 44, 13: 526, 14: 764, 15: 512, 16: 750, 17: 352, 18: 114, 19: 554, 20: 792, 21: 380, 22: 142, 23: 352, 24: 114, 25: 268, 26: 30, 27: 254, 28: 16, 29: 526, 30: 764, 31: 338, 32: 100, 33: 338, 34: 100, 35: 352, 36: 114, 37: 470, 38: 708, 39: 442, 40: 680, 41: 296, 42: 58, 43: 442, 44: 680, 45: 324, 46: 86, 47: 428, 48: 666, 49: 268, 50: 30, 51: 428, 52: 666, 53: 498, 54: 736, 55: 540, 56: 778, 57: 414, 58: 652, 59: 470, 60: 708, 61: 540, 62: 778, 63: 526, 64: 764, 65: 380, 66: 142, 67: 352, 68: 114, 69: 268, 70: 30, 71: 296, 72: 58, 73: 484, 74: 722, 75: 554, 76: 792, 77: 554, 78: 792, 79: 380, 80: 142, 81: 498, 82: 736, 83: 394, 84: 156, 85: 352, 86: 114, 87: 394, 88: 156, 89: 414, 90: 652, 91: 394, 92: 156, 93: 310, 94: 72, 95: 268, 96: 30, 97: 540, 98: 778, 99: 540, 100: 778, 101: 394, 102: 156, 103: 394, 104: 156, 105: 310, 106: 72, 107: 540, 108: 778, 109: 512, 110: 750, 111: 540, 112: 778, 113: 254, 114: 16, 115: 540, 116: 778, 117: 428, 118: 666, 119: 526, 120: 764, 121: 268, 122: 30, 123: 484, 124: 722, 125: 540, 126: 778, 127: 414, 128: 652, 129: 442, 130: 680, 131: 442, 132: 680, 133: 380, 134: 142, 135: 554, 136: 792, 137: 498, 138: 736, 139: 554, 140: 792, 141: 254, 142: 16, 143: 428, 144: 666, 145: 380, 146: 142, 147: 394, 148: 156, 149: 428, 150: 666, 151: 456, 152: 694, 153: 414, 154: 652, 155: 554, 156: 792, 157: 540, 158: 778, 159: 324, 160: 86, 161: 484, 162: 722, 163: 254, 164: 16, 165: 456, 166: 694, 167: 442, 168: 680, 169: 268, 170: 30, 171: 554, 172: 792, 173: 526, 174: 764, 175: 498, 176: 736, 177: 380, 178: 142, 179: 498, 180: 736, 181: 352, 182: 114, 183: 380, 184: 142, 185: 324, 186: 86, 187: 414, 188: 652, 189: 352, 190: 114, 191: 282, 192: 44, 193: 540, 194: 778, 195: 442, 196: 680, 197: 428, 198: 666, 199: 498, 200: 736, 201: 498, 202: 736, 203: 366, 204: 128, 205: 338, 206: 100, 207: 324, 208: 86, 209: 470, 210: 708, 211: 526, 212: 764, 213: 512, 214: 750, 215: 512, 216: 750, 217: 296, 218: 58, 219: 554, 220: 792, 221: 442, 222: 680, 223: 296, 224: 58, 225: 526, 226: 764, 227: 282, 228: 44, 229: 366, 230: 128, 231: 338, 232: 100, 233: 484, 234: 722, 235: 526, 236: 764, 237: 428, 238: 666, 239: 470, 240: 708, 241: 366, 242: 128, 243: 338, 244: 100, 245: 554, 246: 792, 247: 338, 248: 100, 249: 366, 250: 128, 251: 268, 252: 30, 253: 456, 254: 694, 255: 554, 256: 792, 257: 484, 258: 722, 259: 554, 260: 792, 261: 352, 262: 114, 263: 428, 264: 666, 265: 296, 266: 58, 267: 554, 268: 792, 269: 254, 270: 16, 271: 352, 272: 114, 273: 484, 274: 722, 275: 394, 276: 156, 277: 324, 278: 86, 279: 414, 280: 652, 281: 554, 282: 792, 283: 324, 284: 86, 285: 470, 286: 708, 287: 554, 288: 792, 289: 470, 290: 708, 291: 554, 292: 792, 293: 526, 294: 764, 295: 414, 296: 652, 297: 296, 298: 58, 299: 428, 300: 666, 301: 512, 302: 750, 303: 484, 304: 722, 305: 456, 306: 694, 307: 540, 308: 778, 309: 442, 310: 680, 311: 310, 312: 72, 313: 512, 314: 750, 315: 282, 316: 44, 317: 414, 318: 652, 319: 352, 320: 114, 321: 484, 322: 722, 323: 512, 324: 750, 325: 324, 326: 86, 327: 554, 328: 792, 329: 310, 330: 72, 331: 380, 332: 142, 333: 554, 334: 792, 335: 540, 336: 778, 337: 324, 338: 86, 339: 498, 340: 736, 341: 526, 342: 764, 343: 526, 344: 764, 345: 414, 346: 652, 347: 380, 348: 142, 349: 554, 350: 792, 351: 338, 352: 100, 353: 456, 354: 694, 355: 296, 356: 58, 357: 414, 358: 652, 359: 470, 360: 708, 361: 428, 362: 666, 363: 282, 364: 44, 365: 456, 366: 694, 367: 296, 368: 58, 369: 394, 370: 156, 371: 352, 372: 114, 373: 428, 374: 666, 375: 442, 376: 680, 377: 484, 378: 722, 379: 338, 380: 100, 381: 380, 382: 142, 383: 352, 384: 114, 385: 498, 386: 736, 387: 456, 388: 694, 389: 338, 390: 100, 391: 352, 392: 114, 393: 512, 394: 750, 395: 540, 396: 778, 397: 394, 398: 156, 399: 540, 400: 778}
Number of lables used:  44
Time taken: 0.90 seconds
Memory used: 52.47 MB
--------------------------------------------------

Trying with at most 43 labels...
Solution:
{1: 58, 2: 296, 3: 30, 4: 268, 5: 114, 6: 352, 7: 44, 8: 282, 9: 156, 10: 394, 11: 156, 12: 394, 13: 680, 14: 442, 15: 114, 16: 352, 17: 16, 18: 254, 19: 156, 20: 394, 21: 16, 22: 254, 23: 72, 24: 310, 25: 708, 26: 470, 27: 72, 28: 310, 29: 680, 30: 442, 31: 58, 32: 296, 33: 142, 34: 380, 35: 666, 36: 428, 37: 16, 38: 254, 39: 722, 40: 484, 41: 114, 42: 352, 43: 722, 44: 484, 45: 142, 46: 380, 47: 44, 48: 282, 49: 86, 50: 324, 51: 58, 52: 296, 53: 114, 54: 352, 55: 708, 56: 470, 57: 16, 58: 254, 59: 72, 60: 310, 61: 128, 62: 366, 63: 722, 64: 484, 65: 30, 66: 268, 67: 58, 68: 296, 69: 652, 70: 414, 71: 114, 72: 352, 73: 722, 74: 484, 75: 652, 76: 414, 77: 666, 78: 428, 79: 58, 80: 296, 81: 722, 82: 484, 83: 16, 84: 254, 85: 58, 86: 296, 87: 30, 88: 268, 89: 16, 90: 254, 91: 16, 92: 254, 93: 114, 94: 352, 95: 156, 96: 394, 97: 652, 98: 414, 99: 666, 100: 428, 101: 16, 102: 254, 103: 16, 104: 254, 105: 86, 106: 324, 107: 722, 108: 484, 109: 722, 110: 484, 111: 156, 112: 394, 113: 114, 114: 352, 115: 142, 116: 380, 117: 722, 118: 484, 119: 86, 120: 324, 121: 722, 122: 484, 123: 128, 124: 366, 125: 652, 126: 414, 127: 16, 128: 254, 129: 44, 130: 282, 131: 58, 132: 296, 133: 30, 134: 268, 135: 722, 136: 484, 137: 708, 138: 470, 139: 652, 140: 414, 141: 156, 142: 394, 143: 72, 144: 310, 145: 30, 146: 268, 147: 16, 148: 254, 149: 44, 150: 282, 151: 58, 152: 296, 153: 16, 154: 254, 155: 694, 156: 456, 157: 694, 158: 456, 159: 86, 160: 324, 161: 666, 162: 428, 163: 16, 164: 254, 165: 58, 166: 296, 167: 44, 168: 282, 169: 156, 170: 394, 171: 722, 172: 484, 173: 680, 174: 442, 175: 100, 176: 338, 177: 16, 178: 254, 179: 100, 180: 338, 181: 58, 182: 296, 183: 16, 184: 254, 185: 86, 186: 324, 187: 30, 188: 268, 189: 16, 190: 254, 191: 128, 192: 366, 193: 708, 194: 470, 195: 58, 196: 296, 197: 30, 198: 268, 199: 680, 200: 442, 201: 708, 202: 470, 203: 30, 204: 268, 205: 58, 206: 296, 207: 86, 208: 324, 209: 72, 210: 310, 211: 142, 212: 380, 213: 114, 214: 352, 215: 694, 216: 456, 217: 114, 218: 352, 219: 722, 220: 484, 221: 156, 222: 394, 223: 114, 224: 352, 225: 128, 226: 366, 227: 128, 228: 366, 229: 44, 230: 282, 231: 30, 232: 268, 233: 694, 234: 456, 235: 128, 236: 366, 237: 44, 238: 282, 239: 722, 240: 484, 241: 16, 242: 254, 243: 58, 244: 296, 245: 708, 246: 470, 247: 72, 248: 310, 249: 44, 250: 282, 251: 156, 252: 394, 253: 58, 254: 296, 255: 156, 256: 394, 257: 722, 258: 484, 259: 708, 260: 470, 261: 16, 262: 254, 263: 30, 264: 268, 265: 100, 266: 338, 267: 708, 268: 470, 269: 156, 270: 394, 271: 58, 272: 296, 273: 722, 274: 484, 275: 156, 276: 394, 277: 86, 278: 324, 279: 16, 280: 254, 281: 652, 282: 414, 283: 100, 284: 338, 285: 58, 286: 296, 287: 694, 288: 456, 289: 72, 290: 310, 291: 156, 292: 394, 293: 652, 294: 414, 295: 16, 296: 254, 297: 114, 298: 352, 299: 30, 300: 268, 301: 114, 302: 352, 303: 722, 304: 484, 305: 72, 306: 310, 307: 142, 308: 380, 309: 44, 310: 282, 311: 58, 312: 296, 313: 456, 314: 694, 315: 128, 316: 366, 317: 16, 318: 254, 319: 16, 320: 254, 321: 708, 322: 470, 323: 666, 324: 428, 325: 86, 326: 324, 327: 156, 328: 394, 329: 100, 330: 338, 331: 30, 332: 268, 333: 722, 334: 484, 335: 722, 336: 484, 337: 58, 338: 296, 339: 100, 340: 338, 341: 694, 342: 456, 343: 694, 344: 456, 345: 16, 346: 254, 347: 30, 348: 268, 349: 156, 350: 394, 351: 30, 352: 268, 353: 58, 354: 296, 355: 30, 356: 268, 357: 16, 358: 254, 359: 72, 360: 310, 361: 44, 362: 282, 363: 86, 364: 324, 365: 722, 366: 484, 367: 72, 368: 310, 369: 16, 370: 254, 371: 30, 372: 268, 373: 30, 374: 268, 375: 44, 376: 282, 377: 694, 378: 456, 379: 72, 380: 310, 381: 44, 382: 282, 383: 72, 384: 310, 385: 680, 386: 442, 387: 100, 388: 338, 389: 30, 390: 268, 391: 16, 392: 254, 393: 666, 394: 428, 395: 722, 396: 484, 397: 16, 398: 254, 399: 30, 400: 268}
Number of lables used:  34
--------------------------------------------------

Trying with at most 33 labels...
Solution:
{1: 58, 2: 296, 3: 30, 4: 268, 5: 114, 6: 352, 7: 44, 8: 282, 9: 156, 10: 394, 11: 156, 12: 394, 13: 128, 14: 366, 15: 114, 16: 352, 17: 16, 18: 254, 19: 156, 20: 394, 21: 16, 22: 254, 23: 72, 24: 310, 25: 142, 26: 380, 27: 72, 28: 310, 29: 128, 30: 366, 31: 58, 32: 296, 33: 142, 34: 380, 35: 128, 36: 366, 37: 16, 38: 254, 39: 100, 40: 338, 41: 114, 42: 352, 43: 44, 44: 282, 45: 142, 46: 380, 47: 44, 48: 282, 49: 86, 50: 324, 51: 58, 52: 296, 53: 114, 54: 352, 55: 142, 56: 380, 57: 16, 58: 254, 59: 72, 60: 310, 61: 128, 62: 366, 63: 128, 64: 366, 65: 30, 66: 268, 67: 58, 68: 296, 69: 142, 70: 380, 71: 114, 72: 352, 73: 44, 74: 282, 75: 156, 76: 394, 77: 156, 78: 394, 79: 58, 80: 296, 81: 114, 82: 352, 83: 16, 84: 254, 85: 58, 86: 296, 87: 30, 88: 268, 89: 16, 90: 254, 91: 16, 92: 254, 93: 114, 94: 352, 95: 156, 96: 394, 97: 142, 98: 380, 99: 142, 100: 380, 101: 16, 102: 254, 103: 16, 104: 254, 105: 86, 106: 324, 107: 156, 108: 394, 109: 128, 110: 366, 111: 156, 112: 394, 113: 114, 114: 352, 115: 142, 116: 380, 117: 16, 118: 254, 119: 86, 120: 324, 121: 100, 122: 338, 123: 128, 124: 366, 125: 156, 126: 394, 127: 16, 128: 254, 129: 44, 130: 282, 131: 58, 132: 296, 133: 30, 134: 268, 135: 100, 136: 338, 137: 100, 138: 338, 139: 156, 140: 394, 141: 156, 142: 394, 143: 72, 144: 310, 145: 30, 146: 268, 147: 16, 148: 254, 149: 44, 150: 282, 151: 58, 152: 296, 153: 16, 154: 254, 155: 156, 156: 394, 157: 156, 158: 394, 159: 86, 160: 324, 161: 128, 162: 366, 163: 16, 164: 254, 165: 58, 166: 296, 167: 44, 168: 282, 169: 156, 170: 394, 171: 156, 172: 394, 173: 128, 174: 366, 175: 100, 176: 338, 177: 16, 178: 254, 179: 100, 180: 338, 181: 58, 182: 296, 183: 16, 184: 254, 185: 86, 186: 324, 187: 30, 188: 268, 189: 16, 190: 254, 191: 128, 192: 366, 193: 128, 194: 366, 195: 58, 196: 296, 197: 30, 198: 268, 199: 142, 200: 380, 201: 100, 202: 338, 203: 30, 204: 268, 205: 58, 206: 296, 207: 86, 208: 324, 209: 72, 210: 310, 211: 142, 212: 380, 213: 114, 214: 352, 215: 114, 216: 352, 217: 114, 218: 352, 219: 156, 220: 394, 221: 58, 222: 296, 223: 114, 224: 352, 225: 128, 226: 366, 227: 128, 228: 366, 229: 44, 230: 282, 231: 30, 232: 268, 233: 100, 234: 338, 235: 128, 236: 366, 237: 44, 238: 282, 239: 86, 240: 324, 241: 16, 242: 254, 243: 58, 244: 296, 245: 114, 246: 352, 247: 72, 248: 310, 249: 44, 250: 282, 251: 156, 252: 394, 253: 58, 254: 296, 255: 156, 256: 394, 257: 86, 258: 324, 259: 114, 260: 352, 261: 16, 262: 254, 263: 30, 264: 268, 265: 100, 266: 338, 267: 156, 268: 394, 269: 156, 270: 394, 271: 58, 272: 296, 273: 86, 274: 324, 275: 156, 276: 394, 277: 86, 278: 324, 279: 16, 280: 254, 281: 156, 282: 394, 283: 100, 284: 338, 285: 58, 286: 296, 287: 156, 288: 394, 289: 72, 290: 310, 291: 156, 292: 394, 293: 142, 294: 380, 295: 16, 296: 254, 297: 114, 298: 352, 299: 30, 300: 268, 301: 114, 302: 352, 303: 86, 304: 324, 305: 72, 306: 310, 307: 142, 308: 380, 309: 44, 310: 282, 311: 58, 312: 296, 313: 128, 314: 366, 315: 128, 316: 366, 317: 16, 318: 254, 319: 16, 320: 254, 321: 86, 322: 324, 323: 156, 324: 394, 325: 86, 326: 324, 327: 156, 328: 394, 329: 100, 330: 338, 331: 30, 332: 268, 333: 142, 334: 380, 335: 142, 336: 380, 337: 58, 338: 296, 339: 100, 340: 338, 341: 128, 342: 366, 343: 128, 344: 366, 345: 16, 346: 254, 347: 30, 348: 268, 349: 156, 350: 394, 351: 30, 352: 268, 353: 58, 354: 296, 355: 30, 356: 268, 357: 16, 358: 254, 359: 72, 360: 310, 361: 44, 362: 282, 363: 86, 364: 324, 365: 72, 366: 310, 367: 72, 368: 310, 369: 16, 370: 254, 371: 30, 372: 268, 373: 30, 374: 268, 375: 44, 376: 282, 377: 128, 378: 366, 379: 72, 380: 310, 381: 44, 382: 282, 383: 72, 384: 310, 385: 142, 386: 380, 387: 100, 388: 338, 389: 30, 390: 268, 391: 16, 392: 254, 393: 156, 394: 394, 395: 156, 396: 394, 397: 16, 398: 254, 399: 30, 400: 268}
Number of lables used:  22
Time taken: 1.31 seconds
Memory used: 54.39 MB
--------------------------------------------------

Trying with at most 21 labels...
[runlim] sample:		10.00 time, 10.01 real, 109 MB, 1.14 load
Cannot find solution.
No more solutions found.
Optimal number of labels used:  22
Time taken: 14.30 seconds
Memory used: 109.20 MB
[runlim] end:			Thu Mar 26 02:02:14 2026
[runlim] status:		ok
[runlim] result:		0
[runlim] children:		1
[runlim] processes:		2
[runlim] real:			14.35 seconds
[runlim] time:			14.30 seconds
[runlim] space:			122 MB
[runlim] load:			1.21 maximum
[runlim] samples:		144
