[runlim] version:		2.0.0rc12
[runlim] host:			ap-Precision-7550
[runlim] time limit:		311040000 seconds
[runlim] real time limit:	600 seconds
[runlim] space limit:		14000 MB
[runlim] argv[0]:		python3
[runlim] argv[1]:		-u
[runlim] argv[2]:		remain_symmetry.py
[runlim] argv[3]:		graph01
[runlim] argv[4]:		nsc
[runlim] argv[5]:		cadical195
[runlim] start:			Thu Mar 26 01:55:03 2026
[runlim] child:			30997
Solve first problem:
Solution:
{1: 30, 2: 268, 3: 16, 4: 254, 5: 16, 6: 254, 7: 142, 8: 380, 9: 142, 10: 380, 11: 16, 12: 254, 13: 30, 14: 268, 15: 58, 16: 296, 17: 16, 18: 254, 19: 16, 20: 254, 21: 44, 22: 282, 23: 142, 24: 380, 25: 72, 26: 310, 27: 352, 28: 114, 29: 16, 30: 254, 31: 72, 32: 310, 33: 114, 34: 352, 35: 72, 36: 310, 37: 16, 38: 254, 39: 16, 40: 254, 41: 72, 42: 310, 43: 86, 44: 324, 45: 58, 46: 296, 47: 16, 48: 254, 49: 72, 50: 310, 51: 86, 52: 324, 53: 30, 54: 268, 55: 58, 56: 296, 57: 58, 58: 296, 59: 16, 60: 254, 61: 128, 62: 366, 63: 86, 64: 324, 65: 16, 66: 254, 67: 58, 68: 296, 69: 44, 70: 282, 71: 30, 72: 268, 73: 142, 74: 380, 75: 86, 76: 324, 77: 30, 78: 268, 79: 16, 80: 254, 81: 72, 82: 310, 83: 58, 84: 296, 85: 72, 86: 310, 87: 114, 88: 352, 89: 58, 90: 296, 91: 156, 92: 394, 93: 16, 94: 254, 95: 72, 96: 310, 97: 408, 98: 170, 99: 86, 100: 324, 101: 30, 102: 268, 103: 16, 104: 254, 105: 142, 106: 380, 107: 44, 108: 282, 109: 16, 110: 254, 111: 86, 112: 324, 113: 44, 114: 282, 115: 114, 116: 352, 117: 114, 118: 352, 119: 100, 120: 338, 121: 408, 122: 170, 123: 142, 124: 380, 125: 58, 126: 296, 127: 30, 128: 268, 129: 114, 130: 352, 131: 30, 132: 268, 133: 366, 134: 128, 135: 170, 136: 408, 137: 30, 138: 268, 139: 16, 140: 254, 141: 30, 142: 268, 143: 44, 144: 282, 145: 86, 146: 324, 147: 366, 148: 128, 149: 428, 150: 666, 151: 86, 152: 324, 153: 142, 154: 380, 155: 156, 156: 394, 157: 338, 158: 100, 159: 484, 160: 722, 161: 296, 162: 58, 163: 268, 164: 30, 165: 456, 166: 694, 167: 44, 168: 282, 169: 100, 170: 338, 171: 72, 172: 310, 173: 114, 174: 352, 175: 442, 176: 680, 177: 16, 178: 254, 179: 44, 180: 282, 181: 16, 182: 254, 183: 142, 184: 380, 185: 414, 186: 652, 187: 128, 188: 366, 189: 30, 190: 268, 191: 414, 192: 652, 193: 170, 194: 408, 195: 100, 196: 338, 197: 58, 198: 296, 199: 72, 200: 310}
Number of lables used:  34
Time taken: 0.21 seconds
Memory used: 33.12 MB
--------------------------------------------------

Trying with at most 33 labels...
Solution:
{1: 86, 2: 324, 3: 30, 4: 268, 5: 58, 6: 296, 7: 240, 8: 478, 9: 240, 10: 478, 11: 72, 12: 310, 13: 100, 14: 338, 15: 58, 16: 296, 17: 30, 18: 268, 19: 268, 20: 30, 21: 310, 22: 72, 23: 408, 24: 170, 25: 352, 26: 114, 27: 156, 28: 394, 29: 86, 30: 324, 31: 142, 32: 380, 33: 352, 34: 114, 35: 100, 36: 338, 37: 86, 38: 324, 39: 72, 40: 310, 41: 142, 42: 380, 43: 366, 44: 128, 45: 156, 46: 394, 47: 254, 48: 16, 49: 100, 50: 338, 51: 44, 52: 282, 53: 72, 54: 310, 55: 380, 56: 142, 57: 16, 58: 254, 59: 310, 60: 72, 61: 156, 62: 394, 63: 58, 64: 296, 65: 156, 66: 394, 67: 352, 68: 114, 69: 142, 70: 380, 71: 86, 72: 324, 73: 240, 74: 478, 75: 142, 76: 380, 77: 282, 78: 44, 79: 100, 80: 338, 81: 142, 82: 380, 83: 156, 84: 394, 85: 86, 86: 324, 87: 254, 88: 16, 89: 100, 90: 338, 91: 16, 92: 254, 93: 156, 94: 394, 95: 352, 96: 114, 97: 240, 98: 478, 99: 86, 100: 324, 101: 100, 102: 338, 103: 72, 104: 310, 105: 310, 106: 72, 107: 100, 108: 338, 109: 72, 110: 310, 111: 142, 112: 380, 113: 156, 114: 394, 115: 142, 116: 380, 117: 156, 118: 394, 119: 114, 120: 352, 121: 240, 122: 478, 123: 240, 124: 478, 125: 114, 126: 352, 127: 338, 128: 100, 129: 296, 130: 58, 131: 100, 132: 338, 133: 366, 134: 128, 135: 408, 136: 170, 137: 128, 138: 366, 139: 44, 140: 282, 141: 86, 142: 324, 143: 128, 144: 366, 145: 282, 146: 44, 147: 30, 148: 268, 149: 282, 150: 44, 151: 268, 152: 30, 153: 156, 154: 394, 155: 114, 156: 352, 157: 128, 158: 366, 159: 156, 160: 394, 161: 394, 162: 156, 163: 44, 164: 282, 165: 58, 166: 296, 167: 366, 168: 128, 169: 296, 170: 58, 171: 156, 172: 394, 173: 86, 174: 324, 175: 86, 176: 324, 177: 156, 178: 394, 179: 156, 180: 394, 181: 30, 182: 268, 183: 324, 184: 86, 185: 86, 186: 324, 187: 142, 188: 380, 189: 156, 190: 394, 191: 100, 192: 338, 193: 240, 194: 478, 195: 142, 196: 380, 197: 156, 198: 394, 199: 156, 200: 394}
Number of lables used:  26
--------------------------------------------------

Trying with at most 25 labels...
Solution:
{1: 58, 2: 296, 3: 30, 4: 268, 5: 366, 6: 128, 7: 170, 8: 408, 9: 170, 10: 408, 11: 100, 12: 338, 13: 100, 14: 338, 15: 142, 16: 380, 17: 268, 18: 30, 19: 86, 20: 324, 21: 310, 22: 72, 23: 142, 24: 380, 25: 296, 26: 58, 27: 16, 28: 254, 29: 100, 30: 338, 31: 142, 32: 380, 33: 352, 34: 114, 35: 100, 36: 338, 37: 100, 38: 338, 39: 72, 40: 310, 41: 156, 42: 394, 43: 338, 44: 100, 45: 156, 46: 394, 47: 394, 48: 156, 49: 100, 50: 338, 51: 30, 52: 268, 53: 72, 54: 310, 55: 380, 56: 142, 57: 142, 58: 380, 59: 310, 60: 72, 61: 156, 62: 394, 63: 142, 64: 380, 65: 72, 66: 310, 67: 142, 68: 380, 69: 114, 70: 352, 71: 86, 72: 324, 73: 170, 74: 408, 75: 30, 76: 268, 77: 44, 78: 282, 79: 100, 80: 338, 81: 142, 82: 380, 83: 156, 84: 394, 85: 86, 86: 324, 87: 254, 88: 16, 89: 100, 90: 338, 91: 16, 92: 254, 93: 156, 94: 394, 95: 114, 96: 352, 97: 170, 98: 408, 99: 86, 100: 324, 101: 114, 102: 352, 103: 58, 104: 296, 105: 30, 106: 268, 107: 100, 108: 338, 109: 72, 110: 310, 111: 142, 112: 380, 113: 128, 114: 366, 115: 380, 116: 142, 117: 156, 118: 394, 119: 114, 120: 352, 121: 408, 122: 170, 123: 408, 124: 170, 125: 86, 126: 324, 127: 310, 128: 72, 129: 296, 130: 58, 131: 100, 132: 338, 133: 128, 134: 366, 135: 170, 136: 408, 137: 114, 138: 352, 139: 58, 140: 296, 141: 86, 142: 324, 143: 128, 144: 366, 145: 268, 146: 30, 147: 366, 148: 128, 149: 58, 150: 296, 151: 268, 152: 30, 153: 156, 154: 394, 155: 114, 156: 352, 157: 128, 158: 366, 159: 156, 160: 394, 161: 156, 162: 394, 163: 58, 164: 296, 165: 58, 166: 296, 167: 366, 168: 128, 169: 296, 170: 58, 171: 156, 172: 394, 173: 100, 174: 338, 175: 86, 176: 324, 177: 156, 178: 394, 179: 156, 180: 394, 181: 268, 182: 30, 183: 324, 184: 86, 185: 86, 186: 324, 187: 142, 188: 380, 189: 156, 190: 394, 191: 100, 192: 338, 193: 170, 194: 408, 195: 142, 196: 380, 197: 156, 198: 394, 199: 156, 200: 394}
Number of lables used:  24
Time taken: 0.40 seconds
Memory used: 35.11 MB
--------------------------------------------------

Trying with at most 23 labels...
Solution:
{1: 30, 2: 268, 3: 16, 4: 254, 5: 380, 6: 142, 7: 478, 8: 240, 9: 142, 10: 380, 11: 778, 12: 540, 13: 72, 14: 310, 15: 114, 16: 352, 17: 114, 18: 352, 19: 30, 20: 268, 21: 310, 22: 72, 23: 142, 24: 380, 25: 750, 26: 512, 27: 694, 28: 456, 29: 142, 30: 380, 31: 128, 32: 366, 33: 470, 34: 708, 35: 72, 36: 310, 37: 30, 38: 268, 39: 72, 40: 310, 41: 128, 42: 366, 43: 470, 44: 708, 45: 114, 46: 352, 47: 142, 48: 380, 49: 380, 50: 142, 51: 352, 52: 114, 53: 310, 54: 72, 55: 352, 56: 114, 57: 114, 58: 352, 59: 128, 60: 366, 61: 142, 62: 380, 63: 30, 64: 268, 65: 142, 66: 380, 67: 310, 68: 72, 69: 142, 70: 380, 71: 470, 72: 708, 73: 142, 74: 380, 75: 72, 76: 310, 77: 30, 78: 268, 79: 30, 80: 268, 81: 30, 82: 268, 83: 30, 84: 268, 85: 72, 86: 310, 87: 30, 88: 268, 89: 72, 90: 310, 91: 16, 92: 254, 93: 128, 94: 366, 95: 694, 96: 456, 97: 142, 98: 380, 99: 30, 100: 268, 101: 694, 102: 456, 103: 114, 104: 352, 105: 540, 106: 778, 107: 114, 108: 352, 109: 72, 110: 310, 111: 380, 112: 142, 113: 72, 114: 310, 115: 778, 116: 540, 117: 142, 118: 380, 119: 114, 120: 352, 121: 478, 122: 240, 123: 142, 124: 380, 125: 16, 126: 254, 127: 268, 128: 30, 129: 310, 130: 72, 131: 142, 132: 380, 133: 512, 134: 750, 135: 142, 136: 380, 137: 30, 138: 268, 139: 142, 140: 380, 141: 30, 142: 268, 143: 142, 144: 380, 145: 694, 146: 456, 147: 366, 148: 128, 149: 512, 150: 750, 151: 540, 152: 778, 153: 142, 154: 380, 155: 72, 156: 310, 157: 30, 158: 268, 159: 114, 160: 352, 161: 310, 162: 72, 163: 380, 164: 142, 165: 708, 166: 470, 167: 694, 168: 456, 169: 254, 170: 16, 171: 72, 172: 310, 173: 16, 174: 254, 175: 114, 176: 352, 177: 142, 178: 380, 179: 114, 180: 352, 181: 708, 182: 470, 183: 750, 184: 512, 185: 352, 186: 114, 187: 142, 188: 380, 189: 142, 190: 380, 191: 72, 192: 310, 193: 380, 194: 142, 195: 30, 196: 268, 197: 72, 198: 310, 199: 142, 200: 380}
Number of lables used:  22
Time taken: 0.58 seconds
Memory used: 35.24 MB
--------------------------------------------------

Trying with at most 21 labels...
Solution:
{1: 652, 2: 414, 3: 142, 4: 380, 5: 282, 6: 44, 7: 380, 8: 142, 9: 478, 10: 240, 11: 44, 12: 282, 13: 394, 14: 156, 15: 142, 16: 380, 17: 792, 18: 554, 19: 44, 20: 282, 21: 44, 22: 282, 23: 478, 24: 240, 25: 554, 26: 792, 27: 156, 28: 394, 29: 44, 30: 282, 31: 44, 32: 282, 33: 652, 34: 414, 35: 44, 36: 282, 37: 44, 38: 282, 39: 72, 40: 310, 41: 100, 42: 338, 43: 442, 44: 680, 45: 100, 46: 338, 47: 652, 48: 414, 49: 100, 50: 338, 51: 282, 52: 44, 53: 282, 54: 44, 55: 142, 56: 380, 57: 652, 58: 414, 59: 414, 60: 652, 61: 128, 62: 366, 63: 652, 64: 414, 65: 128, 66: 366, 67: 310, 68: 72, 69: 100, 70: 338, 71: 652, 72: 414, 73: 142, 74: 380, 75: 442, 76: 680, 77: 366, 78: 128, 79: 44, 80: 282, 81: 128, 82: 366, 83: 72, 84: 310, 85: 128, 86: 366, 87: 554, 88: 792, 89: 44, 90: 282, 91: 380, 92: 142, 93: 128, 94: 366, 95: 680, 96: 442, 97: 478, 98: 240, 99: 380, 100: 142, 101: 554, 102: 792, 103: 128, 104: 366, 105: 366, 106: 128, 107: 44, 108: 282, 109: 128, 110: 366, 111: 128, 112: 366, 113: 128, 114: 366, 115: 554, 116: 792, 117: 100, 118: 338, 119: 72, 120: 310, 121: 380, 122: 142, 123: 380, 124: 142, 125: 680, 126: 442, 127: 338, 128: 100, 129: 380, 130: 142, 131: 44, 132: 282, 133: 282, 134: 44, 135: 240, 136: 478, 137: 72, 138: 310, 139: 128, 140: 366, 141: 380, 142: 142, 143: 72, 144: 310, 145: 72, 146: 310, 147: 72, 148: 310, 149: 338, 150: 100, 151: 680, 152: 442, 153: 100, 154: 338, 155: 366, 156: 128, 157: 100, 158: 338, 159: 652, 160: 414, 161: 100, 162: 338, 163: 128, 164: 366, 165: 100, 166: 338, 167: 72, 168: 310, 169: 72, 170: 310, 171: 100, 172: 338, 173: 44, 174: 282, 175: 652, 176: 414, 177: 100, 178: 338, 179: 72, 180: 310, 181: 380, 182: 142, 183: 44, 184: 282, 185: 652, 186: 414, 187: 100, 188: 338, 189: 100, 190: 338, 191: 366, 192: 128, 193: 240, 194: 478, 195: 72, 196: 310, 197: 100, 198: 338, 199: 100, 200: 338}
Number of lables used:  20
Time taken: 0.77 seconds
Memory used: 35.25 MB
--------------------------------------------------

Trying with at most 19 labels...
Solution:
{1: 792, 2: 554, 3: 736, 4: 498, 5: 736, 6: 498, 7: 408, 8: 170, 9: 170, 10: 408, 11: 792, 12: 554, 13: 114, 14: 352, 15: 736, 16: 498, 17: 736, 18: 498, 19: 380, 20: 142, 21: 44, 22: 282, 23: 408, 24: 170, 25: 72, 26: 310, 27: 736, 28: 498, 29: 380, 30: 142, 31: 44, 32: 282, 33: 114, 34: 352, 35: 352, 36: 114, 37: 142, 38: 380, 39: 72, 40: 310, 41: 86, 42: 324, 43: 498, 44: 736, 45: 86, 46: 324, 47: 666, 48: 428, 49: 324, 50: 86, 51: 324, 52: 86, 53: 736, 54: 498, 55: 142, 56: 380, 57: 86, 58: 324, 59: 428, 60: 666, 61: 114, 62: 352, 63: 86, 64: 324, 65: 380, 66: 142, 67: 86, 68: 324, 69: 72, 70: 310, 71: 736, 72: 498, 73: 408, 74: 170, 75: 44, 76: 282, 77: 498, 78: 736, 79: 114, 80: 352, 81: 86, 82: 324, 83: 44, 84: 282, 85: 380, 86: 142, 87: 324, 88: 86, 89: 44, 90: 282, 91: 792, 92: 554, 93: 114, 94: 352, 95: 86, 96: 324, 97: 408, 98: 170, 99: 142, 100: 380, 101: 114, 102: 352, 103: 114, 104: 352, 105: 666, 106: 428, 107: 44, 108: 282, 109: 114, 110: 352, 111: 114, 112: 352, 113: 114, 114: 352, 115: 142, 116: 380, 117: 114, 118: 352, 119: 72, 120: 310, 121: 142, 122: 380, 123: 408, 124: 170, 125: 114, 126: 352, 127: 86, 128: 324, 129: 142, 130: 380, 131: 72, 132: 310, 133: 428, 134: 666, 135: 408, 136: 170, 137: 86, 138: 324, 139: 86, 140: 324, 141: 380, 142: 142, 143: 282, 144: 44, 145: 86, 146: 324, 147: 666, 148: 428, 149: 44, 150: 282, 151: 736, 152: 498, 153: 86, 154: 324, 155: 44, 156: 282, 157: 44, 158: 282, 159: 310, 160: 72, 161: 310, 162: 72, 163: 736, 164: 498, 165: 114, 166: 352, 167: 282, 168: 44, 169: 282, 170: 44, 171: 72, 172: 310, 173: 142, 174: 380, 175: 114, 176: 352, 177: 86, 178: 324, 179: 86, 180: 324, 181: 554, 182: 792, 183: 310, 184: 72, 185: 352, 186: 114, 187: 114, 188: 352, 189: 44, 190: 282, 191: 792, 192: 554, 193: 408, 194: 170, 195: 310, 196: 72, 197: 44, 198: 282, 199: 44, 200: 282}
Number of lables used:  18
Time taken: 0.99 seconds
Memory used: 36.77 MB
--------------------------------------------------

Trying with at most 17 labels...
[runlim] sample:		10.00 time, 10.01 real, 51 MB, 1.15 load
[runlim] sample:		19.99 time, 20.01 real, 47 MB, 1.13 load
[runlim] sample:		29.99 time, 30.01 real, 47 MB, 1.11 load
[runlim] sample:		39.99 time, 40.01 real, 61 MB, 1.09 load
[runlim] sample:		49.98 time, 50.01 real, 65 MB, 1.08 load
[runlim] sample:		59.98 time, 60.01 real, 66 MB, 1.06 load
Cannot find solution.
No more solutions found.
Optimal number of labels used:  18
Time taken: 67.67 seconds
Memory used: 60.21 MB
[runlim] end:			Thu Mar 26 01:56:11 2026
[runlim] status:		ok
[runlim] result:		0
[runlim] children:		1
[runlim] processes:		2
[runlim] real:			67.71 seconds
[runlim] time:			67.67 seconds
[runlim] space:			82 MB
[runlim] load:			1.18 maximum
[runlim] samples:		678
