[runlim] version:		2.0.0rc12
[runlim] host:			ap-Precision-7550
[runlim] time limit:		311040000 seconds
[runlim] real time limit:	600 seconds
[runlim] space limit:		14000 MB
[runlim] argv[0]:		python3
[runlim] argv[1]:		-u
[runlim] argv[2]:		remain_symmetry.py
[runlim] argv[3]:		scen10
[runlim] argv[4]:		nsc
[runlim] argv[5]:		cadical195
[runlim] start:			Thu Mar 26 02:03:09 2026
[runlim] child:			31078
Warning: variable 13 has no valid labels after preprocessing.
Cannot find solution!
Time taken: 0.01 seconds
Memory used: 18.63 MB
[runlim] end:			Thu Mar 26 02:03:09 2026
[runlim] status:		ok
[runlim] result:		0
[runlim] children:		0
[runlim] processes:		0
[runlim] real:			0.05 seconds
[runlim] time:			0.00 seconds
[runlim] space:			0 MB
[runlim] load:			1.35 maximum
[runlim] samples:		1
