[runlim] version:		2.0.0rc12
[runlim] host:			ap-Precision-7550
[runlim] time limit:		311040000 seconds
[runlim] real time limit:	600 seconds
[runlim] space limit:		14000 MB
[runlim] argv[0]:		python3
[runlim] argv[1]:		-u
[runlim] argv[2]:		remain_symmetry.py
[runlim] argv[3]:		scen02
[runlim] argv[4]:		nsc
[runlim] argv[5]:		cadical195
[runlim] start:			Thu Mar 26 01:53:17 2026
[runlim] child:			30971
Solve first problem:
Solution:
{13: 16, 14: 254, 15: 16, 16: 254, 53: 16, 54: 254, 79: 30, 80: 268, 81: 16, 82: 254, 83: 16, 84: 254, 85: 86, 86: 324, 127: 16, 128: 254, 129: 114, 130: 352, 143: 16, 144: 254, 145: 16, 146: 254, 205: 44, 206: 282, 233: 30, 234: 268, 235: 44, 236: 282, 237: 30, 238: 268, 261: 16, 262: 254, 263: 16, 264: 254, 265: 16, 266: 254, 267: 86, 268: 324, 269: 16, 270: 254, 271: 16, 272: 254, 273: 86, 274: 324, 275: 86, 276: 324, 277: 30, 278: 268, 281: 44, 282: 282, 283: 44, 284: 282, 289: 30, 290: 268, 291: 44, 292: 282, 303: 16, 304: 254, 305: 86, 306: 324, 321: 30, 322: 268, 323: 100, 324: 338, 325: 30, 326: 268, 327: 100, 328: 338, 329: 16, 330: 254, 341: 114, 342: 352, 343: 114, 344: 352, 349: 100, 350: 338, 351: 86, 352: 324, 435: 30, 436: 268, 475: 44, 476: 282, 481: 58, 482: 296, 517: 310, 518: 72, 519: 30, 520: 268, 555: 282, 556: 44, 557: 44, 558: 282, 559: 268, 560: 30, 561: 128, 562: 366, 565: 100, 566: 338, 577: 114, 578: 352, 579: 16, 580: 254, 583: 296, 584: 58, 585: 30, 586: 268, 587: 86, 588: 324, 589: 16, 590: 254, 591: 428, 592: 666, 593: 30, 594: 268, 595: 86, 596: 324, 597: 100, 598: 338, 599: 58, 600: 296, 601: 428, 602: 666, 603: 44, 604: 282, 605: 30, 606: 268, 607: 128, 608: 366, 613: 428, 614: 666, 615: 30, 616: 268, 617: 72, 618: 310, 621: 100, 622: 338, 625: 268, 626: 30, 629: 86, 630: 324, 631: 114, 632: 352, 633: 338, 634: 100, 635: 380, 636: 142, 645: 30, 646: 268, 651: 16, 652: 254, 661: 72, 662: 310, 663: 16, 664: 254, 665: 352, 666: 114, 667: 16, 668: 254, 713: 30, 714: 268, 717: 86, 718: 324, 719: 156, 720: 394, 721: 366, 722: 128, 723: 16, 724: 254, 743: 44, 744: 282, 745: 128, 746: 366, 747: 114, 748: 352, 763: 296, 764: 58, 765: 268, 766: 30, 767: 156, 768: 394, 785: 16, 786: 254, 787: 310, 788: 72, 789: 44, 790: 282, 791: 114, 792: 352, 793: 30, 794: 268, 795: 100, 796: 338, 797: 30, 798: 268, 799: 100, 800: 338, 801: 498, 802: 736, 879: 44, 880: 282}
Number of lables used:  26
Time taken: 0.29 seconds
Memory used: 36.89 MB
--------------------------------------------------

Trying with at most 25 labels...
Solution:
{13: 16, 14: 254, 15: 44, 16: 282, 53: 142, 54: 380, 79: 156, 80: 394, 81: 142, 82: 380, 83: 380, 84: 142, 85: 16, 86: 254, 127: 58, 128: 296, 129: 156, 130: 394, 143: 156, 144: 394, 145: 156, 146: 394, 205: 156, 206: 394, 233: 268, 234: 30, 235: 366, 236: 128, 237: 44, 238: 282, 261: 156, 262: 394, 263: 44, 264: 282, 265: 86, 266: 324, 267: 156, 268: 394, 269: 30, 270: 268, 271: 30, 272: 268, 273: 352, 274: 114, 275: 352, 276: 114, 277: 30, 278: 268, 281: 142, 282: 380, 283: 128, 284: 366, 289: 156, 290: 394, 291: 86, 292: 324, 303: 394, 304: 156, 305: 58, 306: 296, 321: 156, 322: 394, 323: 72, 324: 310, 325: 394, 326: 156, 327: 58, 328: 296, 329: 156, 330: 394, 341: 380, 342: 142, 343: 380, 344: 142, 349: 72, 350: 310, 351: 380, 352: 142, 435: 114, 436: 352, 475: 128, 476: 366, 481: 142, 482: 380, 517: 142, 518: 380, 519: 142, 520: 380, 555: 282, 556: 44, 557: 58, 558: 296, 559: 352, 560: 114, 561: 44, 562: 282, 565: 30, 566: 268, 577: 86, 578: 324, 579: 58, 580: 296, 583: 142, 584: 380, 585: 324, 586: 86, 587: 72, 588: 310, 589: 44, 590: 282, 591: 58, 592: 296, 593: 44, 594: 282, 595: 114, 596: 352, 597: 30, 598: 268, 599: 86, 600: 324, 601: 128, 602: 366, 603: 142, 604: 380, 605: 142, 606: 380, 607: 58, 608: 296, 613: 100, 614: 338, 615: 128, 616: 366, 617: 142, 618: 380, 621: 72, 622: 310, 625: 142, 626: 380, 629: 128, 630: 366, 631: 142, 632: 380, 633: 128, 634: 366, 635: 142, 636: 380, 645: 114, 646: 352, 651: 156, 652: 394, 661: 156, 662: 394, 663: 394, 664: 156, 665: 380, 666: 142, 667: 156, 668: 394, 713: 30, 714: 268, 717: 352, 718: 114, 719: 16, 720: 254, 721: 86, 722: 324, 723: 156, 724: 394, 743: 366, 744: 128, 745: 380, 746: 142, 747: 30, 748: 268, 763: 142, 764: 380, 765: 156, 766: 394, 767: 114, 768: 352, 785: 156, 786: 394, 787: 142, 788: 380, 789: 72, 790: 310, 791: 142, 792: 380, 793: 72, 794: 310, 795: 142, 796: 380, 797: 58, 798: 296, 799: 128, 800: 366, 801: 142, 802: 380, 879: 142, 880: 380}
Number of lables used:  22
--------------------------------------------------

Trying with at most 21 labels...
Solution:
{13: 114, 14: 352, 15: 114, 16: 352, 53: 114, 54: 352, 79: 86, 80: 324, 81: 100, 82: 338, 83: 254, 84: 16, 85: 324, 86: 86, 127: 652, 128: 414, 129: 44, 130: 282, 143: 442, 144: 680, 145: 114, 146: 352, 205: 114, 206: 352, 233: 456, 234: 694, 235: 44, 236: 282, 237: 30, 238: 268, 261: 100, 262: 338, 263: 282, 264: 44, 265: 30, 266: 268, 267: 100, 268: 338, 269: 16, 270: 254, 271: 16, 272: 254, 273: 652, 274: 414, 275: 652, 276: 414, 277: 100, 278: 338, 281: 414, 282: 652, 283: 456, 284: 694, 289: 114, 290: 352, 291: 44, 292: 282, 303: 652, 304: 414, 305: 44, 306: 282, 321: 652, 322: 414, 323: 86, 324: 324, 325: 338, 326: 100, 327: 254, 328: 16, 329: 86, 330: 324, 341: 652, 342: 414, 343: 652, 344: 414, 349: 44, 350: 282, 351: 352, 352: 114, 435: 86, 436: 324, 475: 100, 476: 338, 481: 114, 482: 352, 517: 114, 518: 352, 519: 352, 520: 114, 555: 456, 556: 694, 557: 44, 558: 282, 559: 324, 560: 86, 561: 680, 562: 442, 565: 268, 566: 30, 577: 16, 578: 254, 579: 30, 580: 268, 583: 442, 584: 680, 585: 44, 586: 282, 587: 100, 588: 338, 589: 16, 590: 254, 591: 30, 592: 268, 593: 680, 594: 442, 595: 86, 596: 324, 597: 86, 598: 324, 599: 680, 600: 442, 601: 100, 602: 338, 603: 114, 604: 352, 605: 114, 606: 352, 607: 268, 608: 30, 613: 30, 614: 268, 615: 100, 616: 338, 617: 114, 618: 352, 621: 44, 622: 282, 625: 114, 626: 352, 629: 100, 630: 338, 631: 114, 632: 352, 633: 100, 634: 338, 635: 114, 636: 352, 645: 44, 646: 282, 651: 114, 652: 352, 661: 114, 662: 352, 663: 114, 664: 352, 665: 338, 666: 100, 667: 114, 668: 352, 713: 86, 714: 324, 717: 652, 718: 414, 719: 44, 720: 282, 721: 254, 722: 16, 723: 114, 724: 352, 743: 268, 744: 30, 745: 114, 746: 352, 747: 338, 748: 100, 763: 114, 764: 352, 765: 114, 766: 352, 767: 16, 768: 254, 785: 114, 786: 352, 787: 338, 788: 100, 789: 44, 790: 282, 791: 114, 792: 352, 793: 44, 794: 282, 795: 114, 796: 352, 797: 30, 798: 268, 799: 100, 800: 338, 801: 114, 802: 352, 879: 114, 880: 352}
Number of lables used:  18
Time taken: 0.55 seconds
Memory used: 39.15 MB
--------------------------------------------------

Trying with at most 17 labels...
Solution:
{13: 254, 14: 16, 15: 254, 16: 16, 53: 30, 54: 268, 79: 16, 80: 254, 81: 30, 82: 268, 83: 324, 84: 86, 85: 394, 86: 156, 127: 394, 128: 156, 129: 30, 130: 268, 143: 394, 144: 156, 145: 394, 146: 156, 205: 30, 206: 268, 233: 72, 234: 310, 235: 86, 236: 324, 237: 268, 238: 30, 261: 30, 262: 268, 263: 324, 264: 86, 265: 428, 266: 666, 267: 310, 268: 72, 269: 16, 270: 254, 271: 16, 272: 254, 273: 100, 274: 338, 275: 100, 276: 338, 277: 86, 278: 324, 281: 442, 282: 680, 283: 442, 284: 680, 289: 16, 290: 254, 291: 30, 292: 268, 303: 254, 304: 16, 305: 338, 306: 100, 321: 428, 322: 666, 323: 310, 324: 72, 325: 254, 326: 16, 327: 338, 328: 100, 329: 338, 330: 100, 341: 666, 342: 428, 343: 666, 344: 428, 349: 324, 350: 86, 351: 30, 352: 268, 435: 666, 436: 428, 475: 338, 476: 100, 481: 30, 482: 268, 517: 72, 518: 310, 519: 30, 520: 268, 555: 310, 556: 72, 557: 338, 558: 100, 559: 30, 560: 268, 561: 680, 562: 442, 565: 666, 566: 428, 577: 254, 578: 16, 579: 254, 580: 16, 583: 428, 584: 666, 585: 338, 586: 100, 587: 16, 588: 254, 589: 16, 590: 254, 591: 666, 592: 428, 593: 680, 594: 442, 595: 268, 596: 30, 597: 324, 598: 86, 599: 324, 600: 86, 601: 310, 602: 72, 603: 324, 604: 86, 605: 324, 606: 86, 607: 442, 608: 680, 613: 666, 614: 428, 615: 310, 616: 72, 617: 324, 618: 86, 621: 268, 622: 30, 625: 338, 626: 100, 629: 338, 630: 100, 631: 30, 632: 268, 633: 310, 634: 72, 635: 324, 636: 86, 645: 394, 646: 156, 651: 30, 652: 268, 661: 30, 662: 268, 663: 16, 664: 254, 665: 30, 666: 268, 667: 30, 668: 268, 713: 86, 714: 324, 717: 100, 718: 338, 719: 30, 720: 268, 721: 254, 722: 16, 723: 394, 724: 156, 743: 666, 744: 428, 745: 30, 746: 268, 747: 338, 748: 100, 763: 30, 764: 268, 765: 16, 766: 254, 767: 394, 768: 156, 785: 16, 786: 254, 787: 666, 788: 428, 789: 338, 790: 100, 791: 30, 792: 268, 793: 324, 794: 86, 795: 30, 796: 268, 797: 324, 798: 86, 799: 30, 800: 268, 801: 100, 802: 338, 879: 30, 880: 268}
Number of lables used:  16
Time taken: 0.82 seconds
Memory used: 40.53 MB
--------------------------------------------------

Trying with at most 15 labels...
Solution:
{13: 128, 14: 366, 15: 128, 16: 366, 53: 30, 54: 268, 79: 394, 80: 156, 81: 30, 82: 268, 83: 694, 84: 456, 85: 114, 86: 352, 127: 394, 128: 156, 129: 30, 130: 268, 143: 764, 144: 526, 145: 764, 146: 526, 205: 30, 206: 268, 233: 100, 234: 338, 235: 114, 236: 352, 237: 694, 238: 456, 261: 30, 262: 268, 263: 694, 264: 456, 265: 764, 266: 526, 267: 394, 268: 156, 269: 114, 270: 352, 271: 114, 272: 352, 273: 268, 274: 30, 275: 268, 276: 30, 277: 128, 278: 366, 281: 100, 282: 338, 283: 100, 284: 338, 289: 366, 290: 128, 291: 30, 292: 268, 303: 128, 304: 366, 305: 268, 306: 30, 321: 764, 322: 526, 323: 114, 324: 352, 325: 764, 326: 526, 327: 394, 328: 156, 329: 352, 330: 114, 341: 394, 342: 156, 343: 394, 344: 156, 349: 268, 350: 30, 351: 268, 352: 30, 435: 352, 436: 114, 475: 366, 476: 128, 481: 30, 482: 268, 517: 352, 518: 114, 519: 30, 520: 268, 555: 338, 556: 100, 557: 694, 558: 456, 559: 114, 560: 352, 561: 352, 562: 114, 565: 694, 566: 456, 577: 394, 578: 156, 579: 100, 580: 338, 583: 456, 584: 694, 585: 338, 586: 100, 587: 394, 588: 156, 589: 394, 590: 156, 591: 694, 592: 456, 593: 338, 594: 100, 595: 268, 596: 30, 597: 352, 598: 114, 599: 100, 600: 338, 601: 338, 602: 100, 603: 268, 604: 30, 605: 268, 606: 30, 607: 128, 608: 366, 613: 366, 614: 128, 615: 352, 616: 114, 617: 338, 618: 100, 621: 268, 622: 30, 625: 366, 626: 128, 629: 338, 630: 100, 631: 268, 632: 30, 633: 338, 634: 100, 635: 268, 636: 30, 645: 366, 646: 128, 651: 30, 652: 268, 661: 30, 662: 268, 663: 394, 664: 156, 665: 30, 666: 268, 667: 30, 668: 268, 713: 114, 714: 352, 717: 268, 718: 30, 719: 156, 720: 394, 721: 694, 722: 456, 723: 764, 724: 526, 743: 100, 744: 338, 745: 268, 746: 30, 747: 30, 748: 268, 763: 30, 764: 268, 765: 394, 766: 156, 767: 156, 768: 394, 785: 30, 786: 268, 787: 268, 788: 30, 789: 338, 790: 100, 791: 30, 792: 268, 793: 338, 794: 100, 795: 30, 796: 268, 797: 338, 798: 100, 799: 30, 800: 268, 801: 128, 802: 366, 879: 30, 880: 268}
Number of lables used:  14
Time taken: 1.07 seconds
Memory used: 40.54 MB
--------------------------------------------------

Trying with at most 13 labels...
[runlim] sample:		9.99 time, 10.01 real, 59 MB, 1.01 load
Cannot find solution.
No more solutions found.
Optimal number of labels used:  14
Time taken: 13.64 seconds
Memory used: 59.82 MB
[runlim] end:			Thu Mar 26 01:53:31 2026
[runlim] status:		ok
[runlim] result:		0
[runlim] children:		1
[runlim] processes:		2
[runlim] real:			13.68 seconds
[runlim] time:			13.59 seconds
[runlim] space:			60 MB
[runlim] load:			1.01 maximum
[runlim] samples:		137
