[runlim] version:		2.0.0rc12
[runlim] host:			ap-Precision-7550
[runlim] time limit:		311040000 seconds
[runlim] real time limit:	600 seconds
[runlim] space limit:		14000 MB
[runlim] argv[0]:		python3
[runlim] argv[1]:		-u
[runlim] argv[2]:		remain_symmetry.py
[runlim] argv[3]:		TUD200.1
[runlim] argv[4]:		nsc
[runlim] argv[5]:		cadical195
[runlim] start:			Thu Mar 26 02:03:09 2026
[runlim] child:			31081
Solve first problem:
Solution:
{1: 366, 2: 128, 3: 652, 4: 414, 5: 366, 6: 128, 7: 442, 8: 680, 9: 128, 10: 366, 11: 44, 12: 282, 13: 792, 14: 554, 15: 414, 16: 652, 17: 156, 18: 394, 19: 498, 20: 736, 21: 470, 22: 708, 23: 792, 24: 554, 25: 484, 26: 722, 27: 128, 28: 366, 29: 100, 30: 338, 31: 156, 32: 394, 33: 554, 34: 792, 35: 456, 36: 694, 37: 128, 38: 366, 39: 268, 40: 30, 41: 526, 42: 764, 43: 142, 44: 380, 45: 456, 46: 694, 47: 792, 48: 554, 49: 470, 50: 708, 51: 58, 52: 296, 53: 142, 54: 380, 55: 86, 56: 324, 57: 72, 58: 310, 59: 540, 60: 778, 61: 512, 62: 750, 63: 414, 64: 652, 65: 484, 66: 722, 67: 414, 68: 652, 69: 680, 70: 442, 71: 268, 72: 30, 73: 456, 74: 694, 75: 512, 76: 750, 77: 540, 78: 778, 79: 792, 80: 554, 81: 554, 82: 792, 83: 428, 84: 666, 85: 736, 86: 498, 87: 778, 88: 540, 89: 44, 90: 282, 91: 540, 92: 778, 93: 16, 94: 254, 95: 352, 96: 114, 97: 540, 98: 778, 99: 156, 100: 394, 101: 380, 102: 142, 103: 540, 104: 778, 105: 156, 106: 394, 107: 380, 108: 142, 109: 694, 110: 456, 111: 722, 112: 484, 113: 414, 114: 652, 115: 470, 116: 708, 117: 526, 118: 764, 119: 100, 120: 338, 121: 456, 122: 694, 123: 156, 124: 394, 125: 310, 126: 72, 127: 72, 128: 310, 129: 142, 130: 380, 131: 380, 132: 142, 133: 554, 134: 792, 135: 554, 136: 792, 137: 456, 138: 694, 139: 442, 140: 680, 141: 380, 142: 142, 143: 540, 144: 778, 145: 554, 146: 792, 147: 254, 148: 16, 149: 554, 150: 792, 151: 86, 152: 324, 153: 498, 154: 736, 155: 554, 156: 792, 157: 554, 158: 792, 159: 498, 160: 736, 161: 554, 162: 792, 163: 526, 164: 764, 165: 100, 166: 338, 167: 526, 168: 764, 169: 554, 170: 792, 171: 498, 172: 736, 173: 540, 174: 778, 175: 526, 176: 764, 177: 666, 178: 428, 179: 498, 180: 736, 181: 554, 182: 792, 183: 526, 184: 764, 185: 156, 186: 394, 187: 156, 188: 394, 189: 484, 190: 722, 191: 428, 192: 666, 193: 484, 194: 722, 195: 554, 196: 792, 197: 484, 198: 722, 199: 540, 200: 778}
Number of lables used:  44
Time taken: 0.36 seconds
Memory used: 36.20 MB
--------------------------------------------------

Trying with at most 43 labels...
Solution:
{1: 254, 2: 16, 3: 338, 4: 100, 5: 16, 6: 254, 7: 156, 8: 394, 9: 58, 10: 296, 11: 394, 12: 156, 13: 680, 14: 442, 15: 666, 16: 428, 17: 114, 18: 352, 19: 442, 20: 680, 21: 114, 22: 352, 23: 722, 24: 484, 25: 652, 26: 414, 27: 394, 28: 156, 29: 86, 30: 324, 31: 86, 32: 324, 33: 470, 34: 708, 35: 366, 36: 128, 37: 58, 38: 296, 39: 394, 40: 156, 41: 470, 42: 708, 43: 128, 44: 366, 45: 254, 46: 16, 47: 722, 48: 484, 49: 380, 50: 142, 51: 380, 52: 142, 53: 72, 54: 310, 55: 352, 56: 114, 57: 30, 58: 268, 59: 484, 60: 722, 61: 442, 62: 680, 63: 722, 64: 484, 65: 708, 66: 470, 67: 100, 68: 338, 69: 142, 70: 380, 71: 394, 72: 156, 73: 142, 74: 380, 75: 470, 76: 708, 77: 324, 78: 86, 79: 652, 80: 414, 81: 484, 82: 722, 83: 128, 84: 366, 85: 72, 86: 310, 87: 680, 88: 442, 89: 324, 90: 86, 91: 484, 92: 722, 93: 16, 94: 254, 95: 338, 96: 100, 97: 456, 98: 694, 99: 156, 100: 394, 101: 324, 102: 86, 103: 470, 104: 708, 105: 156, 106: 394, 107: 282, 108: 44, 109: 156, 110: 394, 111: 156, 112: 394, 113: 666, 114: 428, 115: 156, 116: 394, 117: 456, 118: 694, 119: 16, 120: 254, 121: 296, 122: 58, 123: 30, 124: 268, 125: 30, 126: 268, 127: 72, 128: 310, 129: 170, 130: 408, 131: 366, 132: 128, 133: 470, 134: 708, 135: 484, 136: 722, 137: 380, 138: 142, 139: 142, 140: 380, 141: 380, 142: 142, 143: 484, 144: 722, 145: 484, 146: 722, 147: 254, 148: 16, 149: 484, 150: 722, 151: 86, 152: 324, 153: 666, 154: 428, 155: 484, 156: 722, 157: 484, 158: 722, 159: 652, 160: 414, 161: 484, 162: 722, 163: 456, 164: 694, 165: 30, 166: 268, 167: 380, 168: 142, 169: 470, 170: 708, 171: 442, 172: 680, 173: 652, 174: 414, 175: 722, 176: 484, 177: 100, 178: 338, 179: 442, 180: 680, 181: 484, 182: 722, 183: 652, 184: 414, 185: 156, 186: 394, 187: 156, 188: 394, 189: 428, 190: 666, 191: 694, 192: 456, 193: 666, 194: 428, 195: 470, 196: 708, 197: 428, 198: 666, 199: 484, 200: 722}
Number of lables used:  36
--------------------------------------------------

Trying with at most 35 labels...
Solution:
{1: 652, 2: 414, 3: 128, 4: 366, 5: 666, 6: 428, 7: 44, 8: 282, 9: 128, 10: 366, 11: 338, 12: 100, 13: 30, 14: 268, 15: 30, 16: 268, 17: 72, 18: 310, 19: 394, 20: 156, 21: 310, 22: 72, 23: 254, 24: 16, 25: 16, 26: 254, 27: 156, 28: 394, 29: 394, 30: 156, 31: 310, 32: 72, 33: 414, 34: 652, 35: 414, 36: 652, 37: 100, 38: 338, 39: 142, 40: 380, 41: 666, 42: 428, 43: 30, 44: 268, 45: 324, 46: 86, 47: 652, 48: 414, 49: 44, 50: 282, 51: 428, 52: 666, 53: 666, 54: 428, 55: 380, 56: 142, 57: 114, 58: 352, 59: 254, 60: 16, 61: 44, 62: 282, 63: 666, 64: 428, 65: 652, 66: 414, 67: 44, 68: 282, 69: 254, 70: 16, 71: 414, 72: 652, 73: 86, 74: 324, 75: 652, 76: 414, 77: 268, 78: 30, 79: 268, 80: 30, 81: 156, 82: 394, 83: 16, 84: 254, 85: 58, 86: 296, 87: 366, 88: 128, 89: 142, 90: 380, 91: 114, 92: 352, 93: 652, 94: 414, 95: 310, 96: 72, 97: 142, 98: 380, 99: 156, 100: 394, 101: 428, 102: 666, 103: 142, 104: 380, 105: 366, 106: 128, 107: 652, 108: 414, 109: 282, 110: 44, 111: 86, 112: 324, 113: 254, 114: 16, 115: 310, 116: 72, 117: 114, 118: 352, 119: 86, 120: 324, 121: 268, 122: 30, 123: 100, 124: 338, 125: 128, 126: 366, 127: 86, 128: 324, 129: 240, 130: 478, 131: 324, 132: 86, 133: 414, 134: 652, 135: 156, 136: 394, 137: 128, 138: 366, 139: 338, 140: 100, 141: 428, 142: 666, 143: 310, 144: 72, 145: 44, 146: 282, 147: 16, 148: 254, 149: 324, 150: 86, 151: 72, 152: 310, 153: 282, 154: 44, 155: 296, 156: 58, 157: 128, 158: 366, 159: 666, 160: 428, 161: 72, 162: 310, 163: 254, 164: 16, 165: 44, 166: 282, 167: 58, 168: 296, 169: 156, 170: 394, 171: 414, 172: 652, 173: 44, 174: 282, 175: 380, 176: 142, 177: 114, 178: 352, 179: 652, 180: 414, 181: 666, 182: 428, 183: 282, 184: 44, 185: 394, 186: 156, 187: 156, 188: 394, 189: 414, 190: 652, 191: 414, 192: 652, 193: 72, 194: 310, 195: 86, 196: 324, 197: 414, 198: 652, 199: 128, 200: 366}
Number of lables used:  28
Time taken: 0.60 seconds
Memory used: 37.61 MB
--------------------------------------------------

Trying with at most 27 labels...
Solution:
{1: 652, 2: 414, 3: 394, 4: 156, 5: 254, 6: 16, 7: 30, 8: 268, 9: 254, 10: 16, 11: 380, 12: 142, 13: 142, 14: 380, 15: 16, 16: 254, 17: 72, 18: 310, 19: 394, 20: 156, 21: 86, 22: 324, 23: 254, 24: 16, 25: 338, 26: 100, 27: 142, 28: 380, 29: 352, 30: 114, 31: 310, 32: 72, 33: 414, 34: 652, 35: 652, 36: 414, 37: 296, 38: 58, 39: 414, 40: 652, 41: 666, 42: 428, 43: 352, 44: 114, 45: 156, 46: 394, 47: 666, 48: 428, 49: 156, 50: 394, 51: 428, 52: 666, 53: 666, 54: 428, 55: 268, 56: 30, 57: 254, 58: 16, 59: 114, 60: 352, 61: 352, 62: 114, 63: 666, 64: 428, 65: 652, 66: 414, 67: 324, 68: 86, 69: 254, 70: 16, 71: 414, 72: 652, 73: 44, 74: 282, 75: 652, 76: 414, 77: 282, 78: 44, 79: 268, 80: 30, 81: 156, 82: 394, 83: 142, 84: 380, 85: 156, 86: 394, 87: 380, 88: 142, 89: 268, 90: 30, 91: 380, 92: 142, 93: 652, 94: 414, 95: 58, 96: 296, 97: 100, 98: 338, 99: 114, 100: 352, 101: 666, 102: 428, 103: 282, 104: 44, 105: 352, 106: 114, 107: 254, 108: 16, 109: 282, 110: 44, 111: 86, 112: 324, 113: 30, 114: 268, 115: 338, 116: 100, 117: 44, 118: 282, 119: 100, 120: 338, 121: 352, 122: 114, 123: 100, 124: 338, 125: 72, 126: 310, 127: 86, 128: 324, 129: 142, 130: 380, 131: 324, 132: 86, 133: 414, 134: 652, 135: 156, 136: 394, 137: 142, 138: 380, 139: 428, 140: 666, 141: 428, 142: 666, 143: 352, 144: 114, 145: 324, 146: 86, 147: 16, 148: 254, 149: 338, 150: 100, 151: 44, 152: 282, 153: 310, 154: 72, 155: 324, 156: 86, 157: 394, 158: 156, 159: 666, 160: 428, 161: 72, 162: 310, 163: 114, 164: 352, 165: 44, 166: 282, 167: 324, 168: 86, 169: 310, 170: 72, 171: 414, 172: 652, 173: 414, 174: 652, 175: 380, 176: 142, 177: 114, 178: 352, 179: 652, 180: 414, 181: 666, 182: 428, 183: 282, 184: 44, 185: 394, 186: 156, 187: 310, 188: 72, 189: 414, 190: 652, 191: 414, 192: 652, 193: 58, 194: 296, 195: 156, 196: 394, 197: 414, 198: 652, 199: 114, 200: 352}
Number of lables used:  24
Time taken: 0.83 seconds
Memory used: 37.68 MB
--------------------------------------------------

Trying with at most 23 labels...
Solution:
{1: 442, 2: 680, 3: 156, 4: 394, 5: 142, 6: 380, 7: 296, 8: 58, 9: 380, 10: 142, 11: 394, 12: 156, 13: 16, 14: 254, 15: 394, 16: 156, 17: 156, 18: 394, 19: 680, 20: 442, 21: 352, 22: 114, 23: 114, 24: 352, 25: 254, 26: 16, 27: 680, 28: 442, 29: 428, 30: 666, 31: 114, 32: 352, 33: 708, 34: 470, 35: 58, 36: 296, 37: 16, 38: 254, 39: 296, 40: 58, 41: 708, 42: 470, 43: 394, 44: 156, 45: 708, 46: 470, 47: 680, 48: 442, 49: 114, 50: 352, 51: 58, 52: 296, 53: 666, 54: 428, 55: 16, 56: 254, 57: 680, 58: 442, 59: 156, 60: 394, 61: 680, 62: 442, 63: 666, 64: 428, 65: 680, 66: 442, 67: 16, 68: 254, 69: 282, 70: 44, 71: 282, 72: 44, 73: 58, 74: 296, 75: 44, 76: 282, 77: 296, 78: 58, 79: 114, 80: 352, 81: 156, 82: 394, 83: 428, 84: 666, 85: 282, 86: 44, 87: 442, 88: 680, 89: 114, 90: 352, 91: 142, 92: 380, 93: 16, 94: 254, 95: 680, 96: 442, 97: 142, 98: 380, 99: 156, 100: 394, 101: 470, 102: 708, 103: 470, 104: 708, 105: 142, 106: 380, 107: 352, 108: 114, 109: 296, 110: 58, 111: 666, 112: 428, 113: 16, 114: 254, 115: 114, 116: 352, 117: 666, 118: 428, 119: 666, 120: 428, 121: 114, 122: 352, 123: 16, 124: 254, 125: 114, 126: 352, 127: 428, 128: 666, 129: 142, 130: 380, 131: 296, 132: 58, 133: 708, 134: 470, 135: 156, 136: 394, 137: 708, 138: 470, 139: 708, 140: 470, 141: 114, 142: 352, 143: 58, 144: 296, 145: 428, 146: 666, 147: 254, 148: 16, 149: 428, 150: 666, 151: 58, 152: 296, 153: 142, 154: 380, 155: 680, 156: 442, 157: 58, 158: 296, 159: 666, 160: 428, 161: 156, 162: 394, 163: 16, 164: 254, 165: 708, 166: 470, 167: 58, 168: 296, 169: 708, 170: 470, 171: 708, 172: 470, 173: 16, 174: 254, 175: 44, 176: 282, 177: 442, 178: 680, 179: 142, 180: 380, 181: 58, 182: 296, 183: 58, 184: 296, 185: 156, 186: 394, 187: 394, 188: 156, 189: 666, 190: 428, 191: 708, 192: 470, 193: 114, 194: 352, 195: 394, 196: 156, 197: 666, 198: 428, 199: 296, 200: 58}
Number of lables used:  18
Time taken: 1.05 seconds
Memory used: 37.70 MB
--------------------------------------------------

Trying with at most 17 labels...
Solution:
{1: 792, 2: 554, 3: 142, 4: 380, 5: 268, 6: 30, 7: 268, 8: 30, 9: 324, 10: 86, 11: 554, 12: 792, 13: 30, 14: 268, 15: 142, 16: 380, 17: 156, 18: 394, 19: 666, 20: 428, 21: 58, 22: 296, 23: 142, 24: 380, 25: 156, 26: 394, 27: 30, 28: 268, 29: 394, 30: 156, 31: 792, 32: 554, 33: 792, 34: 554, 35: 58, 36: 296, 37: 428, 38: 666, 39: 156, 40: 394, 41: 666, 42: 428, 43: 58, 44: 296, 45: 268, 46: 30, 47: 792, 48: 554, 49: 792, 50: 554, 51: 58, 52: 296, 53: 666, 54: 428, 55: 86, 56: 324, 57: 296, 58: 58, 59: 666, 60: 428, 61: 268, 62: 30, 63: 666, 64: 428, 65: 666, 66: 428, 67: 30, 68: 268, 69: 324, 70: 86, 71: 156, 72: 394, 73: 86, 74: 324, 75: 156, 76: 394, 77: 324, 78: 86, 79: 296, 80: 58, 81: 156, 82: 394, 83: 156, 84: 394, 85: 428, 86: 666, 87: 296, 88: 58, 89: 296, 90: 58, 91: 86, 92: 324, 93: 666, 94: 428, 95: 30, 96: 268, 97: 142, 98: 380, 99: 792, 100: 554, 101: 86, 102: 324, 103: 86, 104: 324, 105: 156, 106: 394, 107: 296, 108: 58, 109: 296, 110: 58, 111: 324, 112: 86, 113: 142, 114: 380, 115: 666, 116: 428, 117: 156, 118: 394, 119: 30, 120: 268, 121: 30, 122: 268, 123: 428, 124: 666, 125: 86, 126: 324, 127: 666, 128: 428, 129: 240, 130: 478, 131: 428, 132: 666, 133: 792, 134: 554, 135: 30, 136: 268, 137: 142, 138: 380, 139: 428, 140: 666, 141: 324, 142: 86, 143: 792, 144: 554, 145: 792, 146: 554, 147: 268, 148: 30, 149: 296, 150: 58, 151: 58, 152: 296, 153: 268, 154: 30, 155: 666, 156: 428, 157: 30, 158: 268, 159: 156, 160: 394, 161: 666, 162: 428, 163: 86, 164: 324, 165: 554, 166: 792, 167: 394, 168: 156, 169: 394, 170: 156, 171: 380, 172: 142, 173: 428, 174: 666, 175: 142, 176: 380, 177: 142, 178: 380, 179: 428, 180: 666, 181: 58, 182: 296, 183: 58, 184: 296, 185: 324, 186: 86, 187: 380, 188: 142, 189: 324, 190: 86, 191: 156, 192: 394, 193: 86, 194: 324, 195: 86, 196: 324, 197: 142, 198: 380, 199: 30, 200: 268}
Number of lables used:  16
Time taken: 1.28 seconds
Memory used: 39.09 MB
--------------------------------------------------

Trying with at most 15 labels...
Solution:
{1: 554, 2: 792, 3: 142, 4: 380, 5: 254, 6: 16, 7: 114, 8: 352, 9: 16, 10: 254, 11: 16, 12: 254, 13: 86, 14: 324, 15: 380, 16: 142, 17: 142, 18: 380, 19: 666, 20: 428, 21: 380, 22: 142, 23: 554, 24: 792, 25: 114, 26: 352, 27: 352, 28: 114, 29: 792, 30: 554, 31: 142, 32: 380, 33: 792, 34: 554, 35: 254, 36: 16, 37: 666, 38: 428, 39: 428, 40: 666, 41: 666, 42: 428, 43: 254, 44: 16, 45: 352, 46: 114, 47: 792, 48: 554, 49: 792, 50: 554, 51: 352, 52: 114, 53: 86, 54: 324, 55: 324, 56: 86, 57: 352, 58: 114, 59: 16, 60: 254, 61: 114, 62: 352, 63: 792, 64: 554, 65: 792, 66: 554, 67: 114, 68: 352, 69: 792, 70: 554, 71: 428, 72: 666, 73: 666, 74: 428, 75: 352, 76: 114, 77: 86, 78: 324, 79: 142, 80: 380, 81: 792, 82: 554, 83: 86, 84: 324, 85: 254, 86: 16, 87: 254, 88: 16, 89: 428, 90: 666, 91: 114, 92: 352, 93: 666, 94: 428, 95: 114, 96: 352, 97: 380, 98: 142, 99: 666, 100: 428, 101: 380, 102: 142, 103: 666, 104: 428, 105: 380, 106: 142, 107: 254, 108: 16, 109: 324, 110: 86, 111: 666, 112: 428, 113: 142, 114: 380, 115: 86, 116: 324, 117: 324, 118: 86, 119: 792, 120: 554, 121: 380, 122: 142, 123: 792, 124: 554, 125: 142, 126: 380, 127: 666, 128: 428, 129: 380, 130: 142, 131: 428, 132: 666, 133: 792, 134: 554, 135: 324, 136: 86, 137: 380, 138: 142, 139: 142, 140: 380, 141: 324, 142: 86, 143: 666, 144: 428, 145: 324, 146: 86, 147: 16, 148: 254, 149: 114, 150: 352, 151: 86, 152: 324, 153: 114, 154: 352, 155: 792, 156: 554, 157: 254, 158: 16, 159: 16, 160: 254, 161: 666, 162: 428, 163: 792, 164: 554, 165: 792, 166: 554, 167: 352, 168: 114, 169: 792, 170: 554, 171: 666, 172: 428, 173: 666, 174: 428, 175: 86, 176: 324, 177: 324, 178: 86, 179: 16, 180: 254, 181: 380, 182: 142, 183: 792, 184: 554, 185: 254, 186: 16, 187: 380, 188: 142, 189: 16, 190: 254, 191: 254, 192: 16, 193: 142, 194: 380, 195: 16, 196: 254, 197: 352, 198: 114, 199: 86, 200: 324}
Number of lables used:  12
Time taken: 1.52 seconds
Memory used: 39.83 MB
--------------------------------------------------

Trying with at most 11 labels...
Cannot find solution.
No more solutions found.
Optimal number of labels used:  12
Time taken: 4.95 seconds
Memory used: 62.87 MB
[runlim] end:			Thu Mar 26 02:03:14 2026
[runlim] status:		ok
[runlim] result:		0
[runlim] children:		1
[runlim] processes:		2
[runlim] real:			4.99 seconds
[runlim] time:			4.90 seconds
[runlim] space:			63 MB
[runlim] load:			1.40 maximum
[runlim] samples:		50
