[runlim] version:		2.0.0rc12
[runlim] host:			ap-Precision-7550
[runlim] time limit:		311040000 seconds
[runlim] real time limit:	600 seconds
[runlim] space limit:		14000 MB
[runlim] argv[0]:		python3
[runlim] argv[1]:		-u
[runlim] argv[2]:		remain_symmetry.py
[runlim] argv[3]:		TUD200.3
[runlim] argv[4]:		nsc
[runlim] argv[5]:		cadical195
[runlim] start:			Thu Mar 26 02:03:14 2026
[runlim] child:			31088
Solve first problem:
Solution:
{1: 296, 2: 58, 3: 380, 4: 142, 5: 652, 6: 414, 7: 442, 8: 680, 9: 352, 10: 114, 11: 380, 12: 142, 13: 652, 14: 414, 15: 380, 16: 142, 17: 170, 18: 408, 19: 142, 20: 380, 21: 282, 22: 44, 23: 652, 24: 414, 25: 540, 26: 778, 27: 694, 28: 456, 29: 792, 30: 554, 31: 442, 32: 680, 33: 268, 34: 30, 35: 114, 36: 352, 37: 652, 38: 414, 39: 652, 40: 414, 41: 114, 42: 352, 43: 268, 44: 30, 45: 338, 46: 100, 47: 512, 48: 750, 49: 414, 50: 652, 51: 310, 52: 72, 53: 338, 54: 100, 55: 414, 56: 652, 57: 352, 58: 114, 59: 694, 60: 456, 61: 254, 62: 16, 63: 778, 64: 540, 65: 156, 66: 394, 67: 352, 68: 114, 69: 296, 70: 58, 71: 296, 72: 58, 73: 652, 74: 414, 75: 366, 76: 128, 77: 338, 78: 100, 79: 680, 80: 442, 81: 254, 82: 16, 83: 310, 84: 72, 85: 282, 86: 44, 87: 736, 88: 498, 89: 764, 90: 526, 91: 254, 92: 16, 93: 750, 94: 512, 95: 792, 96: 554, 97: 170, 98: 408, 99: 478, 100: 240, 101: 380, 102: 142, 103: 352, 104: 114, 105: 72, 106: 310, 107: 310, 108: 72, 109: 414, 110: 652, 111: 282, 112: 44, 113: 722, 114: 484, 115: 652, 116: 414, 117: 708, 118: 470, 119: 310, 120: 72, 121: 380, 122: 142, 123: 296, 124: 58, 125: 666, 126: 428, 127: 750, 128: 512, 129: 324, 130: 86, 131: 380, 132: 142, 133: 310, 134: 72, 135: 254, 136: 16, 137: 652, 138: 414, 139: 268, 140: 30, 141: 310, 142: 72, 143: 296, 144: 58, 145: 456, 146: 694, 147: 428, 148: 666, 149: 254, 150: 16, 151: 352, 152: 114, 153: 652, 154: 414, 155: 414, 156: 652, 157: 268, 158: 30, 159: 296, 160: 58, 161: 268, 162: 30, 163: 254, 164: 16, 165: 254, 166: 16, 167: 380, 168: 142, 169: 310, 170: 72, 171: 254, 172: 16, 173: 366, 174: 128, 175: 338, 176: 100, 177: 366, 178: 128, 179: 380, 180: 142, 181: 254, 182: 16, 183: 310, 184: 72, 185: 324, 186: 86, 187: 254, 188: 16, 189: 310, 190: 72, 191: 268, 192: 30, 193: 324, 194: 86, 195: 736, 196: 498, 197: 282, 198: 44, 199: 254, 200: 16}
Number of lables used:  48
Time taken: 0.39 seconds
Memory used: 33.77 MB
--------------------------------------------------

Trying with at most 47 labels...
Solution:
{1: 512, 2: 750, 3: 414, 4: 652, 5: 680, 6: 442, 7: 268, 8: 30, 9: 442, 10: 680, 11: 408, 12: 170, 13: 380, 14: 142, 15: 414, 16: 652, 17: 170, 18: 408, 19: 694, 20: 456, 21: 526, 22: 764, 23: 666, 24: 428, 25: 268, 26: 30, 27: 72, 28: 310, 29: 324, 30: 86, 31: 366, 32: 128, 33: 540, 34: 778, 35: 100, 36: 338, 37: 142, 38: 380, 39: 30, 40: 268, 41: 128, 42: 366, 43: 540, 44: 778, 45: 470, 46: 708, 47: 282, 48: 44, 49: 526, 50: 764, 51: 128, 52: 366, 53: 456, 54: 694, 55: 540, 56: 778, 57: 442, 58: 680, 59: 498, 60: 736, 61: 310, 62: 72, 63: 442, 64: 680, 65: 680, 66: 442, 67: 442, 68: 680, 69: 86, 70: 324, 71: 470, 72: 708, 73: 30, 74: 268, 75: 428, 76: 666, 77: 156, 78: 394, 79: 142, 80: 380, 81: 526, 82: 764, 83: 498, 84: 736, 85: 512, 86: 750, 87: 652, 88: 414, 89: 652, 90: 414, 91: 442, 92: 680, 93: 58, 94: 296, 95: 414, 96: 652, 97: 478, 98: 240, 99: 478, 100: 240, 101: 456, 102: 694, 103: 484, 104: 722, 105: 456, 106: 694, 107: 526, 108: 764, 109: 394, 110: 156, 111: 540, 112: 778, 113: 44, 114: 282, 115: 142, 116: 380, 117: 100, 118: 338, 119: 470, 120: 708, 121: 408, 122: 170, 123: 498, 124: 736, 125: 128, 126: 366, 127: 428, 128: 666, 129: 540, 130: 778, 131: 240, 132: 478, 133: 484, 134: 722, 135: 540, 136: 778, 137: 114, 138: 352, 139: 540, 140: 778, 141: 484, 142: 722, 143: 428, 144: 666, 145: 778, 146: 540, 147: 380, 148: 142, 149: 128, 150: 366, 151: 512, 152: 750, 153: 156, 154: 394, 155: 394, 156: 156, 157: 540, 158: 778, 159: 498, 160: 736, 161: 540, 162: 778, 163: 540, 164: 778, 165: 254, 166: 16, 167: 512, 168: 750, 169: 484, 170: 722, 171: 380, 172: 142, 173: 694, 174: 456, 175: 470, 176: 708, 177: 442, 178: 680, 179: 478, 180: 240, 181: 156, 182: 394, 183: 128, 184: 366, 185: 470, 186: 708, 187: 72, 188: 310, 189: 498, 190: 736, 191: 540, 192: 778, 193: 470, 194: 708, 195: 58, 196: 296, 197: 512, 198: 750, 199: 540, 200: 778}
Number of lables used:  46
--------------------------------------------------

Trying with at most 45 labels...
Solution:
{1: 142, 2: 380, 3: 708, 4: 470, 5: 680, 6: 442, 7: 268, 8: 30, 9: 414, 10: 652, 11: 408, 12: 170, 13: 380, 14: 142, 15: 58, 16: 296, 17: 170, 18: 408, 19: 666, 20: 428, 21: 498, 22: 736, 23: 750, 24: 512, 25: 470, 26: 708, 27: 72, 28: 310, 29: 352, 30: 114, 31: 366, 32: 128, 33: 512, 34: 750, 35: 442, 36: 680, 37: 114, 38: 352, 39: 30, 40: 268, 41: 128, 42: 366, 43: 512, 44: 750, 45: 456, 46: 694, 47: 282, 48: 44, 49: 498, 50: 736, 51: 442, 52: 680, 53: 414, 54: 652, 55: 338, 56: 100, 57: 414, 58: 652, 59: 58, 60: 296, 61: 310, 62: 72, 63: 512, 64: 750, 65: 652, 66: 414, 67: 414, 68: 652, 69: 324, 70: 86, 71: 456, 72: 694, 73: 100, 74: 338, 75: 652, 76: 414, 77: 156, 78: 394, 79: 142, 80: 380, 81: 498, 82: 736, 83: 512, 84: 750, 85: 484, 86: 722, 87: 72, 88: 310, 89: 310, 90: 72, 91: 414, 92: 652, 93: 30, 94: 268, 95: 338, 96: 100, 97: 478, 98: 240, 99: 478, 100: 240, 101: 722, 102: 484, 103: 442, 104: 680, 105: 456, 106: 694, 107: 498, 108: 736, 109: 394, 110: 156, 111: 512, 112: 750, 113: 44, 114: 282, 115: 142, 116: 380, 117: 100, 118: 338, 119: 708, 120: 470, 121: 408, 122: 170, 123: 484, 124: 722, 125: 128, 126: 366, 127: 652, 128: 414, 129: 512, 130: 750, 131: 240, 132: 478, 133: 456, 134: 694, 135: 142, 136: 380, 137: 114, 138: 352, 139: 58, 140: 296, 141: 456, 142: 694, 143: 512, 144: 750, 145: 750, 146: 512, 147: 156, 148: 394, 149: 156, 150: 394, 151: 750, 152: 512, 153: 156, 154: 394, 155: 394, 156: 156, 157: 512, 158: 750, 159: 470, 160: 708, 161: 512, 162: 750, 163: 512, 164: 750, 165: 16, 166: 254, 167: 470, 168: 708, 169: 456, 170: 694, 171: 380, 172: 142, 173: 666, 174: 428, 175: 442, 176: 680, 177: 414, 178: 652, 179: 478, 180: 240, 181: 156, 182: 394, 183: 128, 184: 366, 185: 442, 186: 680, 187: 750, 188: 512, 189: 470, 190: 708, 191: 512, 192: 750, 193: 442, 194: 680, 195: 30, 196: 268, 197: 484, 198: 722, 199: 512, 200: 750}
Number of lables used:  42
Time taken: 0.60 seconds
Memory used: 35.12 MB
--------------------------------------------------

Trying with at most 41 labels...
Solution:
{1: 456, 2: 694, 3: 142, 4: 380, 5: 86, 6: 324, 7: 268, 8: 30, 9: 114, 10: 352, 11: 240, 12: 478, 13: 142, 14: 380, 15: 16, 16: 254, 17: 380, 18: 142, 19: 86, 20: 324, 21: 58, 22: 296, 23: 708, 24: 470, 25: 470, 26: 708, 27: 708, 28: 470, 29: 58, 30: 296, 31: 268, 32: 30, 33: 44, 34: 282, 35: 72, 36: 310, 37: 666, 38: 428, 39: 694, 40: 456, 41: 114, 42: 352, 43: 44, 44: 282, 45: 16, 46: 254, 47: 708, 48: 470, 49: 414, 50: 652, 51: 44, 52: 282, 53: 414, 54: 652, 55: 428, 56: 666, 57: 30, 58: 268, 59: 352, 60: 114, 61: 254, 62: 16, 63: 694, 64: 456, 65: 58, 66: 296, 67: 652, 68: 414, 69: 282, 70: 44, 71: 456, 72: 694, 73: 72, 74: 310, 75: 456, 76: 694, 77: 156, 78: 394, 79: 694, 80: 456, 81: 414, 82: 652, 83: 366, 84: 128, 85: 428, 86: 666, 87: 380, 88: 142, 89: 156, 90: 394, 91: 156, 92: 394, 93: 16, 94: 254, 95: 310, 96: 72, 97: 408, 98: 170, 99: 478, 100: 240, 101: 296, 102: 58, 103: 708, 104: 470, 105: 352, 106: 114, 107: 428, 108: 666, 109: 324, 110: 86, 111: 456, 112: 694, 113: 86, 114: 324, 115: 16, 116: 254, 117: 338, 118: 100, 119: 114, 120: 352, 121: 408, 122: 170, 123: 156, 124: 394, 125: 428, 126: 666, 127: 652, 128: 414, 129: 86, 130: 324, 131: 142, 132: 380, 133: 708, 134: 470, 135: 114, 136: 352, 137: 268, 138: 30, 139: 114, 140: 352, 141: 310, 142: 72, 143: 414, 144: 652, 145: 708, 146: 470, 147: 142, 148: 380, 149: 156, 150: 394, 151: 708, 152: 470, 153: 44, 154: 282, 155: 352, 156: 114, 157: 428, 158: 666, 159: 414, 160: 652, 161: 58, 162: 296, 163: 456, 164: 694, 165: 16, 166: 254, 167: 128, 168: 366, 169: 652, 170: 414, 171: 380, 172: 142, 173: 86, 174: 324, 175: 456, 176: 694, 177: 652, 178: 414, 179: 478, 180: 240, 181: 114, 182: 352, 183: 142, 184: 380, 185: 694, 186: 456, 187: 708, 188: 470, 189: 456, 190: 694, 191: 100, 192: 338, 193: 156, 194: 394, 195: 282, 196: 44, 197: 352, 198: 114, 199: 456, 200: 694}
Number of lables used:  34
Time taken: 0.78 seconds
Memory used: 35.26 MB
--------------------------------------------------

Trying with at most 33 labels...
Solution:
{1: 666, 2: 428, 3: 324, 4: 86, 5: 114, 6: 352, 7: 352, 8: 114, 9: 142, 10: 380, 11: 240, 12: 478, 13: 268, 14: 30, 15: 16, 16: 254, 17: 240, 18: 478, 19: 142, 20: 380, 21: 58, 22: 296, 23: 470, 24: 708, 25: 380, 26: 142, 27: 652, 28: 414, 29: 394, 30: 156, 31: 324, 32: 86, 33: 380, 34: 142, 35: 114, 36: 352, 37: 324, 38: 86, 39: 666, 40: 428, 41: 72, 42: 310, 43: 428, 44: 666, 45: 30, 46: 268, 47: 708, 48: 470, 49: 30, 50: 268, 51: 428, 52: 666, 53: 708, 54: 470, 55: 156, 56: 394, 57: 414, 58: 652, 59: 142, 60: 380, 61: 324, 62: 86, 63: 708, 64: 470, 65: 30, 66: 268, 67: 470, 68: 708, 69: 30, 70: 268, 71: 708, 72: 470, 73: 652, 74: 414, 75: 652, 76: 414, 77: 58, 78: 296, 79: 708, 80: 470, 81: 652, 82: 414, 83: 652, 84: 414, 85: 470, 86: 708, 87: 296, 88: 58, 89: 666, 90: 428, 91: 86, 92: 324, 93: 708, 94: 470, 95: 44, 96: 282, 97: 240, 98: 478, 99: 142, 100: 380, 101: 652, 102: 414, 103: 708, 104: 470, 105: 16, 106: 254, 107: 394, 108: 156, 109: 414, 110: 652, 111: 380, 112: 142, 113: 86, 114: 324, 115: 16, 116: 254, 117: 282, 118: 44, 119: 142, 120: 380, 121: 240, 122: 478, 123: 44, 124: 282, 125: 428, 126: 666, 127: 708, 128: 470, 129: 30, 130: 268, 131: 380, 132: 142, 133: 428, 134: 666, 135: 114, 136: 352, 137: 268, 138: 30, 139: 708, 140: 470, 141: 310, 142: 72, 143: 86, 144: 324, 145: 708, 146: 470, 147: 58, 148: 296, 149: 86, 150: 324, 151: 666, 152: 428, 153: 156, 154: 394, 155: 352, 156: 114, 157: 142, 158: 380, 159: 708, 160: 470, 161: 72, 162: 310, 163: 414, 164: 652, 165: 72, 166: 310, 167: 666, 168: 428, 169: 666, 170: 428, 171: 470, 172: 708, 173: 58, 174: 296, 175: 394, 176: 156, 177: 310, 178: 72, 179: 478, 180: 240, 181: 86, 182: 324, 183: 142, 184: 380, 185: 338, 186: 100, 187: 86, 188: 324, 189: 142, 190: 380, 191: 58, 192: 296, 193: 114, 194: 352, 195: 324, 196: 86, 197: 394, 198: 156, 199: 652, 200: 414}
Number of lables used:  28
Time taken: 0.97 seconds
Memory used: 35.27 MB
--------------------------------------------------

Trying with at most 27 labels...
Solution:
{1: 484, 2: 722, 3: 380, 4: 142, 5: 652, 6: 414, 7: 470, 8: 708, 9: 114, 10: 352, 11: 478, 12: 240, 13: 254, 14: 16, 15: 380, 16: 142, 17: 478, 18: 240, 19: 652, 20: 414, 21: 58, 22: 296, 23: 380, 24: 142, 25: 380, 26: 142, 27: 722, 28: 484, 29: 652, 30: 414, 31: 352, 32: 114, 33: 142, 34: 380, 35: 114, 36: 352, 37: 296, 38: 58, 39: 282, 40: 44, 41: 58, 42: 296, 43: 442, 44: 680, 45: 16, 46: 254, 47: 708, 48: 470, 49: 16, 50: 254, 51: 722, 52: 484, 53: 58, 54: 296, 55: 142, 56: 380, 57: 114, 58: 352, 59: 58, 60: 296, 61: 352, 62: 114, 63: 484, 64: 722, 65: 16, 66: 254, 67: 58, 68: 296, 69: 352, 70: 114, 71: 708, 72: 470, 73: 652, 74: 414, 75: 722, 76: 484, 77: 254, 78: 16, 79: 44, 80: 282, 81: 652, 82: 414, 83: 652, 84: 414, 85: 470, 86: 708, 87: 16, 88: 254, 89: 708, 90: 470, 91: 414, 92: 652, 93: 722, 94: 484, 95: 296, 96: 58, 97: 240, 98: 478, 99: 170, 100: 408, 101: 708, 102: 470, 103: 708, 104: 470, 105: 352, 106: 114, 107: 352, 108: 114, 109: 484, 110: 722, 111: 380, 112: 142, 113: 680, 114: 442, 115: 16, 116: 254, 117: 296, 118: 58, 119: 380, 120: 142, 121: 240, 122: 478, 123: 652, 124: 414, 125: 58, 126: 296, 127: 722, 128: 484, 129: 442, 130: 680, 131: 142, 132: 380, 133: 142, 134: 380, 135: 352, 136: 114, 137: 58, 138: 296, 139: 708, 140: 470, 141: 442, 142: 680, 143: 722, 144: 484, 145: 58, 146: 296, 147: 414, 148: 652, 149: 58, 150: 296, 151: 254, 152: 16, 153: 680, 154: 442, 155: 282, 156: 44, 157: 114, 158: 352, 159: 652, 160: 414, 161: 680, 162: 442, 163: 58, 164: 296, 165: 58, 166: 296, 167: 652, 168: 414, 169: 414, 170: 652, 171: 254, 172: 16, 173: 470, 174: 708, 175: 352, 176: 114, 177: 652, 178: 414, 179: 240, 180: 478, 181: 652, 182: 414, 183: 114, 184: 352, 185: 708, 186: 470, 187: 44, 188: 282, 189: 282, 190: 44, 191: 58, 192: 296, 193: 142, 194: 380, 195: 352, 196: 114, 197: 442, 198: 680, 199: 652, 200: 414}
Number of lables used:  22
Time taken: 1.16 seconds
Memory used: 35.27 MB
--------------------------------------------------

Trying with at most 21 labels...
Solution:
{1: 114, 2: 352, 3: 58, 4: 296, 5: 114, 6: 352, 7: 442, 8: 680, 9: 680, 10: 442, 11: 380, 12: 142, 13: 142, 14: 380, 15: 414, 16: 652, 17: 380, 18: 142, 19: 540, 20: 778, 21: 114, 22: 352, 23: 296, 24: 58, 25: 778, 26: 540, 27: 652, 28: 414, 29: 778, 30: 540, 31: 114, 32: 352, 33: 380, 34: 142, 35: 58, 36: 296, 37: 380, 38: 142, 39: 442, 40: 680, 41: 156, 42: 394, 43: 484, 44: 722, 45: 722, 46: 484, 47: 778, 48: 540, 49: 296, 50: 58, 51: 352, 52: 114, 53: 114, 54: 352, 55: 722, 56: 484, 57: 414, 58: 652, 59: 680, 60: 442, 61: 296, 62: 58, 63: 540, 64: 778, 65: 722, 66: 484, 67: 58, 68: 296, 69: 778, 70: 540, 71: 156, 72: 394, 73: 666, 74: 428, 75: 414, 76: 652, 77: 142, 78: 380, 79: 58, 80: 296, 81: 652, 82: 414, 83: 666, 84: 428, 85: 680, 86: 442, 87: 722, 88: 484, 89: 680, 90: 442, 91: 394, 92: 156, 93: 114, 94: 352, 95: 540, 96: 778, 97: 478, 98: 240, 99: 478, 100: 240, 101: 652, 102: 414, 103: 114, 104: 352, 105: 778, 106: 540, 107: 394, 108: 156, 109: 296, 110: 58, 111: 380, 112: 142, 113: 722, 114: 484, 115: 58, 116: 296, 117: 778, 118: 540, 119: 442, 120: 680, 121: 380, 122: 142, 123: 778, 124: 540, 125: 428, 126: 666, 127: 484, 128: 722, 129: 778, 130: 540, 131: 380, 132: 142, 133: 722, 134: 484, 135: 58, 136: 296, 137: 352, 138: 114, 139: 58, 140: 296, 141: 296, 142: 58, 143: 666, 144: 428, 145: 778, 146: 540, 147: 414, 148: 652, 149: 58, 150: 296, 151: 142, 152: 380, 153: 666, 154: 428, 155: 428, 156: 666, 157: 666, 158: 428, 159: 352, 160: 114, 161: 484, 162: 722, 163: 296, 164: 58, 165: 296, 166: 58, 167: 722, 168: 484, 169: 428, 170: 666, 171: 142, 172: 380, 173: 114, 174: 352, 175: 58, 176: 296, 177: 778, 178: 540, 179: 142, 180: 380, 181: 58, 182: 296, 183: 722, 184: 484, 185: 722, 186: 484, 187: 114, 188: 352, 189: 680, 190: 442, 191: 352, 192: 114, 193: 156, 194: 394, 195: 58, 196: 296, 197: 680, 198: 442, 199: 142, 200: 380}
Number of lables used:  20
Time taken: 1.35 seconds
Memory used: 35.27 MB
--------------------------------------------------

Trying with at most 19 labels...
Solution:
{1: 428, 2: 666, 3: 58, 4: 296, 5: 114, 6: 352, 7: 114, 8: 352, 9: 142, 10: 380, 11: 478, 12: 240, 13: 114, 14: 352, 15: 708, 16: 470, 17: 380, 18: 142, 19: 114, 20: 352, 21: 58, 22: 296, 23: 470, 24: 708, 25: 470, 26: 708, 27: 666, 28: 428, 29: 142, 30: 380, 31: 296, 32: 58, 33: 114, 34: 352, 35: 114, 36: 352, 37: 58, 38: 296, 39: 380, 40: 142, 41: 114, 42: 352, 43: 428, 44: 666, 45: 254, 46: 16, 47: 708, 48: 470, 49: 254, 50: 16, 51: 428, 52: 666, 53: 114, 54: 352, 55: 296, 56: 58, 57: 352, 58: 114, 59: 58, 60: 296, 61: 254, 62: 16, 63: 470, 64: 708, 65: 58, 66: 296, 67: 58, 68: 296, 69: 114, 70: 352, 71: 708, 72: 470, 73: 58, 74: 296, 75: 380, 76: 142, 77: 16, 78: 254, 79: 58, 80: 296, 81: 16, 82: 254, 83: 352, 84: 114, 85: 470, 86: 708, 87: 142, 88: 380, 89: 708, 90: 470, 91: 296, 92: 58, 93: 380, 94: 142, 95: 666, 96: 428, 97: 240, 98: 478, 99: 478, 100: 240, 101: 296, 102: 58, 103: 470, 104: 708, 105: 16, 106: 254, 107: 352, 108: 114, 109: 428, 110: 666, 111: 428, 112: 666, 113: 666, 114: 428, 115: 16, 116: 254, 117: 428, 118: 666, 119: 428, 120: 666, 121: 380, 122: 142, 123: 470, 124: 708, 125: 666, 126: 428, 127: 470, 128: 708, 129: 352, 130: 114, 131: 380, 132: 142, 133: 708, 134: 470, 135: 352, 136: 114, 137: 58, 138: 296, 139: 114, 140: 352, 141: 296, 142: 58, 143: 58, 144: 296, 145: 16, 146: 254, 147: 142, 148: 380, 149: 254, 150: 16, 151: 58, 152: 296, 153: 666, 154: 428, 155: 470, 156: 708, 157: 142, 158: 380, 159: 254, 160: 16, 161: 708, 162: 470, 163: 352, 164: 114, 165: 254, 166: 16, 167: 16, 168: 254, 169: 380, 170: 142, 171: 708, 172: 470, 173: 114, 174: 352, 175: 142, 176: 380, 177: 16, 178: 254, 179: 142, 180: 380, 181: 666, 182: 428, 183: 666, 184: 428, 185: 708, 186: 470, 187: 58, 188: 296, 189: 708, 190: 470, 191: 296, 192: 58, 193: 114, 194: 352, 195: 58, 196: 296, 197: 666, 198: 428, 199: 142, 200: 380}
Number of lables used:  14
Time taken: 1.55 seconds
Memory used: 35.28 MB
--------------------------------------------------

Trying with at most 13 labels...
Cannot find solution.
No more solutions found.
Optimal number of labels used:  14
Time taken: 2.31 seconds
Memory used: 54.07 MB
[runlim] end:			Thu Mar 26 02:03:16 2026
[runlim] status:		ok
[runlim] result:		0
[runlim] children:		1
[runlim] processes:		2
[runlim] real:			2.36 seconds
[runlim] time:			2.30 seconds
[runlim] space:			56 MB
[runlim] load:			1.40 maximum
[runlim] samples:		24
