[runlim] version:		2.0.0rc12
[runlim] host:			ap-Precision-7550
[runlim] time limit:		311040000 seconds
[runlim] real time limit:	600 seconds
[runlim] space limit:		14000 MB
[runlim] argv[0]:		python3
[runlim] argv[1]:		-u
[runlim] argv[2]:		remain_symmetry.py
[runlim] argv[3]:		TUD916.5
[runlim] argv[4]:		nsc
[runlim] argv[5]:		cadical195
[runlim] start:			Thu Mar 26 02:04:10 2026
[runlim] child:			31110
Warning: variable 366 has no valid labels after preprocessing.
Cannot find solution!
Time taken: 0.18 seconds
Memory used: 18.90 MB
[runlim] end:			Thu Mar 26 02:04:10 2026
[runlim] status:		ok
[runlim] result:		0
[runlim] children:		1
[runlim] processes:		2
[runlim] real:			0.22 seconds
[runlim] time:			0.20 seconds
[runlim] space:			19 MB
[runlim] load:			1.16 maximum
[runlim] samples:		3
