[runlim] version:		2.0.0rc12
[runlim] host:			ap-Precision-7550
[runlim] time limit:		311040000 seconds
[runlim] real time limit:	600 seconds
[runlim] space limit:		14000 MB
[runlim] argv[0]:		python3
[runlim] argv[1]:		cp.py
[runlim] argv[2]:		scen02
[runlim] start:			Thu Mar 26 03:29:44 2026
[runlim] child:			31582
--- Building model for 200 variables ---
--- Solving with CP Optimizer (Integer Mode) ---
 ! --------------------------------------------------- CP Optimizer 22.1.1.0 --
 ! Minimization problem - 200 variables, 1235 constraints
 ! LogVerbosity         = Terse
 ! Initial process time : 0.01s (0.01s extraction + 0.00s propagation)
 !  . Log search space  : 1062.7 (before), 1062.7 (after)
 !  . Memory usage      : 839.5 kB (before), 839.5 kB (after)
 ! Using parallel search with 12 workers.
 ! ----------------------------------------------------------------------------
 !          Best Branches  Non-fixed    W       Branch decision
                        0        200                 -
 + New bound is 0
                        0        200                 -
 + New bound is 1
                       18        200    1   F   142 != node_600
 + New bound is 2
 *            26      122  0.05s        1      (gap is 92.31%)
 *            22      550  0.05s        1      (gap is 90.91%)
 *            20     1281  0.08s        3      (gap is 90.00%)
 *            18     1902  0.08s        3      (gap is 88.89%)
 *            16     2353  0.11s        3      (gap is 87.50%)
 *            14     4508  0.16s        9      (gap is 85.71%)
              14    32565         22    1   F   778 != node_786
 + New bound is 3 (gap is 78.57%)
[runlim] sample:		78.05 time, 10.01 real, 121 MB, 7.51 load
[runlim] sample:		159.60 time, 20.01 real, 122 MB, 8.19 load
[runlim] sample:		240.06 time, 30.01 real, 123 MB, 8.15 load
[runlim] sample:		320.28 time, 40.01 real, 124 MB, 8.10 load
[runlim] sample:		399.11 time, 50.01 real, 124 MB, 8.20 load
[runlim] sample:		476.69 time, 60.01 real, 125 MB, 8.29 load
[runlim] sample:		555.73 time, 70.01 real, 125 MB, 7.32 load
[runlim] sample:		636.83 time, 80.01 real, 126 MB, 8.04 load
[runlim] sample:		717.46 time, 90.01 real, 126 MB, 8.65 load
[runlim] sample:		796.05 time, 100.01 real, 127 MB, 8.28 load
[runlim] sample:		874.04 time, 110.01 real, 127 MB, 8.29 load
[runlim] sample:		957.30 time, 120.01 real, 128 MB, 8.78 load
[runlim] sample:		1036.20 time, 130.01 real, 129 MB, 9.36 load
[runlim] sample:		1116.85 time, 140.01 real, 129 MB, 9.18 load
[runlim] sample:		1200.29 time, 150.01 real, 130 MB, 8.07 load
[runlim] sample:		1283.99 time, 160.01 real, 130 MB, 8.59 load
[runlim] sample:		1363.88 time, 170.02 real, 131 MB, 8.23 load
[runlim] sample:		1444.21 time, 180.01 real, 131 MB, 8.74 load
[runlim] sample:		1521.52 time, 190.01 real, 132 MB, 8.42 load
[runlim] sample:		1600.38 time, 200.01 real, 132 MB, 7.36 load
[runlim] sample:		1684.38 time, 210.02 real, 133 MB, 7.91 load
[runlim] sample:		1763.63 time, 220.02 real, 133 MB, 8.54 load
[runlim] sample:		1842.54 time, 230.01 real, 134 MB, 8.91 load
[runlim] sample:		1920.16 time, 240.01 real, 134 MB, 7.70 load
[runlim] sample:		1999.69 time, 250.01 real, 135 MB, 8.43 load
[runlim] sample:		2077.69 time, 260.01 real, 136 MB, 8.98 load
[runlim] sample:		2162.88 time, 270.01 real, 136 MB, 8.56 load
[runlim] sample:		2245.05 time, 280.01 real, 137 MB, 9.09 load
[runlim] sample:		2324.84 time, 290.01 real, 137 MB, 8.66 load
[runlim] sample:		2403.28 time, 300.01 real, 138 MB, 8.58 load
[runlim] sample:		2481.04 time, 310.02 real, 138 MB, 8.14 load
[runlim] sample:		2558.74 time, 320.01 real, 139 MB, 8.36 load
[runlim] sample:		2637.99 time, 330.01 real, 139 MB, 7.60 load
[runlim] sample:		2717.40 time, 340.01 real, 140 MB, 7.90 load
[runlim] sample:		2800.37 time, 350.01 real, 140 MB, 8.61 load
[runlim] sample:		2882.85 time, 360.02 real, 141 MB, 7.44 load
[runlim] sample:		2965.65 time, 370.01 real, 141 MB, 7.62 load
[runlim] sample:		3044.86 time, 380.01 real, 142 MB, 8.30 load
[runlim] sample:		3122.78 time, 390.01 real, 142 MB, 8.87 load
[runlim] sample:		3201.25 time, 400.01 real, 143 MB, 9.35 load
[runlim] sample:		3282.03 time, 410.01 real, 143 MB, 8.95 load
[runlim] sample:		3359.12 time, 420.01 real, 144 MB, 8.61 load
[runlim] sample:		3439.00 time, 430.01 real, 145 MB, 9.20 load
[runlim] sample:		3521.27 time, 440.01 real, 145 MB, 8.82 load
[runlim] sample:		3602.71 time, 450.01 real, 146 MB, 9.39 load
[runlim] sample:		3684.34 time, 460.01 real, 146 MB, 9.63 load
[runlim] sample:		3763.95 time, 470.01 real, 147 MB, 8.90 load
[runlim] sample:		3846.55 time, 480.02 real, 147 MB, 9.38 load
[runlim] sample:		3928.26 time, 490.02 real, 148 MB, 9.11 load
[runlim] sample:		4007.24 time, 500.01 real, 148 MB, 9.47 load
[runlim] sample:		4087.02 time, 510.01 real, 149 MB, 9.54 load
[runlim] sample:		4167.66 time, 520.01 real, 150 MB, 9.92 load
[runlim] sample:		4245.32 time, 530.01 real, 150 MB, 9.44 load
[runlim] sample:		4320.55 time, 540.01 real, 151 MB, 9.92 load
[runlim] sample:		4397.75 time, 550.01 real, 151 MB, 9.17 load
[runlim] sample:		4476.10 time, 560.01 real, 152 MB, 8.21 load
[runlim] sample:		4552.66 time, 570.01 real, 152 MB, 7.92 load
[runlim] sample:		4632.01 time, 580.01 real, 153 MB, 7.74 load
[runlim] sample:		4711.49 time, 590.01 real, 154 MB, 7.51 load
[runlim] sample:		4791.07 time, 600.01 real, 154 MB, 7.87 load
[runlim] end:			Thu Mar 26 03:39:45 2026
[runlim] status:		out of time
[runlim] result:		2
[runlim] children:		2
[runlim] processes:		3
[runlim] real:			601.06 seconds
[runlim] time:			4791.07 seconds
[runlim] space:			154 MB
[runlim] load:			10.09 maximum
[runlim] samples:		6000
