[runlim] version:		2.0.0rc12
[runlim] host:			ap-Precision-7550
[runlim] time limit:		311040000 seconds
[runlim] real time limit:	600 seconds
[runlim] space limit:		14000 MB
[runlim] argv[0]:		python3
[runlim] argv[1]:		cp.py
[runlim] argv[2]:		TUD916.3
[runlim] start:			Thu Mar 26 04:44:15 2026
[runlim] child:			32126
--- Building model for 916 variables ---
--- Solving with CP Optimizer (Integer Mode) ---
 ! --------------------------------------------------- CP Optimizer 22.1.1.0 --
 ! Minimization problem - 916 variables, 5262 constraints
 ! LogVerbosity         = Terse
 ! Initial process time : 0.04s (0.04s extraction + 0.00s propagation)
 !  . Log search space  : 4690.2 (before), 4690.2 (after)
 !  . Memory usage      : 2.8 MB (before), 2.8 MB (after)
 ! Using parallel search with 12 workers.
 ! ----------------------------------------------------------------------------
 !          Best Branches  Non-fixed    W       Branch decision
                        0        916                 -
 + New bound is 0
                        0        916                 -
 + New bound is 2
                        0        916    1   F        -
 + New bound is 3
 *            44     1176  0.21s        1      (gap is 93.18%)
 *            42    12444  0.83s        3      (gap is 92.86%)
 *            32    22975  2.18s        1      (gap is 90.62%)
              32    23069        904    1   F   554 != node_196
 + New bound is 18 (gap is 43.75%)
 *            26    31220  2.88s        4      (gap is 30.77%)
 *            24    39948  4.54s       11      (gap is 25.00%)
[runlim] sample:		65.03 time, 10.01 real, 263 MB, 6.86 load
[runlim] sample:		148.30 time, 20.01 real, 275 MB, 6.92 load
[runlim] sample:		231.63 time, 30.01 real, 282 MB, 6.60 load
              24     367k        870    7            -
 + New bound is 24 (gap is 0.00%)
 ! ----------------------------------------------------------------------------
 ! Search completed, 5 solutions found.
 ! Best objective         : 24 (optimal - effective tol. is 0)
 ! Best bound             : 24
 ! ----------------------------------------------------------------------------
 ! Number of branches     : 4476745
 ! Number of fails        : 2103923
 ! Total memory usage     : 116.3 MB (115.7 MB CP Optimizer + 0.6 MB Concert)
 ! Time spent in solve    : 34.39s (34.36s engine + 0.04s extraction)
 ! Search speed (br. / s) : 130289.4
 ! ----------------------------------------------------------------------------

==============================
OPTIMAL SOLUTION:
Label list: [778, 540, 268, 30, 442, 680, 142, 380, 380, 142, 44, 282, 512, 750, 254, 16, 282, 44, 778, 540, 442, 680, 442, 680, 268, 30, 470, 708, 282, 44, 128, 366, 792, 554, 114, 352, 72, 310, 680, 442, 142, 380, 540, 778, 282, 44, 114, 352, 680, 442, 442, 680, 128, 366, 442, 680, 352, 114, 554, 792, 470, 708, 352, 114, 114, 352, 16, 254, 750, 512, 380, 142, 128, 366, 778, 540, 778, 540, 366, 128, 792, 554, 750, 512, 708, 470, 680, 442, 778, 540, 254, 16, 16, 254, 366, 128, 442, 680, 44, 282, 380, 142, 352, 114, 708, 470, 512, 750, 310, 72, 750, 512, 792, 554, 352, 114, 30, 268, 554, 792, 554, 792, 366, 128, 310, 72, 282, 44, 554, 792, 16, 254, 72, 310, 750, 512, 792, 554, 778, 540, 352, 114, 142, 380, 554, 792, 750, 512, 442, 680, 778, 540, 442, 680, 72, 310, 310, 72, 778, 540, 254, 16, 750, 512, 554, 792, 792, 554, 114, 352, 16, 254, 442, 680, 470, 708, 142, 380, 268, 30, 554, 792, 72, 310, 72, 310, 680, 442, 778, 540, 72, 310, 72, 310, 268, 30, 750, 512, 470, 708, 142, 380, 282, 44, 142, 380, 792, 554, 554, 792, 254, 16, 512, 750, 366, 128, 778, 540, 254, 16, 680, 442, 142, 380, 44, 282, 310, 72, 680, 442, 554, 792, 30, 268, 16, 254, 30, 268, 380, 142, 30, 268, 72, 310, 366, 128, 540, 778, 554, 792, 310, 72, 366, 128, 680, 442, 680, 442, 708, 470, 310, 72, 708, 470, 470, 708, 680, 442, 268, 30, 792, 554, 792, 554, 114, 352, 128, 366, 442, 680, 540, 778, 708, 470, 142, 380, 142, 380, 44, 282, 778, 540, 554, 792, 16, 254, 352, 114, 282, 44, 366, 128, 142, 380, 142, 380, 352, 114, 442, 680, 254, 16, 72, 310, 554, 792, 44, 282, 792, 554, 470, 708, 554, 792, 72, 310, 44, 282, 16, 254, 792, 554, 470, 708, 16, 254, 268, 30, 540, 778, 282, 44, 366, 128, 470, 708, 268, 30, 44, 282, 442, 680, 254, 16, 470, 708, 554, 792, 72, 310, 142, 380, 442, 680, 554, 792, 778, 540, 554, 792, 778, 540, 680, 442, 380, 142, 30, 268, 380, 142, 142, 380, 142, 380, 366, 128, 540, 778, 114, 352, 352, 114, 30, 268, 44, 282, 44, 282, 282, 44, 442, 680, 792, 554, 44, 282, 442, 680, 142, 380, 114, 352, 254, 16, 442, 680, 540, 778, 352, 114, 352, 114, 366, 128, 366, 128, 352, 114, 16, 254, 114, 352, 16, 254, 554, 792, 310, 72, 442, 680, 540, 778, 778, 540, 470, 708, 254, 16, 310, 72, 30, 268, 268, 30, 282, 44, 512, 750, 310, 72, 380, 142, 554, 792, 792, 554, 442, 680, 554, 792, 680, 442, 680, 442, 750, 512, 114, 352, 470, 708, 352, 114, 778, 540, 142, 380, 792, 554, 16, 254, 540, 778, 142, 380, 750, 512, 792, 554, 442, 680, 708, 470, 380, 142, 680, 442, 142, 380, 114, 352, 254, 16, 380, 142, 254, 16, 512, 750, 778, 540, 72, 310, 778, 540, 310, 72, 708, 470, 30, 268, 282, 44, 540, 778, 554, 792, 16, 254, 72, 310, 708, 470, 16, 254, 792, 554, 512, 750, 792, 554, 442, 680, 142, 380, 470, 708, 680, 442, 512, 750, 512, 750, 708, 470, 128, 366, 44, 282, 142, 380, 142, 380, 282, 44, 442, 680, 554, 792, 72, 310, 708, 470, 282, 44, 380, 142, 554, 792, 540, 778, 30, 268, 470, 708, 540, 778, 380, 142, 114, 352, 142, 380, 352, 114, 750, 512, 16, 254, 778, 540, 366, 128, 750, 512, 268, 30, 352, 114, 310, 72, 778, 540, 554, 792, 268, 30, 470, 708, 366, 128, 142, 380, 380, 142, 310, 72, 44, 282, 778, 540, 792, 554, 778, 540, 114, 352, 114, 352, 282, 44, 366, 128, 72, 310, 708, 470, 380, 142, 16, 254, 254, 16, 792, 554, 778, 540, 44, 282, 352, 114, 44, 282, 540, 778, 72, 310, 44, 282, 142, 380, 512, 750, 750, 512, 142, 380, 708, 470, 792, 554, 554, 792, 44, 282, 380, 142, 680, 442, 380, 142, 128, 366, 142, 380, 708, 470, 470, 708, 114, 352, 310, 72, 254, 16, 540, 778, 470, 708, 708, 470, 114, 352, 512, 750, 470, 708, 142, 380, 128, 366, 30, 268, 708, 470, 442, 680, 72, 310, 142, 380, 708, 470, 72, 310, 442, 680, 282, 44, 30, 268, 114, 352, 142, 380, 380, 142, 680, 442, 470, 708, 380, 142, 708, 470, 310, 72, 680, 442, 540, 778, 750, 512, 380, 142, 310, 72, 792, 554, 708, 470, 554, 792, 708, 470, 750, 512, 778, 540, 750, 512, 680, 442, 16, 254, 310, 72, 442, 680, 380, 142, 366, 128, 366, 128, 512, 750, 470, 708, 442, 680, 778, 540, 512, 750, 554, 792, 352, 114, 366, 128, 750, 512, 792, 554, 72, 310, 778, 540, 750, 512, 554, 792, 44, 282, 44, 282, 792, 554, 442, 680, 750, 512, 114, 352, 30, 268, 310, 72, 750, 512, 72, 310, 30, 268, 470, 708, 142, 380, 470, 708, 680, 442, 380, 142, 16, 254, 512, 750, 44, 282, 512, 750, 778, 540, 44, 282, 792, 554, 310, 72, 470, 708, 30, 268, 114, 352, 72, 310, 310, 72, 268, 30, 366, 128, 114, 352, 114, 352, 680, 442, 540, 778, 442, 680, 442, 680, 30, 268, 268, 30, 114, 352, 30, 268, 680, 442]
Number of labels used: 24
Specific labels: [16, 30, 44, 72, 114, 128, 142, 254, 268, 282, 310, 352, 366, 380, 442, 470, 512, 540, 554, 680, 708, 750, 778, 792]
==============================
Total time: 35.65s
Memory used: 31.51 MB
[runlim] end:			Thu Mar 26 04:44:51 2026
[runlim] status:		ok
[runlim] result:		0
[runlim] children:		2
[runlim] processes:		3
[runlim] real:			35.73 seconds
[runlim] time:			276.51 seconds
[runlim] space:			285 MB
[runlim] load:			7.29 maximum
[runlim] samples:		358
