[runlim] version:		2.0.0rc12
[runlim] host:			ap-Precision-7550
[runlim] time limit:		311040000 seconds
[runlim] real time limit:	600 seconds
[runlim] space limit:		14000 MB
[runlim] argv[0]:		python3
[runlim] argv[1]:		cp.py
[runlim] argv[2]:		TUD916.4
[runlim] start:			Thu Mar 26 04:44:51 2026
[runlim] child:			32149
--- Building model for 916 variables ---
--- Solving with CP Optimizer (Integer Mode) ---
 ! --------------------------------------------------- CP Optimizer 22.1.1.0 --
 ! Minimization problem - 916 variables, 5183 constraints
 ! LogVerbosity         = Terse
 ! Initial process time : 0.02s (0.02s extraction + 0.00s propagation)
 !  . Log search space  : 533.9 (before), 533.9 (after)
 !  . Memory usage      : 1.0 MB (before), 1.0 MB (after)
 ! Using parallel search with 12 workers.
 ! ----------------------------------------------------------------------------
 !          Best Branches  Non-fixed    W       Branch decision
                        0        916                 -
 + New bound is 0
                        0        201                 -
 + New bound is 26
 *            26       19  0.14s        1      (gap is 0.00%)
 ! ----------------------------------------------------------------------------
 ! Search completed, 1 solution found.
 ! Best objective         : 26 (optimal - effective tol. is 0)
 ! Best bound             : 26
 ! ----------------------------------------------------------------------------
 ! Number of branches     : 6118
 ! Number of fails        : 1325
 ! Total memory usage     : 36.3 MB (36.1 MB CP Optimizer + 0.3 MB Concert)
 ! Time spent in solve    : 0.14s (0.13s engine + 0.02s extraction)
 ! Search speed (br. / s) : 50983.3
 ! ----------------------------------------------------------------------------

==============================
OPTIMAL SOLUTION:
Label list: [128, 366, 100, 338, 666, 428, 142, 380, 86, 324, 114, 352, 86, 324, 86, 324, 240, 478, 72, 310, 142, 380, 652, 414, 694, 456, 680, 442, 72, 310, 72, 310, 666, 428, 170, 408, 72, 310, 156, 394, 156, 394, 86, 324, 72, 310, 86, 324, 694, 456, 86, 324, 142, 380, 128, 366, 652, 414, 86, 324, 142, 380, 652, 414, 694, 456, 114, 352, 128, 366, 156, 394, 86, 324, 170, 408, 142, 380, 652, 414, 170, 408, 142, 380, 652, 414, 156, 394, 170, 408, 72, 310, 694, 456, 156, 394, 114, 352, 72, 310, 142, 380, 694, 456, 114, 352, 694, 456, 100, 338, 114, 352, 72, 310, 156, 394, 156, 394, 114, 352, 100, 338, 128, 366, 100, 338, 142, 380, 114, 352, 694, 456, 240, 478, 666, 428, 128, 366, 142, 380, 680, 442, 142, 380, 128, 366, 170, 408, 694, 456, 100, 338, 680, 442, 142, 380, 652, 414, 666, 428, 114, 352, 86, 324, 680, 442, 680, 442, 114, 352, 100, 338, 680, 442, 72, 310, 142, 380, 170, 408, 128, 366, 128, 366, 156, 394, 86, 324, 114, 352, 72, 310, 100, 338, 86, 324, 128, 366, 142, 380, 72, 310, 156, 394, 86, 324, 100, 338, 86, 324, 240, 478, 156, 394, 100, 338, 694, 456, 170, 408, 142, 380, 240, 478, 170, 408, 72, 310, 128, 366, 128, 366, 170, 408, 128, 366, 72, 310, 694, 456, 666, 428, 680, 442, 694, 456, 72, 310, 170, 408, 694, 456, 86, 324, 100, 338, 128, 366, 86, 324, 170, 408, 156, 394, 170, 408, 72, 310, 142, 380, 310, 72, 128, 366, 72, 310, 86, 324, 72, 310, 86, 324, 100, 338, 114, 352, 170, 408, 72, 310, 694, 456, 694, 456, 666, 428, 114, 352, 100, 338, 240, 478, 156, 394, 100, 338, 694, 456, 680, 442, 694, 456, 240, 478, 72, 310, 128, 366, 694, 456, 666, 428, 694, 456, 128, 366, 72, 310, 652, 414, 72, 310, 680, 442, 128, 366, 680, 442, 114, 352, 680, 442, 128, 366, 240, 478, 694, 456, 142, 380, 156, 394, 240, 478, 666, 428, 100, 338, 142, 380, 170, 408, 156, 394, 128, 366, 170, 408, 240, 478, 72, 310, 666, 428, 72, 310, 114, 352, 100, 338, 86, 324, 680, 442, 156, 394, 156, 394, 680, 442, 142, 380, 128, 366, 128, 366, 128, 366, 694, 456, 170, 408, 156, 394, 652, 414, 240, 478, 694, 456, 240, 478, 240, 478, 156, 394, 156, 394, 142, 380, 156, 394, 114, 352, 72, 310, 100, 338, 142, 380, 142, 380, 72, 310, 156, 394, 100, 338, 694, 456, 100, 338, 128, 366, 72, 310, 694, 456, 694, 456, 652, 414, 666, 428, 380, 142, 694, 456, 652, 414, 114, 352, 694, 456, 142, 380, 652, 414, 170, 408, 156, 394, 666, 428, 114, 352, 680, 442, 114, 352, 100, 338, 680, 442, 86, 324, 666, 428, 694, 456, 142, 380, 114, 352, 142, 380, 680, 442, 72, 310, 100, 338, 694, 456, 240, 478, 240, 478, 170, 408, 666, 428, 170, 408, 86, 324, 666, 428, 142, 380, 142, 380, 170, 408, 240, 478, 142, 380, 100, 338, 114, 352, 240, 478, 128, 366, 170, 408, 100, 338, 240, 478, 652, 414, 680, 442, 694, 456, 86, 324, 86, 324, 114, 352, 694, 456, 86, 324, 652, 414, 170, 408, 72, 310, 170, 408, 128, 366, 666, 428, 680, 442, 156, 394, 170, 408, 694, 456, 240, 478, 128, 366, 170, 408, 72, 310, 100, 338, 240, 478, 72, 310, 128, 366, 652, 414, 86, 324, 156, 394, 170, 408, 72, 310, 86, 324, 694, 456, 680, 442, 680, 442, 72, 310, 114, 352, 694, 456, 240, 478, 652, 414, 170, 408, 652, 414, 86, 324, 72, 310, 240, 478, 156, 394, 142, 380, 142, 380, 72, 310, 86, 324, 142, 380, 142, 380, 128, 366, 652, 414, 72, 310, 72, 310, 170, 408, 72, 310, 86, 324, 680, 442, 694, 456, 72, 310, 652, 414, 128, 366, 114, 352, 142, 380, 86, 324, 114, 352, 666, 428, 170, 408, 694, 456, 680, 442, 156, 394, 72, 310, 170, 408, 156, 394, 72, 310, 86, 324, 128, 366, 240, 478, 680, 442, 128, 366, 240, 478, 156, 394, 652, 414, 142, 380, 142, 380, 142, 380, 128, 366, 128, 366, 666, 428, 652, 414, 114, 352, 694, 456, 100, 338, 128, 366, 240, 478, 652, 414, 128, 366, 72, 310, 100, 338, 694, 456, 170, 408, 694, 456, 72, 310, 142, 380, 72, 310, 694, 456, 652, 414, 156, 394, 680, 442, 86, 324, 240, 478, 694, 456, 72, 310, 666, 428, 170, 408, 694, 456, 652, 414, 72, 310, 156, 394, 114, 352, 86, 324, 240, 478, 680, 442, 86, 324, 114, 352, 142, 380, 694, 456, 652, 414, 156, 394, 86, 324, 680, 442, 666, 428, 240, 478, 128, 366, 72, 310, 694, 456, 114, 352, 72, 310, 114, 352, 114, 352, 666, 428, 86, 324, 142, 380, 100, 338, 170, 408, 86, 324, 156, 394, 652, 414, 128, 366, 72, 310, 666, 428, 680, 442, 666, 428, 72, 310, 72, 310, 114, 352, 366, 128, 652, 414, 680, 442, 128, 366, 72, 310, 128, 366, 170, 408, 694, 456, 680, 442, 694, 456, 694, 456, 652, 414, 170, 408, 240, 478, 86, 324, 100, 338, 128, 366, 694, 456, 156, 394, 72, 310, 694, 456, 156, 394, 694, 456, 680, 442, 128, 366, 694, 456, 72, 310, 666, 428, 694, 456]
Number of labels used: 26
Specific labels: [72, 86, 100, 114, 128, 142, 156, 170, 240, 310, 324, 338, 352, 366, 380, 394, 408, 414, 428, 442, 456, 478, 652, 666, 680, 694]
==============================
Total time: 0.79s
Memory used: 31.27 MB
[runlim] end:			Thu Mar 26 04:44:52 2026
[runlim] status:		ok
[runlim] result:		0
[runlim] children:		2
[runlim] processes:		3
[runlim] real:			0.87 seconds
[runlim] time:			1.30 seconds
[runlim] space:			100 MB
[runlim] load:			7.03 maximum
[runlim] samples:		9
