[runlim] version:		2.0.0rc12
[runlim] host:			ap-Precision-7550
[runlim] time limit:		311040000 seconds
[runlim] real time limit:	600 seconds
[runlim] space limit:		14000 MB
[runlim] argv[0]:		python3
[runlim] argv[1]:		-u
[runlim] argv[2]:		main_no.py
[runlim] argv[3]:		graph01
[runlim] start:			Wed Mar 25 09:48:42 2026
[runlim] child:			6705
Building Gurobi model...
Set parameter WLSAccessID
Set parameter WLSSecret
Set parameter LicenseID to value 2663665
Academic license 2663665 - for non-commercial use only - registered to tu___@vnu.edu.vn
Build time used: 0.64 sec
Solving...
{1: 680, 2: 442, 3: 736, 4: 498, 5: 778, 6: 540, 7: 408, 8: 170, 9: 240, 10: 478, 11: 254, 12: 16, 13: 512, 14: 750, 15: 442, 16: 680, 17: 380, 18: 142, 19: 352, 20: 114, 21: 708, 22: 470, 23: 478, 24: 240, 25: 100, 26: 338, 27: 708, 28: 470, 29: 100, 30: 338, 31: 310, 32: 72, 33: 86, 34: 324, 35: 58, 36: 296, 37: 16, 38: 254, 39: 44, 40: 282, 41: 366, 42: 128, 43: 512, 44: 750, 45: 142, 46: 380, 47: 680, 48: 442, 49: 44, 50: 282, 51: 296, 52: 58, 53: 30, 54: 268, 55: 736, 56: 498, 57: 414, 58: 652, 59: 456, 60: 694, 61: 324, 62: 86, 63: 58, 64: 296, 65: 526, 66: 764, 67: 72, 68: 310, 69: 114, 70: 352, 71: 554, 72: 792, 73: 170, 74: 408, 75: 694, 76: 456, 77: 540, 78: 778, 79: 708, 80: 470, 81: 310, 82: 72, 83: 680, 84: 442, 85: 414, 86: 652, 87: 30, 88: 268, 89: 442, 90: 680, 91: 254, 92: 16, 93: 498, 94: 736, 95: 470, 96: 708, 97: 478, 98: 240, 99: 58, 100: 296, 101: 652, 102: 414, 103: 540, 104: 778, 105: 44, 106: 282, 107: 526, 108: 764, 109: 694, 110: 456, 111: 722, 112: 484, 113: 72, 114: 310, 115: 100, 116: 338, 117: 72, 118: 310, 119: 254, 120: 16, 121: 408, 122: 170, 123: 240, 124: 478, 125: 470, 126: 708, 127: 778, 128: 540, 129: 778, 130: 540, 131: 736, 132: 498, 133: 324, 134: 86, 135: 408, 136: 170, 137: 778, 138: 540, 139: 58, 140: 296, 141: 114, 142: 352, 143: 352, 144: 114, 145: 128, 146: 366, 147: 58, 148: 296, 149: 792, 150: 554, 151: 554, 152: 792, 153: 268, 154: 30, 155: 156, 156: 394, 157: 114, 158: 352, 159: 456, 160: 694, 161: 750, 162: 512, 163: 526, 164: 764, 165: 338, 166: 100, 167: 324, 168: 86, 169: 128, 170: 366, 171: 58, 172: 296, 173: 338, 174: 100, 175: 380, 176: 142, 177: 44, 178: 282, 179: 366, 180: 128, 181: 792, 182: 554, 183: 58, 184: 296, 185: 254, 186: 16, 187: 310, 188: 72, 189: 310, 190: 72, 191: 414, 192: 652, 193: 408, 194: 170, 195: 484, 196: 722, 197: 142, 198: 380, 199: 554, 200: 792}

Number of labels used: 46
Total time used: 0.65 sec
Memory used: 60.33 MB
================================
{1: 792, 2: 554, 3: 414, 4: 652, 5: 414, 6: 652, 7: 142, 8: 380, 9: 478, 10: 240, 11: 512, 12: 750, 13: 792, 14: 554, 15: 652, 16: 414, 17: 792, 18: 554, 19: 114, 20: 352, 21: 254, 22: 16, 23: 142, 24: 380, 25: 792, 26: 554, 27: 352, 28: 114, 29: 254, 30: 16, 31: 16, 32: 254, 33: 142, 34: 380, 35: 254, 36: 16, 37: 16, 38: 254, 39: 254, 40: 16, 41: 380, 42: 142, 43: 310, 44: 72, 45: 254, 46: 16, 47: 652, 48: 414, 49: 72, 50: 310, 51: 16, 52: 254, 53: 414, 54: 652, 55: 142, 56: 380, 57: 652, 58: 414, 59: 156, 60: 394, 61: 792, 62: 554, 63: 652, 64: 414, 65: 254, 66: 16, 67: 380, 68: 142, 69: 254, 70: 16, 71: 414, 72: 652, 73: 142, 74: 380, 75: 722, 76: 484, 77: 310, 78: 72, 79: 554, 80: 792, 81: 380, 82: 142, 83: 554, 84: 792, 85: 750, 86: 512, 87: 792, 88: 554, 89: 792, 90: 554, 91: 554, 92: 792, 93: 16, 94: 254, 95: 352, 96: 114, 97: 408, 98: 170, 99: 792, 100: 554, 101: 512, 102: 750, 103: 254, 104: 16, 105: 470, 106: 708, 107: 380, 108: 142, 109: 16, 110: 254, 111: 792, 112: 554, 113: 554, 114: 792, 115: 156, 116: 394, 117: 16, 118: 254, 119: 254, 120: 16, 121: 408, 122: 170, 123: 142, 124: 380, 125: 554, 126: 792, 127: 310, 128: 72, 129: 380, 130: 142, 131: 750, 132: 512, 133: 512, 134: 750, 135: 240, 136: 478, 137: 652, 138: 414, 139: 254, 140: 16, 141: 414, 142: 652, 143: 792, 144: 554, 145: 750, 146: 512, 147: 16, 148: 254, 149: 652, 150: 414, 151: 268, 152: 30, 153: 512, 154: 750, 155: 652, 156: 414, 157: 554, 158: 792, 159: 16, 160: 254, 161: 554, 162: 792, 163: 652, 164: 414, 165: 652, 166: 414, 167: 736, 168: 498, 169: 142, 170: 380, 171: 554, 172: 792, 173: 72, 174: 310, 175: 652, 176: 414, 177: 414, 178: 652, 179: 750, 180: 512, 181: 680, 182: 442, 183: 470, 184: 708, 185: 16, 186: 254, 187: 380, 188: 142, 189: 414, 190: 652, 191: 352, 192: 114, 193: 478, 194: 240, 195: 470, 196: 708, 197: 16, 198: 254, 199: 254, 200: 16}

Number of labels used: 30
Total time used: 3.37 sec
Memory used: 185.20 MB
================================
{1: 792, 2: 554, 3: 414, 4: 652, 5: 414, 6: 652, 7: 142, 8: 380, 9: 380, 10: 142, 11: 540, 12: 778, 13: 792, 14: 554, 15: 652, 16: 414, 17: 380, 18: 142, 19: 128, 20: 366, 21: 254, 22: 16, 23: 142, 24: 380, 25: 554, 26: 792, 27: 470, 28: 708, 29: 254, 30: 16, 31: 16, 32: 254, 33: 554, 34: 792, 35: 254, 36: 16, 37: 16, 38: 254, 39: 254, 40: 16, 41: 380, 42: 142, 43: 380, 44: 142, 45: 254, 46: 16, 47: 652, 48: 414, 49: 484, 50: 722, 51: 16, 52: 254, 53: 414, 54: 652, 55: 470, 56: 708, 57: 652, 58: 414, 59: 722, 60: 484, 61: 792, 62: 554, 63: 652, 64: 414, 65: 254, 66: 16, 67: 526, 68: 764, 69: 254, 70: 16, 71: 414, 72: 652, 73: 142, 74: 380, 75: 456, 76: 694, 77: 484, 78: 722, 79: 554, 80: 792, 81: 16, 82: 254, 83: 554, 84: 792, 85: 792, 86: 554, 87: 792, 88: 554, 89: 792, 90: 554, 91: 722, 92: 484, 93: 16, 94: 254, 95: 414, 96: 652, 97: 478, 98: 240, 99: 792, 100: 554, 101: 414, 102: 652, 103: 254, 104: 16, 105: 456, 106: 694, 107: 380, 108: 142, 109: 16, 110: 254, 111: 540, 112: 778, 113: 554, 114: 792, 115: 16, 116: 254, 117: 16, 118: 254, 119: 254, 120: 16, 121: 240, 122: 478, 123: 240, 124: 478, 125: 554, 126: 792, 127: 526, 128: 764, 129: 470, 130: 708, 131: 142, 132: 380, 133: 380, 134: 142, 135: 142, 136: 380, 137: 652, 138: 414, 139: 652, 140: 414, 141: 414, 142: 652, 143: 792, 144: 554, 145: 652, 146: 414, 147: 366, 148: 128, 149: 100, 150: 338, 151: 128, 152: 366, 153: 652, 154: 414, 155: 652, 156: 414, 157: 526, 158: 764, 159: 16, 160: 254, 161: 554, 162: 792, 163: 652, 164: 414, 165: 652, 166: 414, 167: 296, 168: 58, 169: 100, 170: 338, 171: 470, 172: 708, 173: 254, 174: 16, 175: 296, 176: 58, 177: 414, 178: 652, 179: 128, 180: 366, 181: 456, 182: 694, 183: 778, 184: 540, 185: 296, 186: 58, 187: 778, 188: 540, 189: 414, 190: 652, 191: 16, 192: 254, 193: 240, 194: 478, 195: 792, 196: 554, 197: 380, 198: 142, 199: 470, 200: 708}

Number of labels used: 26
Total time used: 3.39 sec
Memory used: 185.28 MB
================================
{1: 792, 2: 554, 3: 414, 4: 652, 5: 414, 6: 652, 7: 142, 8: 380, 9: 380, 10: 142, 11: 540, 12: 778, 13: 792, 14: 554, 15: 652, 16: 414, 17: 380, 18: 142, 19: 128, 20: 366, 21: 254, 22: 16, 23: 240, 24: 478, 25: 792, 26: 554, 27: 16, 28: 254, 29: 254, 30: 16, 31: 16, 32: 254, 33: 86, 34: 324, 35: 254, 36: 16, 37: 16, 38: 254, 39: 254, 40: 16, 41: 380, 42: 142, 43: 380, 44: 142, 45: 254, 46: 16, 47: 296, 48: 58, 49: 324, 50: 86, 51: 16, 52: 254, 53: 414, 54: 652, 55: 142, 56: 380, 57: 652, 58: 414, 59: 722, 60: 484, 61: 792, 62: 554, 63: 652, 64: 414, 65: 254, 66: 16, 67: 86, 68: 324, 69: 254, 70: 16, 71: 414, 72: 652, 73: 142, 74: 380, 75: 456, 76: 694, 77: 380, 78: 142, 79: 554, 80: 792, 81: 16, 82: 254, 83: 554, 84: 792, 85: 792, 86: 554, 87: 792, 88: 554, 89: 792, 90: 554, 91: 722, 92: 484, 93: 16, 94: 254, 95: 414, 96: 652, 97: 478, 98: 240, 99: 792, 100: 554, 101: 414, 102: 652, 103: 254, 104: 16, 105: 456, 106: 694, 107: 380, 108: 142, 109: 16, 110: 254, 111: 792, 112: 554, 113: 554, 114: 792, 115: 16, 116: 254, 117: 16, 118: 254, 119: 254, 120: 16, 121: 380, 122: 142, 123: 142, 124: 380, 125: 554, 126: 792, 127: 86, 128: 324, 129: 86, 130: 324, 131: 142, 132: 380, 133: 512, 134: 750, 135: 240, 136: 478, 137: 652, 138: 414, 139: 254, 140: 16, 141: 414, 142: 652, 143: 792, 144: 554, 145: 414, 146: 652, 147: 414, 148: 652, 149: 554, 150: 792, 151: 128, 152: 366, 153: 652, 154: 414, 155: 324, 156: 86, 157: 750, 158: 512, 159: 16, 160: 254, 161: 554, 162: 792, 163: 652, 164: 414, 165: 652, 166: 414, 167: 296, 168: 58, 169: 86, 170: 324, 171: 380, 172: 142, 173: 16, 174: 254, 175: 296, 176: 58, 177: 792, 178: 554, 179: 380, 180: 142, 181: 456, 182: 694, 183: 324, 184: 86, 185: 296, 186: 58, 187: 324, 188: 86, 189: 142, 190: 380, 191: 16, 192: 254, 193: 240, 194: 478, 195: 792, 196: 554, 197: 16, 198: 254, 199: 142, 200: 380}

Number of labels used: 24
Total time used: 3.43 sec
Memory used: 187.81 MB
================================
{1: 792, 2: 554, 3: 414, 4: 652, 5: 414, 6: 652, 7: 142, 8: 380, 9: 380, 10: 142, 11: 540, 12: 778, 13: 792, 14: 554, 15: 652, 16: 414, 17: 380, 18: 142, 19: 128, 20: 366, 21: 254, 22: 16, 23: 142, 24: 380, 25: 792, 26: 554, 27: 652, 28: 414, 29: 254, 30: 16, 31: 16, 32: 254, 33: 86, 34: 324, 35: 254, 36: 16, 37: 16, 38: 254, 39: 254, 40: 16, 41: 380, 42: 142, 43: 380, 44: 142, 45: 254, 46: 16, 47: 296, 48: 58, 49: 324, 50: 86, 51: 16, 52: 254, 53: 414, 54: 652, 55: 142, 56: 380, 57: 652, 58: 414, 59: 722, 60: 484, 61: 792, 62: 554, 63: 652, 64: 414, 65: 254, 66: 16, 67: 86, 68: 324, 69: 254, 70: 16, 71: 792, 72: 554, 73: 142, 74: 380, 75: 456, 76: 694, 77: 484, 78: 722, 79: 554, 80: 792, 81: 16, 82: 254, 83: 554, 84: 792, 85: 792, 86: 554, 87: 792, 88: 554, 89: 792, 90: 554, 91: 722, 92: 484, 93: 16, 94: 254, 95: 414, 96: 652, 97: 478, 98: 240, 99: 792, 100: 554, 101: 414, 102: 652, 103: 254, 104: 16, 105: 456, 106: 694, 107: 380, 108: 142, 109: 16, 110: 254, 111: 86, 112: 324, 113: 554, 114: 792, 115: 16, 116: 254, 117: 16, 118: 254, 119: 254, 120: 16, 121: 240, 122: 478, 123: 240, 124: 478, 125: 554, 126: 792, 127: 86, 128: 324, 129: 86, 130: 324, 131: 142, 132: 380, 133: 380, 134: 142, 135: 240, 136: 478, 137: 652, 138: 414, 139: 254, 140: 16, 141: 414, 142: 652, 143: 792, 144: 554, 145: 414, 146: 652, 147: 366, 148: 128, 149: 554, 150: 792, 151: 128, 152: 366, 153: 652, 154: 414, 155: 324, 156: 86, 157: 142, 158: 380, 159: 16, 160: 254, 161: 554, 162: 792, 163: 652, 164: 414, 165: 652, 166: 414, 167: 296, 168: 58, 169: 86, 170: 324, 171: 380, 172: 142, 173: 16, 174: 254, 175: 296, 176: 58, 177: 792, 178: 554, 179: 380, 180: 142, 181: 456, 182: 694, 183: 324, 184: 86, 185: 296, 186: 58, 187: 324, 188: 86, 189: 142, 190: 380, 191: 16, 192: 254, 193: 240, 194: 478, 195: 792, 196: 554, 197: 16, 198: 254, 199: 142, 200: 380}

Number of labels used: 22
Total time used: 3.44 sec
Memory used: 188.35 MB
================================
{1: 792, 2: 554, 3: 324, 4: 86, 5: 414, 6: 652, 7: 142, 8: 380, 9: 380, 10: 142, 11: 540, 12: 778, 13: 254, 14: 16, 15: 414, 16: 652, 17: 792, 18: 554, 19: 128, 20: 366, 21: 254, 22: 16, 23: 142, 24: 380, 25: 554, 26: 792, 27: 652, 28: 414, 29: 128, 30: 366, 31: 16, 32: 254, 33: 86, 34: 324, 35: 254, 36: 16, 37: 16, 38: 254, 39: 254, 40: 16, 41: 380, 42: 142, 43: 380, 44: 142, 45: 254, 46: 16, 47: 128, 48: 366, 49: 86, 50: 324, 51: 254, 52: 16, 53: 86, 54: 324, 55: 142, 56: 380, 57: 414, 58: 652, 59: 722, 60: 484, 61: 380, 62: 142, 63: 16, 64: 254, 65: 554, 66: 792, 67: 324, 68: 86, 69: 778, 70: 540, 71: 414, 72: 652, 73: 142, 74: 380, 75: 456, 76: 694, 77: 484, 78: 722, 79: 380, 80: 142, 81: 16, 82: 254, 83: 554, 84: 792, 85: 652, 86: 414, 87: 792, 88: 554, 89: 792, 90: 554, 91: 722, 92: 484, 93: 414, 94: 652, 95: 414, 96: 652, 97: 478, 98: 240, 99: 792, 100: 554, 101: 540, 102: 778, 103: 254, 104: 16, 105: 456, 106: 694, 107: 366, 108: 128, 109: 484, 110: 722, 111: 86, 112: 324, 113: 86, 114: 324, 115: 778, 116: 540, 117: 254, 118: 16, 119: 254, 120: 16, 121: 240, 122: 478, 123: 240, 124: 478, 125: 86, 126: 324, 127: 324, 128: 86, 129: 484, 130: 722, 131: 540, 132: 778, 133: 380, 134: 142, 135: 240, 136: 478, 137: 86, 138: 324, 139: 254, 140: 16, 141: 414, 142: 652, 143: 792, 144: 554, 145: 652, 146: 414, 147: 366, 148: 128, 149: 414, 150: 652, 151: 128, 152: 366, 153: 484, 154: 722, 155: 142, 156: 380, 157: 380, 158: 142, 159: 16, 160: 254, 161: 554, 162: 792, 163: 324, 164: 86, 165: 652, 166: 414, 167: 86, 168: 324, 169: 86, 170: 324, 171: 778, 172: 540, 173: 16, 174: 254, 175: 16, 176: 254, 177: 86, 178: 324, 179: 380, 180: 142, 181: 456, 182: 694, 183: 778, 184: 540, 185: 16, 186: 254, 187: 324, 188: 86, 189: 792, 190: 554, 191: 16, 192: 254, 193: 240, 194: 478, 195: 414, 196: 652, 197: 16, 198: 254, 199: 254, 200: 16}

Number of labels used: 20
Total time used: 4.96 sec
Memory used: 226.74 MB
================================
{1: 652, 2: 414, 3: 414, 4: 652, 5: 324, 6: 86, 7: 142, 8: 380, 9: 478, 10: 240, 11: 778, 12: 540, 13: 778, 14: 540, 15: 652, 16: 414, 17: 16, 18: 254, 19: 128, 20: 366, 21: 86, 22: 324, 23: 142, 24: 380, 25: 554, 26: 792, 27: 16, 28: 254, 29: 16, 30: 254, 31: 254, 32: 16, 33: 142, 34: 380, 35: 254, 36: 16, 37: 16, 38: 254, 39: 254, 40: 16, 41: 380, 42: 142, 43: 540, 44: 778, 45: 254, 46: 16, 47: 778, 48: 540, 49: 142, 50: 380, 51: 16, 52: 254, 53: 414, 54: 652, 55: 380, 56: 142, 57: 142, 58: 380, 59: 652, 60: 414, 61: 414, 62: 652, 63: 324, 64: 86, 65: 778, 66: 540, 67: 380, 68: 142, 69: 16, 70: 254, 71: 142, 72: 380, 73: 142, 74: 380, 75: 456, 76: 694, 77: 128, 78: 366, 79: 380, 80: 142, 81: 324, 82: 86, 83: 142, 84: 380, 85: 414, 86: 652, 87: 792, 88: 554, 89: 254, 90: 16, 91: 324, 92: 86, 93: 694, 94: 456, 95: 554, 96: 792, 97: 478, 98: 240, 99: 414, 100: 652, 101: 792, 102: 554, 103: 324, 104: 86, 105: 694, 106: 456, 107: 414, 108: 652, 109: 16, 110: 254, 111: 16, 112: 254, 113: 324, 114: 86, 115: 652, 116: 414, 117: 86, 118: 324, 119: 254, 120: 16, 121: 240, 122: 478, 123: 478, 124: 240, 125: 254, 126: 16, 127: 324, 128: 86, 129: 324, 130: 86, 131: 380, 132: 142, 133: 540, 134: 778, 135: 240, 136: 478, 137: 86, 138: 324, 139: 254, 140: 16, 141: 792, 142: 554, 143: 554, 144: 792, 145: 694, 146: 456, 147: 366, 148: 128, 149: 254, 150: 16, 151: 778, 152: 540, 153: 254, 154: 16, 155: 456, 156: 694, 157: 694, 158: 456, 159: 414, 160: 652, 161: 456, 162: 694, 163: 142, 164: 380, 165: 86, 166: 324, 167: 366, 168: 128, 169: 380, 170: 142, 171: 694, 172: 456, 173: 16, 174: 254, 175: 414, 176: 652, 177: 554, 178: 792, 179: 380, 180: 142, 181: 324, 182: 86, 183: 694, 184: 456, 185: 16, 186: 254, 187: 778, 188: 540, 189: 254, 190: 16, 191: 254, 192: 16, 193: 478, 194: 240, 195: 324, 196: 86, 197: 16, 198: 254, 199: 254, 200: 16}

Number of labels used: 18
Total time used: 4.97 sec
Memory used: 226.75 MB
================================
[runlim] end:			Wed Mar 25 09:48:47 2026
[runlim] status:		ok
[runlim] result:		0
[runlim] children:		1
[runlim] processes:		2
[runlim] real:			5.11 seconds
[runlim] time:			10.18 seconds
[runlim] space:			234 MB
[runlim] load:			1.61 maximum
[runlim] samples:		52
