[runlim] version:		2.0.0rc12
[runlim] host:			ap-Precision-7550
[runlim] time limit:		311040000 seconds
[runlim] real time limit:	600 seconds
[runlim] space limit:		14000 MB
[runlim] argv[0]:		python3
[runlim] argv[1]:		-u
[runlim] argv[2]:		main_no.py
[runlim] argv[3]:		graph06
[runlim] start:			Wed Mar 25 10:55:07 2026
[runlim] child:			7115
Building Gurobi model...
Set parameter WLSAccessID
Set parameter WLSSecret
Set parameter LicenseID to value 2663665
Academic license 2663665 - for non-commercial use only - registered to tu___@vnu.edu.vn
Build time used: 7.10 sec
Solving...
No solution found.
Total time used: 7.65 sec
Memory used: 416.09 MB
[runlim] end:			Wed Mar 25 10:55:15 2026
[runlim] status:		ok
[runlim] result:		0
[runlim] children:		1
[runlim] processes:		2
[runlim] real:			7.89 seconds
[runlim] time:			7.79 seconds
[runlim] space:			584 MB
[runlim] load:			3.92 maximum
[runlim] samples:		79
