[runlim] version:		2.0.0rc12
[runlim] host:			ap-Precision-7550
[runlim] time limit:		311040000 seconds
[runlim] real time limit:	600 seconds
[runlim] space limit:		14000 MB
[runlim] argv[0]:		python3
[runlim] argv[1]:		-u
[runlim] argv[2]:		main_no.py
[runlim] argv[3]:		graph13
[runlim] start:			Wed Mar 25 11:05:32 2026
[runlim] child:			7160
Building Gurobi model...
Set parameter WLSAccessID
Set parameter WLSSecret
Set parameter LicenseID to value 2663665
Academic license 2663665 - for non-commercial use only - registered to tu___@vnu.edu.vn
[runlim] sample:		9.99 time, 10.01 real, 449 MB, 1.13 load
Build time used: 17.45 sec
Solving...
No solution found.
Total time used: 18.70 sec
Memory used: 1037.66 MB
[runlim] end:			Wed Mar 25 11:05:51 2026
[runlim] status:		ok
[runlim] result:		0
[runlim] children:		1
[runlim] processes:		2
[runlim] real:			19.22 seconds
[runlim] time:			19.19 seconds
[runlim] space:			1474 MB
[runlim] load:			1.14 maximum
[runlim] samples:		193
