[runlim] version:		2.0.0rc12
[runlim] host:			ap-Precision-7550
[runlim] time limit:		311040000 seconds
[runlim] real time limit:	600 seconds
[runlim] space limit:		14000 MB
[runlim] argv[0]:		python3
[runlim] argv[1]:		-u
[runlim] argv[2]:		main_no.py
[runlim] argv[3]:		scen02
[runlim] start:			Wed Mar 25 10:21:19 2026
[runlim] child:			6907
Building Gurobi model...
Set parameter WLSAccessID
Set parameter WLSSecret
Set parameter LicenseID to value 2663665
Academic license 2663665 - for non-commercial use only - registered to tu___@vnu.edu.vn
Build time used: 1.48 sec
Solving...
{13: 722, 14: 484, 15: 324, 16: 86, 53: 86, 54: 324, 79: 414, 80: 652, 81: 44, 82: 282, 83: 156, 84: 394, 85: 540, 86: 778, 127: 470, 128: 708, 129: 100, 130: 338, 143: 540, 144: 778, 145: 512, 146: 750, 205: 414, 206: 652, 233: 512, 234: 750, 235: 540, 236: 778, 237: 128, 238: 366, 261: 30, 262: 268, 263: 736, 264: 498, 265: 512, 266: 750, 267: 338, 268: 100, 269: 540, 270: 778, 271: 540, 272: 778, 273: 142, 274: 380, 275: 156, 276: 394, 277: 498, 278: 736, 281: 526, 282: 764, 283: 16, 284: 254, 289: 296, 290: 58, 291: 282, 292: 44, 303: 114, 304: 352, 305: 652, 306: 414, 321: 750, 322: 512, 323: 310, 324: 72, 325: 694, 326: 456, 327: 792, 328: 554, 329: 792, 330: 554, 341: 764, 342: 526, 343: 694, 344: 456, 349: 694, 350: 456, 351: 442, 352: 680, 435: 442, 436: 680, 475: 366, 476: 128, 481: 526, 482: 764, 517: 512, 518: 750, 519: 58, 520: 296, 555: 764, 556: 526, 557: 694, 558: 456, 559: 58, 560: 296, 561: 778, 562: 540, 565: 380, 566: 142, 577: 736, 578: 498, 579: 498, 580: 736, 583: 708, 584: 470, 585: 750, 586: 512, 587: 554, 588: 792, 589: 86, 590: 324, 591: 324, 592: 86, 593: 380, 594: 142, 595: 456, 596: 694, 597: 338, 598: 100, 599: 352, 600: 114, 601: 526, 602: 764, 603: 268, 604: 30, 605: 666, 606: 428, 607: 324, 608: 86, 613: 736, 614: 498, 615: 498, 616: 736, 617: 296, 618: 58, 621: 366, 622: 128, 625: 694, 626: 456, 629: 708, 630: 470, 631: 100, 632: 338, 633: 694, 634: 456, 635: 666, 636: 428, 645: 30, 646: 268, 651: 366, 652: 128, 661: 750, 662: 512, 663: 352, 664: 114, 665: 554, 666: 792, 667: 778, 668: 540, 713: 498, 714: 736, 717: 142, 718: 380, 719: 44, 720: 282, 721: 414, 722: 652, 723: 540, 724: 778, 743: 778, 744: 540, 745: 72, 746: 310, 747: 128, 748: 366, 763: 442, 764: 680, 765: 58, 766: 296, 767: 666, 768: 428, 785: 366, 786: 128, 787: 428, 788: 666, 789: 324, 790: 86, 791: 694, 792: 456, 793: 72, 794: 310, 795: 750, 796: 512, 797: 86, 798: 324, 799: 268, 800: 30, 801: 484, 802: 722, 879: 268, 880: 30}

Number of labels used: 44
Total time used: 1.50 sec
Memory used: 104.53 MB
================================
{13: 366, 14: 128, 15: 366, 16: 128, 53: 778, 54: 540, 79: 128, 80: 366, 81: 540, 82: 778, 83: 254, 84: 16, 85: 128, 86: 366, 127: 778, 128: 540, 129: 16, 130: 254, 143: 338, 144: 100, 145: 366, 146: 128, 205: 16, 206: 254, 233: 324, 234: 86, 235: 428, 236: 666, 237: 778, 238: 540, 261: 254, 262: 16, 263: 666, 264: 428, 265: 44, 266: 282, 267: 428, 268: 666, 269: 428, 270: 666, 271: 428, 272: 666, 273: 254, 274: 16, 275: 254, 276: 16, 277: 540, 278: 778, 281: 526, 282: 764, 283: 526, 284: 764, 289: 366, 290: 128, 291: 254, 292: 16, 303: 428, 304: 666, 305: 16, 306: 254, 321: 310, 322: 72, 323: 540, 324: 778, 325: 526, 326: 764, 327: 16, 328: 254, 329: 254, 330: 16, 341: 44, 342: 282, 343: 44, 344: 282, 349: 428, 350: 666, 351: 778, 352: 540, 435: 540, 436: 778, 475: 366, 476: 128, 481: 428, 482: 666, 517: 128, 518: 366, 519: 778, 520: 540, 555: 128, 556: 366, 557: 526, 558: 764, 559: 366, 560: 128, 561: 540, 562: 778, 565: 666, 566: 428, 577: 254, 578: 16, 579: 16, 580: 254, 583: 44, 584: 282, 585: 540, 586: 778, 587: 44, 588: 282, 589: 254, 590: 16, 591: 100, 592: 338, 593: 540, 594: 778, 595: 666, 596: 428, 597: 366, 598: 128, 599: 282, 600: 44, 601: 778, 602: 540, 603: 540, 604: 778, 605: 128, 606: 366, 607: 764, 608: 526, 613: 44, 614: 282, 615: 666, 616: 428, 617: 128, 618: 366, 621: 128, 622: 366, 625: 540, 626: 778, 629: 540, 630: 778, 631: 666, 632: 428, 633: 128, 634: 366, 635: 282, 636: 44, 645: 16, 646: 254, 651: 254, 652: 16, 661: 778, 662: 540, 663: 16, 664: 254, 665: 666, 666: 428, 667: 778, 668: 540, 713: 310, 714: 72, 717: 254, 718: 16, 719: 554, 720: 792, 721: 428, 722: 666, 723: 338, 724: 100, 743: 540, 744: 778, 745: 366, 746: 128, 747: 428, 748: 666, 763: 366, 764: 128, 765: 540, 766: 778, 767: 254, 768: 16, 785: 666, 786: 428, 787: 540, 788: 778, 789: 366, 790: 128, 791: 540, 792: 778, 793: 366, 794: 128, 795: 540, 796: 778, 797: 366, 798: 128, 799: 666, 800: 428, 801: 764, 802: 526, 879: 778, 880: 540}

Number of labels used: 20
Total time used: 6.72 sec
Memory used: 315.59 MB
================================
{13: 512, 14: 750, 15: 512, 16: 750, 53: 778, 54: 540, 79: 310, 80: 72, 81: 540, 82: 778, 83: 254, 84: 16, 85: 366, 86: 128, 127: 778, 128: 540, 129: 16, 130: 254, 143: 750, 144: 512, 145: 750, 146: 512, 205: 16, 206: 254, 233: 128, 234: 366, 235: 428, 236: 666, 237: 778, 238: 540, 261: 254, 262: 16, 263: 666, 264: 428, 265: 512, 266: 750, 267: 428, 268: 666, 269: 310, 270: 72, 271: 310, 272: 72, 273: 540, 274: 778, 275: 540, 276: 778, 277: 366, 278: 128, 281: 778, 282: 540, 283: 778, 284: 540, 289: 16, 290: 254, 291: 666, 292: 428, 303: 428, 304: 666, 305: 16, 306: 254, 321: 666, 322: 428, 323: 540, 324: 778, 325: 512, 326: 750, 327: 16, 328: 254, 329: 254, 330: 16, 341: 254, 342: 16, 343: 254, 344: 16, 349: 428, 350: 666, 351: 778, 352: 540, 435: 540, 436: 778, 475: 512, 476: 750, 481: 428, 482: 666, 517: 310, 518: 72, 519: 778, 520: 540, 555: 666, 556: 428, 557: 526, 558: 764, 559: 778, 560: 540, 561: 540, 562: 778, 565: 666, 566: 428, 577: 254, 578: 16, 579: 16, 580: 254, 583: 44, 584: 282, 585: 310, 586: 72, 587: 44, 588: 282, 589: 254, 590: 16, 591: 512, 592: 750, 593: 540, 594: 778, 595: 666, 596: 428, 597: 666, 598: 428, 599: 282, 600: 44, 601: 310, 602: 72, 603: 44, 604: 282, 605: 72, 606: 310, 607: 750, 608: 512, 613: 512, 614: 750, 615: 512, 616: 750, 617: 128, 618: 366, 621: 428, 622: 666, 625: 540, 626: 778, 629: 540, 630: 778, 631: 310, 632: 72, 633: 428, 634: 666, 635: 282, 636: 44, 645: 16, 646: 254, 651: 254, 652: 16, 661: 778, 662: 540, 663: 16, 664: 254, 665: 16, 666: 254, 667: 778, 668: 540, 713: 366, 714: 128, 717: 540, 718: 778, 719: 254, 720: 16, 721: 666, 722: 428, 723: 750, 724: 512, 743: 540, 744: 778, 745: 778, 746: 540, 747: 666, 748: 428, 763: 128, 764: 366, 765: 540, 766: 778, 767: 366, 768: 128, 785: 310, 786: 72, 787: 540, 788: 778, 789: 428, 790: 666, 791: 540, 792: 778, 793: 72, 794: 310, 795: 540, 796: 778, 797: 750, 798: 512, 799: 666, 800: 428, 801: 72, 802: 310, 879: 778, 880: 540}

Number of labels used: 16
Total time used: 6.85 sec
Memory used: 319.47 MB
================================
{13: 512, 14: 750, 15: 512, 16: 750, 53: 778, 54: 540, 79: 310, 80: 72, 81: 540, 82: 778, 83: 254, 84: 16, 85: 366, 86: 128, 127: 778, 128: 540, 129: 16, 130: 254, 143: 750, 144: 512, 145: 750, 146: 512, 205: 16, 206: 254, 233: 128, 234: 366, 235: 428, 236: 666, 237: 778, 238: 540, 261: 254, 262: 16, 263: 666, 264: 428, 265: 512, 266: 750, 267: 428, 268: 666, 269: 310, 270: 72, 271: 310, 272: 72, 273: 540, 274: 778, 275: 540, 276: 778, 277: 366, 278: 128, 281: 778, 282: 540, 283: 778, 284: 540, 289: 16, 290: 254, 291: 666, 292: 428, 303: 428, 304: 666, 305: 16, 306: 254, 321: 310, 322: 72, 323: 666, 324: 428, 325: 512, 326: 750, 327: 16, 328: 254, 329: 254, 330: 16, 341: 254, 342: 16, 343: 254, 344: 16, 349: 428, 350: 666, 351: 778, 352: 540, 435: 540, 436: 778, 475: 512, 476: 750, 481: 428, 482: 666, 517: 310, 518: 72, 519: 778, 520: 540, 555: 666, 556: 428, 557: 540, 558: 778, 559: 778, 560: 540, 561: 540, 562: 778, 565: 666, 566: 428, 577: 254, 578: 16, 579: 16, 580: 254, 583: 44, 584: 282, 585: 310, 586: 72, 587: 44, 588: 282, 589: 254, 590: 16, 591: 512, 592: 750, 593: 282, 594: 44, 595: 666, 596: 428, 597: 666, 598: 428, 599: 282, 600: 44, 601: 310, 602: 72, 603: 44, 604: 282, 605: 72, 606: 310, 607: 750, 608: 512, 613: 512, 614: 750, 615: 512, 616: 750, 617: 128, 618: 366, 621: 428, 622: 666, 625: 540, 626: 778, 629: 540, 630: 778, 631: 512, 632: 750, 633: 428, 634: 666, 635: 282, 636: 44, 645: 16, 646: 254, 651: 254, 652: 16, 661: 778, 662: 540, 663: 16, 664: 254, 665: 16, 666: 254, 667: 778, 668: 540, 713: 366, 714: 128, 717: 540, 718: 778, 719: 254, 720: 16, 721: 666, 722: 428, 723: 750, 724: 512, 743: 540, 744: 778, 745: 778, 746: 540, 747: 666, 748: 428, 763: 128, 764: 366, 765: 540, 766: 778, 767: 366, 768: 128, 785: 310, 786: 72, 787: 540, 788: 778, 789: 428, 790: 666, 791: 540, 792: 778, 793: 72, 794: 310, 795: 540, 796: 778, 797: 750, 798: 512, 799: 666, 800: 428, 801: 72, 802: 310, 879: 778, 880: 540}

Number of labels used: 14
Total time used: 6.85 sec
Memory used: 320.03 MB
================================
[runlim] sample:		24.47 time, 10.01 real, 399 MB, 3.71 load
[runlim] end:			Wed Mar 25 10:21:37 2026
[runlim] status:		ok
[runlim] result:		0
[runlim] children:		1
[runlim] processes:		2
[runlim] real:			17.56 seconds
[runlim] time:			54.55 seconds
[runlim] space:			455 MB
[runlim] load:			4.11 maximum
[runlim] samples:		176
