[runlim] version:		2.0.0rc12
[runlim] host:			ap-Precision-7550
[runlim] time limit:		311040000 seconds
[runlim] real time limit:	600 seconds
[runlim] space limit:		14000 MB
[runlim] argv[0]:		python3
[runlim] argv[1]:		-u
[runlim] argv[2]:		main_no.py
[runlim] argv[3]:		scen08
[runlim] start:			Wed Mar 25 11:06:28 2026
[runlim] child:			7193
Building Gurobi model...
Set parameter WLSAccessID
Set parameter WLSSecret
Set parameter LicenseID to value 2663665
Academic license 2663665 - for non-commercial use only - registered to tu___@vnu.edu.vn
[runlim] sample:		9.95 time, 10.01 real, 415 MB, 1.31 load
[runlim] sample:		19.96 time, 20.01 real, 794 MB, 1.27 load
Build time used: 22.20 sec
Solving...
No solution found.
Total time used: 29.29 sec
Memory used: 1598.77 MB
[runlim] end:			Wed Mar 25 11:06:58 2026
[runlim] status:		ok
[runlim] result:		0
[runlim] children:		1
[runlim] processes:		2
[runlim] real:			29.90 seconds
[runlim] time:			33.72 seconds
[runlim] space:			1889 MB
[runlim] load:			1.37 maximum
[runlim] samples:		299
