[runlim] version:		2.0.0rc12
[runlim] host:			ap-Precision-7550
[runlim] time limit:		311040000 seconds
[runlim] real time limit:	600 seconds
[runlim] space limit:		14000 MB
[runlim] argv[0]:		python3
[runlim] argv[1]:		-u
[runlim] argv[2]:		main_no.py
[runlim] argv[3]:		scen09
[runlim] start:			Wed Mar 25 11:06:58 2026
[runlim] child:			7203
Building Gurobi model...
Set parameter WLSAccessID
Set parameter WLSSecret
Set parameter LicenseID to value 2663665
Academic license 2663665 - for non-commercial use only - registered to tu___@vnu.edu.vn
Build time used: 0.63 sec
Solving...
No solution found.
Total time used: 0.65 sec
Memory used: 64.84 MB
[runlim] end:			Wed Mar 25 11:06:58 2026
[runlim] status:		ok
[runlim] result:		0
[runlim] children:		1
[runlim] processes:		2
[runlim] real:			0.72 seconds
[runlim] time:			0.64 seconds
[runlim] space:			47 MB
[runlim] load:			1.22 maximum
[runlim] samples:		8
