[runlim] version:		2.0.0rc12
[runlim] host:			ap-Precision-7550
[runlim] time limit:		311040000 seconds
[runlim] real time limit:	600 seconds
[runlim] space limit:		14000 MB
[runlim] argv[0]:		python3
[runlim] argv[1]:		-u
[runlim] argv[2]:		main_no.py
[runlim] argv[3]:		TUD200.3
[runlim] start:			Wed Mar 25 11:07:13 2026
[runlim] child:			7230
Building Gurobi model...
Set parameter WLSAccessID
Set parameter WLSSecret
Set parameter LicenseID to value 2663665
Academic license 2663665 - for non-commercial use only - registered to tu___@vnu.edu.vn
Build time used: 1.20 sec
Solving...
{1: 268, 2: 30, 3: 380, 4: 142, 5: 428, 6: 666, 7: 16, 8: 254, 9: 554, 10: 792, 11: 170, 12: 408, 13: 680, 14: 442, 15: 680, 16: 442, 17: 142, 18: 380, 19: 792, 20: 554, 21: 86, 22: 324, 23: 114, 24: 352, 25: 526, 26: 764, 27: 72, 28: 310, 29: 268, 30: 30, 31: 352, 32: 114, 33: 30, 34: 268, 35: 268, 36: 30, 37: 128, 38: 366, 39: 694, 40: 456, 41: 324, 42: 86, 43: 456, 44: 694, 45: 156, 46: 394, 47: 750, 48: 512, 49: 114, 50: 352, 51: 428, 52: 666, 53: 30, 54: 268, 55: 114, 56: 352, 57: 268, 58: 30, 59: 128, 60: 366, 61: 324, 62: 86, 63: 456, 64: 694, 65: 694, 66: 456, 67: 380, 68: 142, 69: 30, 70: 268, 71: 736, 72: 498, 73: 750, 74: 512, 75: 512, 76: 750, 77: 324, 78: 86, 79: 86, 80: 324, 81: 16, 82: 254, 83: 442, 84: 680, 85: 456, 86: 694, 87: 254, 88: 16, 89: 554, 90: 792, 91: 652, 92: 414, 93: 282, 94: 44, 95: 554, 96: 792, 97: 478, 98: 240, 99: 170, 100: 408, 101: 708, 102: 470, 103: 394, 104: 156, 105: 380, 106: 142, 107: 554, 108: 792, 109: 282, 110: 44, 111: 142, 112: 380, 113: 792, 114: 554, 115: 30, 116: 268, 117: 498, 118: 736, 119: 484, 120: 722, 121: 240, 122: 478, 123: 694, 124: 456, 125: 456, 126: 694, 127: 652, 128: 414, 129: 30, 130: 268, 131: 240, 132: 478, 133: 540, 134: 778, 135: 380, 136: 142, 137: 296, 138: 58, 139: 86, 140: 324, 141: 128, 142: 366, 143: 128, 144: 366, 145: 484, 146: 722, 147: 58, 148: 296, 149: 100, 150: 338, 151: 792, 152: 554, 153: 694, 154: 456, 155: 652, 156: 414, 157: 736, 158: 498, 159: 100, 160: 338, 161: 750, 162: 512, 163: 44, 164: 282, 165: 338, 166: 100, 167: 652, 168: 414, 169: 512, 170: 750, 171: 736, 172: 498, 173: 268, 174: 30, 175: 44, 176: 282, 177: 16, 178: 254, 179: 408, 180: 170, 181: 156, 182: 394, 183: 540, 184: 778, 185: 338, 186: 100, 187: 72, 188: 310, 189: 750, 190: 512, 191: 338, 192: 100, 193: 128, 194: 366, 195: 352, 196: 114, 197: 456, 198: 694, 199: 72, 200: 310}

Number of labels used: 48
Total time used: 5.18 sec
Memory used: 275.29 MB
================================
{1: 142, 2: 380, 3: 652, 4: 414, 5: 30, 6: 268, 7: 268, 8: 30, 9: 414, 10: 652, 11: 478, 12: 240, 13: 380, 14: 142, 15: 380, 16: 142, 17: 142, 18: 380, 19: 792, 20: 554, 21: 470, 22: 708, 23: 792, 24: 554, 25: 554, 26: 792, 27: 792, 28: 554, 29: 414, 30: 652, 31: 268, 32: 30, 33: 142, 34: 380, 35: 142, 36: 380, 37: 694, 38: 456, 39: 694, 40: 456, 41: 44, 42: 282, 43: 44, 44: 282, 45: 114, 46: 352, 47: 268, 48: 30, 49: 30, 50: 268, 51: 456, 52: 694, 53: 30, 54: 268, 55: 44, 56: 282, 57: 652, 58: 414, 59: 268, 60: 30, 61: 282, 62: 44, 63: 414, 64: 652, 65: 456, 66: 694, 67: 764, 68: 526, 69: 310, 70: 72, 71: 142, 72: 380, 73: 694, 74: 456, 75: 652, 76: 414, 77: 114, 78: 352, 79: 44, 80: 282, 81: 652, 82: 414, 83: 414, 84: 652, 85: 456, 86: 694, 87: 652, 88: 414, 89: 554, 90: 792, 91: 268, 92: 30, 93: 380, 94: 142, 95: 554, 96: 792, 97: 142, 98: 380, 99: 170, 100: 408, 101: 352, 102: 114, 103: 44, 104: 282, 105: 652, 106: 414, 107: 792, 108: 554, 109: 722, 110: 484, 111: 268, 112: 30, 113: 764, 114: 526, 115: 142, 116: 380, 117: 722, 118: 484, 119: 456, 120: 694, 121: 240, 122: 478, 123: 554, 124: 792, 125: 764, 126: 526, 127: 764, 128: 526, 129: 470, 130: 708, 131: 380, 132: 142, 133: 44, 134: 282, 135: 792, 136: 554, 137: 30, 138: 268, 139: 282, 140: 44, 141: 30, 142: 268, 143: 414, 144: 652, 145: 708, 146: 470, 147: 414, 148: 652, 149: 380, 150: 142, 151: 254, 152: 16, 153: 114, 154: 352, 155: 554, 156: 792, 157: 72, 158: 310, 159: 44, 160: 282, 161: 456, 162: 694, 163: 414, 164: 652, 165: 114, 166: 352, 167: 44, 168: 282, 169: 352, 170: 114, 171: 380, 172: 142, 173: 352, 174: 114, 175: 456, 176: 694, 177: 414, 178: 652, 179: 478, 180: 240, 181: 72, 182: 310, 183: 142, 184: 380, 185: 792, 186: 554, 187: 30, 188: 268, 189: 764, 190: 526, 191: 30, 192: 268, 193: 554, 194: 792, 195: 268, 196: 30, 197: 708, 198: 470, 199: 44, 200: 282}

Number of labels used: 28
Total time used: 5.21 sec
Memory used: 276.92 MB
================================
{1: 114, 2: 352, 3: 652, 4: 414, 5: 30, 6: 268, 7: 268, 8: 30, 9: 142, 10: 380, 11: 478, 12: 240, 13: 380, 14: 142, 15: 380, 16: 142, 17: 240, 18: 478, 19: 792, 20: 554, 21: 652, 22: 414, 23: 792, 24: 554, 25: 554, 26: 792, 27: 792, 28: 554, 29: 414, 30: 652, 31: 268, 32: 30, 33: 380, 34: 142, 35: 142, 36: 380, 37: 694, 38: 456, 39: 694, 40: 456, 41: 268, 42: 30, 43: 30, 44: 268, 45: 694, 46: 456, 47: 394, 48: 156, 49: 792, 50: 554, 51: 456, 52: 694, 53: 30, 54: 268, 55: 30, 56: 268, 57: 652, 58: 414, 59: 268, 60: 30, 61: 324, 62: 86, 63: 414, 64: 652, 65: 114, 66: 352, 67: 268, 68: 30, 69: 30, 70: 268, 71: 142, 72: 380, 73: 694, 74: 456, 75: 652, 76: 414, 77: 58, 78: 296, 79: 708, 80: 470, 81: 652, 82: 414, 83: 414, 84: 652, 85: 456, 86: 694, 87: 652, 88: 414, 89: 554, 90: 792, 91: 268, 92: 30, 93: 380, 94: 142, 95: 554, 96: 792, 97: 380, 98: 142, 99: 142, 100: 380, 101: 792, 102: 554, 103: 554, 104: 792, 105: 652, 106: 414, 107: 470, 108: 708, 109: 554, 110: 792, 111: 352, 112: 114, 113: 156, 114: 394, 115: 58, 116: 296, 117: 694, 118: 456, 119: 380, 120: 142, 121: 240, 122: 478, 123: 652, 124: 414, 125: 694, 126: 456, 127: 652, 128: 414, 129: 30, 130: 268, 131: 380, 132: 142, 133: 778, 134: 540, 135: 792, 136: 554, 137: 30, 138: 268, 139: 156, 140: 394, 141: 30, 142: 268, 143: 414, 144: 652, 145: 792, 146: 554, 147: 352, 148: 114, 149: 380, 150: 142, 151: 694, 152: 456, 153: 352, 154: 114, 155: 554, 156: 792, 157: 470, 158: 708, 159: 394, 160: 156, 161: 58, 162: 296, 163: 554, 164: 792, 165: 296, 166: 58, 167: 58, 168: 296, 169: 352, 170: 114, 171: 380, 172: 142, 173: 380, 174: 142, 175: 456, 176: 694, 177: 540, 178: 778, 179: 478, 180: 240, 181: 86, 182: 324, 183: 114, 184: 352, 185: 792, 186: 554, 187: 30, 188: 268, 189: 694, 190: 456, 191: 296, 192: 58, 193: 554, 194: 792, 195: 268, 196: 30, 197: 456, 198: 694, 199: 352, 200: 114}

Number of labels used: 24
Total time used: 5.23 sec
Memory used: 277.97 MB
================================
{1: 128, 2: 366, 3: 380, 4: 142, 5: 16, 6: 254, 7: 380, 8: 142, 9: 142, 10: 380, 11: 142, 12: 380, 13: 380, 14: 142, 15: 554, 16: 792, 17: 240, 18: 478, 19: 792, 20: 554, 21: 652, 22: 414, 23: 792, 24: 554, 25: 792, 26: 554, 27: 652, 28: 414, 29: 414, 30: 652, 31: 324, 32: 86, 33: 142, 34: 380, 35: 72, 36: 310, 37: 694, 38: 456, 39: 694, 40: 456, 41: 324, 42: 86, 43: 72, 44: 310, 45: 694, 46: 456, 47: 366, 48: 128, 49: 30, 50: 268, 51: 456, 52: 694, 53: 30, 54: 268, 55: 30, 56: 268, 57: 554, 58: 792, 59: 366, 60: 128, 61: 310, 62: 72, 63: 484, 64: 722, 65: 254, 66: 16, 67: 30, 68: 268, 69: 142, 70: 380, 71: 142, 72: 380, 73: 72, 74: 310, 75: 652, 76: 414, 77: 16, 78: 254, 79: 30, 80: 268, 81: 652, 82: 414, 83: 414, 84: 652, 85: 456, 86: 694, 87: 86, 88: 324, 89: 456, 90: 694, 91: 268, 92: 30, 93: 414, 94: 652, 95: 310, 96: 72, 97: 240, 98: 478, 99: 142, 100: 380, 101: 414, 102: 652, 103: 414, 104: 652, 105: 310, 106: 72, 107: 254, 108: 16, 109: 554, 110: 792, 111: 484, 112: 722, 113: 792, 114: 554, 115: 16, 116: 254, 117: 694, 118: 456, 119: 268, 120: 30, 121: 240, 122: 478, 123: 652, 124: 414, 125: 694, 126: 456, 127: 554, 128: 792, 129: 268, 130: 30, 131: 380, 132: 142, 133: 310, 134: 72, 135: 268, 136: 30, 137: 86, 138: 324, 139: 30, 140: 268, 141: 30, 142: 268, 143: 414, 144: 652, 145: 792, 146: 554, 147: 310, 148: 72, 149: 128, 150: 366, 151: 456, 152: 694, 153: 792, 154: 554, 155: 554, 156: 792, 157: 310, 158: 72, 159: 310, 160: 72, 161: 694, 162: 456, 163: 142, 164: 380, 165: 366, 166: 128, 167: 16, 168: 254, 169: 694, 170: 456, 171: 554, 172: 792, 173: 380, 174: 142, 175: 456, 176: 694, 177: 694, 178: 456, 179: 478, 180: 240, 181: 72, 182: 310, 183: 86, 184: 324, 185: 792, 186: 554, 187: 30, 188: 268, 189: 142, 190: 380, 191: 30, 192: 268, 193: 554, 194: 792, 195: 30, 196: 268, 197: 652, 198: 414, 199: 16, 200: 254}

Number of labels used: 22
Total time used: 6.71 sec
Memory used: 331.94 MB
================================
{1: 128, 2: 366, 3: 380, 4: 142, 5: 16, 6: 254, 7: 268, 8: 30, 9: 142, 10: 380, 11: 478, 12: 240, 13: 380, 14: 142, 15: 554, 16: 792, 17: 240, 18: 478, 19: 792, 20: 554, 21: 652, 22: 414, 23: 142, 24: 380, 25: 554, 26: 792, 27: 652, 28: 414, 29: 414, 30: 652, 31: 324, 32: 86, 33: 142, 34: 380, 35: 86, 36: 324, 37: 86, 38: 324, 39: 694, 40: 456, 41: 324, 42: 86, 43: 694, 44: 456, 45: 694, 46: 456, 47: 366, 48: 128, 49: 324, 50: 86, 51: 456, 52: 694, 53: 30, 54: 268, 55: 30, 56: 268, 57: 554, 58: 792, 59: 554, 60: 792, 61: 324, 62: 86, 63: 414, 64: 652, 65: 254, 66: 16, 67: 86, 68: 324, 69: 142, 70: 380, 71: 324, 72: 86, 73: 694, 74: 456, 75: 652, 76: 414, 77: 16, 78: 254, 79: 30, 80: 268, 81: 254, 82: 16, 83: 414, 84: 652, 85: 456, 86: 694, 87: 652, 88: 414, 89: 456, 90: 694, 91: 254, 92: 16, 93: 414, 94: 652, 95: 142, 96: 380, 97: 142, 98: 380, 99: 142, 100: 380, 101: 414, 102: 652, 103: 554, 104: 792, 105: 310, 106: 72, 107: 16, 108: 254, 109: 554, 110: 792, 111: 30, 112: 268, 113: 694, 114: 456, 115: 16, 116: 254, 117: 694, 118: 456, 119: 268, 120: 30, 121: 240, 122: 478, 123: 652, 124: 414, 125: 694, 126: 456, 127: 554, 128: 792, 129: 268, 130: 30, 131: 380, 132: 142, 133: 310, 134: 72, 135: 268, 136: 30, 137: 324, 138: 86, 139: 30, 140: 268, 141: 30, 142: 268, 143: 414, 144: 652, 145: 792, 146: 554, 147: 324, 148: 86, 149: 380, 150: 142, 151: 456, 152: 694, 153: 792, 154: 554, 155: 554, 156: 792, 157: 310, 158: 72, 159: 16, 160: 254, 161: 694, 162: 456, 163: 142, 164: 380, 165: 366, 166: 128, 167: 16, 168: 254, 169: 554, 170: 792, 171: 554, 172: 792, 173: 380, 174: 142, 175: 456, 176: 694, 177: 694, 178: 456, 179: 478, 180: 240, 181: 72, 182: 310, 183: 86, 184: 324, 185: 792, 186: 554, 187: 142, 188: 380, 189: 142, 190: 380, 191: 30, 192: 268, 193: 554, 194: 792, 195: 16, 196: 254, 197: 652, 198: 414, 199: 16, 200: 254}

Number of labels used: 20
Total time used: 7.71 sec
Memory used: 368.34 MB
================================
{1: 72, 2: 310, 3: 792, 4: 554, 5: 16, 6: 254, 7: 268, 8: 30, 9: 86, 10: 324, 11: 478, 12: 240, 13: 380, 14: 142, 15: 268, 16: 30, 17: 240, 18: 478, 19: 142, 20: 380, 21: 652, 22: 414, 23: 142, 24: 380, 25: 554, 26: 792, 27: 652, 28: 414, 29: 554, 30: 792, 31: 324, 32: 86, 33: 380, 34: 142, 35: 86, 36: 324, 37: 86, 38: 324, 39: 652, 40: 414, 41: 324, 42: 86, 43: 694, 44: 456, 45: 694, 46: 456, 47: 268, 48: 30, 49: 324, 50: 86, 51: 456, 52: 694, 53: 142, 54: 380, 55: 30, 56: 268, 57: 414, 58: 652, 59: 554, 60: 792, 61: 324, 62: 86, 63: 414, 64: 652, 65: 254, 66: 16, 67: 86, 68: 324, 69: 268, 70: 30, 71: 414, 72: 652, 73: 792, 74: 554, 75: 652, 76: 414, 77: 16, 78: 254, 79: 30, 80: 268, 81: 254, 82: 16, 83: 414, 84: 652, 85: 456, 86: 694, 87: 652, 88: 414, 89: 456, 90: 694, 91: 254, 92: 16, 93: 694, 94: 456, 95: 142, 96: 380, 97: 142, 98: 380, 99: 142, 100: 380, 101: 414, 102: 652, 103: 380, 104: 142, 105: 310, 106: 72, 107: 16, 108: 254, 109: 554, 110: 792, 111: 30, 112: 268, 113: 694, 114: 456, 115: 142, 116: 380, 117: 694, 118: 456, 119: 380, 120: 142, 121: 240, 122: 478, 123: 652, 124: 414, 125: 694, 126: 456, 127: 554, 128: 792, 129: 30, 130: 268, 131: 380, 132: 142, 133: 310, 134: 72, 135: 268, 136: 30, 137: 324, 138: 86, 139: 142, 140: 380, 141: 30, 142: 268, 143: 72, 144: 310, 145: 792, 146: 554, 147: 324, 148: 86, 149: 72, 150: 310, 151: 456, 152: 694, 153: 792, 154: 554, 155: 554, 156: 792, 157: 310, 158: 72, 159: 16, 160: 254, 161: 694, 162: 456, 163: 380, 164: 142, 165: 16, 166: 254, 167: 16, 168: 254, 169: 554, 170: 792, 171: 554, 172: 792, 173: 694, 174: 456, 175: 456, 176: 694, 177: 254, 178: 16, 179: 478, 180: 240, 181: 72, 182: 310, 183: 72, 184: 310, 185: 456, 186: 694, 187: 142, 188: 380, 189: 142, 190: 380, 191: 30, 192: 268, 193: 554, 194: 792, 195: 16, 196: 254, 197: 652, 198: 414, 199: 694, 200: 456}

Number of labels used: 18
Total time used: 7.72 sec
Memory used: 368.34 MB
================================
{1: 72, 2: 310, 3: 792, 4: 554, 5: 16, 6: 254, 7: 268, 8: 30, 9: 86, 10: 324, 11: 478, 12: 240, 13: 380, 14: 142, 15: 268, 16: 30, 17: 240, 18: 478, 19: 142, 20: 380, 21: 652, 22: 414, 23: 142, 24: 380, 25: 554, 26: 792, 27: 652, 28: 414, 29: 554, 30: 792, 31: 324, 32: 86, 33: 380, 34: 142, 35: 86, 36: 324, 37: 86, 38: 324, 39: 652, 40: 414, 41: 324, 42: 86, 43: 694, 44: 456, 45: 694, 46: 456, 47: 268, 48: 30, 49: 324, 50: 86, 51: 456, 52: 694, 53: 142, 54: 380, 55: 30, 56: 268, 57: 414, 58: 652, 59: 554, 60: 792, 61: 324, 62: 86, 63: 414, 64: 652, 65: 254, 66: 16, 67: 86, 68: 324, 69: 268, 70: 30, 71: 414, 72: 652, 73: 792, 74: 554, 75: 652, 76: 414, 77: 16, 78: 254, 79: 30, 80: 268, 81: 254, 82: 16, 83: 414, 84: 652, 85: 456, 86: 694, 87: 652, 88: 414, 89: 456, 90: 694, 91: 254, 92: 16, 93: 694, 94: 456, 95: 142, 96: 380, 97: 142, 98: 380, 99: 142, 100: 380, 101: 414, 102: 652, 103: 380, 104: 142, 105: 310, 106: 72, 107: 16, 108: 254, 109: 554, 110: 792, 111: 30, 112: 268, 113: 694, 114: 456, 115: 142, 116: 380, 117: 694, 118: 456, 119: 380, 120: 142, 121: 240, 122: 478, 123: 652, 124: 414, 125: 694, 126: 456, 127: 554, 128: 792, 129: 30, 130: 268, 131: 380, 132: 142, 133: 310, 134: 72, 135: 268, 136: 30, 137: 324, 138: 86, 139: 142, 140: 380, 141: 30, 142: 268, 143: 72, 144: 310, 145: 792, 146: 554, 147: 324, 148: 86, 149: 72, 150: 310, 151: 456, 152: 694, 153: 792, 154: 554, 155: 554, 156: 792, 157: 310, 158: 72, 159: 16, 160: 254, 161: 694, 162: 456, 163: 380, 164: 142, 165: 16, 166: 254, 167: 16, 168: 254, 169: 554, 170: 792, 171: 554, 172: 792, 173: 694, 174: 456, 175: 456, 176: 694, 177: 254, 178: 16, 179: 478, 180: 240, 181: 72, 182: 310, 183: 72, 184: 310, 185: 456, 186: 694, 187: 142, 188: 380, 189: 142, 190: 380, 191: 30, 192: 268, 193: 554, 194: 792, 195: 16, 196: 254, 197: 652, 198: 414, 199: 694, 200: 456}

Number of labels used: 18
Total time used: 7.73 sec
Memory used: 368.34 MB
================================
[runlim] sample:		29.76 time, 10.01 real, 415 MB, 2.23 load
{1: 456, 2: 694, 3: 554, 4: 792, 5: 694, 6: 456, 7: 554, 8: 792, 9: 554, 10: 792, 11: 240, 12: 478, 13: 792, 14: 554, 15: 554, 16: 792, 17: 478, 18: 240, 19: 792, 20: 554, 21: 72, 22: 310, 23: 792, 24: 554, 25: 554, 26: 792, 27: 30, 28: 268, 29: 142, 30: 380, 31: 30, 32: 268, 33: 694, 34: 456, 35: 142, 36: 380, 37: 268, 38: 30, 39: 380, 40: 142, 41: 72, 42: 310, 43: 456, 44: 694, 45: 268, 46: 30, 47: 778, 48: 540, 49: 554, 50: 792, 51: 694, 52: 456, 53: 268, 54: 30, 55: 30, 56: 268, 57: 142, 58: 380, 59: 268, 60: 30, 61: 310, 62: 72, 63: 456, 64: 694, 65: 142, 66: 380, 67: 30, 68: 268, 69: 268, 70: 30, 71: 554, 72: 792, 73: 792, 74: 554, 75: 380, 76: 142, 77: 72, 78: 310, 79: 142, 80: 380, 81: 380, 82: 142, 83: 16, 84: 254, 85: 456, 86: 694, 87: 792, 88: 554, 89: 778, 90: 540, 91: 254, 92: 16, 93: 694, 94: 456, 95: 310, 96: 72, 97: 142, 98: 380, 99: 142, 100: 380, 101: 268, 102: 30, 103: 456, 104: 694, 105: 310, 106: 72, 107: 16, 108: 254, 109: 456, 110: 694, 111: 30, 112: 268, 113: 30, 114: 268, 115: 16, 116: 254, 117: 540, 118: 778, 119: 380, 120: 142, 121: 240, 122: 478, 123: 792, 124: 554, 125: 778, 126: 540, 127: 554, 128: 792, 129: 456, 130: 694, 131: 240, 132: 478, 133: 456, 134: 694, 135: 72, 136: 310, 137: 554, 138: 792, 139: 142, 140: 380, 141: 72, 142: 310, 143: 380, 144: 142, 145: 792, 146: 554, 147: 310, 148: 72, 149: 72, 150: 310, 151: 456, 152: 694, 153: 792, 154: 554, 155: 554, 156: 792, 157: 30, 158: 268, 159: 16, 160: 254, 161: 554, 162: 792, 163: 380, 164: 142, 165: 16, 166: 254, 167: 456, 168: 694, 169: 142, 170: 380, 171: 254, 172: 16, 173: 268, 174: 30, 175: 540, 176: 778, 177: 16, 178: 254, 179: 142, 180: 380, 181: 72, 182: 310, 183: 694, 184: 456, 185: 72, 186: 310, 187: 30, 188: 268, 189: 778, 190: 540, 191: 268, 192: 30, 193: 142, 194: 380, 195: 72, 196: 310, 197: 778, 198: 540, 199: 380, 200: 142}

Number of labels used: 16
Total time used: 12.89 sec
Memory used: 438.19 MB
================================
{1: 456, 2: 694, 3: 736, 4: 498, 5: 30, 6: 268, 7: 268, 8: 30, 9: 736, 10: 498, 11: 478, 12: 240, 13: 142, 14: 380, 15: 736, 16: 498, 17: 240, 18: 478, 19: 792, 20: 554, 21: 30, 22: 268, 23: 792, 24: 554, 25: 554, 26: 792, 27: 736, 28: 498, 29: 554, 30: 792, 31: 268, 32: 30, 33: 142, 34: 380, 35: 310, 36: 72, 37: 694, 38: 456, 39: 380, 40: 142, 41: 268, 42: 30, 43: 72, 44: 310, 45: 310, 46: 72, 47: 456, 48: 694, 49: 30, 50: 268, 51: 456, 52: 694, 53: 30, 54: 268, 55: 30, 56: 268, 57: 554, 58: 792, 59: 268, 60: 30, 61: 310, 62: 72, 63: 498, 64: 736, 65: 736, 66: 498, 67: 268, 68: 30, 69: 72, 70: 310, 71: 142, 72: 380, 73: 30, 74: 268, 75: 736, 76: 498, 77: 72, 78: 310, 79: 72, 80: 310, 81: 736, 82: 498, 83: 380, 84: 142, 85: 456, 86: 694, 87: 30, 88: 268, 89: 554, 90: 792, 91: 268, 92: 30, 93: 380, 94: 142, 95: 498, 96: 736, 97: 478, 98: 240, 99: 142, 100: 380, 101: 792, 102: 554, 103: 554, 104: 792, 105: 456, 106: 694, 107: 310, 108: 72, 109: 380, 110: 142, 111: 456, 112: 694, 113: 694, 114: 456, 115: 792, 116: 554, 117: 694, 118: 456, 119: 694, 120: 456, 121: 240, 122: 478, 123: 736, 124: 498, 125: 694, 126: 456, 127: 736, 128: 498, 129: 268, 130: 30, 131: 380, 132: 142, 133: 72, 134: 310, 135: 72, 136: 310, 137: 30, 138: 268, 139: 142, 140: 380, 141: 30, 142: 268, 143: 554, 144: 792, 145: 792, 146: 554, 147: 142, 148: 380, 149: 380, 150: 142, 151: 792, 152: 554, 153: 694, 154: 456, 155: 554, 156: 792, 157: 694, 158: 456, 159: 310, 160: 72, 161: 792, 162: 554, 163: 380, 164: 142, 165: 30, 166: 268, 167: 72, 168: 310, 169: 554, 170: 792, 171: 380, 172: 142, 173: 694, 174: 456, 175: 456, 176: 694, 177: 792, 178: 554, 179: 478, 180: 240, 181: 72, 182: 310, 183: 72, 184: 310, 185: 498, 186: 736, 187: 142, 188: 380, 189: 456, 190: 694, 191: 268, 192: 30, 193: 380, 194: 142, 195: 268, 196: 30, 197: 456, 198: 694, 199: 554, 200: 792}

Number of labels used: 14
Total time used: 16.27 sec
Memory used: 437.87 MB
================================
{1: 456, 2: 694, 3: 736, 4: 498, 5: 30, 6: 268, 7: 268, 8: 30, 9: 736, 10: 498, 11: 478, 12: 240, 13: 142, 14: 380, 15: 736, 16: 498, 17: 240, 18: 478, 19: 792, 20: 554, 21: 30, 22: 268, 23: 792, 24: 554, 25: 554, 26: 792, 27: 736, 28: 498, 29: 554, 30: 792, 31: 268, 32: 30, 33: 142, 34: 380, 35: 310, 36: 72, 37: 694, 38: 456, 39: 380, 40: 142, 41: 268, 42: 30, 43: 72, 44: 310, 45: 310, 46: 72, 47: 456, 48: 694, 49: 30, 50: 268, 51: 456, 52: 694, 53: 30, 54: 268, 55: 30, 56: 268, 57: 554, 58: 792, 59: 268, 60: 30, 61: 310, 62: 72, 63: 498, 64: 736, 65: 736, 66: 498, 67: 268, 68: 30, 69: 72, 70: 310, 71: 142, 72: 380, 73: 30, 74: 268, 75: 736, 76: 498, 77: 72, 78: 310, 79: 72, 80: 310, 81: 736, 82: 498, 83: 380, 84: 142, 85: 456, 86: 694, 87: 30, 88: 268, 89: 554, 90: 792, 91: 268, 92: 30, 93: 380, 94: 142, 95: 498, 96: 736, 97: 478, 98: 240, 99: 142, 100: 380, 101: 792, 102: 554, 103: 554, 104: 792, 105: 456, 106: 694, 107: 310, 108: 72, 109: 380, 110: 142, 111: 456, 112: 694, 113: 694, 114: 456, 115: 792, 116: 554, 117: 694, 118: 456, 119: 694, 120: 456, 121: 240, 122: 478, 123: 736, 124: 498, 125: 694, 126: 456, 127: 736, 128: 498, 129: 268, 130: 30, 131: 380, 132: 142, 133: 72, 134: 310, 135: 72, 136: 310, 137: 30, 138: 268, 139: 142, 140: 380, 141: 30, 142: 268, 143: 554, 144: 792, 145: 792, 146: 554, 147: 142, 148: 380, 149: 380, 150: 142, 151: 792, 152: 554, 153: 694, 154: 456, 155: 554, 156: 792, 157: 694, 158: 456, 159: 310, 160: 72, 161: 792, 162: 554, 163: 380, 164: 142, 165: 30, 166: 268, 167: 72, 168: 310, 169: 554, 170: 792, 171: 380, 172: 142, 173: 694, 174: 456, 175: 456, 176: 694, 177: 792, 178: 554, 179: 478, 180: 240, 181: 72, 182: 310, 183: 72, 184: 310, 185: 498, 186: 736, 187: 142, 188: 380, 189: 456, 190: 694, 191: 268, 192: 30, 193: 380, 194: 142, 195: 268, 196: 30, 197: 456, 198: 694, 199: 554, 200: 792}

Number of labels used: 14
Total time used: 16.29 sec
Memory used: 435.69 MB
================================
[runlim] end:			Wed Mar 25 11:07:30 2026
[runlim] status:		ok
[runlim] result:		0
[runlim] children:		1
[runlim] processes:		2
[runlim] real:			16.39 seconds
[runlim] time:			54.78 seconds
[runlim] space:			449 MB
[runlim] load:			2.37 maximum
[runlim] samples:		164
