[runlim] version:		2.0.0rc12
[runlim] host:			ap-Precision-7550
[runlim] time limit:		311040000 seconds
[runlim] real time limit:	600 seconds
[runlim] space limit:		14000 MB
[runlim] argv[0]:		python3
[runlim] argv[1]:		-u
[runlim] argv[2]:		main_no.py
[runlim] argv[3]:		TUD200.1
[runlim] start:			Wed Mar 25 11:06:59 2026
[runlim] child:			7211
Building Gurobi model...
Set parameter WLSAccessID
Set parameter WLSSecret
Set parameter LicenseID to value 2663665
Academic license 2663665 - for non-commercial use only - registered to tu___@vnu.edu.vn
Build time used: 1.31 sec
Solving...
{1: 792, 2: 554, 3: 58, 4: 296, 5: 128, 6: 366, 7: 44, 8: 282, 9: 16, 10: 254, 11: 58, 12: 296, 13: 324, 14: 86, 15: 310, 16: 72, 17: 366, 18: 128, 19: 16, 20: 254, 21: 324, 22: 86, 23: 324, 24: 86, 25: 268, 26: 30, 27: 456, 28: 694, 29: 254, 30: 16, 31: 526, 32: 764, 33: 470, 34: 708, 35: 512, 36: 750, 37: 722, 38: 484, 39: 722, 40: 484, 41: 722, 42: 484, 43: 44, 44: 282, 45: 442, 46: 680, 47: 30, 48: 268, 49: 540, 50: 778, 51: 540, 52: 778, 53: 792, 54: 554, 55: 498, 56: 736, 57: 428, 58: 666, 59: 282, 60: 44, 61: 86, 62: 324, 63: 736, 64: 498, 65: 16, 66: 254, 67: 792, 68: 554, 69: 254, 70: 16, 71: 128, 72: 366, 73: 708, 74: 470, 75: 792, 76: 554, 77: 694, 78: 456, 79: 680, 80: 442, 81: 526, 82: 764, 83: 72, 84: 310, 85: 792, 86: 554, 87: 442, 88: 680, 89: 30, 90: 268, 91: 708, 92: 470, 93: 778, 94: 540, 95: 652, 96: 414, 97: 296, 98: 58, 99: 554, 100: 792, 101: 366, 102: 128, 103: 764, 104: 526, 105: 296, 106: 58, 107: 100, 108: 338, 109: 554, 110: 792, 111: 512, 112: 750, 113: 156, 114: 394, 115: 652, 116: 414, 117: 324, 118: 86, 119: 792, 120: 554, 121: 114, 122: 352, 123: 484, 124: 722, 125: 680, 126: 442, 127: 254, 128: 16, 129: 408, 130: 170, 131: 498, 132: 736, 133: 380, 134: 142, 135: 114, 136: 352, 137: 44, 138: 282, 139: 694, 140: 456, 141: 470, 142: 708, 143: 268, 144: 30, 145: 30, 146: 268, 147: 380, 148: 142, 149: 268, 150: 30, 151: 86, 152: 324, 153: 268, 154: 30, 155: 428, 156: 666, 157: 722, 158: 484, 159: 30, 160: 268, 161: 498, 162: 736, 163: 310, 164: 72, 165: 58, 166: 296, 167: 652, 168: 414, 169: 296, 170: 58, 171: 554, 172: 792, 173: 792, 174: 554, 175: 380, 176: 142, 177: 310, 178: 72, 179: 394, 180: 156, 181: 666, 182: 428, 183: 394, 184: 156, 185: 156, 186: 394, 187: 156, 188: 394, 189: 156, 190: 394, 191: 764, 192: 526, 193: 708, 194: 470, 195: 764, 196: 526, 197: 58, 198: 296, 199: 338, 200: 100}

Number of labels used: 46
Total time used: 6.43 sec
Memory used: 342.22 MB
================================
{1: 792, 2: 554, 3: 58, 4: 296, 5: 128, 6: 366, 7: 44, 8: 282, 9: 16, 10: 254, 11: 58, 12: 296, 13: 324, 14: 86, 15: 310, 16: 72, 17: 366, 18: 128, 19: 16, 20: 254, 21: 324, 22: 86, 23: 324, 24: 86, 25: 268, 26: 30, 27: 456, 28: 694, 29: 254, 30: 16, 31: 526, 32: 764, 33: 470, 34: 708, 35: 512, 36: 750, 37: 722, 38: 484, 39: 722, 40: 484, 41: 722, 42: 484, 43: 44, 44: 282, 45: 442, 46: 680, 47: 30, 48: 268, 49: 540, 50: 778, 51: 540, 52: 778, 53: 792, 54: 554, 55: 498, 56: 736, 57: 428, 58: 666, 59: 282, 60: 44, 61: 86, 62: 324, 63: 736, 64: 498, 65: 16, 66: 254, 67: 792, 68: 554, 69: 254, 70: 16, 71: 128, 72: 366, 73: 708, 74: 470, 75: 792, 76: 554, 77: 694, 78: 456, 79: 680, 80: 442, 81: 526, 82: 764, 83: 72, 84: 310, 85: 792, 86: 554, 87: 442, 88: 680, 89: 30, 90: 268, 91: 708, 92: 470, 93: 778, 94: 540, 95: 652, 96: 414, 97: 296, 98: 58, 99: 554, 100: 792, 101: 366, 102: 128, 103: 764, 104: 526, 105: 296, 106: 58, 107: 100, 108: 338, 109: 554, 110: 792, 111: 512, 112: 750, 113: 156, 114: 394, 115: 652, 116: 414, 117: 324, 118: 86, 119: 792, 120: 554, 121: 114, 122: 352, 123: 484, 124: 722, 125: 680, 126: 442, 127: 254, 128: 16, 129: 380, 130: 142, 131: 498, 132: 736, 133: 380, 134: 142, 135: 114, 136: 352, 137: 44, 138: 282, 139: 694, 140: 456, 141: 470, 142: 708, 143: 268, 144: 30, 145: 30, 146: 268, 147: 380, 148: 142, 149: 268, 150: 30, 151: 86, 152: 324, 153: 268, 154: 30, 155: 428, 156: 666, 157: 722, 158: 484, 159: 30, 160: 268, 161: 498, 162: 736, 163: 310, 164: 72, 165: 58, 166: 296, 167: 652, 168: 414, 169: 296, 170: 58, 171: 554, 172: 792, 173: 792, 174: 554, 175: 380, 176: 142, 177: 310, 178: 72, 179: 394, 180: 156, 181: 666, 182: 428, 183: 394, 184: 156, 185: 156, 186: 394, 187: 156, 188: 394, 189: 156, 190: 394, 191: 764, 192: 526, 193: 708, 194: 470, 195: 764, 196: 526, 197: 58, 198: 296, 199: 338, 200: 100}

Number of labels used: 44
Total time used: 6.46 sec
Memory used: 345.59 MB
================================
{1: 16, 2: 254, 3: 142, 4: 380, 5: 16, 6: 254, 7: 680, 8: 442, 9: 380, 10: 142, 11: 142, 12: 380, 13: 554, 14: 792, 15: 680, 16: 442, 17: 792, 18: 554, 19: 142, 20: 380, 21: 72, 22: 310, 23: 142, 24: 380, 25: 792, 26: 554, 27: 16, 28: 254, 29: 310, 30: 72, 31: 16, 32: 254, 33: 254, 34: 16, 35: 442, 36: 680, 37: 16, 38: 254, 39: 554, 40: 792, 41: 16, 42: 254, 43: 72, 44: 310, 45: 254, 46: 16, 47: 142, 48: 380, 49: 554, 50: 792, 51: 680, 52: 442, 53: 792, 54: 554, 55: 324, 56: 86, 57: 72, 58: 310, 59: 554, 60: 792, 61: 680, 62: 442, 63: 86, 64: 324, 65: 792, 66: 554, 67: 16, 68: 254, 69: 526, 70: 764, 71: 254, 72: 16, 73: 142, 74: 380, 75: 680, 76: 442, 77: 680, 78: 442, 79: 16, 80: 254, 81: 554, 82: 792, 83: 324, 84: 86, 85: 764, 86: 526, 87: 72, 88: 310, 89: 680, 90: 442, 91: 680, 92: 442, 93: 792, 94: 554, 95: 72, 96: 310, 97: 554, 98: 792, 99: 324, 100: 86, 101: 310, 102: 72, 103: 72, 104: 310, 105: 16, 106: 254, 107: 254, 108: 16, 109: 554, 110: 792, 111: 540, 112: 778, 113: 86, 114: 324, 115: 792, 116: 554, 117: 380, 118: 142, 119: 324, 120: 86, 121: 764, 122: 526, 123: 72, 124: 310, 125: 680, 126: 442, 127: 114, 128: 352, 129: 380, 130: 142, 131: 680, 132: 442, 133: 442, 134: 680, 135: 380, 136: 142, 137: 380, 138: 142, 139: 526, 140: 764, 141: 442, 142: 680, 143: 554, 144: 792, 145: 352, 146: 114, 147: 764, 148: 526, 149: 72, 150: 310, 151: 694, 152: 456, 153: 142, 154: 380, 155: 792, 156: 554, 157: 142, 158: 380, 159: 778, 160: 540, 161: 792, 162: 554, 163: 156, 164: 394, 165: 156, 166: 394, 167: 778, 168: 540, 169: 16, 170: 254, 171: 16, 172: 254, 173: 792, 174: 554, 175: 680, 176: 442, 177: 86, 178: 324, 179: 764, 180: 526, 181: 792, 182: 554, 183: 680, 184: 442, 185: 16, 186: 254, 187: 254, 188: 16, 189: 142, 190: 380, 191: 792, 192: 554, 193: 680, 194: 442, 195: 380, 196: 142, 197: 792, 198: 554, 199: 310, 200: 72}

Number of labels used: 22
Total time used: 6.46 sec
Memory used: 346.33 MB
================================
{1: 142, 2: 380, 3: 380, 4: 142, 5: 16, 6: 254, 7: 680, 8: 442, 9: 380, 10: 142, 11: 142, 12: 380, 13: 708, 14: 470, 15: 680, 16: 442, 17: 792, 18: 554, 19: 142, 20: 380, 21: 72, 22: 310, 23: 254, 24: 16, 25: 792, 26: 554, 27: 16, 28: 254, 29: 310, 30: 72, 31: 16, 32: 254, 33: 254, 34: 16, 35: 442, 36: 680, 37: 16, 38: 254, 39: 680, 40: 442, 41: 16, 42: 254, 43: 16, 44: 254, 45: 680, 46: 442, 47: 142, 48: 380, 49: 554, 50: 792, 51: 680, 52: 442, 53: 792, 54: 554, 55: 72, 56: 310, 57: 72, 58: 310, 59: 554, 60: 792, 61: 764, 62: 526, 63: 310, 64: 72, 65: 708, 66: 470, 67: 16, 68: 254, 69: 526, 70: 764, 71: 680, 72: 442, 73: 142, 74: 380, 75: 764, 76: 526, 77: 708, 78: 470, 79: 380, 80: 142, 81: 554, 82: 792, 83: 310, 84: 72, 85: 554, 86: 792, 87: 72, 88: 310, 89: 526, 90: 764, 91: 442, 92: 680, 93: 792, 94: 554, 95: 554, 96: 792, 97: 554, 98: 792, 99: 16, 100: 254, 101: 380, 102: 142, 103: 72, 104: 310, 105: 380, 106: 142, 107: 526, 108: 764, 109: 554, 110: 792, 111: 16, 112: 254, 113: 142, 114: 380, 115: 792, 116: 554, 117: 72, 118: 310, 119: 254, 120: 16, 121: 764, 122: 526, 123: 72, 124: 310, 125: 764, 126: 526, 127: 142, 128: 380, 129: 142, 130: 380, 131: 680, 132: 442, 133: 442, 134: 680, 135: 380, 136: 142, 137: 380, 138: 142, 139: 380, 140: 142, 141: 442, 142: 680, 143: 764, 144: 526, 145: 72, 146: 310, 147: 526, 148: 764, 149: 72, 150: 310, 151: 792, 152: 554, 153: 708, 154: 470, 155: 792, 156: 554, 157: 16, 158: 254, 159: 554, 160: 792, 161: 792, 162: 554, 163: 16, 164: 254, 165: 310, 166: 72, 167: 442, 168: 680, 169: 16, 170: 254, 171: 16, 172: 254, 173: 680, 174: 442, 175: 680, 176: 442, 177: 680, 178: 442, 179: 792, 180: 554, 181: 792, 182: 554, 183: 310, 184: 72, 185: 16, 186: 254, 187: 254, 188: 16, 189: 142, 190: 380, 191: 792, 192: 554, 193: 764, 194: 526, 195: 764, 196: 526, 197: 792, 198: 554, 199: 310, 200: 72}

Number of labels used: 14
Total time used: 6.53 sec
Memory used: 357.79 MB
================================
{1: 254, 2: 16, 3: 380, 4: 142, 5: 16, 6: 254, 7: 142, 8: 380, 9: 380, 10: 142, 11: 254, 12: 16, 13: 764, 14: 526, 15: 680, 16: 442, 17: 792, 18: 554, 19: 142, 20: 380, 21: 310, 22: 72, 23: 254, 24: 16, 25: 792, 26: 554, 27: 16, 28: 254, 29: 72, 30: 310, 31: 380, 32: 142, 33: 254, 34: 16, 35: 764, 36: 526, 37: 16, 38: 254, 39: 254, 40: 16, 41: 16, 42: 254, 43: 792, 44: 554, 45: 310, 46: 72, 47: 72, 48: 310, 49: 680, 50: 442, 51: 526, 52: 764, 53: 792, 54: 554, 55: 554, 56: 792, 57: 72, 58: 310, 59: 142, 60: 380, 61: 72, 62: 310, 63: 310, 64: 72, 65: 792, 66: 554, 67: 254, 68: 16, 69: 526, 70: 764, 71: 254, 72: 16, 73: 72, 74: 310, 75: 764, 76: 526, 77: 526, 78: 764, 79: 254, 80: 16, 81: 442, 82: 680, 83: 764, 84: 526, 85: 526, 86: 764, 87: 310, 88: 72, 89: 526, 90: 764, 91: 680, 92: 442, 93: 792, 94: 554, 95: 526, 96: 764, 97: 142, 98: 380, 99: 526, 100: 764, 101: 142, 102: 380, 103: 380, 104: 142, 105: 380, 106: 142, 107: 142, 108: 380, 109: 554, 110: 792, 111: 764, 112: 526, 113: 142, 114: 380, 115: 792, 116: 554, 117: 72, 118: 310, 119: 554, 120: 792, 121: 142, 122: 380, 123: 380, 124: 142, 125: 680, 126: 442, 127: 16, 128: 254, 129: 380, 130: 142, 131: 526, 132: 764, 133: 442, 134: 680, 135: 680, 136: 442, 137: 380, 138: 142, 139: 680, 140: 442, 141: 442, 142: 680, 143: 792, 144: 554, 145: 792, 146: 554, 147: 526, 148: 764, 149: 72, 150: 310, 151: 442, 152: 680, 153: 72, 154: 310, 155: 310, 156: 72, 157: 764, 158: 526, 159: 16, 160: 254, 161: 792, 162: 554, 163: 310, 164: 72, 165: 310, 166: 72, 167: 442, 168: 680, 169: 16, 170: 254, 171: 442, 172: 680, 173: 792, 174: 554, 175: 680, 176: 442, 177: 680, 178: 442, 179: 16, 180: 254, 181: 792, 182: 554, 183: 310, 184: 72, 185: 380, 186: 142, 187: 254, 188: 16, 189: 554, 190: 792, 191: 554, 192: 792, 193: 680, 194: 442, 195: 16, 196: 254, 197: 16, 198: 254, 199: 72, 200: 310}

Number of labels used: 12
Total time used: 8.77 sec
Memory used: 406.21 MB
================================
[runlim] end:			Wed Mar 25 11:07:08 2026
[runlim] status:		ok
[runlim] result:		0
[runlim] children:		1
[runlim] processes:		2
[runlim] real:			8.91 seconds
[runlim] time:			22.86 seconds
[runlim] space:			409 MB
[runlim] load:			1.80 maximum
[runlim] samples:		89
