[runlim] version:		2.0.0rc12
[runlim] host:			ap-Precision-7550
[runlim] time limit:		311040000 seconds
[runlim] real time limit:	600 seconds
[runlim] space limit:		14000 MB
[runlim] argv[0]:		python3
[runlim] argv[1]:		-u
[runlim] argv[2]:		main_no.py
[runlim] argv[3]:		TUD916.5
[runlim] start:			Wed Mar 25 11:28:28 2026
[runlim] child:			7356
Building Gurobi model...
Set parameter WLSAccessID
Set parameter WLSSecret
Set parameter LicenseID to value 2663665
Academic license 2663665 - for non-commercial use only - registered to tu___@vnu.edu.vn
[runlim] sample:		9.99 time, 10.01 real, 417 MB, 2.80 load
Build time used: 17.68 sec
Solving...
No solution found.
Total time used: 18.61 sec
Memory used: 974.70 MB
[runlim] end:			Wed Mar 25 11:28:47 2026
[runlim] status:		ok
[runlim] result:		0
[runlim] children:		1
[runlim] processes:		2
[runlim] real:			19.15 seconds
[runlim] time:			19.10 seconds
[runlim] space:			1383 MB
[runlim] load:			3.13 maximum
[runlim] samples:		192
