[runlim] version:		2.0.0rc12
[runlim] host:			ap-Precision-7550
[runlim] time limit:		311040000 seconds
[runlim] real time limit:	600 seconds
[runlim] space limit:		14000 MB
[runlim] argv[0]:		python3
[runlim] argv[1]:		-u
[runlim] argv[2]:		main.py
[runlim] argv[3]:		graph01
[runlim] argv[4]:		tot
[runlim] argv[5]:		assumptions
[runlim] argv[6]:		cadical195
[runlim] start:			Wed Mar 25 21:17:40 2026
[runlim] child:			21867
Solve first problem:
Solution:
{1: 296, 2: 58, 3: 652, 4: 414, 5: 16, 6: 254, 7: 380, 8: 142, 9: 380, 10: 142, 11: 778, 12: 540, 13: 338, 14: 100, 15: 296, 16: 58, 17: 652, 18: 414, 19: 394, 20: 156, 21: 296, 22: 58, 23: 478, 24: 240, 25: 310, 26: 72, 27: 114, 28: 352, 29: 296, 30: 58, 31: 268, 32: 30, 33: 352, 34: 114, 35: 310, 36: 72, 37: 338, 38: 100, 39: 324, 40: 86, 41: 282, 42: 44, 43: 778, 44: 540, 45: 254, 46: 16, 47: 72, 48: 310, 49: 282, 50: 44, 51: 394, 52: 156, 53: 310, 54: 72, 55: 86, 56: 324, 57: 16, 58: 254, 59: 778, 60: 540, 61: 254, 62: 16, 63: 352, 64: 114, 65: 254, 66: 16, 67: 296, 68: 58, 69: 254, 70: 16, 71: 324, 72: 86, 73: 380, 74: 142, 75: 268, 76: 30, 77: 750, 78: 512, 79: 310, 80: 72, 81: 254, 82: 16, 83: 268, 84: 30, 85: 324, 86: 86, 87: 680, 88: 442, 89: 338, 90: 100, 91: 652, 92: 414, 93: 254, 94: 16, 95: 44, 96: 282, 97: 478, 98: 240, 99: 30, 100: 268, 101: 380, 102: 142, 103: 282, 104: 44, 105: 352, 106: 114, 107: 296, 108: 58, 109: 296, 110: 58, 111: 380, 112: 142, 113: 268, 114: 30, 115: 114, 116: 352, 117: 254, 118: 16, 119: 296, 120: 58, 121: 380, 122: 142, 123: 380, 124: 142, 125: 254, 126: 16, 127: 296, 128: 58, 129: 338, 130: 100, 131: 268, 132: 30, 133: 694, 134: 456, 135: 478, 136: 240, 137: 282, 138: 44, 139: 296, 140: 58, 141: 324, 142: 86, 143: 324, 144: 86, 145: 268, 146: 30, 147: 254, 148: 16, 149: 324, 150: 86, 151: 652, 152: 414, 153: 254, 154: 16, 155: 324, 156: 86, 157: 268, 158: 30, 159: 268, 160: 30, 161: 394, 162: 156, 163: 296, 164: 58, 165: 352, 166: 114, 167: 366, 168: 128, 169: 254, 170: 16, 171: 268, 172: 30, 173: 254, 174: 16, 175: 324, 176: 86, 177: 254, 178: 16, 179: 282, 180: 44, 181: 652, 182: 414, 183: 268, 184: 30, 185: 324, 186: 86, 187: 268, 188: 30, 189: 254, 190: 16, 191: 310, 192: 72, 193: 380, 194: 142, 195: 268, 196: 30, 197: 254, 198: 16, 199: 254, 200: 16}
Number of lables used:  34
Time taken: 0.14 seconds
Memory used: 29.68 MB
--------------------------------------------------

Trying with at most 33 labels...
Solution:
{1: 652, 2: 414, 3: 114, 4: 352, 5: 666, 6: 428, 7: 240, 8: 478, 9: 478, 10: 240, 11: 100, 12: 338, 13: 100, 14: 338, 15: 652, 16: 414, 17: 30, 18: 268, 19: 58, 20: 296, 21: 100, 22: 338, 23: 142, 24: 380, 25: 72, 26: 310, 27: 652, 28: 414, 29: 114, 30: 352, 31: 142, 32: 380, 33: 114, 34: 352, 35: 666, 36: 428, 37: 156, 38: 394, 39: 128, 40: 366, 41: 666, 42: 428, 43: 282, 44: 44, 45: 142, 46: 380, 47: 128, 48: 366, 49: 114, 50: 352, 51: 44, 52: 282, 53: 114, 54: 352, 55: 352, 56: 114, 57: 414, 58: 652, 59: 156, 60: 394, 61: 414, 62: 652, 63: 142, 64: 380, 65: 666, 66: 428, 67: 268, 68: 30, 69: 414, 70: 652, 71: 114, 72: 352, 73: 240, 74: 478, 75: 44, 76: 282, 77: 428, 78: 666, 79: 666, 80: 428, 81: 156, 82: 394, 83: 666, 84: 428, 85: 156, 86: 394, 87: 58, 88: 296, 89: 414, 90: 652, 91: 394, 92: 156, 93: 652, 94: 414, 95: 296, 96: 58, 97: 170, 98: 408, 99: 414, 100: 652, 101: 72, 102: 310, 103: 128, 104: 366, 105: 100, 106: 338, 107: 156, 108: 394, 109: 414, 110: 652, 111: 414, 112: 652, 113: 414, 114: 652, 115: 156, 116: 394, 117: 156, 118: 394, 119: 414, 120: 652, 121: 478, 122: 240, 123: 240, 124: 478, 125: 652, 126: 414, 127: 114, 128: 352, 129: 128, 130: 366, 131: 142, 132: 380, 133: 380, 134: 142, 135: 240, 136: 478, 137: 666, 138: 428, 139: 414, 140: 652, 141: 142, 142: 380, 143: 156, 144: 394, 145: 666, 146: 428, 147: 666, 148: 428, 149: 128, 150: 366, 151: 30, 152: 268, 153: 666, 154: 428, 155: 114, 156: 352, 157: 666, 158: 428, 159: 666, 160: 428, 161: 30, 162: 268, 163: 414, 164: 652, 165: 652, 166: 414, 167: 666, 168: 428, 169: 352, 170: 114, 171: 666, 172: 428, 173: 114, 174: 352, 175: 86, 176: 324, 177: 156, 178: 394, 179: 156, 180: 394, 181: 652, 182: 414, 183: 142, 184: 380, 185: 86, 186: 324, 187: 142, 188: 380, 189: 156, 190: 394, 191: 86, 192: 324, 193: 240, 194: 478, 195: 142, 196: 380, 197: 156, 198: 394, 199: 156, 200: 394}
Number of lables used:  28
Time taken: 0.15 seconds
Memory used: 30.86 MB
--------------------------------------------------

Trying with at most 27 labels...
Solution:
{1: 652, 2: 414, 3: 114, 4: 352, 5: 666, 6: 428, 7: 240, 8: 478, 9: 478, 10: 240, 11: 100, 12: 338, 13: 100, 14: 338, 15: 652, 16: 414, 17: 30, 18: 268, 19: 58, 20: 296, 21: 100, 22: 338, 23: 142, 24: 380, 25: 72, 26: 310, 27: 652, 28: 414, 29: 114, 30: 352, 31: 142, 32: 380, 33: 114, 34: 352, 35: 666, 36: 428, 37: 156, 38: 394, 39: 128, 40: 366, 41: 666, 42: 428, 43: 282, 44: 44, 45: 142, 46: 380, 47: 128, 48: 366, 49: 114, 50: 352, 51: 44, 52: 282, 53: 114, 54: 352, 55: 352, 56: 114, 57: 414, 58: 652, 59: 156, 60: 394, 61: 414, 62: 652, 63: 142, 64: 380, 65: 666, 66: 428, 67: 268, 68: 30, 69: 414, 70: 652, 71: 114, 72: 352, 73: 240, 74: 478, 75: 44, 76: 282, 77: 428, 78: 666, 79: 666, 80: 428, 81: 156, 82: 394, 83: 666, 84: 428, 85: 156, 86: 394, 87: 58, 88: 296, 89: 414, 90: 652, 91: 394, 92: 156, 93: 652, 94: 414, 95: 296, 96: 58, 97: 240, 98: 478, 99: 414, 100: 652, 101: 72, 102: 310, 103: 128, 104: 366, 105: 100, 106: 338, 107: 156, 108: 394, 109: 414, 110: 652, 111: 414, 112: 652, 113: 414, 114: 652, 115: 156, 116: 394, 117: 156, 118: 394, 119: 414, 120: 652, 121: 478, 122: 240, 123: 240, 124: 478, 125: 652, 126: 414, 127: 114, 128: 352, 129: 128, 130: 366, 131: 142, 132: 380, 133: 380, 134: 142, 135: 240, 136: 478, 137: 666, 138: 428, 139: 414, 140: 652, 141: 142, 142: 380, 143: 156, 144: 394, 145: 666, 146: 428, 147: 666, 148: 428, 149: 128, 150: 366, 151: 30, 152: 268, 153: 666, 154: 428, 155: 114, 156: 352, 157: 666, 158: 428, 159: 666, 160: 428, 161: 30, 162: 268, 163: 414, 164: 652, 165: 652, 166: 414, 167: 666, 168: 428, 169: 352, 170: 114, 171: 666, 172: 428, 173: 114, 174: 352, 175: 86, 176: 324, 177: 156, 178: 394, 179: 156, 180: 394, 181: 652, 182: 414, 183: 142, 184: 380, 185: 86, 186: 324, 187: 142, 188: 380, 189: 156, 190: 394, 191: 86, 192: 324, 193: 240, 194: 478, 195: 142, 196: 380, 197: 156, 198: 394, 199: 156, 200: 394}
Number of lables used:  26
Time taken: 0.15 seconds
Memory used: 30.86 MB
--------------------------------------------------

Trying with at most 25 labels...
Solution:
{1: 114, 2: 352, 3: 86, 4: 324, 5: 428, 6: 666, 7: 142, 8: 380, 9: 478, 10: 240, 11: 100, 12: 338, 13: 100, 14: 338, 15: 142, 16: 380, 17: 380, 18: 142, 19: 142, 20: 380, 21: 100, 22: 338, 23: 142, 24: 380, 25: 72, 26: 310, 27: 680, 28: 442, 29: 86, 30: 324, 31: 142, 32: 380, 33: 86, 34: 324, 35: 666, 36: 428, 37: 114, 38: 352, 39: 128, 40: 366, 41: 666, 42: 428, 43: 282, 44: 44, 45: 142, 46: 380, 47: 128, 48: 366, 49: 100, 50: 338, 51: 44, 52: 282, 53: 114, 54: 352, 55: 352, 56: 114, 57: 680, 58: 442, 59: 156, 60: 394, 61: 100, 62: 338, 63: 142, 64: 380, 65: 666, 66: 428, 67: 268, 68: 30, 69: 680, 70: 442, 71: 114, 72: 352, 73: 240, 74: 478, 75: 44, 76: 282, 77: 324, 78: 86, 79: 666, 80: 428, 81: 156, 82: 394, 83: 666, 84: 428, 85: 156, 86: 394, 87: 30, 88: 268, 89: 86, 90: 324, 91: 394, 92: 156, 93: 72, 94: 310, 95: 394, 96: 156, 97: 240, 98: 478, 99: 86, 100: 324, 101: 72, 102: 310, 103: 128, 104: 366, 105: 100, 106: 338, 107: 156, 108: 394, 109: 680, 110: 442, 111: 680, 112: 442, 113: 156, 114: 394, 115: 282, 116: 44, 117: 156, 118: 394, 119: 680, 120: 442, 121: 478, 122: 240, 123: 240, 124: 478, 125: 142, 126: 380, 127: 114, 128: 352, 129: 128, 130: 366, 131: 100, 132: 338, 133: 380, 134: 142, 135: 240, 136: 478, 137: 666, 138: 428, 139: 156, 140: 394, 141: 142, 142: 380, 143: 156, 144: 394, 145: 666, 146: 428, 147: 666, 148: 428, 149: 128, 150: 366, 151: 666, 152: 428, 153: 666, 154: 428, 155: 114, 156: 352, 157: 666, 158: 428, 159: 428, 160: 666, 161: 30, 162: 268, 163: 338, 164: 100, 165: 142, 166: 380, 167: 338, 168: 100, 169: 352, 170: 114, 171: 666, 172: 428, 173: 114, 174: 352, 175: 268, 176: 30, 177: 156, 178: 394, 179: 156, 180: 394, 181: 72, 182: 310, 183: 44, 184: 282, 185: 680, 186: 442, 187: 142, 188: 380, 189: 156, 190: 394, 191: 72, 192: 310, 193: 240, 194: 478, 195: 114, 196: 352, 197: 156, 198: 394, 199: 156, 200: 394}
Number of lables used:  24
Time taken: 0.15 seconds
Memory used: 30.86 MB
--------------------------------------------------

Trying with at most 23 labels...
Solution:
{1: 114, 2: 352, 3: 86, 4: 324, 5: 394, 6: 156, 7: 478, 8: 240, 9: 478, 10: 240, 11: 100, 12: 338, 13: 100, 14: 338, 15: 142, 16: 380, 17: 380, 18: 142, 19: 142, 20: 380, 21: 100, 22: 338, 23: 142, 24: 380, 25: 72, 26: 310, 27: 428, 28: 666, 29: 86, 30: 324, 31: 142, 32: 380, 33: 86, 34: 324, 35: 666, 36: 428, 37: 114, 38: 352, 39: 128, 40: 366, 41: 666, 42: 428, 43: 282, 44: 44, 45: 142, 46: 380, 47: 128, 48: 366, 49: 100, 50: 338, 51: 44, 52: 282, 53: 114, 54: 352, 55: 352, 56: 114, 57: 30, 58: 268, 59: 156, 60: 394, 61: 100, 62: 338, 63: 142, 64: 380, 65: 666, 66: 428, 67: 268, 68: 30, 69: 156, 70: 394, 71: 114, 72: 352, 73: 240, 74: 478, 75: 44, 76: 282, 77: 324, 78: 86, 79: 666, 80: 428, 81: 156, 82: 394, 83: 666, 84: 428, 85: 156, 86: 394, 87: 30, 88: 268, 89: 86, 90: 324, 91: 394, 92: 156, 93: 72, 94: 310, 95: 394, 96: 156, 97: 240, 98: 478, 99: 86, 100: 324, 101: 72, 102: 310, 103: 128, 104: 366, 105: 100, 106: 338, 107: 156, 108: 394, 109: 666, 110: 428, 111: 86, 112: 324, 113: 156, 114: 394, 115: 282, 116: 44, 117: 156, 118: 394, 119: 666, 120: 428, 121: 478, 122: 240, 123: 240, 124: 478, 125: 142, 126: 380, 127: 114, 128: 352, 129: 128, 130: 366, 131: 100, 132: 338, 133: 380, 134: 142, 135: 240, 136: 478, 137: 666, 138: 428, 139: 156, 140: 394, 141: 142, 142: 380, 143: 156, 144: 394, 145: 666, 146: 428, 147: 394, 148: 156, 149: 128, 150: 366, 151: 666, 152: 428, 153: 666, 154: 428, 155: 114, 156: 352, 157: 666, 158: 428, 159: 428, 160: 666, 161: 666, 162: 428, 163: 338, 164: 100, 165: 142, 166: 380, 167: 338, 168: 100, 169: 352, 170: 114, 171: 666, 172: 428, 173: 114, 174: 352, 175: 268, 176: 30, 177: 156, 178: 394, 179: 156, 180: 394, 181: 72, 182: 310, 183: 44, 184: 282, 185: 30, 186: 268, 187: 142, 188: 380, 189: 156, 190: 394, 191: 72, 192: 310, 193: 240, 194: 478, 195: 114, 196: 352, 197: 156, 198: 394, 199: 156, 200: 394}
Number of lables used:  22
Time taken: 0.15 seconds
Memory used: 30.86 MB
--------------------------------------------------

Trying with at most 21 labels...
Solution:
{1: 296, 2: 58, 3: 352, 4: 114, 5: 268, 6: 30, 7: 170, 8: 408, 9: 408, 10: 170, 11: 554, 12: 792, 13: 30, 14: 268, 15: 114, 16: 352, 17: 380, 18: 142, 19: 100, 20: 338, 21: 30, 22: 268, 23: 142, 24: 380, 25: 680, 26: 442, 27: 100, 28: 338, 29: 72, 30: 310, 31: 142, 32: 380, 33: 58, 34: 296, 35: 296, 36: 58, 37: 72, 38: 310, 39: 30, 40: 268, 41: 666, 42: 428, 43: 30, 44: 268, 45: 142, 46: 380, 47: 114, 48: 352, 49: 72, 50: 310, 51: 30, 52: 268, 53: 114, 54: 352, 55: 296, 56: 58, 57: 296, 58: 58, 59: 142, 60: 380, 61: 58, 62: 296, 63: 114, 64: 352, 65: 268, 66: 30, 67: 310, 68: 72, 69: 72, 70: 310, 71: 114, 72: 352, 73: 142, 74: 380, 75: 666, 76: 428, 77: 296, 78: 58, 79: 666, 80: 428, 81: 114, 82: 352, 83: 666, 84: 428, 85: 268, 86: 30, 87: 680, 88: 442, 89: 352, 90: 114, 91: 792, 92: 554, 93: 380, 94: 142, 95: 680, 96: 442, 97: 408, 98: 170, 99: 30, 100: 268, 101: 296, 102: 58, 103: 114, 104: 352, 105: 142, 106: 380, 107: 380, 108: 142, 109: 142, 110: 380, 111: 72, 112: 310, 113: 142, 114: 380, 115: 114, 116: 352, 117: 72, 118: 310, 119: 142, 120: 380, 121: 408, 122: 170, 123: 170, 124: 408, 125: 114, 126: 352, 127: 58, 128: 296, 129: 114, 130: 352, 131: 100, 132: 338, 133: 380, 134: 142, 135: 170, 136: 408, 137: 666, 138: 428, 139: 72, 140: 310, 141: 142, 142: 380, 143: 142, 144: 380, 145: 100, 146: 338, 147: 268, 148: 30, 149: 114, 150: 352, 151: 310, 152: 72, 153: 666, 154: 428, 155: 100, 156: 338, 157: 666, 158: 428, 159: 428, 160: 666, 161: 428, 162: 666, 163: 268, 164: 30, 165: 554, 166: 792, 167: 268, 168: 30, 169: 268, 170: 30, 171: 666, 172: 428, 173: 114, 174: 352, 175: 352, 176: 114, 177: 114, 178: 352, 179: 142, 180: 380, 181: 310, 182: 72, 183: 666, 184: 428, 185: 554, 186: 792, 187: 666, 188: 428, 189: 142, 190: 380, 191: 100, 192: 338, 193: 170, 194: 408, 195: 666, 196: 428, 197: 142, 198: 380, 199: 142, 200: 380}
Number of lables used:  20
Time taken: 0.16 seconds
Memory used: 30.96 MB
--------------------------------------------------

Trying with at most 19 labels...
Solution:
{1: 792, 2: 554, 3: 792, 4: 554, 5: 156, 6: 394, 7: 478, 8: 240, 9: 478, 10: 240, 11: 792, 12: 554, 13: 324, 14: 86, 15: 380, 16: 142, 17: 380, 18: 142, 19: 282, 20: 44, 21: 324, 22: 86, 23: 142, 24: 380, 25: 44, 26: 282, 27: 394, 28: 156, 29: 44, 30: 282, 31: 86, 32: 324, 33: 554, 34: 792, 35: 366, 36: 128, 37: 16, 38: 254, 39: 16, 40: 254, 41: 394, 42: 156, 43: 366, 44: 128, 45: 44, 46: 282, 47: 86, 48: 324, 49: 324, 50: 86, 51: 380, 52: 142, 53: 86, 54: 324, 55: 380, 56: 142, 57: 792, 58: 554, 59: 554, 60: 792, 61: 282, 62: 44, 63: 380, 64: 142, 65: 16, 66: 254, 67: 380, 68: 142, 69: 282, 70: 44, 71: 86, 72: 324, 73: 380, 74: 142, 75: 512, 76: 750, 77: 750, 78: 512, 79: 324, 80: 86, 81: 324, 82: 86, 83: 142, 84: 380, 85: 86, 86: 324, 87: 16, 88: 254, 89: 324, 90: 86, 91: 254, 92: 16, 93: 380, 94: 142, 95: 554, 96: 792, 97: 478, 98: 240, 99: 792, 100: 554, 101: 554, 102: 792, 103: 394, 104: 156, 105: 750, 106: 512, 107: 366, 108: 128, 109: 142, 110: 380, 111: 254, 112: 16, 113: 44, 114: 282, 115: 380, 116: 142, 117: 16, 118: 254, 119: 254, 120: 16, 121: 240, 122: 478, 123: 478, 124: 240, 125: 254, 126: 16, 127: 86, 128: 324, 129: 324, 130: 86, 131: 282, 132: 44, 133: 128, 134: 366, 135: 478, 136: 240, 137: 86, 138: 324, 139: 380, 140: 142, 141: 380, 142: 142, 143: 366, 144: 128, 145: 512, 146: 750, 147: 366, 148: 128, 149: 324, 150: 86, 151: 366, 152: 128, 153: 44, 154: 282, 155: 128, 156: 366, 157: 750, 158: 512, 159: 394, 160: 156, 161: 156, 162: 394, 163: 792, 164: 554, 165: 750, 166: 512, 167: 324, 168: 86, 169: 282, 170: 44, 171: 282, 172: 44, 173: 16, 174: 254, 175: 16, 176: 254, 177: 86, 178: 324, 179: 44, 180: 282, 181: 324, 182: 86, 183: 282, 184: 44, 185: 16, 186: 254, 187: 380, 188: 142, 189: 394, 190: 156, 191: 156, 192: 394, 193: 478, 194: 240, 195: 750, 196: 512, 197: 16, 198: 254, 199: 44, 200: 282}
Number of lables used:  18
Time taken: 0.23 seconds
Memory used: 33.77 MB
--------------------------------------------------

Trying with at most 17 labels...
[runlim] sample:		10.00 time, 10.01 real, 39 MB, 1.00 load
[runlim] sample:		19.99 time, 20.01 real, 43 MB, 1.00 load
[runlim] sample:		29.99 time, 30.01 real, 50 MB, 1.00 load
[runlim] sample:		39.99 time, 40.01 real, 46 MB, 1.08 load
[runlim] sample:		49.98 time, 50.01 real, 51 MB, 1.22 load
[runlim] sample:		59.98 time, 60.01 real, 52 MB, 1.19 load
[runlim] sample:		69.98 time, 70.01 real, 53 MB, 1.16 load
[runlim] sample:		79.97 time, 80.01 real, 56 MB, 1.13 load
[runlim] sample:		89.97 time, 90.01 real, 66 MB, 1.11 load
[runlim] sample:		99.96 time, 100.01 real, 70 MB, 1.17 load
[runlim] sample:		109.96 time, 110.01 real, 70 MB, 1.14 load
[runlim] sample:		119.95 time, 120.01 real, 70 MB, 1.19 load
[runlim] sample:		129.95 time, 130.01 real, 70 MB, 1.16 load
[runlim] sample:		139.95 time, 140.01 real, 70 MB, 1.21 load
[runlim] sample:		149.94 time, 150.01 real, 71 MB, 1.18 load
Cannot find solution.
No more solutions found.
Optimal number of labels used:  18
Time taken: 152.72 seconds
Memory used: 71.29 MB
[runlim] end:			Wed Mar 25 21:20:12 2026
[runlim] status:		ok
[runlim] result:		0
[runlim] children:		1
[runlim] processes:		2
[runlim] real:			152.76 seconds
[runlim] time:			152.64 seconds
[runlim] space:			82 MB
[runlim] load:			1.23 maximum
[runlim] samples:		1528
