[runlim] version:		2.0.0rc12
[runlim] host:			ap-Precision-7550
[runlim] time limit:		311040000 seconds
[runlim] real time limit:	600 seconds
[runlim] space limit:		14000 MB
[runlim] argv[0]:		python3
[runlim] argv[1]:		-u
[runlim] argv[2]:		main.py
[runlim] argv[3]:		TUD200.3
[runlim] argv[4]:		tot
[runlim] argv[5]:		assumptions
[runlim] argv[6]:		cadical195
[runlim] start:			Wed Mar 25 21:28:08 2026
[runlim] child:			21949
Solve first problem:
Solution:
{1: 526, 2: 764, 3: 442, 4: 680, 5: 414, 6: 652, 7: 352, 8: 114, 9: 442, 10: 680, 11: 142, 12: 380, 13: 16, 14: 254, 15: 86, 16: 324, 17: 408, 18: 170, 19: 708, 20: 470, 21: 526, 22: 764, 23: 778, 24: 540, 25: 282, 26: 44, 27: 58, 28: 296, 29: 394, 30: 156, 31: 366, 32: 128, 33: 456, 34: 694, 35: 694, 36: 456, 37: 156, 38: 394, 39: 142, 40: 380, 41: 86, 42: 324, 43: 540, 44: 778, 45: 484, 46: 722, 47: 282, 48: 44, 49: 554, 50: 792, 51: 428, 52: 666, 53: 470, 54: 708, 55: 394, 56: 156, 57: 708, 58: 470, 59: 100, 60: 338, 61: 324, 62: 86, 63: 156, 64: 394, 65: 680, 66: 442, 67: 456, 68: 694, 69: 114, 70: 352, 71: 512, 72: 750, 73: 142, 74: 380, 75: 442, 76: 680, 77: 156, 78: 394, 79: 142, 80: 380, 81: 554, 82: 792, 83: 512, 84: 750, 85: 526, 86: 764, 87: 652, 88: 414, 89: 44, 90: 282, 91: 554, 92: 792, 93: 58, 94: 296, 95: 30, 96: 268, 97: 478, 98: 240, 99: 478, 100: 240, 101: 666, 102: 428, 103: 484, 104: 722, 105: 498, 106: 736, 107: 554, 108: 792, 109: 394, 110: 156, 111: 540, 112: 778, 113: 86, 114: 324, 115: 142, 116: 380, 117: 100, 118: 338, 119: 72, 120: 310, 121: 380, 122: 142, 123: 512, 124: 750, 125: 764, 126: 526, 127: 736, 128: 498, 129: 456, 130: 694, 131: 240, 132: 478, 133: 498, 134: 736, 135: 554, 136: 792, 137: 652, 138: 414, 139: 554, 140: 792, 141: 498, 142: 736, 143: 512, 144: 750, 145: 86, 146: 324, 147: 694, 148: 456, 149: 428, 150: 666, 151: 792, 152: 554, 153: 156, 154: 394, 155: 394, 156: 156, 157: 540, 158: 778, 159: 512, 160: 750, 161: 554, 162: 792, 163: 554, 164: 792, 165: 394, 166: 156, 167: 428, 168: 666, 169: 498, 170: 736, 171: 554, 172: 792, 173: 442, 174: 680, 175: 470, 176: 708, 177: 428, 178: 666, 179: 170, 180: 408, 181: 792, 182: 554, 183: 498, 184: 736, 185: 484, 186: 722, 187: 792, 188: 554, 189: 498, 190: 736, 191: 540, 192: 778, 193: 484, 194: 722, 195: 72, 196: 310, 197: 526, 198: 764, 199: 554, 200: 792}
Number of lables used:  48
Time taken: 0.32 seconds
Memory used: 29.75 MB
--------------------------------------------------

Trying with at most 47 labels...
Solution:
{1: 526, 2: 764, 3: 442, 4: 680, 5: 414, 6: 652, 7: 352, 8: 114, 9: 442, 10: 680, 11: 142, 12: 380, 13: 16, 14: 254, 15: 86, 16: 324, 17: 408, 18: 170, 19: 708, 20: 470, 21: 526, 22: 764, 23: 778, 24: 540, 25: 282, 26: 44, 27: 58, 28: 296, 29: 394, 30: 156, 31: 366, 32: 128, 33: 442, 34: 680, 35: 694, 36: 456, 37: 156, 38: 394, 39: 142, 40: 380, 41: 86, 42: 324, 43: 540, 44: 778, 45: 484, 46: 722, 47: 282, 48: 44, 49: 554, 50: 792, 51: 428, 52: 666, 53: 470, 54: 708, 55: 394, 56: 156, 57: 680, 58: 442, 59: 100, 60: 338, 61: 324, 62: 86, 63: 156, 64: 394, 65: 680, 66: 442, 67: 456, 68: 694, 69: 114, 70: 352, 71: 512, 72: 750, 73: 142, 74: 380, 75: 792, 76: 554, 77: 156, 78: 394, 79: 142, 80: 380, 81: 554, 82: 792, 83: 512, 84: 750, 85: 526, 86: 764, 87: 652, 88: 414, 89: 254, 90: 16, 91: 428, 92: 666, 93: 44, 94: 282, 95: 30, 96: 268, 97: 478, 98: 240, 99: 478, 100: 240, 101: 666, 102: 428, 103: 484, 104: 722, 105: 352, 106: 114, 107: 554, 108: 792, 109: 394, 110: 156, 111: 540, 112: 778, 113: 86, 114: 324, 115: 142, 116: 380, 117: 296, 118: 58, 119: 666, 120: 428, 121: 380, 122: 142, 123: 512, 124: 750, 125: 764, 126: 526, 127: 540, 128: 778, 129: 456, 130: 694, 131: 240, 132: 478, 133: 484, 134: 722, 135: 484, 136: 722, 137: 268, 138: 30, 139: 554, 140: 792, 141: 484, 142: 722, 143: 512, 144: 750, 145: 86, 146: 324, 147: 156, 148: 394, 149: 86, 150: 324, 151: 58, 152: 296, 153: 156, 154: 394, 155: 366, 156: 128, 157: 540, 158: 778, 159: 428, 160: 666, 161: 512, 162: 750, 163: 470, 164: 708, 165: 338, 166: 100, 167: 428, 168: 666, 169: 792, 170: 554, 171: 554, 172: 792, 173: 442, 174: 680, 175: 470, 176: 708, 177: 428, 178: 666, 179: 170, 180: 408, 181: 792, 182: 554, 183: 778, 184: 540, 185: 484, 186: 722, 187: 484, 188: 722, 189: 484, 190: 722, 191: 540, 192: 778, 193: 484, 194: 722, 195: 72, 196: 310, 197: 526, 198: 764, 199: 554, 200: 792}
Number of lables used:  46
Time taken: 0.33 seconds
Memory used: 30.69 MB
--------------------------------------------------

Trying with at most 45 labels...
Solution:
{1: 540, 2: 778, 3: 652, 4: 414, 5: 414, 6: 652, 7: 352, 8: 114, 9: 86, 10: 324, 11: 142, 12: 380, 13: 16, 14: 254, 15: 86, 16: 324, 17: 408, 18: 170, 19: 708, 20: 470, 21: 526, 22: 764, 23: 778, 24: 540, 25: 282, 26: 44, 27: 58, 28: 296, 29: 394, 30: 156, 31: 366, 32: 128, 33: 338, 34: 100, 35: 694, 36: 456, 37: 128, 38: 366, 39: 142, 40: 380, 41: 86, 42: 324, 43: 540, 44: 778, 45: 484, 46: 722, 47: 282, 48: 44, 49: 554, 50: 792, 51: 428, 52: 666, 53: 156, 54: 394, 55: 394, 56: 156, 57: 652, 58: 414, 59: 100, 60: 338, 61: 324, 62: 86, 63: 156, 64: 394, 65: 666, 66: 428, 67: 792, 68: 554, 69: 114, 70: 352, 71: 512, 72: 750, 73: 142, 74: 380, 75: 792, 76: 554, 77: 156, 78: 394, 79: 142, 80: 380, 81: 554, 82: 792, 83: 512, 84: 750, 85: 540, 86: 778, 87: 652, 88: 414, 89: 282, 90: 44, 91: 652, 92: 414, 93: 44, 94: 282, 95: 30, 96: 268, 97: 478, 98: 240, 99: 478, 100: 240, 101: 16, 102: 254, 103: 484, 104: 722, 105: 352, 106: 114, 107: 554, 108: 792, 109: 394, 110: 156, 111: 540, 112: 778, 113: 86, 114: 324, 115: 142, 116: 380, 117: 296, 118: 58, 119: 666, 120: 428, 121: 380, 122: 142, 123: 512, 124: 750, 125: 540, 126: 778, 127: 540, 128: 778, 129: 282, 130: 44, 131: 240, 132: 478, 133: 428, 134: 666, 135: 484, 136: 722, 137: 268, 138: 30, 139: 652, 140: 414, 141: 484, 142: 722, 143: 512, 144: 750, 145: 86, 146: 324, 147: 156, 148: 394, 149: 86, 150: 324, 151: 58, 152: 296, 153: 156, 154: 394, 155: 366, 156: 128, 157: 540, 158: 778, 159: 428, 160: 666, 161: 512, 162: 750, 163: 470, 164: 708, 165: 338, 166: 100, 167: 414, 168: 652, 169: 792, 170: 554, 171: 554, 172: 792, 173: 428, 174: 666, 175: 470, 176: 708, 177: 792, 178: 554, 179: 170, 180: 408, 181: 792, 182: 554, 183: 540, 184: 778, 185: 338, 186: 100, 187: 484, 188: 722, 189: 484, 190: 722, 191: 540, 192: 778, 193: 414, 194: 652, 195: 338, 196: 100, 197: 764, 198: 526, 199: 484, 200: 722}
Number of lables used:  42
Time taken: 0.33 seconds
Memory used: 30.80 MB
--------------------------------------------------

Trying with at most 41 labels...
Solution:
{1: 540, 2: 778, 3: 652, 4: 414, 5: 414, 6: 652, 7: 352, 8: 114, 9: 86, 10: 324, 11: 142, 12: 380, 13: 16, 14: 254, 15: 86, 16: 324, 17: 408, 18: 170, 19: 708, 20: 470, 21: 526, 22: 764, 23: 778, 24: 540, 25: 282, 26: 44, 27: 58, 28: 296, 29: 394, 30: 156, 31: 366, 32: 128, 33: 338, 34: 100, 35: 694, 36: 456, 37: 128, 38: 366, 39: 142, 40: 380, 41: 86, 42: 324, 43: 540, 44: 778, 45: 484, 46: 722, 47: 282, 48: 44, 49: 554, 50: 792, 51: 428, 52: 666, 53: 156, 54: 394, 55: 100, 56: 338, 57: 652, 58: 414, 59: 100, 60: 338, 61: 324, 62: 86, 63: 156, 64: 394, 65: 666, 66: 428, 67: 792, 68: 554, 69: 114, 70: 352, 71: 484, 72: 722, 73: 142, 74: 380, 75: 792, 76: 554, 77: 156, 78: 394, 79: 142, 80: 380, 81: 554, 82: 792, 83: 456, 84: 694, 85: 540, 86: 778, 87: 652, 88: 414, 89: 282, 90: 44, 91: 652, 92: 414, 93: 44, 94: 282, 95: 30, 96: 268, 97: 478, 98: 240, 99: 478, 100: 240, 101: 16, 102: 254, 103: 484, 104: 722, 105: 352, 106: 114, 107: 554, 108: 792, 109: 394, 110: 156, 111: 540, 112: 778, 113: 86, 114: 324, 115: 142, 116: 380, 117: 296, 118: 58, 119: 666, 120: 428, 121: 380, 122: 142, 123: 44, 124: 282, 125: 540, 126: 778, 127: 540, 128: 778, 129: 282, 130: 44, 131: 240, 132: 478, 133: 428, 134: 666, 135: 484, 136: 722, 137: 268, 138: 30, 139: 652, 140: 414, 141: 484, 142: 722, 143: 484, 144: 722, 145: 86, 146: 324, 147: 156, 148: 394, 149: 86, 150: 324, 151: 58, 152: 296, 153: 156, 154: 394, 155: 366, 156: 128, 157: 540, 158: 778, 159: 428, 160: 666, 161: 792, 162: 554, 163: 470, 164: 708, 165: 338, 166: 100, 167: 414, 168: 652, 169: 792, 170: 554, 171: 554, 172: 792, 173: 428, 174: 666, 175: 394, 176: 156, 177: 792, 178: 554, 179: 170, 180: 408, 181: 792, 182: 554, 183: 540, 184: 778, 185: 338, 186: 100, 187: 484, 188: 722, 189: 484, 190: 722, 191: 540, 192: 778, 193: 414, 194: 652, 195: 338, 196: 100, 197: 764, 198: 526, 199: 484, 200: 722}
Number of lables used:  40
Time taken: 0.34 seconds
Memory used: 30.80 MB
--------------------------------------------------

Trying with at most 39 labels...
Solution:
{1: 540, 2: 778, 3: 652, 4: 414, 5: 414, 6: 652, 7: 380, 8: 142, 9: 86, 10: 324, 11: 142, 12: 380, 13: 16, 14: 254, 15: 86, 16: 324, 17: 408, 18: 170, 19: 708, 20: 470, 21: 526, 22: 764, 23: 778, 24: 540, 25: 282, 26: 44, 27: 58, 28: 296, 29: 394, 30: 156, 31: 366, 32: 128, 33: 338, 34: 100, 35: 694, 36: 456, 37: 128, 38: 366, 39: 142, 40: 380, 41: 86, 42: 324, 43: 540, 44: 778, 45: 484, 46: 722, 47: 282, 48: 44, 49: 554, 50: 792, 51: 428, 52: 666, 53: 156, 54: 394, 55: 100, 56: 338, 57: 652, 58: 414, 59: 100, 60: 338, 61: 324, 62: 86, 63: 156, 64: 394, 65: 666, 66: 428, 67: 792, 68: 554, 69: 86, 70: 324, 71: 484, 72: 722, 73: 142, 74: 380, 75: 792, 76: 554, 77: 156, 78: 394, 79: 142, 80: 380, 81: 554, 82: 792, 83: 456, 84: 694, 85: 540, 86: 778, 87: 652, 88: 414, 89: 282, 90: 44, 91: 652, 92: 414, 93: 44, 94: 282, 95: 30, 96: 268, 97: 478, 98: 240, 99: 478, 100: 240, 101: 16, 102: 254, 103: 484, 104: 722, 105: 338, 106: 100, 107: 554, 108: 792, 109: 394, 110: 156, 111: 540, 112: 778, 113: 86, 114: 324, 115: 142, 116: 380, 117: 296, 118: 58, 119: 666, 120: 428, 121: 380, 122: 142, 123: 44, 124: 282, 125: 540, 126: 778, 127: 540, 128: 778, 129: 282, 130: 44, 131: 240, 132: 478, 133: 428, 134: 666, 135: 484, 136: 722, 137: 268, 138: 30, 139: 652, 140: 414, 141: 484, 142: 722, 143: 484, 144: 722, 145: 86, 146: 324, 147: 156, 148: 394, 149: 86, 150: 324, 151: 30, 152: 268, 153: 156, 154: 394, 155: 366, 156: 128, 157: 540, 158: 778, 159: 428, 160: 666, 161: 792, 162: 554, 163: 470, 164: 708, 165: 338, 166: 100, 167: 128, 168: 366, 169: 792, 170: 554, 171: 526, 172: 764, 173: 428, 174: 666, 175: 414, 176: 652, 177: 792, 178: 554, 179: 170, 180: 408, 181: 792, 182: 554, 183: 540, 184: 778, 185: 338, 186: 100, 187: 484, 188: 722, 189: 484, 190: 722, 191: 540, 192: 778, 193: 414, 194: 652, 195: 338, 196: 100, 197: 764, 198: 526, 199: 484, 200: 722}
Number of lables used:  38
Time taken: 0.34 seconds
Memory used: 30.80 MB
--------------------------------------------------

Trying with at most 37 labels...
Solution:
{1: 540, 2: 778, 3: 652, 4: 414, 5: 414, 6: 652, 7: 380, 8: 142, 9: 86, 10: 324, 11: 142, 12: 380, 13: 16, 14: 254, 15: 86, 16: 324, 17: 408, 18: 170, 19: 708, 20: 470, 21: 526, 22: 764, 23: 778, 24: 540, 25: 282, 26: 44, 27: 44, 28: 282, 29: 394, 30: 156, 31: 366, 32: 128, 33: 338, 34: 100, 35: 694, 36: 456, 37: 128, 38: 366, 39: 142, 40: 380, 41: 86, 42: 324, 43: 540, 44: 778, 45: 484, 46: 722, 47: 282, 48: 44, 49: 554, 50: 792, 51: 428, 52: 666, 53: 156, 54: 394, 55: 100, 56: 338, 57: 652, 58: 414, 59: 100, 60: 338, 61: 324, 62: 86, 63: 156, 64: 394, 65: 666, 66: 428, 67: 792, 68: 554, 69: 86, 70: 324, 71: 484, 72: 722, 73: 142, 74: 380, 75: 792, 76: 554, 77: 156, 78: 394, 79: 142, 80: 380, 81: 554, 82: 792, 83: 456, 84: 694, 85: 540, 86: 778, 87: 652, 88: 414, 89: 282, 90: 44, 91: 652, 92: 414, 93: 44, 94: 282, 95: 30, 96: 268, 97: 478, 98: 240, 99: 478, 100: 240, 101: 16, 102: 254, 103: 484, 104: 722, 105: 338, 106: 100, 107: 554, 108: 792, 109: 394, 110: 156, 111: 540, 112: 778, 113: 86, 114: 324, 115: 142, 116: 380, 117: 282, 118: 44, 119: 666, 120: 428, 121: 380, 122: 142, 123: 44, 124: 282, 125: 540, 126: 778, 127: 540, 128: 778, 129: 282, 130: 44, 131: 240, 132: 478, 133: 428, 134: 666, 135: 484, 136: 722, 137: 268, 138: 30, 139: 652, 140: 414, 141: 484, 142: 722, 143: 484, 144: 722, 145: 86, 146: 324, 147: 156, 148: 394, 149: 86, 150: 324, 151: 30, 152: 268, 153: 156, 154: 394, 155: 366, 156: 128, 157: 540, 158: 778, 159: 428, 160: 666, 161: 792, 162: 554, 163: 470, 164: 708, 165: 338, 166: 100, 167: 128, 168: 366, 169: 792, 170: 554, 171: 526, 172: 764, 173: 428, 174: 666, 175: 414, 176: 652, 177: 792, 178: 554, 179: 170, 180: 408, 181: 792, 182: 554, 183: 540, 184: 778, 185: 338, 186: 100, 187: 484, 188: 722, 189: 484, 190: 722, 191: 540, 192: 778, 193: 414, 194: 652, 195: 338, 196: 100, 197: 764, 198: 526, 199: 484, 200: 722}
Number of lables used:  36
Time taken: 0.34 seconds
Memory used: 30.80 MB
--------------------------------------------------

Trying with at most 35 labels...
Solution:
{1: 540, 2: 778, 3: 114, 4: 352, 5: 414, 6: 652, 7: 254, 8: 16, 9: 30, 10: 268, 11: 380, 12: 142, 13: 142, 14: 380, 15: 30, 16: 268, 17: 380, 18: 142, 19: 694, 20: 456, 21: 456, 22: 694, 23: 778, 24: 540, 25: 282, 26: 44, 27: 30, 28: 268, 29: 652, 30: 414, 31: 352, 32: 114, 33: 380, 34: 142, 35: 456, 36: 694, 37: 114, 38: 352, 39: 142, 40: 380, 41: 72, 42: 310, 43: 722, 44: 484, 45: 484, 46: 722, 47: 282, 48: 44, 49: 414, 50: 652, 51: 736, 52: 498, 53: 792, 54: 554, 55: 414, 56: 652, 57: 30, 58: 268, 59: 72, 60: 310, 61: 254, 62: 16, 63: 456, 64: 694, 65: 16, 66: 254, 67: 792, 68: 554, 69: 456, 70: 694, 71: 114, 72: 352, 73: 142, 74: 380, 75: 792, 76: 554, 77: 156, 78: 394, 79: 72, 80: 310, 81: 554, 82: 792, 83: 414, 84: 652, 85: 540, 86: 778, 87: 652, 88: 414, 89: 554, 90: 792, 91: 652, 92: 414, 93: 44, 94: 282, 95: 352, 96: 114, 97: 408, 98: 170, 99: 478, 100: 240, 101: 114, 102: 352, 103: 484, 104: 722, 105: 352, 106: 114, 107: 554, 108: 792, 109: 282, 110: 44, 111: 540, 112: 778, 113: 44, 114: 282, 115: 380, 116: 142, 117: 282, 118: 44, 119: 310, 120: 72, 121: 380, 122: 142, 123: 380, 124: 142, 125: 540, 126: 778, 127: 792, 128: 554, 129: 310, 130: 72, 131: 240, 132: 478, 133: 764, 134: 526, 135: 792, 136: 554, 137: 414, 138: 652, 139: 652, 140: 414, 141: 456, 142: 694, 143: 156, 144: 394, 145: 30, 146: 268, 147: 484, 148: 722, 149: 72, 150: 310, 151: 394, 152: 156, 153: 16, 154: 254, 155: 352, 156: 114, 157: 498, 158: 736, 159: 414, 160: 652, 161: 778, 162: 540, 163: 456, 164: 694, 165: 254, 166: 16, 167: 652, 168: 414, 169: 736, 170: 498, 171: 764, 172: 526, 173: 764, 174: 526, 175: 268, 176: 30, 177: 792, 178: 554, 179: 240, 180: 478, 181: 722, 182: 484, 183: 540, 184: 778, 185: 282, 186: 44, 187: 156, 188: 394, 189: 736, 190: 498, 191: 352, 192: 114, 193: 554, 194: 792, 195: 310, 196: 72, 197: 694, 198: 456, 199: 778, 200: 540}
Number of lables used:  32
Time taken: 0.35 seconds
Memory used: 30.82 MB
--------------------------------------------------

Trying with at most 31 labels...
Solution:
{1: 442, 2: 680, 3: 114, 4: 352, 5: 156, 6: 394, 7: 254, 8: 16, 9: 16, 10: 254, 11: 380, 12: 142, 13: 142, 14: 380, 15: 30, 16: 268, 17: 380, 18: 142, 19: 526, 20: 764, 21: 442, 22: 680, 23: 764, 24: 526, 25: 282, 26: 44, 27: 30, 28: 268, 29: 666, 30: 428, 31: 352, 32: 114, 33: 380, 34: 142, 35: 442, 36: 680, 37: 114, 38: 352, 39: 142, 40: 380, 41: 72, 42: 310, 43: 722, 44: 484, 45: 484, 46: 722, 47: 268, 48: 30, 49: 792, 50: 554, 51: 722, 52: 484, 53: 792, 54: 554, 55: 428, 56: 666, 57: 30, 58: 268, 59: 72, 60: 310, 61: 254, 62: 16, 63: 442, 64: 680, 65: 16, 66: 254, 67: 792, 68: 554, 69: 428, 70: 666, 71: 114, 72: 352, 73: 114, 74: 352, 75: 792, 76: 554, 77: 142, 78: 380, 79: 72, 80: 310, 81: 554, 82: 792, 83: 764, 84: 526, 85: 498, 86: 736, 87: 156, 88: 394, 89: 554, 90: 792, 91: 792, 92: 554, 93: 44, 94: 282, 95: 352, 96: 114, 97: 408, 98: 170, 99: 478, 100: 240, 101: 114, 102: 352, 103: 484, 104: 722, 105: 352, 106: 114, 107: 554, 108: 792, 109: 282, 110: 44, 111: 526, 112: 764, 113: 44, 114: 282, 115: 380, 116: 142, 117: 282, 118: 44, 119: 310, 120: 72, 121: 380, 122: 142, 123: 380, 124: 142, 125: 666, 126: 428, 127: 764, 128: 526, 129: 310, 130: 72, 131: 240, 132: 478, 133: 764, 134: 526, 135: 792, 136: 554, 137: 352, 138: 114, 139: 554, 140: 792, 141: 442, 142: 680, 143: 156, 144: 394, 145: 30, 146: 268, 147: 442, 148: 680, 149: 44, 150: 282, 151: 352, 152: 114, 153: 16, 154: 254, 155: 352, 156: 114, 157: 498, 158: 736, 159: 736, 160: 498, 161: 764, 162: 526, 163: 792, 164: 554, 165: 254, 166: 16, 167: 484, 168: 722, 169: 736, 170: 498, 171: 764, 172: 526, 173: 764, 174: 526, 175: 268, 176: 30, 177: 666, 178: 428, 179: 240, 180: 478, 181: 722, 182: 484, 183: 428, 184: 666, 185: 282, 186: 44, 187: 156, 188: 394, 189: 736, 190: 498, 191: 352, 192: 114, 193: 554, 194: 792, 195: 310, 196: 72, 197: 722, 198: 484, 199: 764, 200: 526}
Number of lables used:  30
Time taken: 0.35 seconds
Memory used: 30.93 MB
--------------------------------------------------

Trying with at most 29 labels...
Solution:
{1: 442, 2: 680, 3: 114, 4: 352, 5: 156, 6: 394, 7: 254, 8: 16, 9: 16, 10: 254, 11: 380, 12: 142, 13: 142, 14: 380, 15: 30, 16: 268, 17: 380, 18: 142, 19: 526, 20: 764, 21: 442, 22: 680, 23: 764, 24: 526, 25: 282, 26: 44, 27: 30, 28: 268, 29: 666, 30: 428, 31: 352, 32: 114, 33: 380, 34: 142, 35: 442, 36: 680, 37: 114, 38: 352, 39: 142, 40: 380, 41: 72, 42: 310, 43: 722, 44: 484, 45: 484, 46: 722, 47: 268, 48: 30, 49: 792, 50: 554, 51: 722, 52: 484, 53: 792, 54: 554, 55: 394, 56: 156, 57: 30, 58: 268, 59: 72, 60: 310, 61: 254, 62: 16, 63: 442, 64: 680, 65: 16, 66: 254, 67: 792, 68: 554, 69: 428, 70: 666, 71: 114, 72: 352, 73: 114, 74: 352, 75: 792, 76: 554, 77: 142, 78: 380, 79: 72, 80: 310, 81: 554, 82: 792, 83: 764, 84: 526, 85: 498, 86: 736, 87: 156, 88: 394, 89: 554, 90: 792, 91: 792, 92: 554, 93: 44, 94: 282, 95: 352, 96: 114, 97: 380, 98: 142, 99: 478, 100: 240, 101: 114, 102: 352, 103: 484, 104: 722, 105: 352, 106: 114, 107: 554, 108: 792, 109: 282, 110: 44, 111: 526, 112: 764, 113: 44, 114: 282, 115: 380, 116: 142, 117: 282, 118: 44, 119: 310, 120: 72, 121: 380, 122: 142, 123: 554, 124: 792, 125: 666, 126: 428, 127: 764, 128: 526, 129: 310, 130: 72, 131: 240, 132: 478, 133: 764, 134: 526, 135: 792, 136: 554, 137: 352, 138: 114, 139: 554, 140: 792, 141: 442, 142: 680, 143: 156, 144: 394, 145: 30, 146: 268, 147: 442, 148: 680, 149: 44, 150: 282, 151: 352, 152: 114, 153: 16, 154: 254, 155: 352, 156: 114, 157: 498, 158: 736, 159: 736, 160: 498, 161: 764, 162: 526, 163: 792, 164: 554, 165: 254, 166: 16, 167: 484, 168: 722, 169: 736, 170: 498, 171: 764, 172: 526, 173: 764, 174: 526, 175: 268, 176: 30, 177: 666, 178: 428, 179: 240, 180: 478, 181: 722, 182: 484, 183: 428, 184: 666, 185: 282, 186: 44, 187: 156, 188: 394, 189: 736, 190: 498, 191: 352, 192: 114, 193: 554, 194: 792, 195: 310, 196: 72, 197: 722, 198: 484, 199: 764, 200: 526}
Number of lables used:  28
Time taken: 0.35 seconds
Memory used: 30.93 MB
--------------------------------------------------

Trying with at most 27 labels...
Solution:
{1: 72, 2: 310, 3: 114, 4: 352, 5: 652, 6: 414, 7: 114, 8: 352, 9: 414, 10: 652, 11: 478, 12: 240, 13: 680, 14: 442, 15: 16, 16: 254, 17: 142, 18: 380, 19: 680, 20: 442, 21: 540, 22: 778, 23: 736, 24: 498, 25: 498, 26: 736, 27: 72, 28: 310, 29: 722, 30: 484, 31: 352, 32: 114, 33: 484, 34: 722, 35: 442, 36: 680, 37: 680, 38: 442, 39: 72, 40: 310, 41: 114, 42: 352, 43: 72, 44: 310, 45: 484, 46: 722, 47: 352, 48: 114, 49: 736, 50: 498, 51: 778, 52: 540, 53: 142, 54: 380, 55: 380, 56: 142, 57: 296, 58: 58, 59: 72, 60: 310, 61: 254, 62: 16, 63: 414, 64: 652, 65: 16, 66: 254, 67: 414, 68: 652, 69: 58, 70: 296, 71: 114, 72: 352, 73: 114, 74: 352, 75: 72, 76: 310, 77: 58, 78: 296, 79: 142, 80: 380, 81: 526, 82: 764, 83: 16, 84: 254, 85: 498, 86: 736, 87: 142, 88: 380, 89: 540, 90: 778, 91: 680, 92: 442, 93: 16, 94: 254, 95: 778, 96: 540, 97: 240, 98: 478, 99: 478, 100: 240, 101: 652, 102: 414, 103: 442, 104: 680, 105: 352, 106: 114, 107: 310, 108: 72, 109: 540, 110: 778, 111: 498, 112: 736, 113: 58, 114: 296, 115: 16, 116: 254, 117: 142, 118: 380, 119: 72, 120: 310, 121: 380, 122: 142, 123: 498, 124: 736, 125: 778, 126: 540, 127: 680, 128: 442, 129: 442, 130: 680, 131: 240, 132: 478, 133: 296, 134: 58, 135: 778, 136: 540, 137: 352, 138: 114, 139: 114, 140: 352, 141: 778, 142: 540, 143: 16, 144: 254, 145: 16, 146: 254, 147: 540, 148: 778, 149: 16, 150: 254, 151: 114, 152: 352, 153: 296, 154: 58, 155: 296, 156: 58, 157: 142, 158: 380, 159: 442, 160: 680, 161: 778, 162: 540, 163: 526, 164: 764, 165: 16, 166: 254, 167: 484, 168: 722, 169: 442, 170: 680, 171: 736, 172: 498, 173: 142, 174: 380, 175: 58, 176: 296, 177: 16, 178: 254, 179: 170, 180: 408, 181: 778, 182: 540, 183: 498, 184: 736, 185: 296, 186: 58, 187: 114, 188: 352, 189: 736, 190: 498, 191: 352, 192: 114, 193: 442, 194: 680, 195: 380, 196: 142, 197: 484, 198: 722, 199: 680, 200: 442}
Number of lables used:  26
Time taken: 0.37 seconds
Memory used: 30.96 MB
--------------------------------------------------

Trying with at most 25 labels...
Solution:
{1: 708, 2: 470, 3: 58, 4: 296, 5: 30, 6: 268, 7: 30, 8: 268, 9: 142, 10: 380, 11: 240, 12: 478, 13: 792, 14: 554, 15: 680, 16: 442, 17: 240, 18: 478, 19: 268, 20: 30, 21: 680, 22: 442, 23: 156, 24: 394, 25: 86, 26: 324, 27: 680, 28: 442, 29: 708, 30: 470, 31: 554, 32: 792, 33: 442, 34: 680, 35: 470, 36: 708, 37: 680, 38: 442, 39: 30, 40: 268, 41: 254, 42: 16, 43: 58, 44: 296, 45: 128, 46: 366, 47: 366, 48: 128, 49: 680, 50: 442, 51: 722, 52: 484, 53: 142, 54: 380, 55: 324, 56: 86, 57: 296, 58: 58, 59: 58, 60: 296, 61: 324, 62: 86, 63: 708, 64: 470, 65: 554, 66: 792, 67: 268, 68: 30, 69: 142, 70: 380, 71: 86, 72: 324, 73: 156, 74: 394, 75: 722, 76: 484, 77: 142, 78: 380, 79: 142, 80: 380, 81: 792, 82: 554, 83: 254, 84: 16, 85: 366, 86: 128, 87: 142, 88: 380, 89: 554, 90: 792, 91: 156, 92: 394, 93: 16, 94: 254, 95: 442, 96: 680, 97: 380, 98: 142, 99: 142, 100: 380, 101: 16, 102: 254, 103: 268, 104: 30, 105: 324, 106: 86, 107: 484, 108: 722, 109: 296, 110: 58, 111: 442, 112: 680, 113: 792, 114: 554, 115: 16, 116: 254, 117: 142, 118: 380, 119: 30, 120: 268, 121: 240, 122: 478, 123: 484, 124: 722, 125: 442, 126: 680, 127: 792, 128: 554, 129: 792, 130: 554, 131: 478, 132: 240, 133: 324, 134: 86, 135: 394, 136: 156, 137: 680, 138: 442, 139: 792, 140: 554, 141: 296, 142: 58, 143: 128, 144: 366, 145: 792, 146: 554, 147: 484, 148: 722, 149: 324, 150: 86, 151: 86, 152: 324, 153: 680, 154: 442, 155: 470, 156: 708, 157: 442, 158: 680, 159: 268, 160: 30, 161: 554, 162: 792, 163: 58, 164: 296, 165: 394, 166: 156, 167: 792, 168: 554, 169: 296, 170: 58, 171: 708, 172: 470, 173: 128, 174: 366, 175: 58, 176: 296, 177: 394, 178: 156, 179: 380, 180: 142, 181: 156, 182: 394, 183: 722, 184: 484, 185: 324, 186: 86, 187: 128, 188: 366, 189: 708, 190: 470, 191: 128, 192: 366, 193: 554, 194: 792, 195: 254, 196: 16, 197: 484, 198: 722, 199: 128, 200: 366}
Number of lables used:  24
Time taken: 0.38 seconds
Memory used: 30.96 MB
--------------------------------------------------

Trying with at most 23 labels...
Solution:
{1: 484, 2: 722, 3: 30, 4: 268, 5: 16, 6: 254, 7: 30, 8: 268, 9: 86, 10: 324, 11: 240, 12: 478, 13: 442, 14: 680, 15: 442, 16: 680, 17: 240, 18: 478, 19: 268, 20: 30, 21: 680, 22: 442, 23: 156, 24: 394, 25: 268, 26: 30, 27: 680, 28: 442, 29: 792, 30: 554, 31: 554, 32: 792, 33: 442, 34: 680, 35: 100, 36: 338, 37: 100, 38: 338, 39: 30, 40: 268, 41: 254, 42: 16, 43: 722, 44: 484, 45: 394, 46: 156, 47: 380, 48: 142, 49: 680, 50: 442, 51: 722, 52: 484, 53: 142, 54: 380, 55: 296, 56: 58, 57: 268, 58: 30, 59: 58, 60: 296, 61: 324, 62: 86, 63: 722, 64: 484, 65: 554, 66: 792, 67: 100, 68: 338, 69: 142, 70: 380, 71: 86, 72: 324, 73: 156, 74: 394, 75: 792, 76: 554, 77: 142, 78: 380, 79: 30, 80: 268, 81: 792, 82: 554, 83: 442, 84: 680, 85: 324, 86: 86, 87: 142, 88: 380, 89: 554, 90: 792, 91: 156, 92: 394, 93: 484, 94: 722, 95: 156, 96: 394, 97: 380, 98: 142, 99: 142, 100: 380, 101: 16, 102: 254, 103: 268, 104: 30, 105: 296, 106: 58, 107: 484, 108: 722, 109: 296, 110: 58, 111: 442, 112: 680, 113: 792, 114: 554, 115: 16, 116: 254, 117: 142, 118: 380, 119: 30, 120: 268, 121: 240, 122: 478, 123: 484, 124: 722, 125: 442, 126: 680, 127: 792, 128: 554, 129: 792, 130: 554, 131: 380, 132: 142, 133: 86, 134: 324, 135: 394, 136: 156, 137: 680, 138: 442, 139: 792, 140: 554, 141: 296, 142: 58, 143: 142, 144: 380, 145: 792, 146: 554, 147: 484, 148: 722, 149: 324, 150: 86, 151: 86, 152: 324, 153: 722, 154: 484, 155: 484, 156: 722, 157: 442, 158: 680, 159: 254, 160: 16, 161: 554, 162: 792, 163: 30, 164: 268, 165: 394, 166: 156, 167: 792, 168: 554, 169: 296, 170: 58, 171: 680, 172: 442, 173: 296, 174: 58, 175: 58, 176: 296, 177: 394, 178: 156, 179: 380, 180: 142, 181: 156, 182: 394, 183: 680, 184: 442, 185: 30, 186: 268, 187: 142, 188: 380, 189: 86, 190: 324, 191: 142, 192: 380, 193: 554, 194: 792, 195: 16, 196: 254, 197: 484, 198: 722, 199: 86, 200: 324}
Number of lables used:  22
Time taken: 0.38 seconds
Memory used: 30.96 MB
--------------------------------------------------

Trying with at most 21 labels...
Solution:
{1: 456, 2: 694, 3: 414, 4: 652, 5: 86, 6: 324, 7: 380, 8: 142, 9: 652, 10: 414, 11: 240, 12: 478, 13: 16, 14: 254, 15: 414, 16: 652, 17: 380, 18: 142, 19: 554, 20: 792, 21: 86, 22: 324, 23: 652, 24: 414, 25: 324, 26: 86, 27: 652, 28: 414, 29: 792, 30: 554, 31: 16, 32: 254, 33: 380, 34: 142, 35: 338, 36: 100, 37: 142, 38: 380, 39: 100, 40: 338, 41: 100, 42: 338, 43: 456, 44: 694, 45: 254, 46: 16, 47: 792, 48: 554, 49: 652, 50: 414, 51: 694, 52: 456, 53: 142, 54: 380, 55: 380, 56: 142, 57: 554, 58: 792, 59: 86, 60: 324, 61: 254, 62: 16, 63: 456, 64: 694, 65: 792, 66: 554, 67: 86, 68: 324, 69: 324, 70: 86, 71: 338, 72: 100, 73: 792, 74: 554, 75: 554, 76: 792, 77: 86, 78: 324, 79: 100, 80: 338, 81: 792, 82: 554, 83: 414, 84: 652, 85: 694, 86: 456, 87: 16, 88: 254, 89: 456, 90: 694, 91: 694, 92: 456, 93: 456, 94: 694, 95: 324, 96: 86, 97: 240, 98: 478, 99: 478, 100: 240, 101: 792, 102: 554, 103: 694, 104: 456, 105: 254, 106: 16, 107: 414, 108: 652, 109: 456, 110: 694, 111: 142, 112: 380, 113: 652, 114: 414, 115: 16, 116: 254, 117: 338, 118: 100, 119: 338, 120: 100, 121: 380, 122: 142, 123: 414, 124: 652, 125: 100, 126: 338, 127: 652, 128: 414, 129: 456, 130: 694, 131: 478, 132: 240, 133: 100, 134: 338, 135: 100, 136: 338, 137: 142, 138: 380, 139: 792, 140: 554, 141: 456, 142: 694, 143: 338, 144: 100, 145: 792, 146: 554, 147: 694, 148: 456, 149: 324, 150: 86, 151: 792, 152: 554, 153: 792, 154: 554, 155: 414, 156: 652, 157: 86, 158: 324, 159: 16, 160: 254, 161: 792, 162: 554, 163: 380, 164: 142, 165: 16, 166: 254, 167: 254, 168: 16, 169: 792, 170: 554, 171: 554, 172: 792, 173: 142, 174: 380, 175: 456, 176: 694, 177: 380, 178: 142, 179: 380, 180: 142, 181: 86, 182: 324, 183: 324, 184: 86, 185: 694, 186: 456, 187: 16, 188: 254, 189: 100, 190: 338, 191: 324, 192: 86, 193: 142, 194: 380, 195: 380, 196: 142, 197: 792, 198: 554, 199: 86, 200: 324}
Number of lables used:  16
Time taken: 0.40 seconds
Memory used: 30.96 MB
--------------------------------------------------

Trying with at most 15 labels...
Solution:
{1: 338, 2: 100, 3: 30, 4: 268, 5: 16, 6: 254, 7: 16, 8: 254, 9: 254, 10: 16, 11: 240, 12: 478, 13: 16, 14: 254, 15: 792, 16: 554, 17: 380, 18: 142, 19: 554, 20: 792, 21: 694, 22: 456, 23: 792, 24: 554, 25: 268, 26: 30, 27: 792, 28: 554, 29: 694, 30: 456, 31: 338, 32: 100, 33: 142, 34: 380, 35: 380, 36: 142, 37: 792, 38: 554, 39: 142, 40: 380, 41: 100, 42: 338, 43: 338, 44: 100, 45: 792, 46: 554, 47: 30, 48: 268, 49: 142, 50: 380, 51: 268, 52: 30, 53: 142, 54: 380, 55: 142, 56: 380, 57: 30, 58: 268, 59: 100, 60: 338, 61: 268, 62: 30, 63: 456, 64: 694, 65: 30, 66: 268, 67: 100, 68: 338, 69: 30, 70: 268, 71: 694, 72: 456, 73: 694, 74: 456, 75: 694, 76: 456, 77: 380, 78: 142, 79: 30, 80: 268, 81: 16, 82: 254, 83: 380, 84: 142, 85: 456, 86: 694, 87: 16, 88: 254, 89: 456, 90: 694, 91: 792, 92: 554, 93: 554, 94: 792, 95: 142, 96: 380, 97: 478, 98: 240, 99: 478, 100: 240, 101: 554, 102: 792, 103: 142, 104: 380, 105: 338, 106: 100, 107: 792, 108: 554, 109: 380, 110: 142, 111: 338, 112: 100, 113: 792, 114: 554, 115: 380, 116: 142, 117: 100, 118: 338, 119: 100, 120: 338, 121: 380, 122: 142, 123: 792, 124: 554, 125: 100, 126: 338, 127: 456, 128: 694, 129: 456, 130: 694, 131: 142, 132: 380, 133: 380, 134: 142, 135: 100, 136: 338, 137: 268, 138: 30, 139: 694, 140: 456, 141: 268, 142: 30, 143: 100, 144: 338, 145: 694, 146: 456, 147: 792, 148: 554, 149: 268, 150: 30, 151: 142, 152: 380, 153: 792, 154: 554, 155: 554, 156: 792, 157: 456, 158: 694, 159: 254, 160: 16, 161: 694, 162: 456, 163: 30, 164: 268, 165: 254, 166: 16, 167: 456, 168: 694, 169: 142, 170: 380, 171: 792, 172: 554, 173: 268, 174: 30, 175: 30, 176: 268, 177: 30, 178: 268, 179: 478, 180: 240, 181: 100, 182: 338, 183: 338, 184: 100, 185: 792, 186: 554, 187: 254, 188: 16, 189: 456, 190: 694, 191: 338, 192: 100, 193: 554, 194: 792, 195: 100, 196: 338, 197: 694, 198: 456, 199: 792, 200: 554}
Number of lables used:  14
Time taken: 0.53 seconds
Memory used: 33.98 MB
--------------------------------------------------

Trying with at most 13 labels...
Cannot find solution.
No more solutions found.
Optimal number of labels used:  14
Time taken: 1.11 seconds
Memory used: 38.36 MB
[runlim] end:			Wed Mar 25 21:28:10 2026
[runlim] status:		ok
[runlim] result:		0
[runlim] children:		1
[runlim] processes:		2
[runlim] real:			1.16 seconds
[runlim] time:			1.10 seconds
[runlim] space:			38 MB
[runlim] load:			1.09 maximum
[runlim] samples:		12
