[runlim] version:		2.0.0rc12
[runlim] host:			ap-Precision-7550
[runlim] time limit:		311040000 seconds
[runlim] real time limit:	600 seconds
[runlim] space limit:		14000 MB
[runlim] argv[0]:		python3
[runlim] argv[1]:		-u
[runlim] argv[2]:		mip_no.py
[runlim] argv[3]:		scen02
[runlim] start:			Wed Mar 25 01:52:28 2026
[runlim] child:			67684
--- Building MIP model for 200 variables ---
--- Solving with CPLEX MIP ---
Version identifier: 22.1.1.0 | 2022-11-28 | 9160aff4d
CPXPARAM_Read_DataCheck                          1
CPXPARAM_MIP_Tolerances_MIPGap                   0
Legacy callback                                  i
Tried aggregator 1 time.
MIP Presolve eliminated 174579 rows and 0 columns.
MIP Presolve modified 20368 coefficients.
Reduced MIP has 24878 rows, 8048 columns, and 198383 nonzeros.
Reduced MIP has 8048 binaries, 0 generals, 0 SOSs, and 0 indicators.
Presolve time = 0.68 sec. (704.91 ticks)
Found incumbent of value 44.000000 after 0.98 sec. (1089.75 ticks)
Probing changed sense of 4002 constraints.
Probing time = 0.04 sec. (10.38 ticks)
Tried aggregator 1 time.
MIP Presolve eliminated 9337 rows and 4039 columns.
MIP Presolve modified 11699 coefficients.
Reduced MIP has 15541 rows, 4009 columns, and 175816 nonzeros.
Reduced MIP has 4009 binaries, 0 generals, 0 SOSs, and 0 indicators.
Presolve time = 0.62 sec. (709.30 ticks)
Probing time = 0.01 sec. (2.60 ticks)
Tried aggregator 1 time.
Detecting symmetries...
Reduced MIP has 15541 rows, 4009 columns, and 175816 nonzeros.
Reduced MIP has 4009 binaries, 0 generals, 0 SOSs, and 0 indicators.
Presolve time = 0.20 sec. (229.80 ticks)
Probing time = 0.01 sec. (2.77 ticks)
Clique table members: 15541.
MIP emphasis: balance optimality and feasibility.
MIP search method: dynamic search.
Parallel mode: deterministic, using up to 12 threads.
Root relaxation solution time = 1.90 sec. (1490.63 ticks)

        Nodes                                         Cuts/
   Node  Left     Objective  IInf  Best Integer    Best Bound    ItCnt     Gap

*     0+    0                           44.0000        0.0000           100.00%
*     0+    0                           20.0000        0.0000           100.00%
*     0+    0                           18.0000        0.0000           100.00%
*     0+    0                           16.0000        0.0000           100.00%
*     0+    0                           14.0000        0.0000           100.00%
      0     0       13.0000   333       14.0000       13.0000    10448    7.14%

Num labels used: 14
Current incumbent solution: {30, 58, 114, 268, 296, 352, 428, 442, 498, 526, 666, 680, 736, 764}}
Time taken: 4.58s

Num labels used: 14
Current incumbent solution: {30, 58, 114, 268, 296, 352, 428, 442, 498, 526, 666, 680, 736, 764}}
Time taken: 4.67s

Num labels used: 14
Current incumbent solution: {30, 58, 114, 268, 296, 352, 428, 442, 498, 526, 666, 680, 736, 764}}
Time taken: 5.54s
      0     0       13.0000    95       14.0000       Cuts: 3    10868    7.14%

Num labels used: 14
Current incumbent solution: {30, 58, 114, 268, 296, 352, 428, 442, 498, 526, 666, 680, 736, 764}}
Time taken: 5.55s

Num labels used: 14
Current incumbent solution: {30, 58, 114, 268, 296, 352, 428, 442, 498, 526, 666, 680, 736, 764}}
Time taken: 5.79s
      0     0       13.0000   180       14.0000      Cuts: 52    11236    7.14%

Num labels used: 14
Current incumbent solution: {30, 58, 114, 268, 296, 352, 428, 442, 498, 526, 666, 680, 736, 764}}
Time taken: 5.80s

Num labels used: 14
Current incumbent solution: {30, 58, 114, 268, 296, 352, 428, 442, 498, 526, 666, 680, 736, 764}}
Time taken: 9.59s
      0     2       13.0000    20       14.0000       13.0000    11236    7.14%
Elapsed time = 8.86 sec. (8954.71 ticks, tree = 0.02 MB, solutions = 5)

Num labels used: 14
Current incumbent solution: {30, 58, 114, 268, 296, 352, 428, 442, 498, 526, 666, 680, 736, 764}}
Time taken: 9.62s
[runlim] sample:		25.93 time, 10.01 real, 380 MB, 1.99 load
[runlim] sample:		85.91 time, 20.02 real, 410 MB, 2.61 load
[runlim] sample:		145.89 time, 30.02 real, 410 MB, 3.13 load
[runlim] sample:		205.88 time, 40.02 real, 416 MB, 3.57 load
[runlim] sample:		265.86 time, 50.02 real, 416 MB, 3.95 load
[runlim] sample:		325.83 time, 60.02 real, 416 MB, 4.26 load
[runlim] sample:		385.82 time, 70.02 real, 416 MB, 4.53 load
[runlim] sample:		445.81 time, 80.02 real, 416 MB, 4.76 load
[runlim] sample:		505.79 time, 90.02 real, 416 MB, 4.95 load
[runlim] sample:		565.76 time, 100.02 real, 416 MB, 5.11 load
[runlim] sample:		625.75 time, 110.02 real, 416 MB, 5.25 load
[runlim] sample:		685.74 time, 120.02 real, 416 MB, 5.36 load
      4     6       13.0000    38       14.0000       13.0000    11710    7.14%
[runlim] sample:		746.03 time, 130.02 real, 428 MB, 5.46 load
      5     7       13.0000   342       14.0000       13.0000    78956    7.14%
[runlim] sample:		814.51 time, 140.02 real, 437 MB, 5.70 load
[runlim] sample:		893.79 time, 150.02 real, 458 MB, 5.91 load
      6     6       13.0000   365       14.0000       13.0000    81469    7.14%
[runlim] sample:		971.13 time, 160.02 real, 459 MB, 6.31 load
[runlim] sample:		1050.52 time, 170.02 real, 477 MB, 6.58 load
      7     5       13.0000   521       14.0000       13.0000    72194    7.14%

Num labels used: 14
Current incumbent solution: {30, 58, 114, 268, 296, 352, 428, 442, 498, 526, 666, 680, 736, 764}}
Time taken: 171.83s
[runlim] sample:		1156.92 time, 180.02 real, 513 MB, 7.11 load
[runlim] sample:		1266.82 time, 190.02 real, 521 MB, 7.71 load
      8     7       13.0000   559       14.0000       13.0000    87322    7.14%
[runlim] sample:		1376.68 time, 200.02 real, 526 MB, 8.21 load
[runlim] sample:		1484.00 time, 210.02 real, 530 MB, 8.64 load
[runlim] sample:		1583.95 time, 220.02 real, 530 MB, 8.85 load
[runlim] sample:		1681.44 time, 230.02 real, 530 MB, 9.10 load
[runlim] sample:		1761.42 time, 240.02 real, 530 MB, 8.93 load
     10     6    infeasible             14.0000       13.0000   104547    7.14%
     11     4       13.0000   124       14.0000       13.0000    12814    7.14%
[runlim] sample:		1849.36 time, 250.02 real, 532 MB, 8.79 load
[runlim] sample:		1966.81 time, 260.02 real, 532 MB, 9.36 load
     13    12       13.0000   153       14.0000       13.0000   388813    7.14%
[runlim] sample:		2082.43 time, 270.02 real, 532 MB, 9.68 load
     14     7    infeasible             14.0000       13.0000   175241    7.14%
     16    14       13.0000    71       14.0000       13.0000   448067    7.14%
Elapsed time = 276.92 sec. (83591.71 ticks, tree = 0.26 MB, solutions = 5)
[runlim] sample:		2198.34 time, 280.02 real, 532 MB, 9.96 load
[runlim] sample:		2316.89 time, 290.02 real, 532 MB, 10.20 load
     18    16       13.0000    73       14.0000       13.0000   452843    7.14%
[runlim] sample:		2435.91 time, 300.02 real, 532 MB, 10.48 load
[runlim] sample:		2548.83 time, 310.02 real, 532 MB, 10.63 load
[runlim] sample:		2658.69 time, 320.02 real, 532 MB, 10.69 load
[runlim] sample:		2777.17 time, 330.02 real, 532 MB, 10.82 load

Num labels used: 14
Current incumbent solution: {30, 58, 114, 268, 296, 352, 428, 442, 498, 526, 666, 680, 736, 764}}
Time taken: 335.51s
     20    10       13.0000   461       14.0000       13.0000   239216    7.14%
     21    12       13.0000   399       14.0000       13.0000   390840    7.14%
[runlim] sample:		2896.11 time, 340.02 real, 532 MB, 11.00 load
[runlim] sample:		3015.19 time, 350.02 real, 532 MB, 11.15 load
     25    11    infeasible             14.0000       13.0000   435405    7.14%
[runlim] sample:		3134.18 time, 360.02 real, 534 MB, 11.36 load
[runlim] sample:		3253.25 time, 370.02 real, 534 MB, 11.46 load
[runlim] sample:		3372.23 time, 380.02 real, 534 MB, 11.71 load
     27    13       13.0000   416       14.0000       13.0000   440541    7.14%
[runlim] sample:		3491.30 time, 390.02 real, 537 MB, 11.75 load
[runlim] sample:		3610.21 time, 400.03 real, 540 MB, 11.79 load
[runlim] sample:		3729.18 time, 410.02 real, 540 MB, 11.82 load
     29    18       13.0000   500       14.0000       13.0000   475622    7.14%
[runlim] sample:		3848.15 time, 420.02 real, 540 MB, 11.85 load
[runlim] sample:		3967.27 time, 430.02 real, 544 MB, 11.87 load
     33    16       13.0000   409       14.0000       13.0000   474432    7.14%
     35    22       13.0000   173       14.0000       13.0000   482361    7.14%
[runlim] sample:		4085.29 time, 440.02 real, 544 MB, 11.89 load
     40    29       13.0000   114       14.0000       13.0000   591031    7.14%
[runlim] sample:		4203.02 time, 450.02 real, 544 MB, 11.92 load
     58    12       13.0000   494       14.0000       13.0000   420055    7.14%
Elapsed time = 450.58 sec. (109346.20 ticks, tree = 0.02 MB, solutions = 5)
     67    31       13.0000    38       14.0000       13.0000   600673    7.14%
[runlim] sample:		4322.09 time, 460.02 real, 544 MB, 11.93 load
     74    32       13.0000   248       14.0000       13.0000   603736    7.14%
     81    34       13.0000   244       14.0000       13.0000   608261    7.14%
[runlim] sample:		4441.02 time, 470.02 real, 547 MB, 11.94 load
     97    31       13.0000   211       14.0000       13.0000   678011    7.14%
[runlim] sample:		4559.87 time, 480.02 real, 547 MB, 11.95 load
    124    31    infeasible             14.0000       13.0000   680844    7.14%
    141    49       13.0000    93       14.0000       13.0000   622656    7.14%
[runlim] sample:		4671.47 time, 490.02 real, 547 MB, 12.03 load
    162    59       13.0000    48       14.0000       13.0000   651964    7.14%

Num labels used: 14
Current incumbent solution: {30, 58, 114, 268, 296, 352, 428, 442, 498, 526, 666, 680, 736, 764}}
Time taken: 493.09s
    184    34    infeasible             14.0000       13.0000   690990    7.14%
    197    54       13.0000    77       14.0000       13.0000   637424    7.14%
[runlim] sample:		4769.92 time, 500.02 real, 550 MB, 11.88 load
    223    34    infeasible             14.0000       13.0000   782877    7.14%
Elapsed time = 502.18 sec. (119296.07 ticks, tree = 0.90 MB, solutions = 5)
    268    59       13.0000   270       14.0000       13.0000   648900    7.14%
[runlim] sample:		4885.63 time, 510.02 real, 553 MB, 11.98 load
    304    33    infeasible             14.0000       13.0000   791025    7.14%
    372    36       13.0000   208       14.0000       13.0000   888077    7.14%
[runlim] sample:		4997.21 time, 520.02 real, 553 MB, 11.98 load
    430    36       13.0000   138       14.0000       13.0000   800506    7.14%
    501    76       13.0000   103       14.0000       13.0000  1019271    7.14%
[runlim] sample:		5102.69 time, 530.02 real, 554 MB, 11.75 load
    554    35       13.0000    88       14.0000       13.0000   845933    7.14%
    601    33    infeasible             14.0000       13.0000   729985    7.14%
[runlim] sample:		5206.75 time, 540.02 real, 554 MB, 11.48 load
    647    38       13.0000   206       14.0000       13.0000   724096    7.14%
    715    34       13.0000   169       14.0000       13.0000   735676    7.14%
[runlim] sample:		5311.02 time, 550.02 real, 554 MB, 11.41 load
    803    31    infeasible             14.0000       13.0000   782406    7.14%
Elapsed time = 551.40 sec. (129028.69 ticks, tree = 0.77 MB, solutions = 5)
    897    30    infeasible             14.0000       13.0000   740679    7.14%
    984    30    infeasible             14.0000       13.0000   742647    7.14%
[runlim] sample:		5400.02 time, 560.02 real, 556 MB, 11.11 load
   1058    36    infeasible             14.0000       13.0000   968383    7.14%
   1124    36    infeasible             14.0000       13.0000   971780    7.14%

Num labels used: 14
Current incumbent solution: {30, 58, 114, 268, 296, 352, 428, 442, 498, 526, 666, 680, 736, 764}}
Time taken: 565.37s
   1197   131       13.0000   136       14.0000       13.0000  1251236    7.14%
   1279   148    infeasible             14.0000       13.0000  1108164    7.14%
[runlim] sample:		5484.20 time, 570.02 real, 556 MB, 10.87 load
   1387    36    infeasible             14.0000       13.0000   980219    7.14%
   1473   150    infeasible             14.0000       13.0000  1118170    7.14%
   1537   143       13.0000   124       14.0000       13.0000  1158552    7.14%
[runlim] sample:		5571.57 time, 580.02 real, 556 MB, 10.58 load
   1654   130       13.0000   189       14.0000       13.0000  1289668    7.14%
Elapsed time = 579.46 sec. (138668.11 ticks, tree = 1.67 MB, solutions = 5)
   1773   129    infeasible             14.0000       13.0000  1292590    7.14%
   1901   130    infeasible             14.0000       13.0000  1295327    7.14%
   2007   169       13.0000    72       14.0000       13.0000  1457539    7.14%

Num labels used: 14
Current incumbent solution: {30, 58, 114, 268, 296, 352, 428, 442, 498, 526, 666, 680, 736, 764}}
Time taken: 585.28s
   2127   284       13.0000    36       14.0000       13.0000  1775096    7.14%
[runlim] sample:		5658.44 time, 590.02 real, 557 MB, 10.27 load
   2257   169    infeasible             14.0000       13.0000  1502941    7.14%
   2347   242       13.0000   192       14.0000       13.0000  1697661    7.14%
[runlim] sample:		5758.84 time, 600.02 real, 557 MB, 10.38 load
[runlim] end:			Wed Mar 25 02:02:29 2026
[runlim] status:		out of time
[runlim] result:		2
[runlim] children:		1
[runlim] processes:		2
[runlim] real:			601.08 seconds
[runlim] time:			5758.84 seconds
[runlim] space:			557 MB
[runlim] load:			12.06 maximum
[runlim] samples:		6000
