[runlim] version:		2.0.0rc12
[runlim] host:			ap-Precision-7550
[runlim] time limit:		311040000 seconds
[runlim] real time limit:	600 seconds
[runlim] space limit:		14000 MB
[runlim] argv[0]:		python3
[runlim] argv[1]:		-u
[runlim] argv[2]:		mip_no.py
[runlim] argv[3]:		TUD200.2
[runlim] start:			Wed Mar 25 02:55:20 2026
[runlim] child:			68250
--- Building MIP model for 200 variables ---
--- Solving with CPLEX MIP ---
Version identifier: 22.1.1.0 | 2022-11-28 | 9160aff4d
CPXPARAM_Read_DataCheck                          1
CPXPARAM_MIP_Tolerances_MIPGap                   0
Legacy callback                                  i
Tried aggregator 1 time.
MIP Presolve eliminated 675216 rows and 7606 columns.
MIP Presolve modified 29876 coefficients.
Reduced MIP has 230 rows, 122 columns, and 3163 nonzeros.
Reduced MIP has 122 binaries, 0 generals, 0 SOSs, and 0 indicators.
Presolve time = 0.38 sec. (634.79 ticks)
Found incumbent of value 48.000000 after 0.44 sec. (700.39 ticks)
Probing fixed 120 vars, tightened 0 bounds.
Probing time = 0.00 sec. (0.24 ticks)
Tried aggregator 1 time.
MIP Presolve eliminated 230 rows and 122 columns.
All rows and columns eliminated.
Presolve time = 0.00 sec. (0.19 ticks)

Root node processing (before b&c):
  Real time             =    0.44 sec. (702.55 ticks)
Parallel b&c, 12 threads:
  Real time             =    0.00 sec. (0.00 ticks)
  Sync time (average)   =    0.00 sec.
  Wait time (average)   =    0.00 sec.
                          ------------
Total (root+branch&cut) =    0.44 sec. (702.55 ticks)

==============================
FINAL INCUMBENT SOLUTION:
{708, 470, 778, 540, 16, 254, 16, 254, 30, 268, 86, 324, 680, 442, 16, 254, 240, 478, 114, 352, 156, 394, 708, 470, 16, 254, 16, 254, 722, 484, 764, 526, 792, 554, 16, 254, 680, 442, 722, 484, 16, 254, 652, 414, 666, 428, 16, 254, 114, 352, 736, 498, 240, 478, 708, 470, 652, 414, 694, 456, 16, 254, 170, 408, 750, 512, 792, 554, 86, 324, 44, 282, 652, 414, 128, 366, 652, 414, 680, 442, 792, 554, 792, 554, 128, 366, 16, 254, 128, 366, 764, 526, 792, 554, 750, 512, 142, 380, 722, 484, 114, 352, 16, 254, 156, 394, 764, 526, 30, 268, 792, 554, 708, 470, 652, 414, 778, 540, 170, 408, 16, 254, 708, 470, 792, 554, 16, 254, 792, 554, 44, 282, 792, 554, 16, 254, 156, 394, 30, 268, 156, 394, 778, 540, 86, 324, 750, 512, 652, 414, 666, 428, 30, 268, 792, 554, 680, 442, 792, 554, 142, 380, 16, 254, 86, 324, 792, 554, 16, 254, 666, 428, 666, 428, 792, 554, 722, 484, 652, 414, 58, 296, 792, 554, 792, 554, 86, 324, 72, 310, 142, 380, 792, 554, 680, 442, 16, 254, 792, 554}
Number of labels used: 46
Total time: 2.88s
Memory used: 145.39 MB
==============================
[runlim] end:			Wed Mar 25 02:55:23 2026
[runlim] status:		ok
[runlim] result:		0
[runlim] children:		1
[runlim] processes:		2
[runlim] real:			2.94 seconds
[runlim] time:			2.90 seconds
[runlim] space:			268 MB
[runlim] load:			1.82 maximum
[runlim] samples:		30
