[runlim] version:		2.0.0rc12
[runlim] host:			ap-Precision-7550
[runlim] time limit:		311040000 seconds
[runlim] real time limit:	600 seconds
[runlim] space limit:		14000 MB
[runlim] argv[0]:		python3
[runlim] argv[1]:		-u
[runlim] argv[2]:		pairwise.py
[runlim] argv[3]:		graph03
[runlim] argv[4]:		assumptions
[runlim] argv[5]:		1
[runlim] argv[6]:		card
[runlim] argv[7]:		1
[runlim] start:			Sat Jun 13 19:08:04 2026
[runlim] child:			16484
Exactly-one cardinality encoding:  1
Distance constraint mode:  card
Distance cardinality encoding:  1
Number of assignment variables:  7480
Number of clauses for exactly one constraints:  21840
Number of clauses for distance constraints:  1319403
---------------------------------------------------
Solve first problem:
Solution:
{1: 778, 2: 540, 3: 652, 4: 414, 5: 736, 6: 498, 7: 722, 8: 484, 9: 722, 10: 484, 11: 666, 12: 428, 13: 58, 14: 296, 15: 114, 16: 352, 17: 680, 18: 442, 19: 156, 20: 394, 21: 30, 22: 268, 23: 72, 24: 310, 25: 764, 26: 526, 27: 708, 28: 470, 29: 694, 30: 456, 31: 142, 32: 380, 33: 44, 34: 282, 35: 652, 36: 414, 37: 142, 38: 380, 39: 16, 40: 254, 41: 16, 42: 254, 43: 764, 44: 526, 45: 736, 46: 498, 47: 708, 48: 470, 49: 764, 50: 526, 51: 666, 52: 428, 53: 722, 54: 484, 55: 58, 56: 296, 57: 778, 58: 540, 59: 680, 60: 442, 61: 778, 62: 540, 63: 778, 64: 540, 65: 128, 66: 366, 67: 764, 68: 526, 69: 30, 70: 268, 71: 764, 72: 526, 73: 792, 74: 554, 75: 58, 76: 296, 77: 44, 78: 282, 79: 792, 80: 554, 81: 764, 82: 526, 83: 30, 84: 268, 85: 16, 86: 254, 87: 792, 88: 554, 89: 792, 90: 554, 91: 778, 92: 540, 93: 100, 94: 338, 95: 142, 96: 380, 97: 30, 98: 268, 99: 44, 100: 282, 101: 778, 102: 540, 103: 764, 104: 526, 105: 86, 106: 324, 107: 750, 108: 512, 109: 666, 110: 428, 111: 16, 112: 254, 113: 58, 114: 296, 115: 58, 116: 296, 117: 156, 118: 394, 119: 114, 120: 352, 121: 750, 122: 512, 123: 30, 124: 268, 125: 722, 126: 484, 127: 58, 128: 296, 129: 128, 130: 366, 131: 156, 132: 394, 133: 72, 134: 310, 135: 722, 136: 484, 137: 792, 138: 554, 139: 722, 140: 484, 141: 750, 142: 512, 143: 750, 144: 512, 145: 30, 146: 268, 147: 72, 148: 310, 149: 736, 150: 498, 151: 72, 152: 310, 153: 86, 154: 324, 155: 100, 156: 338, 157: 100, 158: 338, 159: 100, 160: 338, 161: 86, 162: 324, 163: 114, 164: 352, 165: 128, 166: 366, 167: 86, 168: 324, 169: 778, 170: 540, 171: 778, 172: 540, 173: 128, 174: 366, 175: 764, 176: 526, 177: 44, 178: 282, 179: 736, 180: 498, 181: 114, 182: 352, 183: 708, 184: 470, 185: 156, 186: 394, 187: 736, 188: 498, 189: 100, 190: 338, 191: 16, 192: 254, 193: 792, 194: 554, 195: 44, 196: 282, 197: 736, 198: 498, 199: 128, 200: 366}
Number of lables used:  44
Total time: 2.25 seconds
Memory used: 300.67 MB
--------------------------------------------------
Number of label variables:  48
Number of clauses for label constraints:  7458
Number of new variables for cardinality constraints:  1161
Number of clauses for cardinality constraints:  4558
Initial variable count:  465084
Initial clause count:  1353075
--------------------------------------------------

Trying with at most 43 labels...
Solution:
{1: 750, 2: 512, 3: 114, 4: 352, 5: 142, 6: 380, 7: 652, 8: 414, 9: 142, 10: 380, 11: 114, 12: 352, 13: 708, 14: 470, 15: 86, 16: 324, 17: 16, 18: 254, 19: 58, 20: 296, 21: 736, 22: 498, 23: 58, 24: 296, 25: 114, 26: 352, 27: 72, 28: 310, 29: 86, 30: 324, 31: 100, 32: 338, 33: 750, 34: 512, 35: 86, 36: 324, 37: 100, 38: 338, 39: 708, 40: 470, 41: 16, 42: 254, 43: 708, 44: 470, 45: 680, 46: 442, 47: 666, 48: 428, 49: 778, 50: 540, 51: 100, 52: 338, 53: 156, 54: 394, 55: 30, 56: 268, 57: 86, 58: 324, 59: 694, 60: 456, 61: 708, 62: 470, 63: 722, 64: 484, 65: 736, 66: 498, 67: 694, 68: 456, 69: 736, 70: 498, 71: 142, 72: 380, 73: 114, 74: 352, 75: 86, 76: 324, 77: 722, 78: 484, 79: 750, 80: 512, 81: 58, 82: 296, 83: 708, 84: 470, 85: 792, 86: 554, 87: 736, 88: 498, 89: 72, 90: 310, 91: 736, 92: 498, 93: 44, 94: 282, 95: 142, 96: 380, 97: 30, 98: 268, 99: 44, 100: 282, 101: 792, 102: 554, 103: 652, 104: 414, 105: 86, 106: 324, 107: 694, 108: 456, 109: 128, 110: 366, 111: 778, 112: 540, 113: 16, 114: 254, 115: 58, 116: 296, 117: 114, 118: 352, 119: 750, 120: 512, 121: 680, 122: 442, 123: 778, 124: 540, 125: 652, 126: 414, 127: 44, 128: 282, 129: 680, 130: 442, 131: 128, 132: 366, 133: 44, 134: 282, 135: 652, 136: 414, 137: 694, 138: 456, 139: 86, 140: 324, 141: 72, 142: 310, 143: 44, 144: 282, 145: 778, 146: 540, 147: 722, 148: 484, 149: 666, 150: 428, 151: 708, 152: 470, 153: 778, 154: 540, 155: 72, 156: 310, 157: 778, 158: 540, 159: 58, 160: 296, 161: 722, 162: 484, 163: 100, 164: 338, 165: 86, 166: 324, 167: 44, 168: 282, 169: 156, 170: 394, 171: 128, 172: 366, 173: 72, 174: 310, 175: 694, 176: 456, 177: 30, 178: 268, 179: 58, 180: 296, 181: 142, 182: 380, 183: 58, 184: 296, 185: 58, 186: 296, 187: 694, 188: 456, 189: 58, 190: 296, 191: 16, 192: 254, 193: 694, 194: 456, 195: 750, 196: 512, 197: 666, 198: 428, 199: 30, 200: 268}
Number of lables used:  42
Total time: 2.50 seconds
Memory used: 307.73 MB
--------------------------------------------------

Trying with at most 41 labels...
Solution:
{1: 750, 2: 512, 3: 114, 4: 352, 5: 142, 6: 380, 7: 652, 8: 414, 9: 142, 10: 380, 11: 114, 12: 352, 13: 708, 14: 470, 15: 86, 16: 324, 17: 30, 18: 268, 19: 58, 20: 296, 21: 736, 22: 498, 23: 58, 24: 296, 25: 114, 26: 352, 27: 72, 28: 310, 29: 86, 30: 324, 31: 100, 32: 338, 33: 750, 34: 512, 35: 86, 36: 324, 37: 100, 38: 338, 39: 708, 40: 470, 41: 30, 42: 268, 43: 708, 44: 470, 45: 680, 46: 442, 47: 666, 48: 428, 49: 778, 50: 540, 51: 100, 52: 338, 53: 156, 54: 394, 55: 30, 56: 268, 57: 86, 58: 324, 59: 694, 60: 456, 61: 708, 62: 470, 63: 722, 64: 484, 65: 736, 66: 498, 67: 694, 68: 456, 69: 736, 70: 498, 71: 142, 72: 380, 73: 114, 74: 352, 75: 86, 76: 324, 77: 722, 78: 484, 79: 750, 80: 512, 81: 666, 82: 428, 83: 708, 84: 470, 85: 792, 86: 554, 87: 736, 88: 498, 89: 72, 90: 310, 91: 736, 92: 498, 93: 44, 94: 282, 95: 142, 96: 380, 97: 44, 98: 282, 99: 44, 100: 282, 101: 792, 102: 554, 103: 652, 104: 414, 105: 708, 106: 470, 107: 694, 108: 456, 109: 128, 110: 366, 111: 778, 112: 540, 113: 792, 114: 554, 115: 58, 116: 296, 117: 114, 118: 352, 119: 750, 120: 512, 121: 680, 122: 442, 123: 778, 124: 540, 125: 652, 126: 414, 127: 44, 128: 282, 129: 680, 130: 442, 131: 128, 132: 366, 133: 44, 134: 282, 135: 652, 136: 414, 137: 694, 138: 456, 139: 86, 140: 324, 141: 72, 142: 310, 143: 44, 144: 282, 145: 778, 146: 540, 147: 722, 148: 484, 149: 666, 150: 428, 151: 708, 152: 470, 153: 778, 154: 540, 155: 72, 156: 310, 157: 778, 158: 540, 159: 58, 160: 296, 161: 722, 162: 484, 163: 100, 164: 338, 165: 86, 166: 324, 167: 44, 168: 282, 169: 156, 170: 394, 171: 128, 172: 366, 173: 72, 174: 310, 175: 694, 176: 456, 177: 30, 178: 268, 179: 680, 180: 442, 181: 142, 182: 380, 183: 58, 184: 296, 185: 58, 186: 296, 187: 694, 188: 456, 189: 58, 190: 296, 191: 750, 192: 512, 193: 694, 194: 456, 195: 44, 196: 282, 197: 666, 198: 428, 199: 30, 200: 268}
Number of lables used:  40
Total time: 2.55 seconds
Memory used: 307.73 MB
--------------------------------------------------

Trying with at most 39 labels...
Solution:
{1: 100, 2: 338, 3: 114, 4: 352, 5: 554, 6: 792, 7: 142, 8: 380, 9: 156, 10: 394, 11: 666, 12: 428, 13: 72, 14: 310, 15: 128, 16: 366, 17: 708, 18: 470, 19: 58, 20: 296, 21: 30, 22: 268, 23: 72, 24: 310, 25: 156, 26: 394, 27: 708, 28: 470, 29: 694, 30: 456, 31: 142, 32: 380, 33: 764, 34: 526, 35: 142, 36: 380, 37: 72, 38: 310, 39: 16, 40: 254, 41: 16, 42: 254, 43: 86, 44: 324, 45: 30, 46: 268, 47: 736, 48: 498, 49: 778, 50: 540, 51: 100, 52: 338, 53: 680, 54: 442, 55: 58, 56: 296, 57: 100, 58: 338, 59: 694, 60: 456, 61: 778, 62: 540, 63: 778, 64: 540, 65: 764, 66: 526, 67: 114, 68: 352, 69: 778, 70: 540, 71: 156, 72: 394, 73: 156, 74: 394, 75: 58, 76: 296, 77: 58, 78: 296, 79: 792, 80: 554, 81: 694, 82: 456, 83: 708, 84: 470, 85: 30, 86: 268, 87: 792, 88: 554, 89: 708, 90: 470, 91: 16, 92: 254, 93: 86, 94: 324, 95: 142, 96: 380, 97: 30, 98: 268, 99: 764, 100: 526, 101: 30, 102: 268, 103: 142, 104: 380, 105: 86, 106: 324, 107: 792, 108: 554, 109: 142, 110: 380, 111: 792, 112: 554, 113: 30, 114: 268, 115: 58, 116: 296, 117: 156, 118: 394, 119: 778, 120: 540, 121: 694, 122: 456, 123: 16, 124: 254, 125: 722, 126: 484, 127: 736, 128: 498, 129: 778, 130: 540, 131: 156, 132: 394, 133: 708, 134: 470, 135: 156, 136: 394, 137: 792, 138: 554, 139: 722, 140: 484, 141: 680, 142: 442, 143: 58, 144: 296, 145: 778, 146: 540, 147: 72, 148: 310, 149: 736, 150: 498, 151: 778, 152: 540, 153: 72, 154: 310, 155: 100, 156: 338, 157: 100, 158: 338, 159: 72, 160: 310, 161: 72, 162: 310, 163: 114, 164: 352, 165: 100, 166: 338, 167: 792, 168: 554, 169: 680, 170: 442, 171: 778, 172: 540, 173: 128, 174: 366, 175: 764, 176: 526, 177: 764, 178: 526, 179: 72, 180: 310, 181: 114, 182: 352, 183: 58, 184: 296, 185: 142, 186: 380, 187: 58, 188: 296, 189: 778, 190: 540, 191: 30, 192: 268, 193: 722, 194: 484, 195: 736, 196: 498, 197: 128, 198: 366, 199: 30, 200: 268}
Number of lables used:  38
Total time: 5.15 seconds
Memory used: 342.75 MB
--------------------------------------------------

Trying with at most 37 labels...
Solution:
{1: 100, 2: 338, 3: 156, 4: 394, 5: 142, 6: 380, 7: 156, 8: 394, 9: 694, 10: 456, 11: 156, 12: 394, 13: 72, 14: 310, 15: 128, 16: 366, 17: 708, 18: 470, 19: 58, 20: 296, 21: 30, 22: 268, 23: 100, 24: 338, 25: 114, 26: 352, 27: 114, 28: 352, 29: 128, 30: 366, 31: 142, 32: 380, 33: 736, 34: 498, 35: 142, 36: 380, 37: 708, 38: 470, 39: 16, 40: 254, 41: 30, 42: 268, 43: 100, 44: 338, 45: 72, 46: 310, 47: 736, 48: 498, 49: 44, 50: 282, 51: 694, 52: 456, 53: 156, 54: 394, 55: 736, 56: 498, 57: 750, 58: 512, 59: 666, 60: 428, 61: 750, 62: 512, 63: 30, 64: 268, 65: 72, 66: 310, 67: 114, 68: 352, 69: 44, 70: 282, 71: 156, 72: 394, 73: 156, 74: 394, 75: 72, 76: 310, 77: 58, 78: 296, 79: 30, 80: 268, 81: 750, 82: 512, 83: 44, 84: 282, 85: 30, 86: 268, 87: 30, 88: 268, 89: 86, 90: 324, 91: 16, 92: 254, 93: 750, 94: 512, 95: 142, 96: 380, 97: 750, 98: 512, 99: 750, 100: 512, 101: 30, 102: 268, 103: 156, 104: 394, 105: 694, 106: 456, 107: 114, 108: 352, 109: 750, 110: 512, 111: 30, 112: 268, 113: 30, 114: 268, 115: 736, 116: 498, 117: 156, 118: 394, 119: 736, 120: 498, 121: 666, 122: 428, 123: 30, 124: 268, 125: 694, 126: 456, 127: 750, 128: 512, 129: 128, 130: 366, 131: 156, 132: 394, 133: 86, 134: 324, 135: 156, 136: 394, 137: 128, 138: 366, 139: 708, 140: 470, 141: 736, 142: 498, 143: 72, 144: 310, 145: 30, 146: 268, 147: 86, 148: 324, 149: 708, 150: 470, 151: 44, 152: 282, 153: 30, 154: 268, 155: 100, 156: 338, 157: 86, 158: 324, 159: 708, 160: 470, 161: 86, 162: 324, 163: 128, 164: 366, 165: 100, 166: 338, 167: 30, 168: 268, 169: 750, 170: 512, 171: 142, 172: 380, 173: 114, 174: 352, 175: 736, 176: 498, 177: 58, 178: 296, 179: 86, 180: 324, 181: 128, 182: 366, 183: 750, 184: 512, 185: 750, 186: 512, 187: 58, 188: 296, 189: 750, 190: 512, 191: 30, 192: 268, 193: 72, 194: 310, 195: 58, 196: 296, 197: 142, 198: 380, 199: 30, 200: 268}
Number of lables used:  32
Total time: 5.91 seconds
Memory used: 347.71 MB
--------------------------------------------------

Trying with at most 31 labels...
Solution:
{1: 114, 2: 352, 3: 142, 4: 380, 5: 792, 6: 554, 7: 142, 8: 380, 9: 142, 10: 380, 11: 142, 12: 380, 13: 58, 14: 296, 15: 114, 16: 352, 17: 652, 18: 414, 19: 72, 20: 310, 21: 16, 22: 254, 23: 86, 24: 324, 25: 100, 26: 338, 27: 100, 28: 338, 29: 792, 30: 554, 31: 128, 32: 366, 33: 44, 34: 282, 35: 142, 36: 380, 37: 72, 38: 310, 39: 16, 40: 254, 41: 792, 42: 554, 43: 778, 44: 540, 45: 58, 46: 296, 47: 680, 48: 442, 49: 778, 50: 540, 51: 128, 52: 366, 53: 142, 54: 380, 55: 44, 56: 282, 57: 86, 58: 324, 59: 114, 60: 352, 61: 778, 62: 540, 63: 792, 64: 554, 65: 58, 66: 296, 67: 100, 68: 338, 69: 778, 70: 540, 71: 142, 72: 380, 73: 142, 74: 380, 75: 58, 76: 296, 77: 44, 78: 282, 79: 16, 80: 254, 81: 86, 82: 324, 83: 750, 84: 512, 85: 16, 86: 254, 87: 16, 88: 254, 89: 72, 90: 310, 91: 750, 92: 512, 93: 778, 94: 540, 95: 142, 96: 380, 97: 778, 98: 540, 99: 44, 100: 282, 101: 16, 102: 254, 103: 680, 104: 442, 105: 86, 106: 324, 107: 100, 108: 338, 109: 792, 110: 554, 111: 16, 112: 254, 113: 792, 114: 554, 115: 58, 116: 296, 117: 778, 118: 540, 119: 44, 120: 282, 121: 114, 122: 352, 123: 16, 124: 254, 125: 142, 126: 380, 127: 72, 128: 310, 129: 680, 130: 442, 131: 142, 132: 380, 133: 72, 134: 310, 135: 142, 136: 380, 137: 114, 138: 352, 139: 86, 140: 324, 141: 100, 142: 338, 143: 58, 144: 296, 145: 750, 146: 512, 147: 750, 148: 512, 149: 128, 150: 366, 151: 44, 152: 282, 153: 792, 154: 554, 155: 86, 156: 324, 157: 16, 158: 254, 159: 58, 160: 296, 161: 72, 162: 310, 163: 114, 164: 352, 165: 86, 166: 324, 167: 16, 168: 254, 169: 128, 170: 366, 171: 128, 172: 366, 173: 44, 174: 282, 175: 100, 176: 338, 177: 44, 178: 282, 179: 72, 180: 310, 181: 114, 182: 352, 183: 86, 184: 324, 185: 142, 186: 380, 187: 58, 188: 296, 189: 778, 190: 540, 191: 792, 192: 554, 193: 58, 194: 296, 195: 44, 196: 282, 197: 680, 198: 442, 199: 44, 200: 282}
Number of lables used:  28
Total time: 6.24 seconds
Memory used: 340.74 MB
--------------------------------------------------

Trying with at most 27 labels...
Solution:
{1: 114, 2: 352, 3: 554, 4: 792, 5: 792, 6: 554, 7: 142, 8: 380, 9: 142, 10: 380, 11: 142, 12: 380, 13: 778, 14: 540, 15: 114, 16: 352, 17: 114, 18: 352, 19: 72, 20: 310, 21: 16, 22: 254, 23: 86, 24: 324, 25: 100, 26: 338, 27: 100, 28: 338, 29: 778, 30: 540, 31: 128, 32: 366, 33: 44, 34: 282, 35: 142, 36: 380, 37: 72, 38: 310, 39: 792, 40: 554, 41: 16, 42: 254, 43: 86, 44: 324, 45: 58, 46: 296, 47: 86, 48: 324, 49: 30, 50: 268, 51: 540, 52: 778, 53: 554, 54: 792, 55: 44, 56: 282, 57: 86, 58: 324, 59: 554, 60: 792, 61: 86, 62: 324, 63: 16, 64: 254, 65: 58, 66: 296, 67: 100, 68: 338, 69: 30, 70: 268, 71: 142, 72: 380, 73: 142, 74: 380, 75: 792, 76: 554, 77: 778, 78: 540, 79: 16, 80: 254, 81: 86, 82: 324, 83: 30, 84: 268, 85: 16, 86: 254, 87: 16, 88: 254, 89: 72, 90: 310, 91: 792, 92: 554, 93: 30, 94: 268, 95: 142, 96: 380, 97: 778, 98: 540, 99: 44, 100: 282, 101: 16, 102: 254, 103: 142, 104: 380, 105: 86, 106: 324, 107: 100, 108: 338, 109: 142, 110: 380, 111: 16, 112: 254, 113: 792, 114: 554, 115: 58, 116: 296, 117: 142, 118: 380, 119: 44, 120: 282, 121: 778, 122: 540, 123: 792, 124: 554, 125: 142, 126: 380, 127: 72, 128: 310, 129: 114, 130: 352, 131: 142, 132: 380, 133: 72, 134: 310, 135: 142, 136: 380, 137: 114, 138: 352, 139: 86, 140: 324, 141: 100, 142: 338, 143: 778, 144: 540, 145: 30, 146: 268, 147: 778, 148: 540, 149: 128, 150: 366, 151: 44, 152: 282, 153: 16, 154: 254, 155: 86, 156: 324, 157: 792, 158: 554, 159: 58, 160: 296, 161: 72, 162: 310, 163: 114, 164: 352, 165: 86, 166: 324, 167: 16, 168: 254, 169: 128, 170: 366, 171: 128, 172: 366, 173: 44, 174: 282, 175: 100, 176: 338, 177: 44, 178: 282, 179: 72, 180: 310, 181: 114, 182: 352, 183: 86, 184: 324, 185: 142, 186: 380, 187: 58, 188: 296, 189: 30, 190: 268, 191: 16, 192: 254, 193: 778, 194: 540, 195: 44, 196: 282, 197: 778, 198: 540, 199: 44, 200: 282}
Number of lables used:  24
Total time: 6.90 seconds
Memory used: 321.70 MB
--------------------------------------------------

Trying with at most 23 labels...
Solution:
{1: 100, 2: 338, 3: 142, 4: 380, 5: 142, 6: 380, 7: 142, 8: 380, 9: 142, 10: 380, 11: 142, 12: 380, 13: 778, 14: 540, 15: 114, 16: 352, 17: 114, 18: 352, 19: 778, 20: 540, 21: 16, 22: 254, 23: 86, 24: 324, 25: 100, 26: 338, 27: 100, 28: 338, 29: 778, 30: 540, 31: 128, 32: 366, 33: 44, 34: 282, 35: 142, 36: 380, 37: 72, 38: 310, 39: 16, 40: 254, 41: 16, 42: 254, 43: 86, 44: 324, 45: 58, 46: 296, 47: 86, 48: 324, 49: 30, 50: 268, 51: 128, 52: 366, 53: 142, 54: 380, 55: 44, 56: 282, 57: 86, 58: 324, 59: 778, 60: 540, 61: 86, 62: 324, 63: 16, 64: 254, 65: 58, 66: 296, 67: 100, 68: 338, 69: 30, 70: 268, 71: 142, 72: 380, 73: 142, 74: 380, 75: 58, 76: 296, 77: 778, 78: 540, 79: 16, 80: 254, 81: 86, 82: 324, 83: 30, 84: 268, 85: 16, 86: 254, 87: 16, 88: 254, 89: 72, 90: 310, 91: 778, 92: 540, 93: 30, 94: 268, 95: 142, 96: 380, 97: 778, 98: 540, 99: 44, 100: 282, 101: 16, 102: 254, 103: 142, 104: 380, 105: 86, 106: 324, 107: 100, 108: 338, 109: 142, 110: 380, 111: 16, 112: 254, 113: 778, 114: 540, 115: 58, 116: 296, 117: 142, 118: 380, 119: 44, 120: 282, 121: 778, 122: 540, 123: 778, 124: 540, 125: 142, 126: 380, 127: 72, 128: 310, 129: 114, 130: 352, 131: 142, 132: 380, 133: 72, 134: 310, 135: 142, 136: 380, 137: 114, 138: 352, 139: 86, 140: 324, 141: 100, 142: 338, 143: 778, 144: 540, 145: 30, 146: 268, 147: 778, 148: 540, 149: 128, 150: 366, 151: 44, 152: 282, 153: 16, 154: 254, 155: 86, 156: 324, 157: 16, 158: 254, 159: 58, 160: 296, 161: 72, 162: 310, 163: 114, 164: 352, 165: 86, 166: 324, 167: 16, 168: 254, 169: 128, 170: 366, 171: 128, 172: 366, 173: 44, 174: 282, 175: 100, 176: 338, 177: 44, 178: 282, 179: 72, 180: 310, 181: 114, 182: 352, 183: 86, 184: 324, 185: 142, 186: 380, 187: 58, 188: 296, 189: 30, 190: 268, 191: 16, 192: 254, 193: 778, 194: 540, 195: 44, 196: 282, 197: 778, 198: 540, 199: 30, 200: 268}
Number of lables used:  22
Total time: 6.99 seconds
Memory used: 353.32 MB
--------------------------------------------------

Trying with at most 21 labels...
Solution:
{1: 100, 2: 338, 3: 142, 4: 380, 5: 142, 6: 380, 7: 142, 8: 380, 9: 142, 10: 380, 11: 142, 12: 380, 13: 58, 14: 296, 15: 114, 16: 352, 17: 114, 18: 352, 19: 778, 20: 540, 21: 16, 22: 254, 23: 86, 24: 324, 25: 100, 26: 338, 27: 100, 28: 338, 29: 114, 30: 352, 31: 128, 32: 366, 33: 44, 34: 282, 35: 142, 36: 380, 37: 778, 38: 540, 39: 16, 40: 254, 41: 16, 42: 254, 43: 86, 44: 324, 45: 58, 46: 296, 47: 86, 48: 324, 49: 30, 50: 268, 51: 128, 52: 366, 53: 142, 54: 380, 55: 44, 56: 282, 57: 86, 58: 324, 59: 778, 60: 540, 61: 86, 62: 324, 63: 16, 64: 254, 65: 58, 66: 296, 67: 100, 68: 338, 69: 30, 70: 268, 71: 142, 72: 380, 73: 142, 74: 380, 75: 58, 76: 296, 77: 44, 78: 282, 79: 16, 80: 254, 81: 86, 82: 324, 83: 30, 84: 268, 85: 16, 86: 254, 87: 16, 88: 254, 89: 778, 90: 540, 91: 16, 92: 254, 93: 30, 94: 268, 95: 142, 96: 380, 97: 778, 98: 540, 99: 44, 100: 282, 101: 16, 102: 254, 103: 142, 104: 380, 105: 86, 106: 324, 107: 100, 108: 338, 109: 142, 110: 380, 111: 16, 112: 254, 113: 778, 114: 540, 115: 58, 116: 296, 117: 142, 118: 380, 119: 44, 120: 282, 121: 114, 122: 352, 123: 16, 124: 254, 125: 142, 126: 380, 127: 778, 128: 540, 129: 114, 130: 352, 131: 142, 132: 380, 133: 778, 134: 540, 135: 142, 136: 380, 137: 114, 138: 352, 139: 86, 140: 324, 141: 100, 142: 338, 143: 58, 144: 296, 145: 30, 146: 268, 147: 778, 148: 540, 149: 128, 150: 366, 151: 44, 152: 282, 153: 16, 154: 254, 155: 86, 156: 324, 157: 16, 158: 254, 159: 58, 160: 296, 161: 778, 162: 540, 163: 114, 164: 352, 165: 86, 166: 324, 167: 16, 168: 254, 169: 128, 170: 366, 171: 128, 172: 366, 173: 44, 174: 282, 175: 100, 176: 338, 177: 44, 178: 282, 179: 778, 180: 540, 181: 114, 182: 352, 183: 86, 184: 324, 185: 142, 186: 380, 187: 58, 188: 296, 189: 30, 190: 268, 191: 16, 192: 254, 193: 778, 194: 540, 195: 44, 196: 282, 197: 128, 198: 366, 199: 30, 200: 268}
Number of lables used:  20
Total time: 7.07 seconds
Memory used: 353.31 MB
--------------------------------------------------

Trying with at most 19 labels...
[runlim] sample:		10.00 time, 10.01 real, 340 MB, 1.15 load
[runlim] sample:		20.00 time, 20.01 real, 344 MB, 1.13 load
[runlim] sample:		29.99 time, 30.01 real, 344 MB, 1.19 load
[runlim] sample:		39.98 time, 40.01 real, 344 MB, 1.16 load
[runlim] sample:		49.97 time, 50.01 real, 345 MB, 1.13 load
Cannot find solution.
No more solutions found.
Optimal number of labels used:  20
Total time: 56.14 seconds
Memory used: 345.51 MB
[runlim] end:			Sat Jun 13 19:09:00 2026
[runlim] status:		ok
[runlim] result:		0
[runlim] children:		1
[runlim] processes:		2
[runlim] real:			56.23 seconds
[runlim] time:			56.17 seconds
[runlim] space:			394 MB
[runlim] load:			1.19 maximum
[runlim] samples:		563
