[runlim] version:		2.0.0rc12
[runlim] host:			ap-Precision-7550
[runlim] time limit:		311040000 seconds
[runlim] real time limit:	600 seconds
[runlim] space limit:		14000 MB
[runlim] argv[0]:		python3
[runlim] argv[1]:		-u
[runlim] argv[2]:		pairwise.py
[runlim] argv[3]:		graph01
[runlim] argv[4]:		assumptions
[runlim] argv[5]:		1
[runlim] argv[6]:		card
[runlim] argv[7]:		1
[runlim] start:			Sat Jun 13 17:47:19 2026
[runlim] child:			16260
Exactly-one cardinality encoding:  1
Distance constraint mode:  card
Distance cardinality encoding:  1
Number of assignment variables:  6920
Number of clauses for exactly one constraints:  20160
Number of clauses for distance constraints:  176412
---------------------------------------------------
Solve first problem:
Solution:
{1: 30, 2: 268, 3: 16, 4: 254, 5: 16, 6: 254, 7: 142, 8: 380, 9: 142, 10: 380, 11: 16, 12: 254, 13: 30, 14: 268, 15: 58, 16: 296, 17: 16, 18: 254, 19: 16, 20: 254, 21: 44, 22: 282, 23: 142, 24: 380, 25: 72, 26: 310, 27: 352, 28: 114, 29: 16, 30: 254, 31: 72, 32: 310, 33: 114, 34: 352, 35: 72, 36: 310, 37: 16, 38: 254, 39: 16, 40: 254, 41: 72, 42: 310, 43: 86, 44: 324, 45: 58, 46: 296, 47: 16, 48: 254, 49: 72, 50: 310, 51: 86, 52: 324, 53: 30, 54: 268, 55: 58, 56: 296, 57: 58, 58: 296, 59: 16, 60: 254, 61: 128, 62: 366, 63: 86, 64: 324, 65: 16, 66: 254, 67: 58, 68: 296, 69: 44, 70: 282, 71: 30, 72: 268, 73: 142, 74: 380, 75: 86, 76: 324, 77: 30, 78: 268, 79: 16, 80: 254, 81: 72, 82: 310, 83: 58, 84: 296, 85: 72, 86: 310, 87: 114, 88: 352, 89: 58, 90: 296, 91: 156, 92: 394, 93: 16, 94: 254, 95: 72, 96: 310, 97: 408, 98: 170, 99: 86, 100: 324, 101: 30, 102: 268, 103: 16, 104: 254, 105: 142, 106: 380, 107: 44, 108: 282, 109: 16, 110: 254, 111: 86, 112: 324, 113: 44, 114: 282, 115: 114, 116: 352, 117: 114, 118: 352, 119: 100, 120: 338, 121: 408, 122: 170, 123: 142, 124: 380, 125: 58, 126: 296, 127: 30, 128: 268, 129: 114, 130: 352, 131: 30, 132: 268, 133: 366, 134: 128, 135: 170, 136: 408, 137: 30, 138: 268, 139: 16, 140: 254, 141: 30, 142: 268, 143: 44, 144: 282, 145: 86, 146: 324, 147: 366, 148: 128, 149: 428, 150: 666, 151: 86, 152: 324, 153: 142, 154: 380, 155: 156, 156: 394, 157: 338, 158: 100, 159: 484, 160: 722, 161: 296, 162: 58, 163: 268, 164: 30, 165: 456, 166: 694, 167: 44, 168: 282, 169: 100, 170: 338, 171: 72, 172: 310, 173: 114, 174: 352, 175: 442, 176: 680, 177: 16, 178: 254, 179: 44, 180: 282, 181: 16, 182: 254, 183: 142, 184: 380, 185: 414, 186: 652, 187: 128, 188: 366, 189: 30, 190: 268, 191: 414, 192: 652, 193: 170, 194: 408, 195: 100, 196: 338, 197: 58, 198: 296, 199: 72, 200: 310}
Number of lables used:  34
Total time: 0.34 seconds
Memory used: 64.62 MB
--------------------------------------------------
Number of label variables:  48
Number of clauses for label constraints:  6920
Number of new variables for cardinality constraints:  1056
Number of clauses for cardinality constraints:  4158
Initial variable count:  72843
Initial clause count:  207650
--------------------------------------------------

Trying with at most 33 labels...
Solution:
{1: 380, 2: 142, 3: 380, 4: 142, 5: 16, 6: 254, 7: 142, 8: 380, 9: 478, 10: 240, 11: 58, 12: 296, 13: 338, 14: 100, 15: 86, 16: 324, 17: 16, 18: 254, 19: 310, 20: 72, 21: 366, 22: 128, 23: 478, 24: 240, 25: 72, 26: 310, 27: 142, 28: 380, 29: 338, 30: 100, 31: 268, 32: 30, 33: 352, 34: 114, 35: 310, 36: 72, 37: 338, 38: 100, 39: 324, 40: 86, 41: 282, 42: 44, 43: 100, 44: 338, 45: 254, 46: 16, 47: 380, 48: 142, 49: 86, 50: 324, 51: 100, 52: 338, 53: 380, 54: 142, 55: 30, 56: 268, 57: 86, 58: 324, 59: 16, 60: 254, 61: 254, 62: 16, 63: 86, 64: 324, 65: 16, 66: 254, 67: 380, 68: 142, 69: 16, 70: 254, 71: 324, 72: 86, 73: 240, 74: 478, 75: 128, 76: 366, 77: 296, 78: 58, 79: 268, 80: 30, 81: 72, 82: 310, 83: 310, 84: 72, 85: 58, 86: 296, 87: 142, 88: 380, 89: 352, 90: 114, 91: 254, 92: 16, 93: 114, 94: 352, 95: 100, 96: 338, 97: 478, 98: 240, 99: 324, 100: 86, 101: 394, 102: 156, 103: 254, 104: 16, 105: 268, 106: 30, 107: 296, 108: 58, 109: 16, 110: 254, 111: 254, 112: 16, 113: 268, 114: 30, 115: 380, 116: 142, 117: 296, 118: 58, 119: 352, 120: 114, 121: 408, 122: 170, 123: 380, 124: 142, 125: 58, 126: 296, 127: 44, 128: 282, 129: 30, 130: 268, 131: 324, 132: 86, 133: 128, 134: 366, 135: 478, 136: 240, 137: 44, 138: 282, 139: 352, 140: 114, 141: 324, 142: 86, 143: 156, 144: 394, 145: 86, 146: 324, 147: 254, 148: 16, 149: 296, 150: 58, 151: 156, 152: 394, 153: 16, 154: 254, 155: 30, 156: 268, 157: 268, 158: 30, 159: 128, 160: 366, 161: 156, 162: 394, 163: 58, 164: 296, 165: 44, 166: 282, 167: 58, 168: 296, 169: 282, 170: 44, 171: 268, 172: 30, 173: 310, 174: 72, 175: 352, 176: 114, 177: 296, 178: 58, 179: 282, 180: 44, 181: 72, 182: 310, 183: 100, 184: 338, 185: 16, 186: 254, 187: 268, 188: 30, 189: 254, 190: 16, 191: 324, 192: 86, 193: 478, 194: 240, 195: 282, 196: 44, 197: 16, 198: 254, 199: 16, 200: 254}
Number of lables used:  26
Total time: 0.37 seconds
Memory used: 66.87 MB
--------------------------------------------------

Trying with at most 25 labels...
Solution:
{1: 380, 2: 142, 3: 380, 4: 142, 5: 16, 6: 254, 7: 142, 8: 380, 9: 478, 10: 240, 11: 58, 12: 296, 13: 366, 14: 128, 15: 86, 16: 324, 17: 16, 18: 254, 19: 310, 20: 72, 21: 366, 22: 128, 23: 478, 24: 240, 25: 72, 26: 310, 27: 142, 28: 380, 29: 352, 30: 114, 31: 324, 32: 86, 33: 352, 34: 114, 35: 310, 36: 72, 37: 352, 38: 114, 39: 324, 40: 86, 41: 282, 42: 44, 43: 86, 44: 324, 45: 254, 46: 16, 47: 394, 48: 156, 49: 86, 50: 324, 51: 128, 52: 366, 53: 380, 54: 142, 55: 30, 56: 268, 57: 86, 58: 324, 59: 16, 60: 254, 61: 254, 62: 16, 63: 86, 64: 324, 65: 16, 66: 254, 67: 352, 68: 114, 69: 16, 70: 254, 71: 380, 72: 142, 73: 240, 74: 478, 75: 128, 76: 366, 77: 30, 78: 268, 79: 268, 80: 30, 81: 72, 82: 310, 83: 310, 84: 72, 85: 58, 86: 296, 87: 142, 88: 380, 89: 352, 90: 114, 91: 254, 92: 16, 93: 114, 94: 352, 95: 114, 96: 352, 97: 478, 98: 240, 99: 324, 100: 86, 101: 296, 102: 58, 103: 254, 104: 16, 105: 268, 106: 30, 107: 296, 108: 58, 109: 16, 110: 254, 111: 254, 112: 16, 113: 268, 114: 30, 115: 380, 116: 142, 117: 296, 118: 58, 119: 352, 120: 114, 121: 408, 122: 170, 123: 380, 124: 142, 125: 58, 126: 296, 127: 44, 128: 282, 129: 30, 130: 268, 131: 324, 132: 86, 133: 128, 134: 366, 135: 478, 136: 240, 137: 44, 138: 282, 139: 352, 140: 114, 141: 324, 142: 86, 143: 156, 144: 394, 145: 86, 146: 324, 147: 254, 148: 16, 149: 394, 150: 156, 151: 156, 152: 394, 153: 16, 154: 254, 155: 30, 156: 268, 157: 268, 158: 30, 159: 128, 160: 366, 161: 156, 162: 394, 163: 58, 164: 296, 165: 44, 166: 282, 167: 58, 168: 296, 169: 16, 170: 254, 171: 268, 172: 30, 173: 310, 174: 72, 175: 352, 176: 114, 177: 296, 178: 58, 179: 366, 180: 128, 181: 44, 182: 282, 183: 352, 184: 114, 185: 324, 186: 86, 187: 72, 188: 310, 189: 254, 190: 16, 191: 324, 192: 86, 193: 170, 194: 408, 195: 282, 196: 44, 197: 16, 198: 254, 199: 16, 200: 254}
Number of lables used:  24
Total time: 0.38 seconds
Memory used: 66.87 MB
--------------------------------------------------

Trying with at most 23 labels...
Solution:
{1: 352, 2: 114, 3: 380, 4: 142, 5: 16, 6: 254, 7: 142, 8: 380, 9: 478, 10: 240, 11: 58, 12: 296, 13: 394, 14: 156, 15: 86, 16: 324, 17: 268, 18: 30, 19: 16, 20: 254, 21: 16, 22: 254, 23: 478, 24: 240, 25: 366, 26: 128, 27: 394, 28: 156, 29: 380, 30: 142, 31: 324, 32: 86, 33: 352, 34: 114, 35: 86, 36: 324, 37: 380, 38: 142, 39: 324, 40: 86, 41: 282, 42: 44, 43: 282, 44: 44, 45: 394, 46: 156, 47: 394, 48: 156, 49: 86, 50: 324, 51: 128, 52: 366, 53: 380, 54: 142, 55: 30, 56: 268, 57: 352, 58: 114, 59: 16, 60: 254, 61: 254, 62: 16, 63: 114, 64: 352, 65: 58, 66: 296, 67: 268, 68: 30, 69: 16, 70: 254, 71: 324, 72: 86, 73: 240, 74: 478, 75: 380, 76: 142, 77: 30, 78: 268, 79: 268, 80: 30, 81: 16, 82: 254, 83: 352, 84: 114, 85: 58, 86: 296, 87: 142, 88: 380, 89: 352, 90: 114, 91: 156, 92: 394, 93: 114, 94: 352, 95: 114, 96: 352, 97: 240, 98: 478, 99: 324, 100: 86, 101: 58, 102: 296, 103: 352, 104: 114, 105: 142, 106: 380, 107: 296, 108: 58, 109: 58, 110: 296, 111: 254, 112: 16, 113: 268, 114: 30, 115: 380, 116: 142, 117: 296, 118: 58, 119: 352, 120: 114, 121: 170, 122: 408, 123: 380, 124: 142, 125: 86, 126: 324, 127: 44, 128: 282, 129: 128, 130: 366, 131: 324, 132: 86, 133: 128, 134: 366, 135: 478, 136: 240, 137: 58, 138: 296, 139: 352, 140: 114, 141: 324, 142: 86, 143: 254, 144: 16, 145: 86, 146: 324, 147: 254, 148: 16, 149: 114, 150: 352, 151: 156, 152: 394, 153: 16, 154: 254, 155: 30, 156: 268, 157: 268, 158: 30, 159: 324, 160: 86, 161: 156, 162: 394, 163: 58, 164: 296, 165: 44, 166: 282, 167: 58, 168: 296, 169: 16, 170: 254, 171: 268, 172: 30, 173: 254, 174: 16, 175: 352, 176: 114, 177: 296, 178: 58, 179: 366, 180: 128, 181: 44, 182: 282, 183: 352, 184: 114, 185: 324, 186: 86, 187: 380, 188: 142, 189: 324, 190: 86, 191: 324, 192: 86, 193: 170, 194: 408, 195: 58, 196: 296, 197: 16, 198: 254, 199: 16, 200: 254}
Number of lables used:  22
Total time: 0.39 seconds
Memory used: 66.88 MB
--------------------------------------------------

Trying with at most 21 labels...
Solution:
{1: 792, 2: 554, 3: 380, 4: 142, 5: 792, 6: 554, 7: 142, 8: 380, 9: 478, 10: 240, 11: 554, 12: 792, 13: 394, 14: 156, 15: 86, 16: 324, 17: 254, 18: 16, 19: 156, 20: 394, 21: 156, 22: 394, 23: 380, 24: 142, 25: 296, 26: 58, 27: 254, 28: 16, 29: 380, 30: 142, 31: 554, 32: 792, 33: 352, 34: 114, 35: 86, 36: 324, 37: 380, 38: 142, 39: 324, 40: 86, 41: 296, 42: 58, 43: 380, 44: 142, 45: 394, 46: 156, 47: 16, 48: 254, 49: 114, 50: 352, 51: 142, 52: 380, 53: 394, 54: 156, 55: 86, 56: 324, 57: 352, 58: 114, 59: 352, 60: 114, 61: 254, 62: 16, 63: 554, 64: 792, 65: 16, 66: 254, 67: 296, 68: 58, 69: 16, 70: 254, 71: 324, 72: 86, 73: 240, 74: 478, 75: 282, 76: 44, 77: 380, 78: 142, 79: 282, 80: 44, 81: 16, 82: 254, 83: 352, 84: 114, 85: 380, 86: 142, 87: 554, 88: 792, 89: 352, 90: 114, 91: 16, 92: 254, 93: 86, 94: 324, 95: 44, 96: 282, 97: 240, 98: 478, 99: 324, 100: 86, 101: 72, 102: 310, 103: 352, 104: 114, 105: 324, 106: 86, 107: 792, 108: 554, 109: 16, 110: 254, 111: 254, 112: 16, 113: 282, 114: 44, 115: 310, 116: 72, 117: 296, 118: 58, 119: 352, 120: 114, 121: 478, 122: 240, 123: 380, 124: 142, 125: 86, 126: 324, 127: 310, 128: 72, 129: 86, 130: 324, 131: 282, 132: 44, 133: 58, 134: 296, 135: 478, 136: 240, 137: 58, 138: 296, 139: 352, 140: 114, 141: 380, 142: 142, 143: 554, 144: 792, 145: 282, 146: 44, 147: 156, 148: 394, 149: 554, 150: 792, 151: 72, 152: 310, 153: 16, 154: 254, 155: 282, 156: 44, 157: 282, 158: 44, 159: 44, 160: 282, 161: 86, 162: 324, 163: 156, 164: 394, 165: 394, 166: 156, 167: 380, 168: 142, 169: 114, 170: 352, 171: 282, 172: 44, 173: 254, 174: 16, 175: 352, 176: 114, 177: 296, 178: 58, 179: 380, 180: 142, 181: 554, 182: 792, 183: 282, 184: 44, 185: 16, 186: 254, 187: 296, 188: 58, 189: 324, 190: 86, 191: 254, 192: 16, 193: 478, 194: 240, 195: 58, 196: 296, 197: 16, 198: 254, 199: 16, 200: 254}
Number of lables used:  20
Total time: 0.41 seconds
Memory used: 67.90 MB
--------------------------------------------------

Trying with at most 19 labels...
Solution:
{1: 554, 2: 792, 3: 58, 4: 296, 5: 58, 6: 296, 7: 478, 8: 240, 9: 478, 10: 240, 11: 512, 12: 750, 13: 338, 14: 100, 15: 142, 16: 380, 17: 554, 18: 792, 19: 338, 20: 100, 21: 296, 22: 58, 23: 240, 24: 478, 25: 428, 26: 666, 27: 394, 28: 156, 29: 428, 30: 666, 31: 380, 32: 142, 33: 58, 34: 296, 35: 380, 36: 142, 37: 58, 38: 296, 39: 296, 40: 58, 41: 156, 42: 394, 43: 142, 44: 380, 45: 58, 46: 296, 47: 338, 48: 100, 49: 58, 50: 296, 51: 156, 52: 394, 53: 554, 54: 792, 55: 554, 56: 792, 57: 792, 58: 554, 59: 722, 60: 484, 61: 792, 62: 554, 63: 58, 64: 296, 65: 554, 66: 792, 67: 484, 68: 722, 69: 554, 70: 792, 71: 554, 72: 792, 73: 478, 74: 240, 75: 722, 76: 484, 77: 484, 78: 722, 79: 792, 80: 554, 81: 380, 82: 142, 83: 484, 84: 722, 85: 792, 86: 554, 87: 296, 88: 58, 89: 512, 90: 750, 91: 792, 92: 554, 93: 554, 94: 792, 95: 380, 96: 142, 97: 478, 98: 240, 99: 58, 100: 296, 101: 394, 102: 156, 103: 666, 104: 428, 105: 666, 106: 428, 107: 792, 108: 554, 109: 512, 110: 750, 111: 380, 112: 142, 113: 792, 114: 554, 115: 338, 116: 100, 117: 380, 118: 142, 119: 394, 120: 156, 121: 142, 122: 380, 123: 478, 124: 240, 125: 792, 126: 554, 127: 100, 128: 338, 129: 338, 130: 100, 131: 484, 132: 722, 133: 666, 134: 428, 135: 240, 136: 478, 137: 512, 138: 750, 139: 792, 140: 554, 141: 142, 142: 380, 143: 296, 144: 58, 145: 142, 146: 380, 147: 58, 148: 296, 149: 58, 150: 296, 151: 512, 152: 750, 153: 338, 154: 100, 155: 554, 156: 792, 157: 58, 158: 296, 159: 512, 160: 750, 161: 156, 162: 394, 163: 394, 164: 156, 165: 666, 166: 428, 167: 338, 168: 100, 169: 296, 170: 58, 171: 338, 172: 100, 173: 554, 174: 792, 175: 554, 176: 792, 177: 554, 178: 792, 179: 394, 180: 156, 181: 512, 182: 750, 183: 142, 184: 380, 185: 792, 186: 554, 187: 100, 188: 338, 189: 512, 190: 750, 191: 394, 192: 156, 193: 240, 194: 478, 195: 338, 196: 100, 197: 58, 198: 296, 199: 156, 200: 394}
Number of lables used:  18
Total time: 1.14 seconds
Memory used: 75.50 MB
--------------------------------------------------

Trying with at most 17 labels...
[runlim] sample:		9.98 time, 10.01 real, 78 MB, 0.78 load
[runlim] sample:		19.97 time, 20.01 real, 78 MB, 0.81 load
[runlim] sample:		29.97 time, 30.01 real, 85 MB, 0.84 load
[runlim] sample:		39.96 time, 40.01 real, 73 MB, 0.87 load
[runlim] sample:		49.95 time, 50.01 real, 87 MB, 0.97 load
[runlim] sample:		59.95 time, 60.01 real, 87 MB, 0.97 load
[runlim] sample:		69.95 time, 70.01 real, 89 MB, 0.98 load
[runlim] sample:		79.95 time, 80.01 real, 88 MB, 0.98 load
[runlim] sample:		89.94 time, 90.01 real, 89 MB, 0.99 load
[runlim] sample:		99.94 time, 100.01 real, 93 MB, 0.99 load
[runlim] sample:		109.93 time, 110.01 real, 77 MB, 0.99 load
[runlim] sample:		119.93 time, 120.01 real, 85 MB, 0.99 load
[runlim] sample:		129.92 time, 130.01 real, 88 MB, 0.99 load
[runlim] sample:		139.92 time, 140.01 real, 98 MB, 1.00 load
[runlim] sample:		149.92 time, 150.01 real, 102 MB, 1.00 load
[runlim] sample:		159.91 time, 160.01 real, 91 MB, 1.00 load
[runlim] sample:		169.90 time, 170.01 real, 103 MB, 1.00 load
[runlim] sample:		179.90 time, 180.01 real, 104 MB, 1.00 load
[runlim] sample:		189.89 time, 190.01 real, 104 MB, 1.00 load
[runlim] sample:		199.89 time, 200.01 real, 104 MB, 1.00 load
[runlim] sample:		209.89 time, 210.01 real, 104 MB, 1.07 load
[runlim] sample:		219.88 time, 220.01 real, 104 MB, 1.14 load
[runlim] sample:		229.88 time, 230.01 real, 104 MB, 1.19 load
[runlim] sample:		239.88 time, 240.01 real, 104 MB, 1.16 load
[runlim] sample:		249.87 time, 250.01 real, 104 MB, 1.14 load
[runlim] sample:		259.87 time, 260.01 real, 104 MB, 1.12 load
[runlim] sample:		269.86 time, 270.01 real, 104 MB, 1.10 load
[runlim] sample:		279.86 time, 280.01 real, 106 MB, 1.08 load
[runlim] sample:		289.85 time, 290.01 real, 106 MB, 1.07 load
[runlim] sample:		299.85 time, 300.01 real, 106 MB, 1.06 load
[runlim] sample:		309.85 time, 310.01 real, 106 MB, 1.05 load
[runlim] sample:		319.84 time, 320.01 real, 106 MB, 1.04 load
[runlim] sample:		329.84 time, 330.01 real, 107 MB, 1.03 load
[runlim] sample:		339.83 time, 340.01 real, 107 MB, 1.03 load
[runlim] sample:		349.83 time, 350.01 real, 109 MB, 1.02 load
[runlim] sample:		359.83 time, 360.01 real, 130 MB, 1.02 load
[runlim] sample:		369.82 time, 370.01 real, 131 MB, 1.02 load
[runlim] sample:		379.81 time, 380.01 real, 132 MB, 1.09 load
[runlim] sample:		389.81 time, 390.01 real, 132 MB, 1.07 load
[runlim] sample:		399.81 time, 400.01 real, 136 MB, 1.06 load
[runlim] sample:		409.80 time, 410.01 real, 108 MB, 1.05 load
[runlim] sample:		419.80 time, 420.01 real, 151 MB, 1.04 load
[runlim] sample:		429.80 time, 430.01 real, 109 MB, 1.04 load
[runlim] sample:		439.79 time, 440.01 real, 126 MB, 1.03 load
[runlim] sample:		449.78 time, 450.01 real, 126 MB, 1.02 load
[runlim] sample:		459.78 time, 460.01 real, 164 MB, 1.02 load
[runlim] sample:		469.77 time, 470.01 real, 164 MB, 1.02 load
[runlim] sample:		479.77 time, 480.01 real, 164 MB, 1.09 load
[runlim] sample:		489.77 time, 490.01 real, 164 MB, 1.08 load
[runlim] sample:		499.76 time, 500.01 real, 113 MB, 1.07 load
[runlim] sample:		509.77 time, 510.01 real, 133 MB, 1.06 load
[runlim] sample:		519.76 time, 520.01 real, 158 MB, 1.05 load
[runlim] sample:		529.75 time, 530.01 real, 158 MB, 1.04 load
[runlim] sample:		539.75 time, 540.01 real, 117 MB, 1.03 load
[runlim] sample:		549.75 time, 550.01 real, 148 MB, 1.03 load
[runlim] sample:		559.75 time, 560.01 real, 148 MB, 1.02 load
[runlim] sample:		569.74 time, 570.01 real, 148 MB, 1.02 load
[runlim] sample:		579.74 time, 580.01 real, 149 MB, 1.02 load
[runlim] sample:		589.73 time, 590.01 real, 149 MB, 1.01 load
[runlim] sample:		599.73 time, 600.01 real, 149 MB, 1.01 load
[runlim] end:			Sat Jun 13 17:57:20 2026
[runlim] status:		out of time
[runlim] result:		2
[runlim] children:		1
[runlim] processes:		2
[runlim] real:			601.06 seconds
[runlim] time:			599.73 seconds
[runlim] space:			164 MB
[runlim] load:			1.21 maximum
[runlim] samples:		6000
