[runlim] version:		2.0.0rc12
[runlim] host:			ap-Precision-7550
[runlim] time limit:		311040000 seconds
[runlim] real time limit:	600 seconds
[runlim] space limit:		14000 MB
[runlim] argv[0]:		python3
[runlim] argv[1]:		-u
[runlim] argv[2]:		pairwise.py
[runlim] argv[3]:		TUD200.1
[runlim] argv[4]:		assumptions
[runlim] argv[5]:		1
[runlim] argv[6]:		card
[runlim] argv[7]:		1
[runlim] start:			Sat Jun 13 19:21:33 2026
[runlim] child:			16555
Exactly-one cardinality encoding:  1
Distance constraint mode:  card
Distance cardinality encoding:  1
Number of assignment variables:  7986
Number of clauses for exactly one constraints:  23358
Number of clauses for distance constraints:  470228
---------------------------------------------------
Solve first problem:
Solution:
{1: 722, 2: 484, 3: 156, 4: 394, 5: 708, 6: 470, 7: 366, 8: 128, 9: 44, 10: 282, 11: 736, 12: 498, 13: 142, 14: 380, 15: 72, 16: 310, 17: 652, 18: 414, 19: 310, 20: 72, 21: 114, 22: 352, 23: 310, 24: 72, 25: 86, 26: 324, 27: 694, 28: 456, 29: 16, 30: 254, 31: 666, 32: 428, 33: 254, 34: 16, 35: 394, 36: 156, 37: 694, 38: 456, 39: 414, 40: 652, 41: 750, 42: 512, 43: 666, 44: 428, 45: 156, 46: 394, 47: 16, 48: 254, 49: 380, 50: 142, 51: 764, 52: 526, 53: 722, 54: 484, 55: 652, 56: 414, 57: 666, 58: 428, 59: 414, 60: 652, 61: 310, 62: 72, 63: 554, 64: 792, 65: 652, 66: 414, 67: 394, 68: 156, 69: 722, 70: 484, 71: 540, 72: 778, 73: 128, 74: 366, 75: 338, 76: 100, 77: 282, 78: 44, 79: 86, 80: 324, 81: 268, 82: 30, 83: 142, 84: 380, 85: 254, 86: 16, 87: 142, 88: 380, 89: 338, 90: 100, 91: 666, 92: 428, 93: 722, 94: 484, 95: 722, 96: 484, 97: 72, 98: 310, 99: 736, 100: 498, 101: 442, 102: 680, 103: 268, 104: 30, 105: 352, 106: 114, 107: 442, 108: 680, 109: 114, 110: 352, 111: 254, 112: 16, 113: 296, 114: 58, 115: 652, 116: 414, 117: 282, 118: 44, 119: 708, 120: 470, 121: 142, 122: 380, 123: 442, 124: 680, 125: 540, 126: 778, 127: 652, 128: 414, 129: 240, 130: 478, 131: 442, 132: 680, 133: 254, 134: 16, 135: 338, 136: 100, 137: 352, 138: 114, 139: 380, 140: 142, 141: 694, 142: 456, 143: 394, 144: 156, 145: 268, 146: 30, 147: 296, 148: 58, 149: 268, 150: 30, 151: 268, 152: 30, 153: 380, 154: 142, 155: 268, 156: 30, 157: 254, 158: 16, 159: 310, 160: 72, 161: 254, 162: 16, 163: 296, 164: 58, 165: 736, 166: 498, 167: 394, 168: 156, 169: 72, 170: 310, 171: 310, 172: 72, 173: 128, 174: 366, 175: 352, 176: 114, 177: 666, 178: 428, 179: 310, 180: 72, 181: 324, 182: 86, 183: 282, 184: 44, 185: 30, 186: 268, 187: 254, 188: 16, 189: 324, 190: 86, 191: 58, 192: 296, 193: 86, 194: 324, 195: 254, 196: 16, 197: 16, 198: 254, 199: 380, 200: 142}
Number of lables used:  46
Total time: 0.77 seconds
Memory used: 120.45 MB
--------------------------------------------------
Number of label variables:  48
Number of clauses for label constraints:  7986
Number of new variables for cardinality constraints:  1170
Number of clauses for cardinality constraints:  4590
Initial variable count:  174814
Initial clause count:  506249
--------------------------------------------------

Trying with at most 45 labels...
Solution:
{1: 722, 2: 484, 3: 156, 4: 394, 5: 428, 6: 666, 7: 366, 8: 128, 9: 44, 10: 282, 11: 484, 12: 722, 13: 142, 14: 380, 15: 72, 16: 310, 17: 652, 18: 414, 19: 310, 20: 72, 21: 114, 22: 352, 23: 310, 24: 72, 25: 86, 26: 324, 27: 694, 28: 456, 29: 16, 30: 254, 31: 666, 32: 428, 33: 254, 34: 16, 35: 394, 36: 156, 37: 694, 38: 456, 39: 414, 40: 652, 41: 750, 42: 512, 43: 666, 44: 428, 45: 156, 46: 394, 47: 16, 48: 254, 49: 380, 50: 142, 51: 512, 52: 750, 53: 722, 54: 484, 55: 442, 56: 680, 57: 666, 58: 428, 59: 442, 60: 680, 61: 310, 62: 72, 63: 666, 64: 428, 65: 680, 66: 442, 67: 394, 68: 156, 69: 722, 70: 484, 71: 414, 72: 652, 73: 128, 74: 366, 75: 338, 76: 100, 77: 282, 78: 44, 79: 86, 80: 324, 81: 268, 82: 30, 83: 142, 84: 380, 85: 254, 86: 16, 87: 142, 88: 380, 89: 338, 90: 100, 91: 666, 92: 428, 93: 722, 94: 484, 95: 722, 96: 484, 97: 72, 98: 310, 99: 736, 100: 498, 101: 442, 102: 680, 103: 268, 104: 30, 105: 352, 106: 114, 107: 442, 108: 680, 109: 114, 110: 352, 111: 254, 112: 16, 113: 324, 114: 86, 115: 652, 116: 414, 117: 282, 118: 44, 119: 722, 120: 484, 121: 142, 122: 380, 123: 442, 124: 680, 125: 498, 126: 736, 127: 652, 128: 414, 129: 170, 130: 408, 131: 442, 132: 680, 133: 254, 134: 16, 135: 338, 136: 100, 137: 352, 138: 114, 139: 380, 140: 142, 141: 694, 142: 456, 143: 30, 144: 268, 145: 268, 146: 30, 147: 296, 148: 58, 149: 268, 150: 30, 151: 30, 152: 268, 153: 380, 154: 142, 155: 268, 156: 30, 157: 254, 158: 16, 159: 310, 160: 72, 161: 254, 162: 16, 163: 296, 164: 58, 165: 736, 166: 498, 167: 394, 168: 156, 169: 72, 170: 310, 171: 310, 172: 72, 173: 128, 174: 366, 175: 352, 176: 114, 177: 666, 178: 428, 179: 310, 180: 72, 181: 324, 182: 86, 183: 282, 184: 44, 185: 30, 186: 268, 187: 254, 188: 16, 189: 324, 190: 86, 191: 58, 192: 296, 193: 86, 194: 324, 195: 254, 196: 16, 197: 16, 198: 254, 199: 380, 200: 142}
Number of lables used:  38
Total time: 0.80 seconds
Memory used: 120.62 MB
--------------------------------------------------

Trying with at most 37 labels...
Solution:
{1: 722, 2: 484, 3: 156, 4: 394, 5: 428, 6: 666, 7: 366, 8: 128, 9: 44, 10: 282, 11: 484, 12: 722, 13: 142, 14: 380, 15: 72, 16: 310, 17: 652, 18: 414, 19: 310, 20: 72, 21: 114, 22: 352, 23: 310, 24: 72, 25: 86, 26: 324, 27: 722, 28: 484, 29: 16, 30: 254, 31: 666, 32: 428, 33: 254, 34: 16, 35: 394, 36: 156, 37: 722, 38: 484, 39: 414, 40: 652, 41: 750, 42: 512, 43: 666, 44: 428, 45: 156, 46: 394, 47: 16, 48: 254, 49: 380, 50: 142, 51: 512, 52: 750, 53: 722, 54: 484, 55: 442, 56: 680, 57: 666, 58: 428, 59: 442, 60: 680, 61: 310, 62: 72, 63: 666, 64: 428, 65: 680, 66: 442, 67: 394, 68: 156, 69: 722, 70: 484, 71: 414, 72: 652, 73: 128, 74: 366, 75: 338, 76: 100, 77: 282, 78: 44, 79: 86, 80: 324, 81: 268, 82: 30, 83: 142, 84: 380, 85: 254, 86: 16, 87: 142, 88: 380, 89: 338, 90: 100, 91: 666, 92: 428, 93: 722, 94: 484, 95: 722, 96: 484, 97: 72, 98: 310, 99: 722, 100: 484, 101: 442, 102: 680, 103: 268, 104: 30, 105: 352, 106: 114, 107: 442, 108: 680, 109: 114, 110: 352, 111: 254, 112: 16, 113: 324, 114: 86, 115: 652, 116: 414, 117: 282, 118: 44, 119: 722, 120: 484, 121: 142, 122: 380, 123: 442, 124: 680, 125: 512, 126: 750, 127: 652, 128: 414, 129: 170, 130: 408, 131: 442, 132: 680, 133: 254, 134: 16, 135: 338, 136: 100, 137: 352, 138: 114, 139: 380, 140: 142, 141: 722, 142: 484, 143: 30, 144: 268, 145: 268, 146: 30, 147: 296, 148: 58, 149: 268, 150: 30, 151: 30, 152: 268, 153: 380, 154: 142, 155: 268, 156: 30, 157: 254, 158: 16, 159: 310, 160: 72, 161: 254, 162: 16, 163: 296, 164: 58, 165: 750, 166: 512, 167: 394, 168: 156, 169: 72, 170: 310, 171: 310, 172: 72, 173: 128, 174: 366, 175: 352, 176: 114, 177: 666, 178: 428, 179: 310, 180: 72, 181: 324, 182: 86, 183: 282, 184: 44, 185: 30, 186: 268, 187: 254, 188: 16, 189: 324, 190: 86, 191: 58, 192: 296, 193: 86, 194: 324, 195: 254, 196: 16, 197: 16, 198: 254, 199: 380, 200: 142}
Number of lables used:  34
Total time: 0.82 seconds
Memory used: 120.62 MB
--------------------------------------------------

Trying with at most 33 labels...
Solution:
{1: 722, 2: 484, 3: 652, 4: 414, 5: 484, 6: 722, 7: 366, 8: 128, 9: 268, 10: 30, 11: 484, 12: 722, 13: 86, 14: 324, 15: 72, 16: 310, 17: 652, 18: 414, 19: 310, 20: 72, 21: 114, 22: 352, 23: 310, 24: 72, 25: 86, 26: 324, 27: 484, 28: 722, 29: 16, 30: 254, 31: 666, 32: 428, 33: 254, 34: 16, 35: 512, 36: 750, 37: 750, 38: 512, 39: 414, 40: 652, 41: 750, 42: 512, 43: 722, 44: 484, 45: 652, 46: 414, 47: 16, 48: 254, 49: 44, 50: 282, 51: 512, 52: 750, 53: 722, 54: 484, 55: 442, 56: 680, 57: 666, 58: 428, 59: 442, 60: 680, 61: 310, 62: 72, 63: 666, 64: 428, 65: 680, 66: 442, 67: 414, 68: 652, 69: 722, 70: 484, 71: 414, 72: 652, 73: 128, 74: 366, 75: 128, 76: 366, 77: 282, 78: 44, 79: 652, 80: 414, 81: 268, 82: 30, 83: 652, 84: 414, 85: 254, 86: 16, 87: 310, 88: 72, 89: 282, 90: 44, 91: 666, 92: 428, 93: 722, 94: 484, 95: 722, 96: 484, 97: 72, 98: 310, 99: 722, 100: 484, 101: 442, 102: 680, 103: 268, 104: 30, 105: 352, 106: 114, 107: 512, 108: 750, 109: 114, 110: 352, 111: 254, 112: 16, 113: 324, 114: 86, 115: 414, 116: 652, 117: 100, 118: 338, 119: 722, 120: 484, 121: 352, 122: 114, 123: 442, 124: 680, 125: 512, 126: 750, 127: 652, 128: 414, 129: 170, 130: 408, 131: 442, 132: 680, 133: 254, 134: 16, 135: 30, 136: 268, 137: 352, 138: 114, 139: 666, 140: 428, 141: 722, 142: 484, 143: 30, 144: 268, 145: 268, 146: 30, 147: 296, 148: 58, 149: 268, 150: 30, 151: 30, 152: 268, 153: 512, 154: 750, 155: 268, 156: 30, 157: 254, 158: 16, 159: 310, 160: 72, 161: 16, 162: 254, 163: 324, 164: 86, 165: 750, 166: 512, 167: 338, 168: 100, 169: 72, 170: 310, 171: 310, 172: 72, 173: 128, 174: 366, 175: 352, 176: 114, 177: 666, 178: 428, 179: 310, 180: 72, 181: 268, 182: 30, 183: 282, 184: 44, 185: 44, 186: 282, 187: 254, 188: 16, 189: 652, 190: 414, 191: 58, 192: 296, 193: 86, 194: 324, 195: 254, 196: 16, 197: 114, 198: 352, 199: 268, 200: 30}
Number of lables used:  30
Total time: 0.84 seconds
Memory used: 120.62 MB
--------------------------------------------------

Trying with at most 29 labels...
Solution:
{1: 254, 2: 16, 3: 652, 4: 414, 5: 666, 6: 428, 7: 58, 8: 296, 9: 268, 10: 30, 11: 100, 12: 338, 13: 680, 14: 442, 15: 310, 16: 72, 17: 652, 18: 414, 19: 310, 20: 72, 21: 442, 22: 680, 23: 310, 24: 72, 25: 86, 26: 324, 27: 58, 28: 296, 29: 16, 30: 254, 31: 666, 32: 428, 33: 254, 34: 16, 35: 512, 36: 750, 37: 652, 38: 414, 39: 652, 40: 414, 41: 750, 42: 512, 43: 750, 44: 512, 45: 156, 46: 394, 47: 16, 48: 254, 49: 44, 50: 282, 51: 512, 52: 750, 53: 750, 54: 512, 55: 442, 56: 680, 57: 666, 58: 428, 59: 512, 60: 750, 61: 750, 62: 512, 63: 750, 64: 512, 65: 750, 66: 512, 67: 414, 68: 652, 69: 750, 70: 512, 71: 86, 72: 324, 73: 666, 74: 428, 75: 156, 76: 394, 77: 512, 78: 750, 79: 30, 80: 268, 81: 352, 82: 114, 83: 512, 84: 750, 85: 254, 86: 16, 87: 310, 88: 72, 89: 282, 90: 44, 91: 666, 92: 428, 93: 442, 94: 680, 95: 394, 96: 156, 97: 72, 98: 310, 99: 666, 100: 428, 101: 442, 102: 680, 103: 268, 104: 30, 105: 352, 106: 114, 107: 16, 108: 254, 109: 114, 110: 352, 111: 16, 112: 254, 113: 324, 114: 86, 115: 394, 116: 156, 117: 114, 118: 352, 119: 16, 120: 254, 121: 58, 122: 296, 123: 414, 124: 652, 125: 680, 126: 442, 127: 652, 128: 414, 129: 170, 130: 408, 131: 442, 132: 680, 133: 254, 134: 16, 135: 30, 136: 268, 137: 58, 138: 296, 139: 428, 140: 666, 141: 750, 142: 512, 143: 30, 144: 268, 145: 750, 146: 512, 147: 296, 148: 58, 149: 268, 150: 30, 151: 30, 152: 268, 153: 512, 154: 750, 155: 30, 156: 268, 157: 666, 158: 428, 159: 310, 160: 72, 161: 16, 162: 254, 163: 324, 164: 86, 165: 680, 166: 442, 167: 338, 168: 100, 169: 72, 170: 310, 171: 652, 172: 414, 173: 44, 174: 282, 175: 352, 176: 114, 177: 750, 178: 512, 179: 652, 180: 414, 181: 282, 182: 44, 183: 268, 184: 30, 185: 254, 186: 16, 187: 86, 188: 324, 189: 16, 190: 254, 191: 58, 192: 296, 193: 86, 194: 324, 195: 428, 196: 666, 197: 114, 198: 352, 199: 512, 200: 750}
Number of lables used:  28
Total time: 0.89 seconds
Memory used: 120.63 MB
--------------------------------------------------

Trying with at most 27 labels...
Solution:
{1: 254, 2: 16, 3: 652, 4: 414, 5: 666, 6: 428, 7: 58, 8: 296, 9: 268, 10: 30, 11: 114, 12: 352, 13: 680, 14: 442, 15: 310, 16: 72, 17: 652, 18: 414, 19: 310, 20: 72, 21: 442, 22: 680, 23: 310, 24: 72, 25: 86, 26: 324, 27: 58, 28: 296, 29: 16, 30: 254, 31: 666, 32: 428, 33: 254, 34: 16, 35: 512, 36: 750, 37: 652, 38: 414, 39: 652, 40: 414, 41: 750, 42: 512, 43: 750, 44: 512, 45: 156, 46: 394, 47: 16, 48: 254, 49: 44, 50: 282, 51: 512, 52: 750, 53: 750, 54: 512, 55: 442, 56: 680, 57: 666, 58: 428, 59: 512, 60: 750, 61: 750, 62: 512, 63: 750, 64: 512, 65: 750, 66: 512, 67: 414, 68: 652, 69: 750, 70: 512, 71: 86, 72: 324, 73: 666, 74: 428, 75: 156, 76: 394, 77: 512, 78: 750, 79: 30, 80: 268, 81: 352, 82: 114, 83: 512, 84: 750, 85: 254, 86: 16, 87: 310, 88: 72, 89: 282, 90: 44, 91: 666, 92: 428, 93: 442, 94: 680, 95: 394, 96: 156, 97: 72, 98: 310, 99: 666, 100: 428, 101: 442, 102: 680, 103: 268, 104: 30, 105: 352, 106: 114, 107: 16, 108: 254, 109: 114, 110: 352, 111: 16, 112: 254, 113: 324, 114: 86, 115: 394, 116: 156, 117: 114, 118: 352, 119: 16, 120: 254, 121: 58, 122: 296, 123: 414, 124: 652, 125: 680, 126: 442, 127: 652, 128: 414, 129: 170, 130: 408, 131: 442, 132: 680, 133: 254, 134: 16, 135: 30, 136: 268, 137: 58, 138: 296, 139: 428, 140: 666, 141: 750, 142: 512, 143: 30, 144: 268, 145: 750, 146: 512, 147: 296, 148: 58, 149: 268, 150: 30, 151: 30, 152: 268, 153: 512, 154: 750, 155: 30, 156: 268, 157: 666, 158: 428, 159: 310, 160: 72, 161: 16, 162: 254, 163: 324, 164: 86, 165: 680, 166: 442, 167: 352, 168: 114, 169: 72, 170: 310, 171: 652, 172: 414, 173: 44, 174: 282, 175: 352, 176: 114, 177: 750, 178: 512, 179: 652, 180: 414, 181: 282, 182: 44, 183: 268, 184: 30, 185: 254, 186: 16, 187: 86, 188: 324, 189: 16, 190: 254, 191: 58, 192: 296, 193: 86, 194: 324, 195: 428, 196: 666, 197: 114, 198: 352, 199: 512, 200: 750}
Number of lables used:  26
Total time: 0.91 seconds
Memory used: 120.63 MB
--------------------------------------------------

Trying with at most 25 labels...
Solution:
{1: 254, 2: 16, 3: 156, 4: 394, 5: 156, 6: 394, 7: 58, 8: 296, 9: 268, 10: 30, 11: 114, 12: 352, 13: 680, 14: 442, 15: 310, 16: 72, 17: 652, 18: 414, 19: 310, 20: 72, 21: 442, 22: 680, 23: 310, 24: 72, 25: 86, 26: 324, 27: 58, 28: 296, 29: 16, 30: 254, 31: 394, 32: 156, 33: 254, 34: 16, 35: 512, 36: 750, 37: 652, 38: 414, 39: 652, 40: 414, 41: 512, 42: 750, 43: 750, 44: 512, 45: 156, 46: 394, 47: 16, 48: 254, 49: 44, 50: 282, 51: 512, 52: 750, 53: 750, 54: 512, 55: 442, 56: 680, 57: 680, 58: 442, 59: 512, 60: 750, 61: 750, 62: 512, 63: 652, 64: 414, 65: 750, 66: 512, 67: 414, 68: 652, 69: 750, 70: 512, 71: 86, 72: 324, 73: 680, 74: 442, 75: 156, 76: 394, 77: 512, 78: 750, 79: 30, 80: 268, 81: 352, 82: 114, 83: 512, 84: 750, 85: 254, 86: 16, 87: 310, 88: 72, 89: 282, 90: 44, 91: 114, 92: 352, 93: 442, 94: 680, 95: 394, 96: 156, 97: 72, 98: 310, 99: 680, 100: 442, 101: 442, 102: 680, 103: 268, 104: 30, 105: 352, 106: 114, 107: 16, 108: 254, 109: 652, 110: 414, 111: 16, 112: 254, 113: 324, 114: 86, 115: 394, 116: 156, 117: 114, 118: 352, 119: 16, 120: 254, 121: 58, 122: 296, 123: 414, 124: 652, 125: 680, 126: 442, 127: 652, 128: 414, 129: 170, 130: 408, 131: 442, 132: 680, 133: 254, 134: 16, 135: 30, 136: 268, 137: 58, 138: 296, 139: 442, 140: 680, 141: 750, 142: 512, 143: 30, 144: 268, 145: 750, 146: 512, 147: 296, 148: 58, 149: 268, 150: 30, 151: 30, 152: 268, 153: 512, 154: 750, 155: 30, 156: 268, 157: 750, 158: 512, 159: 310, 160: 72, 161: 16, 162: 254, 163: 324, 164: 86, 165: 680, 166: 442, 167: 394, 168: 156, 169: 72, 170: 310, 171: 652, 172: 414, 173: 44, 174: 282, 175: 352, 176: 114, 177: 750, 178: 512, 179: 652, 180: 414, 181: 282, 182: 44, 183: 268, 184: 30, 185: 254, 186: 16, 187: 86, 188: 324, 189: 16, 190: 254, 191: 58, 192: 296, 193: 86, 194: 324, 195: 72, 196: 310, 197: 114, 198: 352, 199: 512, 200: 750}
Number of lables used:  24
Total time: 0.93 seconds
Memory used: 120.63 MB
--------------------------------------------------

Trying with at most 23 labels...
Solution:
{1: 778, 2: 540, 3: 750, 4: 512, 5: 156, 6: 394, 7: 58, 8: 296, 9: 86, 10: 324, 11: 114, 12: 352, 13: 16, 14: 254, 15: 114, 16: 352, 17: 652, 18: 414, 19: 114, 20: 352, 21: 540, 22: 778, 23: 86, 24: 324, 25: 86, 26: 324, 27: 456, 28: 694, 29: 16, 30: 254, 31: 750, 32: 512, 33: 254, 34: 16, 35: 540, 36: 778, 37: 652, 38: 414, 39: 652, 40: 414, 41: 652, 42: 414, 43: 750, 44: 512, 45: 254, 46: 16, 47: 58, 48: 296, 49: 58, 50: 296, 51: 16, 52: 254, 53: 652, 54: 414, 55: 456, 56: 694, 57: 694, 58: 456, 59: 512, 60: 750, 61: 750, 62: 512, 63: 652, 64: 414, 65: 750, 66: 512, 67: 414, 68: 652, 69: 652, 70: 414, 71: 86, 72: 324, 73: 694, 74: 456, 75: 16, 76: 254, 77: 456, 78: 694, 79: 30, 80: 268, 81: 352, 82: 114, 83: 30, 84: 268, 85: 254, 86: 16, 87: 324, 88: 86, 89: 268, 90: 30, 91: 114, 92: 352, 93: 778, 94: 540, 95: 394, 96: 156, 97: 86, 98: 324, 99: 114, 100: 352, 101: 114, 102: 352, 103: 268, 104: 30, 105: 114, 106: 352, 107: 16, 108: 254, 109: 456, 110: 694, 111: 16, 112: 254, 113: 324, 114: 86, 115: 694, 116: 456, 117: 156, 118: 394, 119: 16, 120: 254, 121: 58, 122: 296, 123: 414, 124: 652, 125: 540, 126: 778, 127: 694, 128: 456, 129: 170, 130: 408, 131: 456, 132: 694, 133: 254, 134: 16, 135: 30, 136: 268, 137: 58, 138: 296, 139: 456, 140: 694, 141: 750, 142: 512, 143: 30, 144: 268, 145: 750, 146: 512, 147: 296, 148: 58, 149: 268, 150: 30, 151: 30, 152: 268, 153: 86, 154: 324, 155: 540, 156: 778, 157: 750, 158: 512, 159: 652, 160: 414, 161: 16, 162: 254, 163: 324, 164: 86, 165: 540, 166: 778, 167: 394, 168: 156, 169: 156, 170: 394, 171: 652, 172: 414, 173: 16, 174: 254, 175: 114, 176: 352, 177: 750, 178: 512, 179: 652, 180: 414, 181: 296, 182: 58, 183: 30, 184: 268, 185: 156, 186: 394, 187: 114, 188: 352, 189: 16, 190: 254, 191: 58, 192: 296, 193: 414, 194: 652, 195: 456, 196: 694, 197: 114, 198: 352, 199: 324, 200: 86}
Number of lables used:  22
Total time: 0.95 seconds
Memory used: 120.63 MB
--------------------------------------------------

Trying with at most 21 labels...
Solution:
{1: 652, 2: 414, 3: 540, 4: 778, 5: 156, 6: 394, 7: 58, 8: 296, 9: 394, 10: 156, 11: 114, 12: 352, 13: 16, 14: 254, 15: 114, 16: 352, 17: 652, 18: 414, 19: 114, 20: 352, 21: 540, 22: 778, 23: 86, 24: 324, 25: 86, 26: 324, 27: 694, 28: 456, 29: 156, 30: 394, 31: 394, 32: 156, 33: 254, 34: 16, 35: 652, 36: 414, 37: 652, 38: 414, 39: 652, 40: 414, 41: 652, 42: 414, 43: 778, 44: 540, 45: 254, 46: 16, 47: 58, 48: 296, 49: 394, 50: 156, 51: 16, 52: 254, 53: 652, 54: 414, 55: 778, 56: 540, 57: 694, 58: 456, 59: 114, 60: 352, 61: 778, 62: 540, 63: 652, 64: 414, 65: 652, 66: 414, 67: 414, 68: 652, 69: 778, 70: 540, 71: 86, 72: 324, 73: 694, 74: 456, 75: 16, 76: 254, 77: 540, 78: 778, 79: 30, 80: 268, 81: 352, 82: 114, 83: 30, 84: 268, 85: 254, 86: 16, 87: 352, 88: 114, 89: 268, 90: 30, 91: 114, 92: 352, 93: 778, 94: 540, 95: 394, 96: 156, 97: 86, 98: 324, 99: 156, 100: 394, 101: 540, 102: 778, 103: 268, 104: 30, 105: 114, 106: 352, 107: 16, 108: 254, 109: 456, 110: 694, 111: 16, 112: 254, 113: 324, 114: 86, 115: 778, 116: 540, 117: 296, 118: 58, 119: 16, 120: 254, 121: 30, 122: 268, 123: 414, 124: 652, 125: 540, 126: 778, 127: 414, 128: 652, 129: 240, 130: 478, 131: 456, 132: 694, 133: 254, 134: 16, 135: 58, 136: 296, 137: 58, 138: 296, 139: 456, 140: 694, 141: 778, 142: 540, 143: 30, 144: 268, 145: 778, 146: 540, 147: 16, 148: 254, 149: 268, 150: 30, 151: 58, 152: 296, 153: 86, 154: 324, 155: 694, 156: 456, 157: 694, 158: 456, 159: 540, 160: 778, 161: 254, 162: 16, 163: 324, 164: 86, 165: 694, 166: 456, 167: 324, 168: 86, 169: 156, 170: 394, 171: 652, 172: 414, 173: 16, 174: 254, 175: 114, 176: 352, 177: 540, 178: 778, 179: 652, 180: 414, 181: 30, 182: 268, 183: 30, 184: 268, 185: 156, 186: 394, 187: 114, 188: 352, 189: 16, 190: 254, 191: 58, 192: 296, 193: 414, 194: 652, 195: 456, 196: 694, 197: 254, 198: 16, 199: 324, 200: 86}
Number of lables used:  20
Total time: 0.98 seconds
Memory used: 120.63 MB
--------------------------------------------------

Trying with at most 19 labels...
Solution:
{1: 652, 2: 414, 3: 540, 4: 778, 5: 156, 6: 394, 7: 456, 8: 694, 9: 394, 10: 156, 11: 114, 12: 352, 13: 16, 14: 254, 15: 58, 16: 296, 17: 652, 18: 414, 19: 114, 20: 352, 21: 540, 22: 778, 23: 156, 24: 394, 25: 778, 26: 540, 27: 694, 28: 456, 29: 156, 30: 394, 31: 414, 32: 652, 33: 254, 34: 16, 35: 652, 36: 414, 37: 16, 38: 254, 39: 652, 40: 414, 41: 652, 42: 414, 43: 778, 44: 540, 45: 254, 46: 16, 47: 58, 48: 296, 49: 394, 50: 156, 51: 16, 52: 254, 53: 652, 54: 414, 55: 778, 56: 540, 57: 114, 58: 352, 59: 254, 60: 16, 61: 778, 62: 540, 63: 652, 64: 414, 65: 652, 66: 414, 67: 414, 68: 652, 69: 16, 70: 254, 71: 114, 72: 352, 73: 694, 74: 456, 75: 16, 76: 254, 77: 540, 78: 778, 79: 30, 80: 268, 81: 156, 82: 394, 83: 30, 84: 268, 85: 540, 86: 778, 87: 352, 88: 114, 89: 114, 90: 352, 91: 114, 92: 352, 93: 778, 94: 540, 95: 352, 96: 114, 97: 114, 98: 352, 99: 156, 100: 394, 101: 540, 102: 778, 103: 268, 104: 30, 105: 114, 106: 352, 107: 16, 108: 254, 109: 456, 110: 694, 111: 16, 112: 254, 113: 58, 114: 296, 115: 114, 116: 352, 117: 296, 118: 58, 119: 16, 120: 254, 121: 30, 122: 268, 123: 540, 124: 778, 125: 540, 126: 778, 127: 414, 128: 652, 129: 240, 130: 478, 131: 268, 132: 30, 133: 296, 134: 58, 135: 540, 136: 778, 137: 58, 138: 296, 139: 456, 140: 694, 141: 456, 142: 694, 143: 30, 144: 268, 145: 778, 146: 540, 147: 16, 148: 254, 149: 268, 150: 30, 151: 58, 152: 296, 153: 456, 154: 694, 155: 694, 156: 456, 157: 694, 158: 456, 159: 540, 160: 778, 161: 254, 162: 16, 163: 268, 164: 30, 165: 694, 166: 456, 167: 30, 168: 268, 169: 156, 170: 394, 171: 652, 172: 414, 173: 16, 174: 254, 175: 114, 176: 352, 177: 540, 178: 778, 179: 652, 180: 414, 181: 114, 182: 352, 183: 30, 184: 268, 185: 156, 186: 394, 187: 114, 188: 352, 189: 114, 190: 352, 191: 156, 192: 394, 193: 414, 194: 652, 195: 456, 196: 694, 197: 456, 198: 694, 199: 30, 200: 268}
Number of lables used:  18
Total time: 1.01 seconds
Memory used: 120.63 MB
--------------------------------------------------

Trying with at most 17 labels...
Solution:
{1: 792, 2: 554, 3: 554, 4: 792, 5: 156, 6: 394, 7: 428, 8: 666, 9: 366, 10: 128, 11: 792, 12: 554, 13: 254, 14: 16, 15: 156, 16: 394, 17: 44, 18: 282, 19: 792, 20: 554, 21: 254, 22: 16, 23: 16, 24: 254, 25: 282, 26: 44, 27: 666, 28: 428, 29: 456, 30: 694, 31: 128, 32: 366, 33: 254, 34: 16, 35: 128, 36: 366, 37: 128, 38: 366, 39: 254, 40: 16, 41: 428, 42: 666, 43: 554, 44: 792, 45: 254, 46: 16, 47: 666, 48: 428, 49: 156, 50: 394, 51: 666, 52: 428, 53: 428, 54: 666, 55: 44, 56: 282, 57: 16, 58: 254, 59: 282, 60: 44, 61: 44, 62: 282, 63: 792, 64: 554, 65: 554, 66: 792, 67: 554, 68: 792, 69: 16, 70: 254, 71: 554, 72: 792, 73: 428, 74: 666, 75: 366, 76: 128, 77: 44, 78: 282, 79: 128, 80: 366, 81: 694, 82: 456, 83: 16, 84: 254, 85: 128, 86: 366, 87: 554, 88: 792, 89: 428, 90: 666, 91: 128, 92: 366, 93: 694, 94: 456, 95: 456, 96: 694, 97: 128, 98: 366, 99: 156, 100: 394, 101: 456, 102: 694, 103: 366, 104: 128, 105: 44, 106: 282, 107: 554, 108: 792, 109: 282, 110: 44, 111: 554, 112: 792, 113: 156, 114: 394, 115: 282, 116: 44, 117: 44, 118: 282, 119: 456, 120: 694, 121: 694, 122: 456, 123: 282, 124: 44, 125: 128, 126: 366, 127: 394, 128: 156, 129: 170, 130: 408, 131: 282, 132: 44, 133: 254, 134: 16, 135: 428, 136: 666, 137: 366, 138: 128, 139: 44, 140: 282, 141: 456, 142: 694, 143: 792, 144: 554, 145: 394, 146: 156, 147: 254, 148: 16, 149: 156, 150: 394, 151: 44, 152: 282, 153: 428, 154: 666, 155: 128, 156: 366, 157: 694, 158: 456, 159: 666, 160: 428, 161: 16, 162: 254, 163: 366, 164: 128, 165: 792, 166: 554, 167: 44, 168: 282, 169: 44, 170: 282, 171: 156, 172: 394, 173: 44, 174: 282, 175: 456, 176: 694, 177: 456, 178: 694, 179: 16, 180: 254, 181: 44, 182: 282, 183: 554, 184: 792, 185: 16, 186: 254, 187: 156, 188: 394, 189: 792, 190: 554, 191: 16, 192: 254, 193: 792, 194: 554, 195: 394, 196: 156, 197: 456, 198: 694, 199: 366, 200: 128}
Number of lables used:  16
Total time: 1.10 seconds
Memory used: 123.16 MB
--------------------------------------------------

Trying with at most 15 labels...
Solution:
{1: 156, 2: 394, 3: 394, 4: 156, 5: 414, 6: 652, 7: 764, 8: 526, 9: 282, 10: 44, 11: 16, 12: 254, 13: 764, 14: 526, 15: 16, 16: 254, 17: 156, 18: 394, 19: 652, 20: 414, 21: 254, 22: 16, 23: 254, 24: 16, 25: 764, 26: 526, 27: 156, 28: 394, 29: 44, 30: 282, 31: 16, 32: 254, 33: 254, 34: 16, 35: 526, 36: 764, 37: 44, 38: 282, 39: 484, 40: 722, 41: 16, 42: 254, 43: 526, 44: 764, 45: 282, 46: 44, 47: 44, 48: 282, 49: 254, 50: 16, 51: 526, 52: 764, 53: 764, 54: 526, 55: 156, 56: 394, 57: 484, 58: 722, 59: 282, 60: 44, 61: 764, 62: 526, 63: 156, 64: 394, 65: 652, 66: 414, 67: 526, 68: 764, 69: 652, 70: 414, 71: 484, 72: 722, 73: 484, 74: 722, 75: 764, 76: 526, 77: 526, 78: 764, 79: 156, 80: 394, 81: 156, 82: 394, 83: 254, 84: 16, 85: 282, 86: 44, 87: 484, 88: 722, 89: 526, 90: 764, 91: 484, 92: 722, 93: 764, 94: 526, 95: 652, 96: 414, 97: 156, 98: 394, 99: 156, 100: 394, 101: 484, 102: 722, 103: 44, 104: 282, 105: 282, 106: 44, 107: 282, 108: 44, 109: 764, 110: 526, 111: 254, 112: 16, 113: 16, 114: 254, 115: 764, 116: 526, 117: 414, 118: 652, 119: 156, 120: 394, 121: 44, 122: 282, 123: 764, 124: 526, 125: 526, 126: 764, 127: 722, 128: 484, 129: 240, 130: 478, 131: 282, 132: 44, 133: 254, 134: 16, 135: 764, 136: 526, 137: 44, 138: 282, 139: 526, 140: 764, 141: 526, 142: 764, 143: 652, 144: 414, 145: 394, 146: 156, 147: 414, 148: 652, 149: 394, 150: 156, 151: 764, 152: 526, 153: 44, 154: 282, 155: 414, 156: 652, 157: 722, 158: 484, 159: 526, 160: 764, 161: 44, 162: 282, 163: 16, 164: 254, 165: 16, 166: 254, 167: 414, 168: 652, 169: 156, 170: 394, 171: 484, 172: 722, 173: 156, 174: 394, 175: 414, 176: 652, 177: 282, 178: 44, 179: 722, 180: 484, 181: 414, 182: 652, 183: 652, 184: 414, 185: 156, 186: 394, 187: 254, 188: 16, 189: 722, 190: 484, 191: 484, 192: 722, 193: 526, 194: 764, 195: 722, 196: 484, 197: 394, 198: 156, 199: 282, 200: 44}
Number of lables used:  14
Total time: 1.16 seconds
Memory used: 123.15 MB
--------------------------------------------------

Trying with at most 13 labels...
Solution:
{1: 72, 2: 310, 3: 414, 4: 652, 5: 268, 6: 30, 7: 142, 8: 380, 9: 268, 10: 30, 11: 310, 12: 72, 13: 736, 14: 498, 15: 652, 16: 414, 17: 30, 18: 268, 19: 414, 20: 652, 21: 310, 22: 72, 23: 142, 24: 380, 25: 142, 26: 380, 27: 540, 28: 778, 29: 778, 30: 540, 31: 30, 32: 268, 33: 142, 34: 380, 35: 310, 36: 72, 37: 778, 38: 540, 39: 736, 40: 498, 41: 310, 42: 72, 43: 652, 44: 414, 45: 310, 46: 72, 47: 736, 48: 498, 49: 414, 50: 652, 51: 540, 52: 778, 53: 778, 54: 540, 55: 652, 56: 414, 57: 652, 58: 414, 59: 268, 60: 30, 61: 142, 62: 380, 63: 310, 64: 72, 65: 778, 66: 540, 67: 736, 68: 498, 69: 498, 70: 736, 71: 414, 72: 652, 73: 72, 74: 310, 75: 72, 76: 310, 77: 498, 78: 736, 79: 72, 80: 310, 81: 414, 82: 652, 83: 778, 84: 540, 85: 736, 86: 498, 87: 414, 88: 652, 89: 540, 90: 778, 91: 142, 92: 380, 93: 778, 94: 540, 95: 268, 96: 30, 97: 268, 98: 30, 99: 268, 100: 30, 101: 498, 102: 736, 103: 30, 104: 268, 105: 30, 106: 268, 107: 142, 108: 380, 109: 30, 110: 268, 111: 498, 112: 736, 113: 540, 114: 778, 115: 142, 116: 380, 117: 142, 118: 380, 119: 540, 120: 778, 121: 30, 122: 268, 123: 142, 124: 380, 125: 142, 126: 380, 127: 540, 128: 778, 129: 380, 130: 142, 131: 498, 132: 736, 133: 380, 134: 142, 135: 142, 136: 380, 137: 268, 138: 30, 139: 778, 140: 540, 141: 142, 142: 380, 143: 72, 144: 310, 145: 72, 146: 310, 147: 498, 148: 736, 149: 72, 150: 310, 151: 414, 152: 652, 153: 778, 154: 540, 155: 380, 156: 142, 157: 498, 158: 736, 159: 652, 160: 414, 161: 30, 162: 268, 163: 414, 164: 652, 165: 652, 166: 414, 167: 414, 168: 652, 169: 30, 170: 268, 171: 498, 172: 736, 173: 652, 174: 414, 175: 268, 176: 30, 177: 498, 178: 736, 179: 142, 180: 380, 181: 30, 182: 268, 183: 652, 184: 414, 185: 380, 186: 142, 187: 142, 188: 380, 189: 268, 190: 30, 191: 414, 192: 652, 193: 142, 194: 380, 195: 736, 196: 498, 197: 310, 198: 72, 199: 778, 200: 540}
Number of lables used:  12
Total time: 2.70 seconds
Memory used: 149.91 MB
--------------------------------------------------

Trying with at most 11 labels...
[runlim] sample:		9.98 time, 10.01 real, 155 MB, 1.02 load
[runlim] sample:		19.98 time, 20.01 real, 159 MB, 1.01 load
[runlim] sample:		29.97 time, 30.01 real, 159 MB, 1.01 load
Cannot find solution.
No more solutions found.
Optimal number of labels used:  12
Total time: 37.41 seconds
Memory used: 159.45 MB
[runlim] end:			Sat Jun 13 19:22:10 2026
[runlim] status:		ok
[runlim] result:		0
[runlim] children:		1
[runlim] processes:		2
[runlim] real:			37.47 seconds
[runlim] time:			37.37 seconds
[runlim] space:			173 MB
[runlim] load:			1.02 maximum
[runlim] samples:		375
