[runlim] version:		2.0.0rc12
[runlim] host:			ap-Precision-7550
[runlim] time limit:		311040000 seconds
[runlim] real time limit:	600 seconds
[runlim] space limit:		14000 MB
[runlim] argv[0]:		python3
[runlim] argv[1]:		-u
[runlim] argv[2]:		pairwise.py
[runlim] argv[3]:		TUD200.3
[runlim] argv[4]:		assumptions
[runlim] argv[5]:		1
[runlim] argv[6]:		card
[runlim] argv[7]:		1
[runlim] start:			Sat Jun 13 19:22:10 2026
[runlim] child:			16561
Exactly-one cardinality encoding:  1
Distance constraint mode:  card
Distance cardinality encoding:  1
Number of assignment variables:  7066
Number of clauses for exactly one constraints:  20598
Number of clauses for distance constraints:  413133
---------------------------------------------------
Solve first problem:
Solution:
{1: 428, 2: 666, 3: 352, 4: 114, 5: 268, 6: 30, 7: 470, 8: 708, 9: 352, 10: 114, 11: 380, 12: 142, 13: 792, 14: 554, 15: 680, 16: 442, 17: 170, 18: 408, 19: 128, 20: 366, 21: 282, 22: 44, 23: 394, 24: 156, 25: 540, 26: 778, 27: 652, 28: 414, 29: 142, 30: 380, 31: 428, 32: 666, 33: 44, 34: 282, 35: 114, 36: 352, 37: 666, 38: 428, 39: 652, 40: 414, 41: 254, 42: 16, 43: 268, 44: 30, 45: 338, 46: 100, 47: 512, 48: 750, 49: 16, 50: 254, 51: 666, 52: 428, 53: 652, 54: 414, 55: 414, 56: 652, 57: 114, 58: 352, 59: 86, 60: 324, 61: 254, 62: 16, 63: 498, 64: 736, 65: 680, 66: 442, 67: 540, 68: 778, 69: 722, 70: 484, 71: 58, 72: 296, 73: 680, 74: 442, 75: 72, 76: 310, 77: 58, 78: 296, 79: 778, 80: 540, 81: 16, 82: 254, 83: 16, 84: 254, 85: 282, 86: 44, 87: 156, 88: 394, 89: 764, 90: 526, 91: 254, 92: 16, 93: 310, 94: 72, 95: 442, 96: 680, 97: 142, 98: 380, 99: 142, 100: 380, 101: 750, 102: 512, 103: 324, 104: 86, 105: 352, 106: 114, 107: 44, 108: 282, 109: 414, 110: 652, 111: 72, 112: 310, 113: 792, 114: 554, 115: 652, 116: 414, 117: 428, 118: 666, 119: 310, 120: 72, 121: 240, 122: 478, 123: 296, 124: 58, 125: 666, 126: 428, 127: 428, 128: 666, 129: 324, 130: 86, 131: 478, 132: 240, 133: 100, 134: 338, 135: 254, 136: 16, 137: 652, 138: 414, 139: 268, 140: 30, 141: 142, 142: 380, 143: 296, 144: 58, 145: 456, 146: 694, 147: 268, 148: 30, 149: 254, 150: 16, 151: 352, 152: 114, 153: 414, 154: 652, 155: 100, 156: 338, 157: 268, 158: 30, 159: 30, 160: 268, 161: 296, 162: 58, 163: 254, 164: 16, 165: 254, 166: 16, 167: 380, 168: 142, 169: 310, 170: 72, 171: 254, 172: 16, 173: 366, 174: 128, 175: 338, 176: 100, 177: 324, 178: 86, 179: 380, 180: 142, 181: 254, 182: 16, 183: 310, 184: 72, 185: 30, 186: 268, 187: 254, 188: 16, 189: 722, 190: 484, 191: 268, 192: 30, 193: 324, 194: 86, 195: 736, 196: 498, 197: 282, 198: 44, 199: 254, 200: 16}
Number of lables used:  48
Total time: 0.69 seconds
Memory used: 111.28 MB
--------------------------------------------------
Number of label variables:  48
Number of clauses for label constraints:  7066
Number of new variables for cardinality constraints:  1175
Number of clauses for cardinality constraints:  4606
Initial variable count:  154630
Initial clause count:  445404
--------------------------------------------------

Trying with at most 47 labels...
Solution:
{1: 428, 2: 666, 3: 352, 4: 114, 5: 268, 6: 30, 7: 470, 8: 708, 9: 352, 10: 114, 11: 380, 12: 142, 13: 114, 14: 352, 15: 680, 16: 442, 17: 170, 18: 408, 19: 128, 20: 366, 21: 282, 22: 44, 23: 394, 24: 156, 25: 540, 26: 778, 27: 652, 28: 414, 29: 142, 30: 380, 31: 428, 32: 666, 33: 44, 34: 282, 35: 114, 36: 352, 37: 666, 38: 428, 39: 652, 40: 414, 41: 254, 42: 16, 43: 268, 44: 30, 45: 338, 46: 100, 47: 512, 48: 750, 49: 16, 50: 254, 51: 666, 52: 428, 53: 652, 54: 414, 55: 414, 56: 652, 57: 114, 58: 352, 59: 86, 60: 324, 61: 254, 62: 16, 63: 498, 64: 736, 65: 680, 66: 442, 67: 540, 68: 778, 69: 722, 70: 484, 71: 58, 72: 296, 73: 680, 74: 442, 75: 72, 76: 310, 77: 58, 78: 296, 79: 708, 80: 470, 81: 16, 82: 254, 83: 16, 84: 254, 85: 282, 86: 44, 87: 156, 88: 394, 89: 764, 90: 526, 91: 254, 92: 16, 93: 310, 94: 72, 95: 442, 96: 680, 97: 142, 98: 380, 99: 142, 100: 380, 101: 750, 102: 512, 103: 324, 104: 86, 105: 16, 106: 254, 107: 44, 108: 282, 109: 414, 110: 652, 111: 72, 112: 310, 113: 778, 114: 540, 115: 652, 116: 414, 117: 428, 118: 666, 119: 310, 120: 72, 121: 240, 122: 478, 123: 296, 124: 58, 125: 666, 126: 428, 127: 428, 128: 666, 129: 324, 130: 86, 131: 380, 132: 142, 133: 666, 134: 428, 135: 254, 136: 16, 137: 652, 138: 414, 139: 268, 140: 30, 141: 142, 142: 380, 143: 296, 144: 58, 145: 456, 146: 694, 147: 268, 148: 30, 149: 254, 150: 16, 151: 352, 152: 114, 153: 414, 154: 652, 155: 100, 156: 338, 157: 268, 158: 30, 159: 30, 160: 268, 161: 296, 162: 58, 163: 254, 164: 16, 165: 254, 166: 16, 167: 380, 168: 142, 169: 310, 170: 72, 171: 254, 172: 16, 173: 366, 174: 128, 175: 338, 176: 100, 177: 324, 178: 86, 179: 380, 180: 142, 181: 254, 182: 16, 183: 310, 184: 72, 185: 30, 186: 268, 187: 254, 188: 16, 189: 722, 190: 484, 191: 268, 192: 30, 193: 324, 194: 86, 195: 736, 196: 498, 197: 282, 198: 44, 199: 254, 200: 16}
Number of lables used:  46
Total time: 0.72 seconds
Memory used: 112.62 MB
--------------------------------------------------

Trying with at most 45 labels...
Solution:
{1: 428, 2: 666, 3: 352, 4: 114, 5: 268, 6: 30, 7: 470, 8: 708, 9: 352, 10: 114, 11: 380, 12: 142, 13: 114, 14: 352, 15: 680, 16: 442, 17: 170, 18: 408, 19: 128, 20: 366, 21: 282, 22: 44, 23: 394, 24: 156, 25: 540, 26: 778, 27: 652, 28: 414, 29: 142, 30: 380, 31: 428, 32: 666, 33: 44, 34: 282, 35: 114, 36: 352, 37: 666, 38: 428, 39: 652, 40: 414, 41: 254, 42: 16, 43: 268, 44: 30, 45: 338, 46: 100, 47: 540, 48: 778, 49: 16, 50: 254, 51: 666, 52: 428, 53: 652, 54: 414, 55: 414, 56: 652, 57: 114, 58: 352, 59: 86, 60: 324, 61: 254, 62: 16, 63: 498, 64: 736, 65: 680, 66: 442, 67: 540, 68: 778, 69: 722, 70: 484, 71: 58, 72: 296, 73: 680, 74: 442, 75: 72, 76: 310, 77: 58, 78: 296, 79: 708, 80: 470, 81: 16, 82: 254, 83: 16, 84: 254, 85: 282, 86: 44, 87: 156, 88: 394, 89: 778, 90: 540, 91: 254, 92: 16, 93: 310, 94: 72, 95: 442, 96: 680, 97: 142, 98: 380, 99: 142, 100: 380, 101: 778, 102: 540, 103: 324, 104: 86, 105: 16, 106: 254, 107: 44, 108: 282, 109: 414, 110: 652, 111: 72, 112: 310, 113: 778, 114: 540, 115: 652, 116: 414, 117: 428, 118: 666, 119: 310, 120: 72, 121: 240, 122: 478, 123: 296, 124: 58, 125: 666, 126: 428, 127: 428, 128: 666, 129: 324, 130: 86, 131: 380, 132: 142, 133: 666, 134: 428, 135: 254, 136: 16, 137: 652, 138: 414, 139: 268, 140: 30, 141: 142, 142: 380, 143: 296, 144: 58, 145: 456, 146: 694, 147: 268, 148: 30, 149: 254, 150: 16, 151: 352, 152: 114, 153: 414, 154: 652, 155: 100, 156: 338, 157: 268, 158: 30, 159: 30, 160: 268, 161: 296, 162: 58, 163: 254, 164: 16, 165: 254, 166: 16, 167: 380, 168: 142, 169: 310, 170: 72, 171: 254, 172: 16, 173: 366, 174: 128, 175: 338, 176: 100, 177: 324, 178: 86, 179: 380, 180: 142, 181: 254, 182: 16, 183: 310, 184: 72, 185: 30, 186: 268, 187: 254, 188: 16, 189: 722, 190: 484, 191: 268, 192: 30, 193: 324, 194: 86, 195: 736, 196: 498, 197: 282, 198: 44, 199: 254, 200: 16}
Number of lables used:  42
Total time: 0.73 seconds
Memory used: 112.62 MB
--------------------------------------------------

Trying with at most 41 labels...
Solution:
{1: 428, 2: 666, 3: 352, 4: 114, 5: 268, 6: 30, 7: 470, 8: 708, 9: 352, 10: 114, 11: 380, 12: 142, 13: 114, 14: 352, 15: 708, 16: 470, 17: 170, 18: 408, 19: 128, 20: 366, 21: 282, 22: 44, 23: 394, 24: 156, 25: 540, 26: 778, 27: 778, 28: 540, 29: 142, 30: 380, 31: 428, 32: 666, 33: 44, 34: 282, 35: 114, 36: 352, 37: 666, 38: 428, 39: 652, 40: 414, 41: 254, 42: 16, 43: 268, 44: 30, 45: 338, 46: 100, 47: 540, 48: 778, 49: 16, 50: 254, 51: 666, 52: 428, 53: 652, 54: 414, 55: 414, 56: 652, 57: 114, 58: 352, 59: 86, 60: 324, 61: 254, 62: 16, 63: 470, 64: 708, 65: 708, 66: 470, 67: 540, 68: 778, 69: 778, 70: 540, 71: 58, 72: 296, 73: 708, 74: 470, 75: 72, 76: 310, 77: 58, 78: 296, 79: 708, 80: 470, 81: 16, 82: 254, 83: 16, 84: 254, 85: 282, 86: 44, 87: 156, 88: 394, 89: 470, 90: 708, 91: 254, 92: 16, 93: 310, 94: 72, 95: 540, 96: 778, 97: 142, 98: 380, 99: 142, 100: 380, 101: 778, 102: 540, 103: 324, 104: 86, 105: 16, 106: 254, 107: 44, 108: 282, 109: 414, 110: 652, 111: 72, 112: 310, 113: 778, 114: 540, 115: 652, 116: 414, 117: 428, 118: 666, 119: 310, 120: 72, 121: 240, 122: 478, 123: 296, 124: 58, 125: 666, 126: 428, 127: 470, 128: 708, 129: 324, 130: 86, 131: 380, 132: 142, 133: 666, 134: 428, 135: 254, 136: 16, 137: 652, 138: 414, 139: 268, 140: 30, 141: 142, 142: 380, 143: 296, 144: 58, 145: 470, 146: 708, 147: 268, 148: 30, 149: 254, 150: 16, 151: 352, 152: 114, 153: 414, 154: 652, 155: 100, 156: 338, 157: 268, 158: 30, 159: 30, 160: 268, 161: 296, 162: 58, 163: 254, 164: 16, 165: 254, 166: 16, 167: 380, 168: 142, 169: 310, 170: 72, 171: 254, 172: 16, 173: 366, 174: 128, 175: 338, 176: 100, 177: 324, 178: 86, 179: 380, 180: 142, 181: 254, 182: 16, 183: 310, 184: 72, 185: 30, 186: 268, 187: 254, 188: 16, 189: 778, 190: 540, 191: 268, 192: 30, 193: 324, 194: 86, 195: 414, 196: 652, 197: 282, 198: 44, 199: 254, 200: 16}
Number of lables used:  34
Total time: 0.76 seconds
Memory used: 112.62 MB
--------------------------------------------------

Trying with at most 33 labels...
Solution:
{1: 428, 2: 666, 3: 352, 4: 114, 5: 268, 6: 30, 7: 470, 8: 708, 9: 352, 10: 114, 11: 380, 12: 142, 13: 114, 14: 352, 15: 708, 16: 470, 17: 142, 18: 380, 19: 128, 20: 366, 21: 282, 22: 44, 23: 778, 24: 540, 25: 540, 26: 778, 27: 778, 28: 540, 29: 142, 30: 380, 31: 428, 32: 666, 33: 44, 34: 282, 35: 114, 36: 352, 37: 666, 38: 428, 39: 652, 40: 414, 41: 114, 42: 352, 43: 268, 44: 30, 45: 338, 46: 100, 47: 540, 48: 778, 49: 16, 50: 254, 51: 666, 52: 428, 53: 652, 54: 414, 55: 414, 56: 652, 57: 114, 58: 352, 59: 86, 60: 324, 61: 254, 62: 16, 63: 470, 64: 708, 65: 708, 66: 470, 67: 540, 68: 778, 69: 778, 70: 540, 71: 58, 72: 296, 73: 708, 74: 470, 75: 72, 76: 310, 77: 58, 78: 296, 79: 708, 80: 470, 81: 16, 82: 254, 83: 16, 84: 254, 85: 282, 86: 44, 87: 156, 88: 394, 89: 470, 90: 708, 91: 254, 92: 16, 93: 310, 94: 72, 95: 540, 96: 778, 97: 240, 98: 478, 99: 478, 100: 240, 101: 778, 102: 540, 103: 324, 104: 86, 105: 16, 106: 254, 107: 44, 108: 282, 109: 414, 110: 652, 111: 72, 112: 310, 113: 778, 114: 540, 115: 652, 116: 414, 117: 428, 118: 666, 119: 310, 120: 72, 121: 380, 122: 142, 123: 296, 124: 58, 125: 666, 126: 428, 127: 470, 128: 708, 129: 324, 130: 86, 131: 380, 132: 142, 133: 666, 134: 428, 135: 254, 136: 16, 137: 652, 138: 414, 139: 268, 140: 30, 141: 142, 142: 380, 143: 296, 144: 58, 145: 470, 146: 708, 147: 268, 148: 30, 149: 254, 150: 16, 151: 352, 152: 114, 153: 414, 154: 652, 155: 100, 156: 338, 157: 268, 158: 30, 159: 30, 160: 268, 161: 296, 162: 58, 163: 254, 164: 16, 165: 254, 166: 16, 167: 380, 168: 142, 169: 310, 170: 72, 171: 254, 172: 16, 173: 366, 174: 128, 175: 338, 176: 100, 177: 324, 178: 86, 179: 380, 180: 142, 181: 254, 182: 16, 183: 310, 184: 72, 185: 30, 186: 268, 187: 254, 188: 16, 189: 778, 190: 540, 191: 268, 192: 30, 193: 324, 194: 86, 195: 414, 196: 652, 197: 282, 198: 44, 199: 254, 200: 16}
Number of lables used:  32
Total time: 0.77 seconds
Memory used: 112.62 MB
--------------------------------------------------

Trying with at most 31 labels...
Solution:
{1: 428, 2: 666, 3: 352, 4: 114, 5: 268, 6: 30, 7: 470, 8: 708, 9: 380, 10: 142, 11: 380, 12: 142, 13: 114, 14: 352, 15: 708, 16: 470, 17: 380, 18: 142, 19: 30, 20: 268, 21: 282, 22: 44, 23: 778, 24: 540, 25: 540, 26: 778, 27: 778, 28: 540, 29: 142, 30: 380, 31: 428, 32: 666, 33: 44, 34: 282, 35: 114, 36: 352, 37: 666, 38: 428, 39: 58, 40: 296, 41: 114, 42: 352, 43: 268, 44: 30, 45: 338, 46: 100, 47: 540, 48: 778, 49: 16, 50: 254, 51: 666, 52: 428, 53: 652, 54: 414, 55: 414, 56: 652, 57: 114, 58: 352, 59: 100, 60: 338, 61: 254, 62: 16, 63: 470, 64: 708, 65: 708, 66: 470, 67: 540, 68: 778, 69: 778, 70: 540, 71: 58, 72: 296, 73: 778, 74: 540, 75: 72, 76: 310, 77: 100, 78: 338, 79: 708, 80: 470, 81: 16, 82: 254, 83: 16, 84: 254, 85: 352, 86: 114, 87: 470, 88: 708, 89: 470, 90: 708, 91: 100, 92: 338, 93: 338, 94: 100, 95: 540, 96: 778, 97: 240, 98: 478, 99: 478, 100: 240, 101: 778, 102: 540, 103: 338, 104: 100, 105: 16, 106: 254, 107: 44, 108: 282, 109: 414, 110: 652, 111: 72, 112: 310, 113: 778, 114: 540, 115: 652, 116: 414, 117: 428, 118: 666, 119: 310, 120: 72, 121: 380, 122: 142, 123: 296, 124: 58, 125: 666, 126: 428, 127: 470, 128: 708, 129: 352, 130: 114, 131: 380, 132: 142, 133: 666, 134: 428, 135: 254, 136: 16, 137: 652, 138: 414, 139: 268, 140: 30, 141: 142, 142: 380, 143: 296, 144: 58, 145: 470, 146: 708, 147: 268, 148: 30, 149: 254, 150: 16, 151: 352, 152: 114, 153: 414, 154: 652, 155: 100, 156: 338, 157: 268, 158: 30, 159: 30, 160: 268, 161: 296, 162: 58, 163: 254, 164: 16, 165: 254, 166: 16, 167: 380, 168: 142, 169: 310, 170: 72, 171: 254, 172: 16, 173: 366, 174: 128, 175: 338, 176: 100, 177: 338, 178: 100, 179: 380, 180: 142, 181: 268, 182: 30, 183: 310, 184: 72, 185: 30, 186: 268, 187: 254, 188: 16, 189: 778, 190: 540, 191: 268, 192: 30, 193: 338, 194: 100, 195: 470, 196: 708, 197: 282, 198: 44, 199: 254, 200: 16}
Number of lables used:  28
Total time: 0.79 seconds
Memory used: 112.62 MB
--------------------------------------------------

Trying with at most 27 labels...
Solution:
{1: 428, 2: 666, 3: 470, 4: 708, 5: 268, 6: 30, 7: 470, 8: 708, 9: 114, 10: 352, 11: 380, 12: 142, 13: 114, 14: 352, 15: 470, 16: 708, 17: 380, 18: 142, 19: 540, 20: 778, 21: 58, 22: 296, 23: 778, 24: 540, 25: 540, 26: 778, 27: 778, 28: 540, 29: 142, 30: 380, 31: 100, 32: 338, 33: 44, 34: 282, 35: 114, 36: 352, 37: 310, 38: 72, 39: 708, 40: 470, 41: 114, 42: 352, 43: 470, 44: 708, 45: 100, 46: 338, 47: 778, 48: 540, 49: 16, 50: 254, 51: 666, 52: 428, 53: 142, 54: 380, 55: 540, 56: 778, 57: 142, 58: 380, 59: 100, 60: 338, 61: 254, 62: 16, 63: 540, 64: 778, 65: 708, 66: 470, 67: 58, 68: 296, 69: 100, 70: 338, 71: 58, 72: 296, 73: 778, 74: 540, 75: 72, 76: 310, 77: 142, 78: 380, 79: 708, 80: 470, 81: 16, 82: 254, 83: 16, 84: 254, 85: 666, 86: 428, 87: 470, 88: 708, 89: 778, 90: 540, 91: 254, 92: 16, 93: 666, 94: 428, 95: 540, 96: 778, 97: 240, 98: 478, 99: 478, 100: 240, 101: 778, 102: 540, 103: 338, 104: 100, 105: 16, 106: 254, 107: 44, 108: 282, 109: 428, 110: 666, 111: 72, 112: 310, 113: 16, 114: 254, 115: 16, 116: 254, 117: 428, 118: 666, 119: 540, 120: 778, 121: 380, 122: 142, 123: 296, 124: 58, 125: 666, 126: 428, 127: 470, 128: 708, 129: 352, 130: 114, 131: 380, 132: 142, 133: 540, 134: 778, 135: 666, 136: 428, 137: 708, 138: 470, 139: 268, 140: 30, 141: 142, 142: 380, 143: 296, 144: 58, 145: 666, 146: 428, 147: 268, 148: 30, 149: 254, 150: 16, 151: 428, 152: 666, 153: 708, 154: 470, 155: 100, 156: 338, 157: 268, 158: 30, 159: 30, 160: 268, 161: 296, 162: 58, 163: 282, 164: 44, 165: 254, 166: 16, 167: 380, 168: 142, 169: 310, 170: 72, 171: 254, 172: 16, 173: 30, 174: 268, 175: 338, 176: 100, 177: 380, 178: 142, 179: 380, 180: 142, 181: 58, 182: 296, 183: 310, 184: 72, 185: 30, 186: 268, 187: 254, 188: 16, 189: 100, 190: 338, 191: 268, 192: 30, 193: 142, 194: 380, 195: 16, 196: 254, 197: 666, 198: 428, 199: 254, 200: 16}
Number of lables used:  24
Total time: 0.81 seconds
Memory used: 112.62 MB
--------------------------------------------------

Trying with at most 23 labels...
Solution:
{1: 114, 2: 352, 3: 470, 4: 708, 5: 268, 6: 30, 7: 470, 8: 708, 9: 114, 10: 352, 11: 380, 12: 142, 13: 114, 14: 352, 15: 470, 16: 708, 17: 380, 18: 142, 19: 540, 20: 778, 21: 58, 22: 296, 23: 778, 24: 540, 25: 540, 26: 778, 27: 778, 28: 540, 29: 142, 30: 380, 31: 100, 32: 338, 33: 44, 34: 282, 35: 114, 36: 352, 37: 44, 38: 282, 39: 708, 40: 470, 41: 114, 42: 352, 43: 470, 44: 708, 45: 470, 46: 708, 47: 778, 48: 540, 49: 16, 50: 254, 51: 666, 52: 428, 53: 142, 54: 380, 55: 540, 56: 778, 57: 142, 58: 380, 59: 100, 60: 338, 61: 254, 62: 16, 63: 540, 64: 778, 65: 708, 66: 470, 67: 58, 68: 296, 69: 100, 70: 338, 71: 58, 72: 296, 73: 100, 74: 338, 75: 470, 76: 708, 77: 142, 78: 380, 79: 708, 80: 470, 81: 16, 82: 254, 83: 428, 84: 666, 85: 666, 86: 428, 87: 540, 88: 778, 89: 778, 90: 540, 91: 254, 92: 16, 93: 666, 94: 428, 95: 540, 96: 778, 97: 240, 98: 478, 99: 478, 100: 240, 101: 778, 102: 540, 103: 142, 104: 380, 105: 16, 106: 254, 107: 44, 108: 282, 109: 428, 110: 666, 111: 708, 112: 470, 113: 16, 114: 254, 115: 16, 116: 254, 117: 540, 118: 778, 119: 540, 120: 778, 121: 380, 122: 142, 123: 296, 124: 58, 125: 666, 126: 428, 127: 470, 128: 708, 129: 352, 130: 114, 131: 380, 132: 142, 133: 540, 134: 778, 135: 666, 136: 428, 137: 708, 138: 470, 139: 268, 140: 30, 141: 142, 142: 380, 143: 296, 144: 58, 145: 666, 146: 428, 147: 268, 148: 30, 149: 254, 150: 16, 151: 428, 152: 666, 153: 708, 154: 470, 155: 666, 156: 428, 157: 268, 158: 30, 159: 30, 160: 268, 161: 296, 162: 58, 163: 282, 164: 44, 165: 254, 166: 16, 167: 380, 168: 142, 169: 338, 170: 100, 171: 254, 172: 16, 173: 30, 174: 268, 175: 338, 176: 100, 177: 380, 178: 142, 179: 478, 180: 240, 181: 58, 182: 296, 183: 114, 184: 352, 185: 30, 186: 268, 187: 254, 188: 16, 189: 100, 190: 338, 191: 268, 192: 30, 193: 142, 194: 380, 195: 16, 196: 254, 197: 666, 198: 428, 199: 254, 200: 16}
Number of lables used:  22
Total time: 0.84 seconds
Memory used: 112.62 MB
--------------------------------------------------

Trying with at most 21 labels...
Solution:
{1: 470, 2: 708, 3: 470, 4: 708, 5: 296, 6: 58, 7: 470, 8: 708, 9: 114, 10: 352, 11: 408, 12: 170, 13: 114, 14: 352, 15: 708, 16: 470, 17: 240, 18: 478, 19: 778, 20: 540, 21: 58, 22: 296, 23: 156, 24: 394, 25: 540, 26: 778, 27: 778, 28: 540, 29: 156, 30: 394, 31: 394, 32: 156, 33: 44, 34: 282, 35: 114, 36: 352, 37: 44, 38: 282, 39: 394, 40: 156, 41: 352, 42: 114, 43: 470, 44: 708, 45: 156, 46: 394, 47: 778, 48: 540, 49: 16, 50: 254, 51: 470, 52: 708, 53: 156, 54: 394, 55: 156, 56: 394, 57: 114, 58: 352, 59: 114, 60: 352, 61: 352, 62: 114, 63: 540, 64: 778, 65: 778, 66: 540, 67: 58, 68: 296, 69: 30, 70: 268, 71: 540, 72: 778, 73: 156, 74: 394, 75: 156, 76: 394, 77: 114, 78: 352, 79: 708, 80: 470, 81: 16, 82: 254, 83: 352, 84: 114, 85: 470, 86: 708, 87: 156, 88: 394, 89: 470, 90: 708, 91: 282, 92: 44, 93: 268, 94: 30, 95: 540, 96: 778, 97: 240, 98: 478, 99: 170, 100: 408, 101: 282, 102: 44, 103: 470, 104: 708, 105: 352, 106: 114, 107: 44, 108: 282, 109: 470, 110: 708, 111: 778, 112: 540, 113: 16, 114: 254, 115: 16, 116: 254, 117: 778, 118: 540, 119: 352, 120: 114, 121: 240, 122: 478, 123: 16, 124: 254, 125: 58, 126: 296, 127: 470, 128: 708, 129: 778, 130: 540, 131: 170, 132: 408, 133: 470, 134: 708, 135: 44, 136: 282, 137: 470, 138: 708, 139: 268, 140: 30, 141: 352, 142: 114, 143: 296, 144: 58, 145: 16, 146: 254, 147: 394, 148: 156, 149: 254, 150: 16, 151: 540, 152: 778, 153: 778, 154: 540, 155: 708, 156: 470, 157: 44, 158: 282, 159: 30, 160: 268, 161: 268, 162: 30, 163: 282, 164: 44, 165: 254, 166: 16, 167: 394, 168: 156, 169: 352, 170: 114, 171: 254, 172: 16, 173: 470, 174: 708, 175: 352, 176: 114, 177: 394, 178: 156, 179: 170, 180: 408, 181: 778, 182: 540, 183: 114, 184: 352, 185: 30, 186: 268, 187: 254, 188: 16, 189: 470, 190: 708, 191: 268, 192: 30, 193: 156, 194: 394, 195: 16, 196: 254, 197: 540, 198: 778, 199: 254, 200: 16}
Number of lables used:  20
Total time: 0.87 seconds
Memory used: 112.62 MB
--------------------------------------------------

Trying with at most 19 labels...
Solution:
{1: 540, 2: 778, 3: 414, 4: 652, 5: 156, 6: 394, 7: 414, 8: 652, 9: 652, 10: 414, 11: 408, 12: 170, 13: 414, 14: 652, 15: 414, 16: 652, 17: 408, 18: 170, 19: 652, 20: 414, 21: 100, 22: 338, 23: 778, 24: 540, 25: 394, 26: 156, 27: 652, 28: 414, 29: 394, 30: 156, 31: 254, 32: 16, 33: 44, 34: 282, 35: 100, 36: 338, 37: 778, 38: 540, 39: 652, 40: 414, 41: 100, 42: 338, 43: 44, 44: 282, 45: 16, 46: 254, 47: 778, 48: 540, 49: 254, 50: 16, 51: 100, 52: 338, 53: 778, 54: 540, 55: 778, 56: 540, 57: 414, 58: 652, 59: 414, 60: 652, 61: 254, 62: 16, 63: 540, 64: 778, 65: 254, 66: 16, 67: 666, 68: 428, 69: 44, 70: 282, 71: 540, 72: 778, 73: 778, 74: 540, 75: 414, 76: 652, 77: 44, 78: 282, 79: 778, 80: 540, 81: 16, 82: 254, 83: 338, 84: 100, 85: 540, 86: 778, 87: 394, 88: 156, 89: 414, 90: 652, 91: 156, 92: 394, 93: 428, 94: 666, 95: 338, 96: 100, 97: 408, 98: 170, 99: 478, 100: 240, 101: 540, 102: 778, 103: 44, 104: 282, 105: 100, 106: 338, 107: 666, 108: 428, 109: 540, 110: 778, 111: 100, 112: 338, 113: 100, 114: 338, 115: 16, 116: 254, 117: 428, 118: 666, 119: 100, 120: 338, 121: 408, 122: 170, 123: 282, 124: 44, 125: 100, 126: 338, 127: 428, 128: 666, 129: 428, 130: 666, 131: 478, 132: 240, 133: 540, 134: 778, 135: 666, 136: 428, 137: 652, 138: 414, 139: 666, 140: 428, 141: 338, 142: 100, 143: 540, 144: 778, 145: 540, 146: 778, 147: 540, 148: 778, 149: 254, 150: 16, 151: 156, 152: 394, 153: 778, 154: 540, 155: 778, 156: 540, 157: 428, 158: 666, 159: 16, 160: 254, 161: 44, 162: 282, 163: 394, 164: 156, 165: 254, 166: 16, 167: 156, 168: 394, 169: 282, 170: 44, 171: 254, 172: 16, 173: 282, 174: 44, 175: 428, 176: 666, 177: 254, 178: 16, 179: 408, 180: 170, 181: 16, 182: 254, 183: 338, 184: 100, 185: 282, 186: 44, 187: 16, 188: 254, 189: 100, 190: 338, 191: 44, 192: 282, 193: 156, 194: 394, 195: 254, 196: 16, 197: 338, 198: 100, 199: 254, 200: 16}
Number of lables used:  18
Total time: 0.91 seconds
Memory used: 112.62 MB
--------------------------------------------------

Trying with at most 17 labels...
Solution:
{1: 512, 2: 750, 3: 792, 4: 554, 5: 16, 6: 254, 7: 554, 8: 792, 9: 554, 10: 792, 11: 408, 12: 170, 13: 554, 14: 792, 15: 254, 16: 16, 17: 240, 18: 478, 19: 156, 20: 394, 21: 100, 22: 338, 23: 512, 24: 750, 25: 554, 26: 792, 27: 792, 28: 554, 29: 512, 30: 750, 31: 338, 32: 100, 33: 100, 34: 338, 35: 44, 36: 282, 37: 750, 38: 512, 39: 554, 40: 792, 41: 16, 42: 254, 43: 44, 44: 282, 45: 394, 46: 156, 47: 750, 48: 512, 49: 254, 50: 16, 51: 100, 52: 338, 53: 44, 54: 282, 55: 44, 56: 282, 57: 792, 58: 554, 59: 554, 60: 792, 61: 16, 62: 254, 63: 512, 64: 750, 65: 156, 66: 394, 67: 156, 68: 394, 69: 44, 70: 282, 71: 750, 72: 512, 73: 338, 74: 100, 75: 394, 76: 156, 77: 44, 78: 282, 79: 750, 80: 512, 81: 16, 82: 254, 83: 254, 84: 16, 85: 512, 86: 750, 87: 338, 88: 100, 89: 792, 90: 554, 91: 16, 92: 254, 93: 394, 94: 156, 95: 44, 96: 282, 97: 170, 98: 408, 99: 170, 100: 408, 101: 156, 102: 394, 103: 554, 104: 792, 105: 100, 106: 338, 107: 44, 108: 282, 109: 554, 110: 792, 111: 512, 112: 750, 113: 44, 114: 282, 115: 16, 116: 254, 117: 512, 118: 750, 119: 100, 120: 338, 121: 240, 122: 478, 123: 512, 124: 750, 125: 512, 126: 750, 127: 750, 128: 512, 129: 100, 130: 338, 131: 408, 132: 170, 133: 44, 134: 282, 135: 16, 136: 254, 137: 554, 138: 792, 139: 44, 140: 282, 141: 44, 142: 282, 143: 338, 144: 100, 145: 512, 146: 750, 147: 156, 148: 394, 149: 254, 150: 16, 151: 792, 152: 554, 153: 750, 154: 512, 155: 554, 156: 792, 157: 100, 158: 338, 159: 16, 160: 254, 161: 44, 162: 282, 163: 394, 164: 156, 165: 254, 166: 16, 167: 394, 168: 156, 169: 338, 170: 100, 171: 254, 172: 16, 173: 338, 174: 100, 175: 512, 176: 750, 177: 394, 178: 156, 179: 408, 180: 170, 181: 16, 182: 254, 183: 282, 184: 44, 185: 100, 186: 338, 187: 156, 188: 394, 189: 512, 190: 750, 191: 100, 192: 338, 193: 156, 194: 394, 195: 254, 196: 16, 197: 512, 198: 750, 199: 338, 200: 100}
Number of lables used:  16
Total time: 0.99 seconds
Memory used: 114.85 MB
--------------------------------------------------

Trying with at most 15 labels...
Solution:
{1: 142, 2: 380, 3: 414, 4: 652, 5: 16, 6: 254, 7: 254, 8: 16, 9: 254, 10: 16, 11: 240, 12: 478, 13: 86, 14: 324, 15: 142, 16: 380, 17: 240, 18: 478, 19: 414, 20: 652, 21: 324, 22: 86, 23: 142, 24: 380, 25: 414, 26: 652, 27: 652, 28: 414, 29: 44, 30: 282, 31: 254, 32: 16, 33: 86, 34: 324, 35: 142, 36: 380, 37: 44, 38: 282, 39: 652, 40: 414, 41: 44, 42: 282, 43: 142, 44: 380, 45: 512, 46: 750, 47: 512, 48: 750, 49: 324, 50: 86, 51: 512, 52: 750, 53: 512, 54: 750, 55: 324, 56: 86, 57: 414, 58: 652, 59: 44, 60: 282, 61: 324, 62: 86, 63: 750, 64: 512, 65: 652, 66: 414, 67: 380, 68: 142, 69: 282, 70: 44, 71: 652, 72: 414, 73: 750, 74: 512, 75: 380, 76: 142, 77: 44, 78: 282, 79: 86, 80: 324, 81: 16, 82: 254, 83: 324, 84: 86, 85: 512, 86: 750, 87: 750, 88: 512, 89: 414, 90: 652, 91: 16, 92: 254, 93: 16, 94: 254, 95: 380, 96: 142, 97: 478, 98: 240, 99: 142, 100: 380, 101: 16, 102: 254, 103: 86, 104: 324, 105: 282, 106: 44, 107: 16, 108: 254, 109: 324, 110: 86, 111: 44, 112: 282, 113: 44, 114: 282, 115: 652, 116: 414, 117: 750, 118: 512, 119: 380, 120: 142, 121: 240, 122: 478, 123: 652, 124: 414, 125: 750, 126: 512, 127: 652, 128: 414, 129: 282, 130: 44, 131: 380, 132: 142, 133: 512, 134: 750, 135: 16, 136: 254, 137: 652, 138: 414, 139: 86, 140: 324, 141: 44, 142: 282, 143: 44, 144: 282, 145: 750, 146: 512, 147: 324, 148: 86, 149: 142, 150: 380, 151: 750, 152: 512, 153: 512, 154: 750, 155: 652, 156: 414, 157: 512, 158: 750, 159: 16, 160: 254, 161: 512, 162: 750, 163: 324, 164: 86, 165: 16, 166: 254, 167: 86, 168: 324, 169: 324, 170: 86, 171: 652, 172: 414, 173: 44, 174: 282, 175: 750, 176: 512, 177: 652, 178: 414, 179: 478, 180: 240, 181: 142, 182: 380, 183: 380, 184: 142, 185: 512, 186: 750, 187: 44, 188: 282, 189: 750, 190: 512, 191: 86, 192: 324, 193: 282, 194: 44, 195: 254, 196: 16, 197: 324, 198: 86, 199: 254, 200: 16}
Number of lables used:  14
Total time: 3.54 seconds
Memory used: 132.44 MB
--------------------------------------------------

Trying with at most 13 labels...
Cannot find solution.
No more solutions found.
Optimal number of labels used:  14
Total time: 4.98 seconds
Memory used: 146.09 MB
[runlim] end:			Sat Jun 13 19:22:16 2026
[runlim] status:		ok
[runlim] result:		0
[runlim] children:		1
[runlim] processes:		2
[runlim] real:			5.04 seconds
[runlim] time:			5.00 seconds
[runlim] space:			158 MB
[runlim] load:			1.01 maximum
[runlim] samples:		51
