[runlim] version:		2.0.0rc12
[runlim] host:			ap-Precision-7550
[runlim] time limit:		311040000 seconds
[runlim] real time limit:	600 seconds
[runlim] space limit:		14000 MB
[runlim] argv[0]:		python3
[runlim] argv[1]:		-u
[runlim] argv[2]:		pairwise.py
[runlim] argv[3]:		TUD916.5
[runlim] argv[4]:		assumptions
[runlim] argv[5]:		1
[runlim] argv[6]:		card
[runlim] argv[7]:		1
[runlim] start:			Sat Jun 13 19:23:56 2026
[runlim] child:			16583
Exactly-one cardinality encoding:  1
Distance constraint mode:  card
Distance cardinality encoding:  1
Warning: variable 366 has no valid labels after preprocessing.
Cannot find solution!
Time taken: 0.14 seconds
Memory used: 21.32 MB
[runlim] end:			Sat Jun 13 19:23:56 2026
[runlim] status:		ok
[runlim] result:		0
[runlim] children:		1
[runlim] processes:		2
[runlim] real:			0.19 seconds
[runlim] time:			0.10 seconds
[runlim] space:			21 MB
[runlim] load:			1.07 maximum
[runlim] samples:		2
