[runlim] version:		2.0.0rc12
[runlim] host:			ap-Precision-7550
[runlim] time limit:		311040000 seconds
[runlim] real time limit:	600 seconds
[runlim] space limit:		14000 MB
[runlim] argv[0]:		python3
[runlim] argv[1]:		cp.py
[runlim] argv[2]:		graph06
[runlim] start:			Thu Mar 26 04:06:32 2026
[runlim] child:			31827
Warning: variable 365 has no valid labels after preprocessing.
Cannot find solution!
Time taken: 0.10 seconds
Memory used: 23.16 MB
[runlim] end:			Thu Mar 26 04:06:33 2026
[runlim] status:		ok
[runlim] result:		0
[runlim] children:		1
[runlim] processes:		2
[runlim] real:			0.17 seconds
[runlim] time:			0.10 seconds
[runlim] space:			23 MB
[runlim] load:			9.12 maximum
[runlim] samples:		2
