[runlim] version:		2.0.0rc12
[runlim] host:			ap-Precision-7550
[runlim] time limit:		311040000 seconds
[runlim] real time limit:	600 seconds
[runlim] space limit:		14000 MB
[runlim] argv[0]:		python3
[runlim] argv[1]:		cp.py
[runlim] argv[2]:		graph13
[runlim] start:			Thu Mar 26 04:16:34 2026
[runlim] child:			31888
Warning: variable 777 has no valid labels after preprocessing.
Cannot find solution!
Time taken: 0.25 seconds
Memory used: 24.00 MB
[runlim] end:			Thu Mar 26 04:16:34 2026
[runlim] status:		ok
[runlim] result:		0
[runlim] children:		1
[runlim] processes:		2
[runlim] real:			0.32 seconds
[runlim] time:			0.30 seconds
[runlim] space:			24 MB
[runlim] load:			6.32 maximum
[runlim] samples:		4
