[runlim] version:		2.0.0rc12
[runlim] host:			ap-Precision-7550
[runlim] time limit:		311040000 seconds
[runlim] real time limit:	600 seconds
[runlim] space limit:		14000 MB
[runlim] argv[0]:		python3
[runlim] argv[1]:		cp.py
[runlim] argv[2]:		scen05
[runlim] start:			Thu Mar 26 04:16:34 2026
[runlim] child:			31891
--- Building model for 400 variables ---
--- Solving with CP Optimizer (Integer Mode) ---
 ! --------------------------------------------------- CP Optimizer 22.1.1.0 --
 ! Minimization problem - 400 variables, 2598 constraints
 ! LogVerbosity         = Terse
 ! Initial process time : 0.01s (0.01s extraction + 0.00s propagation)
 !  . Log search space  : 724.1 (before), 724.1 (after)
 !  . Memory usage      : 854.3 kB (before), 854.3 kB (after)
 ! Using parallel search with 12 workers.
 ! ----------------------------------------------------------------------------
 !          Best Branches  Non-fixed    W       Branch decision
                        0        400                 -
 + New bound is 0
                        0        222                 -
 + New bound is 34
                        0        222    1            -
 + New bound is 35
                      282        134    1   F   240 != node_293
 + New bound is 36
 *            44      418  0.10s        1      (gap is 18.18%)
 *            42      518  0.10s        3      (gap is 14.29%)
 *            40      504  0.10s        5      (gap is 10.00%)
              40     2776          2    1            -
 + New bound is 40 (gap is 0.00%)
 ! ----------------------------------------------------------------------------
 ! Search completed, 3 solutions found.
 ! Best objective         : 40 (optimal - effective tol. is 0)
 ! Best bound             : 40
 ! ----------------------------------------------------------------------------
 ! Number of branches     : 33269
 ! Number of fails        : 11208
 ! Total memory usage     : 27.4 MB (27.2 MB CP Optimizer + 0.2 MB Concert)
 ! Time spent in solve    : 0.30s (0.29s engine + 0.01s extraction)
 ! Search speed (br. / s) : 118817.9
 ! ----------------------------------------------------------------------------

==============================
OPTIMAL SOLUTION:
Label list: [156, 394, 156, 394, 16, 254, 30, 268, 456, 694, 380, 142, 128, 366, 414, 652, 792, 554, 554, 792, 16, 254, 708, 470, 666, 428, 442, 680, 72, 310, 414, 652, 128, 366, 764, 526, 44, 282, 282, 44, 442, 680, 736, 498, 254, 16, 310, 72, 736, 498, 792, 554, 310, 72, 764, 526, 310, 72, 428, 666, 30, 268, 484, 722, 16, 254, 16, 254, 254, 16, 254, 16, 16, 254, 484, 722, 296, 58, 296, 58, 16, 254, 16, 254, 296, 58, 366, 128, 128, 366, 16, 254, 254, 16, 736, 498, 156, 394, 380, 142, 792, 554, 254, 16, 156, 394, 324, 86, 554, 792, 498, 736, 380, 142, 16, 254, 268, 30, 254, 16, 156, 394, 414, 652, 268, 30, 254, 16, 652, 414, 442, 680, 394, 156, 394, 156, 268, 30, 680, 442, 680, 442, 764, 526, 414, 652, 666, 428, 114, 352, 352, 114, 352, 114, 30, 268, 764, 526, 722, 484, 764, 526, 366, 128, 268, 30, 428, 666, 694, 456, 736, 498, 394, 156, 16, 254, 764, 526, 666, 428, 352, 114, 324, 86, 680, 442, 268, 30, 666, 428, 666, 428, 428, 666, 128, 366, 72, 310, 414, 652, 652, 414, 792, 554, 254, 16, 428, 666, 526, 764, 352, 114, 114, 352, 708, 470, 498, 736, 268, 30, 526, 764, 470, 708, 30, 268, 44, 282, 554, 792, 652, 414, 16, 254, 764, 526, 366, 128, 652, 414, 254, 16, 526, 764, 268, 30, 428, 666, 296, 58, 680, 442, 268, 30, 428, 666, 268, 30, 324, 86, 310, 72, 86, 324, 764, 526, 540, 778, 540, 778, 666, 428, 30, 268, 282, 44, 428, 666, 114, 352, 666, 428, 86, 324, 114, 352, 114, 352, 44, 282, 16, 254, 666, 428, 680, 442, 414, 652, 394, 156, 778, 540, 296, 58, 282, 44, 296, 58, 694, 456, 128, 366, 254, 16, 540, 778, 442, 680, 694, 456, 442, 680, 310, 72, 30, 268, 484, 722, 526, 764, 30, 268, 694, 456, 114, 352, 428, 666, 498, 736, 16, 254, 324, 86, 268, 30, 114, 352, 428, 666, 30, 268, 694, 456, 484, 722, 268, 30, 666, 428, 268, 30, 498, 736, 428, 666, 268, 30, 764, 526, 268, 30, 666, 428, 30, 268, 484, 722, 428, 666, 268, 30, 428, 666, 268, 30, 268, 30, 694, 456, 764, 526, 30, 268, 114, 352, 268, 30, 16, 254]
Number of labels used: 40
Specific labels: [16, 30, 44, 58, 72, 86, 114, 128, 142, 156, 254, 268, 282, 296, 310, 324, 352, 366, 380, 394, 414, 428, 442, 456, 470, 484, 498, 526, 540, 554, 652, 666, 680, 694, 708, 722, 736, 764, 778, 792]
==============================
Total time: 0.73s
Memory used: 27.73 MB
[runlim] end:			Thu Mar 26 04:16:35 2026
[runlim] status:		ok
[runlim] result:		0
[runlim] children:		2
[runlim] processes:		3
[runlim] real:			0.80 seconds
[runlim] time:			2.36 seconds
[runlim] space:			82 MB
[runlim] load:			6.32 maximum
[runlim] samples:		8
