[runlim] version:		2.0.0rc12
[runlim] host:			ap-Precision-7550
[runlim] time limit:		311040000 seconds
[runlim] real time limit:	600 seconds
[runlim] space limit:		14000 MB
[runlim] argv[0]:		python3
[runlim] argv[1]:		cp.py
[runlim] argv[2]:		TUD200.4
[runlim] start:			Thu Mar 26 04:34:13 2026
[runlim] child:			32036
--- Building model for 200 variables ---
--- Solving with CP Optimizer (Integer Mode) ---
 ! --------------------------------------------------- CP Optimizer 22.1.1.0 --
 ! Minimization problem - 200 variables, 1142 constraints
 ! LogVerbosity         = Terse
 ! Initial process time : 0.02s (0.02s extraction + 0.00s propagation)
 !  . Log search space  : 95.2 (before), 95.2 (after)
 !  . Memory usage      : 413.9 kB (before), 413.9 kB (after)
 ! Using parallel search with 12 workers.
 ! ----------------------------------------------------------------------------
 !          Best Branches  Non-fixed    W       Branch decision
                        0        200                 -
 + New bound is 0
                        0         34                 -
 + New bound is 19
                        0         34    1            -
 + New bound is 20
 *            20        4  0.04s        1      (gap is 0.00%)
 ! ----------------------------------------------------------------------------
 ! Search completed, 1 solution found.
 ! Best objective         : 20 (optimal - effective tol. is 0)
 ! Best bound             : 20
 ! ----------------------------------------------------------------------------
 ! Number of branches     : 4833
 ! Number of fails        : 2138
 ! Total memory usage     : 11.5 MB (11.5 MB CP Optimizer + 0.1 MB Concert)
 ! Time spent in solve    : 0.04s (0.02s engine + 0.02s extraction)
 ! Search speed (br. / s) : 241650.0
 ! ----------------------------------------------------------------------------

==============================
OPTIMAL SOLUTION:
Label list: [86, 324, 86, 324, 86, 324, 156, 394, 128, 366, 652, 414, 86, 324, 114, 352, 156, 394, 100, 338, 156, 394, 86, 324, 100, 338, 652, 414, 170, 408, 128, 366, 72, 310, 156, 394, 128, 366, 100, 338, 114, 352, 652, 414, 170, 408, 72, 310, 652, 414, 100, 338, 142, 380, 86, 324, 156, 394, 170, 408, 114, 352, 652, 414, 240, 478, 100, 338, 128, 366, 652, 414, 142, 380, 72, 310, 128, 366, 72, 310, 128, 366, 72, 310, 170, 408, 128, 366, 652, 414, 170, 408, 240, 478, 156, 394, 652, 414, 114, 352, 72, 310, 652, 414, 72, 310, 156, 394, 652, 414, 170, 408, 72, 310, 100, 338, 72, 310, 100, 338, 72, 310, 86, 324, 72, 310, 128, 366, 72, 310, 652, 414, 652, 414, 170, 408, 86, 324, 128, 366, 156, 394, 652, 414, 240, 478, 72, 310, 114, 352, 652, 414, 86, 324, 114, 352, 114, 352, 86, 324, 72, 310, 86, 324, 652, 414, 652, 414, 240, 478, 240, 478, 100, 338, 72, 310, 86, 324, 86, 324, 142, 380, 142, 380, 72, 310, 240, 478, 240, 478, 156, 394, 170, 408, 170, 408, 156, 394, 72, 310]
Number of labels used: 20
Specific labels: [72, 86, 100, 114, 128, 142, 156, 170, 240, 310, 324, 338, 352, 366, 380, 394, 408, 414, 478, 652]
==============================
Total time: 0.16s
Memory used: 25.44 MB
[runlim] end:			Thu Mar 26 04:34:13 2026
[runlim] status:		ok
[runlim] result:		0
[runlim] children:		2
[runlim] processes:		3
[runlim] real:			0.24 seconds
[runlim] time:			0.24 seconds
[runlim] space:			61 MB
[runlim] load:			7.91 maximum
[runlim] samples:		3
