[runlim] version:		2.0.0rc12
[runlim] host:			ap-Precision-7550
[runlim] time limit:		311040000 seconds
[runlim] real time limit:	600 seconds
[runlim] space limit:		14000 MB
[runlim] argv[0]:		python3
[runlim] argv[1]:		cp.py
[runlim] argv[2]:		TUD200.5
[runlim] start:			Thu Mar 26 04:34:13 2026
[runlim] child:			32061
Warning: variable 163 has no valid labels after preprocessing.
Cannot find solution!
Time taken: 0.05 seconds
Memory used: 22.84 MB
[runlim] end:			Thu Mar 26 04:34:14 2026
[runlim] status:		ok
[runlim] result:		0
[runlim] children:		1
[runlim] processes:		2
[runlim] real:			0.12 seconds
[runlim] time:			0.10 seconds
[runlim] space:			23 MB
[runlim] load:			7.91 maximum
[runlim] samples:		2
