[runlim] version:		2.0.0rc12
[runlim] host:			ap-Precision-7550
[runlim] time limit:		311040000 seconds
[runlim] real time limit:	600 seconds
[runlim] space limit:		14000 MB
[runlim] argv[0]:		python3
[runlim] argv[1]:		-u
[runlim] argv[2]:		main_no.py
[runlim] argv[3]:		graph12
[runlim] argv[4]:		600
[runlim] start:			Sun Jun 14 18:34:35 2026
[runlim] child:			61105
Dataset: graph12
Preprocessing: off
Building CP-SAT model for 680 variables...
Number of assignment variables: 6870
Number of label variables: 48
Build time: 0.82s
Solving with OR-Tools CP-SAT...
Status: INFEASIBLE
No solution found.
Objective bound: 0.0
Total time: 0.91s
Memory used: 168.21 MB
[runlim] end:			Sun Jun 14 18:34:36 2026
[runlim] status:		ok
[runlim] result:		0
[runlim] children:		1
[runlim] processes:		2
[runlim] real:			1.29 seconds
[runlim] time:			2.28 seconds
[runlim] space:			168 MB
[runlim] load:			14.77 maximum
[runlim] samples:		13
