[runlim] version:		2.0.0rc12
[runlim] host:			ap-Precision-7550
[runlim] time limit:		311040000 seconds
[runlim] real time limit:	600 seconds
[runlim] space limit:		14000 MB
[runlim] argv[0]:		python3
[runlim] argv[1]:		-u
[runlim] argv[2]:		main_no.py
[runlim] argv[3]:		graph06
[runlim] argv[4]:		600
[runlim] start:			Sun Jun 14 18:28:22 2026
[runlim] child:			60142
Dataset: graph06
Preprocessing: off
Building CP-SAT model for 400 variables...
Number of assignment variables: 15084
Number of label variables: 48
Build time: 4.72s
Solving with OR-Tools CP-SAT...
Status: INFEASIBLE
No solution found.
Objective bound: 0.0
Total time: 7.22s
Memory used: 691.17 MB
[runlim] end:			Sun Jun 14 18:28:30 2026
[runlim] status:		ok
[runlim] result:		0
[runlim] children:		1
[runlim] processes:		2
[runlim] real:			7.76 seconds
[runlim] time:			8.73 seconds
[runlim] space:			907 MB
[runlim] load:			9.73 maximum
[runlim] samples:		78
