[runlim] version:		2.0.0rc12
[runlim] host:			ap-Precision-7550
[runlim] time limit:		311040000 seconds
[runlim] real time limit:	600 seconds
[runlim] space limit:		14000 MB
[runlim] argv[0]:		python3
[runlim] argv[1]:		-u
[runlim] argv[2]:		main_no.py
[runlim] argv[3]:		graph10
[runlim] argv[4]:		600
[runlim] start:			Sun Jun 14 18:28:31 2026
[runlim] child:			60212
Dataset: graph10
Preprocessing: off
Building CP-SAT model for 680 variables...
Number of assignment variables: 26980
Number of label variables: 44
Build time: 8.31s
Solving with OR-Tools CP-SAT...
[runlim] sample:		11.08 time, 10.01 real, 1198 MB, 8.83 load
[runlim] sample:		21.07 time, 20.01 real, 1860 MB, 7.70 load
Number of labels used: 22
Time taken: 28.14s
[runlim] sample:		58.61 time, 30.02 real, 2494 MB, 6.74 load
[runlim] sample:		176.52 time, 40.02 real, 2974 MB, 8.43 load
[runlim] sample:		295.13 time, 50.03 real, 3140 MB, 9.87 load
[runlim] sample:		413.71 time, 60.02 real, 3388 MB, 11.23 load
[runlim] sample:		532.46 time, 70.02 real, 3525 MB, 12.08 load
[runlim] sample:		651.27 time, 80.02 real, 3595 MB, 12.73 load
[runlim] sample:		769.55 time, 90.02 real, 3677 MB, 13.50 load
[runlim] sample:		888.27 time, 100.02 real, 3527 MB, 14.16 load
[runlim] sample:		1007.04 time, 110.02 real, 3656 MB, 14.87 load
[runlim] sample:		1125.81 time, 120.02 real, 3583 MB, 15.16 load
[runlim] sample:		1244.61 time, 130.02 real, 4010 MB, 15.56 load
[runlim] sample:		1363.44 time, 140.02 real, 3863 MB, 15.82 load
[runlim] sample:		1482.23 time, 150.02 real, 3880 MB, 16.19 load
[runlim] sample:		1600.94 time, 160.02 real, 3850 MB, 16.43 load
[runlim] sample:		1719.72 time, 170.02 real, 4070 MB, 16.65 load
[runlim] sample:		1838.47 time, 180.02 real, 3752 MB, 16.98 load
[runlim] sample:		1957.26 time, 190.02 real, 4131 MB, 17.02 load
[runlim] sample:		2076.10 time, 200.02 real, 3909 MB, 17.13 load
[runlim] sample:		2194.83 time, 210.02 real, 3936 MB, 17.23 load
[runlim] sample:		2313.59 time, 220.02 real, 4163 MB, 17.31 load
[runlim] sample:		2432.46 time, 230.02 real, 3924 MB, 17.38 load
[runlim] sample:		2551.21 time, 240.02 real, 4146 MB, 17.58 load
[runlim] sample:		2670.01 time, 250.02 real, 3934 MB, 17.61 load
[runlim] sample:		2788.76 time, 260.02 real, 3800 MB, 17.63 load
[runlim] sample:		2907.47 time, 270.02 real, 3831 MB, 17.65 load
[runlim] sample:		3026.22 time, 280.02 real, 4004 MB, 17.66 load
[runlim] sample:		3144.97 time, 290.02 real, 3875 MB, 17.75 load
[runlim] sample:		3263.80 time, 300.02 real, 3837 MB, 17.75 load
[runlim] sample:		3382.59 time, 310.02 real, 3937 MB, 17.75 load
[runlim] sample:		3501.41 time, 320.02 real, 4105 MB, 17.68 load
[runlim] sample:		3620.18 time, 330.02 real, 3942 MB, 17.33 load
[runlim] sample:		3739.07 time, 340.02 real, 3733 MB, 17.54 load
Status: OPTIMAL
Solution:
{1: 16, 2: 254, 3: 114, 4: 352, 5: 58, 6: 296, 7: 750, 8: 512, 9: 114, 10: 352, 11: 30, 12: 268, 13: 100, 14: 338, 15: 100, 16: 338, 17: 100, 18: 338, 19: 30, 20: 268, 21: 114, 22: 352, 23: 750, 24: 512, 25: 100, 26: 338, 27: 114, 28: 352, 29: 86, 30: 324, 31: 156, 32: 394, 33: 44, 34: 282, 35: 750, 36: 512, 37: 44, 38: 282, 39: 58, 40: 296, 41: 30, 42: 268, 43: 114, 44: 352, 45: 142, 46: 380, 47: 156, 48: 394, 49: 44, 50: 282, 51: 16, 52: 254, 53: 750, 54: 512, 55: 58, 56: 296, 57: 16, 58: 254, 59: 16, 60: 254, 61: 16, 62: 254, 63: 72, 64: 310, 65: 72, 66: 310, 67: 142, 68: 380, 69: 58, 70: 296, 71: 100, 72: 338, 73: 58, 74: 296, 75: 750, 76: 512, 77: 750, 78: 512, 79: 16, 80: 254, 81: 58, 82: 296, 83: 156, 84: 394, 85: 16, 86: 254, 87: 142, 88: 380, 89: 156, 90: 394, 91: 114, 92: 352, 93: 142, 94: 380, 95: 100, 96: 338, 97: 72, 98: 310, 99: 750, 100: 512, 101: 156, 102: 394, 103: 750, 104: 512, 105: 16, 106: 254, 107: 114, 108: 352, 109: 142, 110: 380, 111: 86, 112: 324, 113: 58, 114: 296, 115: 100, 116: 338, 117: 30, 118: 268, 119: 100, 120: 338, 121: 142, 122: 380, 123: 86, 124: 324, 125: 750, 126: 512, 127: 750, 128: 512, 129: 16, 130: 254, 131: 72, 132: 310, 133: 114, 134: 352, 135: 72, 136: 310, 137: 156, 138: 394, 139: 16, 140: 254, 141: 58, 142: 296, 143: 750, 144: 512, 145: 750, 146: 512, 147: 44, 148: 282, 149: 30, 150: 268, 151: 44, 152: 282, 153: 16, 154: 254, 155: 16, 156: 254, 157: 30, 158: 268, 159: 58, 160: 296, 161: 142, 162: 380, 163: 16, 164: 254, 165: 512, 166: 750, 167: 156, 168: 394, 169: 16, 170: 254, 171: 16, 172: 254, 173: 86, 174: 324, 175: 142, 176: 380, 177: 72, 178: 310, 179: 44, 180: 282, 181: 156, 182: 394, 183: 156, 184: 394, 185: 156, 186: 394, 187: 16, 188: 254, 189: 86, 190: 324, 191: 44, 192: 282, 193: 750, 194: 512, 195: 44, 196: 282, 197: 16, 198: 254, 199: 156, 200: 394, 201: 512, 202: 750, 203: 750, 204: 512, 205: 142, 206: 380, 207: 114, 208: 352, 209: 30, 210: 268, 211: 114, 212: 352, 213: 156, 214: 394, 215: 44, 216: 282, 217: 30, 218: 268, 219: 114, 220: 352, 221: 156, 222: 394, 223: 156, 224: 394, 225: 58, 226: 296, 227: 58, 228: 296, 229: 86, 230: 324, 231: 58, 232: 296, 233: 142, 234: 380, 235: 16, 236: 254, 237: 142, 238: 380, 239: 16, 240: 254, 241: 16, 242: 254, 243: 142, 244: 380, 245: 156, 246: 394, 247: 156, 248: 394, 249: 750, 250: 512, 251: 16, 252: 254, 253: 750, 254: 512, 255: 58, 256: 296, 257: 114, 258: 352, 259: 58, 260: 296, 261: 16, 262: 254, 263: 156, 264: 394, 265: 100, 266: 338, 267: 30, 268: 268, 269: 72, 270: 310, 271: 100, 272: 338, 273: 16, 274: 254, 275: 100, 276: 338, 277: 750, 278: 512, 279: 100, 280: 338, 281: 30, 282: 268, 283: 44, 284: 282, 285: 750, 286: 512, 287: 58, 288: 296, 289: 86, 290: 324, 291: 142, 292: 380, 293: 100, 294: 338, 295: 100, 296: 338, 297: 86, 298: 324, 299: 156, 300: 394, 301: 16, 302: 254, 303: 44, 304: 282, 305: 86, 306: 324, 307: 16, 308: 254, 309: 58, 310: 296, 311: 72, 312: 310, 313: 86, 314: 324, 315: 156, 316: 394, 317: 44, 318: 282, 319: 100, 320: 338, 321: 30, 322: 268, 323: 750, 324: 512, 325: 156, 326: 394, 327: 156, 328: 394, 329: 16, 330: 254, 331: 44, 332: 282, 333: 750, 334: 512, 335: 58, 336: 296, 337: 100, 338: 338, 339: 30, 340: 268, 341: 72, 342: 310, 343: 156, 344: 394, 345: 16, 346: 254, 347: 16, 348: 254, 349: 30, 350: 268, 351: 750, 352: 512, 353: 114, 354: 352, 355: 16, 356: 254, 357: 58, 358: 296, 359: 86, 360: 324, 361: 86, 362: 324, 363: 30, 364: 268, 365: 750, 366: 512, 367: 58, 368: 296, 369: 750, 370: 512, 371: 750, 372: 512, 373: 16, 374: 254, 375: 750, 376: 512, 377: 156, 378: 394, 379: 100, 380: 338, 381: 114, 382: 352, 383: 156, 384: 394, 385: 114, 386: 352, 387: 16, 388: 254, 389: 58, 390: 296, 391: 114, 392: 352, 393: 30, 394: 268, 395: 16, 396: 254, 397: 58, 398: 296, 399: 750, 400: 512, 401: 156, 402: 394, 403: 750, 404: 512, 405: 30, 406: 268, 407: 44, 408: 282, 409: 750, 410: 512, 411: 142, 412: 380, 413: 30, 414: 268, 415: 750, 416: 512, 417: 72, 418: 310, 419: 750, 420: 512, 421: 156, 422: 394, 423: 58, 424: 296, 425: 72, 426: 310, 427: 142, 428: 380, 429: 86, 430: 324, 431: 72, 432: 310, 433: 750, 434: 512, 435: 100, 436: 338, 437: 142, 438: 380, 439: 44, 440: 282, 441: 58, 442: 296, 443: 750, 444: 512, 445: 44, 446: 282, 447: 100, 448: 338, 449: 72, 450: 310, 451: 156, 452: 394, 453: 750, 454: 512, 455: 58, 456: 296, 457: 750, 458: 512, 459: 100, 460: 338, 461: 16, 462: 254, 463: 30, 464: 268, 465: 114, 466: 352, 467: 44, 468: 282, 469: 16, 470: 254, 471: 72, 472: 310, 473: 114, 474: 352, 475: 86, 476: 324, 477: 58, 478: 296, 479: 30, 480: 268, 481: 86, 482: 324, 483: 30, 484: 268, 485: 100, 486: 338, 487: 86, 488: 324, 489: 16, 490: 254, 491: 156, 492: 394, 493: 750, 494: 512, 495: 86, 496: 324, 497: 16, 498: 254, 499: 100, 500: 338, 501: 156, 502: 394, 503: 156, 504: 394, 505: 86, 506: 324, 507: 72, 508: 310, 509: 16, 510: 254, 511: 156, 512: 394, 513: 58, 514: 296, 515: 16, 516: 254, 517: 100, 518: 338, 519: 114, 520: 352, 521: 72, 522: 310, 523: 30, 524: 268, 525: 114, 526: 352, 527: 156, 528: 394, 529: 44, 530: 282, 531: 114, 532: 352, 533: 512, 534: 750, 535: 750, 536: 512, 537: 16, 538: 254, 539: 750, 540: 512, 541: 86, 542: 324, 543: 142, 544: 380, 545: 16, 546: 254, 547: 58, 548: 296, 549: 750, 550: 512, 551: 86, 552: 324, 553: 156, 554: 394, 555: 86, 556: 324, 557: 16, 558: 254, 559: 86, 560: 324, 561: 58, 562: 296, 563: 156, 564: 394, 565: 30, 566: 268, 567: 156, 568: 394, 569: 30, 570: 268, 571: 142, 572: 380, 573: 100, 574: 338, 575: 156, 576: 394, 577: 156, 578: 394, 579: 100, 580: 338, 581: 100, 582: 338, 583: 142, 584: 380, 585: 750, 586: 512, 587: 16, 588: 254, 589: 58, 590: 296, 591: 156, 592: 394, 593: 30, 594: 268, 595: 750, 596: 512, 597: 30, 598: 268, 599: 114, 600: 352, 601: 30, 602: 268, 603: 58, 604: 296, 605: 86, 606: 324, 607: 44, 608: 282, 609: 16, 610: 254, 611: 156, 612: 394, 613: 156, 614: 394, 615: 72, 616: 310, 617: 16, 618: 254, 619: 72, 620: 310, 621: 72, 622: 310, 623: 114, 624: 352, 625: 750, 626: 512, 627: 100, 628: 338, 629: 72, 630: 310, 631: 30, 632: 268, 633: 100, 634: 338, 635: 750, 636: 512, 637: 30, 638: 268, 639: 16, 640: 254, 641: 44, 642: 282, 643: 30, 644: 268, 645: 72, 646: 310, 647: 142, 648: 380, 649: 44, 650: 282, 651: 72, 652: 310, 653: 16, 654: 254, 655: 16, 656: 254, 657: 72, 658: 310, 659: 156, 660: 394, 661: 58, 662: 296, 663: 30, 664: 268, 665: 86, 666: 324, 667: 142, 668: 380, 669: 86, 670: 324, 671: 44, 672: 282, 673: 114, 674: 352, 675: 156, 676: 394, 677: 16, 678: 254, 679: 30, 680: 268}
Number of labels used: 22
Objective value: 22.0
Best objective bound: 22.0
Solution is CORRECT!
Total time: 349.25s
Memory used: 2731.90 MB
[runlim] sample:		3843.36 time, 350.01 real, 0 MB, 17.73 load
[runlim] end:			Sun Jun 14 18:34:21 2026
[runlim] status:		ok
[runlim] result:		0
[runlim] children:		1
[runlim] processes:		2
[runlim] real:			350.03 seconds
[runlim] time:			3843.36 seconds
[runlim] space:			4223 MB
[runlim] load:			18.25 maximum
[runlim] samples:		3501
