[runlim] version:		2.0.0rc12
[runlim] host:			ap-Precision-7550
[runlim] time limit:		311040000 seconds
[runlim] real time limit:	600 seconds
[runlim] space limit:		14000 MB
[runlim] argv[0]:		python3
[runlim] argv[1]:		-u
[runlim] argv[2]:		main_no.py
[runlim] argv[3]:		graph05
[runlim] argv[4]:		600
[runlim] start:			Sun Jun 14 18:28:18 2026
[runlim] child:			60106
Dataset: graph05
Preprocessing: off
Building CP-SAT model for 200 variables...
Number of assignment variables: 7416
Number of label variables: 48
Build time: 2.31s
Solving with OR-Tools CP-SAT...
Status: INFEASIBLE
No solution found.
Objective bound: 0.0
Total time: 4.00s
Memory used: 458.18 MB
[runlim] end:			Sun Jun 14 18:28:22 2026
[runlim] status:		ok
[runlim] result:		0
[runlim] children:		1
[runlim] processes:		2
[runlim] real:			4.46 seconds
[runlim] time:			5.49 seconds
[runlim] space:			510 MB
[runlim] load:			10.49 maximum
[runlim] samples:		45
