[runlim] version:		2.0.0rc12
[runlim] host:			ap-Precision-7550
[runlim] time limit:		311040000 seconds
[runlim] real time limit:	600 seconds
[runlim] space limit:		14000 MB
[runlim] argv[0]:		python3
[runlim] argv[1]:		-u
[runlim] argv[2]:		main_no.py
[runlim] argv[3]:		graph09
[runlim] argv[4]:		600
[runlim] start:			Sun Jun 14 17:54:30 2026
[runlim] child:			55085
Dataset: graph09
Preprocessing: off
Building CP-SAT model for 916 variables...
Number of assignment variables: 36092
Number of label variables: 48
Build time: 3.32s
Solving with OR-Tools CP-SAT...
Number of labels used: 46
Time taken: 9.26s
Number of labels used: 38
Time taken: 9.37s
Number of labels used: 36
Time taken: 9.56s
Number of labels used: 34
Time taken: 9.61s
Number of labels used: 32
Time taken: 9.64s
Number of labels used: 32
Time taken: 9.69s
[runlim] sample:		16.00 time, 10.01 real, 960 MB, 8.92 load
Number of labels used: 30
Time taken: 9.73s
Number of labels used: 28
Time taken: 9.77s
Number of labels used: 26
Time taken: 9.81s
Number of labels used: 26
Time taken: 9.84s
Number of labels used: 24
Time taken: 9.96s
Number of labels used: 24
Time taken: 10.03s
Number of labels used: 22
Time taken: 10.15s
Number of labels used: 22
Time taken: 10.21s
Number of labels used: 20
Time taken: 10.76s
Number of labels used: 18
Time taken: 15.15s
Number of labels used: 18
Time taken: 15.21s
[runlim] sample:		132.81 time, 20.02 real, 1421 MB, 10.11 load
[runlim] sample:		251.57 time, 30.02 real, 1488 MB, 10.40 load
[runlim] sample:		370.40 time, 40.02 real, 1545 MB, 10.65 load
[runlim] sample:		489.33 time, 50.02 real, 1526 MB, 10.93 load
[runlim] sample:		608.22 time, 60.02 real, 1555 MB, 11.17 load
[runlim] sample:		727.11 time, 70.02 real, 1572 MB, 11.30 load
Status: OPTIMAL
Solution:
{1: 428, 2: 666, 3: 792, 4: 554, 5: 470, 6: 708, 7: 282, 8: 44, 9: 512, 10: 750, 11: 792, 12: 554, 13: 708, 14: 470, 15: 114, 16: 352, 17: 44, 18: 282, 19: 792, 20: 554, 21: 44, 22: 282, 23: 380, 24: 142, 25: 750, 26: 512, 27: 554, 28: 792, 29: 324, 30: 86, 31: 44, 32: 282, 33: 428, 34: 666, 35: 428, 36: 666, 37: 86, 38: 324, 39: 512, 40: 750, 41: 554, 42: 792, 43: 792, 44: 554, 45: 792, 46: 554, 47: 792, 48: 554, 49: 352, 50: 114, 51: 750, 52: 512, 53: 86, 54: 324, 55: 708, 56: 470, 57: 680, 58: 442, 59: 428, 60: 666, 61: 44, 62: 282, 63: 324, 64: 86, 65: 324, 66: 86, 67: 442, 68: 680, 69: 352, 70: 114, 71: 352, 72: 114, 73: 352, 74: 114, 75: 142, 76: 380, 77: 282, 78: 44, 79: 142, 80: 380, 81: 324, 82: 86, 83: 282, 84: 44, 85: 666, 86: 428, 87: 554, 88: 792, 89: 428, 90: 666, 91: 114, 92: 352, 93: 750, 94: 512, 95: 282, 96: 44, 97: 666, 98: 428, 99: 442, 100: 680, 101: 470, 102: 708, 103: 352, 104: 114, 105: 512, 106: 750, 107: 428, 108: 666, 109: 708, 110: 470, 111: 428, 112: 666, 113: 380, 114: 142, 115: 282, 116: 44, 117: 512, 118: 750, 119: 666, 120: 428, 121: 44, 122: 282, 123: 114, 124: 352, 125: 86, 126: 324, 127: 680, 128: 442, 129: 142, 130: 380, 131: 324, 132: 86, 133: 86, 134: 324, 135: 114, 136: 352, 137: 554, 138: 792, 139: 442, 140: 680, 141: 792, 142: 554, 143: 324, 144: 86, 145: 86, 146: 324, 147: 554, 148: 792, 149: 442, 150: 680, 151: 44, 152: 282, 153: 142, 154: 380, 155: 442, 156: 680, 157: 680, 158: 442, 159: 44, 160: 282, 161: 282, 162: 44, 163: 352, 164: 114, 165: 380, 166: 142, 167: 470, 168: 708, 169: 380, 170: 142, 171: 352, 172: 114, 173: 44, 174: 282, 175: 666, 176: 428, 177: 750, 178: 512, 179: 666, 180: 428, 181: 708, 182: 470, 183: 142, 184: 380, 185: 792, 186: 554, 187: 750, 188: 512, 189: 680, 190: 442, 191: 324, 192: 86, 193: 428, 194: 666, 195: 142, 196: 380, 197: 142, 198: 380, 199: 86, 200: 324, 201: 86, 202: 324, 203: 470, 204: 708, 205: 666, 206: 428, 207: 142, 208: 380, 209: 282, 210: 44, 211: 44, 212: 282, 213: 512, 214: 750, 215: 470, 216: 708, 217: 114, 218: 352, 219: 442, 220: 680, 221: 708, 222: 470, 223: 792, 224: 554, 225: 324, 226: 86, 227: 352, 228: 114, 229: 680, 230: 442, 231: 442, 232: 680, 233: 86, 234: 324, 235: 512, 236: 750, 237: 282, 238: 44, 239: 86, 240: 324, 241: 44, 242: 282, 243: 554, 244: 792, 245: 792, 246: 554, 247: 44, 248: 282, 249: 380, 250: 142, 251: 282, 252: 44, 253: 792, 254: 554, 255: 708, 256: 470, 257: 680, 258: 442, 259: 512, 260: 750, 261: 708, 262: 470, 263: 380, 264: 142, 265: 44, 266: 282, 267: 512, 268: 750, 269: 324, 270: 86, 271: 282, 272: 44, 273: 428, 274: 666, 275: 666, 276: 428, 277: 666, 278: 428, 279: 114, 280: 352, 281: 114, 282: 352, 283: 44, 284: 282, 285: 324, 286: 86, 287: 750, 288: 512, 289: 282, 290: 44, 291: 282, 292: 44, 293: 44, 294: 282, 295: 428, 296: 666, 297: 750, 298: 512, 299: 142, 300: 380, 301: 142, 302: 380, 303: 428, 304: 666, 305: 708, 306: 470, 307: 554, 308: 792, 309: 142, 310: 380, 311: 708, 312: 470, 313: 86, 314: 324, 315: 750, 316: 512, 317: 792, 318: 554, 319: 442, 320: 680, 321: 792, 322: 554, 323: 86, 324: 324, 325: 666, 326: 428, 327: 792, 328: 554, 329: 86, 330: 324, 331: 680, 332: 442, 333: 380, 334: 142, 335: 792, 336: 554, 337: 86, 338: 324, 339: 44, 340: 282, 341: 44, 342: 282, 343: 114, 344: 352, 345: 554, 346: 792, 347: 554, 348: 792, 349: 554, 350: 792, 351: 750, 352: 512, 353: 792, 354: 554, 355: 554, 356: 792, 357: 380, 358: 142, 359: 352, 360: 114, 361: 792, 362: 554, 363: 750, 364: 512, 365: 512, 366: 750, 367: 442, 368: 680, 369: 666, 370: 428, 371: 708, 372: 470, 373: 282, 374: 44, 375: 324, 376: 86, 377: 142, 378: 380, 379: 708, 380: 470, 381: 708, 382: 470, 383: 792, 384: 554, 385: 114, 386: 352, 387: 114, 388: 352, 389: 352, 390: 114, 391: 792, 392: 554, 393: 512, 394: 750, 395: 86, 396: 324, 397: 512, 398: 750, 399: 324, 400: 86, 401: 44, 402: 282, 403: 792, 404: 554, 405: 792, 406: 554, 407: 86, 408: 324, 409: 512, 410: 750, 411: 792, 412: 554, 413: 680, 414: 442, 415: 792, 416: 554, 417: 554, 418: 792, 419: 352, 420: 114, 421: 680, 422: 442, 423: 792, 424: 554, 425: 282, 426: 44, 427: 470, 428: 708, 429: 554, 430: 792, 431: 554, 432: 792, 433: 750, 434: 512, 435: 380, 436: 142, 437: 792, 438: 554, 439: 512, 440: 750, 441: 666, 442: 428, 443: 470, 444: 708, 445: 750, 446: 512, 447: 114, 448: 352, 449: 114, 450: 352, 451: 470, 452: 708, 453: 86, 454: 324, 455: 708, 456: 470, 457: 750, 458: 512, 459: 380, 460: 142, 461: 44, 462: 282, 463: 44, 464: 282, 465: 282, 466: 44, 467: 142, 468: 380, 469: 86, 470: 324, 471: 512, 472: 750, 473: 86, 474: 324, 475: 792, 476: 554, 477: 86, 478: 324, 479: 44, 480: 282, 481: 324, 482: 86, 483: 554, 484: 792, 485: 666, 486: 428, 487: 86, 488: 324, 489: 44, 490: 282, 491: 442, 492: 680, 493: 708, 494: 470, 495: 470, 496: 708, 497: 442, 498: 680, 499: 352, 500: 114, 501: 792, 502: 554, 503: 352, 504: 114, 505: 282, 506: 44, 507: 86, 508: 324, 509: 114, 510: 352, 511: 680, 512: 442, 513: 750, 514: 512, 515: 44, 516: 282, 517: 44, 518: 282, 519: 380, 520: 142, 521: 792, 522: 554, 523: 428, 524: 666, 525: 86, 526: 324, 527: 380, 528: 142, 529: 352, 530: 114, 531: 44, 532: 282, 533: 680, 534: 442, 535: 44, 536: 282, 537: 380, 538: 142, 539: 428, 540: 666, 541: 666, 542: 428, 543: 114, 544: 352, 545: 44, 546: 282, 547: 380, 548: 142, 549: 792, 550: 554, 551: 666, 552: 428, 553: 380, 554: 142, 555: 512, 556: 750, 557: 666, 558: 428, 559: 470, 560: 708, 561: 442, 562: 680, 563: 380, 564: 142, 565: 44, 566: 282, 567: 142, 568: 380, 569: 428, 570: 666, 571: 352, 572: 114, 573: 44, 574: 282, 575: 380, 576: 142, 577: 114, 578: 352, 579: 114, 580: 352, 581: 708, 582: 470, 583: 512, 584: 750, 585: 352, 586: 114, 587: 44, 588: 282, 589: 352, 590: 114, 591: 44, 592: 282, 593: 428, 594: 666, 595: 792, 596: 554, 597: 86, 598: 324, 599: 44, 600: 282, 601: 44, 602: 282, 603: 282, 604: 44, 605: 86, 606: 324, 607: 282, 608: 44, 609: 86, 610: 324, 611: 512, 612: 750, 613: 282, 614: 44, 615: 442, 616: 680, 617: 680, 618: 442, 619: 666, 620: 428, 621: 792, 622: 554, 623: 114, 624: 352, 625: 680, 626: 442, 627: 554, 628: 792, 629: 442, 630: 680, 631: 142, 632: 380, 633: 44, 634: 282, 635: 142, 636: 380, 637: 44, 638: 282, 639: 428, 640: 666, 641: 680, 642: 442, 643: 44, 644: 282, 645: 44, 646: 282, 647: 666, 648: 428, 649: 324, 650: 86, 651: 428, 652: 666, 653: 114, 654: 352, 655: 708, 656: 470, 657: 86, 658: 324, 659: 44, 660: 282, 661: 352, 662: 114, 663: 792, 664: 554, 665: 554, 666: 792, 667: 666, 668: 428, 669: 352, 670: 114, 671: 114, 672: 352, 673: 282, 674: 44, 675: 44, 676: 282, 677: 428, 678: 666, 679: 44, 680: 282, 681: 352, 682: 114, 683: 750, 684: 512, 685: 442, 686: 680, 687: 282, 688: 44, 689: 680, 690: 442, 691: 86, 692: 324, 693: 792, 694: 554, 695: 114, 696: 352, 697: 554, 698: 792, 699: 44, 700: 282, 701: 442, 702: 680, 703: 750, 704: 512, 705: 44, 706: 282, 707: 792, 708: 554, 709: 666, 710: 428, 711: 86, 712: 324, 713: 512, 714: 750, 715: 324, 716: 86, 717: 470, 718: 708, 719: 86, 720: 324, 721: 554, 722: 792, 723: 44, 724: 282, 725: 750, 726: 512, 727: 352, 728: 114, 729: 324, 730: 86, 731: 44, 732: 282, 733: 44, 734: 282, 735: 44, 736: 282, 737: 708, 738: 470, 739: 86, 740: 324, 741: 470, 742: 708, 743: 750, 744: 512, 745: 114, 746: 352, 747: 708, 748: 470, 749: 442, 750: 680, 751: 114, 752: 352, 753: 86, 754: 324, 755: 142, 756: 380, 757: 86, 758: 324, 759: 442, 760: 680, 761: 86, 762: 324, 763: 142, 764: 380, 765: 708, 766: 470, 767: 86, 768: 324, 769: 44, 770: 282, 771: 512, 772: 750, 773: 142, 774: 380, 775: 708, 776: 470, 777: 142, 778: 380, 779: 114, 780: 352, 781: 750, 782: 512, 783: 792, 784: 554, 785: 470, 786: 708, 787: 282, 788: 44, 789: 86, 790: 324, 791: 142, 792: 380, 793: 428, 794: 666, 795: 142, 796: 380, 797: 282, 798: 44, 799: 442, 800: 680, 801: 44, 802: 282, 803: 512, 804: 750, 805: 114, 806: 352, 807: 44, 808: 282, 809: 428, 810: 666, 811: 380, 812: 142, 813: 352, 814: 114, 815: 282, 816: 44, 817: 352, 818: 114, 819: 442, 820: 680, 821: 86, 822: 324, 823: 44, 824: 282, 825: 708, 826: 470, 827: 44, 828: 282, 829: 428, 830: 666, 831: 44, 832: 282, 833: 282, 834: 44, 835: 142, 836: 380, 837: 142, 838: 380, 839: 708, 840: 470, 841: 428, 842: 666, 843: 708, 844: 470, 845: 554, 846: 792, 847: 114, 848: 352, 849: 352, 850: 114, 851: 750, 852: 512, 853: 470, 854: 708, 855: 512, 856: 750, 857: 142, 858: 380, 859: 680, 860: 442, 861: 282, 862: 44, 863: 750, 864: 512, 865: 708, 866: 470, 867: 86, 868: 324, 869: 666, 870: 428, 871: 282, 872: 44, 873: 44, 874: 282, 875: 680, 876: 442, 877: 680, 878: 442, 879: 680, 880: 442, 881: 44, 882: 282, 883: 352, 884: 114, 885: 44, 886: 282, 887: 750, 888: 512, 889: 86, 890: 324, 891: 44, 892: 282, 893: 470, 894: 708, 895: 86, 896: 324, 897: 470, 898: 708, 899: 554, 900: 792, 901: 352, 902: 114, 903: 44, 904: 282, 905: 666, 906: 428, 907: 428, 908: 666, 909: 470, 910: 708, 911: 512, 912: 750, 913: 380, 914: 142, 915: 442, 916: 680}
Number of labels used: 18
Objective value: 18.0
Best objective bound: 18.0
Solution is CORRECT!
Total time: 74.26s
Memory used: 1320.89 MB
[runlim] end:			Sun Jun 14 17:55:45 2026
[runlim] status:		ok
[runlim] result:		0
[runlim] children:		1
[runlim] processes:		2
[runlim] real:			74.79 seconds
[runlim] time:			779.60 seconds
[runlim] space:			1618 MB
[runlim] load:			11.35 maximum
[runlim] samples:		748
