[runlim] version:		2.0.0rc12
[runlim] host:			ap-Precision-7550
[runlim] time limit:		311040000 seconds
[runlim] real time limit:	600 seconds
[runlim] space limit:		14000 MB
[runlim] argv[0]:		python3
[runlim] argv[1]:		-u
[runlim] argv[2]:		main_no.py
[runlim] argv[3]:		graph14
[runlim] argv[4]:		600
[runlim] start:			Sun Jun 14 17:55:45 2026
[runlim] child:			55357
Dataset: graph14
Preprocessing: off
Building CP-SAT model for 916 variables...
Number of assignment variables: 36716
Number of label variables: 44
Build time: 2.89s
Solving with OR-Tools CP-SAT...
Number of labels used: 44
Time taken: 8.98s
Number of labels used: 18
Time taken: 9.21s
Number of labels used: 16
Time taken: 9.25s
Number of labels used: 14
Time taken: 9.31s
Number of labels used: 14
Time taken: 9.35s
Number of labels used: 12
Time taken: 9.48s
Number of labels used: 12
Time taken: 9.53s
[runlim] sample:		18.44 time, 10.02 real, 925 MB, 9.84 load
Number of labels used: 10
Time taken: 9.82s
Number of labels used: 10
Time taken: 9.91s
Number of labels used: 8
Time taken: 10.90s
Number of labels used: 8
Time taken: 10.95s
[runlim] sample:		136.92 time, 20.02 real, 1152 MB, 10.17 load
[runlim] sample:		255.79 time, 30.02 real, 1221 MB, 10.61 load
[runlim] sample:		374.72 time, 40.02 real, 1268 MB, 10.82 load
Status: OPTIMAL
Solution:
{1: 778, 2: 540, 3: 324, 4: 86, 5: 324, 6: 86, 7: 694, 8: 456, 9: 694, 10: 456, 11: 778, 12: 540, 13: 778, 14: 540, 15: 324, 16: 86, 17: 694, 18: 456, 19: 282, 20: 44, 21: 694, 22: 456, 23: 86, 24: 324, 25: 778, 26: 540, 27: 694, 28: 456, 29: 44, 30: 282, 31: 778, 32: 540, 33: 694, 34: 456, 35: 282, 36: 44, 37: 86, 38: 324, 39: 694, 40: 456, 41: 44, 42: 282, 43: 694, 44: 456, 45: 456, 46: 694, 47: 324, 48: 86, 49: 694, 50: 456, 51: 778, 52: 540, 53: 778, 54: 540, 55: 86, 56: 324, 57: 694, 58: 456, 59: 778, 60: 540, 61: 86, 62: 324, 63: 694, 64: 456, 65: 778, 66: 540, 67: 778, 68: 540, 69: 324, 70: 86, 71: 694, 72: 456, 73: 778, 74: 540, 75: 324, 76: 86, 77: 778, 78: 540, 79: 778, 80: 540, 81: 282, 82: 44, 83: 778, 84: 540, 85: 324, 86: 86, 87: 44, 88: 282, 89: 324, 90: 86, 91: 694, 92: 456, 93: 694, 94: 456, 95: 282, 96: 44, 97: 778, 98: 540, 99: 44, 100: 282, 101: 44, 102: 282, 103: 282, 104: 44, 105: 282, 106: 44, 107: 694, 108: 456, 109: 694, 110: 456, 111: 694, 112: 456, 113: 44, 114: 282, 115: 324, 116: 86, 117: 282, 118: 44, 119: 324, 120: 86, 121: 282, 122: 44, 123: 86, 124: 324, 125: 86, 126: 324, 127: 282, 128: 44, 129: 282, 130: 44, 131: 324, 132: 86, 133: 778, 134: 540, 135: 778, 136: 540, 137: 282, 138: 44, 139: 324, 140: 86, 141: 282, 142: 44, 143: 694, 144: 456, 145: 778, 146: 540, 147: 694, 148: 456, 149: 44, 150: 282, 151: 282, 152: 44, 153: 324, 154: 86, 155: 694, 156: 456, 157: 282, 158: 44, 159: 694, 160: 456, 161: 694, 162: 456, 163: 282, 164: 44, 165: 694, 166: 456, 167: 694, 168: 456, 169: 86, 170: 324, 171: 778, 172: 540, 173: 694, 174: 456, 175: 694, 176: 456, 177: 44, 178: 282, 179: 694, 180: 456, 181: 778, 182: 540, 183: 44, 184: 282, 185: 282, 186: 44, 187: 282, 188: 44, 189: 282, 190: 44, 191: 324, 192: 86, 193: 44, 194: 282, 195: 778, 196: 540, 197: 282, 198: 44, 199: 694, 200: 456, 201: 778, 202: 540, 203: 324, 204: 86, 205: 282, 206: 44, 207: 778, 208: 540, 209: 694, 210: 456, 211: 694, 212: 456, 213: 694, 214: 456, 215: 282, 216: 44, 217: 456, 218: 694, 219: 86, 220: 324, 221: 778, 222: 540, 223: 324, 224: 86, 225: 694, 226: 456, 227: 44, 228: 282, 229: 694, 230: 456, 231: 324, 232: 86, 233: 282, 234: 44, 235: 694, 236: 456, 237: 778, 238: 540, 239: 778, 240: 540, 241: 778, 242: 540, 243: 778, 244: 540, 245: 694, 246: 456, 247: 694, 248: 456, 249: 282, 250: 44, 251: 86, 252: 324, 253: 694, 254: 456, 255: 694, 256: 456, 257: 324, 258: 86, 259: 86, 260: 324, 261: 86, 262: 324, 263: 694, 264: 456, 265: 282, 266: 44, 267: 778, 268: 540, 269: 694, 270: 456, 271: 694, 272: 456, 273: 694, 274: 456, 275: 324, 276: 86, 277: 694, 278: 456, 279: 694, 280: 456, 281: 694, 282: 456, 283: 282, 284: 44, 285: 86, 286: 324, 287: 778, 288: 540, 289: 778, 290: 540, 291: 778, 292: 540, 293: 282, 294: 44, 295: 282, 296: 44, 297: 282, 298: 44, 299: 778, 300: 540, 301: 44, 302: 282, 303: 324, 304: 86, 305: 44, 306: 282, 307: 694, 308: 456, 309: 778, 310: 540, 311: 694, 312: 456, 313: 694, 314: 456, 315: 324, 316: 86, 317: 324, 318: 86, 319: 324, 320: 86, 321: 694, 322: 456, 323: 694, 324: 456, 325: 44, 326: 282, 327: 694, 328: 456, 329: 694, 330: 456, 331: 44, 332: 282, 333: 324, 334: 86, 335: 778, 336: 540, 337: 324, 338: 86, 339: 778, 340: 540, 341: 778, 342: 540, 343: 324, 344: 86, 345: 694, 346: 456, 347: 44, 348: 282, 349: 694, 350: 456, 351: 778, 352: 540, 353: 778, 354: 540, 355: 778, 356: 540, 357: 778, 358: 540, 359: 694, 360: 456, 361: 778, 362: 540, 363: 694, 364: 456, 365: 282, 366: 44, 367: 778, 368: 540, 369: 324, 370: 86, 371: 282, 372: 44, 373: 778, 374: 540, 375: 282, 376: 44, 377: 324, 378: 86, 379: 44, 380: 282, 381: 778, 382: 540, 383: 282, 384: 44, 385: 282, 386: 44, 387: 44, 388: 282, 389: 282, 390: 44, 391: 44, 392: 282, 393: 282, 394: 44, 395: 778, 396: 540, 397: 324, 398: 86, 399: 694, 400: 456, 401: 44, 402: 282, 403: 282, 404: 44, 405: 86, 406: 324, 407: 694, 408: 456, 409: 694, 410: 456, 411: 778, 412: 540, 413: 694, 414: 456, 415: 44, 416: 282, 417: 86, 418: 324, 419: 778, 420: 540, 421: 778, 422: 540, 423: 694, 424: 456, 425: 694, 426: 456, 427: 694, 428: 456, 429: 694, 430: 456, 431: 282, 432: 44, 433: 694, 434: 456, 435: 694, 436: 456, 437: 44, 438: 282, 439: 694, 440: 456, 441: 778, 442: 540, 443: 324, 444: 86, 445: 282, 446: 44, 447: 694, 448: 456, 449: 694, 450: 456, 451: 694, 452: 456, 453: 86, 454: 324, 455: 324, 456: 86, 457: 86, 458: 324, 459: 778, 460: 540, 461: 282, 462: 44, 463: 324, 464: 86, 465: 694, 466: 456, 467: 694, 468: 456, 469: 282, 470: 44, 471: 778, 472: 540, 473: 778, 474: 540, 475: 778, 476: 540, 477: 282, 478: 44, 479: 778, 480: 540, 481: 778, 482: 540, 483: 778, 484: 540, 485: 778, 486: 540, 487: 694, 488: 456, 489: 282, 490: 44, 491: 778, 492: 540, 493: 324, 494: 86, 495: 778, 496: 540, 497: 44, 498: 282, 499: 282, 500: 44, 501: 694, 502: 456, 503: 86, 504: 324, 505: 778, 506: 540, 507: 694, 508: 456, 509: 778, 510: 540, 511: 778, 512: 540, 513: 778, 514: 540, 515: 778, 516: 540, 517: 44, 518: 282, 519: 778, 520: 540, 521: 778, 522: 540, 523: 282, 524: 44, 525: 540, 526: 778, 527: 324, 528: 86, 529: 778, 530: 540, 531: 44, 532: 282, 533: 324, 534: 86, 535: 324, 536: 86, 537: 324, 538: 86, 539: 778, 540: 540, 541: 282, 542: 44, 543: 282, 544: 44, 545: 86, 546: 324, 547: 694, 548: 456, 549: 540, 550: 778, 551: 324, 552: 86, 553: 324, 554: 86, 555: 282, 556: 44, 557: 694, 558: 456, 559: 778, 560: 540, 561: 282, 562: 44, 563: 324, 564: 86, 565: 324, 566: 86, 567: 778, 568: 540, 569: 282, 570: 44, 571: 694, 572: 456, 573: 778, 574: 540, 575: 282, 576: 44, 577: 282, 578: 44, 579: 694, 580: 456, 581: 694, 582: 456, 583: 44, 584: 282, 585: 44, 586: 282, 587: 86, 588: 324, 589: 324, 590: 86, 591: 282, 592: 44, 593: 86, 594: 324, 595: 86, 596: 324, 597: 694, 598: 456, 599: 778, 600: 540, 601: 86, 602: 324, 603: 778, 604: 540, 605: 694, 606: 456, 607: 694, 608: 456, 609: 324, 610: 86, 611: 778, 612: 540, 613: 778, 614: 540, 615: 778, 616: 540, 617: 694, 618: 456, 619: 282, 620: 44, 621: 324, 622: 86, 623: 778, 624: 540, 625: 778, 626: 540, 627: 282, 628: 44, 629: 778, 630: 540, 631: 778, 632: 540, 633: 324, 634: 86, 635: 324, 636: 86, 637: 324, 638: 86, 639: 282, 640: 44, 641: 778, 642: 540, 643: 694, 644: 456, 645: 282, 646: 44, 647: 778, 648: 540, 649: 778, 650: 540, 651: 694, 652: 456, 653: 778, 654: 540, 655: 694, 656: 456, 657: 44, 658: 282, 659: 694, 660: 456, 661: 324, 662: 86, 663: 778, 664: 540, 665: 44, 666: 282, 667: 282, 668: 44, 669: 324, 670: 86, 671: 694, 672: 456, 673: 282, 674: 44, 675: 694, 676: 456, 677: 282, 678: 44, 679: 694, 680: 456, 681: 694, 682: 456, 683: 778, 684: 540, 685: 778, 686: 540, 687: 694, 688: 456, 689: 778, 690: 540, 691: 86, 692: 324, 693: 282, 694: 44, 695: 86, 696: 324, 697: 282, 698: 44, 699: 778, 700: 540, 701: 694, 702: 456, 703: 694, 704: 456, 705: 44, 706: 282, 707: 778, 708: 540, 709: 778, 710: 540, 711: 86, 712: 324, 713: 324, 714: 86, 715: 44, 716: 282, 717: 86, 718: 324, 719: 694, 720: 456, 721: 324, 722: 86, 723: 282, 724: 44, 725: 778, 726: 540, 727: 694, 728: 456, 729: 778, 730: 540, 731: 778, 732: 540, 733: 324, 734: 86, 735: 324, 736: 86, 737: 324, 738: 86, 739: 282, 740: 44, 741: 86, 742: 324, 743: 778, 744: 540, 745: 778, 746: 540, 747: 324, 748: 86, 749: 44, 750: 282, 751: 44, 752: 282, 753: 282, 754: 44, 755: 324, 756: 86, 757: 282, 758: 44, 759: 324, 760: 86, 761: 778, 762: 540, 763: 324, 764: 86, 765: 778, 766: 540, 767: 282, 768: 44, 769: 778, 770: 540, 771: 44, 772: 282, 773: 324, 774: 86, 775: 778, 776: 540, 777: 778, 778: 540, 779: 694, 780: 456, 781: 324, 782: 86, 783: 694, 784: 456, 785: 86, 786: 324, 787: 86, 788: 324, 789: 282, 790: 44, 791: 694, 792: 456, 793: 778, 794: 540, 795: 694, 796: 456, 797: 694, 798: 456, 799: 694, 800: 456, 801: 694, 802: 456, 803: 324, 804: 86, 805: 324, 806: 86, 807: 694, 808: 456, 809: 694, 810: 456, 811: 282, 812: 44, 813: 86, 814: 324, 815: 282, 816: 44, 817: 324, 818: 86, 819: 778, 820: 540, 821: 324, 822: 86, 823: 778, 824: 540, 825: 86, 826: 324, 827: 324, 828: 86, 829: 44, 830: 282, 831: 86, 832: 324, 833: 324, 834: 86, 835: 778, 836: 540, 837: 324, 838: 86, 839: 778, 840: 540, 841: 282, 842: 44, 843: 44, 844: 282, 845: 324, 846: 86, 847: 44, 848: 282, 849: 86, 850: 324, 851: 324, 852: 86, 853: 778, 854: 540, 855: 324, 856: 86, 857: 324, 858: 86, 859: 324, 860: 86, 861: 324, 862: 86, 863: 324, 864: 86, 865: 778, 866: 540, 867: 694, 868: 456, 869: 44, 870: 282, 871: 778, 872: 540, 873: 282, 874: 44, 875: 44, 876: 282, 877: 324, 878: 86, 879: 778, 880: 540, 881: 694, 882: 456, 883: 282, 884: 44, 885: 778, 886: 540, 887: 282, 888: 44, 889: 44, 890: 282, 891: 694, 892: 456, 893: 324, 894: 86, 895: 86, 896: 324, 897: 694, 898: 456, 899: 86, 900: 324, 901: 324, 902: 86, 903: 282, 904: 44, 905: 694, 906: 456, 907: 324, 908: 86, 909: 694, 910: 456, 911: 324, 912: 86, 913: 778, 914: 540, 915: 324, 916: 86}
Number of labels used: 8
Objective value: 8.0
Best objective bound: 8.0
Solution is CORRECT!
Total time: 43.13s
Memory used: 1077.71 MB
[runlim] end:			Sun Jun 14 17:56:29 2026
[runlim] status:		ok
[runlim] result:		0
[runlim] children:		1
[runlim] processes:		2
[runlim] real:			43.62 seconds
[runlim] time:			412.74 seconds
[runlim] space:			1281 MB
[runlim] load:			11.35 maximum
[runlim] samples:		437
