[runlim] version:		2.0.0rc12
[runlim] host:			ap-Precision-7550
[runlim] time limit:		311040000 seconds
[runlim] real time limit:	600 seconds
[runlim] space limit:		14000 MB
[runlim] argv[0]:		python3
[runlim] argv[1]:		-u
[runlim] argv[2]:		main_no.py
[runlim] argv[3]:		graph08
[runlim] argv[4]:		600
[runlim] start:			Sun Jun 14 17:53:11 2026
[runlim] child:			54868
Dataset: graph08
Preprocessing: off
Building CP-SAT model for 680 variables...
Number of assignment variables: 25628
Number of label variables: 48
Build time: 2.18s
Solving with OR-Tools CP-SAT...
Number of labels used: 48
Time taken: 6.13s
Number of labels used: 40
Time taken: 6.32s
Number of labels used: 38
Time taken: 6.35s
Number of labels used: 36
Time taken: 6.38s
Number of labels used: 36
Time taken: 6.41s
Number of labels used: 34
Time taken: 6.43s
Number of labels used: 32
Time taken: 6.46s
Number of labels used: 30
Time taken: 6.49s
Number of labels used: 30
Time taken: 6.51s
Number of labels used: 30
Time taken: 6.54s
Number of labels used: 30
Time taken: 6.56s
Number of labels used: 28
Time taken: 6.59s
Number of labels used: 28
Time taken: 6.62s
Number of labels used: 26
Time taken: 6.65s
Number of labels used: 24
Time taken: 6.68s
Number of labels used: 22
Time taken: 6.72s
Number of labels used: 20
Time taken: 6.76s
Number of labels used: 20
Time taken: 6.78s
Number of labels used: 18
Time taken: 7.24s
Number of labels used: 18
Time taken: 7.27s
[runlim] sample:		48.55 time, 10.02 real, 873 MB, 6.96 load
[runlim] sample:		167.46 time, 20.02 real, 970 MB, 7.73 load
[runlim] sample:		286.46 time, 30.02 real, 1049 MB, 8.39 load
[runlim] sample:		405.48 time, 40.02 real, 1070 MB, 8.95 load
[runlim] sample:		524.41 time, 50.02 real, 1127 MB, 9.42 load
[runlim] sample:		643.32 time, 60.02 real, 1123 MB, 9.89 load
[runlim] sample:		762.26 time, 70.02 real, 1137 MB, 10.21 load
Status: OPTIMAL
Solution:
{1: 380, 2: 142, 3: 526, 4: 764, 5: 526, 6: 764, 7: 30, 8: 268, 9: 380, 10: 142, 11: 240, 12: 478, 13: 380, 14: 142, 15: 792, 16: 554, 17: 694, 18: 456, 19: 554, 20: 792, 21: 526, 22: 764, 23: 380, 24: 142, 25: 380, 26: 142, 27: 100, 28: 338, 29: 456, 30: 694, 31: 30, 32: 268, 33: 456, 34: 694, 35: 456, 36: 694, 37: 240, 38: 478, 39: 142, 40: 380, 41: 526, 42: 764, 43: 142, 44: 380, 45: 554, 46: 792, 47: 652, 48: 414, 49: 338, 50: 100, 51: 478, 52: 240, 53: 512, 54: 750, 55: 512, 56: 750, 57: 268, 58: 30, 59: 792, 60: 554, 61: 792, 62: 554, 63: 694, 64: 456, 65: 142, 66: 380, 67: 456, 68: 694, 69: 380, 70: 142, 71: 456, 72: 694, 73: 142, 74: 380, 75: 456, 76: 694, 77: 456, 78: 694, 79: 554, 80: 792, 81: 30, 82: 268, 83: 100, 84: 338, 85: 792, 86: 554, 87: 380, 88: 142, 89: 652, 90: 414, 91: 100, 92: 338, 93: 512, 94: 750, 95: 526, 96: 764, 97: 414, 98: 652, 99: 512, 100: 750, 101: 764, 102: 526, 103: 380, 104: 142, 105: 338, 106: 100, 107: 380, 108: 142, 109: 30, 110: 268, 111: 526, 112: 764, 113: 380, 114: 142, 115: 652, 116: 414, 117: 478, 118: 240, 119: 456, 120: 694, 121: 526, 122: 764, 123: 456, 124: 694, 125: 694, 126: 456, 127: 268, 128: 30, 129: 142, 130: 380, 131: 792, 132: 554, 133: 554, 134: 792, 135: 100, 136: 338, 137: 142, 138: 380, 139: 338, 140: 100, 141: 338, 142: 100, 143: 338, 144: 100, 145: 414, 146: 652, 147: 380, 148: 142, 149: 526, 150: 764, 151: 750, 152: 512, 153: 380, 154: 142, 155: 456, 156: 694, 157: 380, 158: 142, 159: 652, 160: 414, 161: 268, 162: 30, 163: 792, 164: 554, 165: 554, 166: 792, 167: 694, 168: 456, 169: 30, 170: 268, 171: 652, 172: 414, 173: 30, 174: 268, 175: 750, 176: 512, 177: 380, 178: 142, 179: 268, 180: 30, 181: 380, 182: 142, 183: 142, 184: 380, 185: 456, 186: 694, 187: 268, 188: 30, 189: 764, 190: 526, 191: 100, 192: 338, 193: 414, 194: 652, 195: 764, 196: 526, 197: 414, 198: 652, 199: 652, 200: 414, 201: 268, 202: 30, 203: 456, 204: 694, 205: 414, 206: 652, 207: 380, 208: 142, 209: 526, 210: 764, 211: 338, 212: 100, 213: 268, 214: 30, 215: 764, 216: 526, 217: 554, 218: 792, 219: 100, 220: 338, 221: 142, 222: 380, 223: 100, 224: 338, 225: 694, 226: 456, 227: 338, 228: 100, 229: 456, 230: 694, 231: 142, 232: 380, 233: 792, 234: 554, 235: 338, 236: 100, 237: 512, 238: 750, 239: 30, 240: 268, 241: 30, 242: 268, 243: 380, 244: 142, 245: 764, 246: 526, 247: 338, 248: 100, 249: 792, 250: 554, 251: 268, 252: 30, 253: 380, 254: 142, 255: 380, 256: 142, 257: 764, 258: 526, 259: 456, 260: 694, 261: 30, 262: 268, 263: 652, 264: 414, 265: 268, 266: 30, 267: 456, 268: 694, 269: 268, 270: 30, 271: 764, 272: 526, 273: 554, 274: 792, 275: 380, 276: 142, 277: 338, 278: 100, 279: 414, 280: 652, 281: 792, 282: 554, 283: 764, 284: 526, 285: 554, 286: 792, 287: 792, 288: 554, 289: 526, 290: 764, 291: 268, 292: 30, 293: 100, 294: 338, 295: 750, 296: 512, 297: 414, 298: 652, 299: 30, 300: 268, 301: 380, 302: 142, 303: 554, 304: 792, 305: 456, 306: 694, 307: 30, 308: 268, 309: 764, 310: 526, 311: 142, 312: 380, 313: 478, 314: 240, 315: 414, 316: 652, 317: 750, 318: 512, 319: 240, 320: 478, 321: 380, 322: 142, 323: 554, 324: 792, 325: 652, 326: 414, 327: 268, 328: 30, 329: 338, 330: 100, 331: 240, 332: 478, 333: 142, 334: 380, 335: 30, 336: 268, 337: 478, 338: 240, 339: 30, 340: 268, 341: 142, 342: 380, 343: 240, 344: 478, 345: 268, 346: 30, 347: 652, 348: 414, 349: 512, 350: 750, 351: 30, 352: 268, 353: 694, 354: 456, 355: 142, 356: 380, 357: 694, 358: 456, 359: 240, 360: 478, 361: 268, 362: 30, 363: 30, 364: 268, 365: 554, 366: 792, 367: 30, 368: 268, 369: 764, 370: 526, 371: 240, 372: 478, 373: 478, 374: 240, 375: 792, 376: 554, 377: 380, 378: 142, 379: 142, 380: 380, 381: 456, 382: 694, 383: 380, 384: 142, 385: 764, 386: 526, 387: 100, 388: 338, 389: 554, 390: 792, 391: 694, 392: 456, 393: 652, 394: 414, 395: 380, 396: 142, 397: 30, 398: 268, 399: 750, 400: 512, 401: 414, 402: 652, 403: 338, 404: 100, 405: 142, 406: 380, 407: 554, 408: 792, 409: 142, 410: 380, 411: 268, 412: 30, 413: 30, 414: 268, 415: 414, 416: 652, 417: 268, 418: 30, 419: 792, 420: 554, 421: 478, 422: 240, 423: 414, 424: 652, 425: 554, 426: 792, 427: 30, 428: 268, 429: 268, 430: 30, 431: 414, 432: 652, 433: 526, 434: 764, 435: 380, 436: 142, 437: 380, 438: 142, 439: 142, 440: 380, 441: 456, 442: 694, 443: 652, 444: 414, 445: 268, 446: 30, 447: 268, 448: 30, 449: 456, 450: 694, 451: 30, 452: 268, 453: 526, 454: 764, 455: 414, 456: 652, 457: 30, 458: 268, 459: 142, 460: 380, 461: 100, 462: 338, 463: 338, 464: 100, 465: 526, 466: 764, 467: 694, 468: 456, 469: 100, 470: 338, 471: 764, 472: 526, 473: 240, 474: 478, 475: 338, 476: 100, 477: 240, 478: 478, 479: 554, 480: 792, 481: 456, 482: 694, 483: 526, 484: 764, 485: 512, 486: 750, 487: 526, 488: 764, 489: 30, 490: 268, 491: 30, 492: 268, 493: 30, 494: 268, 495: 792, 496: 554, 497: 30, 498: 268, 499: 100, 500: 338, 501: 764, 502: 526, 503: 554, 504: 792, 505: 30, 506: 268, 507: 30, 508: 268, 509: 100, 510: 338, 511: 414, 512: 652, 513: 142, 514: 380, 515: 792, 516: 554, 517: 792, 518: 554, 519: 694, 520: 456, 521: 456, 522: 694, 523: 792, 524: 554, 525: 554, 526: 792, 527: 338, 528: 100, 529: 268, 530: 30, 531: 30, 532: 268, 533: 240, 534: 478, 535: 100, 536: 338, 537: 414, 538: 652, 539: 694, 540: 456, 541: 142, 542: 380, 543: 338, 544: 100, 545: 694, 546: 456, 547: 694, 548: 456, 549: 554, 550: 792, 551: 380, 552: 142, 553: 414, 554: 652, 555: 526, 556: 764, 557: 414, 558: 652, 559: 100, 560: 338, 561: 30, 562: 268, 563: 338, 564: 100, 565: 30, 566: 268, 567: 456, 568: 694, 569: 100, 570: 338, 571: 100, 572: 338, 573: 792, 574: 554, 575: 792, 576: 554, 577: 764, 578: 526, 579: 142, 580: 380, 581: 764, 582: 526, 583: 142, 584: 380, 585: 100, 586: 338, 587: 240, 588: 478, 589: 268, 590: 30, 591: 142, 592: 380, 593: 268, 594: 30, 595: 414, 596: 652, 597: 30, 598: 268, 599: 456, 600: 694, 601: 512, 602: 750, 603: 456, 604: 694, 605: 456, 606: 694, 607: 414, 608: 652, 609: 512, 610: 750, 611: 268, 612: 30, 613: 456, 614: 694, 615: 142, 616: 380, 617: 478, 618: 240, 619: 526, 620: 764, 621: 414, 622: 652, 623: 414, 624: 652, 625: 478, 626: 240, 627: 694, 628: 456, 629: 512, 630: 750, 631: 652, 632: 414, 633: 380, 634: 142, 635: 142, 636: 380, 637: 694, 638: 456, 639: 526, 640: 764, 641: 100, 642: 338, 643: 100, 644: 338, 645: 792, 646: 554, 647: 652, 648: 414, 649: 30, 650: 268, 651: 338, 652: 100, 653: 30, 654: 268, 655: 694, 656: 456, 657: 456, 658: 694, 659: 526, 660: 764, 661: 750, 662: 512, 663: 694, 664: 456, 665: 792, 666: 554, 667: 792, 668: 554, 669: 554, 670: 792, 671: 792, 672: 554, 673: 456, 674: 694, 675: 694, 676: 456, 677: 750, 678: 512, 679: 268, 680: 30}
Number of labels used: 18
Objective value: 18.0
Best objective bound: 18.0
Solution is CORRECT!
Total time: 78.14s
Memory used: 1043.88 MB
[runlim] end:			Sun Jun 14 17:54:30 2026
[runlim] status:		ok
[runlim] result:		0
[runlim] children:		1
[runlim] processes:		2
[runlim] real:			78.61 seconds
[runlim] time:			860.70 seconds
[runlim] space:			1169 MB
[runlim] load:			10.36 maximum
[runlim] samples:		786
