[runlim] version:		2.0.0rc12
[runlim] host:			ap-Precision-7550
[runlim] time limit:		311040000 seconds
[runlim] real time limit:	600 seconds
[runlim] space limit:		14000 MB
[runlim] argv[0]:		python3
[runlim] argv[1]:		-u
[runlim] argv[2]:		main_no.py
[runlim] argv[3]:		graph04
[runlim] argv[4]:		600
[runlim] start:			Sun Jun 14 18:27:19 2026
[runlim] child:			59887
Dataset: graph04
Preprocessing: off
Building CP-SAT model for 400 variables...
Number of assignment variables: 15592
Number of label variables: 44
Build time: 4.58s
Solving with OR-Tools CP-SAT...
[runlim] sample:		11.08 time, 10.01 real, 1141 MB, 9.35 load
Number of labels used: 34
Time taken: 14.74s
Number of labels used: 32
Time taken: 15.05s
Number of labels used: 30
Time taken: 15.08s
Number of labels used: 26
Time taken: 15.10s
Number of labels used: 24
Time taken: 15.13s
Number of labels used: 22
Time taken: 15.15s
Number of labels used: 22
Time taken: 15.17s
Number of labels used: 22
Time taken: 15.20s
[runlim] sample:		75.60 time, 20.02 real, 1532 MB, 8.95 load
[runlim] sample:		194.08 time, 30.02 real, 1709 MB, 9.42 load
[runlim] sample:		312.85 time, 40.02 real, 1876 MB, 9.89 load
[runlim] sample:		431.72 time, 50.02 real, 1882 MB, 10.21 load
Status: OPTIMAL
Solution:
{1: 58, 2: 296, 3: 30, 4: 268, 5: 114, 6: 352, 7: 44, 8: 282, 9: 156, 10: 394, 11: 156, 12: 394, 13: 128, 14: 366, 15: 114, 16: 352, 17: 16, 18: 254, 19: 750, 20: 512, 21: 16, 22: 254, 23: 72, 24: 310, 25: 142, 26: 380, 27: 72, 28: 310, 29: 128, 30: 366, 31: 58, 32: 296, 33: 142, 34: 380, 35: 128, 36: 366, 37: 16, 38: 254, 39: 750, 40: 512, 41: 114, 42: 352, 43: 44, 44: 282, 45: 142, 46: 380, 47: 44, 48: 282, 49: 86, 50: 324, 51: 58, 52: 296, 53: 114, 54: 352, 55: 142, 56: 380, 57: 16, 58: 254, 59: 72, 60: 310, 61: 128, 62: 366, 63: 128, 64: 366, 65: 30, 66: 268, 67: 58, 68: 296, 69: 142, 70: 380, 71: 114, 72: 352, 73: 44, 74: 282, 75: 750, 76: 512, 77: 156, 78: 394, 79: 58, 80: 296, 81: 750, 82: 512, 83: 16, 84: 254, 85: 58, 86: 296, 87: 30, 88: 268, 89: 16, 90: 254, 91: 16, 92: 254, 93: 114, 94: 352, 95: 156, 96: 394, 97: 142, 98: 380, 99: 142, 100: 380, 101: 16, 102: 254, 103: 16, 104: 254, 105: 86, 106: 324, 107: 156, 108: 394, 109: 750, 110: 512, 111: 156, 112: 394, 113: 114, 114: 352, 115: 142, 116: 380, 117: 16, 118: 254, 119: 86, 120: 324, 121: 750, 122: 512, 123: 128, 124: 366, 125: 156, 126: 394, 127: 16, 128: 254, 129: 750, 130: 512, 131: 58, 132: 296, 133: 30, 134: 268, 135: 750, 136: 512, 137: 750, 138: 512, 139: 156, 140: 394, 141: 156, 142: 394, 143: 72, 144: 310, 145: 30, 146: 268, 147: 16, 148: 254, 149: 44, 150: 282, 151: 58, 152: 296, 153: 16, 154: 254, 155: 156, 156: 394, 157: 156, 158: 394, 159: 86, 160: 324, 161: 750, 162: 512, 163: 16, 164: 254, 165: 58, 166: 296, 167: 44, 168: 282, 169: 156, 170: 394, 171: 156, 172: 394, 173: 128, 174: 366, 175: 750, 176: 512, 177: 16, 178: 254, 179: 750, 180: 512, 181: 58, 182: 296, 183: 16, 184: 254, 185: 86, 186: 324, 187: 30, 188: 268, 189: 16, 190: 254, 191: 128, 192: 366, 193: 128, 194: 366, 195: 750, 196: 512, 197: 30, 198: 268, 199: 142, 200: 380, 201: 750, 202: 512, 203: 30, 204: 268, 205: 58, 206: 296, 207: 86, 208: 324, 209: 72, 210: 310, 211: 142, 212: 380, 213: 114, 214: 352, 215: 114, 216: 352, 217: 114, 218: 352, 219: 156, 220: 394, 221: 58, 222: 296, 223: 114, 224: 352, 225: 128, 226: 366, 227: 128, 228: 366, 229: 44, 230: 282, 231: 30, 232: 268, 233: 750, 234: 512, 235: 128, 236: 366, 237: 44, 238: 282, 239: 750, 240: 512, 241: 16, 242: 254, 243: 58, 244: 296, 245: 114, 246: 352, 247: 72, 248: 310, 249: 44, 250: 282, 251: 156, 252: 394, 253: 58, 254: 296, 255: 156, 256: 394, 257: 86, 258: 324, 259: 114, 260: 352, 261: 16, 262: 254, 263: 30, 264: 268, 265: 750, 266: 512, 267: 156, 268: 394, 269: 156, 270: 394, 271: 58, 272: 296, 273: 86, 274: 324, 275: 156, 276: 394, 277: 86, 278: 324, 279: 16, 280: 254, 281: 156, 282: 394, 283: 750, 284: 512, 285: 58, 286: 296, 287: 156, 288: 394, 289: 72, 290: 310, 291: 156, 292: 394, 293: 142, 294: 380, 295: 16, 296: 254, 297: 114, 298: 352, 299: 30, 300: 268, 301: 114, 302: 352, 303: 86, 304: 324, 305: 72, 306: 310, 307: 142, 308: 380, 309: 44, 310: 282, 311: 58, 312: 296, 313: 128, 314: 366, 315: 128, 316: 366, 317: 16, 318: 254, 319: 16, 320: 254, 321: 750, 322: 512, 323: 156, 324: 394, 325: 86, 326: 324, 327: 156, 328: 394, 329: 750, 330: 512, 331: 30, 332: 268, 333: 142, 334: 380, 335: 142, 336: 380, 337: 58, 338: 296, 339: 750, 340: 512, 341: 128, 342: 366, 343: 128, 344: 366, 345: 16, 346: 254, 347: 30, 348: 268, 349: 750, 350: 512, 351: 30, 352: 268, 353: 58, 354: 296, 355: 30, 356: 268, 357: 16, 358: 254, 359: 72, 360: 310, 361: 44, 362: 282, 363: 86, 364: 324, 365: 72, 366: 310, 367: 72, 368: 310, 369: 16, 370: 254, 371: 30, 372: 268, 373: 30, 374: 268, 375: 44, 376: 282, 377: 128, 378: 366, 379: 72, 380: 310, 381: 44, 382: 282, 383: 72, 384: 310, 385: 142, 386: 380, 387: 750, 388: 512, 389: 30, 390: 268, 391: 16, 392: 254, 393: 156, 394: 394, 395: 512, 396: 750, 397: 16, 398: 254, 399: 30, 400: 268}
Number of labels used: 22
Objective value: 22.0
Best objective bound: 22.0
Solution is CORRECT!
Total time: 58.40s
Memory used: 1754.58 MB
[runlim] end:			Sun Jun 14 18:28:18 2026
[runlim] status:		ok
[runlim] result:		0
[runlim] children:		1
[runlim] processes:		2
[runlim] real:			58.99 seconds
[runlim] time:			532.63 seconds
[runlim] space:			1948 MB
[runlim] load:			10.87 maximum
[runlim] samples:		590
