[runlim] version:		2.0.0rc12
[runlim] host:			ap-Precision-7550
[runlim] time limit:		311040000 seconds
[runlim] real time limit:	600 seconds
[runlim] space limit:		14000 MB
[runlim] argv[0]:		python3
[runlim] argv[1]:		-u
[runlim] argv[2]:		main_no.py
[runlim] argv[3]:		graph01
[runlim] argv[4]:		600
[runlim] start:			Sun Jun 14 17:52:16 2026
[runlim] child:			54647
Dataset: graph01
Preprocessing: off
Building CP-SAT model for 200 variables...
Number of assignment variables: 6920
Number of label variables: 48
Build time: 0.45s
Solving with OR-Tools CP-SAT...
Number of labels used: 42
Time taken: 1.18s
Number of labels used: 32
Time taken: 1.23s
Number of labels used: 30
Time taken: 1.24s
Number of labels used: 28
Time taken: 1.25s
Number of labels used: 26
Time taken: 1.26s
Number of labels used: 20
Time taken: 1.26s
Number of labels used: 18
Time taken: 1.27s
Status: OPTIMAL
Solution:
{1: 414, 2: 652, 3: 414, 4: 652, 5: 86, 6: 324, 7: 478, 8: 240, 9: 240, 10: 478, 11: 86, 12: 324, 13: 142, 14: 380, 15: 414, 16: 652, 17: 380, 18: 142, 19: 86, 20: 324, 21: 72, 22: 310, 23: 142, 24: 380, 25: 442, 26: 680, 27: 414, 28: 652, 29: 268, 30: 30, 31: 30, 32: 268, 33: 86, 34: 324, 35: 380, 36: 142, 37: 380, 38: 142, 39: 380, 40: 142, 41: 72, 42: 310, 43: 268, 44: 30, 45: 324, 46: 86, 47: 142, 48: 380, 49: 30, 50: 268, 51: 30, 52: 268, 53: 736, 54: 498, 55: 652, 56: 414, 57: 652, 58: 414, 59: 442, 60: 680, 61: 498, 62: 736, 63: 268, 64: 30, 65: 680, 66: 442, 67: 380, 68: 142, 69: 442, 70: 680, 71: 142, 72: 380, 73: 380, 74: 142, 75: 30, 76: 268, 77: 764, 78: 526, 79: 72, 80: 310, 81: 30, 82: 268, 83: 764, 84: 526, 85: 652, 86: 414, 87: 324, 88: 86, 89: 86, 90: 324, 91: 526, 92: 764, 93: 72, 94: 310, 95: 310, 96: 72, 97: 240, 98: 478, 99: 442, 100: 680, 101: 442, 102: 680, 103: 72, 104: 310, 105: 736, 106: 498, 107: 680, 108: 442, 109: 86, 110: 324, 111: 30, 112: 268, 113: 30, 114: 268, 115: 680, 116: 442, 117: 30, 118: 268, 119: 680, 120: 442, 121: 240, 122: 478, 123: 240, 124: 478, 125: 86, 126: 324, 127: 526, 128: 764, 129: 72, 130: 310, 131: 30, 132: 268, 133: 380, 134: 142, 135: 240, 136: 478, 137: 736, 138: 498, 139: 30, 140: 268, 141: 142, 142: 380, 143: 30, 144: 268, 145: 30, 146: 268, 147: 72, 148: 310, 149: 72, 150: 310, 151: 30, 152: 268, 153: 380, 154: 142, 155: 310, 156: 72, 157: 310, 158: 72, 159: 414, 160: 652, 161: 414, 162: 652, 163: 498, 164: 736, 165: 526, 166: 764, 167: 380, 168: 142, 169: 324, 170: 86, 171: 680, 172: 442, 173: 380, 174: 142, 175: 736, 176: 498, 177: 764, 178: 526, 179: 86, 180: 324, 181: 498, 182: 736, 183: 310, 184: 72, 185: 268, 186: 30, 187: 442, 188: 680, 189: 652, 190: 414, 191: 736, 192: 498, 193: 240, 194: 478, 195: 680, 196: 442, 197: 86, 198: 324, 199: 324, 200: 86}
Number of labels used: 18
Objective value: 18.0
Best objective bound: 18.0
Solution is CORRECT!
Total time: 1.65s
Memory used: 263.52 MB
[runlim] end:			Sun Jun 14 17:52:18 2026
[runlim] status:		ok
[runlim] result:		0
[runlim] children:		1
[runlim] processes:		2
[runlim] real:			2.03 seconds
[runlim] time:			7.66 seconds
[runlim] space:			278 MB
[runlim] load:			0.02 maximum
[runlim] samples:		21
