[runlim] version:		2.0.0rc12
[runlim] host:			ap-Precision-7550
[runlim] time limit:		311040000 seconds
[runlim] real time limit:	600 seconds
[runlim] space limit:		14000 MB
[runlim] argv[0]:		python3
[runlim] argv[1]:		-u
[runlim] argv[2]:		main_no.py
[runlim] argv[3]:		graph02
[runlim] argv[4]:		600
[runlim] start:			Sun Jun 14 17:52:18 2026
[runlim] child:			54694
Dataset: graph02
Preprocessing: off
Building CP-SAT model for 400 variables...
Number of assignment variables: 14624
Number of label variables: 48
Build time: 1.00s
Solving with OR-Tools CP-SAT...
Number of labels used: 48
Time taken: 2.77s
Number of labels used: 24
Time taken: 2.87s
Number of labels used: 22
Time taken: 2.88s
Number of labels used: 20
Time taken: 2.91s
Number of labels used: 18
Time taken: 2.93s
Number of labels used: 18
Time taken: 2.94s
Number of labels used: 16
Time taken: 2.95s
Number of labels used: 16
Time taken: 2.97s
Number of labels used: 14
Time taken: 3.01s
Number of labels used: 14
Time taken: 3.02s
[runlim] sample:		86.28 time, 10.02 real, 568 MB, 1.06 load
[runlim] sample:		205.28 time, 20.02 real, 618 MB, 2.74 load
[runlim] sample:		324.28 time, 30.02 real, 636 MB, 4.16 load
[runlim] sample:		443.15 time, 40.02 real, 647 MB, 5.37 load
[runlim] sample:		562.15 time, 50.02 real, 656 MB, 6.46 load
Status: OPTIMAL
Solution:
{1: 778, 2: 540, 3: 44, 4: 282, 5: 456, 6: 694, 7: 456, 8: 694, 9: 792, 10: 554, 11: 86, 12: 324, 13: 778, 14: 540, 15: 456, 16: 694, 17: 282, 18: 44, 19: 86, 20: 324, 21: 282, 22: 44, 23: 540, 24: 778, 25: 86, 26: 324, 27: 694, 28: 456, 29: 456, 30: 694, 31: 792, 32: 554, 33: 282, 34: 44, 35: 792, 36: 554, 37: 86, 38: 324, 39: 324, 40: 86, 41: 324, 42: 86, 43: 792, 44: 554, 45: 778, 46: 540, 47: 44, 48: 282, 49: 554, 50: 792, 51: 778, 52: 540, 53: 142, 54: 380, 55: 282, 56: 44, 57: 792, 58: 554, 59: 324, 60: 86, 61: 778, 62: 540, 63: 142, 64: 380, 65: 778, 66: 540, 67: 142, 68: 380, 69: 86, 70: 324, 71: 142, 72: 380, 73: 554, 74: 792, 75: 792, 76: 554, 77: 456, 78: 694, 79: 44, 80: 282, 81: 44, 82: 282, 83: 282, 84: 44, 85: 456, 86: 694, 87: 142, 88: 380, 89: 380, 90: 142, 91: 282, 92: 44, 93: 282, 94: 44, 95: 554, 96: 792, 97: 554, 98: 792, 99: 778, 100: 540, 101: 324, 102: 86, 103: 456, 104: 694, 105: 380, 106: 142, 107: 44, 108: 282, 109: 44, 110: 282, 111: 86, 112: 324, 113: 324, 114: 86, 115: 456, 116: 694, 117: 380, 118: 142, 119: 478, 120: 240, 121: 44, 122: 282, 123: 554, 124: 792, 125: 324, 126: 86, 127: 540, 128: 778, 129: 240, 130: 478, 131: 282, 132: 44, 133: 456, 134: 694, 135: 240, 136: 478, 137: 44, 138: 282, 139: 282, 140: 44, 141: 792, 142: 554, 143: 456, 144: 694, 145: 694, 146: 456, 147: 44, 148: 282, 149: 456, 150: 694, 151: 282, 152: 44, 153: 778, 154: 540, 155: 240, 156: 478, 157: 86, 158: 324, 159: 282, 160: 44, 161: 554, 162: 792, 163: 240, 164: 478, 165: 554, 166: 792, 167: 778, 168: 540, 169: 44, 170: 282, 171: 324, 172: 86, 173: 282, 174: 44, 175: 778, 176: 540, 177: 540, 178: 778, 179: 240, 180: 478, 181: 142, 182: 380, 183: 554, 184: 792, 185: 44, 186: 282, 187: 44, 188: 282, 189: 142, 190: 380, 191: 380, 192: 142, 193: 380, 194: 142, 195: 456, 196: 694, 197: 456, 198: 694, 199: 142, 200: 380, 201: 792, 202: 554, 203: 142, 204: 380, 205: 456, 206: 694, 207: 142, 208: 380, 209: 44, 210: 282, 211: 282, 212: 44, 213: 380, 214: 142, 215: 792, 216: 554, 217: 44, 218: 282, 219: 554, 220: 792, 221: 554, 222: 792, 223: 554, 224: 792, 225: 44, 226: 282, 227: 142, 228: 380, 229: 324, 230: 86, 231: 380, 232: 142, 233: 456, 234: 694, 235: 142, 236: 380, 237: 324, 238: 86, 239: 86, 240: 324, 241: 44, 242: 282, 243: 380, 244: 142, 245: 540, 246: 778, 247: 240, 248: 478, 249: 456, 250: 694, 251: 792, 252: 554, 253: 324, 254: 86, 255: 478, 256: 240, 257: 694, 258: 456, 259: 380, 260: 142, 261: 778, 262: 540, 263: 142, 264: 380, 265: 478, 266: 240, 267: 554, 268: 792, 269: 324, 270: 86, 271: 86, 272: 324, 273: 540, 274: 778, 275: 554, 276: 792, 277: 142, 278: 380, 279: 44, 280: 282, 281: 380, 282: 142, 283: 324, 284: 86, 285: 240, 286: 478, 287: 44, 288: 282, 289: 324, 290: 86, 291: 142, 292: 380, 293: 240, 294: 478, 295: 540, 296: 778, 297: 240, 298: 478, 299: 240, 300: 478, 301: 44, 302: 282, 303: 456, 304: 694, 305: 456, 306: 694, 307: 86, 308: 324, 309: 240, 310: 478, 311: 240, 312: 478, 313: 380, 314: 142, 315: 456, 316: 694, 317: 240, 318: 478, 319: 282, 320: 44, 321: 778, 322: 540, 323: 456, 324: 694, 325: 540, 326: 778, 327: 282, 328: 44, 329: 540, 330: 778, 331: 778, 332: 540, 333: 324, 334: 86, 335: 778, 336: 540, 337: 86, 338: 324, 339: 380, 340: 142, 341: 86, 342: 324, 343: 86, 344: 324, 345: 86, 346: 324, 347: 380, 348: 142, 349: 478, 350: 240, 351: 240, 352: 478, 353: 324, 354: 86, 355: 44, 356: 282, 357: 694, 358: 456, 359: 324, 360: 86, 361: 44, 362: 282, 363: 142, 364: 380, 365: 554, 366: 792, 367: 86, 368: 324, 369: 554, 370: 792, 371: 778, 372: 540, 373: 282, 374: 44, 375: 540, 376: 778, 377: 324, 378: 86, 379: 792, 380: 554, 381: 142, 382: 380, 383: 554, 384: 792, 385: 778, 386: 540, 387: 86, 388: 324, 389: 282, 390: 44, 391: 380, 392: 142, 393: 540, 394: 778, 395: 380, 396: 142, 397: 694, 398: 456, 399: 86, 400: 324}
Number of labels used: 14
Objective value: 14.0
Best objective bound: 14.0
Solution is CORRECT!
Total time: 53.50s
Memory used: 590.36 MB
[runlim] end:			Sun Jun 14 17:53:11 2026
[runlim] status:		ok
[runlim] result:		0
[runlim] children:		1
[runlim] processes:		2
[runlim] real:			53.92 seconds
[runlim] time:			605.79 seconds
[runlim] space:			658 MB
[runlim] load:			6.91 maximum
[runlim] samples:		540
