[runlim] version:		2.0.0rc12
[runlim] host:			ap-Precision-7550
[runlim] time limit:		311040000 seconds
[runlim] real time limit:	600 seconds
[runlim] space limit:		14000 MB
[runlim] argv[0]:		python3
[runlim] argv[1]:		-u
[runlim] argv[2]:		main_no.py
[runlim] argv[3]:		graph03
[runlim] argv[4]:		600
[runlim] start:			Sun Jun 14 18:26:49 2026
[runlim] child:			59768
Dataset: graph03
Preprocessing: off
Building CP-SAT model for 200 variables...
Number of assignment variables: 7820
Number of label variables: 48
Build time: 2.27s
Solving with OR-Tools CP-SAT...
Number of labels used: 20
Time taken: 7.27s
[runlim] sample:		37.12 time, 10.02 real, 810 MB, 10.42 load
[runlim] sample:		155.99 time, 20.02 real, 972 MB, 10.66 load
Status: OPTIMAL
Solution:
{1: 764, 2: 526, 3: 142, 4: 380, 5: 142, 6: 380, 7: 142, 8: 380, 9: 142, 10: 380, 11: 142, 12: 380, 13: 58, 14: 296, 15: 114, 16: 352, 17: 114, 18: 352, 19: 58, 20: 296, 21: 16, 22: 254, 23: 86, 24: 324, 25: 764, 26: 526, 27: 764, 28: 526, 29: 114, 30: 352, 31: 128, 32: 366, 33: 44, 34: 282, 35: 142, 36: 380, 37: 792, 38: 554, 39: 16, 40: 254, 41: 16, 42: 254, 43: 86, 44: 324, 45: 58, 46: 296, 47: 86, 48: 324, 49: 30, 50: 268, 51: 128, 52: 366, 53: 142, 54: 380, 55: 44, 56: 282, 57: 86, 58: 324, 59: 764, 60: 526, 61: 86, 62: 324, 63: 16, 64: 254, 65: 58, 66: 296, 67: 764, 68: 526, 69: 30, 70: 268, 71: 142, 72: 380, 73: 142, 74: 380, 75: 58, 76: 296, 77: 44, 78: 282, 79: 16, 80: 254, 81: 86, 82: 324, 83: 30, 84: 268, 85: 16, 86: 254, 87: 16, 88: 254, 89: 764, 90: 526, 91: 16, 92: 254, 93: 30, 94: 268, 95: 142, 96: 380, 97: 30, 98: 268, 99: 44, 100: 282, 101: 16, 102: 254, 103: 142, 104: 380, 105: 86, 106: 324, 107: 764, 108: 526, 109: 142, 110: 380, 111: 16, 112: 254, 113: 16, 114: 254, 115: 58, 116: 296, 117: 142, 118: 380, 119: 44, 120: 282, 121: 114, 122: 352, 123: 16, 124: 254, 125: 142, 126: 380, 127: 792, 128: 554, 129: 114, 130: 352, 131: 142, 132: 380, 133: 764, 134: 526, 135: 142, 136: 380, 137: 114, 138: 352, 139: 86, 140: 324, 141: 764, 142: 526, 143: 58, 144: 296, 145: 30, 146: 268, 147: 764, 148: 526, 149: 128, 150: 366, 151: 44, 152: 282, 153: 16, 154: 254, 155: 86, 156: 324, 157: 16, 158: 254, 159: 58, 160: 296, 161: 792, 162: 554, 163: 114, 164: 352, 165: 86, 166: 324, 167: 16, 168: 254, 169: 128, 170: 366, 171: 764, 172: 526, 173: 44, 174: 282, 175: 764, 176: 526, 177: 44, 178: 282, 179: 764, 180: 526, 181: 114, 182: 352, 183: 764, 184: 526, 185: 142, 186: 380, 187: 58, 188: 296, 189: 30, 190: 268, 191: 16, 192: 254, 193: 58, 194: 296, 195: 44, 196: 282, 197: 128, 198: 366, 199: 30, 200: 268}
Number of labels used: 20
Objective value: 20.0
Best objective bound: 20.0
Solution is CORRECT!
Total time: 29.60s
Memory used: 1055.58 MB
[runlim] sample:		272.19 time, 30.01 real, 1051 MB, 10.87 load
[runlim] end:			Sun Jun 14 18:27:19 2026
[runlim] status:		ok
[runlim] result:		0
[runlim] children:		1
[runlim] processes:		2
[runlim] real:			30.11 seconds
[runlim] time:			272.19 seconds
[runlim] space:			1076 MB
[runlim] load:			12.13 maximum
[runlim] samples:		301
