[runlim] version:		2.0.0rc12
[runlim] host:			ap-Precision-7550
[runlim] time limit:		311040000 seconds
[runlim] real time limit:	600 seconds
[runlim] space limit:		14000 MB
[runlim] argv[0]:		python3
[runlim] argv[1]:		-u
[runlim] argv[2]:		main_no.py
[runlim] argv[3]:		scen05
[runlim] argv[4]:		600
[runlim] start:			Sun Jun 14 18:34:55 2026
[runlim] child:			61220
Dataset: scen05
Preprocessing: off
Building CP-SAT model for 400 variables...
Number of assignment variables: 15768
Number of label variables: 48
Build time: 6.62s
Solving with OR-Tools CP-SAT...
[runlim] sample:		11.08 time, 10.01 real, 1255 MB, 9.40 load
Number of labels used: 40
Time taken: 18.01s
Status: OPTIMAL
Solution:
{13: 156, 14: 394, 15: 156, 16: 394, 53: 254, 54: 16, 71: 86, 72: 324, 79: 554, 80: 792, 81: 254, 82: 16, 83: 128, 84: 366, 85: 442, 86: 680, 117: 792, 118: 554, 119: 554, 120: 792, 127: 44, 128: 282, 129: 792, 130: 554, 143: 680, 144: 442, 145: 442, 146: 680, 151: 72, 152: 310, 153: 428, 154: 666, 163: 128, 164: 366, 165: 764, 166: 526, 179: 44, 180: 282, 181: 254, 182: 16, 183: 442, 184: 680, 191: 736, 192: 498, 193: 268, 194: 30, 205: 310, 206: 72, 209: 736, 210: 498, 211: 792, 212: 554, 213: 310, 214: 72, 217: 764, 218: 526, 219: 352, 220: 114, 233: 428, 234: 666, 235: 30, 236: 268, 237: 498, 238: 736, 255: 44, 256: 282, 259: 44, 260: 282, 261: 554, 262: 792, 263: 254, 264: 16, 265: 58, 266: 296, 267: 526, 268: 764, 269: 296, 270: 58, 271: 296, 272: 58, 273: 30, 274: 268, 275: 30, 276: 268, 277: 296, 278: 58, 281: 366, 282: 128, 283: 128, 284: 366, 285: 16, 286: 254, 287: 310, 288: 72, 289: 792, 290: 554, 291: 156, 292: 394, 293: 408, 294: 170, 295: 792, 296: 554, 299: 254, 300: 16, 301: 156, 302: 394, 303: 324, 304: 86, 305: 554, 306: 792, 307: 554, 308: 792, 309: 394, 310: 156, 311: 30, 312: 268, 313: 296, 314: 58, 321: 254, 322: 16, 323: 156, 324: 394, 325: 456, 326: 694, 327: 282, 328: 44, 329: 268, 330: 30, 335: 792, 336: 554, 337: 526, 338: 764, 341: 394, 342: 156, 343: 394, 344: 156, 349: 268, 350: 30, 351: 708, 352: 470, 353: 680, 354: 442, 369: 778, 370: 540, 371: 442, 372: 680, 373: 722, 374: 484, 375: 128, 376: 366, 377: 352, 378: 114, 379: 352, 380: 114, 381: 44, 382: 282, 385: 778, 386: 540, 391: 722, 392: 484, 393: 778, 394: 540, 401: 366, 402: 128, 403: 268, 404: 30, 405: 428, 406: 666, 413: 778, 414: 540, 435: 30, 436: 268, 439: 394, 440: 156, 443: 792, 444: 554, 449: 764, 450: 526, 471: 792, 472: 554, 473: 366, 474: 128, 475: 470, 476: 708, 477: 680, 478: 442, 479: 268, 480: 30, 481: 128, 482: 366, 517: 680, 518: 442, 519: 540, 520: 778, 537: 156, 538: 394, 539: 72, 540: 310, 541: 428, 542: 666, 545: 652, 546: 414, 551: 792, 552: 554, 553: 254, 554: 16, 555: 442, 556: 680, 557: 540, 558: 778, 559: 352, 560: 114, 561: 128, 562: 366, 563: 708, 564: 470, 565: 526, 566: 764, 567: 268, 568: 30, 569: 540, 570: 778, 571: 484, 572: 722, 573: 30, 574: 268, 575: 58, 576: 296, 577: 554, 578: 792, 579: 666, 580: 428, 581: 16, 582: 254, 583: 778, 584: 540, 585: 366, 586: 128, 587: 680, 588: 442, 589: 352, 590: 114, 591: 526, 592: 764, 593: 268, 594: 30, 595: 442, 596: 680, 597: 310, 598: 72, 599: 708, 600: 470, 601: 268, 602: 30, 603: 456, 604: 694, 605: 296, 606: 58, 607: 324, 608: 86, 613: 310, 614: 72, 615: 86, 616: 324, 617: 764, 618: 526, 619: 540, 620: 778, 621: 540, 622: 778, 623: 666, 624: 428, 625: 44, 626: 282, 629: 310, 630: 72, 631: 456, 632: 694, 633: 114, 634: 352, 635: 694, 636: 456, 639: 86, 640: 324, 641: 128, 642: 366, 643: 128, 644: 366, 645: 16, 646: 254, 651: 16, 652: 254, 653: 666, 654: 428, 661: 792, 662: 554, 663: 442, 664: 680, 665: 394, 666: 156, 667: 778, 668: 540, 671: 310, 672: 72, 711: 366, 712: 128, 713: 296, 714: 58, 715: 694, 716: 456, 717: 128, 718: 366, 719: 254, 720: 16, 721: 554, 722: 792, 723: 442, 724: 680, 739: 666, 740: 428, 741: 456, 742: 694, 743: 324, 744: 86, 745: 58, 746: 296, 747: 540, 748: 778, 751: 540, 752: 778, 753: 44, 754: 282, 755: 694, 756: 456, 757: 114, 758: 352, 759: 470, 760: 708, 763: 540, 764: 778, 765: 16, 766: 254, 767: 324, 768: 86, 769: 310, 770: 72, 773: 114, 774: 352, 775: 540, 776: 778, 783: 778, 784: 540, 785: 722, 786: 484, 787: 526, 788: 764, 789: 282, 790: 44, 791: 778, 792: 540, 793: 352, 794: 114, 795: 540, 796: 778, 797: 470, 798: 708, 799: 282, 800: 44, 801: 764, 802: 526, 803: 114, 804: 352, 805: 30, 806: 268, 807: 114, 808: 352, 809: 540, 810: 778, 811: 484, 812: 722, 813: 296, 814: 58, 815: 540, 816: 778, 817: 296, 818: 58, 825: 268, 826: 30, 827: 694, 828: 456, 829: 778, 830: 540, 879: 310, 880: 72, 911: 114, 912: 352, 913: 282, 914: 44, 915: 58, 916: 296}
Number of labels used: 40
Objective value: 40.0
Best objective bound: 40.0
Solution is CORRECT!
Total time: 18.07s
Memory used: 1205.35 MB
[runlim] end:			Sun Jun 14 18:35:14 2026
[runlim] status:		ok
[runlim] result:		0
[runlim] children:		1
[runlim] processes:		2
[runlim] real:			18.71 seconds
[runlim] time:			19.79 seconds
[runlim] space:			1458 MB
[runlim] load:			10.93 maximum
[runlim] samples:		188
