[runlim] version:		2.0.0rc12
[runlim] host:			ap-Precision-7550
[runlim] time limit:		311040000 seconds
[runlim] real time limit:	600 seconds
[runlim] space limit:		14000 MB
[runlim] argv[0]:		python3
[runlim] argv[1]:		-u
[runlim] argv[2]:		main_no.py
[runlim] argv[3]:		scen02
[runlim] argv[4]:		600
[runlim] start:			Sun Jun 14 18:06:30 2026
[runlim] child:			56895
Dataset: scen02
Preprocessing: off
Building CP-SAT model for 200 variables...
Number of assignment variables: 8004
Number of label variables: 44
Build time: 1.01s
Solving with OR-Tools CP-SAT...
Number of labels used: 38
Time taken: 2.68s
Number of labels used: 32
Time taken: 2.73s
Number of labels used: 30
Time taken: 2.74s
Number of labels used: 16
Time taken: 2.75s
Number of labels used: 14
Time taken: 2.76s
[runlim] sample:		87.41 time, 10.02 real, 469 MB, 11.65 load
Status: OPTIMAL
Solution:
{13: 268, 14: 30, 15: 268, 16: 30, 53: 380, 54: 142, 79: 366, 80: 128, 81: 30, 82: 268, 83: 72, 84: 310, 85: 470, 86: 708, 127: 72, 128: 310, 129: 470, 130: 708, 143: 30, 144: 268, 145: 44, 146: 282, 205: 366, 206: 128, 233: 470, 234: 708, 235: 268, 236: 30, 237: 428, 238: 666, 261: 268, 262: 30, 263: 30, 264: 268, 265: 666, 266: 428, 267: 72, 268: 310, 269: 470, 270: 708, 271: 366, 272: 128, 273: 380, 274: 142, 275: 380, 276: 142, 277: 470, 278: 708, 281: 142, 282: 380, 283: 142, 284: 380, 289: 470, 290: 708, 291: 380, 292: 142, 303: 380, 304: 142, 305: 44, 306: 282, 321: 428, 322: 666, 323: 366, 324: 128, 325: 72, 326: 310, 327: 666, 328: 428, 329: 708, 330: 470, 341: 310, 342: 72, 343: 310, 344: 72, 349: 128, 350: 366, 351: 428, 352: 666, 435: 428, 436: 666, 475: 470, 476: 708, 481: 72, 482: 310, 517: 708, 518: 470, 519: 142, 520: 380, 555: 30, 556: 268, 557: 380, 558: 142, 559: 380, 560: 142, 561: 72, 562: 310, 565: 268, 566: 30, 577: 142, 578: 380, 579: 708, 580: 470, 583: 44, 584: 282, 585: 128, 586: 366, 587: 470, 588: 708, 589: 708, 590: 470, 591: 44, 592: 282, 593: 428, 594: 666, 595: 310, 596: 72, 597: 268, 598: 30, 599: 282, 600: 44, 601: 708, 602: 470, 603: 30, 604: 268, 605: 128, 606: 366, 607: 428, 608: 666, 613: 282, 614: 44, 615: 666, 616: 428, 617: 366, 618: 128, 621: 128, 622: 366, 625: 30, 626: 268, 629: 44, 630: 282, 631: 708, 632: 470, 633: 366, 634: 128, 635: 666, 636: 428, 645: 128, 646: 366, 651: 380, 652: 142, 661: 708, 662: 470, 663: 708, 664: 470, 665: 708, 666: 470, 667: 380, 668: 142, 713: 470, 714: 708, 717: 380, 718: 142, 719: 310, 720: 72, 721: 128, 722: 366, 723: 44, 724: 282, 743: 142, 744: 380, 745: 380, 746: 142, 747: 30, 748: 268, 763: 366, 764: 128, 765: 366, 766: 128, 767: 310, 768: 72, 785: 366, 786: 128, 787: 708, 788: 470, 789: 128, 790: 366, 791: 428, 792: 666, 793: 708, 794: 470, 795: 128, 796: 366, 797: 30, 798: 268, 799: 366, 800: 128, 801: 268, 802: 30, 879: 128, 880: 366}
Number of labels used: 14
Objective value: 14.0
Best objective bound: 14.0
Solution is CORRECT!
Total time: 10.75s
Memory used: 475.93 MB
[runlim] end:			Sun Jun 14 18:06:41 2026
[runlim] status:		ok
[runlim] result:		0
[runlim] children:		1
[runlim] processes:		2
[runlim] real:			11.16 seconds
[runlim] time:			98.86 seconds
[runlim] space:			476 MB
[runlim] load:			12.54 maximum
[runlim] samples:		112
