[runlim] version:		2.0.0rc12
[runlim] host:			ap-Precision-7550
[runlim] time limit:		311040000 seconds
[runlim] real time limit:	600 seconds
[runlim] space limit:		14000 MB
[runlim] argv[0]:		python3
[runlim] argv[1]:		-u
[runlim] argv[2]:		main_no.py
[runlim] argv[3]:		scen09
[runlim] argv[4]:		600
[runlim] start:			Sun Jun 14 18:36:03 2026
[runlim] child:			61543
Dataset: scen09
Preprocessing: off
Building CP-SAT model for 680 variables...
Number of assignment variables: 4322
Number of label variables: 46
Build time: 0.38s
Solving with OR-Tools CP-SAT...
Status: INFEASIBLE
No solution found.
Objective bound: 0.0
Total time: 0.43s
Memory used: 129.44 MB
[runlim] end:			Sun Jun 14 18:36:03 2026
[runlim] status:		ok
[runlim] result:		0
[runlim] children:		1
[runlim] processes:		2
[runlim] real:			0.78 seconds
[runlim] time:			1.79 seconds
[runlim] space:			128 MB
[runlim] load:			4.08 maximum
[runlim] samples:		8
