[runlim] version:		2.0.0rc12
[runlim] host:			ap-Precision-7550
[runlim] time limit:		311040000 seconds
[runlim] real time limit:	600 seconds
[runlim] space limit:		14000 MB
[runlim] argv[0]:		python3
[runlim] argv[1]:		-u
[runlim] argv[2]:		main_no.py
[runlim] argv[3]:		scen01
[runlim] argv[4]:		600
[runlim] start:			Sun Jun 14 17:56:29 2026
[runlim] child:			55530
Dataset: scen01
Preprocessing: off
Building CP-SAT model for 916 variables...
Number of assignment variables: 36200
Number of label variables: 48
Build time: 3.94s
Solving with OR-Tools CP-SAT...
[runlim] sample:		11.07 time, 10.01 real, 854 MB, 9.47 load
Number of labels used: 46
Time taken: 10.67s
Number of labels used: 34
Time taken: 10.93s
Number of labels used: 32
Time taken: 10.99s
Number of labels used: 30
Time taken: 11.03s
Number of labels used: 28
Time taken: 11.06s
Number of labels used: 26
Time taken: 11.10s
Number of labels used: 24
Time taken: 11.13s
Number of labels used: 22
Time taken: 11.17s
Number of labels used: 22
Time taken: 11.20s
Number of labels used: 20
Time taken: 11.23s
Number of labels used: 20
Time taken: 11.27s
Number of labels used: 20
Time taken: 11.30s
Number of labels used: 22
Time taken: 11.35s
Number of labels used: 20
Time taken: 11.39s
Number of labels used: 18
Time taken: 11.51s
Number of labels used: 18
Time taken: 11.56s
Number of labels used: 16
Time taken: 11.67s
[runlim] sample:		117.80 time, 20.02 real, 1305 MB, 10.59 load
[runlim] sample:		236.68 time, 30.02 real, 1392 MB, 10.81 load
[runlim] sample:		355.54 time, 40.02 real, 1423 MB, 10.99 load
[runlim] sample:		474.44 time, 50.02 real, 1435 MB, 11.15 load
[runlim] sample:		593.36 time, 60.02 real, 1452 MB, 11.28 load
[runlim] sample:		712.31 time, 70.02 real, 1428 MB, 11.39 load
[runlim] sample:		831.19 time, 80.02 real, 1462 MB, 11.56 load
[runlim] sample:		950.08 time, 90.02 real, 1429 MB, 11.79 load
[runlim] sample:		1068.96 time, 100.02 real, 1454 MB, 11.83 load
[runlim] sample:		1187.88 time, 110.02 real, 1522 MB, 11.85 load
[runlim] sample:		1306.75 time, 120.02 real, 1427 MB, 11.88 load
[runlim] sample:		1425.61 time, 130.02 real, 1440 MB, 11.90 load
[runlim] sample:		1544.49 time, 140.02 real, 1430 MB, 11.91 load
[runlim] sample:		1663.41 time, 150.02 real, 1509 MB, 11.93 load
[runlim] sample:		1782.19 time, 160.02 real, 1434 MB, 11.94 load
[runlim] sample:		1901.01 time, 170.02 real, 1491 MB, 11.95 load
[runlim] sample:		2019.85 time, 180.02 real, 1478 MB, 11.96 load
[runlim] sample:		2138.74 time, 190.02 real, 1482 MB, 11.96 load
[runlim] sample:		2257.48 time, 200.02 real, 1461 MB, 11.97 load
[runlim] sample:		2376.17 time, 210.02 real, 1524 MB, 12.14 load
[runlim] sample:		2493.97 time, 220.02 real, 1484 MB, 12.11 load
[runlim] sample:		2612.78 time, 230.02 real, 1488 MB, 12.10 load
[runlim] sample:		2731.63 time, 240.02 real, 1503 MB, 12.08 load
[runlim] sample:		2850.47 time, 250.02 real, 1488 MB, 12.07 load
[runlim] sample:		2969.34 time, 260.02 real, 1472 MB, 12.13 load
[runlim] sample:		3088.12 time, 270.02 real, 1474 MB, 12.11 load
[runlim] sample:		3206.96 time, 280.02 real, 1450 MB, 12.09 load
[runlim] sample:		3325.70 time, 290.02 real, 1446 MB, 12.08 load
[runlim] sample:		3444.58 time, 300.02 real, 1488 MB, 12.07 load
[runlim] sample:		3563.34 time, 310.02 real, 1505 MB, 12.06 load
[runlim] sample:		3682.24 time, 320.02 real, 1453 MB, 12.05 load
[runlim] sample:		3801.08 time, 330.02 real, 1487 MB, 12.04 load
[runlim] sample:		3919.87 time, 340.02 real, 1454 MB, 12.03 load
[runlim] sample:		4038.70 time, 350.02 real, 1517 MB, 12.03 load
[runlim] sample:		4157.60 time, 360.02 real, 1506 MB, 12.02 load
[runlim] sample:		4276.50 time, 370.02 real, 1520 MB, 12.02 load
[runlim] sample:		4395.33 time, 380.02 real, 1519 MB, 12.02 load
[runlim] sample:		4514.09 time, 390.02 real, 1472 MB, 12.01 load
[runlim] sample:		4632.89 time, 400.02 real, 1464 MB, 12.32 load
[runlim] sample:		4751.76 time, 410.02 real, 1455 MB, 12.43 load
[runlim] sample:		4870.52 time, 420.02 real, 1551 MB, 12.52 load
[runlim] sample:		4989.36 time, 430.02 real, 1524 MB, 12.74 load
[runlim] sample:		5108.25 time, 440.02 real, 1503 MB, 12.85 load
[runlim] sample:		5227.04 time, 450.02 real, 1508 MB, 12.88 load
[runlim] sample:		5345.78 time, 460.02 real, 1550 MB, 12.74 load
[runlim] sample:		5464.66 time, 470.02 real, 1514 MB, 12.70 load
[runlim] sample:		5583.52 time, 480.02 real, 1457 MB, 12.74 load
[runlim] sample:		5702.37 time, 490.02 real, 1537 MB, 12.70 load
[runlim] sample:		5821.11 time, 500.02 real, 1484 MB, 12.67 load
[runlim] sample:		5939.79 time, 510.02 real, 1513 MB, 12.64 load
[runlim] sample:		6058.51 time, 520.02 real, 1510 MB, 12.69 load
[runlim] sample:		6177.30 time, 530.02 real, 1477 MB, 12.66 load
[runlim] sample:		6295.95 time, 540.02 real, 1522 MB, 12.63 load
[runlim] sample:		6414.77 time, 550.02 real, 1563 MB, 12.68 load
[runlim] sample:		6533.60 time, 560.02 real, 1494 MB, 12.72 load
[runlim] sample:		6652.47 time, 570.02 real, 1598 MB, 12.68 load
[runlim] sample:		6771.32 time, 580.02 real, 1561 MB, 12.65 load
[runlim] sample:		6890.23 time, 590.02 real, 1539 MB, 12.55 load
[runlim] sample:		7009.15 time, 600.02 real, 1523 MB, 12.54 load
[runlim] end:			Sun Jun 14 18:06:30 2026
[runlim] status:		out of time
[runlim] result:		2
[runlim] children:		1
[runlim] processes:		2
[runlim] real:			601.08 seconds
[runlim] time:			7009.15 seconds
[runlim] space:			1620 MB
[runlim] load:			12.88 maximum
[runlim] samples:		6000
