[runlim] version:		2.0.0rc12
[runlim] host:			ap-Precision-7550
[runlim] time limit:		311040000 seconds
[runlim] real time limit:	600 seconds
[runlim] space limit:		14000 MB
[runlim] argv[0]:		python3
[runlim] argv[1]:		-u
[runlim] argv[2]:		main_no.py
[runlim] argv[3]:		TUD200.1
[runlim] argv[4]:		600
[runlim] start:			Sun Jun 14 18:36:04 2026
[runlim] child:			61590
Dataset: TUD200.1
Preprocessing: off
Building CP-SAT model for 200 variables...
Number of assignment variables: 8128
Number of label variables: 48
Build time: 0.95s
Solving with OR-Tools CP-SAT...
Number of labels used: 42
Time taken: 2.57s
Number of labels used: 32
Time taken: 2.60s
Number of labels used: 30
Time taken: 2.65s
Number of labels used: 28
Time taken: 2.66s
Number of labels used: 26
Time taken: 2.67s
Number of labels used: 24
Time taken: 2.68s
Number of labels used: 22
Time taken: 2.69s
Number of labels used: 20
Time taken: 2.70s
Number of labels used: 18
Time taken: 2.71s
Number of labels used: 18
Time taken: 2.71s
Number of labels used: 16
Time taken: 2.72s
Number of labels used: 14
Time taken: 2.73s
Number of labels used: 14
Time taken: 2.74s
Number of labels used: 14
Time taken: 2.75s
Number of labels used: 12
Time taken: 3.02s
Number of labels used: 12
Time taken: 3.06s
Status: OPTIMAL
Solution:
{1: 512, 2: 750, 3: 750, 4: 512, 5: 72, 6: 310, 7: 254, 8: 16, 9: 352, 10: 114, 11: 680, 12: 442, 13: 16, 14: 254, 15: 16, 16: 254, 17: 380, 18: 142, 19: 16, 20: 254, 21: 750, 22: 512, 23: 750, 24: 512, 25: 680, 26: 442, 27: 254, 28: 16, 29: 72, 30: 310, 31: 352, 32: 114, 33: 72, 34: 310, 35: 512, 36: 750, 37: 680, 38: 442, 39: 114, 40: 352, 41: 254, 42: 16, 43: 750, 44: 512, 45: 442, 46: 680, 47: 16, 48: 254, 49: 380, 50: 142, 51: 114, 52: 352, 53: 142, 54: 380, 55: 72, 56: 310, 57: 352, 58: 114, 59: 380, 60: 142, 61: 72, 62: 310, 63: 142, 64: 380, 65: 16, 66: 254, 67: 750, 68: 512, 69: 16, 70: 254, 71: 352, 72: 114, 73: 680, 74: 442, 75: 16, 76: 254, 77: 16, 78: 254, 79: 512, 80: 750, 81: 142, 82: 380, 83: 380, 84: 142, 85: 442, 86: 680, 87: 442, 88: 680, 89: 680, 90: 442, 91: 352, 92: 114, 93: 680, 94: 442, 95: 442, 96: 680, 97: 310, 98: 72, 99: 114, 100: 352, 101: 442, 102: 680, 103: 310, 104: 72, 105: 310, 106: 72, 107: 310, 108: 72, 109: 142, 110: 380, 111: 310, 112: 72, 113: 16, 114: 254, 115: 680, 116: 442, 117: 310, 118: 72, 119: 750, 120: 512, 121: 142, 122: 380, 123: 442, 124: 680, 125: 512, 126: 750, 127: 680, 128: 442, 129: 380, 130: 142, 131: 512, 132: 750, 133: 16, 134: 254, 135: 310, 136: 72, 137: 680, 138: 442, 139: 142, 140: 380, 141: 380, 142: 142, 143: 72, 144: 310, 145: 750, 146: 512, 147: 442, 148: 680, 149: 512, 150: 750, 151: 750, 152: 512, 153: 142, 154: 380, 155: 750, 156: 512, 157: 380, 158: 142, 159: 512, 160: 750, 161: 352, 162: 114, 163: 254, 164: 16, 165: 750, 166: 512, 167: 750, 168: 512, 169: 750, 170: 512, 171: 16, 172: 254, 173: 680, 174: 442, 175: 114, 176: 352, 177: 310, 178: 72, 179: 142, 180: 380, 181: 142, 182: 380, 183: 512, 184: 750, 185: 352, 186: 114, 187: 310, 188: 72, 189: 114, 190: 352, 191: 16, 192: 254, 193: 512, 194: 750, 195: 16, 196: 254, 197: 380, 198: 142, 199: 442, 200: 680}
Number of labels used: 12
Objective value: 12.0
Best objective bound: 12.0
Solution is CORRECT!
Total time: 8.11s
Memory used: 471.23 MB
[runlim] end:			Sun Jun 14 18:36:13 2026
[runlim] status:		ok
[runlim] result:		0
[runlim] children:		1
[runlim] processes:		2
[runlim] real:			8.51 seconds
[runlim] time:			67.40 seconds
[runlim] space:			472 MB
[runlim] load:			4.57 maximum
[runlim] samples:		85
