[runlim] version:		2.0.0rc12
[runlim] host:			ap-Precision-7550
[runlim] time limit:		311040000 seconds
[runlim] real time limit:	600 seconds
[runlim] space limit:		14000 MB
[runlim] argv[0]:		python3
[runlim] argv[1]:		-u
[runlim] argv[2]:		main_no.py
[runlim] argv[3]:		TUD200.5
[runlim] argv[4]:		600
[runlim] start:			Sun Jun 14 18:36:29 2026
[runlim] child:			61789
Dataset: TUD200.5
Preprocessing: off
Building CP-SAT model for 200 variables...
Number of assignment variables: 7588
Number of label variables: 48
Build time: 2.56s
Solving with OR-Tools CP-SAT...
Status: INFEASIBLE
No solution found.
Objective bound: 0.0
Total time: 4.45s
Memory used: 517.29 MB
[runlim] end:			Sun Jun 14 18:36:34 2026
[runlim] status:		ok
[runlim] result:		0
[runlim] children:		1
[runlim] processes:		2
[runlim] real:			4.91 seconds
[runlim] time:			5.88 seconds
[runlim] space:			568 MB
[runlim] load:			3.78 maximum
[runlim] samples:		49
