[runlim] version:		2.0.0rc12
[runlim] host:			ap-Precision-7550
[runlim] time limit:		311040000 seconds
[runlim] real time limit:	600 seconds
[runlim] space limit:		14000 MB
[runlim] argv[0]:		python3
[runlim] argv[1]:		-u
[runlim] argv[2]:		main_no.py
[runlim] argv[3]:		TUD916.1
[runlim] argv[4]:		600
[runlim] start:			Sun Jun 14 18:36:34 2026
[runlim] child:			61824
Dataset: TUD916.1
Preprocessing: off
Building CP-SAT model for 916 variables...
Number of assignment variables: 34488
Number of label variables: 48
Build time: 3.93s
Solving with OR-Tools CP-SAT...
[runlim] sample:		11.06 time, 10.01 real, 915 MB, 3.16 load
Number of labels used: 48
Time taken: 12.61s
Number of labels used: 46
Time taken: 13.39s
Number of labels used: 44
Time taken: 13.44s
Number of labels used: 40
Time taken: 13.51s
Number of labels used: 38
Time taken: 13.58s
Number of labels used: 36
Time taken: 13.65s
Number of labels used: 36
Time taken: 13.70s
Number of labels used: 34
Time taken: 13.82s
Number of labels used: 32
Time taken: 13.94s
Number of labels used: 32
Time taken: 14.00s
Number of labels used: 30
Time taken: 14.05s
Number of labels used: 30
Time taken: 14.10s
Number of labels used: 28
Time taken: 14.20s
Number of labels used: 26
Time taken: 14.28s
Number of labels used: 26
Time taken: 14.33s
Number of labels used: 24
Time taken: 19.21s
Number of labels used: 24
Time taken: 19.27s
[runlim] sample:		95.23 time, 20.02 real, 1512 MB, 3.79 load
[runlim] sample:		213.95 time, 30.02 real, 1645 MB, 5.05 load
Number of labels used: 18
Time taken: 32.04s
Status: OPTIMAL
Solution:
{1: 414, 2: 652, 3: 736, 4: 498, 5: 324, 6: 86, 7: 666, 8: 428, 9: 324, 10: 86, 11: 736, 12: 498, 13: 352, 14: 114, 15: 366, 16: 128, 17: 666, 18: 428, 19: 240, 20: 478, 21: 736, 22: 498, 23: 366, 24: 128, 25: 498, 26: 736, 27: 16, 28: 254, 29: 478, 30: 240, 31: 498, 32: 736, 33: 240, 34: 478, 35: 352, 36: 114, 37: 16, 38: 254, 39: 114, 40: 352, 41: 86, 42: 324, 43: 86, 44: 324, 45: 792, 46: 554, 47: 554, 48: 792, 49: 428, 50: 666, 51: 736, 52: 498, 53: 792, 54: 554, 55: 86, 56: 324, 57: 324, 58: 86, 59: 128, 60: 366, 61: 16, 62: 254, 63: 478, 64: 240, 65: 478, 66: 240, 67: 554, 68: 792, 69: 736, 70: 498, 71: 128, 72: 366, 73: 736, 74: 498, 75: 414, 76: 652, 77: 352, 78: 114, 79: 652, 80: 414, 81: 414, 82: 652, 83: 86, 84: 324, 85: 16, 86: 254, 87: 736, 88: 498, 89: 86, 90: 324, 91: 240, 92: 478, 93: 16, 94: 254, 95: 498, 96: 736, 97: 352, 98: 114, 99: 86, 100: 324, 101: 652, 102: 414, 103: 324, 104: 86, 105: 254, 106: 16, 107: 792, 108: 554, 109: 352, 110: 114, 111: 240, 112: 478, 113: 114, 114: 352, 115: 736, 116: 498, 117: 666, 118: 428, 119: 240, 120: 478, 121: 240, 122: 478, 123: 414, 124: 652, 125: 114, 126: 352, 127: 554, 128: 792, 129: 478, 130: 240, 131: 652, 132: 414, 133: 554, 134: 792, 135: 240, 136: 478, 137: 792, 138: 554, 139: 128, 140: 366, 141: 240, 142: 478, 143: 16, 144: 254, 145: 254, 146: 16, 147: 478, 148: 240, 149: 736, 150: 498, 151: 86, 152: 324, 153: 128, 154: 366, 155: 414, 156: 652, 157: 428, 158: 666, 159: 114, 160: 352, 161: 414, 162: 652, 163: 114, 164: 352, 165: 254, 166: 16, 167: 554, 168: 792, 169: 666, 170: 428, 171: 736, 172: 498, 173: 352, 174: 114, 175: 86, 176: 324, 177: 652, 178: 414, 179: 792, 180: 554, 181: 114, 182: 352, 183: 666, 184: 428, 185: 240, 186: 478, 187: 128, 188: 366, 189: 736, 190: 498, 191: 16, 192: 254, 193: 86, 194: 324, 195: 240, 196: 478, 197: 736, 198: 498, 199: 16, 200: 254, 201: 792, 202: 554, 203: 86, 204: 324, 205: 16, 206: 254, 207: 736, 208: 498, 209: 86, 210: 324, 211: 240, 212: 478, 213: 16, 214: 254, 215: 86, 216: 324, 217: 554, 218: 792, 219: 792, 220: 554, 221: 16, 222: 254, 223: 478, 224: 240, 225: 16, 226: 254, 227: 736, 228: 498, 229: 736, 230: 498, 231: 86, 232: 324, 233: 86, 234: 324, 235: 736, 236: 498, 237: 16, 238: 254, 239: 128, 240: 366, 241: 16, 242: 254, 243: 86, 244: 324, 245: 86, 246: 324, 247: 240, 248: 478, 249: 324, 250: 86, 251: 128, 252: 366, 253: 478, 254: 240, 255: 16, 256: 254, 257: 128, 258: 366, 259: 428, 260: 666, 261: 86, 262: 324, 263: 86, 264: 324, 265: 240, 266: 478, 267: 86, 268: 324, 269: 16, 270: 254, 271: 16, 272: 254, 273: 478, 274: 240, 275: 792, 276: 554, 277: 666, 278: 428, 279: 366, 280: 128, 281: 16, 282: 254, 283: 16, 284: 254, 285: 792, 286: 554, 287: 240, 288: 478, 289: 736, 290: 498, 291: 428, 292: 666, 293: 86, 294: 324, 295: 86, 296: 324, 297: 16, 298: 254, 299: 128, 300: 366, 301: 16, 302: 254, 303: 16, 304: 254, 305: 86, 306: 324, 307: 16, 308: 254, 309: 16, 310: 254, 311: 736, 312: 498, 313: 16, 314: 254, 315: 240, 316: 478, 317: 114, 318: 352, 319: 478, 320: 240, 321: 16, 322: 254, 323: 498, 324: 736, 325: 498, 326: 736, 327: 240, 328: 478, 329: 128, 330: 366, 331: 128, 332: 366, 333: 478, 334: 240, 335: 666, 336: 428, 337: 254, 338: 16, 339: 498, 340: 736, 341: 736, 342: 498, 343: 254, 344: 16, 345: 86, 346: 324, 347: 554, 348: 792, 349: 736, 350: 498, 351: 792, 352: 554, 353: 240, 354: 478, 355: 736, 356: 498, 357: 114, 358: 352, 359: 736, 360: 498, 361: 736, 362: 498, 363: 114, 364: 352, 365: 652, 366: 414, 367: 736, 368: 498, 369: 128, 370: 366, 371: 240, 372: 478, 373: 736, 374: 498, 375: 736, 376: 498, 377: 324, 378: 86, 379: 352, 380: 114, 381: 478, 382: 240, 383: 366, 384: 128, 385: 324, 386: 86, 387: 240, 388: 478, 389: 736, 390: 498, 391: 114, 392: 352, 393: 128, 394: 366, 395: 414, 396: 652, 397: 792, 398: 554, 399: 240, 400: 478, 401: 128, 402: 366, 403: 114, 404: 352, 405: 240, 406: 478, 407: 554, 408: 792, 409: 366, 410: 128, 411: 652, 412: 414, 413: 352, 414: 114, 415: 792, 416: 554, 417: 414, 418: 652, 419: 736, 420: 498, 421: 128, 422: 366, 423: 86, 424: 324, 425: 792, 426: 554, 427: 792, 428: 554, 429: 428, 430: 666, 431: 792, 432: 554, 433: 324, 434: 86, 435: 128, 436: 366, 437: 16, 438: 254, 439: 736, 440: 498, 441: 240, 442: 478, 443: 554, 444: 792, 445: 478, 446: 240, 447: 240, 448: 478, 449: 792, 450: 554, 451: 128, 452: 366, 453: 240, 454: 478, 455: 652, 456: 414, 457: 16, 458: 254, 459: 666, 460: 428, 461: 254, 462: 16, 463: 652, 464: 414, 465: 16, 466: 254, 467: 128, 468: 366, 469: 324, 470: 86, 471: 254, 472: 16, 473: 498, 474: 736, 475: 254, 476: 16, 477: 128, 478: 366, 479: 414, 480: 652, 481: 254, 482: 16, 483: 128, 484: 366, 485: 240, 486: 478, 487: 666, 488: 428, 489: 240, 490: 478, 491: 554, 492: 792, 493: 240, 494: 478, 495: 792, 496: 554, 497: 792, 498: 554, 499: 128, 500: 366, 501: 736, 502: 498, 503: 652, 504: 414, 505: 254, 506: 16, 507: 792, 508: 554, 509: 666, 510: 428, 511: 554, 512: 792, 513: 666, 514: 428, 515: 498, 516: 736, 517: 736, 518: 498, 519: 240, 520: 478, 521: 352, 522: 114, 523: 240, 524: 478, 525: 240, 526: 478, 527: 554, 528: 792, 529: 478, 530: 240, 531: 240, 532: 478, 533: 414, 534: 652, 535: 114, 536: 352, 537: 240, 538: 478, 539: 16, 540: 254, 541: 736, 542: 498, 543: 792, 544: 554, 545: 114, 546: 352, 547: 736, 548: 498, 549: 792, 550: 554, 551: 114, 552: 352, 553: 792, 554: 554, 555: 478, 556: 240, 557: 114, 558: 352, 559: 86, 560: 324, 561: 498, 562: 736, 563: 792, 564: 554, 565: 554, 566: 792, 567: 324, 568: 86, 569: 652, 570: 414, 571: 792, 572: 554, 573: 478, 574: 240, 575: 240, 576: 478, 577: 554, 578: 792, 579: 666, 580: 428, 581: 498, 582: 736, 583: 414, 584: 652, 585: 652, 586: 414, 587: 666, 588: 428, 589: 554, 590: 792, 591: 554, 592: 792, 593: 128, 594: 366, 595: 86, 596: 324, 597: 240, 598: 478, 599: 498, 600: 736, 601: 792, 602: 554, 603: 792, 604: 554, 605: 114, 606: 352, 607: 498, 608: 736, 609: 324, 610: 86, 611: 792, 612: 554, 613: 240, 614: 478, 615: 324, 616: 86, 617: 736, 618: 498, 619: 114, 620: 352, 621: 792, 622: 554, 623: 792, 624: 554, 625: 666, 626: 428, 627: 128, 628: 366, 629: 114, 630: 352, 631: 666, 632: 428, 633: 366, 634: 128, 635: 652, 636: 414, 637: 666, 638: 428, 639: 114, 640: 352, 641: 792, 642: 554, 643: 792, 644: 554, 645: 352, 646: 114, 647: 498, 648: 736, 649: 792, 650: 554, 651: 792, 652: 554, 653: 736, 654: 498, 655: 16, 656: 254, 657: 666, 658: 428, 659: 114, 660: 352, 661: 652, 662: 414, 663: 16, 664: 254, 665: 652, 666: 414, 667: 414, 668: 652, 669: 666, 670: 428, 671: 792, 672: 554, 673: 240, 674: 478, 675: 114, 676: 352, 677: 666, 678: 428, 679: 414, 680: 652, 681: 254, 682: 16, 683: 666, 684: 428, 685: 16, 686: 254, 687: 352, 688: 114, 689: 652, 690: 414, 691: 666, 692: 428, 693: 16, 694: 254, 695: 16, 696: 254, 697: 114, 698: 352, 699: 792, 700: 554, 701: 86, 702: 324, 703: 652, 704: 414, 705: 114, 706: 352, 707: 666, 708: 428, 709: 498, 710: 736, 711: 554, 712: 792, 713: 324, 714: 86, 715: 792, 716: 554, 717: 114, 718: 352, 719: 792, 720: 554, 721: 114, 722: 352, 723: 666, 724: 428, 725: 114, 726: 352, 727: 324, 728: 86, 729: 114, 730: 352, 731: 86, 732: 324, 733: 114, 734: 352, 735: 114, 736: 352, 737: 666, 738: 428, 739: 16, 740: 254, 741: 16, 742: 254, 743: 792, 744: 554, 745: 666, 746: 428, 747: 352, 748: 114, 749: 86, 750: 324, 751: 652, 752: 414, 753: 652, 754: 414, 755: 666, 756: 428, 757: 736, 758: 498, 759: 86, 760: 324, 761: 254, 762: 16, 763: 652, 764: 414, 765: 652, 766: 414, 767: 736, 768: 498, 769: 86, 770: 324, 771: 16, 772: 254, 773: 652, 774: 414, 775: 666, 776: 428, 777: 792, 778: 554, 779: 86, 780: 324, 781: 128, 782: 366, 783: 114, 784: 352, 785: 352, 786: 114, 787: 554, 788: 792, 789: 86, 790: 324, 791: 666, 792: 428, 793: 16, 794: 254, 795: 652, 796: 414, 797: 666, 798: 428, 799: 652, 800: 414, 801: 652, 802: 414, 803: 16, 804: 254, 805: 16, 806: 254, 807: 16, 808: 254, 809: 114, 810: 352, 811: 114, 812: 352, 813: 114, 814: 352, 815: 114, 816: 352, 817: 128, 818: 366, 819: 16, 820: 254, 821: 498, 822: 736, 823: 324, 824: 86, 825: 16, 826: 254, 827: 792, 828: 554, 829: 86, 830: 324, 831: 652, 832: 414, 833: 114, 834: 352, 835: 86, 836: 324, 837: 652, 838: 414, 839: 352, 840: 114, 841: 128, 842: 366, 843: 86, 844: 324, 845: 652, 846: 414, 847: 736, 848: 498, 849: 16, 850: 254, 851: 16, 852: 254, 853: 86, 854: 324, 855: 366, 856: 128, 857: 652, 858: 414, 859: 86, 860: 324, 861: 16, 862: 254, 863: 86, 864: 324, 865: 652, 866: 414, 867: 792, 868: 554, 869: 128, 870: 366, 871: 652, 872: 414, 873: 86, 874: 324, 875: 86, 876: 324, 877: 86, 878: 324, 879: 666, 880: 428, 881: 86, 882: 324, 883: 324, 884: 86, 885: 652, 886: 414, 887: 652, 888: 414, 889: 792, 890: 554, 891: 86, 892: 324, 893: 666, 894: 428, 895: 736, 896: 498, 897: 86, 898: 324, 899: 86, 900: 324, 901: 16, 902: 254, 903: 86, 904: 324, 905: 114, 906: 352, 907: 666, 908: 428, 909: 114, 910: 352, 911: 352, 912: 114, 913: 366, 914: 128, 915: 736, 916: 498}
Number of labels used: 18
Objective value: 18.0
Best objective bound: 18.0
Solution is CORRECT!
Total time: 32.41s
Memory used: 1439.57 MB
[runlim] end:			Sun Jun 14 18:37:07 2026
[runlim] status:		ok
[runlim] result:		0
[runlim] children:		1
[runlim] processes:		2
[runlim] real:			32.95 seconds
[runlim] time:			242.18 seconds
[runlim] space:			1668 MB
[runlim] load:			5.61 maximum
[runlim] samples:		330
