[runlim] version:		2.0.0rc12
[runlim] host:			ap-Precision-7550
[runlim] time limit:		311040000 seconds
[runlim] real time limit:	600 seconds
[runlim] space limit:		14000 MB
[runlim] argv[0]:		python3
[runlim] argv[1]:		-u
[runlim] argv[2]:		main_no.py
[runlim] argv[3]:		TUD916.3
[runlim] argv[4]:		600
[runlim] start:			Sun Jun 14 18:37:31 2026
[runlim] child:			62086
Dataset: TUD916.3
Preprocessing: off
Building CP-SAT model for 916 variables...
Number of assignment variables: 35304
Number of label variables: 48
Build time: 4.21s
Solving with OR-Tools CP-SAT...
[runlim] sample:		11.09 time, 10.01 real, 951 MB, 3.57 load
Number of labels used: 48
Time taken: 14.33s
Number of labels used: 46
Time taken: 14.40s
Number of labels used: 44
Time taken: 14.45s
Number of labels used: 44
Time taken: 14.49s
Number of labels used: 42
Time taken: 14.54s
Number of labels used: 42
Time taken: 14.59s
Number of labels used: 40
Time taken: 14.66s
Number of labels used: 40
Time taken: 14.71s
Number of labels used: 38
Time taken: 14.76s
Number of labels used: 38
Time taken: 14.83s
Number of labels used: 36
Time taken: 14.99s
Number of labels used: 34
Time taken: 15.05s
Number of labels used: 34
Time taken: 15.09s
Number of labels used: 32
Time taken: 15.19s
Number of labels used: 32
Time taken: 15.23s
Number of labels used: 30
Time taken: 15.31s
Number of labels used: 28
Time taken: 15.56s
Number of labels used: 28
Time taken: 15.61s
Number of labels used: 26
Time taken: 16.44s
Number of labels used: 24
Time taken: 19.58s
[runlim] sample:		84.90 time, 20.01 real, 1431 MB, 4.57 load
Status: OPTIMAL
Solution:
{1: 72, 2: 310, 3: 666, 4: 428, 5: 764, 6: 526, 7: 142, 8: 380, 9: 142, 10: 380, 11: 114, 12: 352, 13: 128, 14: 366, 15: 498, 16: 736, 17: 72, 18: 310, 19: 310, 20: 72, 21: 30, 22: 268, 23: 380, 24: 142, 25: 380, 26: 142, 27: 268, 28: 30, 29: 366, 30: 128, 31: 268, 32: 30, 33: 72, 34: 310, 35: 114, 36: 352, 37: 310, 38: 72, 39: 366, 40: 128, 41: 380, 42: 142, 43: 72, 44: 310, 45: 30, 46: 268, 47: 736, 48: 498, 49: 792, 50: 554, 51: 268, 52: 30, 53: 268, 54: 30, 55: 442, 56: 680, 57: 526, 58: 764, 59: 666, 60: 428, 61: 554, 62: 792, 63: 764, 64: 526, 65: 310, 66: 72, 67: 142, 68: 380, 69: 442, 70: 680, 71: 380, 72: 142, 73: 498, 74: 736, 75: 764, 76: 526, 77: 142, 78: 380, 79: 442, 80: 680, 81: 254, 82: 16, 83: 268, 84: 30, 85: 498, 86: 736, 87: 72, 88: 310, 89: 792, 90: 554, 91: 16, 92: 254, 93: 254, 94: 16, 95: 442, 96: 680, 97: 366, 98: 128, 99: 792, 100: 554, 101: 268, 102: 30, 103: 366, 104: 128, 105: 30, 106: 268, 107: 310, 108: 72, 109: 366, 110: 128, 111: 254, 112: 16, 113: 708, 114: 470, 115: 268, 116: 30, 117: 72, 118: 310, 119: 764, 120: 526, 121: 442, 122: 680, 123: 30, 124: 268, 125: 352, 126: 114, 127: 366, 128: 128, 129: 792, 130: 554, 131: 30, 132: 268, 133: 792, 134: 554, 135: 428, 136: 666, 137: 680, 138: 442, 139: 310, 140: 72, 141: 268, 142: 30, 143: 254, 144: 16, 145: 554, 146: 792, 147: 366, 148: 128, 149: 666, 150: 428, 151: 736, 152: 498, 153: 554, 154: 792, 155: 666, 156: 428, 157: 666, 158: 428, 159: 498, 160: 736, 161: 72, 162: 310, 163: 428, 164: 666, 165: 442, 166: 680, 167: 526, 168: 764, 169: 268, 170: 30, 171: 792, 172: 554, 173: 526, 174: 764, 175: 792, 176: 554, 177: 142, 178: 380, 179: 442, 180: 680, 181: 128, 182: 366, 183: 366, 184: 128, 185: 736, 186: 498, 187: 498, 188: 736, 189: 764, 190: 526, 191: 310, 192: 72, 193: 708, 194: 470, 195: 268, 196: 30, 197: 142, 198: 380, 199: 114, 200: 352, 201: 366, 202: 128, 203: 792, 204: 554, 205: 380, 206: 142, 207: 764, 208: 526, 209: 114, 210: 352, 211: 16, 212: 254, 213: 764, 214: 526, 215: 268, 216: 30, 217: 30, 218: 268, 219: 792, 220: 554, 221: 764, 222: 526, 223: 268, 224: 30, 225: 498, 226: 736, 227: 792, 228: 554, 229: 680, 230: 442, 231: 352, 232: 114, 233: 680, 234: 442, 235: 352, 236: 114, 237: 792, 238: 554, 239: 680, 240: 442, 241: 352, 242: 114, 243: 792, 244: 554, 245: 498, 246: 736, 247: 792, 248: 554, 249: 666, 250: 428, 251: 310, 252: 72, 253: 498, 254: 736, 255: 792, 256: 554, 257: 72, 258: 310, 259: 526, 260: 764, 261: 142, 262: 380, 263: 16, 264: 254, 265: 554, 266: 792, 267: 142, 268: 380, 269: 498, 270: 736, 271: 792, 272: 554, 273: 680, 274: 442, 275: 366, 276: 128, 277: 666, 278: 428, 279: 30, 280: 268, 281: 254, 282: 16, 283: 16, 284: 254, 285: 792, 286: 554, 287: 498, 288: 736, 289: 254, 290: 16, 291: 352, 292: 114, 293: 792, 294: 554, 295: 128, 296: 366, 297: 72, 298: 310, 299: 736, 300: 498, 301: 30, 302: 268, 303: 30, 304: 268, 305: 268, 306: 30, 307: 16, 308: 254, 309: 380, 310: 142, 311: 498, 312: 736, 313: 680, 314: 442, 315: 30, 316: 268, 317: 792, 318: 554, 319: 792, 320: 554, 321: 792, 322: 554, 323: 792, 324: 554, 325: 114, 326: 352, 327: 30, 328: 268, 329: 72, 330: 310, 331: 792, 332: 554, 333: 380, 334: 142, 335: 366, 336: 128, 337: 764, 338: 526, 339: 498, 340: 736, 341: 30, 342: 268, 343: 254, 344: 16, 345: 310, 346: 72, 347: 764, 348: 526, 349: 352, 350: 114, 351: 498, 352: 736, 353: 792, 354: 554, 355: 442, 356: 680, 357: 428, 358: 666, 359: 30, 360: 268, 361: 142, 362: 380, 363: 680, 364: 442, 365: 554, 366: 792, 367: 310, 368: 72, 369: 554, 370: 792, 371: 792, 372: 554, 373: 352, 374: 114, 375: 680, 376: 442, 377: 254, 378: 16, 379: 380, 380: 142, 381: 380, 382: 142, 383: 142, 384: 380, 385: 366, 386: 128, 387: 526, 388: 764, 389: 114, 390: 352, 391: 268, 392: 30, 393: 310, 394: 72, 395: 30, 396: 268, 397: 310, 398: 72, 399: 554, 400: 792, 401: 310, 402: 72, 403: 498, 404: 736, 405: 114, 406: 352, 407: 498, 408: 736, 409: 380, 410: 142, 411: 736, 412: 498, 413: 72, 414: 310, 415: 72, 416: 310, 417: 792, 418: 554, 419: 352, 420: 114, 421: 114, 422: 352, 423: 526, 424: 764, 425: 114, 426: 352, 427: 30, 428: 268, 429: 666, 430: 428, 431: 792, 432: 554, 433: 114, 434: 352, 435: 114, 436: 352, 437: 142, 438: 380, 439: 442, 440: 680, 441: 792, 442: 554, 443: 30, 444: 268, 445: 72, 446: 310, 447: 268, 448: 30, 449: 310, 450: 72, 451: 72, 452: 310, 453: 114, 454: 352, 455: 30, 456: 268, 457: 736, 458: 498, 459: 526, 460: 764, 461: 380, 462: 142, 463: 72, 464: 310, 465: 16, 466: 254, 467: 128, 468: 366, 469: 736, 470: 498, 471: 666, 472: 428, 473: 708, 474: 470, 475: 666, 476: 428, 477: 428, 478: 666, 479: 708, 480: 470, 481: 268, 482: 30, 483: 380, 484: 142, 485: 128, 486: 366, 487: 526, 488: 764, 489: 736, 490: 498, 491: 310, 492: 72, 493: 142, 494: 380, 495: 792, 496: 554, 497: 254, 498: 16, 499: 310, 500: 72, 501: 680, 502: 442, 503: 380, 504: 142, 505: 736, 506: 498, 507: 380, 508: 142, 509: 708, 510: 470, 511: 736, 512: 498, 513: 310, 514: 72, 515: 254, 516: 16, 517: 310, 518: 72, 519: 128, 520: 366, 521: 792, 522: 554, 523: 666, 524: 428, 525: 72, 526: 310, 527: 554, 528: 792, 529: 554, 530: 792, 531: 30, 532: 268, 533: 498, 534: 736, 535: 352, 536: 114, 537: 16, 538: 254, 539: 30, 540: 268, 541: 380, 542: 142, 543: 708, 544: 470, 545: 554, 546: 792, 547: 310, 548: 72, 549: 792, 550: 554, 551: 442, 552: 680, 553: 442, 554: 680, 555: 442, 556: 680, 557: 764, 558: 526, 559: 498, 560: 736, 561: 554, 562: 792, 563: 30, 564: 268, 565: 680, 566: 442, 567: 142, 568: 380, 569: 142, 570: 380, 571: 792, 572: 554, 573: 310, 574: 72, 575: 554, 576: 792, 577: 254, 578: 16, 579: 352, 580: 114, 581: 708, 582: 470, 583: 114, 584: 352, 585: 142, 586: 380, 587: 792, 588: 554, 589: 72, 590: 310, 591: 16, 592: 254, 593: 708, 594: 470, 595: 666, 596: 428, 597: 380, 598: 142, 599: 310, 600: 72, 601: 128, 602: 366, 603: 680, 604: 442, 605: 114, 606: 352, 607: 792, 608: 554, 609: 554, 610: 792, 611: 268, 612: 30, 613: 268, 614: 30, 615: 736, 616: 498, 617: 142, 618: 380, 619: 310, 620: 72, 621: 310, 622: 72, 623: 268, 624: 30, 625: 442, 626: 680, 627: 72, 628: 310, 629: 16, 630: 254, 631: 142, 632: 380, 633: 30, 634: 268, 635: 16, 636: 254, 637: 498, 638: 736, 639: 30, 640: 268, 641: 268, 642: 30, 643: 268, 644: 30, 645: 680, 646: 442, 647: 680, 648: 442, 649: 352, 650: 114, 651: 16, 652: 254, 653: 554, 654: 792, 655: 792, 656: 554, 657: 792, 658: 554, 659: 554, 660: 792, 661: 442, 662: 680, 663: 526, 664: 764, 665: 764, 666: 526, 667: 498, 668: 736, 669: 268, 670: 30, 671: 30, 672: 268, 673: 666, 674: 428, 675: 442, 676: 680, 677: 114, 678: 352, 679: 310, 680: 72, 681: 442, 682: 680, 683: 736, 684: 498, 685: 380, 686: 142, 687: 442, 688: 680, 689: 792, 690: 554, 691: 554, 692: 792, 693: 470, 694: 708, 695: 72, 696: 310, 697: 16, 698: 254, 699: 736, 700: 498, 701: 128, 702: 366, 703: 380, 704: 142, 705: 428, 706: 666, 707: 30, 708: 268, 709: 72, 710: 310, 711: 72, 712: 310, 713: 526, 714: 764, 715: 442, 716: 680, 717: 114, 718: 352, 719: 666, 720: 428, 721: 16, 722: 254, 723: 666, 724: 428, 725: 498, 726: 736, 727: 380, 728: 142, 729: 72, 730: 310, 731: 498, 732: 736, 733: 764, 734: 526, 735: 352, 736: 114, 737: 764, 738: 526, 739: 380, 740: 142, 741: 30, 742: 268, 743: 16, 744: 254, 745: 498, 746: 736, 747: 268, 748: 30, 749: 30, 750: 268, 751: 526, 752: 764, 753: 142, 754: 380, 755: 554, 756: 792, 757: 498, 758: 736, 759: 442, 760: 680, 761: 310, 762: 72, 763: 128, 764: 366, 765: 310, 766: 72, 767: 526, 768: 764, 769: 428, 770: 666, 771: 352, 772: 114, 773: 380, 774: 142, 775: 792, 776: 554, 777: 470, 778: 708, 779: 428, 780: 666, 781: 114, 782: 352, 783: 708, 784: 470, 785: 442, 786: 680, 787: 666, 788: 428, 789: 30, 790: 268, 791: 666, 792: 428, 793: 16, 794: 254, 795: 428, 796: 666, 797: 380, 798: 142, 799: 380, 800: 142, 801: 352, 802: 114, 803: 498, 804: 736, 805: 554, 806: 792, 807: 428, 808: 666, 809: 526, 810: 764, 811: 792, 812: 554, 813: 30, 814: 268, 815: 30, 816: 268, 817: 16, 818: 254, 819: 380, 820: 142, 821: 708, 822: 470, 823: 666, 824: 428, 825: 366, 826: 128, 827: 30, 828: 268, 829: 666, 830: 428, 831: 708, 832: 470, 833: 352, 834: 114, 835: 30, 836: 268, 837: 526, 838: 764, 839: 498, 840: 736, 841: 72, 842: 310, 843: 526, 844: 764, 845: 310, 846: 72, 847: 310, 848: 72, 849: 30, 850: 268, 851: 128, 852: 366, 853: 30, 854: 268, 855: 666, 856: 428, 857: 380, 858: 142, 859: 764, 860: 526, 861: 72, 862: 310, 863: 380, 864: 142, 865: 526, 866: 764, 867: 442, 868: 680, 869: 142, 870: 380, 871: 792, 872: 554, 873: 666, 874: 428, 875: 736, 876: 498, 877: 666, 878: 428, 879: 16, 880: 254, 881: 442, 882: 680, 883: 680, 884: 442, 885: 708, 886: 470, 887: 72, 888: 310, 889: 442, 890: 680, 891: 526, 892: 764, 893: 380, 894: 142, 895: 680, 896: 442, 897: 142, 898: 380, 899: 352, 900: 114, 901: 526, 902: 764, 903: 254, 904: 16, 905: 554, 906: 792, 907: 736, 908: 498, 909: 310, 910: 72, 911: 114, 912: 352, 913: 666, 914: 428, 915: 764, 916: 526}
Number of labels used: 24
Objective value: 24.0
Best objective bound: 24.0
Solution is CORRECT!
Total time: 19.88s
Memory used: 1407.20 MB
[runlim] end:			Sun Jun 14 18:37:52 2026
[runlim] status:		ok
[runlim] result:		0
[runlim] children:		1
[runlim] processes:		2
[runlim] real:			20.43 seconds
[runlim] time:			85.34 seconds
[runlim] space:			1586 MB
[runlim] load:			4.57 maximum
[runlim] samples:		205
