[runlim] version:		2.0.0rc12
[runlim] host:			ap-Precision-7550
[runlim] time limit:		311040000 seconds
[runlim] real time limit:	600 seconds
[runlim] space limit:		14000 MB
[runlim] argv[0]:		python3
[runlim] argv[1]:		-u
[runlim] argv[2]:		main.py
[runlim] argv[3]:		graph01
[runlim] argv[4]:		nsc
[runlim] argv[5]:		assumptions
[runlim] argv[6]:		cadical195
[runlim] start:			Wed Mar 25 21:05:01 2026
[runlim] child:			21719
Solve first problem:
Solution:
{1: 296, 2: 58, 3: 652, 4: 414, 5: 16, 6: 254, 7: 380, 8: 142, 9: 380, 10: 142, 11: 778, 12: 540, 13: 338, 14: 100, 15: 296, 16: 58, 17: 652, 18: 414, 19: 394, 20: 156, 21: 296, 22: 58, 23: 478, 24: 240, 25: 310, 26: 72, 27: 114, 28: 352, 29: 296, 30: 58, 31: 268, 32: 30, 33: 352, 34: 114, 35: 310, 36: 72, 37: 338, 38: 100, 39: 324, 40: 86, 41: 282, 42: 44, 43: 778, 44: 540, 45: 254, 46: 16, 47: 72, 48: 310, 49: 282, 50: 44, 51: 394, 52: 156, 53: 310, 54: 72, 55: 86, 56: 324, 57: 16, 58: 254, 59: 778, 60: 540, 61: 254, 62: 16, 63: 352, 64: 114, 65: 254, 66: 16, 67: 296, 68: 58, 69: 254, 70: 16, 71: 324, 72: 86, 73: 380, 74: 142, 75: 268, 76: 30, 77: 750, 78: 512, 79: 310, 80: 72, 81: 254, 82: 16, 83: 268, 84: 30, 85: 324, 86: 86, 87: 680, 88: 442, 89: 338, 90: 100, 91: 652, 92: 414, 93: 254, 94: 16, 95: 44, 96: 282, 97: 478, 98: 240, 99: 30, 100: 268, 101: 380, 102: 142, 103: 282, 104: 44, 105: 352, 106: 114, 107: 296, 108: 58, 109: 296, 110: 58, 111: 380, 112: 142, 113: 268, 114: 30, 115: 114, 116: 352, 117: 254, 118: 16, 119: 296, 120: 58, 121: 380, 122: 142, 123: 380, 124: 142, 125: 254, 126: 16, 127: 296, 128: 58, 129: 338, 130: 100, 131: 268, 132: 30, 133: 694, 134: 456, 135: 478, 136: 240, 137: 282, 138: 44, 139: 296, 140: 58, 141: 324, 142: 86, 143: 324, 144: 86, 145: 268, 146: 30, 147: 254, 148: 16, 149: 324, 150: 86, 151: 652, 152: 414, 153: 254, 154: 16, 155: 324, 156: 86, 157: 268, 158: 30, 159: 268, 160: 30, 161: 394, 162: 156, 163: 296, 164: 58, 165: 352, 166: 114, 167: 366, 168: 128, 169: 254, 170: 16, 171: 268, 172: 30, 173: 254, 174: 16, 175: 324, 176: 86, 177: 254, 178: 16, 179: 282, 180: 44, 181: 652, 182: 414, 183: 268, 184: 30, 185: 324, 186: 86, 187: 268, 188: 30, 189: 254, 190: 16, 191: 310, 192: 72, 193: 380, 194: 142, 195: 268, 196: 30, 197: 254, 198: 16, 199: 254, 200: 16}
Number of lables used:  34
Time taken: 0.13 seconds
Memory used: 29.63 MB
--------------------------------------------------

Trying with at most 33 labels...
Solution:
{1: 652, 2: 414, 3: 58, 4: 296, 5: 394, 6: 156, 7: 478, 8: 240, 9: 142, 10: 380, 11: 694, 12: 456, 13: 100, 14: 338, 15: 652, 16: 414, 17: 268, 18: 30, 19: 142, 20: 380, 21: 652, 22: 414, 23: 142, 24: 380, 25: 72, 26: 310, 27: 44, 28: 282, 29: 100, 30: 338, 31: 142, 32: 380, 33: 86, 34: 324, 35: 114, 36: 352, 37: 156, 38: 394, 39: 128, 40: 366, 41: 694, 42: 456, 43: 30, 44: 268, 45: 142, 46: 380, 47: 128, 48: 366, 49: 666, 50: 428, 51: 44, 52: 282, 53: 114, 54: 352, 55: 268, 56: 30, 57: 30, 58: 268, 59: 254, 60: 16, 61: 694, 62: 456, 63: 142, 64: 380, 65: 666, 66: 428, 67: 72, 68: 310, 69: 666, 70: 428, 71: 114, 72: 352, 73: 240, 74: 478, 75: 58, 76: 296, 77: 428, 78: 666, 79: 694, 80: 456, 81: 156, 82: 394, 83: 694, 84: 456, 85: 694, 86: 456, 87: 114, 88: 352, 89: 694, 90: 456, 91: 128, 92: 366, 93: 694, 94: 456, 95: 296, 96: 58, 97: 478, 98: 240, 99: 652, 100: 414, 101: 156, 102: 394, 103: 694, 104: 456, 105: 694, 106: 456, 107: 156, 108: 394, 109: 666, 110: 428, 111: 86, 112: 324, 113: 666, 114: 428, 115: 156, 116: 394, 117: 156, 118: 394, 119: 652, 120: 414, 121: 478, 122: 240, 123: 240, 124: 478, 125: 652, 126: 414, 127: 114, 128: 352, 129: 128, 130: 366, 131: 142, 132: 380, 133: 380, 134: 142, 135: 240, 136: 478, 137: 666, 138: 428, 139: 156, 140: 394, 141: 142, 142: 380, 143: 156, 144: 394, 145: 666, 146: 428, 147: 666, 148: 428, 149: 666, 150: 428, 151: 296, 152: 58, 153: 666, 154: 428, 155: 114, 156: 352, 157: 666, 158: 428, 159: 58, 160: 296, 161: 30, 162: 268, 163: 666, 164: 428, 165: 652, 166: 414, 167: 666, 168: 428, 169: 352, 170: 114, 171: 666, 172: 428, 173: 114, 174: 352, 175: 86, 176: 324, 177: 156, 178: 394, 179: 156, 180: 394, 181: 652, 182: 414, 183: 142, 184: 380, 185: 86, 186: 324, 187: 142, 188: 380, 189: 156, 190: 394, 191: 86, 192: 324, 193: 240, 194: 478, 195: 142, 196: 380, 197: 156, 198: 394, 199: 156, 200: 394}
Number of lables used:  30
--------------------------------------------------

Trying with at most 29 labels...
Solution:
{1: 652, 2: 414, 3: 58, 4: 296, 5: 394, 6: 156, 7: 478, 8: 240, 9: 142, 10: 380, 11: 694, 12: 456, 13: 100, 14: 338, 15: 652, 16: 414, 17: 268, 18: 30, 19: 142, 20: 380, 21: 652, 22: 414, 23: 142, 24: 380, 25: 72, 26: 310, 27: 44, 28: 282, 29: 100, 30: 338, 31: 142, 32: 380, 33: 86, 34: 324, 35: 114, 36: 352, 37: 156, 38: 394, 39: 128, 40: 366, 41: 694, 42: 456, 43: 268, 44: 30, 45: 142, 46: 380, 47: 128, 48: 366, 49: 666, 50: 428, 51: 44, 52: 282, 53: 114, 54: 352, 55: 268, 56: 30, 57: 30, 58: 268, 59: 694, 60: 456, 61: 694, 62: 456, 63: 142, 64: 380, 65: 666, 66: 428, 67: 72, 68: 310, 69: 666, 70: 428, 71: 114, 72: 352, 73: 240, 74: 478, 75: 58, 76: 296, 77: 428, 78: 666, 79: 694, 80: 456, 81: 156, 82: 394, 83: 694, 84: 456, 85: 694, 86: 456, 87: 114, 88: 352, 89: 694, 90: 456, 91: 128, 92: 366, 93: 694, 94: 456, 95: 296, 96: 58, 97: 240, 98: 478, 99: 652, 100: 414, 101: 156, 102: 394, 103: 694, 104: 456, 105: 456, 106: 694, 107: 156, 108: 394, 109: 666, 110: 428, 111: 86, 112: 324, 113: 666, 114: 428, 115: 156, 116: 394, 117: 156, 118: 394, 119: 652, 120: 414, 121: 478, 122: 240, 123: 240, 124: 478, 125: 652, 126: 414, 127: 114, 128: 352, 129: 128, 130: 366, 131: 142, 132: 380, 133: 380, 134: 142, 135: 240, 136: 478, 137: 666, 138: 428, 139: 156, 140: 394, 141: 142, 142: 380, 143: 156, 144: 394, 145: 666, 146: 428, 147: 666, 148: 428, 149: 338, 150: 100, 151: 296, 152: 58, 153: 666, 154: 428, 155: 114, 156: 352, 157: 666, 158: 428, 159: 58, 160: 296, 161: 30, 162: 268, 163: 666, 164: 428, 165: 652, 166: 414, 167: 666, 168: 428, 169: 352, 170: 114, 171: 666, 172: 428, 173: 114, 174: 352, 175: 86, 176: 324, 177: 156, 178: 394, 179: 156, 180: 394, 181: 652, 182: 414, 183: 142, 184: 380, 185: 86, 186: 324, 187: 142, 188: 380, 189: 156, 190: 394, 191: 86, 192: 324, 193: 240, 194: 478, 195: 142, 196: 380, 197: 156, 198: 394, 199: 156, 200: 394}
Number of lables used:  28
Time taken: 0.15 seconds
Memory used: 31.02 MB
--------------------------------------------------

Trying with at most 27 labels...
Solution:
{1: 652, 2: 414, 3: 58, 4: 296, 5: 394, 6: 156, 7: 478, 8: 240, 9: 142, 10: 380, 11: 694, 12: 456, 13: 100, 14: 338, 15: 652, 16: 414, 17: 268, 18: 30, 19: 142, 20: 380, 21: 652, 22: 414, 23: 142, 24: 380, 25: 86, 26: 324, 27: 44, 28: 282, 29: 100, 30: 338, 31: 142, 32: 380, 33: 86, 34: 324, 35: 114, 36: 352, 37: 156, 38: 394, 39: 128, 40: 366, 41: 694, 42: 456, 43: 268, 44: 30, 45: 142, 46: 380, 47: 128, 48: 366, 49: 666, 50: 428, 51: 44, 52: 282, 53: 114, 54: 352, 55: 268, 56: 30, 57: 30, 58: 268, 59: 694, 60: 456, 61: 694, 62: 456, 63: 142, 64: 380, 65: 666, 66: 428, 67: 282, 68: 44, 69: 666, 70: 428, 71: 114, 72: 352, 73: 240, 74: 478, 75: 58, 76: 296, 77: 428, 78: 666, 79: 694, 80: 456, 81: 156, 82: 394, 83: 694, 84: 456, 85: 694, 86: 456, 87: 114, 88: 352, 89: 694, 90: 456, 91: 128, 92: 366, 93: 694, 94: 456, 95: 296, 96: 58, 97: 240, 98: 478, 99: 652, 100: 414, 101: 156, 102: 394, 103: 694, 104: 456, 105: 456, 106: 694, 107: 156, 108: 394, 109: 666, 110: 428, 111: 86, 112: 324, 113: 666, 114: 428, 115: 156, 116: 394, 117: 156, 118: 394, 119: 652, 120: 414, 121: 478, 122: 240, 123: 240, 124: 478, 125: 652, 126: 414, 127: 114, 128: 352, 129: 128, 130: 366, 131: 142, 132: 380, 133: 380, 134: 142, 135: 240, 136: 478, 137: 666, 138: 428, 139: 156, 140: 394, 141: 142, 142: 380, 143: 156, 144: 394, 145: 666, 146: 428, 147: 666, 148: 428, 149: 338, 150: 100, 151: 296, 152: 58, 153: 666, 154: 428, 155: 114, 156: 352, 157: 666, 158: 428, 159: 58, 160: 296, 161: 30, 162: 268, 163: 666, 164: 428, 165: 652, 166: 414, 167: 666, 168: 428, 169: 352, 170: 114, 171: 666, 172: 428, 173: 114, 174: 352, 175: 268, 176: 30, 177: 156, 178: 394, 179: 156, 180: 394, 181: 652, 182: 414, 183: 142, 184: 380, 185: 86, 186: 324, 187: 142, 188: 380, 189: 156, 190: 394, 191: 86, 192: 324, 193: 240, 194: 478, 195: 142, 196: 380, 197: 156, 198: 394, 199: 156, 200: 394}
Number of lables used:  26
Time taken: 0.15 seconds
Memory used: 31.13 MB
--------------------------------------------------

Trying with at most 25 labels...
Solution:
{1: 652, 2: 414, 3: 30, 4: 268, 5: 394, 6: 156, 7: 478, 8: 240, 9: 478, 10: 240, 11: 694, 12: 456, 13: 100, 14: 338, 15: 652, 16: 414, 17: 268, 18: 30, 19: 142, 20: 380, 21: 652, 22: 414, 23: 142, 24: 380, 25: 86, 26: 324, 27: 44, 28: 282, 29: 100, 30: 338, 31: 142, 32: 380, 33: 86, 34: 324, 35: 100, 36: 338, 37: 156, 38: 394, 39: 128, 40: 366, 41: 694, 42: 456, 43: 268, 44: 30, 45: 142, 46: 380, 47: 128, 48: 366, 49: 666, 50: 428, 51: 30, 52: 268, 53: 100, 54: 338, 55: 268, 56: 30, 57: 30, 58: 268, 59: 324, 60: 86, 61: 694, 62: 456, 63: 142, 64: 380, 65: 666, 66: 428, 67: 282, 68: 44, 69: 666, 70: 428, 71: 58, 72: 296, 73: 240, 74: 478, 75: 58, 76: 296, 77: 666, 78: 428, 79: 694, 80: 456, 81: 156, 82: 394, 83: 694, 84: 456, 85: 156, 86: 394, 87: 652, 88: 414, 89: 694, 90: 456, 91: 128, 92: 366, 93: 694, 94: 456, 95: 296, 96: 58, 97: 240, 98: 478, 99: 652, 100: 414, 101: 156, 102: 394, 103: 694, 104: 456, 105: 456, 106: 694, 107: 156, 108: 394, 109: 666, 110: 428, 111: 86, 112: 324, 113: 666, 114: 428, 115: 128, 116: 366, 117: 156, 118: 394, 119: 652, 120: 414, 121: 478, 122: 240, 123: 240, 124: 478, 125: 652, 126: 414, 127: 100, 128: 338, 129: 128, 130: 366, 131: 142, 132: 380, 133: 380, 134: 142, 135: 478, 136: 240, 137: 666, 138: 428, 139: 156, 140: 394, 141: 142, 142: 380, 143: 156, 144: 394, 145: 666, 146: 428, 147: 666, 148: 428, 149: 338, 150: 100, 151: 694, 152: 456, 153: 666, 154: 428, 155: 100, 156: 338, 157: 666, 158: 428, 159: 58, 160: 296, 161: 456, 162: 694, 163: 666, 164: 428, 165: 282, 166: 44, 167: 296, 168: 58, 169: 100, 170: 338, 171: 666, 172: 428, 173: 100, 174: 338, 175: 268, 176: 30, 177: 156, 178: 394, 179: 156, 180: 394, 181: 414, 182: 652, 183: 142, 184: 380, 185: 268, 186: 30, 187: 142, 188: 380, 189: 156, 190: 394, 191: 366, 192: 128, 193: 478, 194: 240, 195: 142, 196: 380, 197: 156, 198: 394, 199: 156, 200: 394}
Number of lables used:  24
Time taken: 0.15 seconds
Memory used: 31.13 MB
--------------------------------------------------

Trying with at most 23 labels...
Solution:
{1: 652, 2: 414, 3: 30, 4: 268, 5: 394, 6: 156, 7: 478, 8: 240, 9: 478, 10: 240, 11: 694, 12: 456, 13: 100, 14: 338, 15: 652, 16: 414, 17: 268, 18: 30, 19: 156, 20: 394, 21: 652, 22: 414, 23: 142, 24: 380, 25: 86, 26: 324, 27: 44, 28: 282, 29: 100, 30: 338, 31: 142, 32: 380, 33: 86, 34: 324, 35: 100, 36: 338, 37: 156, 38: 394, 39: 58, 40: 296, 41: 694, 42: 456, 43: 268, 44: 30, 45: 142, 46: 380, 47: 394, 48: 156, 49: 666, 50: 428, 51: 30, 52: 268, 53: 100, 54: 338, 55: 268, 56: 30, 57: 30, 58: 268, 59: 324, 60: 86, 61: 694, 62: 456, 63: 142, 64: 380, 65: 666, 66: 428, 67: 282, 68: 44, 69: 666, 70: 428, 71: 58, 72: 296, 73: 240, 74: 478, 75: 58, 76: 296, 77: 666, 78: 428, 79: 694, 80: 456, 81: 156, 82: 394, 83: 694, 84: 456, 85: 156, 86: 394, 87: 414, 88: 652, 89: 694, 90: 456, 91: 142, 92: 380, 93: 694, 94: 456, 95: 296, 96: 58, 97: 240, 98: 478, 99: 86, 100: 324, 101: 652, 102: 414, 103: 694, 104: 456, 105: 456, 106: 694, 107: 156, 108: 394, 109: 666, 110: 428, 111: 100, 112: 338, 113: 666, 114: 428, 115: 86, 116: 324, 117: 156, 118: 394, 119: 652, 120: 414, 121: 478, 122: 240, 123: 240, 124: 478, 125: 652, 126: 414, 127: 100, 128: 338, 129: 100, 130: 338, 131: 142, 132: 380, 133: 380, 134: 142, 135: 478, 136: 240, 137: 666, 138: 428, 139: 156, 140: 394, 141: 30, 142: 268, 143: 156, 144: 394, 145: 666, 146: 428, 147: 666, 148: 428, 149: 338, 150: 100, 151: 456, 152: 694, 153: 666, 154: 428, 155: 100, 156: 338, 157: 666, 158: 428, 159: 58, 160: 296, 161: 456, 162: 694, 163: 666, 164: 428, 165: 282, 166: 44, 167: 296, 168: 58, 169: 100, 170: 338, 171: 666, 172: 428, 173: 100, 174: 338, 175: 268, 176: 30, 177: 156, 178: 394, 179: 156, 180: 394, 181: 414, 182: 652, 183: 142, 184: 380, 185: 268, 186: 30, 187: 142, 188: 380, 189: 100, 190: 338, 191: 394, 192: 156, 193: 478, 194: 240, 195: 142, 196: 380, 197: 156, 198: 394, 199: 156, 200: 394}
Number of lables used:  22
Time taken: 0.16 seconds
Memory used: 31.13 MB
--------------------------------------------------

Trying with at most 21 labels...
Solution:
{1: 652, 2: 414, 3: 30, 4: 268, 5: 394, 6: 156, 7: 478, 8: 240, 9: 478, 10: 240, 11: 680, 12: 442, 13: 58, 14: 296, 15: 652, 16: 414, 17: 736, 18: 498, 19: 156, 20: 394, 21: 652, 22: 414, 23: 142, 24: 380, 25: 58, 26: 296, 27: 394, 28: 156, 29: 100, 30: 338, 31: 100, 32: 338, 33: 58, 34: 296, 35: 100, 36: 338, 37: 156, 38: 394, 39: 58, 40: 296, 41: 680, 42: 442, 43: 268, 44: 30, 45: 142, 46: 380, 47: 394, 48: 156, 49: 100, 50: 338, 51: 30, 52: 268, 53: 58, 54: 296, 55: 268, 56: 30, 57: 30, 58: 268, 59: 736, 60: 498, 61: 680, 62: 442, 63: 142, 64: 380, 65: 666, 66: 428, 67: 736, 68: 498, 69: 666, 70: 428, 71: 58, 72: 296, 73: 240, 74: 478, 75: 338, 76: 100, 77: 414, 78: 652, 79: 680, 80: 442, 81: 156, 82: 394, 83: 680, 84: 442, 85: 156, 86: 394, 87: 414, 88: 652, 89: 100, 90: 338, 91: 142, 92: 380, 93: 680, 94: 442, 95: 296, 96: 58, 97: 240, 98: 478, 99: 58, 100: 296, 101: 652, 102: 414, 103: 100, 104: 338, 105: 442, 106: 680, 107: 156, 108: 394, 109: 666, 110: 428, 111: 100, 112: 338, 113: 666, 114: 428, 115: 380, 116: 142, 117: 156, 118: 394, 119: 100, 120: 338, 121: 478, 122: 240, 123: 240, 124: 478, 125: 652, 126: 414, 127: 498, 128: 736, 129: 100, 130: 338, 131: 142, 132: 380, 133: 268, 134: 30, 135: 240, 136: 478, 137: 666, 138: 428, 139: 156, 140: 394, 141: 30, 142: 268, 143: 156, 144: 394, 145: 666, 146: 428, 147: 414, 148: 652, 149: 338, 150: 100, 151: 442, 152: 680, 153: 666, 154: 428, 155: 100, 156: 338, 157: 666, 158: 428, 159: 58, 160: 296, 161: 680, 162: 442, 163: 666, 164: 428, 165: 338, 166: 100, 167: 296, 168: 58, 169: 100, 170: 338, 171: 666, 172: 428, 173: 100, 174: 338, 175: 30, 176: 268, 177: 156, 178: 394, 179: 156, 180: 394, 181: 156, 182: 394, 183: 142, 184: 380, 185: 498, 186: 736, 187: 30, 188: 268, 189: 100, 190: 338, 191: 394, 192: 156, 193: 478, 194: 240, 195: 142, 196: 380, 197: 156, 198: 394, 199: 156, 200: 394}
Number of lables used:  20
Time taken: 0.16 seconds
Memory used: 31.18 MB
--------------------------------------------------

Trying with at most 19 labels...
Solution:
{1: 652, 2: 414, 3: 30, 4: 268, 5: 380, 6: 142, 7: 478, 8: 240, 9: 478, 10: 240, 11: 792, 12: 554, 13: 58, 14: 296, 15: 652, 16: 414, 17: 324, 18: 86, 19: 142, 20: 380, 21: 652, 22: 414, 23: 380, 24: 142, 25: 58, 26: 296, 27: 86, 28: 324, 29: 86, 30: 324, 31: 324, 32: 86, 33: 30, 34: 268, 35: 86, 36: 324, 37: 86, 38: 324, 39: 58, 40: 296, 41: 666, 42: 428, 43: 736, 44: 498, 45: 86, 46: 324, 47: 380, 48: 142, 49: 58, 50: 296, 51: 296, 52: 58, 53: 324, 54: 86, 55: 86, 56: 324, 57: 380, 58: 142, 59: 58, 60: 296, 61: 666, 62: 428, 63: 86, 64: 324, 65: 666, 66: 428, 67: 268, 68: 30, 69: 666, 70: 428, 71: 58, 72: 296, 73: 240, 74: 478, 75: 268, 76: 30, 77: 414, 78: 652, 79: 666, 80: 428, 81: 142, 82: 380, 83: 652, 84: 414, 85: 142, 86: 380, 87: 414, 88: 652, 89: 58, 90: 296, 91: 652, 92: 414, 93: 652, 94: 414, 95: 142, 96: 380, 97: 240, 98: 478, 99: 58, 100: 296, 101: 554, 102: 792, 103: 58, 104: 296, 105: 666, 106: 428, 107: 142, 108: 380, 109: 666, 110: 428, 111: 268, 112: 30, 113: 142, 114: 380, 115: 498, 116: 736, 117: 142, 118: 380, 119: 58, 120: 296, 121: 478, 122: 240, 123: 240, 124: 478, 125: 652, 126: 414, 127: 498, 128: 736, 129: 324, 130: 86, 131: 142, 132: 380, 133: 268, 134: 30, 135: 240, 136: 478, 137: 666, 138: 428, 139: 86, 140: 324, 141: 380, 142: 142, 143: 30, 144: 268, 145: 666, 146: 428, 147: 428, 148: 666, 149: 296, 150: 58, 151: 428, 152: 666, 153: 666, 154: 428, 155: 86, 156: 324, 157: 666, 158: 428, 159: 86, 160: 324, 161: 86, 162: 324, 163: 666, 164: 428, 165: 736, 166: 498, 167: 30, 168: 268, 169: 58, 170: 296, 171: 86, 172: 324, 173: 30, 174: 268, 175: 652, 176: 414, 177: 142, 178: 380, 179: 142, 180: 380, 181: 428, 182: 666, 183: 380, 184: 142, 185: 792, 186: 554, 187: 30, 188: 268, 189: 58, 190: 296, 191: 792, 192: 554, 193: 478, 194: 240, 195: 498, 196: 736, 197: 142, 198: 380, 199: 142, 200: 380}
Number of lables used:  18
Time taken: 0.17 seconds
Memory used: 31.18 MB
--------------------------------------------------

Trying with at most 17 labels...
[runlim] sample:		10.00 time, 10.01 real, 44 MB, 1.07 load
[runlim] sample:		20.00 time, 20.01 real, 43 MB, 1.06 load
[runlim] sample:		29.99 time, 30.01 real, 43 MB, 1.05 load
[runlim] sample:		39.99 time, 40.01 real, 45 MB, 1.04 load
[runlim] sample:		49.99 time, 50.01 real, 47 MB, 1.03 load
[runlim] sample:		59.98 time, 60.01 real, 48 MB, 1.03 load
Cannot find solution.
No more solutions found.
Optimal number of labels used:  18
Time taken: 66.73 seconds
Memory used: 58.03 MB
[runlim] end:			Wed Mar 25 21:06:08 2026
[runlim] status:		ok
[runlim] result:		0
[runlim] children:		1
[runlim] processes:		2
[runlim] real:			66.77 seconds
[runlim] time:			66.68 seconds
[runlim] space:			58 MB
[runlim] load:			1.08 maximum
[runlim] samples:		668
