[runlim] version:		2.0.0rc12
[runlim] host:			ap-Precision-7550
[runlim] time limit:		311040000 seconds
[runlim] real time limit:	600 seconds
[runlim] space limit:		14000 MB
[runlim] argv[0]:		python3
[runlim] argv[1]:		-u
[runlim] argv[2]:		main.py
[runlim] argv[3]:		TUD200.1
[runlim] argv[4]:		nsc
[runlim] argv[5]:		assumptions
[runlim] argv[6]:		cadical195
[runlim] start:			Wed Mar 25 21:11:11 2026
[runlim] child:			21797
Solve first problem:
Solution:
{1: 338, 2: 100, 3: 86, 4: 324, 5: 366, 6: 128, 7: 694, 8: 456, 9: 128, 10: 366, 11: 44, 12: 282, 13: 792, 14: 554, 15: 414, 16: 652, 17: 156, 18: 394, 19: 498, 20: 736, 21: 470, 22: 708, 23: 792, 24: 554, 25: 484, 26: 722, 27: 128, 28: 366, 29: 128, 30: 366, 31: 156, 32: 394, 33: 554, 34: 792, 35: 456, 36: 694, 37: 128, 38: 366, 39: 268, 40: 30, 41: 428, 42: 666, 43: 142, 44: 380, 45: 254, 46: 16, 47: 792, 48: 554, 49: 470, 50: 708, 51: 58, 52: 296, 53: 156, 54: 394, 55: 86, 56: 324, 57: 72, 58: 310, 59: 540, 60: 778, 61: 512, 62: 750, 63: 414, 64: 652, 65: 554, 66: 792, 67: 414, 68: 652, 69: 680, 70: 442, 71: 268, 72: 30, 73: 456, 74: 694, 75: 512, 76: 750, 77: 540, 78: 778, 79: 792, 80: 554, 81: 554, 82: 792, 83: 428, 84: 666, 85: 736, 86: 498, 87: 778, 88: 540, 89: 30, 90: 268, 91: 778, 92: 540, 93: 16, 94: 254, 95: 352, 96: 114, 97: 540, 98: 778, 99: 156, 100: 394, 101: 380, 102: 142, 103: 540, 104: 778, 105: 114, 106: 352, 107: 380, 108: 142, 109: 694, 110: 456, 111: 722, 112: 484, 113: 414, 114: 652, 115: 470, 116: 708, 117: 526, 118: 764, 119: 100, 120: 338, 121: 456, 122: 694, 123: 156, 124: 394, 125: 310, 126: 72, 127: 72, 128: 310, 129: 170, 130: 408, 131: 380, 132: 142, 133: 554, 134: 792, 135: 526, 136: 764, 137: 456, 138: 694, 139: 442, 140: 680, 141: 380, 142: 142, 143: 540, 144: 778, 145: 554, 146: 792, 147: 254, 148: 16, 149: 554, 150: 792, 151: 86, 152: 324, 153: 498, 154: 736, 155: 554, 156: 792, 157: 554, 158: 792, 159: 498, 160: 736, 161: 554, 162: 792, 163: 526, 164: 764, 165: 100, 166: 338, 167: 526, 168: 764, 169: 554, 170: 792, 171: 498, 172: 736, 173: 540, 174: 778, 175: 526, 176: 764, 177: 666, 178: 428, 179: 498, 180: 736, 181: 554, 182: 792, 183: 526, 184: 764, 185: 156, 186: 394, 187: 156, 188: 394, 189: 484, 190: 722, 191: 428, 192: 666, 193: 484, 194: 722, 195: 554, 196: 792, 197: 484, 198: 722, 199: 540, 200: 778}
Number of lables used:  46
Time taken: 0.27 seconds
Memory used: 31.45 MB
--------------------------------------------------

Trying with at most 45 labels...
Solution:
{1: 254, 2: 16, 3: 86, 4: 324, 5: 366, 6: 128, 7: 694, 8: 456, 9: 114, 10: 352, 11: 44, 12: 282, 13: 708, 14: 470, 15: 414, 16: 652, 17: 156, 18: 394, 19: 666, 20: 428, 21: 442, 22: 680, 23: 750, 24: 512, 25: 456, 26: 694, 27: 128, 28: 366, 29: 128, 30: 366, 31: 156, 32: 394, 33: 512, 34: 750, 35: 456, 36: 694, 37: 128, 38: 366, 39: 156, 40: 394, 41: 526, 42: 764, 43: 142, 44: 380, 45: 254, 46: 16, 47: 764, 48: 526, 49: 394, 50: 156, 51: 16, 52: 254, 53: 156, 54: 394, 55: 86, 56: 324, 57: 72, 58: 310, 59: 442, 60: 680, 61: 72, 62: 310, 63: 792, 64: 554, 65: 512, 66: 750, 67: 708, 68: 470, 69: 680, 70: 442, 71: 268, 72: 30, 73: 128, 74: 366, 75: 512, 76: 750, 77: 750, 78: 512, 79: 100, 80: 338, 81: 554, 82: 792, 83: 470, 84: 708, 85: 694, 86: 456, 87: 694, 88: 456, 89: 380, 90: 142, 91: 100, 92: 338, 93: 16, 94: 254, 95: 268, 96: 30, 97: 456, 98: 694, 99: 128, 100: 366, 101: 338, 102: 100, 103: 750, 104: 512, 105: 114, 106: 352, 107: 366, 108: 128, 109: 694, 110: 456, 111: 708, 112: 470, 113: 414, 114: 652, 115: 470, 116: 708, 117: 764, 118: 526, 119: 100, 120: 338, 121: 142, 122: 380, 123: 156, 124: 394, 125: 72, 126: 310, 127: 72, 128: 310, 129: 170, 130: 408, 131: 380, 132: 142, 133: 554, 134: 792, 135: 72, 136: 310, 137: 456, 138: 694, 139: 310, 140: 72, 141: 380, 142: 142, 143: 470, 144: 708, 145: 792, 146: 554, 147: 16, 148: 254, 149: 764, 150: 526, 151: 58, 152: 296, 153: 282, 154: 44, 155: 512, 156: 750, 157: 764, 158: 526, 159: 680, 160: 442, 161: 792, 162: 554, 163: 470, 164: 708, 165: 100, 166: 338, 167: 652, 168: 414, 169: 792, 170: 554, 171: 470, 172: 708, 173: 792, 174: 554, 175: 512, 176: 750, 177: 666, 178: 428, 179: 792, 180: 554, 181: 792, 182: 554, 183: 512, 184: 750, 185: 156, 186: 394, 187: 100, 188: 338, 189: 512, 190: 750, 191: 428, 192: 666, 193: 86, 194: 324, 195: 44, 196: 282, 197: 470, 198: 708, 199: 30, 200: 268}
Number of lables used:  40
--------------------------------------------------

Trying with at most 39 labels...
Solution:
{1: 254, 2: 16, 3: 86, 4: 324, 5: 366, 6: 128, 7: 694, 8: 456, 9: 114, 10: 352, 11: 44, 12: 282, 13: 708, 14: 470, 15: 414, 16: 652, 17: 156, 18: 394, 19: 666, 20: 428, 21: 442, 22: 680, 23: 750, 24: 512, 25: 456, 26: 694, 27: 128, 28: 366, 29: 128, 30: 366, 31: 156, 32: 394, 33: 512, 34: 750, 35: 456, 36: 694, 37: 128, 38: 366, 39: 156, 40: 394, 41: 554, 42: 792, 43: 142, 44: 380, 45: 254, 46: 16, 47: 792, 48: 554, 49: 394, 50: 156, 51: 16, 52: 254, 53: 156, 54: 394, 55: 86, 56: 324, 57: 72, 58: 310, 59: 442, 60: 680, 61: 72, 62: 310, 63: 792, 64: 554, 65: 512, 66: 750, 67: 708, 68: 470, 69: 680, 70: 442, 71: 268, 72: 30, 73: 128, 74: 366, 75: 512, 76: 750, 77: 750, 78: 512, 79: 100, 80: 338, 81: 554, 82: 792, 83: 470, 84: 708, 85: 694, 86: 456, 87: 694, 88: 456, 89: 380, 90: 142, 91: 100, 92: 338, 93: 16, 94: 254, 95: 268, 96: 30, 97: 456, 98: 694, 99: 128, 100: 366, 101: 338, 102: 100, 103: 750, 104: 512, 105: 114, 106: 352, 107: 366, 108: 128, 109: 694, 110: 456, 111: 708, 112: 470, 113: 414, 114: 652, 115: 470, 116: 708, 117: 296, 118: 58, 119: 100, 120: 338, 121: 142, 122: 380, 123: 156, 124: 394, 125: 72, 126: 310, 127: 72, 128: 310, 129: 170, 130: 408, 131: 380, 132: 142, 133: 554, 134: 792, 135: 72, 136: 310, 137: 456, 138: 694, 139: 310, 140: 72, 141: 380, 142: 142, 143: 470, 144: 708, 145: 792, 146: 554, 147: 16, 148: 254, 149: 394, 150: 156, 151: 58, 152: 296, 153: 282, 154: 44, 155: 512, 156: 750, 157: 156, 158: 394, 159: 680, 160: 442, 161: 792, 162: 554, 163: 470, 164: 708, 165: 100, 166: 338, 167: 652, 168: 414, 169: 792, 170: 554, 171: 470, 172: 708, 173: 512, 174: 750, 175: 512, 176: 750, 177: 666, 178: 428, 179: 792, 180: 554, 181: 792, 182: 554, 183: 512, 184: 750, 185: 156, 186: 394, 187: 100, 188: 338, 189: 512, 190: 750, 191: 428, 192: 666, 193: 86, 194: 324, 195: 44, 196: 282, 197: 470, 198: 708, 199: 30, 200: 268}
Number of lables used:  38
Time taken: 0.29 seconds
Memory used: 32.89 MB
--------------------------------------------------

Trying with at most 37 labels...
Solution:
{1: 254, 2: 16, 3: 86, 4: 324, 5: 366, 6: 128, 7: 680, 8: 442, 9: 114, 10: 352, 11: 44, 12: 282, 13: 708, 14: 470, 15: 324, 16: 86, 17: 156, 18: 394, 19: 666, 20: 428, 21: 428, 22: 666, 23: 750, 24: 512, 25: 442, 26: 680, 27: 128, 28: 366, 29: 128, 30: 366, 31: 156, 32: 394, 33: 512, 34: 750, 35: 442, 36: 680, 37: 128, 38: 366, 39: 156, 40: 394, 41: 554, 42: 792, 43: 142, 44: 380, 45: 254, 46: 16, 47: 792, 48: 554, 49: 394, 50: 156, 51: 16, 52: 254, 53: 156, 54: 394, 55: 86, 56: 324, 57: 72, 58: 310, 59: 442, 60: 680, 61: 72, 62: 310, 63: 792, 64: 554, 65: 512, 66: 750, 67: 708, 68: 470, 69: 666, 70: 428, 71: 268, 72: 30, 73: 128, 74: 366, 75: 512, 76: 750, 77: 750, 78: 512, 79: 100, 80: 338, 81: 554, 82: 792, 83: 470, 84: 708, 85: 30, 86: 268, 87: 680, 88: 442, 89: 380, 90: 142, 91: 100, 92: 338, 93: 16, 94: 254, 95: 268, 96: 30, 97: 442, 98: 680, 99: 128, 100: 366, 101: 338, 102: 100, 103: 750, 104: 512, 105: 114, 106: 352, 107: 366, 108: 128, 109: 680, 110: 442, 111: 708, 112: 470, 113: 792, 114: 554, 115: 470, 116: 708, 117: 296, 118: 58, 119: 100, 120: 338, 121: 142, 122: 380, 123: 156, 124: 394, 125: 72, 126: 310, 127: 72, 128: 310, 129: 170, 130: 408, 131: 380, 132: 142, 133: 554, 134: 792, 135: 72, 136: 310, 137: 708, 138: 470, 139: 310, 140: 72, 141: 380, 142: 142, 143: 750, 144: 512, 145: 792, 146: 554, 147: 16, 148: 254, 149: 394, 150: 156, 151: 58, 152: 296, 153: 282, 154: 44, 155: 512, 156: 750, 157: 156, 158: 394, 159: 680, 160: 442, 161: 792, 162: 554, 163: 470, 164: 708, 165: 100, 166: 338, 167: 666, 168: 428, 169: 708, 170: 470, 171: 470, 172: 708, 173: 512, 174: 750, 175: 512, 176: 750, 177: 666, 178: 428, 179: 792, 180: 554, 181: 792, 182: 554, 183: 512, 184: 750, 185: 156, 186: 394, 187: 100, 188: 338, 189: 512, 190: 750, 191: 428, 192: 666, 193: 86, 194: 324, 195: 44, 196: 282, 197: 470, 198: 708, 199: 30, 200: 268}
Number of lables used:  34
Time taken: 0.30 seconds
Memory used: 32.89 MB
--------------------------------------------------

Trying with at most 33 labels...
Solution:
{1: 254, 2: 16, 3: 86, 4: 324, 5: 366, 6: 128, 7: 680, 8: 442, 9: 114, 10: 352, 11: 30, 12: 268, 13: 708, 14: 470, 15: 324, 16: 86, 17: 156, 18: 394, 19: 666, 20: 428, 21: 428, 22: 666, 23: 750, 24: 512, 25: 442, 26: 680, 27: 128, 28: 366, 29: 128, 30: 366, 31: 156, 32: 394, 33: 512, 34: 750, 35: 442, 36: 680, 37: 128, 38: 366, 39: 156, 40: 394, 41: 554, 42: 792, 43: 142, 44: 380, 45: 254, 46: 16, 47: 792, 48: 554, 49: 394, 50: 156, 51: 16, 52: 254, 53: 156, 54: 394, 55: 86, 56: 324, 57: 72, 58: 310, 59: 442, 60: 680, 61: 72, 62: 310, 63: 792, 64: 554, 65: 512, 66: 750, 67: 708, 68: 470, 69: 666, 70: 428, 71: 268, 72: 30, 73: 128, 74: 366, 75: 512, 76: 750, 77: 750, 78: 512, 79: 100, 80: 338, 81: 554, 82: 792, 83: 470, 84: 708, 85: 30, 86: 268, 87: 680, 88: 442, 89: 380, 90: 142, 91: 100, 92: 338, 93: 792, 94: 554, 95: 268, 96: 30, 97: 442, 98: 680, 99: 128, 100: 366, 101: 338, 102: 100, 103: 750, 104: 512, 105: 114, 106: 352, 107: 366, 108: 128, 109: 680, 110: 442, 111: 708, 112: 470, 113: 792, 114: 554, 115: 470, 116: 708, 117: 296, 118: 58, 119: 100, 120: 338, 121: 142, 122: 380, 123: 156, 124: 394, 125: 72, 126: 310, 127: 72, 128: 310, 129: 170, 130: 408, 131: 380, 132: 142, 133: 554, 134: 792, 135: 72, 136: 310, 137: 708, 138: 470, 139: 310, 140: 72, 141: 380, 142: 142, 143: 750, 144: 512, 145: 792, 146: 554, 147: 16, 148: 254, 149: 394, 150: 156, 151: 58, 152: 296, 153: 268, 154: 30, 155: 512, 156: 750, 157: 156, 158: 394, 159: 680, 160: 442, 161: 792, 162: 554, 163: 470, 164: 708, 165: 100, 166: 338, 167: 666, 168: 428, 169: 708, 170: 470, 171: 470, 172: 708, 173: 512, 174: 750, 175: 512, 176: 750, 177: 666, 178: 428, 179: 792, 180: 554, 181: 792, 182: 554, 183: 512, 184: 750, 185: 156, 186: 394, 187: 100, 188: 338, 189: 512, 190: 750, 191: 428, 192: 666, 193: 86, 194: 324, 195: 16, 196: 254, 197: 470, 198: 708, 199: 30, 200: 268}
Number of lables used:  32
Time taken: 0.30 seconds
Memory used: 32.89 MB
--------------------------------------------------

Trying with at most 31 labels...
Solution:
{1: 254, 2: 16, 3: 156, 4: 394, 5: 380, 6: 142, 7: 680, 8: 442, 9: 114, 10: 352, 11: 16, 12: 254, 13: 708, 14: 470, 15: 324, 16: 86, 17: 156, 18: 394, 19: 652, 20: 414, 21: 414, 22: 652, 23: 750, 24: 512, 25: 442, 26: 680, 27: 128, 28: 366, 29: 114, 30: 352, 31: 156, 32: 394, 33: 512, 34: 750, 35: 442, 36: 680, 37: 128, 38: 366, 39: 156, 40: 394, 41: 86, 42: 324, 43: 142, 44: 380, 45: 296, 46: 58, 47: 58, 48: 296, 49: 394, 50: 156, 51: 30, 52: 268, 53: 156, 54: 394, 55: 86, 56: 324, 57: 72, 58: 310, 59: 442, 60: 680, 61: 72, 62: 310, 63: 156, 64: 394, 65: 792, 66: 554, 67: 128, 68: 366, 69: 86, 70: 324, 71: 268, 72: 30, 73: 86, 74: 324, 75: 512, 76: 750, 77: 750, 78: 512, 79: 380, 80: 142, 81: 554, 82: 792, 83: 16, 84: 254, 85: 30, 86: 268, 87: 680, 88: 442, 89: 470, 90: 708, 91: 142, 92: 380, 93: 792, 94: 554, 95: 442, 96: 680, 97: 442, 98: 680, 99: 708, 100: 470, 101: 338, 102: 100, 103: 750, 104: 512, 105: 114, 106: 352, 107: 366, 108: 128, 109: 792, 110: 554, 111: 708, 112: 470, 113: 792, 114: 554, 115: 470, 116: 708, 117: 296, 118: 58, 119: 100, 120: 338, 121: 142, 122: 380, 123: 156, 124: 394, 125: 680, 126: 442, 127: 72, 128: 310, 129: 380, 130: 142, 131: 338, 132: 100, 133: 414, 134: 652, 135: 30, 136: 268, 137: 708, 138: 470, 139: 310, 140: 72, 141: 380, 142: 142, 143: 750, 144: 512, 145: 792, 146: 554, 147: 470, 148: 708, 149: 394, 150: 156, 151: 30, 152: 268, 153: 296, 154: 58, 155: 792, 156: 554, 157: 156, 158: 394, 159: 86, 160: 324, 161: 792, 162: 554, 163: 512, 164: 750, 165: 100, 166: 338, 167: 414, 168: 652, 169: 680, 170: 442, 171: 442, 172: 680, 173: 512, 174: 750, 175: 512, 176: 750, 177: 30, 178: 268, 179: 792, 180: 554, 181: 680, 182: 442, 183: 512, 184: 750, 185: 394, 186: 156, 187: 100, 188: 338, 189: 512, 190: 750, 191: 442, 192: 680, 193: 114, 194: 352, 195: 30, 196: 268, 197: 414, 198: 652, 199: 708, 200: 470}
Number of lables used:  30
Time taken: 0.30 seconds
Memory used: 32.90 MB
--------------------------------------------------

Trying with at most 29 labels...
Solution:
{1: 268, 2: 30, 3: 652, 4: 414, 5: 380, 6: 142, 7: 680, 8: 442, 9: 366, 10: 128, 11: 16, 12: 254, 13: 708, 14: 470, 15: 324, 16: 86, 17: 142, 18: 380, 19: 652, 20: 414, 21: 414, 22: 652, 23: 750, 24: 512, 25: 442, 26: 680, 27: 128, 28: 366, 29: 30, 30: 268, 31: 142, 32: 380, 33: 512, 34: 750, 35: 442, 36: 680, 37: 128, 38: 366, 39: 86, 40: 324, 41: 86, 42: 324, 43: 142, 44: 380, 45: 310, 46: 72, 47: 58, 48: 296, 49: 414, 50: 652, 51: 30, 52: 268, 53: 142, 54: 380, 55: 86, 56: 324, 57: 72, 58: 310, 59: 442, 60: 680, 61: 30, 62: 268, 63: 16, 64: 254, 65: 750, 66: 512, 67: 128, 68: 366, 69: 86, 70: 324, 71: 268, 72: 30, 73: 86, 74: 324, 75: 512, 76: 750, 77: 750, 78: 512, 79: 380, 80: 142, 81: 72, 82: 310, 83: 16, 84: 254, 85: 30, 86: 268, 87: 680, 88: 442, 89: 380, 90: 142, 91: 142, 92: 380, 93: 792, 94: 554, 95: 442, 96: 680, 97: 442, 98: 680, 99: 380, 100: 142, 101: 338, 102: 100, 103: 750, 104: 512, 105: 100, 106: 338, 107: 366, 108: 128, 109: 750, 110: 512, 111: 708, 112: 470, 113: 792, 114: 554, 115: 470, 116: 708, 117: 296, 118: 58, 119: 100, 120: 338, 121: 142, 122: 380, 123: 128, 124: 366, 125: 680, 126: 442, 127: 72, 128: 310, 129: 240, 130: 478, 131: 338, 132: 100, 133: 414, 134: 652, 135: 30, 136: 268, 137: 708, 138: 470, 139: 310, 140: 72, 141: 380, 142: 142, 143: 750, 144: 512, 145: 708, 146: 470, 147: 792, 148: 554, 149: 380, 150: 142, 151: 652, 152: 414, 153: 296, 154: 58, 155: 792, 156: 554, 157: 142, 158: 380, 159: 58, 160: 296, 161: 750, 162: 512, 163: 512, 164: 750, 165: 100, 166: 338, 167: 652, 168: 414, 169: 680, 170: 442, 171: 442, 172: 680, 173: 512, 174: 750, 175: 512, 176: 750, 177: 380, 178: 142, 179: 792, 180: 554, 181: 680, 182: 442, 183: 512, 184: 750, 185: 16, 186: 254, 187: 100, 188: 338, 189: 512, 190: 750, 191: 442, 192: 680, 193: 792, 194: 554, 195: 30, 196: 268, 197: 414, 198: 652, 199: 708, 200: 470}
Number of lables used:  28
Time taken: 0.31 seconds
Memory used: 33.03 MB
--------------------------------------------------

Trying with at most 27 labels...
Solution:
{1: 268, 2: 30, 3: 652, 4: 414, 5: 380, 6: 142, 7: 680, 8: 442, 9: 366, 10: 128, 11: 16, 12: 254, 13: 792, 14: 554, 15: 324, 16: 86, 17: 142, 18: 380, 19: 652, 20: 414, 21: 414, 22: 652, 23: 750, 24: 512, 25: 442, 26: 680, 27: 128, 28: 366, 29: 30, 30: 268, 31: 142, 32: 380, 33: 512, 34: 750, 35: 442, 36: 680, 37: 128, 38: 366, 39: 86, 40: 324, 41: 86, 42: 324, 43: 142, 44: 380, 45: 310, 46: 72, 47: 58, 48: 296, 49: 414, 50: 652, 51: 30, 52: 268, 53: 142, 54: 380, 55: 86, 56: 324, 57: 72, 58: 310, 59: 442, 60: 680, 61: 30, 62: 268, 63: 16, 64: 254, 65: 750, 66: 512, 67: 128, 68: 366, 69: 86, 70: 324, 71: 268, 72: 30, 73: 86, 74: 324, 75: 512, 76: 750, 77: 750, 78: 512, 79: 380, 80: 142, 81: 72, 82: 310, 83: 16, 84: 254, 85: 30, 86: 268, 87: 680, 88: 442, 89: 380, 90: 142, 91: 142, 92: 380, 93: 792, 94: 554, 95: 554, 96: 792, 97: 442, 98: 680, 99: 380, 100: 142, 101: 338, 102: 100, 103: 750, 104: 512, 105: 100, 106: 338, 107: 366, 108: 128, 109: 750, 110: 512, 111: 680, 112: 442, 113: 792, 114: 554, 115: 442, 116: 680, 117: 296, 118: 58, 119: 100, 120: 338, 121: 142, 122: 380, 123: 100, 124: 338, 125: 680, 126: 442, 127: 72, 128: 310, 129: 240, 130: 478, 131: 338, 132: 100, 133: 414, 134: 652, 135: 30, 136: 268, 137: 680, 138: 442, 139: 512, 140: 750, 141: 380, 142: 142, 143: 414, 144: 652, 145: 680, 146: 442, 147: 792, 148: 554, 149: 380, 150: 142, 151: 652, 152: 414, 153: 296, 154: 58, 155: 750, 156: 512, 157: 142, 158: 380, 159: 58, 160: 296, 161: 750, 162: 512, 163: 30, 164: 268, 165: 100, 166: 338, 167: 652, 168: 414, 169: 512, 170: 750, 171: 792, 172: 554, 173: 512, 174: 750, 175: 512, 176: 750, 177: 380, 178: 142, 179: 792, 180: 554, 181: 680, 182: 442, 183: 512, 184: 750, 185: 16, 186: 254, 187: 100, 188: 338, 189: 512, 190: 750, 191: 268, 192: 30, 193: 792, 194: 554, 195: 30, 196: 268, 197: 554, 198: 792, 199: 442, 200: 680}
Number of lables used:  26
Time taken: 0.31 seconds
Memory used: 33.03 MB
--------------------------------------------------

Trying with at most 25 labels...
Solution:
{1: 268, 2: 30, 3: 652, 4: 414, 5: 380, 6: 142, 7: 680, 8: 442, 9: 366, 10: 128, 11: 16, 12: 254, 13: 792, 14: 554, 15: 324, 16: 86, 17: 142, 18: 380, 19: 652, 20: 414, 21: 414, 22: 652, 23: 750, 24: 512, 25: 442, 26: 680, 27: 128, 28: 366, 29: 30, 30: 268, 31: 142, 32: 380, 33: 512, 34: 750, 35: 652, 36: 414, 37: 128, 38: 366, 39: 86, 40: 324, 41: 86, 42: 324, 43: 142, 44: 380, 45: 310, 46: 72, 47: 58, 48: 296, 49: 680, 50: 442, 51: 30, 52: 268, 53: 142, 54: 380, 55: 86, 56: 324, 57: 72, 58: 310, 59: 442, 60: 680, 61: 30, 62: 268, 63: 16, 64: 254, 65: 750, 66: 512, 67: 128, 68: 366, 69: 86, 70: 324, 71: 268, 72: 30, 73: 86, 74: 324, 75: 512, 76: 750, 77: 750, 78: 512, 79: 380, 80: 142, 81: 72, 82: 310, 83: 16, 84: 254, 85: 30, 86: 268, 87: 680, 88: 442, 89: 380, 90: 142, 91: 142, 92: 380, 93: 792, 94: 554, 95: 554, 96: 792, 97: 442, 98: 680, 99: 380, 100: 142, 101: 142, 102: 380, 103: 750, 104: 512, 105: 310, 106: 72, 107: 366, 108: 128, 109: 750, 110: 512, 111: 680, 112: 442, 113: 792, 114: 554, 115: 442, 116: 680, 117: 296, 118: 58, 119: 128, 120: 366, 121: 142, 122: 380, 123: 86, 124: 324, 125: 680, 126: 442, 127: 72, 128: 310, 129: 240, 130: 478, 131: 366, 132: 128, 133: 414, 134: 652, 135: 30, 136: 268, 137: 680, 138: 442, 139: 512, 140: 750, 141: 380, 142: 142, 143: 414, 144: 652, 145: 680, 146: 442, 147: 792, 148: 554, 149: 380, 150: 142, 151: 652, 152: 414, 153: 296, 154: 58, 155: 750, 156: 512, 157: 142, 158: 380, 159: 58, 160: 296, 161: 750, 162: 512, 163: 30, 164: 268, 165: 16, 166: 254, 167: 652, 168: 414, 169: 512, 170: 750, 171: 792, 172: 554, 173: 512, 174: 750, 175: 512, 176: 750, 177: 380, 178: 142, 179: 792, 180: 554, 181: 680, 182: 442, 183: 512, 184: 750, 185: 324, 186: 86, 187: 86, 188: 324, 189: 512, 190: 750, 191: 268, 192: 30, 193: 792, 194: 554, 195: 30, 196: 268, 197: 554, 198: 792, 199: 442, 200: 680}
Number of lables used:  24
Time taken: 0.32 seconds
Memory used: 33.03 MB
--------------------------------------------------

Trying with at most 23 labels...
Solution:
{1: 268, 2: 30, 3: 652, 4: 414, 5: 380, 6: 142, 7: 680, 8: 442, 9: 366, 10: 128, 11: 16, 12: 254, 13: 792, 14: 554, 15: 324, 16: 86, 17: 142, 18: 380, 19: 652, 20: 414, 21: 414, 22: 652, 23: 750, 24: 512, 25: 442, 26: 680, 27: 128, 28: 366, 29: 30, 30: 268, 31: 86, 32: 324, 33: 792, 34: 554, 35: 652, 36: 414, 37: 128, 38: 366, 39: 86, 40: 324, 41: 310, 42: 72, 43: 142, 44: 380, 45: 128, 46: 366, 47: 792, 48: 554, 49: 680, 50: 442, 51: 30, 52: 268, 53: 142, 54: 380, 55: 86, 56: 324, 57: 414, 58: 652, 59: 442, 60: 680, 61: 30, 62: 268, 63: 16, 64: 254, 65: 680, 66: 442, 67: 128, 68: 366, 69: 652, 70: 414, 71: 268, 72: 30, 73: 86, 74: 324, 75: 512, 76: 750, 77: 750, 78: 512, 79: 380, 80: 142, 81: 72, 82: 310, 83: 16, 84: 254, 85: 30, 86: 268, 87: 142, 88: 380, 89: 380, 90: 142, 91: 680, 92: 442, 93: 792, 94: 554, 95: 554, 96: 792, 97: 442, 98: 680, 99: 652, 100: 414, 101: 142, 102: 380, 103: 750, 104: 512, 105: 310, 106: 72, 107: 366, 108: 128, 109: 142, 110: 380, 111: 680, 112: 442, 113: 792, 114: 554, 115: 442, 116: 680, 117: 296, 118: 58, 119: 128, 120: 366, 121: 142, 122: 380, 123: 86, 124: 324, 125: 72, 126: 310, 127: 72, 128: 310, 129: 142, 130: 380, 131: 512, 132: 750, 133: 414, 134: 652, 135: 30, 136: 268, 137: 680, 138: 442, 139: 512, 140: 750, 141: 442, 142: 680, 143: 324, 144: 86, 145: 680, 146: 442, 147: 554, 148: 792, 149: 380, 150: 142, 151: 750, 152: 512, 153: 296, 154: 58, 155: 750, 156: 512, 157: 142, 158: 380, 159: 58, 160: 296, 161: 750, 162: 512, 163: 30, 164: 268, 165: 16, 166: 254, 167: 750, 168: 512, 169: 366, 170: 128, 171: 792, 172: 554, 173: 512, 174: 750, 175: 512, 176: 750, 177: 380, 178: 142, 179: 554, 180: 792, 181: 680, 182: 442, 183: 512, 184: 750, 185: 324, 186: 86, 187: 86, 188: 324, 189: 792, 190: 554, 191: 268, 192: 30, 193: 652, 194: 414, 195: 30, 196: 268, 197: 442, 198: 680, 199: 512, 200: 750}
Number of lables used:  22
Time taken: 0.32 seconds
Memory used: 33.08 MB
--------------------------------------------------

Trying with at most 21 labels...
Solution:
{1: 792, 2: 554, 3: 652, 4: 414, 5: 380, 6: 142, 7: 680, 8: 442, 9: 366, 10: 128, 11: 128, 12: 366, 13: 58, 14: 296, 15: 324, 16: 86, 17: 142, 18: 380, 19: 652, 20: 414, 21: 414, 22: 652, 23: 750, 24: 512, 25: 442, 26: 680, 27: 128, 28: 366, 29: 16, 30: 254, 31: 86, 32: 324, 33: 792, 34: 554, 35: 652, 36: 414, 37: 128, 38: 366, 39: 86, 40: 324, 41: 310, 42: 72, 43: 142, 44: 380, 45: 128, 46: 366, 47: 792, 48: 554, 49: 680, 50: 442, 51: 16, 52: 254, 53: 86, 54: 324, 55: 86, 56: 324, 57: 414, 58: 652, 59: 442, 60: 680, 61: 680, 62: 442, 63: 16, 64: 254, 65: 680, 66: 442, 67: 128, 68: 366, 69: 16, 70: 254, 71: 254, 72: 16, 73: 86, 74: 324, 75: 512, 76: 750, 77: 750, 78: 512, 79: 380, 80: 142, 81: 72, 82: 310, 83: 16, 84: 254, 85: 58, 86: 296, 87: 142, 88: 380, 89: 380, 90: 142, 91: 680, 92: 442, 93: 792, 94: 554, 95: 554, 96: 792, 97: 442, 98: 680, 99: 652, 100: 414, 101: 142, 102: 380, 103: 750, 104: 512, 105: 310, 106: 72, 107: 366, 108: 128, 109: 142, 110: 380, 111: 680, 112: 442, 113: 792, 114: 554, 115: 442, 116: 680, 117: 296, 118: 58, 119: 128, 120: 366, 121: 142, 122: 380, 123: 86, 124: 324, 125: 72, 126: 310, 127: 72, 128: 310, 129: 142, 130: 380, 131: 512, 132: 750, 133: 414, 134: 652, 135: 414, 136: 652, 137: 680, 138: 442, 139: 512, 140: 750, 141: 442, 142: 680, 143: 324, 144: 86, 145: 680, 146: 442, 147: 554, 148: 792, 149: 380, 150: 142, 151: 750, 152: 512, 153: 296, 154: 58, 155: 750, 156: 512, 157: 142, 158: 380, 159: 58, 160: 296, 161: 750, 162: 512, 163: 16, 164: 254, 165: 16, 166: 254, 167: 750, 168: 512, 169: 366, 170: 128, 171: 792, 172: 554, 173: 512, 174: 750, 175: 512, 176: 750, 177: 380, 178: 142, 179: 554, 180: 792, 181: 680, 182: 442, 183: 512, 184: 750, 185: 324, 186: 86, 187: 380, 188: 142, 189: 792, 190: 554, 191: 254, 192: 16, 193: 652, 194: 414, 195: 380, 196: 142, 197: 442, 198: 680, 199: 512, 200: 750}
Number of lables used:  20
Time taken: 0.32 seconds
Memory used: 33.08 MB
--------------------------------------------------

Trying with at most 19 labels...
Solution:
{1: 442, 2: 680, 3: 652, 4: 414, 5: 380, 6: 142, 7: 680, 8: 442, 9: 142, 10: 380, 11: 128, 12: 366, 13: 16, 14: 254, 15: 16, 16: 254, 17: 142, 18: 380, 19: 652, 20: 414, 21: 414, 22: 652, 23: 750, 24: 512, 25: 86, 26: 324, 27: 128, 28: 366, 29: 72, 30: 310, 31: 86, 32: 324, 33: 792, 34: 554, 35: 652, 36: 414, 37: 128, 38: 366, 39: 86, 40: 324, 41: 512, 42: 750, 43: 142, 44: 380, 45: 652, 46: 414, 47: 792, 48: 554, 49: 680, 50: 442, 51: 16, 52: 254, 53: 16, 54: 254, 55: 86, 56: 324, 57: 414, 58: 652, 59: 442, 60: 680, 61: 680, 62: 442, 63: 750, 64: 512, 65: 680, 66: 442, 67: 128, 68: 366, 69: 16, 70: 254, 71: 254, 72: 16, 73: 86, 74: 324, 75: 512, 76: 750, 77: 750, 78: 512, 79: 380, 80: 142, 81: 72, 82: 310, 83: 16, 84: 254, 85: 72, 86: 310, 87: 142, 88: 380, 89: 128, 90: 366, 91: 680, 92: 442, 93: 792, 94: 554, 95: 554, 96: 792, 97: 792, 98: 554, 99: 750, 100: 512, 101: 142, 102: 380, 103: 750, 104: 512, 105: 310, 106: 72, 107: 366, 108: 128, 109: 142, 110: 380, 111: 554, 112: 792, 113: 792, 114: 554, 115: 72, 116: 310, 117: 72, 118: 310, 119: 128, 120: 366, 121: 142, 122: 380, 123: 128, 124: 366, 125: 72, 126: 310, 127: 72, 128: 310, 129: 142, 130: 380, 131: 512, 132: 750, 133: 414, 134: 652, 135: 414, 136: 652, 137: 680, 138: 442, 139: 512, 140: 750, 141: 442, 142: 680, 143: 324, 144: 86, 145: 680, 146: 442, 147: 254, 148: 16, 149: 380, 150: 142, 151: 86, 152: 324, 153: 680, 154: 442, 155: 750, 156: 512, 157: 142, 158: 380, 159: 16, 160: 254, 161: 750, 162: 512, 163: 16, 164: 254, 165: 16, 166: 254, 167: 652, 168: 414, 169: 366, 170: 128, 171: 792, 172: 554, 173: 512, 174: 750, 175: 310, 176: 72, 177: 380, 178: 142, 179: 554, 180: 792, 181: 680, 182: 442, 183: 512, 184: 750, 185: 324, 186: 86, 187: 324, 188: 86, 189: 792, 190: 554, 191: 254, 192: 16, 193: 652, 194: 414, 195: 86, 196: 324, 197: 442, 198: 680, 199: 512, 200: 750}
Number of lables used:  18
Time taken: 0.33 seconds
Memory used: 33.08 MB
--------------------------------------------------

Trying with at most 17 labels...
Solution:
{1: 282, 2: 44, 3: 554, 4: 792, 5: 554, 6: 792, 7: 470, 8: 708, 9: 282, 10: 44, 11: 142, 12: 380, 13: 792, 14: 554, 15: 366, 16: 128, 17: 16, 18: 254, 19: 428, 20: 666, 21: 380, 22: 142, 23: 708, 24: 470, 25: 380, 26: 142, 27: 310, 28: 72, 29: 310, 30: 72, 31: 792, 32: 554, 33: 72, 34: 310, 35: 282, 36: 44, 37: 44, 38: 282, 39: 282, 40: 44, 41: 282, 42: 44, 43: 16, 44: 254, 45: 128, 46: 366, 47: 44, 48: 282, 49: 254, 50: 16, 51: 44, 52: 282, 53: 128, 54: 366, 55: 792, 56: 554, 57: 554, 58: 792, 59: 380, 60: 142, 61: 128, 62: 366, 63: 16, 64: 254, 65: 666, 66: 428, 67: 380, 68: 142, 69: 470, 70: 708, 71: 16, 72: 254, 73: 666, 74: 428, 75: 44, 76: 282, 77: 666, 78: 428, 79: 142, 80: 380, 81: 666, 82: 428, 83: 128, 84: 366, 85: 128, 86: 366, 87: 142, 88: 380, 89: 380, 90: 142, 91: 380, 92: 142, 93: 666, 94: 428, 95: 428, 96: 666, 97: 72, 98: 310, 99: 44, 100: 282, 101: 470, 102: 708, 103: 470, 104: 708, 105: 142, 106: 380, 107: 254, 108: 16, 109: 428, 110: 666, 111: 128, 112: 366, 113: 380, 114: 142, 115: 792, 116: 554, 117: 792, 118: 554, 119: 72, 120: 310, 121: 708, 122: 470, 123: 72, 124: 310, 125: 708, 126: 470, 127: 708, 128: 470, 129: 142, 130: 380, 131: 470, 132: 708, 133: 792, 134: 554, 135: 72, 136: 310, 137: 142, 138: 380, 139: 380, 140: 142, 141: 282, 142: 44, 143: 428, 144: 666, 145: 708, 146: 470, 147: 470, 148: 708, 149: 366, 150: 128, 151: 792, 152: 554, 153: 666, 154: 428, 155: 666, 156: 428, 157: 428, 158: 666, 159: 708, 160: 470, 161: 366, 162: 128, 163: 554, 164: 792, 165: 792, 166: 554, 167: 470, 168: 708, 169: 470, 170: 708, 171: 16, 172: 254, 173: 254, 174: 16, 175: 44, 176: 282, 177: 666, 178: 428, 179: 792, 180: 554, 181: 142, 182: 380, 183: 554, 184: 792, 185: 366, 186: 128, 187: 366, 188: 128, 189: 792, 190: 554, 191: 554, 192: 792, 193: 708, 194: 470, 195: 72, 196: 310, 197: 254, 198: 16, 199: 142, 200: 380}
Number of lables used:  16
Time taken: 0.42 seconds
Memory used: 36.70 MB
--------------------------------------------------

Trying with at most 15 labels...
Solution:
{1: 282, 2: 44, 3: 554, 4: 792, 5: 380, 6: 142, 7: 470, 8: 708, 9: 282, 10: 44, 11: 142, 12: 380, 13: 792, 14: 554, 15: 380, 16: 142, 17: 16, 18: 254, 19: 428, 20: 666, 21: 254, 22: 16, 23: 708, 24: 470, 25: 554, 26: 792, 27: 310, 28: 72, 29: 310, 30: 72, 31: 792, 32: 554, 33: 72, 34: 310, 35: 282, 36: 44, 37: 44, 38: 282, 39: 44, 40: 282, 41: 282, 42: 44, 43: 310, 44: 72, 45: 72, 46: 310, 47: 44, 48: 282, 49: 254, 50: 16, 51: 44, 52: 282, 53: 72, 54: 310, 55: 792, 56: 554, 57: 254, 58: 16, 59: 16, 60: 254, 61: 470, 62: 708, 63: 16, 64: 254, 65: 666, 66: 428, 67: 380, 68: 142, 69: 470, 70: 708, 71: 142, 72: 380, 73: 666, 74: 428, 75: 428, 76: 666, 77: 666, 78: 428, 79: 254, 80: 16, 81: 666, 82: 428, 83: 310, 84: 72, 85: 554, 86: 792, 87: 142, 88: 380, 89: 380, 90: 142, 91: 380, 92: 142, 93: 666, 94: 428, 95: 428, 96: 666, 97: 44, 98: 282, 99: 16, 100: 254, 101: 470, 102: 708, 103: 470, 104: 708, 105: 142, 106: 380, 107: 254, 108: 16, 109: 428, 110: 666, 111: 708, 112: 470, 113: 380, 114: 142, 115: 554, 116: 792, 117: 792, 118: 554, 119: 254, 120: 16, 121: 708, 122: 470, 123: 72, 124: 310, 125: 708, 126: 470, 127: 44, 128: 282, 129: 142, 130: 380, 131: 470, 132: 708, 133: 792, 134: 554, 135: 72, 136: 310, 137: 310, 138: 72, 139: 380, 140: 142, 141: 310, 142: 72, 143: 428, 144: 666, 145: 708, 146: 470, 147: 470, 148: 708, 149: 44, 150: 282, 151: 792, 152: 554, 153: 282, 154: 44, 155: 666, 156: 428, 157: 428, 158: 666, 159: 708, 160: 470, 161: 380, 162: 142, 163: 554, 164: 792, 165: 16, 166: 254, 167: 470, 168: 708, 169: 470, 170: 708, 171: 16, 172: 254, 173: 554, 174: 792, 175: 380, 176: 142, 177: 142, 178: 380, 179: 792, 180: 554, 181: 470, 182: 708, 183: 554, 184: 792, 185: 310, 186: 72, 187: 310, 188: 72, 189: 792, 190: 554, 191: 554, 192: 792, 193: 708, 194: 470, 195: 254, 196: 16, 197: 254, 198: 16, 199: 142, 200: 380}
Number of lables used:  14
Time taken: 0.43 seconds
Memory used: 36.70 MB
--------------------------------------------------

Trying with at most 13 labels...
Solution:
{1: 268, 2: 30, 3: 380, 4: 142, 5: 428, 6: 666, 7: 498, 8: 736, 9: 338, 10: 100, 11: 380, 12: 142, 13: 736, 14: 498, 15: 338, 16: 100, 17: 142, 18: 380, 19: 498, 20: 736, 21: 268, 22: 30, 23: 142, 24: 380, 25: 142, 26: 380, 27: 30, 28: 268, 29: 554, 30: 792, 31: 100, 32: 338, 33: 554, 34: 792, 35: 142, 36: 380, 37: 428, 38: 666, 39: 428, 40: 666, 41: 30, 42: 268, 43: 100, 44: 338, 45: 100, 46: 338, 47: 792, 48: 554, 49: 666, 50: 428, 51: 666, 52: 428, 53: 736, 54: 498, 55: 554, 56: 792, 57: 142, 58: 380, 59: 792, 60: 554, 61: 338, 62: 100, 63: 30, 64: 268, 65: 736, 66: 498, 67: 100, 68: 338, 69: 792, 70: 554, 71: 666, 72: 428, 73: 142, 74: 380, 75: 30, 76: 268, 77: 498, 78: 736, 79: 428, 80: 666, 81: 142, 82: 380, 83: 498, 84: 736, 85: 100, 86: 338, 87: 142, 88: 380, 89: 498, 90: 736, 91: 428, 92: 666, 93: 792, 94: 554, 95: 554, 96: 792, 97: 268, 98: 30, 99: 30, 100: 268, 101: 100, 102: 338, 103: 666, 104: 428, 105: 30, 106: 268, 107: 736, 108: 498, 109: 338, 110: 100, 111: 498, 112: 736, 113: 666, 114: 428, 115: 792, 116: 554, 117: 792, 118: 554, 119: 792, 120: 554, 121: 338, 122: 100, 123: 380, 124: 142, 125: 268, 126: 30, 127: 666, 128: 428, 129: 142, 130: 380, 131: 498, 132: 736, 133: 736, 134: 498, 135: 30, 136: 268, 137: 30, 138: 268, 139: 380, 140: 142, 141: 268, 142: 30, 143: 736, 144: 498, 145: 100, 146: 338, 147: 736, 148: 498, 149: 338, 150: 100, 151: 666, 152: 428, 153: 268, 154: 30, 155: 30, 156: 268, 157: 736, 158: 498, 159: 792, 160: 554, 161: 736, 162: 498, 163: 268, 164: 30, 165: 792, 166: 554, 167: 428, 168: 666, 169: 792, 170: 554, 171: 498, 172: 736, 173: 100, 174: 338, 175: 338, 176: 100, 177: 498, 178: 736, 179: 380, 180: 142, 181: 338, 182: 100, 183: 100, 184: 338, 185: 142, 186: 380, 187: 142, 188: 380, 189: 554, 190: 792, 191: 554, 192: 792, 193: 380, 194: 142, 195: 380, 196: 142, 197: 428, 198: 666, 199: 268, 200: 30}
Number of lables used:  12
Time taken: 0.44 seconds
Memory used: 36.76 MB
--------------------------------------------------

Trying with at most 11 labels...
Cannot find solution.
No more solutions found.
Optimal number of labels used:  12
Time taken: 2.74 seconds
Memory used: 43.43 MB
[runlim] end:			Wed Mar 25 21:11:13 2026
[runlim] status:		ok
[runlim] result:		0
[runlim] children:		1
[runlim] processes:		2
[runlim] real:			2.78 seconds
[runlim] time:			2.70 seconds
[runlim] space:			46 MB
[runlim] load:			1.02 maximum
[runlim] samples:		28
