[runlim] version:		2.0.0rc12
[runlim] host:			ap-Precision-7550
[runlim] time limit:		311040000 seconds
[runlim] real time limit:	600 seconds
[runlim] space limit:		14000 MB
[runlim] argv[0]:		python3
[runlim] argv[1]:		-u
[runlim] argv[2]:		main.py
[runlim] argv[3]:		TUD200.3
[runlim] argv[4]:		nsc
[runlim] argv[5]:		assumptions
[runlim] argv[6]:		cadical195
[runlim] start:			Wed Mar 25 21:11:14 2026
[runlim] child:			21803
Solve first problem:
Solution:
{1: 526, 2: 764, 3: 442, 4: 680, 5: 414, 6: 652, 7: 352, 8: 114, 9: 442, 10: 680, 11: 142, 12: 380, 13: 16, 14: 254, 15: 86, 16: 324, 17: 408, 18: 170, 19: 708, 20: 470, 21: 526, 22: 764, 23: 778, 24: 540, 25: 282, 26: 44, 27: 58, 28: 296, 29: 394, 30: 156, 31: 366, 32: 128, 33: 456, 34: 694, 35: 694, 36: 456, 37: 156, 38: 394, 39: 142, 40: 380, 41: 86, 42: 324, 43: 540, 44: 778, 45: 484, 46: 722, 47: 282, 48: 44, 49: 554, 50: 792, 51: 428, 52: 666, 53: 470, 54: 708, 55: 394, 56: 156, 57: 708, 58: 470, 59: 100, 60: 338, 61: 324, 62: 86, 63: 156, 64: 394, 65: 680, 66: 442, 67: 456, 68: 694, 69: 114, 70: 352, 71: 512, 72: 750, 73: 142, 74: 380, 75: 442, 76: 680, 77: 156, 78: 394, 79: 142, 80: 380, 81: 554, 82: 792, 83: 512, 84: 750, 85: 526, 86: 764, 87: 652, 88: 414, 89: 44, 90: 282, 91: 554, 92: 792, 93: 58, 94: 296, 95: 30, 96: 268, 97: 478, 98: 240, 99: 478, 100: 240, 101: 666, 102: 428, 103: 484, 104: 722, 105: 498, 106: 736, 107: 554, 108: 792, 109: 394, 110: 156, 111: 540, 112: 778, 113: 86, 114: 324, 115: 142, 116: 380, 117: 100, 118: 338, 119: 72, 120: 310, 121: 380, 122: 142, 123: 512, 124: 750, 125: 764, 126: 526, 127: 736, 128: 498, 129: 456, 130: 694, 131: 240, 132: 478, 133: 498, 134: 736, 135: 554, 136: 792, 137: 652, 138: 414, 139: 554, 140: 792, 141: 498, 142: 736, 143: 512, 144: 750, 145: 86, 146: 324, 147: 694, 148: 456, 149: 428, 150: 666, 151: 792, 152: 554, 153: 156, 154: 394, 155: 394, 156: 156, 157: 540, 158: 778, 159: 512, 160: 750, 161: 554, 162: 792, 163: 554, 164: 792, 165: 394, 166: 156, 167: 428, 168: 666, 169: 498, 170: 736, 171: 554, 172: 792, 173: 442, 174: 680, 175: 470, 176: 708, 177: 428, 178: 666, 179: 170, 180: 408, 181: 792, 182: 554, 183: 498, 184: 736, 185: 484, 186: 722, 187: 792, 188: 554, 189: 498, 190: 736, 191: 540, 192: 778, 193: 484, 194: 722, 195: 72, 196: 310, 197: 526, 198: 764, 199: 554, 200: 792}
Number of lables used:  48
Time taken: 0.31 seconds
Memory used: 29.81 MB
--------------------------------------------------

Trying with at most 47 labels...
Solution:
{1: 526, 2: 764, 3: 442, 4: 680, 5: 414, 6: 652, 7: 352, 8: 114, 9: 442, 10: 680, 11: 142, 12: 380, 13: 16, 14: 254, 15: 86, 16: 324, 17: 408, 18: 170, 19: 708, 20: 470, 21: 526, 22: 764, 23: 778, 24: 540, 25: 282, 26: 44, 27: 58, 28: 296, 29: 394, 30: 156, 31: 366, 32: 128, 33: 456, 34: 694, 35: 694, 36: 456, 37: 128, 38: 366, 39: 142, 40: 380, 41: 86, 42: 324, 43: 540, 44: 778, 45: 484, 46: 722, 47: 282, 48: 44, 49: 380, 50: 142, 51: 428, 52: 666, 53: 470, 54: 708, 55: 394, 56: 156, 57: 708, 58: 470, 59: 100, 60: 338, 61: 324, 62: 86, 63: 156, 64: 394, 65: 680, 66: 442, 67: 456, 68: 694, 69: 114, 70: 352, 71: 512, 72: 750, 73: 142, 74: 380, 75: 442, 76: 680, 77: 156, 78: 394, 79: 142, 80: 380, 81: 58, 82: 296, 83: 512, 84: 750, 85: 540, 86: 778, 87: 652, 88: 414, 89: 254, 90: 16, 91: 456, 92: 694, 93: 58, 94: 296, 95: 30, 96: 268, 97: 478, 98: 240, 99: 478, 100: 240, 101: 666, 102: 428, 103: 484, 104: 722, 105: 498, 106: 736, 107: 526, 108: 764, 109: 394, 110: 156, 111: 540, 112: 778, 113: 86, 114: 324, 115: 142, 116: 380, 117: 100, 118: 338, 119: 44, 120: 282, 121: 380, 122: 142, 123: 512, 124: 750, 125: 764, 126: 526, 127: 540, 128: 778, 129: 456, 130: 694, 131: 240, 132: 478, 133: 498, 134: 736, 135: 470, 136: 708, 137: 268, 138: 30, 139: 652, 140: 414, 141: 498, 142: 736, 143: 484, 144: 722, 145: 86, 146: 324, 147: 498, 148: 736, 149: 86, 150: 324, 151: 414, 152: 652, 153: 100, 154: 338, 155: 394, 156: 156, 157: 540, 158: 778, 159: 512, 160: 750, 161: 778, 162: 540, 163: 470, 164: 708, 165: 366, 166: 128, 167: 414, 168: 652, 169: 778, 170: 540, 171: 526, 172: 764, 173: 442, 174: 680, 175: 442, 176: 680, 177: 72, 178: 310, 179: 170, 180: 408, 181: 778, 182: 540, 183: 778, 184: 540, 185: 484, 186: 722, 187: 484, 188: 722, 189: 764, 190: 526, 191: 540, 192: 778, 193: 470, 194: 708, 195: 72, 196: 310, 197: 540, 198: 778, 199: 512, 200: 750}
Number of lables used:  46
--------------------------------------------------

Trying with at most 45 labels...
Solution:
{1: 526, 2: 764, 3: 414, 4: 652, 5: 414, 6: 652, 7: 352, 8: 114, 9: 414, 10: 652, 11: 142, 12: 380, 13: 16, 14: 254, 15: 86, 16: 324, 17: 408, 18: 170, 19: 708, 20: 470, 21: 526, 22: 764, 23: 778, 24: 540, 25: 282, 26: 44, 27: 58, 28: 296, 29: 394, 30: 156, 31: 366, 32: 128, 33: 456, 34: 694, 35: 694, 36: 456, 37: 128, 38: 366, 39: 142, 40: 380, 41: 86, 42: 324, 43: 540, 44: 778, 45: 484, 46: 722, 47: 282, 48: 44, 49: 380, 50: 142, 51: 428, 52: 666, 53: 470, 54: 708, 55: 394, 56: 156, 57: 708, 58: 470, 59: 100, 60: 338, 61: 324, 62: 86, 63: 156, 64: 394, 65: 666, 66: 428, 67: 456, 68: 694, 69: 114, 70: 352, 71: 512, 72: 750, 73: 142, 74: 380, 75: 428, 76: 666, 77: 156, 78: 394, 79: 142, 80: 380, 81: 58, 82: 296, 83: 512, 84: 750, 85: 540, 86: 778, 87: 652, 88: 414, 89: 254, 90: 16, 91: 456, 92: 694, 93: 58, 94: 296, 95: 30, 96: 268, 97: 478, 98: 240, 99: 478, 100: 240, 101: 666, 102: 428, 103: 484, 104: 722, 105: 498, 106: 736, 107: 526, 108: 764, 109: 394, 110: 156, 111: 540, 112: 778, 113: 86, 114: 324, 115: 142, 116: 380, 117: 100, 118: 338, 119: 44, 120: 282, 121: 380, 122: 142, 123: 512, 124: 750, 125: 764, 126: 526, 127: 540, 128: 778, 129: 456, 130: 694, 131: 240, 132: 478, 133: 498, 134: 736, 135: 470, 136: 708, 137: 268, 138: 30, 139: 652, 140: 414, 141: 498, 142: 736, 143: 484, 144: 722, 145: 86, 146: 324, 147: 498, 148: 736, 149: 86, 150: 324, 151: 414, 152: 652, 153: 100, 154: 338, 155: 394, 156: 156, 157: 540, 158: 778, 159: 512, 160: 750, 161: 778, 162: 540, 163: 470, 164: 708, 165: 366, 166: 128, 167: 414, 168: 652, 169: 778, 170: 540, 171: 526, 172: 764, 173: 428, 174: 666, 175: 394, 176: 156, 177: 72, 178: 310, 179: 170, 180: 408, 181: 778, 182: 540, 183: 778, 184: 540, 185: 484, 186: 722, 187: 484, 188: 722, 189: 764, 190: 526, 191: 540, 192: 778, 193: 470, 194: 708, 195: 72, 196: 310, 197: 540, 198: 778, 199: 512, 200: 750}
Number of lables used:  44
Time taken: 0.33 seconds
Memory used: 31.08 MB
--------------------------------------------------

Trying with at most 43 labels...
Solution:
{1: 526, 2: 764, 3: 414, 4: 652, 5: 414, 6: 652, 7: 352, 8: 114, 9: 414, 10: 652, 11: 142, 12: 380, 13: 16, 14: 254, 15: 86, 16: 324, 17: 142, 18: 380, 19: 708, 20: 470, 21: 526, 22: 764, 23: 778, 24: 540, 25: 282, 26: 44, 27: 58, 28: 296, 29: 394, 30: 156, 31: 366, 32: 128, 33: 456, 34: 694, 35: 694, 36: 456, 37: 128, 38: 366, 39: 142, 40: 380, 41: 86, 42: 324, 43: 540, 44: 778, 45: 484, 46: 722, 47: 282, 48: 44, 49: 380, 50: 142, 51: 428, 52: 666, 53: 470, 54: 708, 55: 394, 56: 156, 57: 708, 58: 470, 59: 100, 60: 338, 61: 324, 62: 86, 63: 156, 64: 394, 65: 666, 66: 428, 67: 456, 68: 694, 69: 114, 70: 352, 71: 512, 72: 750, 73: 142, 74: 380, 75: 428, 76: 666, 77: 156, 78: 394, 79: 142, 80: 380, 81: 58, 82: 296, 83: 512, 84: 750, 85: 540, 86: 778, 87: 652, 88: 414, 89: 254, 90: 16, 91: 456, 92: 694, 93: 58, 94: 296, 95: 30, 96: 268, 97: 478, 98: 240, 99: 478, 100: 240, 101: 666, 102: 428, 103: 484, 104: 722, 105: 498, 106: 736, 107: 526, 108: 764, 109: 394, 110: 156, 111: 540, 112: 778, 113: 86, 114: 324, 115: 142, 116: 380, 117: 100, 118: 338, 119: 44, 120: 282, 121: 380, 122: 142, 123: 512, 124: 750, 125: 764, 126: 526, 127: 540, 128: 778, 129: 456, 130: 694, 131: 240, 132: 478, 133: 498, 134: 736, 135: 470, 136: 708, 137: 268, 138: 30, 139: 652, 140: 414, 141: 498, 142: 736, 143: 484, 144: 722, 145: 86, 146: 324, 147: 498, 148: 736, 149: 86, 150: 324, 151: 414, 152: 652, 153: 100, 154: 338, 155: 394, 156: 156, 157: 540, 158: 778, 159: 512, 160: 750, 161: 778, 162: 540, 163: 470, 164: 708, 165: 366, 166: 128, 167: 414, 168: 652, 169: 778, 170: 540, 171: 526, 172: 764, 173: 428, 174: 666, 175: 394, 176: 156, 177: 72, 178: 310, 179: 240, 180: 478, 181: 778, 182: 540, 183: 778, 184: 540, 185: 484, 186: 722, 187: 484, 188: 722, 189: 764, 190: 526, 191: 540, 192: 778, 193: 470, 194: 708, 195: 72, 196: 310, 197: 540, 198: 778, 199: 512, 200: 750}
Number of lables used:  42
Time taken: 0.33 seconds
Memory used: 31.20 MB
--------------------------------------------------

Trying with at most 41 labels...
Solution:
{1: 526, 2: 764, 3: 414, 4: 652, 5: 414, 6: 652, 7: 352, 8: 114, 9: 414, 10: 652, 11: 142, 12: 380, 13: 526, 14: 764, 15: 86, 16: 324, 17: 142, 18: 380, 19: 708, 20: 470, 21: 526, 22: 764, 23: 778, 24: 540, 25: 282, 26: 44, 27: 58, 28: 296, 29: 394, 30: 156, 31: 366, 32: 128, 33: 456, 34: 694, 35: 694, 36: 456, 37: 128, 38: 366, 39: 142, 40: 380, 41: 86, 42: 324, 43: 540, 44: 778, 45: 484, 46: 722, 47: 282, 48: 44, 49: 380, 50: 142, 51: 428, 52: 666, 53: 470, 54: 708, 55: 394, 56: 156, 57: 708, 58: 470, 59: 100, 60: 338, 61: 324, 62: 86, 63: 156, 64: 394, 65: 666, 66: 428, 67: 268, 68: 30, 69: 114, 70: 352, 71: 512, 72: 750, 73: 142, 74: 380, 75: 428, 76: 666, 77: 156, 78: 394, 79: 142, 80: 380, 81: 58, 82: 296, 83: 512, 84: 750, 85: 540, 86: 778, 87: 652, 88: 414, 89: 268, 90: 30, 91: 456, 92: 694, 93: 58, 94: 296, 95: 30, 96: 268, 97: 478, 98: 240, 99: 478, 100: 240, 101: 666, 102: 428, 103: 484, 104: 722, 105: 498, 106: 736, 107: 526, 108: 764, 109: 394, 110: 156, 111: 540, 112: 778, 113: 86, 114: 324, 115: 142, 116: 380, 117: 100, 118: 338, 119: 44, 120: 282, 121: 380, 122: 142, 123: 512, 124: 750, 125: 764, 126: 526, 127: 540, 128: 778, 129: 456, 130: 694, 131: 240, 132: 478, 133: 456, 134: 694, 135: 470, 136: 708, 137: 268, 138: 30, 139: 652, 140: 414, 141: 498, 142: 736, 143: 484, 144: 722, 145: 86, 146: 324, 147: 498, 148: 736, 149: 86, 150: 324, 151: 414, 152: 652, 153: 352, 154: 114, 155: 394, 156: 156, 157: 540, 158: 778, 159: 470, 160: 708, 161: 778, 162: 540, 163: 512, 164: 750, 165: 366, 166: 128, 167: 414, 168: 652, 169: 778, 170: 540, 171: 526, 172: 764, 173: 750, 174: 512, 175: 394, 176: 156, 177: 72, 178: 310, 179: 240, 180: 478, 181: 778, 182: 540, 183: 428, 184: 666, 185: 456, 186: 694, 187: 484, 188: 722, 189: 764, 190: 526, 191: 540, 192: 778, 193: 470, 194: 708, 195: 72, 196: 310, 197: 540, 198: 778, 199: 512, 200: 750}
Number of lables used:  40
Time taken: 0.33 seconds
Memory used: 31.20 MB
--------------------------------------------------

Trying with at most 39 labels...
Solution:
{1: 526, 2: 764, 3: 414, 4: 652, 5: 414, 6: 652, 7: 352, 8: 114, 9: 414, 10: 652, 11: 142, 12: 380, 13: 526, 14: 764, 15: 86, 16: 324, 17: 142, 18: 380, 19: 694, 20: 456, 21: 526, 22: 764, 23: 778, 24: 540, 25: 282, 26: 44, 27: 58, 28: 296, 29: 394, 30: 156, 31: 366, 32: 128, 33: 58, 34: 296, 35: 694, 36: 456, 37: 128, 38: 366, 39: 142, 40: 380, 41: 86, 42: 324, 43: 540, 44: 778, 45: 484, 46: 722, 47: 282, 48: 44, 49: 380, 50: 142, 51: 428, 52: 666, 53: 456, 54: 694, 55: 394, 56: 156, 57: 652, 58: 414, 59: 100, 60: 338, 61: 324, 62: 86, 63: 156, 64: 394, 65: 666, 66: 428, 67: 268, 68: 30, 69: 114, 70: 352, 71: 512, 72: 750, 73: 142, 74: 380, 75: 142, 76: 380, 77: 156, 78: 394, 79: 142, 80: 380, 81: 58, 82: 296, 83: 512, 84: 750, 85: 540, 86: 778, 87: 652, 88: 414, 89: 268, 90: 30, 91: 456, 92: 694, 93: 58, 94: 296, 95: 30, 96: 268, 97: 478, 98: 240, 99: 478, 100: 240, 101: 666, 102: 428, 103: 484, 104: 722, 105: 498, 106: 736, 107: 526, 108: 764, 109: 394, 110: 156, 111: 540, 112: 778, 113: 86, 114: 324, 115: 142, 116: 380, 117: 100, 118: 338, 119: 44, 120: 282, 121: 380, 122: 142, 123: 512, 124: 750, 125: 764, 126: 526, 127: 540, 128: 778, 129: 456, 130: 694, 131: 240, 132: 478, 133: 456, 134: 694, 135: 456, 136: 694, 137: 268, 138: 30, 139: 652, 140: 414, 141: 498, 142: 736, 143: 484, 144: 722, 145: 86, 146: 324, 147: 498, 148: 736, 149: 86, 150: 324, 151: 414, 152: 652, 153: 352, 154: 114, 155: 394, 156: 156, 157: 540, 158: 778, 159: 456, 160: 694, 161: 778, 162: 540, 163: 512, 164: 750, 165: 366, 166: 128, 167: 414, 168: 652, 169: 778, 170: 540, 171: 526, 172: 764, 173: 750, 174: 512, 175: 394, 176: 156, 177: 72, 178: 310, 179: 240, 180: 478, 181: 778, 182: 540, 183: 428, 184: 666, 185: 456, 186: 694, 187: 484, 188: 722, 189: 764, 190: 526, 191: 540, 192: 778, 193: 456, 194: 694, 195: 72, 196: 310, 197: 540, 198: 778, 199: 512, 200: 750}
Number of lables used:  38
Time taken: 0.33 seconds
Memory used: 31.20 MB
--------------------------------------------------

Trying with at most 37 labels...
Solution:
{1: 526, 2: 764, 3: 414, 4: 652, 5: 414, 6: 652, 7: 352, 8: 114, 9: 414, 10: 652, 11: 240, 12: 478, 13: 526, 14: 764, 15: 58, 16: 296, 17: 142, 18: 380, 19: 694, 20: 456, 21: 526, 22: 764, 23: 778, 24: 540, 25: 282, 26: 44, 27: 58, 28: 296, 29: 394, 30: 156, 31: 366, 32: 128, 33: 58, 34: 296, 35: 380, 36: 142, 37: 128, 38: 366, 39: 142, 40: 380, 41: 72, 42: 310, 43: 540, 44: 778, 45: 338, 46: 100, 47: 282, 48: 44, 49: 380, 50: 142, 51: 428, 52: 666, 53: 456, 54: 694, 55: 394, 56: 156, 57: 652, 58: 414, 59: 100, 60: 338, 61: 310, 62: 72, 63: 156, 64: 394, 65: 666, 66: 428, 67: 268, 68: 30, 69: 114, 70: 352, 71: 512, 72: 750, 73: 142, 74: 380, 75: 142, 76: 380, 77: 156, 78: 394, 79: 142, 80: 380, 81: 58, 82: 296, 83: 512, 84: 750, 85: 540, 86: 778, 87: 652, 88: 414, 89: 254, 90: 16, 91: 456, 92: 694, 93: 58, 94: 296, 95: 30, 96: 268, 97: 478, 98: 240, 99: 478, 100: 240, 101: 666, 102: 428, 103: 30, 104: 268, 105: 352, 106: 114, 107: 526, 108: 764, 109: 380, 110: 142, 111: 540, 112: 778, 113: 100, 114: 338, 115: 142, 116: 380, 117: 100, 118: 338, 119: 44, 120: 282, 121: 380, 122: 142, 123: 512, 124: 750, 125: 764, 126: 526, 127: 554, 128: 792, 129: 456, 130: 694, 131: 240, 132: 478, 133: 456, 134: 694, 135: 456, 136: 694, 137: 268, 138: 30, 139: 652, 140: 414, 141: 428, 142: 666, 143: 456, 144: 694, 145: 72, 146: 310, 147: 512, 148: 750, 149: 72, 150: 310, 151: 414, 152: 652, 153: 352, 154: 114, 155: 394, 156: 156, 157: 540, 158: 778, 159: 456, 160: 694, 161: 778, 162: 540, 163: 512, 164: 750, 165: 366, 166: 128, 167: 414, 168: 652, 169: 778, 170: 540, 171: 526, 172: 764, 173: 750, 174: 512, 175: 394, 176: 156, 177: 72, 178: 310, 179: 240, 180: 478, 181: 778, 182: 540, 183: 540, 184: 778, 185: 456, 186: 694, 187: 456, 188: 694, 189: 764, 190: 526, 191: 540, 192: 778, 193: 456, 194: 694, 195: 72, 196: 310, 197: 540, 198: 778, 199: 512, 200: 750}
Number of lables used:  36
Time taken: 0.34 seconds
Memory used: 31.22 MB
--------------------------------------------------

Trying with at most 35 labels...
Solution:
{1: 526, 2: 764, 3: 414, 4: 652, 5: 414, 6: 652, 7: 352, 8: 114, 9: 414, 10: 652, 11: 240, 12: 478, 13: 526, 14: 764, 15: 58, 16: 296, 17: 142, 18: 380, 19: 694, 20: 456, 21: 526, 22: 764, 23: 778, 24: 540, 25: 282, 26: 44, 27: 58, 28: 296, 29: 394, 30: 156, 31: 366, 32: 128, 33: 58, 34: 296, 35: 380, 36: 142, 37: 128, 38: 366, 39: 142, 40: 380, 41: 72, 42: 310, 43: 540, 44: 778, 45: 338, 46: 100, 47: 282, 48: 44, 49: 380, 50: 142, 51: 456, 52: 694, 53: 456, 54: 694, 55: 394, 56: 156, 57: 652, 58: 414, 59: 100, 60: 338, 61: 310, 62: 72, 63: 156, 64: 394, 65: 652, 66: 414, 67: 268, 68: 30, 69: 114, 70: 352, 71: 512, 72: 750, 73: 142, 74: 380, 75: 142, 76: 380, 77: 156, 78: 394, 79: 142, 80: 380, 81: 58, 82: 296, 83: 512, 84: 750, 85: 540, 86: 778, 87: 652, 88: 414, 89: 254, 90: 16, 91: 456, 92: 694, 93: 58, 94: 296, 95: 30, 96: 268, 97: 478, 98: 240, 99: 478, 100: 240, 101: 652, 102: 414, 103: 30, 104: 268, 105: 352, 106: 114, 107: 526, 108: 764, 109: 380, 110: 142, 111: 540, 112: 778, 113: 100, 114: 338, 115: 142, 116: 380, 117: 100, 118: 338, 119: 44, 120: 282, 121: 380, 122: 142, 123: 512, 124: 750, 125: 764, 126: 526, 127: 554, 128: 792, 129: 456, 130: 694, 131: 240, 132: 478, 133: 456, 134: 694, 135: 456, 136: 694, 137: 268, 138: 30, 139: 652, 140: 414, 141: 268, 142: 30, 143: 456, 144: 694, 145: 72, 146: 310, 147: 512, 148: 750, 149: 72, 150: 310, 151: 414, 152: 652, 153: 352, 154: 114, 155: 394, 156: 156, 157: 540, 158: 778, 159: 456, 160: 694, 161: 778, 162: 540, 163: 512, 164: 750, 165: 366, 166: 128, 167: 414, 168: 652, 169: 778, 170: 540, 171: 526, 172: 764, 173: 750, 174: 512, 175: 394, 176: 156, 177: 72, 178: 310, 179: 240, 180: 478, 181: 778, 182: 540, 183: 540, 184: 778, 185: 456, 186: 694, 187: 456, 188: 694, 189: 764, 190: 526, 191: 540, 192: 778, 193: 456, 194: 694, 195: 72, 196: 310, 197: 540, 198: 778, 199: 512, 200: 750}
Number of lables used:  34
Time taken: 0.34 seconds
Memory used: 31.22 MB
--------------------------------------------------

Trying with at most 33 labels...
Solution:
{1: 540, 2: 778, 3: 414, 4: 652, 5: 414, 6: 652, 7: 352, 8: 114, 9: 414, 10: 652, 11: 240, 12: 478, 13: 16, 14: 254, 15: 58, 16: 296, 17: 142, 18: 380, 19: 694, 20: 456, 21: 512, 22: 750, 23: 778, 24: 540, 25: 282, 26: 44, 27: 58, 28: 296, 29: 394, 30: 156, 31: 366, 32: 128, 33: 58, 34: 296, 35: 380, 36: 142, 37: 128, 38: 366, 39: 142, 40: 380, 41: 72, 42: 310, 43: 540, 44: 778, 45: 338, 46: 100, 47: 282, 48: 44, 49: 380, 50: 142, 51: 456, 52: 694, 53: 456, 54: 694, 55: 394, 56: 156, 57: 652, 58: 414, 59: 100, 60: 338, 61: 310, 62: 72, 63: 156, 64: 394, 65: 652, 66: 414, 67: 268, 68: 30, 69: 114, 70: 352, 71: 512, 72: 750, 73: 142, 74: 380, 75: 142, 76: 380, 77: 156, 78: 394, 79: 142, 80: 380, 81: 58, 82: 296, 83: 512, 84: 750, 85: 540, 86: 778, 87: 652, 88: 414, 89: 254, 90: 16, 91: 540, 92: 778, 93: 58, 94: 296, 95: 30, 96: 268, 97: 478, 98: 240, 99: 478, 100: 240, 101: 652, 102: 414, 103: 30, 104: 268, 105: 352, 106: 114, 107: 512, 108: 750, 109: 380, 110: 142, 111: 540, 112: 778, 113: 100, 114: 338, 115: 142, 116: 380, 117: 100, 118: 338, 119: 44, 120: 282, 121: 380, 122: 142, 123: 512, 124: 750, 125: 540, 126: 778, 127: 554, 128: 792, 129: 268, 130: 30, 131: 240, 132: 478, 133: 456, 134: 694, 135: 456, 136: 694, 137: 268, 138: 30, 139: 652, 140: 414, 141: 268, 142: 30, 143: 456, 144: 694, 145: 72, 146: 310, 147: 512, 148: 750, 149: 72, 150: 310, 151: 414, 152: 652, 153: 352, 154: 114, 155: 394, 156: 156, 157: 540, 158: 778, 159: 456, 160: 694, 161: 778, 162: 540, 163: 512, 164: 750, 165: 366, 166: 128, 167: 414, 168: 652, 169: 778, 170: 540, 171: 554, 172: 792, 173: 750, 174: 512, 175: 394, 176: 156, 177: 72, 178: 310, 179: 240, 180: 478, 181: 778, 182: 540, 183: 540, 184: 778, 185: 456, 186: 694, 187: 456, 188: 694, 189: 694, 190: 456, 191: 540, 192: 778, 193: 456, 194: 694, 195: 72, 196: 310, 197: 540, 198: 778, 199: 512, 200: 750}
Number of lables used:  32
Time taken: 0.34 seconds
Memory used: 31.22 MB
--------------------------------------------------

Trying with at most 31 labels...
Solution:
{1: 484, 2: 722, 3: 792, 4: 554, 5: 44, 6: 282, 7: 554, 8: 792, 9: 114, 10: 352, 11: 142, 12: 380, 13: 554, 14: 792, 15: 792, 16: 554, 17: 478, 18: 240, 19: 540, 20: 778, 21: 44, 22: 282, 23: 778, 24: 540, 25: 296, 26: 58, 27: 722, 28: 484, 29: 366, 30: 128, 31: 352, 32: 114, 33: 58, 34: 296, 35: 380, 36: 142, 37: 694, 38: 456, 39: 128, 40: 366, 41: 58, 42: 296, 43: 30, 44: 268, 45: 428, 46: 666, 47: 694, 48: 456, 49: 352, 50: 114, 51: 456, 52: 694, 53: 142, 54: 380, 55: 380, 56: 142, 57: 30, 58: 268, 59: 100, 60: 338, 61: 296, 62: 58, 63: 512, 64: 750, 65: 114, 66: 352, 67: 268, 68: 30, 69: 100, 70: 338, 71: 512, 72: 750, 73: 366, 74: 128, 75: 114, 76: 352, 77: 142, 78: 380, 79: 30, 80: 268, 81: 58, 82: 296, 83: 512, 84: 750, 85: 512, 86: 750, 87: 666, 88: 428, 89: 554, 90: 792, 91: 540, 92: 778, 93: 58, 94: 296, 95: 380, 96: 142, 97: 380, 98: 142, 99: 142, 100: 380, 101: 128, 102: 366, 103: 268, 104: 30, 105: 778, 106: 540, 107: 512, 108: 750, 109: 554, 110: 792, 111: 540, 112: 778, 113: 694, 114: 456, 115: 792, 116: 554, 117: 778, 118: 540, 119: 484, 120: 722, 121: 240, 122: 478, 123: 512, 124: 750, 125: 428, 126: 666, 127: 554, 128: 792, 129: 792, 130: 554, 131: 142, 132: 380, 133: 456, 134: 694, 135: 282, 136: 44, 137: 268, 138: 30, 139: 778, 140: 540, 141: 268, 142: 30, 143: 722, 144: 484, 145: 44, 146: 282, 147: 512, 148: 750, 149: 58, 150: 296, 151: 428, 152: 666, 153: 540, 154: 778, 155: 366, 156: 128, 157: 456, 158: 694, 159: 456, 160: 694, 161: 666, 162: 428, 163: 282, 164: 44, 165: 30, 166: 268, 167: 778, 168: 540, 169: 792, 170: 554, 171: 114, 172: 352, 173: 750, 174: 512, 175: 30, 176: 268, 177: 58, 178: 296, 179: 240, 180: 478, 181: 694, 182: 456, 183: 540, 184: 778, 185: 484, 186: 722, 187: 352, 188: 114, 189: 666, 190: 428, 191: 484, 192: 722, 193: 142, 194: 380, 195: 296, 196: 58, 197: 428, 198: 666, 199: 512, 200: 750}
Number of lables used:  28
Time taken: 0.35 seconds
Memory used: 31.26 MB
--------------------------------------------------

Trying with at most 27 labels...
Solution:
{1: 484, 2: 722, 3: 792, 4: 554, 5: 44, 6: 282, 7: 554, 8: 792, 9: 114, 10: 352, 11: 142, 12: 380, 13: 554, 14: 792, 15: 792, 16: 554, 17: 478, 18: 240, 19: 540, 20: 778, 21: 30, 22: 268, 23: 778, 24: 540, 25: 268, 26: 30, 27: 722, 28: 484, 29: 366, 30: 128, 31: 352, 32: 114, 33: 58, 34: 296, 35: 380, 36: 142, 37: 694, 38: 456, 39: 128, 40: 366, 41: 44, 42: 282, 43: 296, 44: 58, 45: 428, 46: 666, 47: 694, 48: 456, 49: 352, 50: 114, 51: 456, 52: 694, 53: 142, 54: 380, 55: 380, 56: 142, 57: 30, 58: 268, 59: 86, 60: 324, 61: 296, 62: 58, 63: 114, 64: 352, 65: 114, 66: 352, 67: 268, 68: 30, 69: 268, 70: 30, 71: 792, 72: 554, 73: 366, 74: 128, 75: 114, 76: 352, 77: 142, 78: 380, 79: 30, 80: 268, 81: 58, 82: 296, 83: 380, 84: 142, 85: 456, 86: 694, 87: 380, 88: 142, 89: 554, 90: 792, 91: 540, 92: 778, 93: 58, 94: 296, 95: 380, 96: 142, 97: 380, 98: 142, 99: 142, 100: 380, 101: 128, 102: 366, 103: 722, 104: 484, 105: 666, 106: 428, 107: 86, 108: 324, 109: 554, 110: 792, 111: 540, 112: 778, 113: 694, 114: 456, 115: 792, 116: 554, 117: 778, 118: 540, 119: 484, 120: 722, 121: 240, 122: 478, 123: 484, 124: 722, 125: 428, 126: 666, 127: 554, 128: 792, 129: 792, 130: 554, 131: 380, 132: 142, 133: 456, 134: 694, 135: 296, 136: 58, 137: 268, 138: 30, 139: 778, 140: 540, 141: 268, 142: 30, 143: 722, 144: 484, 145: 44, 146: 282, 147: 352, 148: 114, 149: 30, 150: 268, 151: 428, 152: 666, 153: 540, 154: 778, 155: 366, 156: 128, 157: 456, 158: 694, 159: 456, 160: 694, 161: 778, 162: 540, 163: 282, 164: 44, 165: 44, 166: 282, 167: 778, 168: 540, 169: 554, 170: 792, 171: 114, 172: 352, 173: 666, 174: 428, 175: 30, 176: 268, 177: 58, 178: 296, 179: 240, 180: 478, 181: 694, 182: 456, 183: 540, 184: 778, 185: 484, 186: 722, 187: 352, 188: 114, 189: 666, 190: 428, 191: 484, 192: 722, 193: 142, 194: 380, 195: 296, 196: 58, 197: 428, 198: 666, 199: 484, 200: 722}
Number of lables used:  26
Time taken: 0.36 seconds
Memory used: 31.27 MB
--------------------------------------------------

Trying with at most 25 labels...
Solution:
{1: 484, 2: 722, 3: 792, 4: 554, 5: 58, 6: 296, 7: 554, 8: 792, 9: 114, 10: 352, 11: 142, 12: 380, 13: 554, 14: 792, 15: 792, 16: 554, 17: 478, 18: 240, 19: 540, 20: 778, 21: 30, 22: 268, 23: 778, 24: 540, 25: 268, 26: 30, 27: 722, 28: 484, 29: 366, 30: 128, 31: 352, 32: 114, 33: 58, 34: 296, 35: 380, 36: 142, 37: 694, 38: 456, 39: 128, 40: 366, 41: 30, 42: 268, 43: 296, 44: 58, 45: 428, 46: 666, 47: 694, 48: 456, 49: 352, 50: 114, 51: 456, 52: 694, 53: 142, 54: 380, 55: 380, 56: 142, 57: 30, 58: 268, 59: 86, 60: 324, 61: 296, 62: 58, 63: 114, 64: 352, 65: 114, 66: 352, 67: 268, 68: 30, 69: 268, 70: 30, 71: 792, 72: 554, 73: 366, 74: 128, 75: 114, 76: 352, 77: 142, 78: 380, 79: 30, 80: 268, 81: 58, 82: 296, 83: 380, 84: 142, 85: 456, 86: 694, 87: 380, 88: 142, 89: 554, 90: 792, 91: 540, 92: 778, 93: 58, 94: 296, 95: 380, 96: 142, 97: 380, 98: 142, 99: 142, 100: 380, 101: 128, 102: 366, 103: 722, 104: 484, 105: 666, 106: 428, 107: 86, 108: 324, 109: 554, 110: 792, 111: 540, 112: 778, 113: 694, 114: 456, 115: 792, 116: 554, 117: 778, 118: 540, 119: 428, 120: 666, 121: 240, 122: 478, 123: 428, 124: 666, 125: 428, 126: 666, 127: 554, 128: 792, 129: 792, 130: 554, 131: 380, 132: 142, 133: 456, 134: 694, 135: 296, 136: 58, 137: 268, 138: 30, 139: 778, 140: 540, 141: 268, 142: 30, 143: 722, 144: 484, 145: 30, 146: 268, 147: 352, 148: 114, 149: 30, 150: 268, 151: 484, 152: 722, 153: 540, 154: 778, 155: 366, 156: 128, 157: 456, 158: 694, 159: 456, 160: 694, 161: 778, 162: 540, 163: 268, 164: 30, 165: 324, 166: 86, 167: 778, 168: 540, 169: 554, 170: 792, 171: 114, 172: 352, 173: 666, 174: 428, 175: 30, 176: 268, 177: 58, 178: 296, 179: 240, 180: 478, 181: 694, 182: 456, 183: 540, 184: 778, 185: 484, 186: 722, 187: 352, 188: 114, 189: 666, 190: 428, 191: 484, 192: 722, 193: 142, 194: 380, 195: 296, 196: 58, 197: 428, 198: 666, 199: 484, 200: 722}
Number of lables used:  24
Time taken: 0.36 seconds
Memory used: 31.27 MB
--------------------------------------------------

Trying with at most 23 labels...
Solution:
{1: 778, 2: 540, 3: 736, 4: 498, 5: 666, 6: 428, 7: 380, 8: 142, 9: 554, 10: 792, 11: 478, 12: 240, 13: 58, 14: 296, 15: 736, 16: 498, 17: 478, 18: 240, 19: 296, 20: 58, 21: 58, 22: 296, 23: 338, 24: 100, 25: 58, 26: 296, 27: 778, 28: 540, 29: 680, 30: 442, 31: 470, 32: 708, 33: 296, 34: 58, 35: 296, 36: 58, 37: 338, 38: 100, 39: 100, 40: 338, 41: 58, 42: 296, 43: 442, 44: 680, 45: 16, 46: 254, 47: 778, 48: 540, 49: 254, 50: 16, 51: 540, 52: 778, 53: 666, 54: 428, 55: 540, 56: 778, 57: 680, 58: 442, 59: 428, 60: 666, 61: 296, 62: 58, 63: 470, 64: 708, 65: 778, 66: 540, 67: 380, 68: 142, 69: 100, 70: 338, 71: 736, 72: 498, 73: 792, 74: 554, 75: 428, 76: 666, 77: 100, 78: 338, 79: 708, 80: 470, 81: 16, 82: 254, 83: 142, 84: 380, 85: 380, 86: 142, 87: 16, 88: 254, 89: 540, 90: 778, 91: 792, 92: 554, 93: 708, 94: 470, 95: 498, 96: 736, 97: 240, 98: 478, 99: 142, 100: 380, 101: 792, 102: 554, 103: 470, 104: 708, 105: 442, 106: 680, 107: 540, 108: 778, 109: 428, 110: 666, 111: 100, 112: 338, 113: 792, 114: 554, 115: 16, 116: 254, 117: 470, 118: 708, 119: 142, 120: 380, 121: 240, 122: 478, 123: 470, 124: 708, 125: 666, 126: 428, 127: 736, 128: 498, 129: 338, 130: 100, 131: 142, 132: 380, 133: 736, 134: 498, 135: 142, 136: 380, 137: 296, 138: 58, 139: 736, 140: 498, 141: 778, 142: 540, 143: 254, 144: 16, 145: 708, 146: 470, 147: 58, 148: 296, 149: 142, 150: 380, 151: 778, 152: 540, 153: 470, 154: 708, 155: 142, 156: 380, 157: 100, 158: 338, 159: 792, 160: 554, 161: 58, 162: 296, 163: 254, 164: 16, 165: 254, 166: 16, 167: 296, 168: 58, 169: 442, 170: 680, 171: 554, 172: 792, 173: 142, 174: 380, 175: 442, 176: 680, 177: 16, 178: 254, 179: 478, 180: 240, 181: 16, 182: 254, 183: 296, 184: 58, 185: 792, 186: 554, 187: 142, 188: 380, 189: 142, 190: 380, 191: 338, 192: 100, 193: 142, 194: 380, 195: 470, 196: 708, 197: 338, 198: 100, 199: 792, 200: 554}
Number of lables used:  22
Time taken: 0.39 seconds
Memory used: 31.37 MB
--------------------------------------------------

Trying with at most 21 labels...
Solution:
{1: 142, 2: 380, 3: 708, 4: 470, 5: 338, 6: 100, 7: 296, 8: 58, 9: 254, 10: 16, 11: 478, 12: 240, 13: 142, 14: 380, 15: 142, 16: 380, 17: 142, 18: 380, 19: 296, 20: 58, 21: 708, 22: 470, 23: 296, 24: 58, 25: 428, 26: 666, 27: 708, 28: 470, 29: 652, 30: 414, 31: 470, 32: 708, 33: 380, 34: 142, 35: 296, 36: 58, 37: 708, 38: 470, 39: 156, 40: 394, 41: 100, 42: 338, 43: 338, 44: 100, 45: 554, 46: 792, 47: 58, 48: 296, 49: 254, 50: 16, 51: 470, 52: 708, 53: 394, 54: 156, 55: 554, 56: 792, 57: 652, 58: 414, 59: 792, 60: 554, 61: 254, 62: 16, 63: 554, 64: 792, 65: 792, 66: 554, 67: 296, 68: 58, 69: 58, 70: 296, 71: 666, 72: 428, 73: 296, 74: 58, 75: 414, 76: 652, 77: 100, 78: 338, 79: 666, 80: 428, 81: 16, 82: 254, 83: 58, 84: 296, 85: 380, 86: 142, 87: 394, 88: 156, 89: 470, 90: 708, 91: 792, 92: 554, 93: 708, 94: 470, 95: 100, 96: 338, 97: 240, 98: 478, 99: 478, 100: 240, 101: 554, 102: 792, 103: 470, 104: 708, 105: 16, 106: 254, 107: 414, 108: 652, 109: 428, 110: 666, 111: 428, 112: 666, 113: 142, 114: 380, 115: 792, 116: 554, 117: 338, 118: 100, 119: 100, 120: 338, 121: 380, 122: 142, 123: 470, 124: 708, 125: 666, 126: 428, 127: 708, 128: 470, 129: 338, 130: 100, 131: 142, 132: 380, 133: 708, 134: 470, 135: 100, 136: 338, 137: 58, 138: 296, 139: 100, 140: 338, 141: 296, 142: 58, 143: 142, 144: 380, 145: 652, 146: 414, 147: 142, 148: 380, 149: 142, 150: 380, 151: 792, 152: 554, 153: 394, 154: 156, 155: 470, 156: 708, 157: 142, 158: 380, 159: 16, 160: 254, 161: 296, 162: 58, 163: 554, 164: 792, 165: 254, 166: 16, 167: 16, 168: 254, 169: 428, 170: 666, 171: 554, 172: 792, 173: 58, 174: 296, 175: 470, 176: 708, 177: 652, 178: 414, 179: 478, 180: 240, 181: 16, 182: 254, 183: 338, 184: 100, 185: 708, 186: 470, 187: 16, 188: 254, 189: 58, 190: 296, 191: 338, 192: 100, 193: 652, 194: 414, 195: 554, 196: 792, 197: 254, 198: 16, 199: 792, 200: 554}
Number of lables used:  20
Time taken: 0.40 seconds
Memory used: 31.37 MB
--------------------------------------------------

Trying with at most 19 labels...
Solution:
{1: 142, 2: 380, 3: 708, 4: 470, 5: 338, 6: 100, 7: 296, 8: 58, 9: 254, 10: 16, 11: 478, 12: 240, 13: 142, 14: 380, 15: 16, 16: 254, 17: 142, 18: 380, 19: 296, 20: 58, 21: 708, 22: 470, 23: 296, 24: 58, 25: 428, 26: 666, 27: 708, 28: 470, 29: 652, 30: 414, 31: 470, 32: 708, 33: 380, 34: 142, 35: 338, 36: 100, 37: 708, 38: 470, 39: 142, 40: 380, 41: 100, 42: 338, 43: 338, 44: 100, 45: 554, 46: 792, 47: 58, 48: 296, 49: 254, 50: 16, 51: 470, 52: 708, 53: 380, 54: 142, 55: 554, 56: 792, 57: 652, 58: 414, 59: 792, 60: 554, 61: 254, 62: 16, 63: 554, 64: 792, 65: 792, 66: 554, 67: 296, 68: 58, 69: 58, 70: 296, 71: 666, 72: 428, 73: 296, 74: 58, 75: 414, 76: 652, 77: 100, 78: 338, 79: 666, 80: 428, 81: 16, 82: 254, 83: 58, 84: 296, 85: 380, 86: 142, 87: 792, 88: 554, 89: 470, 90: 708, 91: 792, 92: 554, 93: 100, 94: 338, 95: 100, 96: 338, 97: 240, 98: 478, 99: 478, 100: 240, 101: 554, 102: 792, 103: 470, 104: 708, 105: 16, 106: 254, 107: 414, 108: 652, 109: 428, 110: 666, 111: 428, 112: 666, 113: 142, 114: 380, 115: 792, 116: 554, 117: 338, 118: 100, 119: 100, 120: 338, 121: 380, 122: 142, 123: 470, 124: 708, 125: 666, 126: 428, 127: 708, 128: 470, 129: 338, 130: 100, 131: 142, 132: 380, 133: 708, 134: 470, 135: 100, 136: 338, 137: 58, 138: 296, 139: 100, 140: 338, 141: 296, 142: 58, 143: 142, 144: 380, 145: 652, 146: 414, 147: 142, 148: 380, 149: 142, 150: 380, 151: 792, 152: 554, 153: 380, 154: 142, 155: 470, 156: 708, 157: 142, 158: 380, 159: 16, 160: 254, 161: 296, 162: 58, 163: 554, 164: 792, 165: 254, 166: 16, 167: 16, 168: 254, 169: 428, 170: 666, 171: 554, 172: 792, 173: 58, 174: 296, 175: 470, 176: 708, 177: 652, 178: 414, 179: 478, 180: 240, 181: 16, 182: 254, 183: 338, 184: 100, 185: 708, 186: 470, 187: 16, 188: 254, 189: 708, 190: 470, 191: 296, 192: 58, 193: 652, 194: 414, 195: 554, 196: 792, 197: 254, 198: 16, 199: 792, 200: 554}
Number of lables used:  18
Time taken: 0.40 seconds
Memory used: 31.37 MB
--------------------------------------------------

Trying with at most 17 labels...
Solution:
{1: 428, 2: 666, 3: 86, 4: 324, 5: 44, 6: 282, 7: 554, 8: 792, 9: 324, 10: 86, 11: 478, 12: 240, 13: 792, 14: 554, 15: 792, 16: 554, 17: 380, 18: 142, 19: 142, 20: 380, 21: 142, 22: 380, 23: 428, 24: 666, 25: 324, 26: 86, 27: 666, 28: 428, 29: 44, 30: 282, 31: 324, 32: 86, 33: 380, 34: 142, 35: 428, 36: 666, 37: 142, 38: 380, 39: 428, 40: 666, 41: 86, 42: 324, 43: 722, 44: 484, 45: 554, 46: 792, 47: 428, 48: 666, 49: 380, 50: 142, 51: 484, 52: 722, 53: 380, 54: 142, 55: 324, 56: 86, 57: 554, 58: 792, 59: 86, 60: 324, 61: 282, 62: 44, 63: 484, 64: 722, 65: 554, 66: 792, 67: 142, 68: 380, 69: 282, 70: 44, 71: 282, 72: 44, 73: 722, 74: 484, 75: 554, 76: 792, 77: 282, 78: 44, 79: 142, 80: 380, 81: 792, 82: 554, 83: 282, 84: 44, 85: 484, 86: 722, 87: 554, 88: 792, 89: 554, 90: 792, 91: 282, 92: 44, 93: 666, 94: 428, 95: 282, 96: 44, 97: 380, 98: 142, 99: 478, 100: 240, 101: 324, 102: 86, 103: 142, 104: 380, 105: 324, 106: 86, 107: 666, 108: 428, 109: 282, 110: 44, 111: 44, 112: 282, 113: 86, 114: 324, 115: 792, 116: 554, 117: 484, 118: 722, 119: 666, 120: 428, 121: 380, 122: 142, 123: 554, 124: 792, 125: 428, 126: 666, 127: 792, 128: 554, 129: 792, 130: 554, 131: 478, 132: 240, 133: 722, 134: 484, 135: 666, 136: 428, 137: 380, 138: 142, 139: 722, 140: 484, 141: 324, 142: 86, 143: 484, 144: 722, 145: 792, 146: 554, 147: 142, 148: 380, 149: 86, 150: 324, 151: 722, 152: 484, 153: 722, 154: 484, 155: 428, 156: 666, 157: 428, 158: 666, 159: 44, 160: 282, 161: 554, 162: 792, 163: 380, 164: 142, 165: 324, 166: 86, 167: 142, 168: 380, 169: 554, 170: 792, 171: 324, 172: 86, 173: 86, 174: 324, 175: 428, 176: 666, 177: 86, 178: 324, 179: 380, 180: 142, 181: 142, 182: 380, 183: 722, 184: 484, 185: 722, 186: 484, 187: 282, 188: 44, 189: 722, 190: 484, 191: 380, 192: 142, 193: 282, 194: 44, 195: 324, 196: 86, 197: 428, 198: 666, 199: 792, 200: 554}
Number of lables used:  14
Time taken: 0.45 seconds
Memory used: 34.39 MB
--------------------------------------------------

Trying with at most 13 labels...
Cannot find solution.
No more solutions found.
Optimal number of labels used:  14
Time taken: 1.13 seconds
Memory used: 41.95 MB
[runlim] end:			Wed Mar 25 21:11:15 2026
[runlim] status:		ok
[runlim] result:		0
[runlim] children:		1
[runlim] processes:		2
[runlim] real:			1.17 seconds
[runlim] time:			1.09 seconds
[runlim] space:			42 MB
[runlim] load:			1.02 maximum
[runlim] samples:		12
