[runlim] version:		2.0.0rc12
[runlim] host:			ap-Precision-7550
[runlim] time limit:		311040000 seconds
[runlim] real time limit:	600 seconds
[runlim] space limit:		14000 MB
[runlim] argv[0]:		python3
[runlim] argv[1]:		-u
[runlim] argv[2]:		evalmaxsat_no_processing.py
[runlim] argv[3]:		scen08
[runlim] argv[4]:		POSE
[runlim] start:			Tue Jun 30 14:42:25 2026
[runlim] child:			13280
[INFO] Generating WCNF for scen08 (POSE)
[INFO] Solving wcnf/no_preprocessing/POSE/scen08_POSE.wcnf
s UNSATISFIABLE
c Total time : 0.137795s
[INFO] Decode summary
[INFO] status=UNSATISFIABLE, objective=None, assigned_vars=0, complete=False, labels_used=0
[INFO] Decoded assignment file: results/no_preprocessing/decode/POSE/scen08.decoded.txt
Time taken: 1.19 seconds
[runlim] end:			Tue Jun 30 14:42:26 2026
[runlim] status:		ok
[runlim] result:		0
[runlim] children:		2
[runlim] processes:		3
[runlim] real:			1.22 seconds
[runlim] time:			1.19 seconds
[runlim] space:			77 MB
[runlim] load:			1.00 maximum
[runlim] samples:		13
