[runlim] version:		2.0.0rc12
[runlim] host:			ap-Precision-7550
[runlim] time limit:		311040000 seconds
[runlim] real time limit:	600 seconds
[runlim] space limit:		14000 MB
[runlim] argv[0]:		python3
[runlim] argv[1]:		-u
[runlim] argv[2]:		pairwise.py
[runlim] argv[3]:		graph03
[runlim] argv[4]:		assumptions
[runlim] start:			Thu Mar 26 02:15:58 2026
[runlim] child:			31147
Solve first problem:
Solution:
{1: 30, 2: 268, 3: 30, 4: 268, 5: 652, 6: 414, 7: 30, 8: 268, 9: 30, 10: 268, 11: 652, 12: 414, 13: 736, 14: 498, 15: 16, 16: 254, 17: 16, 18: 254, 19: 736, 20: 498, 21: 792, 22: 554, 23: 16, 24: 254, 25: 30, 26: 268, 27: 30, 28: 268, 29: 44, 30: 282, 31: 156, 32: 394, 33: 750, 34: 512, 35: 44, 36: 282, 37: 100, 38: 338, 39: 792, 40: 554, 41: 778, 42: 540, 43: 30, 44: 268, 45: 736, 46: 498, 47: 708, 48: 470, 49: 764, 50: 526, 51: 666, 52: 428, 53: 72, 54: 310, 55: 750, 56: 512, 57: 708, 58: 470, 59: 680, 60: 442, 61: 44, 62: 282, 63: 778, 64: 540, 65: 736, 66: 498, 67: 30, 68: 268, 69: 764, 70: 526, 71: 30, 72: 268, 73: 44, 74: 282, 75: 736, 76: 498, 77: 750, 78: 512, 79: 778, 80: 540, 81: 114, 82: 352, 83: 764, 84: 526, 85: 778, 86: 540, 87: 16, 88: 254, 89: 722, 90: 484, 91: 778, 92: 540, 93: 764, 94: 526, 95: 170, 96: 408, 97: 764, 98: 526, 99: 750, 100: 512, 101: 778, 102: 540, 103: 100, 104: 338, 105: 708, 106: 470, 107: 44, 108: 282, 109: 142, 110: 380, 111: 778, 112: 540, 113: 778, 114: 540, 115: 86, 116: 324, 117: 666, 118: 428, 119: 750, 120: 512, 121: 680, 122: 442, 123: 778, 124: 540, 125: 100, 126: 338, 127: 722, 128: 484, 129: 58, 130: 296, 131: 652, 132: 414, 133: 722, 134: 484, 135: 652, 136: 414, 137: 680, 138: 442, 139: 114, 140: 352, 141: 708, 142: 470, 143: 58, 144: 296, 145: 58, 146: 296, 147: 30, 148: 268, 149: 86, 150: 324, 151: 750, 152: 512, 153: 778, 154: 540, 155: 708, 156: 470, 157: 778, 158: 540, 159: 736, 160: 498, 161: 722, 162: 484, 163: 680, 164: 442, 165: 708, 166: 470, 167: 778, 168: 540, 169: 86, 170: 324, 171: 666, 172: 428, 173: 750, 174: 512, 175: 58, 176: 296, 177: 44, 178: 282, 179: 72, 180: 310, 181: 72, 182: 310, 183: 708, 184: 470, 185: 652, 186: 414, 187: 736, 188: 498, 189: 764, 190: 526, 191: 778, 192: 540, 193: 86, 194: 324, 195: 750, 196: 512, 197: 666, 198: 428, 199: 764, 200: 526}
Number of lables used:  42
Total time: 0.62 seconds
Memory used: 79.43 MB
--------------------------------------------------

Trying with at most 41 labels...
Solution:
{1: 44, 2: 282, 3: 142, 4: 380, 5: 86, 6: 324, 7: 100, 8: 338, 9: 142, 10: 380, 11: 652, 12: 414, 13: 58, 14: 296, 15: 100, 16: 338, 17: 114, 18: 352, 19: 652, 20: 414, 21: 764, 22: 526, 23: 44, 24: 282, 25: 666, 26: 428, 27: 58, 28: 296, 29: 72, 30: 310, 31: 128, 32: 366, 33: 764, 34: 526, 35: 666, 36: 428, 37: 30, 38: 268, 39: 792, 40: 554, 41: 792, 42: 554, 43: 44, 44: 282, 45: 16, 46: 254, 47: 86, 48: 324, 49: 778, 50: 540, 51: 680, 52: 442, 53: 142, 54: 380, 55: 764, 56: 526, 57: 680, 58: 442, 59: 114, 60: 352, 61: 44, 62: 282, 63: 792, 64: 554, 65: 58, 66: 296, 67: 652, 68: 414, 69: 778, 70: 540, 71: 72, 72: 310, 73: 666, 74: 428, 75: 16, 76: 254, 77: 30, 78: 268, 79: 778, 80: 540, 81: 86, 82: 324, 83: 778, 84: 540, 85: 792, 86: 554, 87: 792, 88: 554, 89: 72, 90: 310, 91: 792, 92: 554, 93: 736, 94: 498, 95: 142, 96: 380, 97: 778, 98: 540, 99: 722, 100: 484, 101: 792, 102: 554, 103: 100, 104: 338, 105: 722, 106: 484, 107: 58, 108: 296, 109: 100, 110: 338, 111: 792, 112: 554, 113: 736, 114: 498, 115: 58, 116: 296, 117: 142, 118: 380, 119: 722, 120: 484, 121: 72, 122: 310, 123: 792, 124: 554, 125: 100, 126: 338, 127: 30, 128: 268, 129: 72, 130: 310, 131: 72, 132: 310, 133: 736, 134: 498, 135: 100, 136: 338, 137: 44, 138: 282, 139: 86, 140: 324, 141: 100, 142: 338, 143: 16, 144: 254, 145: 30, 146: 268, 147: 30, 148: 268, 149: 86, 150: 324, 151: 764, 152: 526, 153: 16, 154: 254, 155: 722, 156: 484, 157: 764, 158: 526, 159: 694, 160: 456, 161: 30, 162: 268, 163: 694, 164: 456, 165: 666, 166: 428, 167: 736, 168: 498, 169: 86, 170: 324, 171: 58, 172: 296, 173: 736, 174: 498, 175: 58, 176: 296, 177: 764, 178: 526, 179: 30, 180: 268, 181: 72, 182: 310, 183: 722, 184: 484, 185: 666, 186: 428, 187: 58, 188: 296, 189: 722, 190: 484, 191: 16, 192: 254, 193: 58, 194: 296, 195: 722, 196: 484, 197: 86, 198: 324, 199: 680, 200: 442}
Number of lables used:  38
Total time: 0.72 seconds
Memory used: 113.96 MB
--------------------------------------------------

Trying with at most 37 labels...
Solution:
{1: 30, 2: 268, 3: 30, 4: 268, 5: 652, 6: 414, 7: 30, 8: 268, 9: 30, 10: 268, 11: 652, 12: 414, 13: 736, 14: 498, 15: 16, 16: 254, 17: 86, 18: 324, 19: 736, 20: 498, 21: 792, 22: 554, 23: 114, 24: 352, 25: 30, 26: 268, 27: 128, 28: 366, 29: 142, 30: 380, 31: 156, 32: 394, 33: 750, 34: 512, 35: 114, 36: 352, 37: 722, 38: 484, 39: 792, 40: 554, 41: 778, 42: 540, 43: 708, 44: 470, 45: 736, 46: 498, 47: 708, 48: 470, 49: 764, 50: 526, 51: 666, 52: 428, 53: 72, 54: 310, 55: 750, 56: 512, 57: 708, 58: 470, 59: 114, 60: 352, 61: 708, 62: 470, 63: 778, 64: 540, 65: 736, 66: 498, 67: 128, 68: 366, 69: 764, 70: 526, 71: 652, 72: 414, 73: 652, 74: 414, 75: 86, 76: 324, 77: 750, 78: 512, 79: 778, 80: 540, 81: 114, 82: 352, 83: 764, 84: 526, 85: 778, 86: 540, 87: 778, 88: 540, 89: 722, 90: 484, 91: 778, 92: 540, 93: 764, 94: 526, 95: 142, 96: 380, 97: 764, 98: 526, 99: 750, 100: 512, 101: 778, 102: 540, 103: 652, 104: 414, 105: 708, 106: 470, 107: 128, 108: 366, 109: 652, 110: 414, 111: 778, 112: 540, 113: 778, 114: 540, 115: 58, 116: 296, 117: 666, 118: 428, 119: 750, 120: 512, 121: 142, 122: 380, 123: 778, 124: 540, 125: 652, 126: 414, 127: 722, 128: 484, 129: 142, 130: 380, 131: 30, 132: 268, 133: 722, 134: 484, 135: 652, 136: 414, 137: 142, 138: 380, 139: 86, 140: 324, 141: 128, 142: 366, 143: 736, 144: 498, 145: 30, 146: 268, 147: 722, 148: 484, 149: 666, 150: 428, 151: 750, 152: 512, 153: 778, 154: 540, 155: 708, 156: 470, 157: 778, 158: 540, 159: 736, 160: 498, 161: 722, 162: 484, 163: 16, 164: 254, 165: 708, 166: 470, 167: 778, 168: 540, 169: 666, 170: 428, 171: 666, 172: 428, 173: 750, 174: 512, 175: 128, 176: 366, 177: 750, 178: 512, 179: 722, 180: 484, 181: 142, 182: 380, 183: 708, 184: 470, 185: 652, 186: 414, 187: 736, 188: 498, 189: 764, 190: 526, 191: 778, 192: 540, 193: 86, 194: 324, 195: 750, 196: 512, 197: 666, 198: 428, 199: 764, 200: 526}
Number of lables used:  36
Total time: 0.74 seconds
Memory used: 113.97 MB
--------------------------------------------------

Trying with at most 35 labels...
Solution:
{1: 30, 2: 268, 3: 30, 4: 268, 5: 652, 6: 414, 7: 30, 8: 268, 9: 30, 10: 268, 11: 652, 12: 414, 13: 736, 14: 498, 15: 16, 16: 254, 17: 86, 18: 324, 19: 736, 20: 498, 21: 792, 22: 554, 23: 114, 24: 352, 25: 30, 26: 268, 27: 128, 28: 366, 29: 142, 30: 380, 31: 156, 32: 394, 33: 750, 34: 512, 35: 114, 36: 352, 37: 722, 38: 484, 39: 792, 40: 554, 41: 778, 42: 540, 43: 708, 44: 470, 45: 736, 46: 498, 47: 708, 48: 470, 49: 764, 50: 526, 51: 666, 52: 428, 53: 652, 54: 414, 55: 750, 56: 512, 57: 708, 58: 470, 59: 114, 60: 352, 61: 708, 62: 470, 63: 778, 64: 540, 65: 736, 66: 498, 67: 128, 68: 366, 69: 764, 70: 526, 71: 652, 72: 414, 73: 652, 74: 414, 75: 86, 76: 324, 77: 750, 78: 512, 79: 778, 80: 540, 81: 114, 82: 352, 83: 764, 84: 526, 85: 778, 86: 540, 87: 778, 88: 540, 89: 722, 90: 484, 91: 778, 92: 540, 93: 764, 94: 526, 95: 142, 96: 380, 97: 764, 98: 526, 99: 750, 100: 512, 101: 778, 102: 540, 103: 652, 104: 414, 105: 708, 106: 470, 107: 128, 108: 366, 109: 652, 110: 414, 111: 778, 112: 540, 113: 778, 114: 540, 115: 58, 116: 296, 117: 666, 118: 428, 119: 750, 120: 512, 121: 142, 122: 380, 123: 778, 124: 540, 125: 652, 126: 414, 127: 722, 128: 484, 129: 142, 130: 380, 131: 30, 132: 268, 133: 722, 134: 484, 135: 652, 136: 414, 137: 142, 138: 380, 139: 86, 140: 324, 141: 128, 142: 366, 143: 736, 144: 498, 145: 30, 146: 268, 147: 722, 148: 484, 149: 666, 150: 428, 151: 750, 152: 512, 153: 778, 154: 540, 155: 708, 156: 470, 157: 778, 158: 540, 159: 736, 160: 498, 161: 722, 162: 484, 163: 16, 164: 254, 165: 708, 166: 470, 167: 778, 168: 540, 169: 666, 170: 428, 171: 666, 172: 428, 173: 750, 174: 512, 175: 128, 176: 366, 177: 750, 178: 512, 179: 722, 180: 484, 181: 142, 182: 380, 183: 708, 184: 470, 185: 652, 186: 414, 187: 736, 188: 498, 189: 764, 190: 526, 191: 778, 192: 540, 193: 86, 194: 324, 195: 750, 196: 512, 197: 666, 198: 428, 199: 764, 200: 526}
Number of lables used:  34
Total time: 0.75 seconds
Memory used: 113.97 MB
--------------------------------------------------

Trying with at most 33 labels...
Solution:
{1: 30, 2: 268, 3: 30, 4: 268, 5: 652, 6: 414, 7: 30, 8: 268, 9: 30, 10: 268, 11: 652, 12: 414, 13: 736, 14: 498, 15: 156, 16: 394, 17: 86, 18: 324, 19: 736, 20: 498, 21: 792, 22: 554, 23: 114, 24: 352, 25: 114, 26: 352, 27: 128, 28: 366, 29: 142, 30: 380, 31: 156, 32: 394, 33: 750, 34: 512, 35: 114, 36: 352, 37: 722, 38: 484, 39: 792, 40: 554, 41: 778, 42: 540, 43: 708, 44: 470, 45: 736, 46: 498, 47: 708, 48: 470, 49: 764, 50: 526, 51: 666, 52: 428, 53: 652, 54: 414, 55: 750, 56: 512, 57: 708, 58: 470, 59: 114, 60: 352, 61: 708, 62: 470, 63: 778, 64: 540, 65: 736, 66: 498, 67: 128, 68: 366, 69: 764, 70: 526, 71: 652, 72: 414, 73: 652, 74: 414, 75: 86, 76: 324, 77: 750, 78: 512, 79: 778, 80: 540, 81: 114, 82: 352, 83: 764, 84: 526, 85: 778, 86: 540, 87: 778, 88: 540, 89: 722, 90: 484, 91: 778, 92: 540, 93: 764, 94: 526, 95: 142, 96: 380, 97: 764, 98: 526, 99: 750, 100: 512, 101: 778, 102: 540, 103: 652, 104: 414, 105: 708, 106: 470, 107: 128, 108: 366, 109: 652, 110: 414, 111: 778, 112: 540, 113: 778, 114: 540, 115: 58, 116: 296, 117: 666, 118: 428, 119: 750, 120: 512, 121: 142, 122: 380, 123: 778, 124: 540, 125: 652, 126: 414, 127: 722, 128: 484, 129: 142, 130: 380, 131: 30, 132: 268, 133: 722, 134: 484, 135: 652, 136: 414, 137: 142, 138: 380, 139: 86, 140: 324, 141: 128, 142: 366, 143: 736, 144: 498, 145: 30, 146: 268, 147: 722, 148: 484, 149: 666, 150: 428, 151: 750, 152: 512, 153: 778, 154: 540, 155: 708, 156: 470, 157: 778, 158: 540, 159: 736, 160: 498, 161: 722, 162: 484, 163: 128, 164: 366, 165: 708, 166: 470, 167: 778, 168: 540, 169: 666, 170: 428, 171: 666, 172: 428, 173: 750, 174: 512, 175: 128, 176: 366, 177: 750, 178: 512, 179: 722, 180: 484, 181: 142, 182: 380, 183: 708, 184: 470, 185: 652, 186: 414, 187: 736, 188: 498, 189: 764, 190: 526, 191: 778, 192: 540, 193: 86, 194: 324, 195: 750, 196: 512, 197: 666, 198: 428, 199: 764, 200: 526}
Number of lables used:  32
Total time: 0.75 seconds
Memory used: 113.97 MB
--------------------------------------------------

Trying with at most 31 labels...
Solution:
{1: 722, 2: 484, 3: 128, 4: 366, 5: 680, 6: 442, 7: 44, 8: 282, 9: 128, 10: 366, 11: 128, 12: 366, 13: 44, 14: 282, 15: 100, 16: 338, 17: 58, 18: 296, 19: 764, 20: 526, 21: 764, 22: 526, 23: 72, 24: 310, 25: 694, 26: 456, 27: 694, 28: 456, 29: 100, 30: 338, 31: 114, 32: 352, 33: 750, 34: 512, 35: 114, 36: 352, 37: 114, 38: 352, 39: 764, 40: 526, 41: 778, 42: 540, 43: 72, 44: 310, 45: 44, 46: 282, 47: 680, 48: 442, 49: 764, 50: 526, 51: 114, 52: 352, 53: 128, 54: 366, 55: 750, 56: 512, 57: 708, 58: 470, 59: 680, 60: 442, 61: 708, 62: 470, 63: 778, 64: 540, 65: 44, 66: 282, 67: 694, 68: 456, 69: 764, 70: 526, 71: 128, 72: 366, 73: 128, 74: 366, 75: 44, 76: 282, 77: 750, 78: 512, 79: 778, 80: 540, 81: 72, 82: 310, 83: 764, 84: 526, 85: 778, 86: 540, 87: 778, 88: 540, 89: 58, 90: 296, 91: 750, 92: 512, 93: 764, 94: 526, 95: 170, 96: 408, 97: 764, 98: 526, 99: 72, 100: 310, 101: 778, 102: 540, 103: 128, 104: 366, 105: 708, 106: 470, 107: 694, 108: 456, 109: 128, 110: 366, 111: 778, 112: 540, 113: 778, 114: 540, 115: 722, 116: 484, 117: 128, 118: 366, 119: 750, 120: 512, 121: 680, 122: 442, 123: 778, 124: 540, 125: 128, 126: 366, 127: 58, 128: 296, 129: 680, 130: 442, 131: 128, 132: 366, 133: 722, 134: 484, 135: 44, 136: 282, 137: 100, 138: 338, 139: 114, 140: 352, 141: 680, 142: 442, 143: 44, 144: 282, 145: 58, 146: 296, 147: 722, 148: 484, 149: 666, 150: 428, 151: 722, 152: 484, 153: 778, 154: 540, 155: 708, 156: 470, 157: 778, 158: 540, 159: 44, 160: 282, 161: 722, 162: 484, 163: 680, 164: 442, 165: 708, 166: 470, 167: 778, 168: 540, 169: 114, 170: 352, 171: 666, 172: 428, 173: 750, 174: 512, 175: 694, 176: 456, 177: 750, 178: 512, 179: 722, 180: 484, 181: 100, 182: 338, 183: 694, 184: 456, 185: 128, 186: 366, 187: 708, 188: 470, 189: 764, 190: 526, 191: 778, 192: 540, 193: 722, 194: 484, 195: 750, 196: 512, 197: 666, 198: 428, 199: 72, 200: 310}
Number of lables used:  30
Total time: 1.00 seconds
Memory used: 114.10 MB
--------------------------------------------------

Trying with at most 29 labels...
Solution:
{1: 750, 2: 512, 3: 666, 4: 428, 5: 708, 6: 470, 7: 156, 8: 394, 9: 142, 10: 380, 11: 142, 12: 380, 13: 708, 14: 470, 15: 156, 16: 394, 17: 680, 18: 442, 19: 792, 20: 554, 21: 792, 22: 554, 23: 86, 24: 324, 25: 708, 26: 470, 27: 680, 28: 442, 29: 666, 30: 428, 31: 72, 32: 310, 33: 736, 34: 498, 35: 142, 36: 380, 37: 86, 38: 324, 39: 16, 40: 254, 41: 764, 42: 526, 43: 72, 44: 310, 45: 750, 46: 512, 47: 86, 48: 324, 49: 30, 50: 268, 51: 142, 52: 380, 53: 666, 54: 428, 55: 764, 56: 526, 57: 86, 58: 324, 59: 694, 60: 456, 61: 86, 62: 324, 63: 792, 64: 554, 65: 750, 66: 512, 67: 708, 68: 470, 69: 72, 70: 310, 71: 86, 72: 324, 73: 666, 74: 428, 75: 750, 76: 512, 77: 86, 78: 324, 79: 764, 80: 526, 81: 30, 82: 268, 83: 30, 84: 268, 85: 792, 86: 554, 87: 792, 88: 554, 89: 736, 90: 498, 91: 16, 92: 254, 93: 72, 94: 310, 95: 142, 96: 380, 97: 750, 98: 512, 99: 750, 100: 512, 101: 16, 102: 254, 103: 86, 104: 324, 105: 694, 106: 456, 107: 708, 108: 470, 109: 666, 110: 428, 111: 792, 112: 554, 113: 792, 114: 554, 115: 736, 116: 498, 117: 666, 118: 428, 119: 764, 120: 526, 121: 694, 122: 456, 123: 792, 124: 554, 125: 666, 126: 428, 127: 708, 128: 470, 129: 156, 130: 394, 131: 666, 132: 428, 133: 736, 134: 498, 135: 666, 136: 428, 137: 694, 138: 456, 139: 86, 140: 324, 141: 708, 142: 470, 143: 86, 144: 324, 145: 30, 146: 268, 147: 736, 148: 498, 149: 680, 150: 442, 151: 750, 152: 512, 153: 792, 154: 554, 155: 86, 156: 324, 157: 16, 158: 254, 159: 750, 160: 512, 161: 736, 162: 498, 163: 694, 164: 456, 165: 30, 166: 268, 167: 792, 168: 554, 169: 72, 170: 310, 171: 72, 172: 310, 173: 764, 174: 526, 175: 708, 176: 470, 177: 764, 178: 526, 179: 736, 180: 498, 181: 694, 182: 456, 183: 86, 184: 324, 185: 666, 186: 428, 187: 736, 188: 498, 189: 30, 190: 268, 191: 16, 192: 254, 193: 750, 194: 512, 195: 764, 196: 526, 197: 142, 198: 380, 199: 30, 200: 268}
Number of lables used:  28
Total time: 1.83 seconds
Memory used: 114.60 MB
--------------------------------------------------

Trying with at most 27 labels...
Solution:
{1: 100, 2: 338, 3: 142, 4: 380, 5: 142, 6: 380, 7: 142, 8: 380, 9: 142, 10: 380, 11: 142, 12: 380, 13: 58, 14: 296, 15: 142, 16: 380, 17: 652, 18: 414, 19: 58, 20: 296, 21: 16, 22: 254, 23: 86, 24: 324, 25: 708, 26: 470, 27: 100, 28: 338, 29: 666, 30: 428, 31: 128, 32: 366, 33: 44, 34: 282, 35: 142, 36: 380, 37: 666, 38: 428, 39: 16, 40: 254, 41: 778, 42: 540, 43: 86, 44: 324, 45: 708, 46: 470, 47: 86, 48: 324, 49: 764, 50: 526, 51: 128, 52: 366, 53: 666, 54: 428, 55: 44, 56: 282, 57: 86, 58: 324, 59: 114, 60: 352, 61: 86, 62: 324, 63: 16, 64: 254, 65: 58, 66: 296, 67: 708, 68: 470, 69: 778, 70: 540, 71: 652, 72: 414, 73: 666, 74: 428, 75: 58, 76: 296, 77: 764, 78: 526, 79: 16, 80: 254, 81: 86, 82: 324, 83: 778, 84: 540, 85: 44, 86: 282, 87: 16, 88: 254, 89: 708, 90: 470, 91: 778, 92: 540, 93: 778, 94: 540, 95: 142, 96: 380, 97: 764, 98: 526, 99: 764, 100: 526, 101: 16, 102: 254, 103: 708, 104: 470, 105: 708, 106: 470, 107: 100, 108: 338, 109: 142, 110: 380, 111: 16, 112: 254, 113: 16, 114: 254, 115: 58, 116: 296, 117: 778, 118: 540, 119: 44, 120: 282, 121: 114, 122: 352, 123: 16, 124: 254, 125: 142, 126: 380, 127: 708, 128: 470, 129: 114, 130: 352, 131: 142, 132: 380, 133: 100, 134: 338, 135: 142, 136: 380, 137: 114, 138: 352, 139: 86, 140: 324, 141: 100, 142: 338, 143: 58, 144: 296, 145: 778, 146: 540, 147: 778, 148: 540, 149: 128, 150: 366, 151: 44, 152: 282, 153: 16, 154: 254, 155: 708, 156: 470, 157: 778, 158: 540, 159: 58, 160: 296, 161: 708, 162: 470, 163: 114, 164: 352, 165: 708, 166: 470, 167: 16, 168: 254, 169: 128, 170: 366, 171: 666, 172: 428, 173: 44, 174: 282, 175: 100, 176: 338, 177: 44, 178: 282, 179: 778, 180: 540, 181: 114, 182: 352, 183: 86, 184: 324, 185: 142, 186: 380, 187: 58, 188: 296, 189: 778, 190: 540, 191: 16, 192: 254, 193: 58, 194: 296, 195: 44, 196: 282, 197: 128, 198: 366, 199: 778, 200: 540}
Number of lables used:  26
Total time: 1.90 seconds
Memory used: 109.83 MB
--------------------------------------------------

Trying with at most 25 labels...
Solution:
{1: 100, 2: 338, 3: 778, 4: 540, 5: 142, 6: 380, 7: 142, 8: 380, 9: 666, 10: 428, 11: 142, 12: 380, 13: 58, 14: 296, 15: 114, 16: 352, 17: 114, 18: 352, 19: 58, 20: 296, 21: 16, 22: 254, 23: 86, 24: 324, 25: 100, 26: 338, 27: 100, 28: 338, 29: 114, 30: 352, 31: 128, 32: 366, 33: 778, 34: 540, 35: 666, 36: 428, 37: 666, 38: 428, 39: 16, 40: 254, 41: 16, 42: 254, 43: 764, 44: 526, 45: 58, 46: 296, 47: 86, 48: 324, 49: 30, 50: 268, 51: 128, 52: 366, 53: 142, 54: 380, 55: 736, 56: 498, 57: 86, 58: 324, 59: 666, 60: 428, 61: 86, 62: 324, 63: 16, 64: 254, 65: 58, 66: 296, 67: 100, 68: 338, 69: 30, 70: 268, 71: 142, 72: 380, 73: 142, 74: 380, 75: 58, 76: 296, 77: 764, 78: 526, 79: 16, 80: 254, 81: 86, 82: 324, 83: 30, 84: 268, 85: 16, 86: 254, 87: 16, 88: 254, 89: 736, 90: 498, 91: 16, 92: 254, 93: 30, 94: 268, 95: 142, 96: 380, 97: 30, 98: 268, 99: 736, 100: 498, 101: 16, 102: 254, 103: 142, 104: 380, 105: 736, 106: 498, 107: 100, 108: 338, 109: 666, 110: 428, 111: 16, 112: 254, 113: 16, 114: 254, 115: 58, 116: 296, 117: 778, 118: 540, 119: 778, 120: 540, 121: 114, 122: 352, 123: 16, 124: 254, 125: 142, 126: 380, 127: 778, 128: 540, 129: 114, 130: 352, 131: 142, 132: 380, 133: 736, 134: 498, 135: 142, 136: 380, 137: 778, 138: 540, 139: 86, 140: 324, 141: 100, 142: 338, 143: 58, 144: 296, 145: 30, 146: 268, 147: 778, 148: 540, 149: 128, 150: 366, 151: 764, 152: 526, 153: 16, 154: 254, 155: 86, 156: 324, 157: 764, 158: 526, 159: 58, 160: 296, 161: 778, 162: 540, 163: 114, 164: 352, 165: 86, 166: 324, 167: 16, 168: 254, 169: 128, 170: 366, 171: 128, 172: 366, 173: 736, 174: 498, 175: 100, 176: 338, 177: 764, 178: 526, 179: 736, 180: 498, 181: 114, 182: 352, 183: 86, 184: 324, 185: 142, 186: 380, 187: 58, 188: 296, 189: 30, 190: 268, 191: 16, 192: 254, 193: 58, 194: 296, 195: 764, 196: 526, 197: 128, 198: 366, 199: 778, 200: 540}
Number of lables used:  24
Total time: 2.28 seconds
Memory used: 114.51 MB
--------------------------------------------------

Trying with at most 23 labels...
Solution:
{1: 100, 2: 338, 3: 142, 4: 380, 5: 142, 6: 380, 7: 142, 8: 380, 9: 142, 10: 380, 11: 142, 12: 380, 13: 58, 14: 296, 15: 114, 16: 352, 17: 114, 18: 352, 19: 58, 20: 296, 21: 764, 22: 526, 23: 86, 24: 324, 25: 100, 26: 338, 27: 100, 28: 338, 29: 114, 30: 352, 31: 128, 32: 366, 33: 44, 34: 282, 35: 142, 36: 380, 37: 72, 38: 310, 39: 736, 40: 498, 41: 764, 42: 526, 43: 86, 44: 324, 45: 58, 46: 296, 47: 86, 48: 324, 49: 30, 50: 268, 51: 128, 52: 366, 53: 142, 54: 380, 55: 44, 56: 282, 57: 86, 58: 324, 59: 114, 60: 352, 61: 86, 62: 324, 63: 764, 64: 526, 65: 58, 66: 296, 67: 100, 68: 338, 69: 736, 70: 498, 71: 142, 72: 380, 73: 142, 74: 380, 75: 58, 76: 296, 77: 44, 78: 282, 79: 764, 80: 526, 81: 736, 82: 498, 83: 736, 84: 498, 85: 764, 86: 526, 87: 764, 88: 526, 89: 72, 90: 310, 91: 764, 92: 526, 93: 30, 94: 268, 95: 142, 96: 380, 97: 30, 98: 268, 99: 44, 100: 282, 101: 764, 102: 526, 103: 142, 104: 380, 105: 86, 106: 324, 107: 100, 108: 338, 109: 142, 110: 380, 111: 764, 112: 526, 113: 764, 114: 526, 115: 58, 116: 296, 117: 142, 118: 380, 119: 44, 120: 282, 121: 114, 122: 352, 123: 736, 124: 498, 125: 142, 126: 380, 127: 72, 128: 310, 129: 114, 130: 352, 131: 142, 132: 380, 133: 72, 134: 310, 135: 142, 136: 380, 137: 114, 138: 352, 139: 86, 140: 324, 141: 100, 142: 338, 143: 58, 144: 296, 145: 764, 146: 526, 147: 72, 148: 310, 149: 128, 150: 366, 151: 44, 152: 282, 153: 764, 154: 526, 155: 86, 156: 324, 157: 764, 158: 526, 159: 58, 160: 296, 161: 72, 162: 310, 163: 114, 164: 352, 165: 86, 166: 324, 167: 764, 168: 526, 169: 128, 170: 366, 171: 128, 172: 366, 173: 736, 174: 498, 175: 100, 176: 338, 177: 44, 178: 282, 179: 72, 180: 310, 181: 114, 182: 352, 183: 86, 184: 324, 185: 142, 186: 380, 187: 58, 188: 296, 189: 30, 190: 268, 191: 764, 192: 526, 193: 58, 194: 296, 195: 44, 196: 282, 197: 128, 198: 366, 199: 30, 200: 268}
Number of lables used:  22
Total time: 3.35 seconds
Memory used: 141.18 MB
--------------------------------------------------

Trying with at most 21 labels...
Solution:
{1: 100, 2: 338, 3: 142, 4: 380, 5: 142, 6: 380, 7: 142, 8: 380, 9: 142, 10: 380, 11: 142, 12: 380, 13: 58, 14: 296, 15: 114, 16: 352, 17: 114, 18: 352, 19: 58, 20: 296, 21: 764, 22: 526, 23: 86, 24: 324, 25: 100, 26: 338, 27: 100, 28: 338, 29: 114, 30: 352, 31: 128, 32: 366, 33: 736, 34: 498, 35: 142, 36: 380, 37: 72, 38: 310, 39: 764, 40: 526, 41: 764, 42: 526, 43: 86, 44: 324, 45: 58, 46: 296, 47: 86, 48: 324, 49: 30, 50: 268, 51: 128, 52: 366, 53: 142, 54: 380, 55: 736, 56: 498, 57: 86, 58: 324, 59: 114, 60: 352, 61: 86, 62: 324, 63: 764, 64: 526, 65: 58, 66: 296, 67: 100, 68: 338, 69: 30, 70: 268, 71: 142, 72: 380, 73: 142, 74: 380, 75: 58, 76: 296, 77: 736, 78: 498, 79: 764, 80: 526, 81: 86, 82: 324, 83: 736, 84: 498, 85: 764, 86: 526, 87: 764, 88: 526, 89: 72, 90: 310, 91: 764, 92: 526, 93: 30, 94: 268, 95: 142, 96: 380, 97: 30, 98: 268, 99: 736, 100: 498, 101: 764, 102: 526, 103: 142, 104: 380, 105: 86, 106: 324, 107: 100, 108: 338, 109: 142, 110: 380, 111: 764, 112: 526, 113: 764, 114: 526, 115: 58, 116: 296, 117: 142, 118: 380, 119: 736, 120: 498, 121: 114, 122: 352, 123: 736, 124: 498, 125: 142, 126: 380, 127: 72, 128: 310, 129: 114, 130: 352, 131: 142, 132: 380, 133: 72, 134: 310, 135: 142, 136: 380, 137: 114, 138: 352, 139: 86, 140: 324, 141: 100, 142: 338, 143: 58, 144: 296, 145: 30, 146: 268, 147: 72, 148: 310, 149: 128, 150: 366, 151: 736, 152: 498, 153: 764, 154: 526, 155: 86, 156: 324, 157: 764, 158: 526, 159: 58, 160: 296, 161: 72, 162: 310, 163: 114, 164: 352, 165: 86, 166: 324, 167: 764, 168: 526, 169: 128, 170: 366, 171: 128, 172: 366, 173: 736, 174: 498, 175: 100, 176: 338, 177: 736, 178: 498, 179: 72, 180: 310, 181: 114, 182: 352, 183: 86, 184: 324, 185: 142, 186: 380, 187: 58, 188: 296, 189: 30, 190: 268, 191: 764, 192: 526, 193: 58, 194: 296, 195: 736, 196: 498, 197: 128, 198: 366, 199: 30, 200: 268}
Number of lables used:  20
Total time: 3.37 seconds
Memory used: 141.18 MB
--------------------------------------------------

Trying with at most 19 labels...
[runlim] sample:		9.99 time, 10.01 real, 110 MB, 1.07 load
[runlim] sample:		19.98 time, 20.01 real, 150 MB, 1.06 load
Cannot find solution.
No more solutions found.
Optimal number of labels used:  20
Total time: 24.10 seconds
Memory used: 109.34 MB
[runlim] end:			Thu Mar 26 02:16:22 2026
[runlim] status:		ok
[runlim] result:		0
[runlim] children:		1
[runlim] processes:		2
[runlim] real:			24.15 seconds
[runlim] time:			24.09 seconds
[runlim] space:			150 MB
[runlim] load:			1.08 maximum
[runlim] samples:		242
