[runlim] version:		2.0.0rc12
[runlim] host:			ap-Precision-7550
[runlim] time limit:		311040000 seconds
[runlim] real time limit:	600 seconds
[runlim] space limit:		14000 MB
[runlim] argv[0]:		python3
[runlim] argv[1]:		-u
[runlim] argv[2]:		pairwise.py
[runlim] argv[3]:		graph06
[runlim] argv[4]:		assumptions
[runlim] start:			Thu Mar 26 02:17:21 2026
[runlim] child:			31161
Solve first problem:
Cannot find solution.
Time taken: 0.49 seconds 
Memory used: 39.97 MB
[runlim] end:			Thu Mar 26 02:17:21 2026
[runlim] status:		ok
[runlim] result:		0
[runlim] children:		1
[runlim] processes:		2
[runlim] real:			0.53 seconds
[runlim] time:			0.49 seconds
[runlim] space:			40 MB
[runlim] load:			1.07 maximum
[runlim] samples:		6
