[runlim] version:		2.0.0rc12
[runlim] host:			ap-Precision-7550
[runlim] time limit:		311040000 seconds
[runlim] real time limit:	600 seconds
[runlim] space limit:		14000 MB
[runlim] argv[0]:		python3
[runlim] argv[1]:		-u
[runlim] argv[2]:		pairwise.py
[runlim] argv[3]:		graph01
[runlim] argv[4]:		assumptions
[runlim] start:			Wed Mar 25 22:08:33 2026
[runlim] child:			22111
Solve first problem:
Solution:
{1: 30, 2: 268, 3: 16, 4: 254, 5: 16, 6: 254, 7: 142, 8: 380, 9: 142, 10: 380, 11: 16, 12: 254, 13: 30, 14: 268, 15: 58, 16: 296, 17: 16, 18: 254, 19: 16, 20: 254, 21: 44, 22: 282, 23: 142, 24: 380, 25: 72, 26: 310, 27: 352, 28: 114, 29: 16, 30: 254, 31: 72, 32: 310, 33: 114, 34: 352, 35: 72, 36: 310, 37: 16, 38: 254, 39: 16, 40: 254, 41: 72, 42: 310, 43: 86, 44: 324, 45: 58, 46: 296, 47: 16, 48: 254, 49: 72, 50: 310, 51: 86, 52: 324, 53: 30, 54: 268, 55: 58, 56: 296, 57: 58, 58: 296, 59: 16, 60: 254, 61: 128, 62: 366, 63: 86, 64: 324, 65: 16, 66: 254, 67: 58, 68: 296, 69: 44, 70: 282, 71: 30, 72: 268, 73: 142, 74: 380, 75: 86, 76: 324, 77: 30, 78: 268, 79: 16, 80: 254, 81: 72, 82: 310, 83: 58, 84: 296, 85: 72, 86: 310, 87: 114, 88: 352, 89: 58, 90: 296, 91: 156, 92: 394, 93: 16, 94: 254, 95: 72, 96: 310, 97: 408, 98: 170, 99: 86, 100: 324, 101: 30, 102: 268, 103: 16, 104: 254, 105: 142, 106: 380, 107: 44, 108: 282, 109: 16, 110: 254, 111: 86, 112: 324, 113: 44, 114: 282, 115: 114, 116: 352, 117: 114, 118: 352, 119: 100, 120: 338, 121: 408, 122: 170, 123: 142, 124: 380, 125: 58, 126: 296, 127: 30, 128: 268, 129: 114, 130: 352, 131: 30, 132: 268, 133: 366, 134: 128, 135: 170, 136: 408, 137: 30, 138: 268, 139: 16, 140: 254, 141: 30, 142: 268, 143: 44, 144: 282, 145: 86, 146: 324, 147: 366, 148: 128, 149: 428, 150: 666, 151: 86, 152: 324, 153: 142, 154: 380, 155: 156, 156: 394, 157: 338, 158: 100, 159: 484, 160: 722, 161: 296, 162: 58, 163: 268, 164: 30, 165: 456, 166: 694, 167: 44, 168: 282, 169: 100, 170: 338, 171: 72, 172: 310, 173: 114, 174: 352, 175: 442, 176: 680, 177: 16, 178: 254, 179: 44, 180: 282, 181: 16, 182: 254, 183: 142, 184: 380, 185: 414, 186: 652, 187: 128, 188: 366, 189: 30, 190: 268, 191: 414, 192: 652, 193: 170, 194: 408, 195: 100, 196: 338, 197: 58, 198: 296, 199: 72, 200: 310}
Number of lables used:  34
Total time: 0.31 seconds
Memory used: 40.48 MB
--------------------------------------------------

Trying with at most 33 labels...
Solution:
{1: 296, 2: 58, 3: 380, 4: 142, 5: 16, 6: 254, 7: 170, 8: 408, 9: 240, 10: 478, 11: 268, 12: 30, 13: 324, 14: 86, 15: 296, 16: 58, 17: 86, 18: 324, 19: 394, 20: 156, 21: 338, 22: 100, 23: 478, 24: 240, 25: 338, 26: 100, 27: 366, 28: 128, 29: 324, 30: 86, 31: 282, 32: 44, 33: 380, 34: 142, 35: 310, 36: 72, 37: 338, 38: 100, 39: 156, 40: 394, 41: 282, 42: 44, 43: 128, 44: 366, 45: 254, 46: 16, 47: 338, 48: 100, 49: 296, 50: 58, 51: 156, 52: 394, 53: 310, 54: 72, 55: 268, 56: 30, 57: 254, 58: 16, 59: 58, 60: 296, 61: 254, 62: 16, 63: 380, 64: 142, 65: 282, 66: 44, 67: 114, 68: 352, 69: 254, 70: 16, 71: 352, 72: 114, 73: 240, 74: 478, 75: 352, 76: 114, 77: 268, 78: 30, 79: 310, 80: 72, 81: 156, 82: 394, 83: 268, 84: 30, 85: 310, 86: 72, 87: 142, 88: 380, 89: 254, 90: 16, 91: 296, 92: 58, 93: 254, 94: 16, 95: 114, 96: 352, 97: 478, 98: 240, 99: 296, 100: 58, 101: 380, 102: 142, 103: 324, 104: 86, 105: 282, 106: 44, 107: 268, 108: 30, 109: 254, 110: 16, 111: 380, 112: 142, 113: 268, 114: 30, 115: 324, 116: 86, 117: 156, 118: 394, 119: 282, 120: 44, 121: 170, 122: 408, 123: 240, 124: 478, 125: 254, 126: 16, 127: 296, 128: 58, 129: 338, 130: 100, 131: 324, 132: 86, 133: 100, 134: 338, 135: 478, 136: 240, 137: 282, 138: 44, 139: 296, 140: 58, 141: 324, 142: 86, 143: 296, 144: 58, 145: 352, 146: 114, 147: 254, 148: 16, 149: 254, 150: 16, 151: 156, 152: 394, 153: 254, 154: 16, 155: 282, 156: 44, 157: 268, 158: 30, 159: 338, 160: 100, 161: 72, 162: 310, 163: 268, 164: 30, 165: 282, 166: 44, 167: 100, 168: 338, 169: 44, 170: 282, 171: 268, 172: 30, 173: 338, 174: 100, 175: 324, 176: 86, 177: 254, 178: 16, 179: 30, 180: 268, 181: 16, 182: 254, 183: 72, 184: 310, 185: 380, 186: 142, 187: 44, 188: 282, 189: 254, 190: 16, 191: 16, 192: 254, 193: 170, 194: 408, 195: 268, 196: 30, 197: 254, 198: 16, 199: 254, 200: 16}
Number of lables used:  26
Total time: 0.33 seconds
Memory used: 41.91 MB
--------------------------------------------------

Trying with at most 25 labels...
Solution:
{1: 296, 2: 58, 3: 380, 4: 142, 5: 268, 6: 30, 7: 142, 8: 380, 9: 240, 10: 478, 11: 310, 12: 72, 13: 324, 14: 86, 15: 296, 16: 58, 17: 86, 18: 324, 19: 394, 20: 156, 21: 338, 22: 100, 23: 240, 24: 478, 25: 338, 26: 100, 27: 156, 28: 394, 29: 324, 30: 86, 31: 16, 32: 254, 33: 380, 34: 142, 35: 310, 36: 72, 37: 338, 38: 100, 39: 156, 40: 394, 41: 282, 42: 44, 43: 128, 44: 366, 45: 324, 46: 86, 47: 142, 48: 380, 49: 296, 50: 58, 51: 72, 52: 310, 53: 352, 54: 114, 55: 268, 56: 30, 57: 58, 58: 296, 59: 324, 60: 86, 61: 366, 62: 128, 63: 380, 64: 142, 65: 282, 66: 44, 67: 114, 68: 352, 69: 254, 70: 16, 71: 352, 72: 114, 73: 240, 74: 478, 75: 30, 76: 268, 77: 30, 78: 268, 79: 310, 80: 72, 81: 16, 82: 254, 83: 114, 84: 352, 85: 44, 86: 282, 87: 380, 88: 142, 89: 254, 90: 16, 91: 296, 92: 58, 93: 268, 94: 30, 95: 352, 96: 114, 97: 478, 98: 240, 99: 296, 100: 58, 101: 380, 102: 142, 103: 324, 104: 86, 105: 282, 106: 44, 107: 268, 108: 30, 109: 58, 110: 296, 111: 380, 112: 142, 113: 268, 114: 30, 115: 86, 116: 324, 117: 156, 118: 394, 119: 16, 120: 254, 121: 380, 122: 142, 123: 240, 124: 478, 125: 254, 126: 16, 127: 296, 128: 58, 129: 114, 130: 352, 131: 30, 132: 268, 133: 338, 134: 100, 135: 240, 136: 478, 137: 282, 138: 44, 139: 30, 140: 268, 141: 324, 142: 86, 143: 16, 144: 254, 145: 142, 146: 380, 147: 254, 148: 16, 149: 254, 150: 16, 151: 366, 152: 128, 153: 254, 154: 16, 155: 282, 156: 44, 157: 310, 158: 72, 159: 100, 160: 338, 161: 310, 162: 72, 163: 142, 164: 380, 165: 100, 166: 338, 167: 282, 168: 44, 169: 282, 170: 44, 171: 268, 172: 30, 173: 352, 174: 114, 175: 352, 176: 114, 177: 268, 178: 30, 179: 30, 180: 268, 181: 254, 182: 16, 183: 310, 184: 72, 185: 142, 186: 380, 187: 58, 188: 296, 189: 16, 190: 254, 191: 16, 192: 254, 193: 478, 194: 240, 195: 282, 196: 44, 197: 254, 198: 16, 199: 254, 200: 16}
Number of lables used:  24
Total time: 0.34 seconds
Memory used: 41.97 MB
--------------------------------------------------

Trying with at most 23 labels...
Solution:
{1: 296, 2: 58, 3: 380, 4: 142, 5: 282, 6: 44, 7: 142, 8: 380, 9: 478, 10: 240, 11: 456, 12: 694, 13: 44, 14: 282, 15: 296, 16: 58, 17: 16, 18: 254, 19: 338, 20: 100, 21: 338, 22: 100, 23: 240, 24: 478, 25: 338, 26: 100, 27: 58, 28: 296, 29: 16, 30: 254, 31: 456, 32: 694, 33: 352, 34: 114, 35: 254, 36: 16, 37: 16, 38: 254, 39: 338, 40: 100, 41: 282, 42: 44, 43: 128, 44: 366, 45: 338, 46: 100, 47: 16, 48: 254, 49: 456, 50: 694, 51: 100, 52: 338, 53: 352, 54: 114, 55: 296, 56: 58, 57: 58, 58: 296, 59: 512, 60: 750, 61: 366, 62: 128, 63: 380, 64: 142, 65: 16, 66: 254, 67: 114, 68: 352, 69: 16, 70: 254, 71: 58, 72: 296, 73: 240, 74: 478, 75: 44, 76: 282, 77: 540, 78: 778, 79: 16, 80: 254, 81: 100, 82: 338, 83: 114, 84: 352, 85: 44, 86: 282, 87: 380, 88: 142, 89: 456, 90: 694, 91: 296, 92: 58, 93: 512, 94: 750, 95: 114, 96: 352, 97: 478, 98: 240, 99: 296, 100: 58, 101: 380, 102: 142, 103: 44, 104: 282, 105: 282, 106: 44, 107: 44, 108: 282, 109: 58, 110: 296, 111: 380, 112: 142, 113: 456, 114: 694, 115: 296, 116: 58, 117: 254, 118: 16, 119: 16, 120: 254, 121: 380, 122: 142, 123: 380, 124: 142, 125: 254, 126: 16, 127: 512, 128: 750, 129: 456, 130: 694, 131: 44, 132: 282, 133: 100, 134: 338, 135: 478, 136: 240, 137: 282, 138: 44, 139: 58, 140: 296, 141: 58, 142: 296, 143: 16, 144: 254, 145: 142, 146: 380, 147: 16, 148: 254, 149: 456, 150: 694, 151: 778, 152: 540, 153: 282, 154: 44, 155: 282, 156: 44, 157: 100, 158: 338, 159: 512, 160: 750, 161: 456, 162: 694, 163: 142, 164: 380, 165: 456, 166: 694, 167: 282, 168: 44, 169: 282, 170: 44, 171: 456, 172: 694, 173: 16, 174: 254, 175: 352, 176: 114, 177: 456, 178: 694, 179: 44, 180: 282, 181: 750, 182: 512, 183: 352, 184: 114, 185: 142, 186: 380, 187: 142, 188: 380, 189: 16, 190: 254, 191: 16, 192: 254, 193: 478, 194: 240, 195: 282, 196: 44, 197: 114, 198: 352, 199: 114, 200: 352}
Number of lables used:  22
Total time: 0.34 seconds
Memory used: 41.97 MB
--------------------------------------------------

Trying with at most 21 labels...
Solution:
{1: 296, 2: 58, 3: 380, 4: 142, 5: 282, 6: 44, 7: 142, 8: 380, 9: 478, 10: 240, 11: 512, 12: 750, 13: 44, 14: 282, 15: 296, 16: 58, 17: 16, 18: 254, 19: 352, 20: 114, 21: 44, 22: 282, 23: 240, 24: 478, 25: 540, 26: 778, 27: 58, 28: 296, 29: 16, 30: 254, 31: 456, 32: 694, 33: 352, 34: 114, 35: 254, 36: 16, 37: 16, 38: 254, 39: 16, 40: 254, 41: 282, 42: 44, 43: 128, 44: 366, 45: 254, 46: 16, 47: 16, 48: 254, 49: 456, 50: 694, 51: 128, 52: 366, 53: 352, 54: 114, 55: 296, 56: 58, 57: 58, 58: 296, 59: 512, 60: 750, 61: 366, 62: 128, 63: 296, 64: 58, 65: 16, 66: 254, 67: 512, 68: 750, 69: 16, 70: 254, 71: 58, 72: 296, 73: 240, 74: 478, 75: 44, 76: 282, 77: 296, 78: 58, 79: 16, 80: 254, 81: 114, 82: 352, 83: 114, 84: 352, 85: 114, 86: 352, 87: 380, 88: 142, 89: 456, 90: 694, 91: 296, 92: 58, 93: 512, 94: 750, 95: 114, 96: 352, 97: 478, 98: 240, 99: 296, 100: 58, 101: 380, 102: 142, 103: 44, 104: 282, 105: 282, 106: 44, 107: 44, 108: 282, 109: 58, 110: 296, 111: 380, 112: 142, 113: 456, 114: 694, 115: 540, 116: 778, 117: 254, 118: 16, 119: 16, 120: 254, 121: 380, 122: 142, 123: 380, 124: 142, 125: 254, 126: 16, 127: 694, 128: 456, 129: 456, 130: 694, 131: 44, 132: 282, 133: 750, 134: 512, 135: 478, 136: 240, 137: 282, 138: 44, 139: 58, 140: 296, 141: 58, 142: 296, 143: 16, 144: 254, 145: 142, 146: 380, 147: 16, 148: 254, 149: 456, 150: 694, 151: 778, 152: 540, 153: 282, 154: 44, 155: 282, 156: 44, 157: 142, 158: 380, 159: 540, 160: 778, 161: 456, 162: 694, 163: 142, 164: 380, 165: 456, 166: 694, 167: 282, 168: 44, 169: 282, 170: 44, 171: 456, 172: 694, 173: 16, 174: 254, 175: 352, 176: 114, 177: 456, 178: 694, 179: 44, 180: 282, 181: 254, 182: 16, 183: 352, 184: 114, 185: 142, 186: 380, 187: 142, 188: 380, 189: 16, 190: 254, 191: 16, 192: 254, 193: 478, 194: 240, 195: 282, 196: 44, 197: 114, 198: 352, 199: 114, 200: 352}
Number of lables used:  20
Total time: 0.35 seconds
Memory used: 41.97 MB
--------------------------------------------------

Trying with at most 19 labels...
Solution:
{1: 296, 2: 58, 3: 554, 4: 792, 5: 456, 6: 694, 7: 142, 8: 380, 9: 380, 10: 142, 11: 792, 12: 554, 13: 456, 14: 694, 15: 296, 16: 58, 17: 296, 18: 58, 19: 338, 20: 100, 21: 456, 22: 694, 23: 170, 24: 408, 25: 100, 26: 338, 27: 512, 28: 750, 29: 142, 30: 380, 31: 512, 32: 750, 33: 114, 34: 352, 35: 58, 36: 296, 37: 456, 38: 694, 39: 296, 40: 58, 41: 100, 42: 338, 43: 114, 44: 352, 45: 352, 46: 114, 47: 142, 48: 380, 49: 58, 50: 296, 51: 58, 52: 296, 53: 484, 54: 722, 55: 352, 56: 114, 57: 352, 58: 114, 59: 792, 60: 554, 61: 114, 62: 352, 63: 352, 64: 114, 65: 100, 66: 338, 67: 484, 68: 722, 69: 58, 70: 296, 71: 58, 72: 296, 73: 170, 74: 408, 75: 456, 76: 694, 77: 296, 78: 58, 79: 296, 80: 58, 81: 58, 82: 296, 83: 100, 84: 338, 85: 58, 86: 296, 87: 296, 88: 58, 89: 456, 90: 694, 91: 296, 92: 58, 93: 456, 94: 694, 95: 722, 96: 484, 97: 170, 98: 408, 99: 296, 100: 58, 101: 380, 102: 142, 103: 456, 104: 694, 105: 512, 106: 750, 107: 338, 108: 100, 109: 58, 110: 296, 111: 380, 112: 142, 113: 484, 114: 722, 115: 114, 116: 352, 117: 380, 118: 142, 119: 100, 120: 338, 121: 380, 122: 142, 123: 380, 124: 142, 125: 554, 126: 792, 127: 58, 128: 296, 129: 456, 130: 694, 131: 296, 132: 58, 133: 750, 134: 512, 135: 170, 136: 408, 137: 296, 138: 58, 139: 338, 140: 100, 141: 58, 142: 296, 143: 58, 144: 296, 145: 58, 146: 296, 147: 484, 148: 722, 149: 456, 150: 694, 151: 484, 152: 722, 153: 142, 154: 380, 155: 456, 156: 694, 157: 554, 158: 792, 159: 792, 160: 554, 161: 456, 162: 694, 163: 296, 164: 58, 165: 142, 166: 380, 167: 338, 168: 100, 169: 100, 170: 338, 171: 456, 172: 694, 173: 58, 174: 296, 175: 114, 176: 352, 177: 456, 178: 694, 179: 100, 180: 338, 181: 380, 182: 142, 183: 750, 184: 512, 185: 554, 186: 792, 187: 512, 188: 750, 189: 456, 190: 694, 191: 694, 192: 456, 193: 170, 194: 408, 195: 380, 196: 142, 197: 114, 198: 352, 199: 114, 200: 352}
Number of lables used:  18
Total time: 0.39 seconds
Memory used: 50.33 MB
--------------------------------------------------

Trying with at most 17 labels...
[runlim] sample:		9.94 time, 10.01 real, 63 MB, 1.02 load
[runlim] sample:		19.92 time, 20.01 real, 58 MB, 1.10 load
[runlim] sample:		29.91 time, 30.01 real, 66 MB, 1.08 load
[runlim] sample:		39.90 time, 40.01 real, 70 MB, 1.07 load
[runlim] sample:		49.90 time, 50.01 real, 72 MB, 1.06 load
[runlim] sample:		59.89 time, 60.01 real, 71 MB, 1.05 load
[runlim] sample:		69.89 time, 70.01 real, 71 MB, 1.04 load
[runlim] sample:		79.89 time, 80.01 real, 55 MB, 1.04 load
[runlim] sample:		89.88 time, 90.01 real, 73 MB, 1.03 load
[runlim] sample:		99.88 time, 100.01 real, 55 MB, 1.11 load
[runlim] sample:		109.88 time, 110.01 real, 57 MB, 1.09 load
[runlim] sample:		119.87 time, 120.01 real, 79 MB, 1.07 load
[runlim] sample:		129.87 time, 130.01 real, 68 MB, 1.06 load
[runlim] sample:		139.87 time, 140.01 real, 81 MB, 1.05 load
[runlim] sample:		149.87 time, 150.01 real, 81 MB, 1.04 load
[runlim] sample:		159.86 time, 160.01 real, 82 MB, 1.04 load
[runlim] sample:		169.85 time, 170.01 real, 82 MB, 1.03 load
[runlim] sample:		179.85 time, 180.01 real, 82 MB, 1.03 load
[runlim] sample:		189.85 time, 190.01 real, 90 MB, 1.02 load
[runlim] sample:		199.85 time, 200.01 real, 90 MB, 1.02 load
[runlim] sample:		209.85 time, 210.01 real, 90 MB, 1.01 load
[runlim] sample:		219.84 time, 220.01 real, 90 MB, 1.01 load
[runlim] sample:		229.84 time, 230.01 real, 90 MB, 1.01 load
[runlim] sample:		239.84 time, 240.01 real, 90 MB, 1.01 load
[runlim] sample:		249.83 time, 250.01 real, 90 MB, 1.01 load
[runlim] sample:		259.83 time, 260.01 real, 90 MB, 1.00 load
[runlim] sample:		269.82 time, 270.01 real, 97 MB, 1.00 load
[runlim] sample:		279.82 time, 280.01 real, 99 MB, 1.00 load
[runlim] sample:		289.82 time, 290.01 real, 99 MB, 1.00 load
[runlim] sample:		299.81 time, 300.01 real, 79 MB, 1.00 load
[runlim] sample:		309.80 time, 310.01 real, 90 MB, 1.00 load
[runlim] sample:		319.80 time, 320.01 real, 90 MB, 1.00 load
[runlim] sample:		329.80 time, 330.01 real, 90 MB, 1.00 load
[runlim] sample:		339.79 time, 340.01 real, 90 MB, 1.00 load
[runlim] sample:		349.79 time, 350.01 real, 90 MB, 1.07 load
[runlim] sample:		359.78 time, 360.01 real, 91 MB, 1.22 load
[runlim] sample:		369.78 time, 370.01 real, 92 MB, 1.18 load
[runlim] sample:		379.78 time, 380.01 real, 92 MB, 1.15 load
[runlim] sample:		389.78 time, 390.01 real, 92 MB, 1.13 load
[runlim] sample:		399.77 time, 400.01 real, 92 MB, 1.11 load
[runlim] sample:		409.78 time, 410.01 real, 94 MB, 1.09 load
[runlim] sample:		419.78 time, 420.01 real, 94 MB, 1.16 load
[runlim] sample:		429.76 time, 430.01 real, 75 MB, 1.13 load
[runlim] sample:		439.76 time, 440.01 real, 77 MB, 1.11 load
[runlim] sample:		449.76 time, 450.01 real, 98 MB, 1.09 load
[runlim] sample:		459.76 time, 460.01 real, 115 MB, 1.08 load
[runlim] sample:		469.76 time, 470.01 real, 113 MB, 1.07 load
[runlim] sample:		479.76 time, 480.01 real, 113 MB, 1.06 load
[runlim] sample:		489.75 time, 490.01 real, 113 MB, 1.05 load
[runlim] sample:		499.75 time, 500.01 real, 80 MB, 1.04 load
[runlim] sample:		509.75 time, 510.01 real, 117 MB, 1.03 load
[runlim] sample:		519.74 time, 520.01 real, 117 MB, 1.11 load
[runlim] sample:		529.74 time, 530.01 real, 96 MB, 1.09 load
[runlim] sample:		539.73 time, 540.01 real, 111 MB, 1.08 load
[runlim] sample:		549.73 time, 550.01 real, 111 MB, 1.06 load
[runlim] sample:		559.73 time, 560.01 real, 136 MB, 1.05 load
[runlim] sample:		569.72 time, 570.01 real, 141 MB, 1.05 load
[runlim] sample:		579.72 time, 580.01 real, 141 MB, 1.04 load
[runlim] sample:		589.71 time, 590.01 real, 141 MB, 1.03 load
[runlim] sample:		599.71 time, 600.01 real, 87 MB, 1.03 load
[runlim] end:			Wed Mar 25 22:18:34 2026
[runlim] status:		out of time
[runlim] result:		2
[runlim] children:		1
[runlim] processes:		2
[runlim] real:			601.06 seconds
[runlim] time:			599.71 seconds
[runlim] space:			141 MB
[runlim] load:			1.22 maximum
[runlim] samples:		6000
