[runlim] version:		2.0.0rc12
[runlim] host:			ap-Precision-7550
[runlim] time limit:		311040000 seconds
[runlim] real time limit:	600 seconds
[runlim] space limit:		14000 MB
[runlim] argv[0]:		python3
[runlim] argv[1]:		-u
[runlim] argv[2]:		pairwise.py
[runlim] argv[3]:		TUD200.3
[runlim] argv[4]:		assumptions
[runlim] start:			Thu Mar 26 02:28:12 2026
[runlim] child:			31226
Solve first problem:
Solution:
{1: 526, 2: 764, 3: 470, 4: 708, 5: 72, 6: 310, 7: 380, 8: 142, 9: 414, 10: 652, 11: 142, 12: 380, 13: 380, 14: 142, 15: 296, 16: 58, 17: 142, 18: 380, 19: 72, 20: 310, 21: 526, 22: 764, 23: 512, 24: 750, 25: 268, 26: 30, 27: 30, 28: 268, 29: 268, 30: 30, 31: 254, 32: 16, 33: 540, 34: 778, 35: 44, 36: 282, 37: 764, 38: 526, 39: 324, 40: 86, 41: 72, 42: 310, 43: 128, 44: 366, 45: 484, 46: 722, 47: 352, 48: 114, 49: 554, 50: 792, 51: 456, 52: 694, 53: 324, 54: 86, 55: 338, 56: 100, 57: 442, 58: 680, 59: 526, 60: 764, 61: 310, 62: 72, 63: 156, 64: 394, 65: 16, 66: 254, 67: 414, 68: 652, 69: 722, 70: 484, 71: 268, 72: 30, 73: 324, 74: 86, 75: 442, 76: 680, 77: 156, 78: 394, 79: 58, 80: 296, 81: 554, 82: 792, 83: 512, 84: 750, 85: 428, 86: 666, 87: 722, 88: 484, 89: 792, 90: 554, 91: 554, 92: 792, 93: 394, 94: 156, 95: 268, 96: 30, 97: 478, 98: 240, 99: 170, 100: 408, 101: 352, 102: 114, 103: 296, 104: 58, 105: 498, 106: 736, 107: 100, 108: 338, 109: 394, 110: 156, 111: 540, 112: 778, 113: 16, 114: 254, 115: 254, 116: 16, 117: 100, 118: 338, 119: 310, 120: 72, 121: 240, 122: 478, 123: 512, 124: 750, 125: 498, 126: 736, 127: 428, 128: 666, 129: 268, 130: 30, 131: 240, 132: 478, 133: 498, 134: 736, 135: 554, 136: 792, 137: 652, 138: 414, 139: 554, 140: 792, 141: 498, 142: 736, 143: 254, 144: 16, 145: 456, 146: 694, 147: 268, 148: 30, 149: 254, 150: 16, 151: 352, 152: 114, 153: 324, 154: 86, 155: 394, 156: 156, 157: 540, 158: 778, 159: 512, 160: 750, 161: 554, 162: 792, 163: 554, 164: 792, 165: 254, 166: 16, 167: 442, 168: 680, 169: 498, 170: 736, 171: 554, 172: 792, 173: 282, 174: 44, 175: 470, 176: 708, 177: 442, 178: 680, 179: 380, 180: 142, 181: 254, 182: 16, 183: 498, 184: 736, 185: 484, 186: 722, 187: 254, 188: 16, 189: 498, 190: 736, 191: 540, 192: 778, 193: 484, 194: 722, 195: 72, 196: 310, 197: 526, 198: 764, 199: 554, 200: 792}
Number of lables used:  48
Total time: 0.35 seconds
Memory used: 49.12 MB
--------------------------------------------------

Trying with at most 47 labels...
Solution:
{1: 526, 2: 764, 3: 470, 4: 708, 5: 72, 6: 310, 7: 526, 8: 764, 9: 414, 10: 652, 11: 408, 12: 170, 13: 380, 14: 142, 15: 296, 16: 58, 17: 142, 18: 380, 19: 72, 20: 310, 21: 526, 22: 764, 23: 512, 24: 750, 25: 268, 26: 30, 27: 30, 28: 268, 29: 268, 30: 30, 31: 254, 32: 16, 33: 540, 34: 778, 35: 44, 36: 282, 37: 764, 38: 526, 39: 44, 40: 282, 41: 394, 42: 156, 43: 128, 44: 366, 45: 484, 46: 722, 47: 352, 48: 114, 49: 254, 50: 16, 51: 456, 52: 694, 53: 324, 54: 86, 55: 338, 56: 100, 57: 442, 58: 680, 59: 526, 60: 764, 61: 310, 62: 72, 63: 296, 64: 58, 65: 16, 66: 254, 67: 414, 68: 652, 69: 722, 70: 484, 71: 268, 72: 30, 73: 324, 74: 86, 75: 442, 76: 680, 77: 156, 78: 394, 79: 58, 80: 296, 81: 324, 82: 86, 83: 310, 84: 72, 85: 428, 86: 666, 87: 722, 88: 484, 89: 764, 90: 526, 91: 114, 92: 352, 93: 394, 94: 156, 95: 268, 96: 30, 97: 478, 98: 240, 99: 170, 100: 408, 101: 352, 102: 114, 103: 296, 104: 58, 105: 498, 106: 736, 107: 100, 108: 338, 109: 282, 110: 44, 111: 540, 112: 778, 113: 16, 114: 254, 115: 254, 116: 16, 117: 100, 118: 338, 119: 310, 120: 72, 121: 240, 122: 478, 123: 512, 124: 750, 125: 498, 126: 736, 127: 428, 128: 666, 129: 268, 130: 30, 131: 240, 132: 478, 133: 498, 134: 736, 135: 114, 136: 352, 137: 652, 138: 414, 139: 652, 140: 414, 141: 498, 142: 736, 143: 778, 144: 540, 145: 456, 146: 694, 147: 268, 148: 30, 149: 254, 150: 16, 151: 352, 152: 114, 153: 324, 154: 86, 155: 394, 156: 156, 157: 540, 158: 778, 159: 512, 160: 750, 161: 778, 162: 540, 163: 470, 164: 708, 165: 254, 166: 16, 167: 442, 168: 680, 169: 498, 170: 736, 171: 380, 172: 142, 173: 268, 174: 30, 175: 470, 176: 708, 177: 268, 178: 30, 179: 380, 180: 142, 181: 310, 182: 72, 183: 324, 184: 86, 185: 484, 186: 722, 187: 254, 188: 16, 189: 498, 190: 736, 191: 540, 192: 778, 193: 484, 194: 722, 195: 72, 196: 310, 197: 526, 198: 764, 199: 254, 200: 16}
Number of lables used:  46
Total time: 0.36 seconds
Memory used: 51.57 MB
--------------------------------------------------

Trying with at most 45 labels...
Solution:
{1: 526, 2: 764, 3: 470, 4: 708, 5: 72, 6: 310, 7: 526, 8: 764, 9: 414, 10: 652, 11: 408, 12: 170, 13: 380, 14: 142, 15: 296, 16: 58, 17: 142, 18: 380, 19: 72, 20: 310, 21: 526, 22: 764, 23: 30, 24: 268, 25: 268, 26: 30, 27: 30, 28: 268, 29: 268, 30: 30, 31: 254, 32: 16, 33: 44, 34: 282, 35: 44, 36: 282, 37: 764, 38: 526, 39: 44, 40: 282, 41: 394, 42: 156, 43: 128, 44: 366, 45: 484, 46: 722, 47: 352, 48: 114, 49: 254, 50: 16, 51: 456, 52: 694, 53: 324, 54: 86, 55: 268, 56: 30, 57: 442, 58: 680, 59: 526, 60: 764, 61: 310, 62: 72, 63: 296, 64: 58, 65: 16, 66: 254, 67: 414, 68: 652, 69: 736, 70: 498, 71: 268, 72: 30, 73: 324, 74: 86, 75: 442, 76: 680, 77: 156, 78: 394, 79: 58, 80: 296, 81: 324, 82: 86, 83: 310, 84: 72, 85: 442, 86: 680, 87: 722, 88: 484, 89: 764, 90: 526, 91: 114, 92: 352, 93: 394, 94: 156, 95: 268, 96: 30, 97: 478, 98: 240, 99: 170, 100: 408, 101: 352, 102: 114, 103: 296, 104: 58, 105: 498, 106: 736, 107: 100, 108: 338, 109: 282, 110: 44, 111: 540, 112: 778, 113: 16, 114: 254, 115: 254, 116: 16, 117: 100, 118: 338, 119: 310, 120: 72, 121: 240, 122: 478, 123: 338, 124: 100, 125: 498, 126: 736, 127: 442, 128: 680, 129: 268, 130: 30, 131: 240, 132: 478, 133: 498, 134: 736, 135: 114, 136: 352, 137: 652, 138: 414, 139: 652, 140: 414, 141: 268, 142: 30, 143: 778, 144: 540, 145: 456, 146: 694, 147: 268, 148: 30, 149: 254, 150: 16, 151: 352, 152: 114, 153: 324, 154: 86, 155: 394, 156: 156, 157: 540, 158: 778, 159: 736, 160: 498, 161: 778, 162: 540, 163: 470, 164: 708, 165: 254, 166: 16, 167: 442, 168: 680, 169: 498, 170: 736, 171: 380, 172: 142, 173: 268, 174: 30, 175: 470, 176: 708, 177: 268, 178: 30, 179: 380, 180: 142, 181: 310, 182: 72, 183: 324, 184: 86, 185: 484, 186: 722, 187: 254, 188: 16, 189: 498, 190: 736, 191: 540, 192: 778, 193: 484, 194: 722, 195: 72, 196: 310, 197: 526, 198: 764, 199: 254, 200: 16}
Number of lables used:  42
Total time: 0.36 seconds
Memory used: 51.57 MB
--------------------------------------------------

Trying with at most 41 labels...
Solution:
{1: 736, 2: 498, 3: 470, 4: 708, 5: 72, 6: 310, 7: 30, 8: 268, 9: 498, 10: 736, 11: 408, 12: 170, 13: 414, 14: 652, 15: 296, 16: 58, 17: 142, 18: 380, 19: 72, 20: 310, 21: 540, 22: 778, 23: 778, 24: 540, 25: 324, 26: 86, 27: 30, 28: 268, 29: 394, 30: 156, 31: 254, 32: 16, 33: 44, 34: 282, 35: 44, 36: 282, 37: 44, 38: 282, 39: 44, 40: 282, 41: 394, 42: 156, 43: 142, 44: 380, 45: 142, 46: 380, 47: 366, 48: 128, 49: 254, 50: 16, 51: 380, 52: 142, 53: 380, 54: 142, 55: 268, 56: 30, 57: 86, 58: 324, 59: 296, 60: 58, 61: 310, 62: 72, 63: 296, 64: 58, 65: 16, 66: 254, 67: 470, 68: 708, 69: 778, 70: 540, 71: 268, 72: 30, 73: 324, 74: 86, 75: 114, 76: 352, 77: 156, 78: 394, 79: 778, 80: 540, 81: 324, 82: 86, 83: 414, 84: 652, 85: 498, 86: 736, 87: 708, 88: 470, 89: 470, 90: 708, 91: 114, 92: 352, 93: 394, 94: 156, 95: 86, 96: 324, 97: 478, 98: 240, 99: 170, 100: 408, 101: 352, 102: 114, 103: 296, 104: 58, 105: 498, 106: 736, 107: 100, 108: 338, 109: 282, 110: 44, 111: 540, 112: 778, 113: 16, 114: 254, 115: 254, 116: 16, 117: 100, 118: 338, 119: 310, 120: 72, 121: 240, 122: 478, 123: 338, 124: 100, 125: 498, 126: 736, 127: 470, 128: 708, 129: 268, 130: 30, 131: 240, 132: 478, 133: 498, 134: 736, 135: 114, 136: 352, 137: 652, 138: 414, 139: 708, 140: 470, 141: 268, 142: 30, 143: 778, 144: 540, 145: 470, 146: 708, 147: 268, 148: 30, 149: 254, 150: 16, 151: 352, 152: 114, 153: 324, 154: 86, 155: 394, 156: 156, 157: 540, 158: 778, 159: 736, 160: 498, 161: 366, 162: 128, 163: 470, 164: 708, 165: 254, 166: 16, 167: 736, 168: 498, 169: 498, 170: 736, 171: 652, 172: 414, 173: 268, 174: 30, 175: 44, 176: 282, 177: 128, 178: 366, 179: 380, 180: 142, 181: 310, 182: 72, 183: 324, 184: 86, 185: 30, 186: 268, 187: 254, 188: 16, 189: 498, 190: 736, 191: 540, 192: 778, 193: 470, 194: 708, 195: 72, 196: 310, 197: 540, 198: 778, 199: 254, 200: 16}
Number of lables used:  34
Total time: 0.36 seconds
Memory used: 51.58 MB
--------------------------------------------------

Trying with at most 33 labels...
Solution:
{1: 736, 2: 498, 3: 470, 4: 708, 5: 72, 6: 310, 7: 30, 8: 268, 9: 498, 10: 736, 11: 408, 12: 170, 13: 414, 14: 652, 15: 296, 16: 58, 17: 142, 18: 380, 19: 72, 20: 310, 21: 540, 22: 778, 23: 778, 24: 540, 25: 324, 26: 86, 27: 30, 28: 268, 29: 394, 30: 156, 31: 254, 32: 16, 33: 44, 34: 282, 35: 44, 36: 282, 37: 44, 38: 282, 39: 44, 40: 282, 41: 394, 42: 156, 43: 142, 44: 380, 45: 142, 46: 380, 47: 366, 48: 128, 49: 254, 50: 16, 51: 380, 52: 142, 53: 380, 54: 142, 55: 268, 56: 30, 57: 86, 58: 324, 59: 296, 60: 58, 61: 310, 62: 72, 63: 296, 64: 58, 65: 16, 66: 254, 67: 470, 68: 708, 69: 128, 70: 366, 71: 268, 72: 30, 73: 324, 74: 86, 75: 128, 76: 366, 77: 156, 78: 394, 79: 778, 80: 540, 81: 324, 82: 86, 83: 414, 84: 652, 85: 498, 86: 736, 87: 708, 88: 470, 89: 470, 90: 708, 91: 128, 92: 366, 93: 394, 94: 156, 95: 86, 96: 324, 97: 478, 98: 240, 99: 170, 100: 408, 101: 708, 102: 470, 103: 296, 104: 58, 105: 498, 106: 736, 107: 100, 108: 338, 109: 282, 110: 44, 111: 540, 112: 778, 113: 16, 114: 254, 115: 254, 116: 16, 117: 100, 118: 338, 119: 708, 120: 470, 121: 240, 122: 478, 123: 338, 124: 100, 125: 498, 126: 736, 127: 540, 128: 778, 129: 268, 130: 30, 131: 240, 132: 478, 133: 498, 134: 736, 135: 128, 136: 366, 137: 652, 138: 414, 139: 708, 140: 470, 141: 268, 142: 30, 143: 778, 144: 540, 145: 470, 146: 708, 147: 156, 148: 394, 149: 254, 150: 16, 151: 72, 152: 310, 153: 324, 154: 86, 155: 394, 156: 156, 157: 540, 158: 778, 159: 736, 160: 498, 161: 366, 162: 128, 163: 470, 164: 708, 165: 254, 166: 16, 167: 736, 168: 498, 169: 498, 170: 736, 171: 652, 172: 414, 173: 268, 174: 30, 175: 44, 176: 282, 177: 128, 178: 366, 179: 380, 180: 142, 181: 310, 182: 72, 183: 324, 184: 86, 185: 30, 186: 268, 187: 254, 188: 16, 189: 498, 190: 736, 191: 540, 192: 778, 193: 470, 194: 708, 195: 72, 196: 310, 197: 540, 198: 778, 199: 254, 200: 16}
Number of lables used:  32
Total time: 0.36 seconds
Memory used: 51.58 MB
--------------------------------------------------

Trying with at most 31 labels...
Solution:
{1: 380, 2: 142, 3: 470, 4: 708, 5: 72, 6: 310, 7: 30, 8: 268, 9: 498, 10: 736, 11: 142, 12: 380, 13: 414, 14: 652, 15: 296, 16: 58, 17: 478, 18: 240, 19: 72, 20: 310, 21: 540, 22: 778, 23: 778, 24: 540, 25: 324, 26: 86, 27: 30, 28: 268, 29: 128, 30: 366, 31: 254, 32: 16, 33: 44, 34: 282, 35: 44, 36: 282, 37: 44, 38: 282, 39: 44, 40: 282, 41: 58, 42: 296, 43: 142, 44: 380, 45: 254, 46: 16, 47: 366, 48: 128, 49: 254, 50: 16, 51: 142, 52: 380, 53: 380, 54: 142, 55: 282, 56: 44, 57: 86, 58: 324, 59: 296, 60: 58, 61: 324, 62: 86, 63: 128, 64: 366, 65: 16, 66: 254, 67: 470, 68: 708, 69: 128, 70: 366, 71: 268, 72: 30, 73: 652, 74: 414, 75: 30, 76: 268, 77: 366, 78: 128, 79: 778, 80: 540, 81: 324, 82: 86, 83: 414, 84: 652, 85: 498, 86: 736, 87: 498, 88: 736, 89: 470, 90: 708, 91: 128, 92: 366, 93: 708, 94: 470, 95: 86, 96: 324, 97: 478, 98: 240, 99: 142, 100: 380, 101: 708, 102: 470, 103: 100, 104: 338, 105: 498, 106: 736, 107: 708, 108: 470, 109: 324, 110: 86, 111: 30, 112: 268, 113: 16, 114: 254, 115: 254, 116: 16, 117: 100, 118: 338, 119: 708, 120: 470, 121: 240, 122: 478, 123: 366, 124: 128, 125: 540, 126: 778, 127: 540, 128: 778, 129: 30, 130: 268, 131: 240, 132: 478, 133: 498, 134: 736, 135: 470, 136: 708, 137: 652, 138: 414, 139: 708, 140: 470, 141: 128, 142: 366, 143: 778, 144: 540, 145: 470, 146: 708, 147: 652, 148: 414, 149: 58, 150: 296, 151: 72, 152: 310, 153: 324, 154: 86, 155: 72, 156: 310, 157: 540, 158: 778, 159: 736, 160: 498, 161: 366, 162: 128, 163: 470, 164: 708, 165: 254, 166: 16, 167: 736, 168: 498, 169: 498, 170: 736, 171: 652, 172: 414, 173: 268, 174: 30, 175: 44, 176: 282, 177: 128, 178: 366, 179: 380, 180: 142, 181: 310, 182: 72, 183: 324, 184: 86, 185: 30, 186: 268, 187: 254, 188: 16, 189: 268, 190: 30, 191: 540, 192: 778, 193: 470, 194: 708, 195: 72, 196: 310, 197: 540, 198: 778, 199: 254, 200: 16}
Number of lables used:  28
Total time: 0.36 seconds
Memory used: 51.58 MB
--------------------------------------------------

Trying with at most 27 labels...
Solution:
{1: 380, 2: 142, 3: 470, 4: 708, 5: 72, 6: 310, 7: 30, 8: 268, 9: 414, 10: 652, 11: 142, 12: 380, 13: 554, 14: 792, 15: 296, 16: 58, 17: 478, 18: 240, 19: 72, 20: 310, 21: 540, 22: 778, 23: 778, 24: 540, 25: 324, 26: 86, 27: 30, 28: 268, 29: 652, 30: 414, 31: 254, 32: 16, 33: 380, 34: 142, 35: 44, 36: 282, 37: 652, 38: 414, 39: 44, 40: 282, 41: 72, 42: 310, 43: 44, 44: 282, 45: 254, 46: 16, 47: 268, 48: 30, 49: 254, 50: 16, 51: 142, 52: 380, 53: 380, 54: 142, 55: 282, 56: 44, 57: 86, 58: 324, 59: 296, 60: 58, 61: 324, 62: 86, 63: 554, 64: 792, 65: 16, 66: 254, 67: 470, 68: 708, 69: 128, 70: 366, 71: 268, 72: 30, 73: 652, 74: 414, 75: 652, 76: 414, 77: 366, 78: 128, 79: 778, 80: 540, 81: 324, 82: 86, 83: 540, 84: 778, 85: 540, 86: 778, 87: 554, 88: 792, 89: 470, 90: 708, 91: 128, 92: 366, 93: 708, 94: 470, 95: 86, 96: 324, 97: 142, 98: 380, 99: 142, 100: 380, 101: 708, 102: 470, 103: 128, 104: 366, 105: 324, 106: 86, 107: 778, 108: 540, 109: 708, 110: 470, 111: 30, 112: 268, 113: 16, 114: 254, 115: 142, 116: 380, 117: 30, 118: 268, 119: 708, 120: 470, 121: 240, 122: 478, 123: 366, 124: 128, 125: 540, 126: 778, 127: 540, 128: 778, 129: 30, 130: 268, 131: 240, 132: 478, 133: 142, 134: 380, 135: 414, 136: 652, 137: 86, 138: 324, 139: 708, 140: 470, 141: 128, 142: 366, 143: 128, 144: 366, 145: 470, 146: 708, 147: 652, 148: 414, 149: 58, 150: 296, 151: 72, 152: 310, 153: 324, 154: 86, 155: 72, 156: 310, 157: 58, 158: 296, 159: 778, 160: 540, 161: 380, 162: 142, 163: 470, 164: 708, 165: 254, 166: 16, 167: 470, 168: 708, 169: 470, 170: 708, 171: 652, 172: 414, 173: 268, 174: 30, 175: 44, 176: 282, 177: 128, 178: 366, 179: 380, 180: 142, 181: 310, 182: 72, 183: 324, 184: 86, 185: 44, 186: 282, 187: 254, 188: 16, 189: 268, 190: 30, 191: 540, 192: 778, 193: 470, 194: 708, 195: 72, 196: 310, 197: 540, 198: 778, 199: 254, 200: 16}
Number of lables used:  26
Total time: 0.37 seconds
Memory used: 51.59 MB
--------------------------------------------------

Trying with at most 25 labels...
Solution:
{1: 456, 2: 694, 3: 324, 4: 86, 5: 16, 6: 254, 7: 254, 8: 16, 9: 470, 10: 708, 11: 142, 12: 380, 13: 680, 14: 442, 15: 86, 16: 324, 17: 380, 18: 142, 19: 282, 20: 44, 21: 652, 22: 414, 23: 282, 24: 44, 25: 324, 26: 86, 27: 652, 28: 414, 29: 540, 30: 778, 31: 540, 32: 778, 33: 778, 34: 540, 35: 72, 36: 310, 37: 652, 38: 414, 39: 44, 40: 282, 41: 72, 42: 310, 43: 44, 44: 282, 45: 282, 46: 44, 47: 380, 48: 142, 49: 380, 50: 142, 51: 456, 52: 694, 53: 380, 54: 142, 55: 380, 56: 142, 57: 708, 58: 470, 59: 254, 60: 16, 61: 254, 62: 16, 63: 442, 64: 680, 65: 142, 66: 380, 67: 72, 68: 310, 69: 142, 70: 380, 71: 414, 72: 652, 73: 310, 74: 72, 75: 414, 76: 652, 77: 380, 78: 142, 79: 44, 80: 282, 81: 324, 82: 86, 83: 442, 84: 680, 85: 310, 86: 72, 87: 652, 88: 414, 89: 484, 90: 722, 91: 652, 92: 414, 93: 254, 94: 16, 95: 778, 96: 540, 97: 142, 98: 380, 99: 478, 100: 240, 101: 414, 102: 652, 103: 282, 104: 44, 105: 324, 106: 86, 107: 380, 108: 142, 109: 708, 110: 470, 111: 540, 112: 778, 113: 778, 114: 540, 115: 16, 116: 254, 117: 72, 118: 310, 119: 540, 120: 778, 121: 380, 122: 142, 123: 652, 124: 414, 125: 540, 126: 778, 127: 456, 128: 694, 129: 86, 130: 324, 131: 478, 132: 240, 133: 142, 134: 380, 135: 16, 136: 254, 137: 86, 138: 324, 139: 708, 140: 470, 141: 142, 142: 380, 143: 86, 144: 324, 145: 456, 146: 694, 147: 414, 148: 652, 149: 16, 150: 254, 151: 86, 152: 324, 153: 652, 154: 414, 155: 44, 156: 282, 157: 44, 158: 282, 159: 708, 160: 470, 161: 540, 162: 778, 163: 254, 164: 16, 165: 282, 166: 44, 167: 44, 168: 282, 169: 470, 170: 708, 171: 652, 172: 414, 173: 540, 174: 778, 175: 722, 176: 484, 177: 142, 178: 380, 179: 380, 180: 142, 181: 310, 182: 72, 183: 324, 184: 86, 185: 44, 186: 282, 187: 16, 188: 254, 189: 324, 190: 86, 191: 44, 192: 282, 193: 540, 194: 778, 195: 16, 196: 254, 197: 470, 198: 708, 199: 254, 200: 16}
Number of lables used:  24
Total time: 0.37 seconds
Memory used: 51.59 MB
--------------------------------------------------

Trying with at most 23 labels...
Solution:
{1: 456, 2: 694, 3: 324, 4: 86, 5: 16, 6: 254, 7: 254, 8: 16, 9: 470, 10: 708, 11: 142, 12: 380, 13: 708, 14: 470, 15: 86, 16: 324, 17: 380, 18: 142, 19: 282, 20: 44, 21: 652, 22: 414, 23: 282, 24: 44, 25: 324, 26: 86, 27: 652, 28: 414, 29: 540, 30: 778, 31: 540, 32: 778, 33: 778, 34: 540, 35: 72, 36: 310, 37: 652, 38: 414, 39: 44, 40: 282, 41: 72, 42: 310, 43: 44, 44: 282, 45: 282, 46: 44, 47: 380, 48: 142, 49: 380, 50: 142, 51: 456, 52: 694, 53: 380, 54: 142, 55: 380, 56: 142, 57: 708, 58: 470, 59: 254, 60: 16, 61: 254, 62: 16, 63: 456, 64: 694, 65: 142, 66: 380, 67: 72, 68: 310, 69: 142, 70: 380, 71: 414, 72: 652, 73: 310, 74: 72, 75: 414, 76: 652, 77: 380, 78: 142, 79: 44, 80: 282, 81: 324, 82: 86, 83: 470, 84: 708, 85: 310, 86: 72, 87: 652, 88: 414, 89: 484, 90: 722, 91: 652, 92: 414, 93: 254, 94: 16, 95: 778, 96: 540, 97: 142, 98: 380, 99: 478, 100: 240, 101: 414, 102: 652, 103: 282, 104: 44, 105: 324, 106: 86, 107: 380, 108: 142, 109: 708, 110: 470, 111: 540, 112: 778, 113: 778, 114: 540, 115: 16, 116: 254, 117: 72, 118: 310, 119: 540, 120: 778, 121: 380, 122: 142, 123: 652, 124: 414, 125: 540, 126: 778, 127: 456, 128: 694, 129: 86, 130: 324, 131: 478, 132: 240, 133: 142, 134: 380, 135: 16, 136: 254, 137: 86, 138: 324, 139: 708, 140: 470, 141: 142, 142: 380, 143: 86, 144: 324, 145: 456, 146: 694, 147: 414, 148: 652, 149: 16, 150: 254, 151: 86, 152: 324, 153: 652, 154: 414, 155: 44, 156: 282, 157: 44, 158: 282, 159: 708, 160: 470, 161: 540, 162: 778, 163: 254, 164: 16, 165: 282, 166: 44, 167: 44, 168: 282, 169: 484, 170: 722, 171: 652, 172: 414, 173: 540, 174: 778, 175: 722, 176: 484, 177: 142, 178: 380, 179: 380, 180: 142, 181: 310, 182: 72, 183: 324, 184: 86, 185: 44, 186: 282, 187: 16, 188: 254, 189: 324, 190: 86, 191: 44, 192: 282, 193: 540, 194: 778, 195: 16, 196: 254, 197: 470, 198: 708, 199: 254, 200: 16}
Number of lables used:  22
Total time: 0.37 seconds
Memory used: 51.61 MB
--------------------------------------------------

Trying with at most 21 labels...
Solution:
{1: 750, 2: 512, 3: 652, 4: 414, 5: 30, 6: 268, 7: 16, 8: 254, 9: 792, 10: 554, 11: 408, 12: 170, 13: 30, 14: 268, 15: 792, 16: 554, 17: 240, 18: 478, 19: 414, 20: 652, 21: 310, 22: 72, 23: 100, 24: 338, 25: 30, 26: 268, 27: 652, 28: 414, 29: 750, 30: 512, 31: 72, 32: 310, 33: 72, 34: 310, 35: 72, 36: 310, 37: 694, 38: 456, 39: 100, 40: 338, 41: 30, 42: 268, 43: 100, 44: 338, 45: 338, 46: 100, 47: 512, 48: 750, 49: 652, 50: 414, 51: 694, 52: 456, 53: 100, 54: 338, 55: 652, 56: 414, 57: 30, 58: 268, 59: 72, 60: 310, 61: 16, 62: 254, 63: 512, 64: 750, 65: 414, 66: 652, 67: 72, 68: 310, 69: 100, 70: 338, 71: 652, 72: 414, 73: 652, 74: 414, 75: 414, 76: 652, 77: 100, 78: 338, 79: 72, 80: 310, 81: 16, 82: 254, 83: 414, 84: 652, 85: 456, 86: 694, 87: 652, 88: 414, 89: 512, 90: 750, 91: 792, 92: 554, 93: 254, 94: 16, 95: 338, 96: 100, 97: 170, 98: 408, 99: 170, 100: 408, 101: 100, 102: 338, 103: 338, 104: 100, 105: 254, 106: 16, 107: 16, 108: 254, 109: 750, 110: 512, 111: 30, 112: 268, 113: 554, 114: 792, 115: 414, 116: 652, 117: 456, 118: 694, 119: 456, 120: 694, 121: 240, 122: 478, 123: 100, 124: 338, 125: 512, 126: 750, 127: 512, 128: 750, 129: 310, 130: 72, 131: 478, 132: 240, 133: 694, 134: 456, 135: 16, 136: 254, 137: 652, 138: 414, 139: 792, 140: 554, 141: 512, 142: 750, 143: 694, 144: 456, 145: 30, 146: 268, 147: 268, 148: 30, 149: 72, 150: 310, 151: 414, 152: 652, 153: 652, 154: 414, 155: 100, 156: 338, 157: 72, 158: 310, 159: 30, 160: 268, 161: 792, 162: 554, 163: 254, 164: 16, 165: 310, 166: 72, 167: 268, 168: 30, 169: 30, 170: 268, 171: 652, 172: 414, 173: 512, 174: 750, 175: 750, 176: 512, 177: 16, 178: 254, 179: 170, 180: 408, 181: 792, 182: 554, 183: 456, 184: 694, 185: 100, 186: 338, 187: 100, 188: 338, 189: 456, 190: 694, 191: 100, 192: 338, 193: 268, 194: 30, 195: 100, 196: 338, 197: 750, 198: 512, 199: 254, 200: 16}
Number of lables used:  20
Total time: 0.39 seconds
Memory used: 51.60 MB
--------------------------------------------------

Trying with at most 19 labels...
Solution:
{1: 750, 2: 512, 3: 652, 4: 414, 5: 100, 6: 338, 7: 30, 8: 268, 9: 792, 10: 554, 11: 408, 12: 170, 13: 30, 14: 268, 15: 414, 16: 652, 17: 240, 18: 478, 19: 338, 20: 100, 21: 310, 22: 72, 23: 100, 24: 338, 25: 30, 26: 268, 27: 750, 28: 512, 29: 750, 30: 512, 31: 792, 32: 554, 33: 72, 34: 310, 35: 72, 36: 310, 37: 694, 38: 456, 39: 310, 40: 72, 41: 30, 42: 268, 43: 100, 44: 338, 45: 694, 46: 456, 47: 512, 48: 750, 49: 652, 50: 414, 51: 694, 52: 456, 53: 554, 54: 792, 55: 652, 56: 414, 57: 30, 58: 268, 59: 72, 60: 310, 61: 338, 62: 100, 63: 554, 64: 792, 65: 554, 66: 792, 67: 72, 68: 310, 69: 100, 70: 338, 71: 652, 72: 414, 73: 652, 74: 414, 75: 414, 76: 652, 77: 268, 78: 30, 79: 694, 80: 456, 81: 30, 82: 268, 83: 414, 84: 652, 85: 694, 86: 456, 87: 652, 88: 414, 89: 512, 90: 750, 91: 792, 92: 554, 93: 310, 94: 72, 95: 72, 96: 310, 97: 408, 98: 170, 99: 170, 100: 408, 101: 554, 102: 792, 103: 338, 104: 100, 105: 310, 106: 72, 107: 750, 108: 512, 109: 310, 110: 72, 111: 30, 112: 268, 113: 750, 114: 512, 115: 652, 116: 414, 117: 456, 118: 694, 119: 456, 120: 694, 121: 240, 122: 478, 123: 750, 124: 512, 125: 694, 126: 456, 127: 512, 128: 750, 129: 268, 130: 30, 131: 170, 132: 408, 133: 694, 134: 456, 135: 72, 136: 310, 137: 652, 138: 414, 139: 792, 140: 554, 141: 338, 142: 100, 143: 694, 144: 456, 145: 30, 146: 268, 147: 268, 148: 30, 149: 72, 150: 310, 151: 414, 152: 652, 153: 694, 154: 456, 155: 554, 156: 792, 157: 456, 158: 694, 159: 30, 160: 268, 161: 30, 162: 268, 163: 72, 164: 310, 165: 310, 166: 72, 167: 792, 168: 554, 169: 30, 170: 268, 171: 652, 172: 414, 173: 512, 174: 750, 175: 750, 176: 512, 177: 30, 178: 268, 179: 170, 180: 408, 181: 792, 182: 554, 183: 456, 184: 694, 185: 694, 186: 456, 187: 100, 188: 338, 189: 456, 190: 694, 191: 100, 192: 338, 193: 268, 194: 30, 195: 554, 196: 792, 197: 100, 198: 338, 199: 268, 200: 30}
Number of lables used:  18
Total time: 0.39 seconds
Memory used: 51.60 MB
--------------------------------------------------

Trying with at most 17 labels...
Solution:
{1: 30, 2: 268, 3: 30, 4: 268, 5: 16, 6: 254, 7: 16, 8: 254, 9: 16, 10: 254, 11: 380, 12: 142, 13: 764, 14: 526, 15: 764, 16: 526, 17: 170, 18: 408, 19: 708, 20: 470, 21: 470, 22: 708, 23: 764, 24: 526, 25: 414, 26: 652, 27: 652, 28: 414, 29: 708, 30: 470, 31: 380, 32: 142, 33: 380, 34: 142, 35: 380, 36: 142, 37: 268, 38: 30, 39: 708, 40: 470, 41: 268, 42: 30, 43: 526, 44: 764, 45: 764, 46: 526, 47: 268, 48: 30, 49: 380, 50: 142, 51: 268, 52: 30, 53: 142, 54: 380, 55: 526, 56: 764, 57: 708, 58: 470, 59: 652, 60: 414, 61: 268, 62: 30, 63: 470, 64: 708, 65: 652, 66: 414, 67: 142, 68: 380, 69: 30, 70: 268, 71: 708, 72: 470, 73: 764, 74: 526, 75: 652, 76: 414, 77: 16, 78: 254, 79: 30, 80: 268, 81: 142, 82: 380, 83: 16, 84: 254, 85: 268, 86: 30, 87: 764, 88: 526, 89: 470, 90: 708, 91: 652, 92: 414, 93: 414, 94: 652, 95: 380, 96: 142, 97: 478, 98: 240, 99: 142, 100: 380, 101: 652, 102: 414, 103: 414, 104: 652, 105: 708, 106: 470, 107: 16, 108: 254, 109: 380, 110: 142, 111: 30, 112: 268, 113: 764, 114: 526, 115: 142, 116: 380, 117: 708, 118: 470, 119: 470, 120: 708, 121: 240, 122: 478, 123: 470, 124: 708, 125: 764, 126: 526, 127: 526, 128: 764, 129: 470, 130: 708, 131: 380, 132: 142, 133: 268, 134: 30, 135: 16, 136: 254, 137: 30, 138: 268, 139: 142, 140: 380, 141: 30, 142: 268, 143: 708, 144: 470, 145: 764, 146: 526, 147: 414, 148: 652, 149: 142, 150: 380, 151: 142, 152: 380, 153: 16, 154: 254, 155: 764, 156: 526, 157: 764, 158: 526, 159: 16, 160: 254, 161: 764, 162: 526, 163: 470, 164: 708, 165: 254, 166: 16, 167: 764, 168: 526, 169: 414, 170: 652, 171: 652, 172: 414, 173: 268, 174: 30, 175: 30, 176: 268, 177: 708, 178: 470, 179: 478, 180: 240, 181: 142, 182: 380, 183: 142, 184: 380, 185: 652, 186: 414, 187: 268, 188: 30, 189: 30, 190: 268, 191: 764, 192: 526, 193: 414, 194: 652, 195: 142, 196: 380, 197: 764, 198: 526, 199: 708, 200: 470}
Number of lables used:  16
Total time: 0.47 seconds
Memory used: 63.19 MB
--------------------------------------------------

Trying with at most 15 labels...
Solution:
{1: 470, 2: 708, 3: 708, 4: 470, 5: 142, 6: 380, 7: 296, 8: 58, 9: 142, 10: 380, 11: 478, 12: 240, 13: 296, 14: 58, 15: 764, 16: 526, 17: 478, 18: 240, 19: 58, 20: 296, 21: 708, 22: 470, 23: 652, 24: 414, 25: 526, 26: 764, 27: 44, 28: 282, 29: 470, 30: 708, 31: 414, 32: 652, 33: 58, 34: 296, 35: 764, 36: 526, 37: 414, 38: 652, 39: 296, 40: 58, 41: 380, 42: 142, 43: 296, 44: 58, 45: 58, 46: 296, 47: 44, 48: 282, 49: 652, 50: 414, 51: 44, 52: 282, 53: 652, 54: 414, 55: 380, 56: 142, 57: 296, 58: 58, 59: 526, 60: 764, 61: 296, 62: 58, 63: 296, 64: 58, 65: 764, 66: 526, 67: 380, 68: 142, 69: 58, 70: 296, 71: 414, 72: 652, 73: 764, 74: 526, 75: 526, 76: 764, 77: 142, 78: 380, 79: 58, 80: 296, 81: 296, 82: 58, 83: 282, 84: 44, 85: 526, 86: 764, 87: 58, 88: 296, 89: 652, 90: 414, 91: 414, 92: 652, 93: 282, 94: 44, 95: 652, 96: 414, 97: 240, 98: 478, 99: 142, 100: 380, 101: 414, 102: 652, 103: 708, 104: 470, 105: 414, 106: 652, 107: 652, 108: 414, 109: 470, 110: 708, 111: 142, 112: 380, 113: 652, 114: 414, 115: 764, 116: 526, 117: 470, 118: 708, 119: 526, 120: 764, 121: 240, 122: 478, 123: 414, 124: 652, 125: 764, 126: 526, 127: 470, 128: 708, 129: 470, 130: 708, 131: 240, 132: 478, 133: 526, 134: 764, 135: 764, 136: 526, 137: 470, 138: 708, 139: 142, 140: 380, 141: 380, 142: 142, 143: 142, 144: 380, 145: 44, 146: 282, 147: 414, 148: 652, 149: 282, 150: 44, 151: 142, 152: 380, 153: 470, 154: 708, 155: 414, 156: 652, 157: 44, 158: 282, 159: 44, 160: 282, 161: 526, 162: 764, 163: 296, 164: 58, 165: 282, 166: 44, 167: 470, 168: 708, 169: 380, 170: 142, 171: 764, 172: 526, 173: 142, 174: 380, 175: 282, 176: 44, 177: 58, 178: 296, 179: 240, 180: 478, 181: 708, 182: 470, 183: 526, 184: 764, 185: 526, 186: 764, 187: 44, 188: 282, 189: 764, 190: 526, 191: 380, 192: 142, 193: 652, 194: 414, 195: 414, 196: 652, 197: 296, 198: 58, 199: 142, 200: 380}
Number of lables used:  14
Total time: 0.72 seconds
Memory used: 63.45 MB
--------------------------------------------------

Trying with at most 13 labels...
Cannot find solution.
No more solutions found.
Optimal number of labels used:  14
Total time: 8.00 seconds
Memory used: 83.36 MB
[runlim] end:			Thu Mar 26 02:28:20 2026
[runlim] status:		ok
[runlim] result:		0
[runlim] children:		1
[runlim] processes:		2
[runlim] real:			8.05 seconds
[runlim] time:			7.99 seconds
[runlim] space:			83 MB
[runlim] load:			1.05 maximum
[runlim] samples:		81
