[runlim] version:		2.0.0rc12
[runlim] host:			ap-Precision-7550
[runlim] time limit:		311040000 seconds
[runlim] real time limit:	600 seconds
[runlim] space limit:		14000 MB
[runlim] argv[0]:		python3
[runlim] argv[1]:		-u
[runlim] argv[2]:		main.py
[runlim] argv[3]:		scen03
[runlim] argv[4]:		600
[runlim] start:			Thu Jul  2 17:35:32 2026
[runlim] child:			48245
Traceback (most recent call last):
  File "/home/ap/Desktop/Min-Order-Frequency-Assignment-Problem/CPSAT/main.py", line 1, in <module>
    from common import run
  File "/home/ap/Desktop/Min-Order-Frequency-Assignment-Problem/CPSAT/common.py", line 6, in <module>
    from ortools.sat.python import cp_model
ModuleNotFoundError: No module named 'ortools'
[runlim] end:			Thu Jul  2 17:35:32 2026
[runlim] status:		ok
[runlim] result:		1
[runlim] children:		0
[runlim] processes:		0
[runlim] real:			0.10 seconds
[runlim] time:			0.00 seconds
[runlim] space:			0 MB
[runlim] load:			1.30 maximum
[runlim] samples:		1
