[runlim] version:		2.0.0rc12
[runlim] host:			ap-Precision-7550
[runlim] time limit:		311040000 seconds
[runlim] real time limit:	600 seconds
[runlim] space limit:		14000 MB
[runlim] argv[0]:		python3
[runlim] argv[1]:		-u
[runlim] argv[2]:		main.py
[runlim] argv[3]:		graph01
[runlim] argv[4]:		nsc
[runlim] argv[5]:		incremental
[runlim] argv[6]:		cadical195
[runlim] start:			Wed Mar 25 20:42:58 2026
[runlim] child:			21343
Solve first problem:
Solution:
{1: 296, 2: 58, 3: 652, 4: 414, 5: 16, 6: 254, 7: 380, 8: 142, 9: 380, 10: 142, 11: 778, 12: 540, 13: 338, 14: 100, 15: 296, 16: 58, 17: 652, 18: 414, 19: 394, 20: 156, 21: 296, 22: 58, 23: 478, 24: 240, 25: 310, 26: 72, 27: 114, 28: 352, 29: 296, 30: 58, 31: 268, 32: 30, 33: 352, 34: 114, 35: 310, 36: 72, 37: 338, 38: 100, 39: 324, 40: 86, 41: 282, 42: 44, 43: 778, 44: 540, 45: 254, 46: 16, 47: 72, 48: 310, 49: 282, 50: 44, 51: 394, 52: 156, 53: 310, 54: 72, 55: 86, 56: 324, 57: 16, 58: 254, 59: 778, 60: 540, 61: 254, 62: 16, 63: 352, 64: 114, 65: 254, 66: 16, 67: 296, 68: 58, 69: 254, 70: 16, 71: 324, 72: 86, 73: 380, 74: 142, 75: 268, 76: 30, 77: 750, 78: 512, 79: 310, 80: 72, 81: 254, 82: 16, 83: 268, 84: 30, 85: 324, 86: 86, 87: 680, 88: 442, 89: 338, 90: 100, 91: 652, 92: 414, 93: 254, 94: 16, 95: 44, 96: 282, 97: 478, 98: 240, 99: 30, 100: 268, 101: 380, 102: 142, 103: 282, 104: 44, 105: 352, 106: 114, 107: 296, 108: 58, 109: 296, 110: 58, 111: 380, 112: 142, 113: 268, 114: 30, 115: 114, 116: 352, 117: 254, 118: 16, 119: 296, 120: 58, 121: 380, 122: 142, 123: 380, 124: 142, 125: 254, 126: 16, 127: 296, 128: 58, 129: 338, 130: 100, 131: 268, 132: 30, 133: 694, 134: 456, 135: 478, 136: 240, 137: 282, 138: 44, 139: 296, 140: 58, 141: 324, 142: 86, 143: 324, 144: 86, 145: 268, 146: 30, 147: 254, 148: 16, 149: 324, 150: 86, 151: 652, 152: 414, 153: 254, 154: 16, 155: 324, 156: 86, 157: 268, 158: 30, 159: 268, 160: 30, 161: 394, 162: 156, 163: 296, 164: 58, 165: 352, 166: 114, 167: 366, 168: 128, 169: 254, 170: 16, 171: 268, 172: 30, 173: 254, 174: 16, 175: 324, 176: 86, 177: 254, 178: 16, 179: 282, 180: 44, 181: 652, 182: 414, 183: 268, 184: 30, 185: 324, 186: 86, 187: 268, 188: 30, 189: 254, 190: 16, 191: 310, 192: 72, 193: 380, 194: 142, 195: 268, 196: 30, 197: 254, 198: 16, 199: 254, 200: 16}
Number of lables used:  34
Time taken: 0.13 seconds
Memory used: 29.75 MB
--------------------------------------------------

Trying with at most 33 labels...
Solution:
{1: 652, 2: 414, 3: 58, 4: 296, 5: 394, 6: 156, 7: 478, 8: 240, 9: 142, 10: 380, 11: 694, 12: 456, 13: 100, 14: 338, 15: 652, 16: 414, 17: 268, 18: 30, 19: 142, 20: 380, 21: 652, 22: 414, 23: 142, 24: 380, 25: 72, 26: 310, 27: 44, 28: 282, 29: 100, 30: 338, 31: 142, 32: 380, 33: 86, 34: 324, 35: 114, 36: 352, 37: 156, 38: 394, 39: 128, 40: 366, 41: 694, 42: 456, 43: 30, 44: 268, 45: 142, 46: 380, 47: 128, 48: 366, 49: 666, 50: 428, 51: 44, 52: 282, 53: 114, 54: 352, 55: 268, 56: 30, 57: 30, 58: 268, 59: 254, 60: 16, 61: 694, 62: 456, 63: 142, 64: 380, 65: 666, 66: 428, 67: 72, 68: 310, 69: 666, 70: 428, 71: 114, 72: 352, 73: 240, 74: 478, 75: 58, 76: 296, 77: 428, 78: 666, 79: 694, 80: 456, 81: 156, 82: 394, 83: 694, 84: 456, 85: 694, 86: 456, 87: 114, 88: 352, 89: 694, 90: 456, 91: 128, 92: 366, 93: 694, 94: 456, 95: 296, 96: 58, 97: 478, 98: 240, 99: 652, 100: 414, 101: 156, 102: 394, 103: 694, 104: 456, 105: 694, 106: 456, 107: 156, 108: 394, 109: 666, 110: 428, 111: 86, 112: 324, 113: 666, 114: 428, 115: 156, 116: 394, 117: 156, 118: 394, 119: 652, 120: 414, 121: 478, 122: 240, 123: 240, 124: 478, 125: 652, 126: 414, 127: 114, 128: 352, 129: 128, 130: 366, 131: 142, 132: 380, 133: 380, 134: 142, 135: 240, 136: 478, 137: 666, 138: 428, 139: 156, 140: 394, 141: 142, 142: 380, 143: 156, 144: 394, 145: 666, 146: 428, 147: 666, 148: 428, 149: 666, 150: 428, 151: 296, 152: 58, 153: 666, 154: 428, 155: 114, 156: 352, 157: 666, 158: 428, 159: 58, 160: 296, 161: 30, 162: 268, 163: 666, 164: 428, 165: 652, 166: 414, 167: 666, 168: 428, 169: 352, 170: 114, 171: 666, 172: 428, 173: 114, 174: 352, 175: 86, 176: 324, 177: 156, 178: 394, 179: 156, 180: 394, 181: 652, 182: 414, 183: 142, 184: 380, 185: 86, 186: 324, 187: 142, 188: 380, 189: 156, 190: 394, 191: 86, 192: 324, 193: 240, 194: 478, 195: 142, 196: 380, 197: 156, 198: 394, 199: 156, 200: 394}
Number of lables used:  30
--------------------------------------------------

Trying with at most 29 labels...
Solution:
{1: 652, 2: 414, 3: 58, 4: 296, 5: 394, 6: 156, 7: 478, 8: 240, 9: 142, 10: 380, 11: 694, 12: 456, 13: 100, 14: 338, 15: 652, 16: 414, 17: 268, 18: 30, 19: 142, 20: 380, 21: 652, 22: 414, 23: 142, 24: 380, 25: 72, 26: 310, 27: 44, 28: 282, 29: 100, 30: 338, 31: 142, 32: 380, 33: 86, 34: 324, 35: 114, 36: 352, 37: 156, 38: 394, 39: 128, 40: 366, 41: 694, 42: 456, 43: 268, 44: 30, 45: 142, 46: 380, 47: 128, 48: 366, 49: 666, 50: 428, 51: 44, 52: 282, 53: 114, 54: 352, 55: 268, 56: 30, 57: 30, 58: 268, 59: 694, 60: 456, 61: 694, 62: 456, 63: 142, 64: 380, 65: 666, 66: 428, 67: 72, 68: 310, 69: 666, 70: 428, 71: 114, 72: 352, 73: 240, 74: 478, 75: 58, 76: 296, 77: 428, 78: 666, 79: 694, 80: 456, 81: 156, 82: 394, 83: 694, 84: 456, 85: 694, 86: 456, 87: 114, 88: 352, 89: 694, 90: 456, 91: 128, 92: 366, 93: 694, 94: 456, 95: 296, 96: 58, 97: 240, 98: 478, 99: 652, 100: 414, 101: 156, 102: 394, 103: 694, 104: 456, 105: 456, 106: 694, 107: 156, 108: 394, 109: 666, 110: 428, 111: 86, 112: 324, 113: 666, 114: 428, 115: 156, 116: 394, 117: 156, 118: 394, 119: 652, 120: 414, 121: 478, 122: 240, 123: 240, 124: 478, 125: 652, 126: 414, 127: 114, 128: 352, 129: 128, 130: 366, 131: 142, 132: 380, 133: 380, 134: 142, 135: 240, 136: 478, 137: 666, 138: 428, 139: 156, 140: 394, 141: 142, 142: 380, 143: 156, 144: 394, 145: 666, 146: 428, 147: 666, 148: 428, 149: 338, 150: 100, 151: 296, 152: 58, 153: 666, 154: 428, 155: 114, 156: 352, 157: 666, 158: 428, 159: 58, 160: 296, 161: 30, 162: 268, 163: 666, 164: 428, 165: 652, 166: 414, 167: 666, 168: 428, 169: 352, 170: 114, 171: 666, 172: 428, 173: 114, 174: 352, 175: 86, 176: 324, 177: 156, 178: 394, 179: 156, 180: 394, 181: 652, 182: 414, 183: 142, 184: 380, 185: 86, 186: 324, 187: 142, 188: 380, 189: 156, 190: 394, 191: 86, 192: 324, 193: 240, 194: 478, 195: 142, 196: 380, 197: 156, 198: 394, 199: 156, 200: 394}
Number of lables used:  28
Time taken: 0.15 seconds
Memory used: 31.14 MB
--------------------------------------------------

Trying with at most 27 labels...
Solution:
{1: 652, 2: 414, 3: 58, 4: 296, 5: 394, 6: 156, 7: 478, 8: 240, 9: 142, 10: 380, 11: 694, 12: 456, 13: 100, 14: 338, 15: 652, 16: 414, 17: 268, 18: 30, 19: 142, 20: 380, 21: 652, 22: 414, 23: 142, 24: 380, 25: 86, 26: 324, 27: 44, 28: 282, 29: 100, 30: 338, 31: 142, 32: 380, 33: 86, 34: 324, 35: 114, 36: 352, 37: 156, 38: 394, 39: 128, 40: 366, 41: 694, 42: 456, 43: 268, 44: 30, 45: 142, 46: 380, 47: 128, 48: 366, 49: 666, 50: 428, 51: 44, 52: 282, 53: 114, 54: 352, 55: 268, 56: 30, 57: 30, 58: 268, 59: 694, 60: 456, 61: 694, 62: 456, 63: 142, 64: 380, 65: 666, 66: 428, 67: 282, 68: 44, 69: 666, 70: 428, 71: 114, 72: 352, 73: 240, 74: 478, 75: 58, 76: 296, 77: 428, 78: 666, 79: 694, 80: 456, 81: 156, 82: 394, 83: 694, 84: 456, 85: 694, 86: 456, 87: 114, 88: 352, 89: 694, 90: 456, 91: 128, 92: 366, 93: 694, 94: 456, 95: 296, 96: 58, 97: 240, 98: 478, 99: 652, 100: 414, 101: 156, 102: 394, 103: 694, 104: 456, 105: 456, 106: 694, 107: 156, 108: 394, 109: 666, 110: 428, 111: 86, 112: 324, 113: 666, 114: 428, 115: 156, 116: 394, 117: 156, 118: 394, 119: 652, 120: 414, 121: 478, 122: 240, 123: 240, 124: 478, 125: 652, 126: 414, 127: 114, 128: 352, 129: 128, 130: 366, 131: 142, 132: 380, 133: 380, 134: 142, 135: 240, 136: 478, 137: 666, 138: 428, 139: 156, 140: 394, 141: 142, 142: 380, 143: 156, 144: 394, 145: 666, 146: 428, 147: 666, 148: 428, 149: 338, 150: 100, 151: 296, 152: 58, 153: 666, 154: 428, 155: 114, 156: 352, 157: 666, 158: 428, 159: 58, 160: 296, 161: 30, 162: 268, 163: 666, 164: 428, 165: 652, 166: 414, 167: 666, 168: 428, 169: 352, 170: 114, 171: 666, 172: 428, 173: 114, 174: 352, 175: 268, 176: 30, 177: 156, 178: 394, 179: 156, 180: 394, 181: 652, 182: 414, 183: 142, 184: 380, 185: 86, 186: 324, 187: 142, 188: 380, 189: 156, 190: 394, 191: 86, 192: 324, 193: 240, 194: 478, 195: 142, 196: 380, 197: 156, 198: 394, 199: 156, 200: 394}
Number of lables used:  26
Time taken: 0.15 seconds
Memory used: 31.25 MB
--------------------------------------------------

Trying with at most 25 labels...
Solution:
{1: 114, 2: 352, 3: 58, 4: 296, 5: 394, 6: 156, 7: 478, 8: 240, 9: 478, 10: 240, 11: 694, 12: 456, 13: 100, 14: 338, 15: 142, 16: 380, 17: 268, 18: 30, 19: 142, 20: 380, 21: 100, 22: 338, 23: 142, 24: 380, 25: 86, 26: 324, 27: 44, 28: 282, 29: 100, 30: 338, 31: 142, 32: 380, 33: 86, 34: 324, 35: 114, 36: 352, 37: 114, 38: 352, 39: 128, 40: 366, 41: 694, 42: 456, 43: 268, 44: 30, 45: 86, 46: 324, 47: 128, 48: 366, 49: 666, 50: 428, 51: 44, 52: 282, 53: 114, 54: 352, 55: 268, 56: 30, 57: 30, 58: 268, 59: 694, 60: 456, 61: 694, 62: 456, 63: 142, 64: 380, 65: 666, 66: 428, 67: 282, 68: 44, 69: 666, 70: 428, 71: 114, 72: 352, 73: 240, 74: 478, 75: 58, 76: 296, 77: 428, 78: 666, 79: 694, 80: 456, 81: 156, 82: 394, 83: 694, 84: 456, 85: 156, 86: 394, 87: 114, 88: 352, 89: 694, 90: 456, 91: 128, 92: 366, 93: 694, 94: 456, 95: 296, 96: 58, 97: 240, 98: 478, 99: 86, 100: 324, 101: 156, 102: 394, 103: 694, 104: 456, 105: 456, 106: 694, 107: 156, 108: 394, 109: 666, 110: 428, 111: 86, 112: 324, 113: 666, 114: 428, 115: 156, 116: 394, 117: 156, 118: 394, 119: 114, 120: 352, 121: 478, 122: 240, 123: 240, 124: 478, 125: 114, 126: 352, 127: 114, 128: 352, 129: 128, 130: 366, 131: 142, 132: 380, 133: 380, 134: 142, 135: 240, 136: 478, 137: 666, 138: 428, 139: 156, 140: 394, 141: 142, 142: 380, 143: 156, 144: 394, 145: 666, 146: 428, 147: 666, 148: 428, 149: 338, 150: 100, 151: 428, 152: 666, 153: 666, 154: 428, 155: 114, 156: 352, 157: 666, 158: 428, 159: 58, 160: 296, 161: 30, 162: 268, 163: 666, 164: 428, 165: 282, 166: 44, 167: 296, 168: 58, 169: 352, 170: 114, 171: 666, 172: 428, 173: 114, 174: 352, 175: 268, 176: 30, 177: 156, 178: 394, 179: 156, 180: 394, 181: 456, 182: 694, 183: 142, 184: 380, 185: 86, 186: 324, 187: 142, 188: 380, 189: 156, 190: 394, 191: 86, 192: 324, 193: 240, 194: 478, 195: 142, 196: 380, 197: 156, 198: 394, 199: 156, 200: 394}
Number of lables used:  24
Time taken: 0.16 seconds
Memory used: 31.26 MB
--------------------------------------------------

Trying with at most 23 labels...
Solution:
{1: 114, 2: 352, 3: 58, 4: 296, 5: 394, 6: 156, 7: 478, 8: 240, 9: 478, 10: 240, 11: 694, 12: 456, 13: 100, 14: 338, 15: 142, 16: 380, 17: 268, 18: 30, 19: 142, 20: 380, 21: 100, 22: 338, 23: 142, 24: 380, 25: 86, 26: 324, 27: 44, 28: 282, 29: 100, 30: 338, 31: 142, 32: 380, 33: 86, 34: 324, 35: 114, 36: 352, 37: 114, 38: 352, 39: 114, 40: 352, 41: 694, 42: 456, 43: 268, 44: 30, 45: 86, 46: 324, 47: 114, 48: 352, 49: 666, 50: 428, 51: 44, 52: 282, 53: 114, 54: 352, 55: 268, 56: 30, 57: 30, 58: 268, 59: 694, 60: 456, 61: 694, 62: 456, 63: 142, 64: 380, 65: 666, 66: 428, 67: 282, 68: 44, 69: 666, 70: 428, 71: 86, 72: 324, 73: 240, 74: 478, 75: 58, 76: 296, 77: 428, 78: 666, 79: 694, 80: 456, 81: 156, 82: 394, 83: 694, 84: 456, 85: 156, 86: 394, 87: 114, 88: 352, 89: 694, 90: 456, 91: 394, 92: 156, 93: 694, 94: 456, 95: 296, 96: 58, 97: 240, 98: 478, 99: 296, 100: 58, 101: 428, 102: 666, 103: 694, 104: 456, 105: 456, 106: 694, 107: 156, 108: 394, 109: 666, 110: 428, 111: 58, 112: 296, 113: 666, 114: 428, 115: 156, 116: 394, 117: 156, 118: 394, 119: 114, 120: 352, 121: 478, 122: 240, 123: 240, 124: 478, 125: 114, 126: 352, 127: 114, 128: 352, 129: 114, 130: 352, 131: 142, 132: 380, 133: 380, 134: 142, 135: 240, 136: 478, 137: 666, 138: 428, 139: 156, 140: 394, 141: 142, 142: 380, 143: 156, 144: 394, 145: 666, 146: 428, 147: 666, 148: 428, 149: 338, 150: 100, 151: 428, 152: 666, 153: 666, 154: 428, 155: 114, 156: 352, 157: 666, 158: 428, 159: 58, 160: 296, 161: 30, 162: 268, 163: 666, 164: 428, 165: 282, 166: 44, 167: 296, 168: 58, 169: 352, 170: 114, 171: 666, 172: 428, 173: 114, 174: 352, 175: 268, 176: 30, 177: 156, 178: 394, 179: 156, 180: 394, 181: 456, 182: 694, 183: 142, 184: 380, 185: 86, 186: 324, 187: 142, 188: 380, 189: 156, 190: 394, 191: 86, 192: 324, 193: 240, 194: 478, 195: 142, 196: 380, 197: 156, 198: 394, 199: 156, 200: 394}
Number of lables used:  22
Time taken: 0.16 seconds
Memory used: 31.26 MB
--------------------------------------------------

Trying with at most 21 labels...
Solution:
{1: 114, 2: 352, 3: 58, 4: 296, 5: 394, 6: 156, 7: 240, 8: 478, 9: 478, 10: 240, 11: 680, 12: 442, 13: 86, 14: 324, 15: 142, 16: 380, 17: 268, 18: 30, 19: 380, 20: 142, 21: 86, 22: 324, 23: 142, 24: 380, 25: 86, 26: 324, 27: 30, 28: 268, 29: 86, 30: 324, 31: 142, 32: 380, 33: 86, 34: 324, 35: 114, 36: 352, 37: 114, 38: 352, 39: 114, 40: 352, 41: 680, 42: 442, 43: 268, 44: 30, 45: 30, 46: 268, 47: 114, 48: 352, 49: 86, 50: 324, 51: 30, 52: 268, 53: 114, 54: 352, 55: 268, 56: 30, 57: 30, 58: 268, 59: 324, 60: 86, 61: 680, 62: 442, 63: 142, 64: 380, 65: 296, 66: 58, 67: 114, 68: 352, 69: 156, 70: 394, 71: 86, 72: 324, 73: 142, 74: 380, 75: 352, 76: 114, 77: 484, 78: 722, 79: 680, 80: 442, 81: 156, 82: 394, 83: 142, 84: 380, 85: 58, 86: 296, 87: 380, 88: 142, 89: 380, 90: 142, 91: 394, 92: 156, 93: 680, 94: 442, 95: 394, 96: 156, 97: 240, 98: 478, 99: 296, 100: 58, 101: 366, 102: 128, 103: 128, 104: 366, 105: 442, 106: 680, 107: 156, 108: 394, 109: 142, 110: 380, 111: 58, 112: 296, 113: 156, 114: 394, 115: 114, 116: 352, 117: 156, 118: 394, 119: 114, 120: 352, 121: 478, 122: 240, 123: 240, 124: 478, 125: 114, 126: 352, 127: 484, 128: 722, 129: 114, 130: 352, 131: 58, 132: 296, 133: 380, 134: 142, 135: 478, 136: 240, 137: 156, 138: 394, 139: 156, 140: 394, 141: 142, 142: 380, 143: 156, 144: 394, 145: 680, 146: 442, 147: 394, 148: 156, 149: 324, 150: 86, 151: 394, 152: 156, 153: 394, 154: 156, 155: 114, 156: 352, 157: 394, 158: 156, 159: 58, 160: 296, 161: 268, 162: 30, 163: 30, 164: 268, 165: 114, 166: 352, 167: 296, 168: 58, 169: 86, 170: 324, 171: 30, 172: 268, 173: 114, 174: 352, 175: 296, 176: 58, 177: 156, 178: 394, 179: 156, 180: 394, 181: 58, 182: 296, 183: 680, 184: 442, 185: 442, 186: 680, 187: 142, 188: 380, 189: 86, 190: 324, 191: 484, 192: 722, 193: 240, 194: 478, 195: 142, 196: 380, 197: 128, 198: 366, 199: 156, 200: 394}
Number of lables used:  20
Time taken: 0.17 seconds
Memory used: 31.26 MB
--------------------------------------------------

Trying with at most 19 labels...
Solution:
{1: 114, 2: 352, 3: 30, 4: 268, 5: 708, 6: 470, 7: 170, 8: 408, 9: 408, 10: 170, 11: 722, 12: 484, 13: 58, 14: 296, 15: 30, 16: 268, 17: 708, 18: 470, 19: 86, 20: 324, 21: 30, 22: 268, 23: 170, 24: 408, 25: 296, 26: 58, 27: 114, 28: 352, 29: 58, 30: 296, 31: 114, 32: 352, 33: 86, 34: 324, 35: 114, 36: 352, 37: 708, 38: 470, 39: 114, 40: 352, 41: 86, 42: 324, 43: 380, 44: 142, 45: 380, 46: 142, 47: 114, 48: 352, 49: 58, 50: 296, 51: 380, 52: 142, 53: 114, 54: 352, 55: 380, 56: 142, 57: 380, 58: 142, 59: 708, 60: 470, 61: 30, 62: 268, 63: 86, 64: 324, 65: 296, 66: 58, 67: 352, 68: 114, 69: 114, 70: 352, 71: 86, 72: 324, 73: 408, 74: 170, 75: 324, 76: 86, 77: 142, 78: 380, 79: 86, 80: 324, 81: 142, 82: 380, 83: 142, 84: 380, 85: 58, 86: 296, 87: 296, 88: 58, 89: 352, 90: 114, 91: 708, 92: 470, 93: 114, 94: 352, 95: 58, 96: 296, 97: 408, 98: 170, 99: 268, 100: 30, 101: 296, 102: 58, 103: 86, 104: 324, 105: 722, 106: 484, 107: 142, 108: 380, 109: 114, 110: 352, 111: 58, 112: 296, 113: 142, 114: 380, 115: 484, 116: 722, 117: 58, 118: 296, 119: 114, 120: 352, 121: 380, 122: 142, 123: 170, 124: 408, 125: 86, 126: 324, 127: 540, 128: 778, 129: 114, 130: 352, 131: 58, 132: 296, 133: 708, 134: 470, 135: 408, 136: 170, 137: 142, 138: 380, 139: 86, 140: 324, 141: 114, 142: 352, 143: 708, 144: 470, 145: 540, 146: 778, 147: 708, 148: 470, 149: 540, 150: 778, 151: 778, 152: 540, 153: 380, 154: 142, 155: 86, 156: 324, 157: 540, 158: 778, 159: 268, 160: 30, 161: 324, 162: 86, 163: 380, 164: 142, 165: 484, 166: 722, 167: 352, 168: 114, 169: 352, 170: 114, 171: 540, 172: 778, 173: 30, 174: 268, 175: 268, 176: 30, 177: 86, 178: 324, 179: 142, 180: 380, 181: 540, 182: 778, 183: 86, 184: 324, 185: 268, 186: 30, 187: 708, 188: 470, 189: 58, 190: 296, 191: 268, 192: 30, 193: 408, 194: 170, 195: 142, 196: 380, 197: 114, 198: 352, 199: 142, 200: 380}
Number of lables used:  18
Time taken: 0.19 seconds
Memory used: 31.75 MB
--------------------------------------------------

Trying with at most 17 labels...
[runlim] sample:		9.99 time, 10.01 real, 40 MB, 1.18 load
[runlim] sample:		19.99 time, 20.01 real, 46 MB, 1.15 load
[runlim] sample:		29.98 time, 30.01 real, 40 MB, 1.13 load
[runlim] sample:		39.98 time, 40.01 real, 53 MB, 1.11 load
[runlim] sample:		49.97 time, 50.01 real, 56 MB, 1.09 load
[runlim] sample:		59.96 time, 60.01 real, 70 MB, 1.23 load
[runlim] sample:		69.96 time, 70.01 real, 60 MB, 1.27 load
[runlim] sample:		79.95 time, 80.01 real, 59 MB, 1.23 load
[runlim] sample:		89.94 time, 90.01 real, 68 MB, 1.20 load
Cannot find solution.
No more solutions found.
Optimal number of labels used:  18
Time taken: 98.27 seconds
Memory used: 68.15 MB
[runlim] end:			Wed Mar 25 20:44:36 2026
[runlim] status:		ok
[runlim] result:		0
[runlim] children:		1
[runlim] processes:		2
[runlim] real:			98.32 seconds
[runlim] time:			98.23 seconds
[runlim] space:			70 MB
[runlim] load:			1.27 maximum
[runlim] samples:		984
