[runlim] version:		2.0.0rc12
[runlim] host:			ap-Precision-7550
[runlim] time limit:		311040000 seconds
[runlim] real time limit:	600 seconds
[runlim] space limit:		14000 MB
[runlim] argv[0]:		python3
[runlim] argv[1]:		-u
[runlim] argv[2]:		main.py
[runlim] argv[3]:		graph06
[runlim] argv[4]:		nsc
[runlim] argv[5]:		incremental
[runlim] argv[6]:		cadical195
[runlim] start:			Wed Mar 25 20:50:16 2026
[runlim] child:			21389
Warning: variable 365 has no valid labels after preprocessing.
Cannot find solution!
Time taken: 0.08 seconds
Memory used: 18.14 MB
[runlim] end:			Wed Mar 25 20:50:16 2026
[runlim] status:		ok
[runlim] result:		0
[runlim] children:		1
[runlim] processes:		2
[runlim] real:			0.12 seconds
[runlim] time:			0.10 seconds
[runlim] space:			18 MB
[runlim] load:			1.19 maximum
[runlim] samples:		2
