[runlim] version:		2.0.0rc12
[runlim] host:			ap-Precision-7550
[runlim] time limit:		311040000 seconds
[runlim] real time limit:	600 seconds
[runlim] space limit:		14000 MB
[runlim] argv[0]:		python3
[runlim] argv[1]:		-u
[runlim] argv[2]:		main.py
[runlim] argv[3]:		graph03
[runlim] argv[4]:		nsc
[runlim] argv[5]:		incremental
[runlim] argv[6]:		cadical195
[runlim] start:			Wed Mar 25 20:49:59 2026
[runlim] child:			21378
Solve first problem:
Solution:
{1: 338, 2: 100, 3: 540, 4: 778, 5: 296, 6: 58, 7: 268, 8: 30, 9: 268, 10: 30, 11: 540, 12: 778, 13: 352, 14: 114, 15: 296, 16: 58, 17: 526, 18: 764, 19: 380, 20: 142, 21: 414, 22: 652, 23: 324, 24: 86, 25: 310, 26: 72, 27: 498, 28: 736, 29: 512, 30: 750, 31: 254, 32: 16, 33: 366, 34: 128, 35: 554, 36: 792, 37: 338, 38: 100, 39: 16, 40: 254, 41: 394, 42: 156, 43: 282, 44: 44, 45: 254, 46: 16, 47: 324, 48: 86, 49: 778, 50: 540, 51: 526, 52: 764, 53: 268, 54: 30, 55: 764, 56: 526, 57: 470, 58: 708, 59: 296, 60: 58, 61: 498, 62: 736, 63: 296, 64: 58, 65: 352, 66: 114, 67: 310, 68: 72, 69: 380, 70: 142, 71: 554, 72: 792, 73: 554, 74: 792, 75: 456, 76: 694, 77: 456, 78: 694, 79: 394, 80: 156, 81: 296, 82: 58, 83: 282, 84: 44, 85: 394, 86: 156, 87: 394, 88: 156, 89: 338, 90: 100, 91: 394, 92: 156, 93: 526, 94: 764, 95: 142, 96: 380, 97: 380, 98: 142, 99: 778, 100: 540, 101: 792, 102: 554, 103: 282, 104: 44, 105: 540, 106: 778, 107: 268, 108: 30, 109: 268, 110: 30, 111: 414, 112: 652, 113: 394, 114: 156, 115: 58, 116: 296, 117: 540, 118: 778, 119: 540, 120: 778, 121: 296, 122: 58, 123: 352, 124: 114, 125: 268, 126: 30, 127: 470, 128: 708, 129: 254, 130: 16, 131: 268, 132: 30, 133: 484, 134: 722, 135: 268, 136: 30, 137: 296, 138: 58, 139: 736, 140: 498, 141: 282, 142: 44, 143: 442, 144: 680, 145: 30, 146: 268, 147: 470, 148: 708, 149: 540, 150: 778, 151: 456, 152: 694, 153: 394, 154: 156, 155: 324, 156: 86, 157: 428, 158: 666, 159: 470, 160: 708, 161: 414, 162: 652, 163: 296, 164: 58, 165: 498, 166: 736, 167: 526, 168: 764, 169: 296, 170: 58, 171: 282, 172: 44, 173: 456, 174: 694, 175: 512, 176: 750, 177: 428, 178: 666, 179: 338, 180: 100, 181: 310, 182: 72, 183: 484, 184: 722, 185: 484, 186: 722, 187: 352, 188: 114, 189: 540, 190: 778, 191: 394, 192: 156, 193: 324, 194: 86, 195: 428, 196: 666, 197: 282, 198: 44, 199: 540, 200: 778}
Number of lables used:  44
Time taken: 0.33 seconds
Memory used: 30.96 MB
--------------------------------------------------

Trying with at most 43 labels...
Solution:
{1: 512, 2: 750, 3: 282, 4: 44, 5: 554, 6: 792, 7: 268, 8: 30, 9: 526, 10: 764, 11: 526, 12: 764, 13: 442, 14: 680, 15: 254, 16: 16, 17: 526, 18: 764, 19: 394, 20: 156, 21: 414, 22: 652, 23: 324, 24: 86, 25: 512, 26: 750, 27: 310, 28: 72, 29: 296, 30: 58, 31: 268, 32: 30, 33: 428, 34: 666, 35: 554, 36: 792, 37: 338, 38: 100, 39: 16, 40: 254, 41: 394, 42: 156, 43: 498, 44: 736, 45: 470, 46: 708, 47: 498, 48: 736, 49: 778, 50: 540, 51: 540, 52: 778, 53: 268, 54: 30, 55: 764, 56: 526, 57: 470, 58: 708, 59: 296, 60: 58, 61: 324, 62: 86, 63: 428, 64: 666, 65: 470, 66: 708, 67: 498, 68: 736, 69: 470, 70: 708, 71: 268, 72: 30, 73: 310, 74: 72, 75: 352, 76: 114, 77: 484, 78: 722, 79: 394, 80: 156, 81: 470, 82: 708, 83: 442, 84: 680, 85: 456, 86: 694, 87: 394, 88: 156, 89: 456, 90: 694, 91: 428, 92: 666, 93: 380, 94: 142, 95: 142, 96: 380, 97: 380, 98: 142, 99: 778, 100: 540, 101: 792, 102: 554, 103: 554, 104: 792, 105: 470, 106: 708, 107: 310, 108: 72, 109: 268, 110: 30, 111: 394, 112: 156, 113: 394, 114: 156, 115: 58, 116: 296, 117: 540, 118: 778, 119: 456, 120: 694, 121: 296, 122: 58, 123: 394, 124: 156, 125: 268, 126: 30, 127: 338, 128: 100, 129: 526, 130: 764, 131: 268, 132: 30, 133: 512, 134: 750, 135: 268, 136: 30, 137: 296, 138: 58, 139: 736, 140: 498, 141: 296, 142: 58, 143: 352, 144: 114, 145: 30, 146: 268, 147: 338, 148: 100, 149: 282, 150: 44, 151: 456, 152: 694, 153: 428, 154: 666, 155: 324, 156: 86, 157: 428, 158: 666, 159: 456, 160: 694, 161: 484, 162: 722, 163: 296, 164: 58, 165: 484, 166: 722, 167: 394, 168: 156, 169: 540, 170: 778, 171: 282, 172: 44, 173: 456, 174: 694, 175: 310, 176: 72, 177: 456, 178: 694, 179: 338, 180: 100, 181: 526, 182: 764, 183: 498, 184: 736, 185: 554, 186: 792, 187: 352, 188: 114, 189: 428, 190: 666, 191: 380, 192: 142, 193: 338, 194: 100, 195: 428, 196: 666, 197: 282, 198: 44, 199: 442, 200: 680}
Number of lables used:  42
--------------------------------------------------

Trying with at most 41 labels...
Solution:
{1: 512, 2: 750, 3: 282, 4: 44, 5: 554, 6: 792, 7: 268, 8: 30, 9: 554, 10: 792, 11: 554, 12: 792, 13: 338, 14: 100, 15: 254, 16: 16, 17: 498, 18: 736, 19: 352, 20: 114, 21: 414, 22: 652, 23: 324, 24: 86, 25: 512, 26: 750, 27: 310, 28: 72, 29: 296, 30: 58, 31: 268, 32: 30, 33: 428, 34: 666, 35: 526, 36: 764, 37: 338, 38: 100, 39: 16, 40: 254, 41: 394, 42: 156, 43: 498, 44: 736, 45: 456, 46: 694, 47: 470, 48: 708, 49: 778, 50: 540, 51: 526, 52: 764, 53: 268, 54: 30, 55: 764, 56: 526, 57: 498, 58: 736, 59: 296, 60: 58, 61: 324, 62: 86, 63: 414, 64: 652, 65: 470, 66: 708, 67: 498, 68: 736, 69: 470, 70: 708, 71: 268, 72: 30, 73: 310, 74: 72, 75: 352, 76: 114, 77: 484, 78: 722, 79: 394, 80: 156, 81: 310, 82: 72, 83: 428, 84: 666, 85: 456, 86: 694, 87: 394, 88: 156, 89: 324, 90: 86, 91: 394, 92: 156, 93: 380, 94: 142, 95: 142, 96: 380, 97: 380, 98: 142, 99: 778, 100: 540, 101: 792, 102: 554, 103: 554, 104: 792, 105: 470, 106: 708, 107: 310, 108: 72, 109: 268, 110: 30, 111: 394, 112: 156, 113: 394, 114: 156, 115: 58, 116: 296, 117: 540, 118: 778, 119: 456, 120: 694, 121: 296, 122: 58, 123: 394, 124: 156, 125: 268, 126: 30, 127: 338, 128: 100, 129: 526, 130: 764, 131: 268, 132: 30, 133: 512, 134: 750, 135: 268, 136: 30, 137: 296, 138: 58, 139: 736, 140: 498, 141: 296, 142: 58, 143: 352, 144: 114, 145: 30, 146: 268, 147: 338, 148: 100, 149: 282, 150: 44, 151: 428, 152: 666, 153: 428, 154: 666, 155: 324, 156: 86, 157: 394, 158: 156, 159: 456, 160: 694, 161: 484, 162: 722, 163: 296, 164: 58, 165: 484, 166: 722, 167: 394, 168: 156, 169: 540, 170: 778, 171: 282, 172: 44, 173: 456, 174: 694, 175: 310, 176: 72, 177: 456, 178: 694, 179: 338, 180: 100, 181: 526, 182: 764, 183: 484, 184: 722, 185: 554, 186: 792, 187: 352, 188: 114, 189: 428, 190: 666, 191: 380, 192: 142, 193: 338, 194: 100, 195: 456, 196: 694, 197: 282, 198: 44, 199: 380, 200: 142}
Number of lables used:  40
Time taken: 0.36 seconds
Memory used: 32.34 MB
--------------------------------------------------

Trying with at most 39 labels...
Solution:
{1: 296, 2: 58, 3: 526, 4: 764, 5: 254, 6: 16, 7: 282, 8: 44, 9: 540, 10: 778, 11: 554, 12: 792, 13: 254, 14: 16, 15: 268, 16: 30, 17: 526, 18: 764, 19: 470, 20: 708, 21: 380, 22: 142, 23: 352, 24: 114, 25: 512, 26: 750, 27: 338, 28: 100, 29: 526, 30: 764, 31: 268, 32: 30, 33: 380, 34: 142, 35: 554, 36: 792, 37: 470, 38: 708, 39: 16, 40: 254, 41: 428, 42: 666, 43: 498, 44: 736, 45: 442, 46: 680, 47: 352, 48: 114, 49: 722, 50: 484, 51: 512, 52: 750, 53: 268, 54: 30, 55: 708, 56: 470, 57: 484, 58: 722, 59: 16, 60: 254, 61: 352, 62: 114, 63: 366, 64: 128, 65: 352, 66: 114, 67: 498, 68: 736, 69: 428, 70: 666, 71: 526, 72: 764, 73: 540, 74: 778, 75: 470, 76: 708, 77: 380, 78: 142, 79: 428, 80: 666, 81: 470, 82: 708, 83: 352, 84: 114, 85: 414, 86: 652, 87: 16, 88: 254, 89: 470, 90: 708, 91: 428, 92: 666, 93: 380, 94: 142, 95: 142, 96: 380, 97: 442, 98: 680, 99: 44, 100: 282, 101: 736, 102: 498, 103: 554, 104: 792, 105: 498, 106: 736, 107: 380, 108: 142, 109: 142, 110: 380, 111: 16, 112: 254, 113: 380, 114: 142, 115: 58, 116: 296, 117: 526, 118: 764, 119: 456, 120: 694, 121: 512, 122: 750, 123: 296, 124: 58, 125: 554, 126: 792, 127: 366, 128: 128, 129: 526, 130: 764, 131: 44, 132: 282, 133: 470, 134: 708, 135: 540, 136: 778, 137: 498, 138: 736, 139: 778, 140: 540, 141: 296, 142: 58, 143: 58, 144: 296, 145: 30, 146: 268, 147: 484, 148: 722, 149: 540, 150: 778, 151: 296, 152: 58, 153: 428, 154: 666, 155: 666, 156: 428, 157: 428, 158: 666, 159: 338, 160: 100, 161: 484, 162: 722, 163: 114, 164: 352, 165: 470, 166: 708, 167: 380, 168: 142, 169: 540, 170: 778, 171: 268, 172: 30, 173: 456, 174: 694, 175: 338, 176: 100, 177: 44, 178: 282, 179: 778, 180: 540, 181: 526, 182: 764, 183: 470, 184: 708, 185: 554, 186: 792, 187: 282, 188: 44, 189: 428, 190: 666, 191: 296, 192: 58, 193: 442, 194: 680, 195: 268, 196: 30, 197: 540, 198: 778, 199: 366, 200: 128}
Number of lables used:  38
Time taken: 0.39 seconds
Memory used: 32.46 MB
--------------------------------------------------

Trying with at most 37 labels...
Solution:
{1: 296, 2: 58, 3: 526, 4: 764, 5: 254, 6: 16, 7: 282, 8: 44, 9: 540, 10: 778, 11: 554, 12: 792, 13: 254, 14: 16, 15: 268, 16: 30, 17: 526, 18: 764, 19: 470, 20: 708, 21: 380, 22: 142, 23: 352, 24: 114, 25: 512, 26: 750, 27: 338, 28: 100, 29: 526, 30: 764, 31: 268, 32: 30, 33: 380, 34: 142, 35: 554, 36: 792, 37: 470, 38: 708, 39: 16, 40: 254, 41: 428, 42: 666, 43: 498, 44: 736, 45: 442, 46: 680, 47: 352, 48: 114, 49: 722, 50: 484, 51: 512, 52: 750, 53: 554, 54: 792, 55: 708, 56: 470, 57: 484, 58: 722, 59: 16, 60: 254, 61: 352, 62: 114, 63: 366, 64: 128, 65: 254, 66: 16, 67: 498, 68: 736, 69: 428, 70: 666, 71: 526, 72: 764, 73: 540, 74: 778, 75: 470, 76: 708, 77: 338, 78: 100, 79: 428, 80: 666, 81: 470, 82: 708, 83: 352, 84: 114, 85: 366, 86: 128, 87: 16, 88: 254, 89: 470, 90: 708, 91: 428, 92: 666, 93: 282, 94: 44, 95: 142, 96: 380, 97: 442, 98: 680, 99: 44, 100: 282, 101: 736, 102: 498, 103: 554, 104: 792, 105: 498, 106: 736, 107: 380, 108: 142, 109: 142, 110: 380, 111: 16, 112: 254, 113: 380, 114: 142, 115: 58, 116: 296, 117: 526, 118: 764, 119: 456, 120: 694, 121: 512, 122: 750, 123: 296, 124: 58, 125: 554, 126: 792, 127: 366, 128: 128, 129: 526, 130: 764, 131: 44, 132: 282, 133: 470, 134: 708, 135: 540, 136: 778, 137: 498, 138: 736, 139: 778, 140: 540, 141: 296, 142: 58, 143: 58, 144: 296, 145: 30, 146: 268, 147: 484, 148: 722, 149: 540, 150: 778, 151: 296, 152: 58, 153: 428, 154: 666, 155: 666, 156: 428, 157: 428, 158: 666, 159: 338, 160: 100, 161: 484, 162: 722, 163: 114, 164: 352, 165: 470, 166: 708, 167: 380, 168: 142, 169: 540, 170: 778, 171: 268, 172: 30, 173: 456, 174: 694, 175: 338, 176: 100, 177: 44, 178: 282, 179: 778, 180: 540, 181: 526, 182: 764, 183: 470, 184: 708, 185: 554, 186: 792, 187: 282, 188: 44, 189: 428, 190: 666, 191: 296, 192: 58, 193: 442, 194: 680, 195: 268, 196: 30, 197: 540, 198: 778, 199: 366, 200: 128}
Number of lables used:  36
Time taken: 0.40 seconds
Memory used: 32.46 MB
--------------------------------------------------

Trying with at most 35 labels...
Solution:
{1: 296, 2: 58, 3: 554, 4: 792, 5: 254, 6: 16, 7: 268, 8: 30, 9: 540, 10: 778, 11: 554, 12: 792, 13: 254, 14: 16, 15: 268, 16: 30, 17: 526, 18: 764, 19: 470, 20: 708, 21: 380, 22: 142, 23: 352, 24: 114, 25: 512, 26: 750, 27: 338, 28: 100, 29: 526, 30: 764, 31: 268, 32: 30, 33: 366, 34: 128, 35: 554, 36: 792, 37: 470, 38: 708, 39: 16, 40: 254, 41: 428, 42: 666, 43: 498, 44: 736, 45: 470, 46: 708, 47: 352, 48: 114, 49: 722, 50: 484, 51: 540, 52: 778, 53: 554, 54: 792, 55: 708, 56: 470, 57: 484, 58: 722, 59: 16, 60: 254, 61: 352, 62: 114, 63: 366, 64: 128, 65: 254, 66: 16, 67: 498, 68: 736, 69: 428, 70: 666, 71: 554, 72: 792, 73: 540, 74: 778, 75: 470, 76: 708, 77: 338, 78: 100, 79: 428, 80: 666, 81: 456, 82: 694, 83: 352, 84: 114, 85: 366, 86: 128, 87: 16, 88: 254, 89: 470, 90: 708, 91: 428, 92: 666, 93: 282, 94: 44, 95: 142, 96: 380, 97: 380, 98: 142, 99: 44, 100: 282, 101: 736, 102: 498, 103: 554, 104: 792, 105: 498, 106: 736, 107: 380, 108: 142, 109: 142, 110: 380, 111: 16, 112: 254, 113: 380, 114: 142, 115: 58, 116: 296, 117: 512, 118: 750, 119: 456, 120: 694, 121: 512, 122: 750, 123: 296, 124: 58, 125: 554, 126: 792, 127: 366, 128: 128, 129: 526, 130: 764, 131: 44, 132: 282, 133: 470, 134: 708, 135: 540, 136: 778, 137: 526, 138: 764, 139: 778, 140: 540, 141: 296, 142: 58, 143: 58, 144: 296, 145: 30, 146: 268, 147: 484, 148: 722, 149: 540, 150: 778, 151: 296, 152: 58, 153: 428, 154: 666, 155: 666, 156: 428, 157: 428, 158: 666, 159: 338, 160: 100, 161: 484, 162: 722, 163: 114, 164: 352, 165: 498, 166: 736, 167: 380, 168: 142, 169: 540, 170: 778, 171: 268, 172: 30, 173: 456, 174: 694, 175: 338, 176: 100, 177: 44, 178: 282, 179: 778, 180: 540, 181: 526, 182: 764, 183: 498, 184: 736, 185: 554, 186: 792, 187: 282, 188: 44, 189: 428, 190: 666, 191: 296, 192: 58, 193: 428, 194: 666, 195: 268, 196: 30, 197: 540, 198: 778, 199: 366, 200: 128}
Number of lables used:  34
Time taken: 0.40 seconds
Memory used: 32.46 MB
--------------------------------------------------

Trying with at most 33 labels...
Solution:
{1: 694, 2: 456, 3: 666, 4: 428, 5: 86, 6: 324, 7: 666, 8: 428, 9: 666, 10: 428, 11: 680, 12: 442, 13: 100, 14: 338, 15: 156, 16: 394, 17: 58, 18: 296, 19: 736, 20: 498, 21: 792, 22: 554, 23: 100, 24: 338, 25: 100, 26: 338, 27: 722, 28: 484, 29: 128, 30: 366, 31: 156, 32: 394, 33: 764, 34: 526, 35: 86, 36: 324, 37: 72, 38: 310, 39: 792, 40: 554, 41: 792, 42: 554, 43: 100, 44: 338, 45: 100, 46: 338, 47: 30, 48: 268, 49: 764, 50: 526, 51: 680, 52: 442, 53: 666, 54: 428, 55: 750, 56: 512, 57: 722, 58: 484, 59: 128, 60: 366, 61: 722, 62: 484, 63: 792, 64: 554, 65: 750, 66: 512, 67: 680, 68: 442, 69: 72, 70: 310, 71: 128, 72: 366, 73: 666, 74: 428, 75: 750, 76: 512, 77: 764, 78: 526, 79: 30, 80: 268, 81: 722, 82: 484, 83: 30, 84: 268, 85: 792, 86: 554, 87: 30, 88: 268, 89: 736, 90: 498, 91: 764, 92: 526, 93: 30, 94: 268, 95: 170, 96: 408, 97: 30, 98: 268, 99: 764, 100: 526, 101: 30, 102: 268, 103: 666, 104: 428, 105: 722, 106: 484, 107: 792, 108: 554, 109: 156, 110: 394, 111: 792, 112: 554, 113: 792, 114: 554, 115: 86, 116: 324, 117: 666, 118: 428, 119: 764, 120: 526, 121: 666, 122: 428, 123: 30, 124: 268, 125: 666, 126: 428, 127: 86, 128: 324, 129: 128, 130: 366, 131: 156, 132: 394, 133: 736, 134: 498, 135: 156, 136: 394, 137: 694, 138: 456, 139: 722, 140: 484, 141: 128, 142: 366, 143: 72, 144: 310, 145: 58, 146: 296, 147: 736, 148: 498, 149: 680, 150: 442, 151: 736, 152: 498, 153: 792, 154: 554, 155: 100, 156: 338, 157: 792, 158: 554, 159: 30, 160: 268, 161: 86, 162: 324, 163: 694, 164: 456, 165: 722, 166: 484, 167: 764, 168: 526, 169: 156, 170: 394, 171: 666, 172: 428, 173: 764, 174: 526, 175: 128, 176: 366, 177: 58, 178: 296, 179: 736, 180: 498, 181: 694, 182: 456, 183: 722, 184: 484, 185: 156, 186: 394, 187: 722, 188: 484, 189: 750, 190: 512, 191: 792, 192: 554, 193: 750, 194: 512, 195: 764, 196: 526, 197: 30, 198: 268, 199: 764, 200: 526}
Number of lables used:  32
Time taken: 0.52 seconds
Memory used: 36.61 MB
--------------------------------------------------

Trying with at most 31 labels...
Solution:
{1: 100, 2: 338, 3: 142, 4: 380, 5: 142, 6: 380, 7: 142, 8: 380, 9: 142, 10: 380, 11: 142, 12: 380, 13: 58, 14: 296, 15: 114, 16: 352, 17: 114, 18: 352, 19: 58, 20: 296, 21: 16, 22: 254, 23: 86, 24: 324, 25: 100, 26: 338, 27: 100, 28: 338, 29: 114, 30: 352, 31: 128, 32: 366, 33: 44, 34: 282, 35: 142, 36: 380, 37: 72, 38: 310, 39: 16, 40: 254, 41: 16, 42: 254, 43: 86, 44: 324, 45: 58, 46: 296, 47: 86, 48: 324, 49: 30, 50: 268, 51: 128, 52: 366, 53: 142, 54: 380, 55: 44, 56: 282, 57: 86, 58: 324, 59: 114, 60: 352, 61: 86, 62: 324, 63: 16, 64: 254, 65: 58, 66: 296, 67: 100, 68: 338, 69: 30, 70: 268, 71: 142, 72: 380, 73: 142, 74: 380, 75: 58, 76: 296, 77: 44, 78: 282, 79: 16, 80: 254, 81: 86, 82: 324, 83: 30, 84: 268, 85: 16, 86: 254, 87: 16, 88: 254, 89: 72, 90: 310, 91: 16, 92: 254, 93: 30, 94: 268, 95: 142, 96: 380, 97: 30, 98: 268, 99: 44, 100: 282, 101: 16, 102: 254, 103: 142, 104: 380, 105: 86, 106: 324, 107: 100, 108: 338, 109: 142, 110: 380, 111: 16, 112: 254, 113: 16, 114: 254, 115: 58, 116: 296, 117: 142, 118: 380, 119: 44, 120: 282, 121: 114, 122: 352, 123: 16, 124: 254, 125: 142, 126: 380, 127: 72, 128: 310, 129: 114, 130: 352, 131: 142, 132: 380, 133: 72, 134: 310, 135: 142, 136: 380, 137: 114, 138: 352, 139: 86, 140: 324, 141: 100, 142: 338, 143: 58, 144: 296, 145: 30, 146: 268, 147: 72, 148: 310, 149: 128, 150: 366, 151: 44, 152: 282, 153: 16, 154: 254, 155: 86, 156: 324, 157: 16, 158: 254, 159: 58, 160: 296, 161: 72, 162: 310, 163: 114, 164: 352, 165: 86, 166: 324, 167: 16, 168: 254, 169: 128, 170: 366, 171: 128, 172: 366, 173: 44, 174: 282, 175: 100, 176: 338, 177: 44, 178: 282, 179: 72, 180: 310, 181: 114, 182: 352, 183: 86, 184: 324, 185: 142, 186: 380, 187: 58, 188: 296, 189: 30, 190: 268, 191: 16, 192: 254, 193: 58, 194: 296, 195: 44, 196: 282, 197: 128, 198: 366, 199: 30, 200: 268}
Number of lables used:  20
Time taken: 0.53 seconds
Memory used: 36.61 MB
--------------------------------------------------

Trying with at most 19 labels...
Cannot find solution.
No more solutions found.
Optimal number of labels used:  20
Time taken: 6.66 seconds
Memory used: 40.54 MB
[runlim] end:			Wed Mar 25 20:50:06 2026
[runlim] status:		ok
[runlim] result:		0
[runlim] children:		1
[runlim] processes:		2
[runlim] real:			6.70 seconds
[runlim] time:			6.59 seconds
[runlim] space:			43 MB
[runlim] load:			1.24 maximum
[runlim] samples:		67
