[runlim] version:		2.0.0rc12
[runlim] host:			ap-Precision-7550
[runlim] time limit:		311040000 seconds
[runlim] real time limit:	600 seconds
[runlim] space limit:		14000 MB
[runlim] argv[0]:		python3
[runlim] argv[1]:		-u
[runlim] argv[2]:		main.py
[runlim] argv[3]:		scen02
[runlim] argv[4]:		nsc
[runlim] argv[5]:		incremental
[runlim] argv[6]:		cadical195
[runlim] start:			Wed Mar 25 20:41:34 2026
[runlim] child:			21329
Solve first problem:
Solution:
{13: 268, 14: 30, 15: 268, 16: 30, 53: 268, 54: 30, 79: 254, 80: 16, 81: 268, 82: 30, 83: 680, 84: 442, 85: 352, 86: 114, 127: 352, 128: 114, 129: 254, 130: 16, 143: 254, 144: 16, 145: 254, 146: 16, 205: 254, 206: 16, 233: 666, 234: 428, 235: 338, 236: 100, 237: 352, 238: 114, 261: 254, 262: 16, 263: 352, 264: 114, 265: 338, 266: 100, 267: 254, 268: 16, 269: 352, 270: 114, 271: 352, 272: 114, 273: 44, 274: 282, 275: 44, 276: 282, 277: 352, 278: 114, 281: 268, 282: 30, 283: 282, 284: 44, 289: 254, 290: 16, 291: 324, 292: 86, 303: 666, 304: 428, 305: 338, 306: 100, 321: 156, 322: 394, 323: 254, 324: 16, 325: 666, 326: 428, 327: 338, 328: 100, 329: 254, 330: 16, 341: 30, 342: 268, 343: 30, 344: 268, 349: 338, 350: 100, 351: 30, 352: 268, 435: 296, 436: 58, 475: 282, 476: 44, 481: 268, 482: 30, 517: 268, 518: 30, 519: 338, 520: 100, 555: 128, 556: 366, 557: 666, 558: 428, 559: 58, 560: 296, 561: 366, 562: 128, 565: 100, 566: 338, 577: 324, 578: 86, 579: 352, 580: 114, 583: 666, 584: 428, 585: 324, 586: 86, 587: 254, 588: 16, 589: 366, 590: 128, 591: 352, 592: 114, 593: 114, 594: 352, 595: 296, 596: 58, 597: 268, 598: 30, 599: 142, 600: 380, 601: 282, 602: 44, 603: 268, 604: 30, 605: 268, 606: 30, 607: 338, 608: 100, 613: 100, 614: 338, 615: 282, 616: 44, 617: 268, 618: 30, 621: 338, 622: 100, 625: 268, 626: 30, 629: 282, 630: 44, 631: 268, 632: 30, 633: 282, 634: 44, 635: 268, 636: 30, 645: 296, 646: 58, 651: 254, 652: 16, 661: 254, 662: 16, 663: 394, 664: 156, 665: 366, 666: 128, 667: 254, 668: 16, 713: 352, 714: 114, 717: 44, 718: 282, 719: 394, 720: 156, 721: 324, 722: 86, 723: 254, 724: 16, 743: 44, 744: 282, 745: 268, 746: 30, 747: 324, 748: 86, 763: 268, 764: 30, 765: 254, 766: 16, 767: 296, 768: 58, 785: 254, 786: 16, 787: 268, 788: 30, 789: 338, 790: 100, 791: 268, 792: 30, 793: 338, 794: 100, 795: 268, 796: 30, 797: 352, 798: 114, 799: 282, 800: 44, 801: 268, 802: 30, 879: 268, 880: 30}
Number of lables used:  24
Time taken: 0.18 seconds
Memory used: 32.04 MB
--------------------------------------------------

Trying with at most 23 labels...
Solution:
{13: 58, 14: 296, 15: 680, 16: 442, 53: 142, 54: 380, 79: 100, 80: 338, 81: 114, 82: 352, 83: 268, 84: 30, 85: 338, 86: 100, 127: 680, 128: 442, 129: 72, 130: 310, 143: 30, 144: 268, 145: 30, 146: 268, 205: 142, 206: 380, 233: 442, 234: 680, 235: 72, 236: 310, 237: 58, 238: 296, 261: 114, 262: 352, 263: 338, 264: 100, 265: 30, 266: 268, 267: 114, 268: 352, 269: 268, 270: 30, 271: 268, 272: 30, 273: 254, 274: 16, 275: 254, 276: 16, 277: 100, 278: 338, 281: 16, 282: 254, 283: 16, 284: 254, 289: 142, 290: 380, 291: 100, 292: 338, 303: 680, 304: 442, 305: 72, 306: 310, 321: 58, 322: 296, 323: 142, 324: 380, 325: 254, 326: 16, 327: 352, 328: 114, 329: 100, 330: 338, 341: 380, 342: 142, 343: 380, 344: 142, 349: 72, 350: 310, 351: 380, 352: 142, 435: 100, 436: 338, 475: 114, 476: 352, 481: 142, 482: 380, 517: 142, 518: 380, 519: 30, 520: 268, 555: 380, 556: 142, 557: 72, 558: 310, 559: 338, 560: 100, 561: 512, 562: 750, 565: 268, 566: 30, 577: 16, 578: 254, 579: 58, 580: 296, 583: 442, 584: 680, 585: 58, 586: 296, 587: 114, 588: 352, 589: 30, 590: 268, 591: 58, 592: 296, 593: 30, 594: 268, 595: 100, 596: 338, 597: 114, 598: 352, 599: 30, 600: 268, 601: 114, 602: 352, 603: 142, 604: 380, 605: 142, 606: 380, 607: 310, 608: 72, 613: 58, 614: 296, 615: 114, 616: 352, 617: 142, 618: 380, 621: 72, 622: 310, 625: 142, 626: 380, 629: 142, 630: 380, 631: 114, 632: 352, 633: 114, 634: 352, 635: 142, 636: 380, 645: 100, 646: 338, 651: 142, 652: 380, 661: 142, 662: 380, 663: 142, 664: 380, 665: 254, 666: 16, 667: 142, 668: 380, 713: 100, 714: 338, 717: 254, 718: 16, 719: 114, 720: 352, 721: 442, 722: 680, 723: 30, 724: 268, 743: 268, 744: 30, 745: 142, 746: 380, 747: 352, 748: 114, 763: 142, 764: 380, 765: 142, 766: 380, 767: 100, 768: 338, 785: 142, 786: 380, 787: 58, 788: 296, 789: 352, 790: 114, 791: 142, 792: 380, 793: 72, 794: 310, 795: 142, 796: 380, 797: 30, 798: 268, 799: 114, 800: 352, 801: 142, 802: 380, 879: 142, 880: 380}
Number of lables used:  18
--------------------------------------------------

Trying with at most 17 labels...
Solution:
{13: 30, 14: 268, 15: 750, 16: 512, 53: 142, 54: 380, 79: 100, 80: 338, 81: 114, 82: 352, 83: 254, 84: 16, 85: 338, 86: 100, 127: 680, 128: 442, 129: 72, 130: 310, 143: 30, 144: 268, 145: 30, 146: 268, 205: 142, 206: 380, 233: 442, 234: 680, 235: 72, 236: 310, 237: 30, 238: 268, 261: 114, 262: 352, 263: 338, 264: 100, 265: 16, 266: 254, 267: 114, 268: 352, 269: 268, 270: 30, 271: 268, 272: 30, 273: 254, 274: 16, 275: 254, 276: 16, 277: 100, 278: 338, 281: 16, 282: 254, 283: 16, 284: 254, 289: 142, 290: 380, 291: 100, 292: 338, 303: 680, 304: 442, 305: 72, 306: 310, 321: 30, 322: 268, 323: 142, 324: 380, 325: 254, 326: 16, 327: 352, 328: 114, 329: 100, 330: 338, 341: 380, 342: 142, 343: 380, 344: 142, 349: 72, 350: 310, 351: 380, 352: 142, 435: 100, 436: 338, 475: 114, 476: 352, 481: 142, 482: 380, 517: 142, 518: 380, 519: 30, 520: 268, 555: 380, 556: 142, 557: 72, 558: 310, 559: 338, 560: 100, 561: 512, 562: 750, 565: 680, 566: 442, 577: 16, 578: 254, 579: 30, 580: 268, 583: 442, 584: 680, 585: 30, 586: 268, 587: 114, 588: 352, 589: 30, 590: 268, 591: 30, 592: 268, 593: 680, 594: 442, 595: 100, 596: 338, 597: 114, 598: 352, 599: 680, 600: 442, 601: 114, 602: 352, 603: 142, 604: 380, 605: 142, 606: 380, 607: 310, 608: 72, 613: 30, 614: 268, 615: 114, 616: 352, 617: 142, 618: 380, 621: 72, 622: 310, 625: 142, 626: 380, 629: 142, 630: 380, 631: 114, 632: 352, 633: 114, 634: 352, 635: 142, 636: 380, 645: 100, 646: 338, 651: 142, 652: 380, 661: 142, 662: 380, 663: 142, 664: 380, 665: 254, 666: 16, 667: 142, 668: 380, 713: 100, 714: 338, 717: 254, 718: 16, 719: 114, 720: 352, 721: 442, 722: 680, 723: 30, 724: 268, 743: 268, 744: 30, 745: 142, 746: 380, 747: 352, 748: 114, 763: 142, 764: 380, 765: 142, 766: 380, 767: 100, 768: 338, 785: 142, 786: 380, 787: 30, 788: 268, 789: 352, 790: 114, 791: 142, 792: 380, 793: 72, 794: 310, 795: 142, 796: 380, 797: 30, 798: 268, 799: 114, 800: 352, 801: 142, 802: 380, 879: 142, 880: 380}
Number of lables used:  16
Time taken: 0.20 seconds
Memory used: 33.46 MB
--------------------------------------------------

Trying with at most 15 labels...
Solution:
{13: 30, 14: 268, 15: 30, 16: 268, 53: 128, 54: 366, 79: 72, 80: 310, 81: 100, 82: 338, 83: 694, 84: 456, 85: 338, 86: 100, 127: 680, 128: 442, 129: 72, 130: 310, 143: 30, 144: 268, 145: 30, 146: 268, 205: 128, 206: 366, 233: 338, 234: 100, 235: 30, 236: 268, 237: 30, 238: 268, 261: 100, 262: 338, 263: 310, 264: 72, 265: 680, 266: 442, 267: 44, 268: 282, 269: 72, 270: 310, 271: 72, 272: 310, 273: 128, 274: 366, 275: 128, 276: 366, 277: 100, 278: 338, 281: 44, 282: 282, 283: 44, 284: 282, 289: 128, 290: 366, 291: 100, 292: 338, 303: 680, 304: 442, 305: 72, 306: 310, 321: 694, 322: 456, 323: 44, 324: 282, 325: 680, 326: 442, 327: 338, 328: 100, 329: 100, 330: 338, 341: 366, 342: 128, 343: 366, 344: 128, 349: 72, 350: 310, 351: 366, 352: 128, 435: 72, 436: 310, 475: 100, 476: 338, 481: 128, 482: 366, 517: 366, 518: 128, 519: 30, 520: 268, 555: 268, 556: 30, 557: 72, 558: 310, 559: 338, 560: 100, 561: 442, 562: 680, 565: 680, 566: 442, 577: 44, 578: 282, 579: 30, 580: 268, 583: 282, 584: 44, 585: 30, 586: 268, 587: 282, 588: 44, 589: 30, 590: 268, 591: 30, 592: 268, 593: 44, 594: 282, 595: 100, 596: 338, 597: 442, 598: 680, 599: 680, 600: 442, 601: 72, 602: 310, 603: 128, 604: 366, 605: 128, 606: 366, 607: 680, 608: 442, 613: 30, 614: 268, 615: 100, 616: 338, 617: 128, 618: 366, 621: 72, 622: 310, 625: 366, 626: 128, 629: 44, 630: 282, 631: 366, 632: 128, 633: 72, 634: 310, 635: 128, 636: 366, 645: 72, 646: 310, 651: 128, 652: 366, 661: 128, 662: 366, 663: 128, 664: 366, 665: 366, 666: 128, 667: 128, 668: 366, 713: 100, 714: 338, 717: 128, 718: 366, 719: 456, 720: 694, 721: 680, 722: 442, 723: 30, 724: 268, 743: 268, 744: 30, 745: 128, 746: 366, 747: 680, 748: 442, 763: 128, 764: 366, 765: 128, 766: 366, 767: 100, 768: 338, 785: 366, 786: 128, 787: 128, 788: 366, 789: 310, 790: 72, 791: 680, 792: 442, 793: 72, 794: 310, 795: 268, 796: 30, 797: 366, 798: 128, 799: 44, 800: 282, 801: 366, 802: 128, 879: 128, 880: 366}
Number of lables used:  14
Time taken: 0.21 seconds
Memory used: 33.50 MB
--------------------------------------------------

Trying with at most 13 labels...
Cannot find solution.
No more solutions found.
Optimal number of labels used:  14
Time taken: 8.55 seconds
Memory used: 38.96 MB
[runlim] end:			Wed Mar 25 20:41:43 2026
[runlim] status:		ok
[runlim] result:		0
[runlim] children:		1
[runlim] processes:		2
[runlim] real:			8.60 seconds
[runlim] time:			8.49 seconds
[runlim] space:			47 MB
[runlim] load:			1.21 maximum
[runlim] samples:		86
