[runlim] version:		2.0.0rc12
[runlim] host:			ap-Precision-7550
[runlim] time limit:		311040000 seconds
[runlim] real time limit:	600 seconds
[runlim] space limit:		14000 MB
[runlim] argv[0]:		python3
[runlim] argv[1]:		-u
[runlim] argv[2]:		main.py
[runlim] argv[3]:		TUD200.1
[runlim] argv[4]:		nsc
[runlim] argv[5]:		incremental
[runlim] argv[6]:		cadical195
[runlim] start:			Wed Mar 25 20:51:28 2026
[runlim] child:			21427
Solve first problem:
Solution:
{1: 338, 2: 100, 3: 86, 4: 324, 5: 366, 6: 128, 7: 694, 8: 456, 9: 128, 10: 366, 11: 44, 12: 282, 13: 792, 14: 554, 15: 414, 16: 652, 17: 156, 18: 394, 19: 498, 20: 736, 21: 470, 22: 708, 23: 792, 24: 554, 25: 484, 26: 722, 27: 128, 28: 366, 29: 128, 30: 366, 31: 156, 32: 394, 33: 554, 34: 792, 35: 456, 36: 694, 37: 128, 38: 366, 39: 268, 40: 30, 41: 428, 42: 666, 43: 142, 44: 380, 45: 254, 46: 16, 47: 792, 48: 554, 49: 470, 50: 708, 51: 58, 52: 296, 53: 156, 54: 394, 55: 86, 56: 324, 57: 72, 58: 310, 59: 540, 60: 778, 61: 512, 62: 750, 63: 414, 64: 652, 65: 554, 66: 792, 67: 414, 68: 652, 69: 680, 70: 442, 71: 268, 72: 30, 73: 456, 74: 694, 75: 512, 76: 750, 77: 540, 78: 778, 79: 792, 80: 554, 81: 554, 82: 792, 83: 428, 84: 666, 85: 736, 86: 498, 87: 778, 88: 540, 89: 30, 90: 268, 91: 778, 92: 540, 93: 16, 94: 254, 95: 352, 96: 114, 97: 540, 98: 778, 99: 156, 100: 394, 101: 380, 102: 142, 103: 540, 104: 778, 105: 114, 106: 352, 107: 380, 108: 142, 109: 694, 110: 456, 111: 722, 112: 484, 113: 414, 114: 652, 115: 470, 116: 708, 117: 526, 118: 764, 119: 100, 120: 338, 121: 456, 122: 694, 123: 156, 124: 394, 125: 310, 126: 72, 127: 72, 128: 310, 129: 170, 130: 408, 131: 380, 132: 142, 133: 554, 134: 792, 135: 526, 136: 764, 137: 456, 138: 694, 139: 442, 140: 680, 141: 380, 142: 142, 143: 540, 144: 778, 145: 554, 146: 792, 147: 254, 148: 16, 149: 554, 150: 792, 151: 86, 152: 324, 153: 498, 154: 736, 155: 554, 156: 792, 157: 554, 158: 792, 159: 498, 160: 736, 161: 554, 162: 792, 163: 526, 164: 764, 165: 100, 166: 338, 167: 526, 168: 764, 169: 554, 170: 792, 171: 498, 172: 736, 173: 540, 174: 778, 175: 526, 176: 764, 177: 666, 178: 428, 179: 498, 180: 736, 181: 554, 182: 792, 183: 526, 184: 764, 185: 156, 186: 394, 187: 156, 188: 394, 189: 484, 190: 722, 191: 428, 192: 666, 193: 484, 194: 722, 195: 554, 196: 792, 197: 484, 198: 722, 199: 540, 200: 778}
Number of lables used:  46
Time taken: 0.28 seconds
Memory used: 31.45 MB
--------------------------------------------------

Trying with at most 45 labels...
Solution:
{1: 254, 2: 16, 3: 86, 4: 324, 5: 366, 6: 128, 7: 694, 8: 456, 9: 114, 10: 352, 11: 44, 12: 282, 13: 708, 14: 470, 15: 414, 16: 652, 17: 156, 18: 394, 19: 666, 20: 428, 21: 442, 22: 680, 23: 750, 24: 512, 25: 456, 26: 694, 27: 128, 28: 366, 29: 128, 30: 366, 31: 156, 32: 394, 33: 512, 34: 750, 35: 456, 36: 694, 37: 128, 38: 366, 39: 156, 40: 394, 41: 526, 42: 764, 43: 142, 44: 380, 45: 254, 46: 16, 47: 764, 48: 526, 49: 394, 50: 156, 51: 16, 52: 254, 53: 156, 54: 394, 55: 86, 56: 324, 57: 72, 58: 310, 59: 442, 60: 680, 61: 72, 62: 310, 63: 792, 64: 554, 65: 512, 66: 750, 67: 708, 68: 470, 69: 680, 70: 442, 71: 268, 72: 30, 73: 128, 74: 366, 75: 512, 76: 750, 77: 750, 78: 512, 79: 100, 80: 338, 81: 554, 82: 792, 83: 470, 84: 708, 85: 694, 86: 456, 87: 694, 88: 456, 89: 380, 90: 142, 91: 100, 92: 338, 93: 16, 94: 254, 95: 268, 96: 30, 97: 456, 98: 694, 99: 128, 100: 366, 101: 338, 102: 100, 103: 750, 104: 512, 105: 114, 106: 352, 107: 366, 108: 128, 109: 694, 110: 456, 111: 708, 112: 470, 113: 414, 114: 652, 115: 470, 116: 708, 117: 764, 118: 526, 119: 100, 120: 338, 121: 142, 122: 380, 123: 156, 124: 394, 125: 72, 126: 310, 127: 72, 128: 310, 129: 170, 130: 408, 131: 380, 132: 142, 133: 554, 134: 792, 135: 72, 136: 310, 137: 456, 138: 694, 139: 310, 140: 72, 141: 380, 142: 142, 143: 470, 144: 708, 145: 792, 146: 554, 147: 16, 148: 254, 149: 764, 150: 526, 151: 58, 152: 296, 153: 282, 154: 44, 155: 512, 156: 750, 157: 764, 158: 526, 159: 680, 160: 442, 161: 792, 162: 554, 163: 470, 164: 708, 165: 100, 166: 338, 167: 652, 168: 414, 169: 792, 170: 554, 171: 470, 172: 708, 173: 792, 174: 554, 175: 512, 176: 750, 177: 666, 178: 428, 179: 792, 180: 554, 181: 792, 182: 554, 183: 512, 184: 750, 185: 156, 186: 394, 187: 100, 188: 338, 189: 512, 190: 750, 191: 428, 192: 666, 193: 86, 194: 324, 195: 44, 196: 282, 197: 470, 198: 708, 199: 30, 200: 268}
Number of lables used:  40
--------------------------------------------------

Trying with at most 39 labels...
Solution:
{1: 254, 2: 16, 3: 86, 4: 324, 5: 366, 6: 128, 7: 694, 8: 456, 9: 114, 10: 352, 11: 44, 12: 282, 13: 708, 14: 470, 15: 414, 16: 652, 17: 156, 18: 394, 19: 666, 20: 428, 21: 442, 22: 680, 23: 750, 24: 512, 25: 456, 26: 694, 27: 128, 28: 366, 29: 128, 30: 366, 31: 156, 32: 394, 33: 512, 34: 750, 35: 456, 36: 694, 37: 128, 38: 366, 39: 156, 40: 394, 41: 554, 42: 792, 43: 142, 44: 380, 45: 254, 46: 16, 47: 792, 48: 554, 49: 394, 50: 156, 51: 16, 52: 254, 53: 156, 54: 394, 55: 86, 56: 324, 57: 72, 58: 310, 59: 442, 60: 680, 61: 72, 62: 310, 63: 792, 64: 554, 65: 512, 66: 750, 67: 708, 68: 470, 69: 680, 70: 442, 71: 268, 72: 30, 73: 128, 74: 366, 75: 512, 76: 750, 77: 750, 78: 512, 79: 100, 80: 338, 81: 554, 82: 792, 83: 470, 84: 708, 85: 694, 86: 456, 87: 694, 88: 456, 89: 380, 90: 142, 91: 100, 92: 338, 93: 16, 94: 254, 95: 268, 96: 30, 97: 456, 98: 694, 99: 128, 100: 366, 101: 338, 102: 100, 103: 750, 104: 512, 105: 114, 106: 352, 107: 366, 108: 128, 109: 694, 110: 456, 111: 708, 112: 470, 113: 414, 114: 652, 115: 470, 116: 708, 117: 296, 118: 58, 119: 100, 120: 338, 121: 142, 122: 380, 123: 156, 124: 394, 125: 72, 126: 310, 127: 72, 128: 310, 129: 170, 130: 408, 131: 380, 132: 142, 133: 554, 134: 792, 135: 72, 136: 310, 137: 456, 138: 694, 139: 310, 140: 72, 141: 380, 142: 142, 143: 470, 144: 708, 145: 792, 146: 554, 147: 16, 148: 254, 149: 394, 150: 156, 151: 58, 152: 296, 153: 282, 154: 44, 155: 512, 156: 750, 157: 156, 158: 394, 159: 680, 160: 442, 161: 792, 162: 554, 163: 470, 164: 708, 165: 100, 166: 338, 167: 652, 168: 414, 169: 792, 170: 554, 171: 470, 172: 708, 173: 512, 174: 750, 175: 512, 176: 750, 177: 666, 178: 428, 179: 792, 180: 554, 181: 792, 182: 554, 183: 512, 184: 750, 185: 156, 186: 394, 187: 100, 188: 338, 189: 512, 190: 750, 191: 428, 192: 666, 193: 86, 194: 324, 195: 44, 196: 282, 197: 470, 198: 708, 199: 30, 200: 268}
Number of lables used:  38
Time taken: 0.30 seconds
Memory used: 32.89 MB
--------------------------------------------------

Trying with at most 37 labels...
Solution:
{1: 254, 2: 16, 3: 86, 4: 324, 5: 366, 6: 128, 7: 680, 8: 442, 9: 114, 10: 352, 11: 44, 12: 282, 13: 708, 14: 470, 15: 324, 16: 86, 17: 156, 18: 394, 19: 666, 20: 428, 21: 428, 22: 666, 23: 750, 24: 512, 25: 442, 26: 680, 27: 128, 28: 366, 29: 128, 30: 366, 31: 156, 32: 394, 33: 512, 34: 750, 35: 442, 36: 680, 37: 128, 38: 366, 39: 156, 40: 394, 41: 554, 42: 792, 43: 142, 44: 380, 45: 254, 46: 16, 47: 792, 48: 554, 49: 394, 50: 156, 51: 16, 52: 254, 53: 156, 54: 394, 55: 86, 56: 324, 57: 72, 58: 310, 59: 442, 60: 680, 61: 72, 62: 310, 63: 792, 64: 554, 65: 512, 66: 750, 67: 708, 68: 470, 69: 666, 70: 428, 71: 268, 72: 30, 73: 128, 74: 366, 75: 512, 76: 750, 77: 750, 78: 512, 79: 100, 80: 338, 81: 554, 82: 792, 83: 470, 84: 708, 85: 30, 86: 268, 87: 680, 88: 442, 89: 380, 90: 142, 91: 100, 92: 338, 93: 16, 94: 254, 95: 268, 96: 30, 97: 442, 98: 680, 99: 128, 100: 366, 101: 338, 102: 100, 103: 750, 104: 512, 105: 114, 106: 352, 107: 366, 108: 128, 109: 680, 110: 442, 111: 708, 112: 470, 113: 792, 114: 554, 115: 470, 116: 708, 117: 296, 118: 58, 119: 100, 120: 338, 121: 142, 122: 380, 123: 156, 124: 394, 125: 72, 126: 310, 127: 72, 128: 310, 129: 170, 130: 408, 131: 380, 132: 142, 133: 554, 134: 792, 135: 72, 136: 310, 137: 708, 138: 470, 139: 310, 140: 72, 141: 380, 142: 142, 143: 750, 144: 512, 145: 792, 146: 554, 147: 16, 148: 254, 149: 394, 150: 156, 151: 58, 152: 296, 153: 282, 154: 44, 155: 512, 156: 750, 157: 156, 158: 394, 159: 680, 160: 442, 161: 792, 162: 554, 163: 470, 164: 708, 165: 100, 166: 338, 167: 666, 168: 428, 169: 708, 170: 470, 171: 470, 172: 708, 173: 512, 174: 750, 175: 512, 176: 750, 177: 666, 178: 428, 179: 792, 180: 554, 181: 792, 182: 554, 183: 512, 184: 750, 185: 156, 186: 394, 187: 100, 188: 338, 189: 512, 190: 750, 191: 428, 192: 666, 193: 86, 194: 324, 195: 44, 196: 282, 197: 470, 198: 708, 199: 30, 200: 268}
Number of lables used:  34
Time taken: 0.30 seconds
Memory used: 32.89 MB
--------------------------------------------------

Trying with at most 33 labels...
Solution:
{1: 254, 2: 16, 3: 86, 4: 324, 5: 366, 6: 128, 7: 680, 8: 442, 9: 114, 10: 352, 11: 30, 12: 268, 13: 708, 14: 470, 15: 324, 16: 86, 17: 156, 18: 394, 19: 666, 20: 428, 21: 428, 22: 666, 23: 750, 24: 512, 25: 442, 26: 680, 27: 128, 28: 366, 29: 128, 30: 366, 31: 156, 32: 394, 33: 512, 34: 750, 35: 442, 36: 680, 37: 128, 38: 366, 39: 156, 40: 394, 41: 554, 42: 792, 43: 142, 44: 380, 45: 254, 46: 16, 47: 792, 48: 554, 49: 394, 50: 156, 51: 16, 52: 254, 53: 156, 54: 394, 55: 86, 56: 324, 57: 72, 58: 310, 59: 442, 60: 680, 61: 72, 62: 310, 63: 792, 64: 554, 65: 512, 66: 750, 67: 708, 68: 470, 69: 666, 70: 428, 71: 268, 72: 30, 73: 128, 74: 366, 75: 512, 76: 750, 77: 750, 78: 512, 79: 100, 80: 338, 81: 554, 82: 792, 83: 470, 84: 708, 85: 30, 86: 268, 87: 680, 88: 442, 89: 380, 90: 142, 91: 100, 92: 338, 93: 792, 94: 554, 95: 268, 96: 30, 97: 442, 98: 680, 99: 128, 100: 366, 101: 338, 102: 100, 103: 750, 104: 512, 105: 114, 106: 352, 107: 366, 108: 128, 109: 680, 110: 442, 111: 708, 112: 470, 113: 792, 114: 554, 115: 470, 116: 708, 117: 296, 118: 58, 119: 100, 120: 338, 121: 142, 122: 380, 123: 156, 124: 394, 125: 72, 126: 310, 127: 72, 128: 310, 129: 170, 130: 408, 131: 380, 132: 142, 133: 554, 134: 792, 135: 72, 136: 310, 137: 708, 138: 470, 139: 310, 140: 72, 141: 380, 142: 142, 143: 750, 144: 512, 145: 792, 146: 554, 147: 16, 148: 254, 149: 394, 150: 156, 151: 58, 152: 296, 153: 268, 154: 30, 155: 512, 156: 750, 157: 156, 158: 394, 159: 680, 160: 442, 161: 792, 162: 554, 163: 470, 164: 708, 165: 100, 166: 338, 167: 666, 168: 428, 169: 708, 170: 470, 171: 470, 172: 708, 173: 512, 174: 750, 175: 512, 176: 750, 177: 666, 178: 428, 179: 792, 180: 554, 181: 792, 182: 554, 183: 512, 184: 750, 185: 156, 186: 394, 187: 100, 188: 338, 189: 512, 190: 750, 191: 428, 192: 666, 193: 86, 194: 324, 195: 16, 196: 254, 197: 470, 198: 708, 199: 30, 200: 268}
Number of lables used:  32
Time taken: 0.31 seconds
Memory used: 32.89 MB
--------------------------------------------------

Trying with at most 31 labels...
Solution:
{1: 254, 2: 16, 3: 156, 4: 394, 5: 380, 6: 142, 7: 680, 8: 442, 9: 114, 10: 352, 11: 16, 12: 254, 13: 708, 14: 470, 15: 324, 16: 86, 17: 156, 18: 394, 19: 652, 20: 414, 21: 414, 22: 652, 23: 750, 24: 512, 25: 442, 26: 680, 27: 128, 28: 366, 29: 114, 30: 352, 31: 156, 32: 394, 33: 512, 34: 750, 35: 442, 36: 680, 37: 128, 38: 366, 39: 156, 40: 394, 41: 86, 42: 324, 43: 142, 44: 380, 45: 296, 46: 58, 47: 58, 48: 296, 49: 394, 50: 156, 51: 30, 52: 268, 53: 156, 54: 394, 55: 86, 56: 324, 57: 72, 58: 310, 59: 442, 60: 680, 61: 72, 62: 310, 63: 156, 64: 394, 65: 792, 66: 554, 67: 128, 68: 366, 69: 86, 70: 324, 71: 268, 72: 30, 73: 86, 74: 324, 75: 512, 76: 750, 77: 750, 78: 512, 79: 380, 80: 142, 81: 554, 82: 792, 83: 16, 84: 254, 85: 30, 86: 268, 87: 680, 88: 442, 89: 470, 90: 708, 91: 142, 92: 380, 93: 792, 94: 554, 95: 442, 96: 680, 97: 442, 98: 680, 99: 708, 100: 470, 101: 338, 102: 100, 103: 750, 104: 512, 105: 114, 106: 352, 107: 366, 108: 128, 109: 792, 110: 554, 111: 708, 112: 470, 113: 792, 114: 554, 115: 470, 116: 708, 117: 296, 118: 58, 119: 100, 120: 338, 121: 142, 122: 380, 123: 156, 124: 394, 125: 680, 126: 442, 127: 72, 128: 310, 129: 380, 130: 142, 131: 338, 132: 100, 133: 414, 134: 652, 135: 30, 136: 268, 137: 708, 138: 470, 139: 310, 140: 72, 141: 380, 142: 142, 143: 750, 144: 512, 145: 792, 146: 554, 147: 470, 148: 708, 149: 394, 150: 156, 151: 30, 152: 268, 153: 296, 154: 58, 155: 792, 156: 554, 157: 156, 158: 394, 159: 86, 160: 324, 161: 792, 162: 554, 163: 512, 164: 750, 165: 100, 166: 338, 167: 414, 168: 652, 169: 680, 170: 442, 171: 442, 172: 680, 173: 512, 174: 750, 175: 512, 176: 750, 177: 30, 178: 268, 179: 792, 180: 554, 181: 680, 182: 442, 183: 512, 184: 750, 185: 394, 186: 156, 187: 100, 188: 338, 189: 512, 190: 750, 191: 442, 192: 680, 193: 114, 194: 352, 195: 30, 196: 268, 197: 414, 198: 652, 199: 708, 200: 470}
Number of lables used:  30
Time taken: 0.32 seconds
Memory used: 32.91 MB
--------------------------------------------------

Trying with at most 29 labels...
Solution:
{1: 268, 2: 30, 3: 652, 4: 414, 5: 380, 6: 142, 7: 680, 8: 442, 9: 366, 10: 128, 11: 16, 12: 254, 13: 708, 14: 470, 15: 324, 16: 86, 17: 142, 18: 380, 19: 652, 20: 414, 21: 414, 22: 652, 23: 750, 24: 512, 25: 442, 26: 680, 27: 128, 28: 366, 29: 30, 30: 268, 31: 142, 32: 380, 33: 512, 34: 750, 35: 442, 36: 680, 37: 128, 38: 366, 39: 86, 40: 324, 41: 86, 42: 324, 43: 142, 44: 380, 45: 310, 46: 72, 47: 58, 48: 296, 49: 414, 50: 652, 51: 30, 52: 268, 53: 142, 54: 380, 55: 86, 56: 324, 57: 72, 58: 310, 59: 442, 60: 680, 61: 30, 62: 268, 63: 16, 64: 254, 65: 750, 66: 512, 67: 128, 68: 366, 69: 86, 70: 324, 71: 268, 72: 30, 73: 86, 74: 324, 75: 512, 76: 750, 77: 750, 78: 512, 79: 380, 80: 142, 81: 72, 82: 310, 83: 16, 84: 254, 85: 30, 86: 268, 87: 680, 88: 442, 89: 380, 90: 142, 91: 142, 92: 380, 93: 792, 94: 554, 95: 442, 96: 680, 97: 442, 98: 680, 99: 380, 100: 142, 101: 338, 102: 100, 103: 750, 104: 512, 105: 100, 106: 338, 107: 366, 108: 128, 109: 750, 110: 512, 111: 708, 112: 470, 113: 792, 114: 554, 115: 470, 116: 708, 117: 296, 118: 58, 119: 100, 120: 338, 121: 142, 122: 380, 123: 128, 124: 366, 125: 680, 126: 442, 127: 72, 128: 310, 129: 240, 130: 478, 131: 338, 132: 100, 133: 414, 134: 652, 135: 30, 136: 268, 137: 708, 138: 470, 139: 310, 140: 72, 141: 380, 142: 142, 143: 750, 144: 512, 145: 708, 146: 470, 147: 792, 148: 554, 149: 380, 150: 142, 151: 652, 152: 414, 153: 296, 154: 58, 155: 792, 156: 554, 157: 142, 158: 380, 159: 58, 160: 296, 161: 750, 162: 512, 163: 512, 164: 750, 165: 100, 166: 338, 167: 652, 168: 414, 169: 680, 170: 442, 171: 442, 172: 680, 173: 512, 174: 750, 175: 512, 176: 750, 177: 380, 178: 142, 179: 792, 180: 554, 181: 680, 182: 442, 183: 512, 184: 750, 185: 16, 186: 254, 187: 100, 188: 338, 189: 512, 190: 750, 191: 442, 192: 680, 193: 792, 194: 554, 195: 30, 196: 268, 197: 414, 198: 652, 199: 708, 200: 470}
Number of lables used:  28
Time taken: 0.32 seconds
Memory used: 33.04 MB
--------------------------------------------------

Trying with at most 27 labels...
Solution:
{1: 268, 2: 30, 3: 652, 4: 414, 5: 380, 6: 142, 7: 680, 8: 442, 9: 366, 10: 128, 11: 16, 12: 254, 13: 792, 14: 554, 15: 324, 16: 86, 17: 142, 18: 380, 19: 652, 20: 414, 21: 414, 22: 652, 23: 750, 24: 512, 25: 442, 26: 680, 27: 128, 28: 366, 29: 30, 30: 268, 31: 142, 32: 380, 33: 512, 34: 750, 35: 442, 36: 680, 37: 128, 38: 366, 39: 86, 40: 324, 41: 86, 42: 324, 43: 142, 44: 380, 45: 310, 46: 72, 47: 58, 48: 296, 49: 414, 50: 652, 51: 30, 52: 268, 53: 142, 54: 380, 55: 86, 56: 324, 57: 72, 58: 310, 59: 442, 60: 680, 61: 30, 62: 268, 63: 16, 64: 254, 65: 750, 66: 512, 67: 128, 68: 366, 69: 86, 70: 324, 71: 268, 72: 30, 73: 86, 74: 324, 75: 512, 76: 750, 77: 750, 78: 512, 79: 380, 80: 142, 81: 72, 82: 310, 83: 16, 84: 254, 85: 30, 86: 268, 87: 680, 88: 442, 89: 380, 90: 142, 91: 142, 92: 380, 93: 792, 94: 554, 95: 554, 96: 792, 97: 442, 98: 680, 99: 380, 100: 142, 101: 338, 102: 100, 103: 750, 104: 512, 105: 100, 106: 338, 107: 366, 108: 128, 109: 750, 110: 512, 111: 680, 112: 442, 113: 792, 114: 554, 115: 442, 116: 680, 117: 296, 118: 58, 119: 100, 120: 338, 121: 142, 122: 380, 123: 100, 124: 338, 125: 680, 126: 442, 127: 72, 128: 310, 129: 240, 130: 478, 131: 338, 132: 100, 133: 414, 134: 652, 135: 30, 136: 268, 137: 680, 138: 442, 139: 512, 140: 750, 141: 380, 142: 142, 143: 414, 144: 652, 145: 680, 146: 442, 147: 792, 148: 554, 149: 380, 150: 142, 151: 652, 152: 414, 153: 296, 154: 58, 155: 750, 156: 512, 157: 142, 158: 380, 159: 58, 160: 296, 161: 750, 162: 512, 163: 30, 164: 268, 165: 100, 166: 338, 167: 652, 168: 414, 169: 512, 170: 750, 171: 792, 172: 554, 173: 512, 174: 750, 175: 512, 176: 750, 177: 380, 178: 142, 179: 792, 180: 554, 181: 680, 182: 442, 183: 512, 184: 750, 185: 16, 186: 254, 187: 100, 188: 338, 189: 512, 190: 750, 191: 268, 192: 30, 193: 792, 194: 554, 195: 30, 196: 268, 197: 554, 198: 792, 199: 442, 200: 680}
Number of lables used:  26
Time taken: 0.33 seconds
Memory used: 33.04 MB
--------------------------------------------------

Trying with at most 25 labels...
Solution:
{1: 268, 2: 30, 3: 652, 4: 414, 5: 380, 6: 142, 7: 680, 8: 442, 9: 366, 10: 128, 11: 16, 12: 254, 13: 792, 14: 554, 15: 324, 16: 86, 17: 142, 18: 380, 19: 652, 20: 414, 21: 414, 22: 652, 23: 750, 24: 512, 25: 442, 26: 680, 27: 128, 28: 366, 29: 30, 30: 268, 31: 142, 32: 380, 33: 512, 34: 750, 35: 652, 36: 414, 37: 128, 38: 366, 39: 86, 40: 324, 41: 86, 42: 324, 43: 142, 44: 380, 45: 310, 46: 72, 47: 58, 48: 296, 49: 680, 50: 442, 51: 30, 52: 268, 53: 142, 54: 380, 55: 86, 56: 324, 57: 72, 58: 310, 59: 442, 60: 680, 61: 30, 62: 268, 63: 16, 64: 254, 65: 750, 66: 512, 67: 128, 68: 366, 69: 86, 70: 324, 71: 268, 72: 30, 73: 86, 74: 324, 75: 512, 76: 750, 77: 750, 78: 512, 79: 380, 80: 142, 81: 72, 82: 310, 83: 16, 84: 254, 85: 30, 86: 268, 87: 680, 88: 442, 89: 380, 90: 142, 91: 142, 92: 380, 93: 792, 94: 554, 95: 554, 96: 792, 97: 442, 98: 680, 99: 380, 100: 142, 101: 142, 102: 380, 103: 750, 104: 512, 105: 310, 106: 72, 107: 366, 108: 128, 109: 750, 110: 512, 111: 680, 112: 442, 113: 792, 114: 554, 115: 442, 116: 680, 117: 296, 118: 58, 119: 128, 120: 366, 121: 142, 122: 380, 123: 86, 124: 324, 125: 680, 126: 442, 127: 72, 128: 310, 129: 240, 130: 478, 131: 366, 132: 128, 133: 414, 134: 652, 135: 30, 136: 268, 137: 680, 138: 442, 139: 512, 140: 750, 141: 380, 142: 142, 143: 414, 144: 652, 145: 680, 146: 442, 147: 792, 148: 554, 149: 380, 150: 142, 151: 652, 152: 414, 153: 296, 154: 58, 155: 750, 156: 512, 157: 142, 158: 380, 159: 58, 160: 296, 161: 750, 162: 512, 163: 30, 164: 268, 165: 16, 166: 254, 167: 652, 168: 414, 169: 512, 170: 750, 171: 792, 172: 554, 173: 512, 174: 750, 175: 512, 176: 750, 177: 380, 178: 142, 179: 792, 180: 554, 181: 680, 182: 442, 183: 512, 184: 750, 185: 324, 186: 86, 187: 86, 188: 324, 189: 512, 190: 750, 191: 268, 192: 30, 193: 792, 194: 554, 195: 30, 196: 268, 197: 554, 198: 792, 199: 442, 200: 680}
Number of lables used:  24
Time taken: 0.33 seconds
Memory used: 33.04 MB
--------------------------------------------------

Trying with at most 23 labels...
Solution:
{1: 268, 2: 30, 3: 652, 4: 414, 5: 380, 6: 142, 7: 680, 8: 442, 9: 366, 10: 128, 11: 16, 12: 254, 13: 792, 14: 554, 15: 324, 16: 86, 17: 142, 18: 380, 19: 652, 20: 414, 21: 414, 22: 652, 23: 750, 24: 512, 25: 442, 26: 680, 27: 128, 28: 366, 29: 30, 30: 268, 31: 142, 32: 380, 33: 512, 34: 750, 35: 652, 36: 414, 37: 128, 38: 366, 39: 86, 40: 324, 41: 86, 42: 324, 43: 142, 44: 380, 45: 72, 46: 310, 47: 58, 48: 296, 49: 680, 50: 442, 51: 30, 52: 268, 53: 142, 54: 380, 55: 86, 56: 324, 57: 72, 58: 310, 59: 442, 60: 680, 61: 30, 62: 268, 63: 16, 64: 254, 65: 554, 66: 792, 67: 128, 68: 366, 69: 86, 70: 324, 71: 268, 72: 30, 73: 86, 74: 324, 75: 512, 76: 750, 77: 750, 78: 512, 79: 380, 80: 142, 81: 72, 82: 310, 83: 16, 84: 254, 85: 30, 86: 268, 87: 680, 88: 442, 89: 380, 90: 142, 91: 142, 92: 380, 93: 792, 94: 554, 95: 554, 96: 792, 97: 442, 98: 680, 99: 30, 100: 268, 101: 142, 102: 380, 103: 750, 104: 512, 105: 310, 106: 72, 107: 366, 108: 128, 109: 750, 110: 512, 111: 680, 112: 442, 113: 792, 114: 554, 115: 442, 116: 680, 117: 296, 118: 58, 119: 128, 120: 366, 121: 142, 122: 380, 123: 86, 124: 324, 125: 680, 126: 442, 127: 72, 128: 310, 129: 142, 130: 380, 131: 366, 132: 128, 133: 414, 134: 652, 135: 30, 136: 268, 137: 680, 138: 442, 139: 512, 140: 750, 141: 380, 142: 142, 143: 414, 144: 652, 145: 680, 146: 442, 147: 792, 148: 554, 149: 380, 150: 142, 151: 680, 152: 442, 153: 296, 154: 58, 155: 750, 156: 512, 157: 142, 158: 380, 159: 512, 160: 750, 161: 750, 162: 512, 163: 30, 164: 268, 165: 16, 166: 254, 167: 652, 168: 414, 169: 512, 170: 750, 171: 792, 172: 554, 173: 512, 174: 750, 175: 512, 176: 750, 177: 380, 178: 142, 179: 792, 180: 554, 181: 680, 182: 442, 183: 512, 184: 750, 185: 324, 186: 86, 187: 86, 188: 324, 189: 512, 190: 750, 191: 268, 192: 30, 193: 792, 194: 554, 195: 30, 196: 268, 197: 554, 198: 792, 199: 442, 200: 680}
Number of lables used:  22
Time taken: 0.33 seconds
Memory used: 33.04 MB
--------------------------------------------------

Trying with at most 21 labels...
Solution:
{1: 736, 2: 498, 3: 414, 4: 652, 5: 380, 6: 142, 7: 338, 8: 100, 9: 254, 10: 16, 11: 58, 12: 296, 13: 142, 14: 380, 15: 254, 16: 16, 17: 58, 18: 296, 19: 380, 20: 142, 21: 142, 22: 380, 23: 750, 24: 512, 25: 666, 26: 428, 27: 44, 28: 282, 29: 16, 30: 254, 31: 498, 32: 736, 33: 512, 34: 750, 35: 652, 36: 414, 37: 414, 38: 652, 39: 338, 40: 100, 41: 736, 42: 498, 43: 142, 44: 380, 45: 100, 46: 338, 47: 16, 48: 254, 49: 142, 50: 380, 51: 736, 52: 498, 53: 142, 54: 380, 55: 652, 56: 414, 57: 750, 58: 512, 59: 470, 60: 708, 61: 470, 62: 708, 63: 652, 64: 414, 65: 652, 66: 414, 67: 16, 68: 254, 69: 652, 70: 414, 71: 100, 72: 338, 73: 666, 74: 428, 75: 750, 76: 512, 77: 750, 78: 512, 79: 380, 80: 142, 81: 44, 82: 282, 83: 282, 84: 44, 85: 296, 86: 58, 87: 16, 88: 254, 89: 282, 90: 44, 91: 44, 92: 282, 93: 708, 94: 470, 95: 16, 96: 254, 97: 282, 98: 44, 99: 44, 100: 282, 101: 666, 102: 428, 103: 750, 104: 512, 105: 282, 106: 44, 107: 282, 108: 44, 109: 470, 110: 708, 111: 338, 112: 100, 113: 44, 114: 282, 115: 100, 116: 338, 117: 708, 118: 470, 119: 44, 120: 282, 121: 142, 122: 380, 123: 428, 124: 666, 125: 512, 126: 750, 127: 708, 128: 470, 129: 142, 130: 380, 131: 750, 132: 512, 133: 498, 134: 736, 135: 282, 136: 44, 137: 142, 138: 380, 139: 142, 140: 380, 141: 736, 142: 498, 143: 666, 144: 428, 145: 750, 146: 512, 147: 380, 148: 142, 149: 282, 150: 44, 151: 750, 152: 512, 153: 708, 154: 470, 155: 100, 156: 338, 157: 708, 158: 470, 159: 512, 160: 750, 161: 750, 162: 512, 163: 708, 164: 470, 165: 16, 166: 254, 167: 338, 168: 100, 169: 142, 170: 380, 171: 750, 172: 512, 173: 666, 174: 428, 175: 750, 176: 512, 177: 282, 178: 44, 179: 708, 180: 470, 181: 414, 182: 652, 183: 512, 184: 750, 185: 380, 186: 142, 187: 282, 188: 44, 189: 512, 190: 750, 191: 254, 192: 16, 193: 498, 194: 736, 195: 652, 196: 414, 197: 142, 198: 380, 199: 666, 200: 428}
Number of lables used:  20
Time taken: 0.35 seconds
Memory used: 33.09 MB
--------------------------------------------------

Trying with at most 19 labels...
Solution:
{1: 736, 2: 498, 3: 414, 4: 652, 5: 380, 6: 142, 7: 554, 8: 792, 9: 100, 10: 338, 11: 30, 12: 268, 13: 16, 14: 254, 15: 254, 16: 16, 17: 58, 18: 296, 19: 380, 20: 142, 21: 100, 22: 338, 23: 296, 24: 58, 25: 666, 26: 428, 27: 30, 28: 268, 29: 16, 30: 254, 31: 414, 32: 652, 33: 498, 34: 736, 35: 792, 36: 554, 37: 296, 38: 58, 39: 414, 40: 652, 41: 736, 42: 498, 43: 142, 44: 380, 45: 666, 46: 428, 47: 16, 48: 254, 49: 652, 50: 414, 51: 736, 52: 498, 53: 736, 54: 498, 55: 652, 56: 414, 57: 792, 58: 554, 59: 380, 60: 142, 61: 428, 62: 666, 63: 792, 64: 554, 65: 652, 66: 414, 67: 16, 68: 254, 69: 338, 70: 100, 71: 736, 72: 498, 73: 666, 74: 428, 75: 792, 76: 554, 77: 652, 78: 414, 79: 254, 80: 16, 81: 380, 82: 142, 83: 268, 84: 30, 85: 296, 86: 58, 87: 380, 88: 142, 89: 428, 90: 666, 91: 58, 92: 296, 93: 666, 94: 428, 95: 338, 96: 100, 97: 296, 98: 58, 99: 100, 100: 338, 101: 380, 102: 142, 103: 142, 104: 380, 105: 338, 106: 100, 107: 792, 108: 554, 109: 554, 110: 792, 111: 338, 112: 100, 113: 736, 114: 498, 115: 100, 116: 338, 117: 58, 118: 296, 119: 666, 120: 428, 121: 142, 122: 380, 123: 428, 124: 666, 125: 498, 126: 736, 127: 736, 128: 498, 129: 142, 130: 380, 131: 428, 132: 666, 133: 498, 134: 736, 135: 30, 136: 268, 137: 100, 138: 338, 139: 380, 140: 142, 141: 428, 142: 666, 143: 30, 144: 268, 145: 58, 146: 296, 147: 380, 148: 142, 149: 30, 150: 268, 151: 30, 152: 268, 153: 142, 154: 380, 155: 100, 156: 338, 157: 792, 158: 554, 159: 498, 160: 736, 161: 666, 162: 428, 163: 498, 164: 736, 165: 16, 166: 254, 167: 30, 168: 268, 169: 142, 170: 380, 171: 792, 172: 554, 173: 666, 174: 428, 175: 736, 176: 498, 177: 142, 178: 380, 179: 58, 180: 296, 181: 414, 182: 652, 183: 268, 184: 30, 185: 338, 186: 100, 187: 380, 188: 142, 189: 498, 190: 736, 191: 296, 192: 58, 193: 498, 194: 736, 195: 792, 196: 554, 197: 58, 198: 296, 199: 428, 200: 666}
Number of lables used:  18
Time taken: 0.36 seconds
Memory used: 33.08 MB
--------------------------------------------------

Trying with at most 17 labels...
Solution:
{1: 722, 2: 484, 3: 722, 4: 484, 5: 484, 6: 722, 7: 142, 8: 380, 9: 324, 10: 86, 11: 722, 12: 484, 13: 142, 14: 380, 15: 156, 16: 394, 17: 380, 18: 142, 19: 58, 20: 296, 21: 666, 22: 428, 23: 778, 24: 540, 25: 142, 26: 380, 27: 778, 28: 540, 29: 666, 30: 428, 31: 428, 32: 666, 33: 428, 34: 666, 35: 380, 36: 142, 37: 778, 38: 540, 39: 554, 40: 792, 41: 792, 42: 554, 43: 722, 44: 484, 45: 394, 46: 156, 47: 778, 48: 540, 49: 428, 50: 666, 51: 778, 52: 540, 53: 324, 54: 86, 55: 666, 56: 428, 57: 792, 58: 554, 59: 394, 60: 156, 61: 58, 62: 296, 63: 792, 64: 554, 65: 778, 66: 540, 67: 380, 68: 142, 69: 554, 70: 792, 71: 554, 72: 792, 73: 666, 74: 428, 75: 792, 76: 554, 77: 86, 78: 324, 79: 778, 80: 540, 81: 484, 82: 722, 83: 394, 84: 156, 85: 324, 86: 86, 87: 394, 88: 156, 89: 428, 90: 666, 91: 58, 92: 296, 93: 722, 94: 484, 95: 86, 96: 324, 97: 86, 98: 324, 99: 722, 100: 484, 101: 484, 102: 722, 103: 296, 104: 58, 105: 58, 106: 296, 107: 484, 108: 722, 109: 394, 110: 156, 111: 394, 112: 156, 113: 722, 114: 484, 115: 86, 116: 324, 117: 324, 118: 86, 119: 484, 120: 722, 121: 58, 122: 296, 123: 484, 124: 722, 125: 296, 126: 58, 127: 324, 128: 86, 129: 380, 130: 142, 131: 484, 132: 722, 133: 58, 134: 296, 135: 324, 136: 86, 137: 540, 138: 778, 139: 540, 140: 778, 141: 428, 142: 666, 143: 58, 144: 296, 145: 296, 146: 58, 147: 142, 148: 380, 149: 722, 150: 484, 151: 86, 152: 324, 153: 142, 154: 380, 155: 86, 156: 324, 157: 792, 158: 554, 159: 296, 160: 58, 161: 296, 162: 58, 163: 142, 164: 380, 165: 380, 166: 142, 167: 156, 168: 394, 169: 142, 170: 380, 171: 792, 172: 554, 173: 380, 174: 142, 175: 86, 176: 324, 177: 778, 178: 540, 179: 58, 180: 296, 181: 722, 182: 484, 183: 428, 184: 666, 185: 58, 186: 296, 187: 296, 188: 58, 189: 86, 190: 324, 191: 58, 192: 296, 193: 428, 194: 666, 195: 554, 196: 792, 197: 296, 198: 58, 199: 484, 200: 722}
Number of lables used:  16
Time taken: 0.38 seconds
Memory used: 33.08 MB
--------------------------------------------------

Trying with at most 15 labels...
Solution:
{1: 764, 2: 526, 3: 142, 4: 380, 5: 324, 6: 86, 7: 380, 8: 142, 9: 30, 10: 268, 11: 722, 12: 484, 13: 142, 14: 380, 15: 86, 16: 324, 17: 380, 18: 142, 19: 30, 20: 268, 21: 722, 22: 484, 23: 666, 24: 428, 25: 142, 26: 380, 27: 764, 28: 526, 29: 86, 30: 324, 31: 666, 32: 428, 33: 764, 34: 526, 35: 380, 36: 142, 37: 526, 38: 764, 39: 428, 40: 666, 41: 30, 42: 268, 43: 666, 44: 428, 45: 114, 46: 352, 47: 30, 48: 268, 49: 428, 50: 666, 51: 526, 52: 764, 53: 86, 54: 324, 55: 30, 56: 268, 57: 484, 58: 722, 59: 86, 60: 324, 61: 380, 62: 142, 63: 114, 64: 352, 65: 666, 66: 428, 67: 352, 68: 114, 69: 526, 70: 764, 71: 428, 72: 666, 73: 526, 74: 764, 75: 764, 76: 526, 77: 268, 78: 30, 79: 764, 80: 526, 81: 428, 82: 666, 83: 380, 84: 142, 85: 324, 86: 86, 87: 114, 88: 352, 89: 666, 90: 428, 91: 114, 92: 352, 93: 722, 94: 484, 95: 764, 96: 526, 97: 86, 98: 324, 99: 30, 100: 268, 101: 484, 102: 722, 103: 30, 104: 268, 105: 30, 106: 268, 107: 484, 108: 722, 109: 722, 110: 484, 111: 352, 112: 114, 113: 352, 114: 114, 115: 666, 116: 428, 117: 324, 118: 86, 119: 484, 120: 722, 121: 428, 122: 666, 123: 484, 124: 722, 125: 764, 126: 526, 127: 324, 128: 86, 129: 142, 130: 380, 131: 484, 132: 722, 133: 30, 134: 268, 135: 268, 136: 30, 137: 526, 138: 764, 139: 30, 140: 268, 141: 428, 142: 666, 143: 30, 144: 268, 145: 324, 146: 86, 147: 764, 148: 526, 149: 722, 150: 484, 151: 722, 152: 484, 153: 142, 154: 380, 155: 142, 156: 380, 157: 484, 158: 722, 159: 526, 160: 764, 161: 268, 162: 30, 163: 142, 164: 380, 165: 380, 166: 142, 167: 722, 168: 484, 169: 142, 170: 380, 171: 86, 172: 324, 173: 428, 174: 666, 175: 30, 176: 268, 177: 666, 178: 428, 179: 86, 180: 324, 181: 722, 182: 484, 183: 526, 184: 764, 185: 30, 186: 268, 187: 324, 188: 86, 189: 268, 190: 30, 191: 86, 192: 324, 193: 764, 194: 526, 195: 352, 196: 114, 197: 324, 198: 86, 199: 428, 200: 666}
Number of lables used:  14
Time taken: 0.39 seconds
Memory used: 33.08 MB
--------------------------------------------------

Trying with at most 13 labels...
Solution:
{1: 16, 2: 254, 3: 16, 4: 254, 5: 16, 6: 254, 7: 16, 8: 254, 9: 380, 10: 142, 11: 16, 12: 254, 13: 470, 14: 708, 15: 470, 16: 708, 17: 16, 18: 254, 19: 338, 20: 100, 21: 100, 22: 338, 23: 792, 24: 554, 25: 100, 26: 338, 27: 16, 28: 254, 29: 100, 30: 338, 31: 16, 32: 254, 33: 792, 34: 554, 35: 100, 36: 338, 37: 142, 38: 380, 39: 100, 40: 338, 41: 380, 42: 142, 43: 16, 44: 254, 45: 100, 46: 338, 47: 142, 48: 380, 49: 708, 50: 470, 51: 470, 52: 708, 53: 380, 54: 142, 55: 498, 56: 736, 57: 100, 58: 338, 59: 792, 60: 554, 61: 708, 62: 470, 63: 16, 64: 254, 65: 554, 66: 792, 67: 16, 68: 254, 69: 100, 70: 338, 71: 16, 72: 254, 73: 380, 74: 142, 75: 16, 76: 254, 77: 100, 78: 338, 79: 16, 80: 254, 81: 554, 82: 792, 83: 338, 84: 100, 85: 708, 86: 470, 87: 792, 88: 554, 89: 708, 90: 470, 91: 470, 92: 708, 93: 736, 94: 498, 95: 498, 96: 736, 97: 792, 98: 554, 99: 16, 100: 254, 101: 142, 102: 380, 103: 498, 104: 736, 105: 16, 106: 254, 107: 16, 108: 254, 109: 736, 110: 498, 111: 470, 112: 708, 113: 498, 114: 736, 115: 554, 116: 792, 117: 792, 118: 554, 119: 792, 120: 554, 121: 380, 122: 142, 123: 554, 124: 792, 125: 708, 126: 470, 127: 736, 128: 498, 129: 142, 130: 380, 131: 380, 132: 142, 133: 708, 134: 470, 135: 470, 136: 708, 137: 142, 138: 380, 139: 380, 140: 142, 141: 142, 142: 380, 143: 554, 144: 792, 145: 708, 146: 470, 147: 554, 148: 792, 149: 554, 150: 792, 151: 708, 152: 470, 153: 380, 154: 142, 155: 338, 156: 100, 157: 142, 158: 380, 159: 498, 160: 736, 161: 736, 162: 498, 163: 554, 164: 792, 165: 792, 166: 554, 167: 792, 168: 554, 169: 16, 170: 254, 171: 554, 172: 792, 173: 792, 174: 554, 175: 338, 176: 100, 177: 708, 178: 470, 179: 254, 180: 16, 181: 380, 182: 142, 183: 554, 184: 792, 185: 338, 186: 100, 187: 100, 188: 338, 189: 736, 190: 498, 191: 736, 192: 498, 193: 736, 194: 498, 195: 708, 196: 470, 197: 498, 198: 736, 199: 142, 200: 380}
Number of lables used:  12
Time taken: 0.48 seconds
Memory used: 37.30 MB
--------------------------------------------------

Trying with at most 11 labels...
Cannot find solution.
No more solutions found.
Optimal number of labels used:  12
Time taken: 1.73 seconds
Memory used: 44.16 MB
[runlim] end:			Wed Mar 25 20:51:30 2026
[runlim] status:		ok
[runlim] result:		0
[runlim] children:		1
[runlim] processes:		2
[runlim] real:			1.77 seconds
[runlim] time:			1.70 seconds
[runlim] space:			44 MB
[runlim] load:			1.05 maximum
[runlim] samples:		18
