[runlim] version:		2.0.0rc12
[runlim] host:			ap-Precision-7550
[runlim] time limit:		311040000 seconds
[runlim] real time limit:	600 seconds
[runlim] space limit:		14000 MB
[runlim] argv[0]:		python3
[runlim] argv[1]:		-u
[runlim] argv[2]:		main.py
[runlim] argv[3]:		TUD200.3
[runlim] argv[4]:		nsc
[runlim] argv[5]:		incremental
[runlim] argv[6]:		cadical195
[runlim] start:			Wed Mar 25 20:51:30 2026
[runlim] child:			21433
Solve first problem:
Solution:
{1: 526, 2: 764, 3: 442, 4: 680, 5: 414, 6: 652, 7: 352, 8: 114, 9: 442, 10: 680, 11: 142, 12: 380, 13: 16, 14: 254, 15: 86, 16: 324, 17: 408, 18: 170, 19: 708, 20: 470, 21: 526, 22: 764, 23: 778, 24: 540, 25: 282, 26: 44, 27: 58, 28: 296, 29: 394, 30: 156, 31: 366, 32: 128, 33: 456, 34: 694, 35: 694, 36: 456, 37: 156, 38: 394, 39: 142, 40: 380, 41: 86, 42: 324, 43: 540, 44: 778, 45: 484, 46: 722, 47: 282, 48: 44, 49: 554, 50: 792, 51: 428, 52: 666, 53: 470, 54: 708, 55: 394, 56: 156, 57: 708, 58: 470, 59: 100, 60: 338, 61: 324, 62: 86, 63: 156, 64: 394, 65: 680, 66: 442, 67: 456, 68: 694, 69: 114, 70: 352, 71: 512, 72: 750, 73: 142, 74: 380, 75: 442, 76: 680, 77: 156, 78: 394, 79: 142, 80: 380, 81: 554, 82: 792, 83: 512, 84: 750, 85: 526, 86: 764, 87: 652, 88: 414, 89: 44, 90: 282, 91: 554, 92: 792, 93: 58, 94: 296, 95: 30, 96: 268, 97: 478, 98: 240, 99: 478, 100: 240, 101: 666, 102: 428, 103: 484, 104: 722, 105: 498, 106: 736, 107: 554, 108: 792, 109: 394, 110: 156, 111: 540, 112: 778, 113: 86, 114: 324, 115: 142, 116: 380, 117: 100, 118: 338, 119: 72, 120: 310, 121: 380, 122: 142, 123: 512, 124: 750, 125: 764, 126: 526, 127: 736, 128: 498, 129: 456, 130: 694, 131: 240, 132: 478, 133: 498, 134: 736, 135: 554, 136: 792, 137: 652, 138: 414, 139: 554, 140: 792, 141: 498, 142: 736, 143: 512, 144: 750, 145: 86, 146: 324, 147: 694, 148: 456, 149: 428, 150: 666, 151: 792, 152: 554, 153: 156, 154: 394, 155: 394, 156: 156, 157: 540, 158: 778, 159: 512, 160: 750, 161: 554, 162: 792, 163: 554, 164: 792, 165: 394, 166: 156, 167: 428, 168: 666, 169: 498, 170: 736, 171: 554, 172: 792, 173: 442, 174: 680, 175: 470, 176: 708, 177: 428, 178: 666, 179: 170, 180: 408, 181: 792, 182: 554, 183: 498, 184: 736, 185: 484, 186: 722, 187: 792, 188: 554, 189: 498, 190: 736, 191: 540, 192: 778, 193: 484, 194: 722, 195: 72, 196: 310, 197: 526, 198: 764, 199: 554, 200: 792}
Number of lables used:  48
Time taken: 0.33 seconds
Memory used: 29.74 MB
--------------------------------------------------

Trying with at most 47 labels...
Solution:
{1: 526, 2: 764, 3: 442, 4: 680, 5: 414, 6: 652, 7: 352, 8: 114, 9: 442, 10: 680, 11: 142, 12: 380, 13: 16, 14: 254, 15: 86, 16: 324, 17: 408, 18: 170, 19: 708, 20: 470, 21: 526, 22: 764, 23: 778, 24: 540, 25: 282, 26: 44, 27: 58, 28: 296, 29: 394, 30: 156, 31: 366, 32: 128, 33: 456, 34: 694, 35: 694, 36: 456, 37: 128, 38: 366, 39: 142, 40: 380, 41: 86, 42: 324, 43: 540, 44: 778, 45: 484, 46: 722, 47: 282, 48: 44, 49: 380, 50: 142, 51: 428, 52: 666, 53: 470, 54: 708, 55: 394, 56: 156, 57: 708, 58: 470, 59: 100, 60: 338, 61: 324, 62: 86, 63: 156, 64: 394, 65: 680, 66: 442, 67: 456, 68: 694, 69: 114, 70: 352, 71: 512, 72: 750, 73: 142, 74: 380, 75: 442, 76: 680, 77: 156, 78: 394, 79: 142, 80: 380, 81: 58, 82: 296, 83: 512, 84: 750, 85: 540, 86: 778, 87: 652, 88: 414, 89: 254, 90: 16, 91: 456, 92: 694, 93: 58, 94: 296, 95: 30, 96: 268, 97: 478, 98: 240, 99: 478, 100: 240, 101: 666, 102: 428, 103: 484, 104: 722, 105: 498, 106: 736, 107: 526, 108: 764, 109: 394, 110: 156, 111: 540, 112: 778, 113: 86, 114: 324, 115: 142, 116: 380, 117: 100, 118: 338, 119: 44, 120: 282, 121: 380, 122: 142, 123: 512, 124: 750, 125: 764, 126: 526, 127: 540, 128: 778, 129: 456, 130: 694, 131: 240, 132: 478, 133: 498, 134: 736, 135: 470, 136: 708, 137: 268, 138: 30, 139: 652, 140: 414, 141: 498, 142: 736, 143: 484, 144: 722, 145: 86, 146: 324, 147: 498, 148: 736, 149: 86, 150: 324, 151: 414, 152: 652, 153: 100, 154: 338, 155: 394, 156: 156, 157: 540, 158: 778, 159: 512, 160: 750, 161: 778, 162: 540, 163: 470, 164: 708, 165: 366, 166: 128, 167: 414, 168: 652, 169: 778, 170: 540, 171: 526, 172: 764, 173: 442, 174: 680, 175: 442, 176: 680, 177: 72, 178: 310, 179: 170, 180: 408, 181: 778, 182: 540, 183: 778, 184: 540, 185: 484, 186: 722, 187: 484, 188: 722, 189: 764, 190: 526, 191: 540, 192: 778, 193: 470, 194: 708, 195: 72, 196: 310, 197: 540, 198: 778, 199: 512, 200: 750}
Number of lables used:  46
--------------------------------------------------

Trying with at most 45 labels...
Solution:
{1: 526, 2: 764, 3: 414, 4: 652, 5: 414, 6: 652, 7: 352, 8: 114, 9: 414, 10: 652, 11: 142, 12: 380, 13: 16, 14: 254, 15: 86, 16: 324, 17: 408, 18: 170, 19: 708, 20: 470, 21: 526, 22: 764, 23: 778, 24: 540, 25: 282, 26: 44, 27: 58, 28: 296, 29: 394, 30: 156, 31: 366, 32: 128, 33: 456, 34: 694, 35: 694, 36: 456, 37: 128, 38: 366, 39: 142, 40: 380, 41: 86, 42: 324, 43: 540, 44: 778, 45: 484, 46: 722, 47: 282, 48: 44, 49: 380, 50: 142, 51: 428, 52: 666, 53: 470, 54: 708, 55: 394, 56: 156, 57: 708, 58: 470, 59: 100, 60: 338, 61: 324, 62: 86, 63: 156, 64: 394, 65: 666, 66: 428, 67: 456, 68: 694, 69: 114, 70: 352, 71: 512, 72: 750, 73: 142, 74: 380, 75: 428, 76: 666, 77: 156, 78: 394, 79: 142, 80: 380, 81: 58, 82: 296, 83: 512, 84: 750, 85: 540, 86: 778, 87: 652, 88: 414, 89: 254, 90: 16, 91: 456, 92: 694, 93: 58, 94: 296, 95: 30, 96: 268, 97: 478, 98: 240, 99: 478, 100: 240, 101: 666, 102: 428, 103: 484, 104: 722, 105: 498, 106: 736, 107: 526, 108: 764, 109: 394, 110: 156, 111: 540, 112: 778, 113: 86, 114: 324, 115: 142, 116: 380, 117: 100, 118: 338, 119: 44, 120: 282, 121: 380, 122: 142, 123: 512, 124: 750, 125: 764, 126: 526, 127: 540, 128: 778, 129: 456, 130: 694, 131: 240, 132: 478, 133: 498, 134: 736, 135: 470, 136: 708, 137: 268, 138: 30, 139: 652, 140: 414, 141: 498, 142: 736, 143: 484, 144: 722, 145: 86, 146: 324, 147: 498, 148: 736, 149: 86, 150: 324, 151: 414, 152: 652, 153: 100, 154: 338, 155: 394, 156: 156, 157: 540, 158: 778, 159: 512, 160: 750, 161: 778, 162: 540, 163: 470, 164: 708, 165: 366, 166: 128, 167: 414, 168: 652, 169: 778, 170: 540, 171: 526, 172: 764, 173: 428, 174: 666, 175: 394, 176: 156, 177: 72, 178: 310, 179: 170, 180: 408, 181: 778, 182: 540, 183: 778, 184: 540, 185: 484, 186: 722, 187: 484, 188: 722, 189: 764, 190: 526, 191: 540, 192: 778, 193: 470, 194: 708, 195: 72, 196: 310, 197: 540, 198: 778, 199: 512, 200: 750}
Number of lables used:  44
Time taken: 0.35 seconds
Memory used: 31.01 MB
--------------------------------------------------

Trying with at most 43 labels...
Solution:
{1: 526, 2: 764, 3: 414, 4: 652, 5: 414, 6: 652, 7: 352, 8: 114, 9: 414, 10: 652, 11: 142, 12: 380, 13: 16, 14: 254, 15: 86, 16: 324, 17: 142, 18: 380, 19: 708, 20: 470, 21: 526, 22: 764, 23: 778, 24: 540, 25: 282, 26: 44, 27: 58, 28: 296, 29: 394, 30: 156, 31: 366, 32: 128, 33: 456, 34: 694, 35: 694, 36: 456, 37: 128, 38: 366, 39: 142, 40: 380, 41: 86, 42: 324, 43: 540, 44: 778, 45: 484, 46: 722, 47: 282, 48: 44, 49: 380, 50: 142, 51: 428, 52: 666, 53: 470, 54: 708, 55: 394, 56: 156, 57: 708, 58: 470, 59: 100, 60: 338, 61: 324, 62: 86, 63: 156, 64: 394, 65: 666, 66: 428, 67: 456, 68: 694, 69: 114, 70: 352, 71: 512, 72: 750, 73: 142, 74: 380, 75: 428, 76: 666, 77: 156, 78: 394, 79: 142, 80: 380, 81: 58, 82: 296, 83: 512, 84: 750, 85: 540, 86: 778, 87: 652, 88: 414, 89: 254, 90: 16, 91: 456, 92: 694, 93: 58, 94: 296, 95: 30, 96: 268, 97: 478, 98: 240, 99: 478, 100: 240, 101: 666, 102: 428, 103: 484, 104: 722, 105: 498, 106: 736, 107: 526, 108: 764, 109: 394, 110: 156, 111: 540, 112: 778, 113: 86, 114: 324, 115: 142, 116: 380, 117: 100, 118: 338, 119: 44, 120: 282, 121: 380, 122: 142, 123: 512, 124: 750, 125: 764, 126: 526, 127: 540, 128: 778, 129: 456, 130: 694, 131: 240, 132: 478, 133: 498, 134: 736, 135: 470, 136: 708, 137: 268, 138: 30, 139: 652, 140: 414, 141: 498, 142: 736, 143: 484, 144: 722, 145: 86, 146: 324, 147: 498, 148: 736, 149: 86, 150: 324, 151: 414, 152: 652, 153: 100, 154: 338, 155: 394, 156: 156, 157: 540, 158: 778, 159: 512, 160: 750, 161: 778, 162: 540, 163: 470, 164: 708, 165: 366, 166: 128, 167: 414, 168: 652, 169: 778, 170: 540, 171: 526, 172: 764, 173: 428, 174: 666, 175: 394, 176: 156, 177: 72, 178: 310, 179: 240, 180: 478, 181: 778, 182: 540, 183: 778, 184: 540, 185: 484, 186: 722, 187: 484, 188: 722, 189: 764, 190: 526, 191: 540, 192: 778, 193: 470, 194: 708, 195: 72, 196: 310, 197: 540, 198: 778, 199: 512, 200: 750}
Number of lables used:  42
Time taken: 0.35 seconds
Memory used: 31.13 MB
--------------------------------------------------

Trying with at most 41 labels...
Solution:
{1: 526, 2: 764, 3: 414, 4: 652, 5: 414, 6: 652, 7: 352, 8: 114, 9: 414, 10: 652, 11: 142, 12: 380, 13: 526, 14: 764, 15: 86, 16: 324, 17: 142, 18: 380, 19: 708, 20: 470, 21: 526, 22: 764, 23: 778, 24: 540, 25: 282, 26: 44, 27: 58, 28: 296, 29: 394, 30: 156, 31: 366, 32: 128, 33: 456, 34: 694, 35: 694, 36: 456, 37: 128, 38: 366, 39: 142, 40: 380, 41: 86, 42: 324, 43: 540, 44: 778, 45: 484, 46: 722, 47: 282, 48: 44, 49: 380, 50: 142, 51: 428, 52: 666, 53: 470, 54: 708, 55: 394, 56: 156, 57: 708, 58: 470, 59: 100, 60: 338, 61: 324, 62: 86, 63: 156, 64: 394, 65: 666, 66: 428, 67: 268, 68: 30, 69: 114, 70: 352, 71: 512, 72: 750, 73: 142, 74: 380, 75: 428, 76: 666, 77: 156, 78: 394, 79: 142, 80: 380, 81: 58, 82: 296, 83: 512, 84: 750, 85: 540, 86: 778, 87: 652, 88: 414, 89: 268, 90: 30, 91: 456, 92: 694, 93: 58, 94: 296, 95: 30, 96: 268, 97: 478, 98: 240, 99: 478, 100: 240, 101: 666, 102: 428, 103: 484, 104: 722, 105: 498, 106: 736, 107: 526, 108: 764, 109: 394, 110: 156, 111: 540, 112: 778, 113: 86, 114: 324, 115: 142, 116: 380, 117: 100, 118: 338, 119: 44, 120: 282, 121: 380, 122: 142, 123: 512, 124: 750, 125: 764, 126: 526, 127: 540, 128: 778, 129: 456, 130: 694, 131: 240, 132: 478, 133: 456, 134: 694, 135: 470, 136: 708, 137: 268, 138: 30, 139: 652, 140: 414, 141: 498, 142: 736, 143: 484, 144: 722, 145: 86, 146: 324, 147: 498, 148: 736, 149: 86, 150: 324, 151: 414, 152: 652, 153: 352, 154: 114, 155: 394, 156: 156, 157: 540, 158: 778, 159: 470, 160: 708, 161: 778, 162: 540, 163: 512, 164: 750, 165: 366, 166: 128, 167: 414, 168: 652, 169: 778, 170: 540, 171: 526, 172: 764, 173: 750, 174: 512, 175: 394, 176: 156, 177: 72, 178: 310, 179: 240, 180: 478, 181: 778, 182: 540, 183: 428, 184: 666, 185: 456, 186: 694, 187: 484, 188: 722, 189: 764, 190: 526, 191: 540, 192: 778, 193: 470, 194: 708, 195: 72, 196: 310, 197: 540, 198: 778, 199: 512, 200: 750}
Number of lables used:  40
Time taken: 0.35 seconds
Memory used: 31.13 MB
--------------------------------------------------

Trying with at most 39 labels...
Solution:
{1: 526, 2: 764, 3: 414, 4: 652, 5: 414, 6: 652, 7: 352, 8: 114, 9: 414, 10: 652, 11: 142, 12: 380, 13: 526, 14: 764, 15: 86, 16: 324, 17: 142, 18: 380, 19: 694, 20: 456, 21: 526, 22: 764, 23: 778, 24: 540, 25: 282, 26: 44, 27: 58, 28: 296, 29: 394, 30: 156, 31: 366, 32: 128, 33: 58, 34: 296, 35: 694, 36: 456, 37: 128, 38: 366, 39: 142, 40: 380, 41: 86, 42: 324, 43: 540, 44: 778, 45: 484, 46: 722, 47: 282, 48: 44, 49: 380, 50: 142, 51: 428, 52: 666, 53: 456, 54: 694, 55: 394, 56: 156, 57: 652, 58: 414, 59: 100, 60: 338, 61: 324, 62: 86, 63: 156, 64: 394, 65: 666, 66: 428, 67: 268, 68: 30, 69: 114, 70: 352, 71: 512, 72: 750, 73: 142, 74: 380, 75: 142, 76: 380, 77: 156, 78: 394, 79: 142, 80: 380, 81: 58, 82: 296, 83: 512, 84: 750, 85: 540, 86: 778, 87: 652, 88: 414, 89: 268, 90: 30, 91: 456, 92: 694, 93: 58, 94: 296, 95: 30, 96: 268, 97: 478, 98: 240, 99: 478, 100: 240, 101: 666, 102: 428, 103: 484, 104: 722, 105: 498, 106: 736, 107: 526, 108: 764, 109: 394, 110: 156, 111: 540, 112: 778, 113: 86, 114: 324, 115: 142, 116: 380, 117: 100, 118: 338, 119: 44, 120: 282, 121: 380, 122: 142, 123: 512, 124: 750, 125: 764, 126: 526, 127: 540, 128: 778, 129: 456, 130: 694, 131: 240, 132: 478, 133: 456, 134: 694, 135: 456, 136: 694, 137: 268, 138: 30, 139: 652, 140: 414, 141: 498, 142: 736, 143: 484, 144: 722, 145: 86, 146: 324, 147: 498, 148: 736, 149: 86, 150: 324, 151: 414, 152: 652, 153: 352, 154: 114, 155: 394, 156: 156, 157: 540, 158: 778, 159: 456, 160: 694, 161: 778, 162: 540, 163: 512, 164: 750, 165: 366, 166: 128, 167: 414, 168: 652, 169: 778, 170: 540, 171: 526, 172: 764, 173: 750, 174: 512, 175: 394, 176: 156, 177: 72, 178: 310, 179: 240, 180: 478, 181: 778, 182: 540, 183: 428, 184: 666, 185: 456, 186: 694, 187: 484, 188: 722, 189: 764, 190: 526, 191: 540, 192: 778, 193: 456, 194: 694, 195: 72, 196: 310, 197: 540, 198: 778, 199: 512, 200: 750}
Number of lables used:  38
Time taken: 0.36 seconds
Memory used: 31.13 MB
--------------------------------------------------

Trying with at most 37 labels...
Solution:
{1: 526, 2: 764, 3: 414, 4: 652, 5: 414, 6: 652, 7: 352, 8: 114, 9: 414, 10: 652, 11: 240, 12: 478, 13: 526, 14: 764, 15: 58, 16: 296, 17: 142, 18: 380, 19: 694, 20: 456, 21: 526, 22: 764, 23: 778, 24: 540, 25: 282, 26: 44, 27: 58, 28: 296, 29: 394, 30: 156, 31: 366, 32: 128, 33: 58, 34: 296, 35: 380, 36: 142, 37: 128, 38: 366, 39: 142, 40: 380, 41: 72, 42: 310, 43: 540, 44: 778, 45: 338, 46: 100, 47: 282, 48: 44, 49: 380, 50: 142, 51: 428, 52: 666, 53: 456, 54: 694, 55: 394, 56: 156, 57: 652, 58: 414, 59: 100, 60: 338, 61: 310, 62: 72, 63: 156, 64: 394, 65: 666, 66: 428, 67: 268, 68: 30, 69: 114, 70: 352, 71: 512, 72: 750, 73: 142, 74: 380, 75: 142, 76: 380, 77: 156, 78: 394, 79: 142, 80: 380, 81: 58, 82: 296, 83: 512, 84: 750, 85: 540, 86: 778, 87: 652, 88: 414, 89: 254, 90: 16, 91: 456, 92: 694, 93: 58, 94: 296, 95: 30, 96: 268, 97: 478, 98: 240, 99: 478, 100: 240, 101: 666, 102: 428, 103: 30, 104: 268, 105: 352, 106: 114, 107: 526, 108: 764, 109: 380, 110: 142, 111: 540, 112: 778, 113: 100, 114: 338, 115: 142, 116: 380, 117: 100, 118: 338, 119: 44, 120: 282, 121: 380, 122: 142, 123: 512, 124: 750, 125: 764, 126: 526, 127: 554, 128: 792, 129: 456, 130: 694, 131: 240, 132: 478, 133: 456, 134: 694, 135: 456, 136: 694, 137: 268, 138: 30, 139: 652, 140: 414, 141: 428, 142: 666, 143: 456, 144: 694, 145: 72, 146: 310, 147: 512, 148: 750, 149: 72, 150: 310, 151: 414, 152: 652, 153: 352, 154: 114, 155: 394, 156: 156, 157: 540, 158: 778, 159: 456, 160: 694, 161: 778, 162: 540, 163: 512, 164: 750, 165: 366, 166: 128, 167: 414, 168: 652, 169: 778, 170: 540, 171: 526, 172: 764, 173: 750, 174: 512, 175: 394, 176: 156, 177: 72, 178: 310, 179: 240, 180: 478, 181: 778, 182: 540, 183: 540, 184: 778, 185: 456, 186: 694, 187: 456, 188: 694, 189: 764, 190: 526, 191: 540, 192: 778, 193: 456, 194: 694, 195: 72, 196: 310, 197: 540, 198: 778, 199: 512, 200: 750}
Number of lables used:  36
Time taken: 0.36 seconds
Memory used: 31.16 MB
--------------------------------------------------

Trying with at most 35 labels...
Solution:
{1: 526, 2: 764, 3: 414, 4: 652, 5: 414, 6: 652, 7: 352, 8: 114, 9: 414, 10: 652, 11: 240, 12: 478, 13: 526, 14: 764, 15: 58, 16: 296, 17: 142, 18: 380, 19: 694, 20: 456, 21: 526, 22: 764, 23: 778, 24: 540, 25: 282, 26: 44, 27: 58, 28: 296, 29: 394, 30: 156, 31: 366, 32: 128, 33: 58, 34: 296, 35: 380, 36: 142, 37: 128, 38: 366, 39: 142, 40: 380, 41: 72, 42: 310, 43: 540, 44: 778, 45: 338, 46: 100, 47: 282, 48: 44, 49: 380, 50: 142, 51: 456, 52: 694, 53: 456, 54: 694, 55: 394, 56: 156, 57: 652, 58: 414, 59: 100, 60: 338, 61: 310, 62: 72, 63: 156, 64: 394, 65: 652, 66: 414, 67: 268, 68: 30, 69: 114, 70: 352, 71: 512, 72: 750, 73: 142, 74: 380, 75: 142, 76: 380, 77: 156, 78: 394, 79: 142, 80: 380, 81: 58, 82: 296, 83: 512, 84: 750, 85: 540, 86: 778, 87: 652, 88: 414, 89: 254, 90: 16, 91: 456, 92: 694, 93: 58, 94: 296, 95: 30, 96: 268, 97: 478, 98: 240, 99: 478, 100: 240, 101: 652, 102: 414, 103: 30, 104: 268, 105: 352, 106: 114, 107: 526, 108: 764, 109: 380, 110: 142, 111: 540, 112: 778, 113: 100, 114: 338, 115: 142, 116: 380, 117: 100, 118: 338, 119: 44, 120: 282, 121: 380, 122: 142, 123: 512, 124: 750, 125: 764, 126: 526, 127: 554, 128: 792, 129: 456, 130: 694, 131: 240, 132: 478, 133: 456, 134: 694, 135: 456, 136: 694, 137: 268, 138: 30, 139: 652, 140: 414, 141: 268, 142: 30, 143: 456, 144: 694, 145: 72, 146: 310, 147: 512, 148: 750, 149: 72, 150: 310, 151: 414, 152: 652, 153: 352, 154: 114, 155: 394, 156: 156, 157: 540, 158: 778, 159: 456, 160: 694, 161: 778, 162: 540, 163: 512, 164: 750, 165: 366, 166: 128, 167: 414, 168: 652, 169: 778, 170: 540, 171: 526, 172: 764, 173: 750, 174: 512, 175: 394, 176: 156, 177: 72, 178: 310, 179: 240, 180: 478, 181: 778, 182: 540, 183: 540, 184: 778, 185: 456, 186: 694, 187: 456, 188: 694, 189: 764, 190: 526, 191: 540, 192: 778, 193: 456, 194: 694, 195: 72, 196: 310, 197: 540, 198: 778, 199: 512, 200: 750}
Number of lables used:  34
Time taken: 0.36 seconds
Memory used: 31.16 MB
--------------------------------------------------

Trying with at most 33 labels...
Solution:
{1: 540, 2: 778, 3: 414, 4: 652, 5: 414, 6: 652, 7: 352, 8: 114, 9: 414, 10: 652, 11: 240, 12: 478, 13: 16, 14: 254, 15: 58, 16: 296, 17: 142, 18: 380, 19: 694, 20: 456, 21: 512, 22: 750, 23: 778, 24: 540, 25: 282, 26: 44, 27: 58, 28: 296, 29: 394, 30: 156, 31: 366, 32: 128, 33: 58, 34: 296, 35: 380, 36: 142, 37: 128, 38: 366, 39: 142, 40: 380, 41: 72, 42: 310, 43: 540, 44: 778, 45: 338, 46: 100, 47: 282, 48: 44, 49: 380, 50: 142, 51: 456, 52: 694, 53: 456, 54: 694, 55: 394, 56: 156, 57: 652, 58: 414, 59: 100, 60: 338, 61: 310, 62: 72, 63: 156, 64: 394, 65: 652, 66: 414, 67: 268, 68: 30, 69: 114, 70: 352, 71: 512, 72: 750, 73: 142, 74: 380, 75: 142, 76: 380, 77: 156, 78: 394, 79: 142, 80: 380, 81: 58, 82: 296, 83: 512, 84: 750, 85: 540, 86: 778, 87: 652, 88: 414, 89: 254, 90: 16, 91: 540, 92: 778, 93: 58, 94: 296, 95: 30, 96: 268, 97: 478, 98: 240, 99: 478, 100: 240, 101: 652, 102: 414, 103: 30, 104: 268, 105: 352, 106: 114, 107: 512, 108: 750, 109: 380, 110: 142, 111: 540, 112: 778, 113: 100, 114: 338, 115: 142, 116: 380, 117: 100, 118: 338, 119: 44, 120: 282, 121: 380, 122: 142, 123: 512, 124: 750, 125: 540, 126: 778, 127: 554, 128: 792, 129: 268, 130: 30, 131: 240, 132: 478, 133: 456, 134: 694, 135: 456, 136: 694, 137: 268, 138: 30, 139: 652, 140: 414, 141: 268, 142: 30, 143: 456, 144: 694, 145: 72, 146: 310, 147: 512, 148: 750, 149: 72, 150: 310, 151: 414, 152: 652, 153: 352, 154: 114, 155: 394, 156: 156, 157: 540, 158: 778, 159: 456, 160: 694, 161: 778, 162: 540, 163: 512, 164: 750, 165: 366, 166: 128, 167: 414, 168: 652, 169: 778, 170: 540, 171: 554, 172: 792, 173: 750, 174: 512, 175: 394, 176: 156, 177: 72, 178: 310, 179: 240, 180: 478, 181: 778, 182: 540, 183: 540, 184: 778, 185: 456, 186: 694, 187: 456, 188: 694, 189: 694, 190: 456, 191: 540, 192: 778, 193: 456, 194: 694, 195: 72, 196: 310, 197: 540, 198: 778, 199: 512, 200: 750}
Number of lables used:  32
Time taken: 0.37 seconds
Memory used: 31.16 MB
--------------------------------------------------

Trying with at most 31 labels...
Solution:
{1: 484, 2: 722, 3: 792, 4: 554, 5: 44, 6: 282, 7: 554, 8: 792, 9: 114, 10: 352, 11: 142, 12: 380, 13: 554, 14: 792, 15: 792, 16: 554, 17: 478, 18: 240, 19: 540, 20: 778, 21: 44, 22: 282, 23: 778, 24: 540, 25: 296, 26: 58, 27: 722, 28: 484, 29: 366, 30: 128, 31: 352, 32: 114, 33: 58, 34: 296, 35: 380, 36: 142, 37: 694, 38: 456, 39: 128, 40: 366, 41: 58, 42: 296, 43: 30, 44: 268, 45: 428, 46: 666, 47: 694, 48: 456, 49: 352, 50: 114, 51: 456, 52: 694, 53: 142, 54: 380, 55: 380, 56: 142, 57: 30, 58: 268, 59: 100, 60: 338, 61: 296, 62: 58, 63: 512, 64: 750, 65: 114, 66: 352, 67: 268, 68: 30, 69: 100, 70: 338, 71: 512, 72: 750, 73: 366, 74: 128, 75: 114, 76: 352, 77: 142, 78: 380, 79: 30, 80: 268, 81: 58, 82: 296, 83: 512, 84: 750, 85: 512, 86: 750, 87: 666, 88: 428, 89: 554, 90: 792, 91: 540, 92: 778, 93: 58, 94: 296, 95: 380, 96: 142, 97: 380, 98: 142, 99: 142, 100: 380, 101: 128, 102: 366, 103: 268, 104: 30, 105: 778, 106: 540, 107: 512, 108: 750, 109: 554, 110: 792, 111: 540, 112: 778, 113: 694, 114: 456, 115: 792, 116: 554, 117: 778, 118: 540, 119: 484, 120: 722, 121: 240, 122: 478, 123: 512, 124: 750, 125: 428, 126: 666, 127: 554, 128: 792, 129: 792, 130: 554, 131: 142, 132: 380, 133: 456, 134: 694, 135: 282, 136: 44, 137: 268, 138: 30, 139: 778, 140: 540, 141: 268, 142: 30, 143: 722, 144: 484, 145: 44, 146: 282, 147: 512, 148: 750, 149: 58, 150: 296, 151: 428, 152: 666, 153: 540, 154: 778, 155: 366, 156: 128, 157: 456, 158: 694, 159: 456, 160: 694, 161: 666, 162: 428, 163: 282, 164: 44, 165: 30, 166: 268, 167: 778, 168: 540, 169: 792, 170: 554, 171: 114, 172: 352, 173: 750, 174: 512, 175: 30, 176: 268, 177: 58, 178: 296, 179: 240, 180: 478, 181: 694, 182: 456, 183: 540, 184: 778, 185: 484, 186: 722, 187: 352, 188: 114, 189: 666, 190: 428, 191: 484, 192: 722, 193: 142, 194: 380, 195: 296, 196: 58, 197: 428, 198: 666, 199: 512, 200: 750}
Number of lables used:  28
Time taken: 0.38 seconds
Memory used: 31.19 MB
--------------------------------------------------

Trying with at most 27 labels...
Solution:
{1: 484, 2: 722, 3: 792, 4: 554, 5: 44, 6: 282, 7: 554, 8: 792, 9: 114, 10: 352, 11: 478, 12: 240, 13: 554, 14: 792, 15: 792, 16: 554, 17: 478, 18: 240, 19: 540, 20: 778, 21: 44, 22: 282, 23: 778, 24: 540, 25: 296, 26: 58, 27: 722, 28: 484, 29: 366, 30: 128, 31: 352, 32: 114, 33: 58, 34: 296, 35: 380, 36: 142, 37: 694, 38: 456, 39: 128, 40: 366, 41: 352, 42: 114, 43: 30, 44: 268, 45: 428, 46: 666, 47: 694, 48: 456, 49: 352, 50: 114, 51: 456, 52: 694, 53: 142, 54: 380, 55: 380, 56: 142, 57: 30, 58: 268, 59: 114, 60: 352, 61: 296, 62: 58, 63: 282, 64: 44, 65: 142, 66: 380, 67: 268, 68: 30, 69: 268, 70: 30, 71: 792, 72: 554, 73: 366, 74: 128, 75: 114, 76: 352, 77: 142, 78: 380, 79: 30, 80: 268, 81: 58, 82: 296, 83: 380, 84: 142, 85: 456, 86: 694, 87: 456, 88: 694, 89: 554, 90: 792, 91: 540, 92: 778, 93: 58, 94: 296, 95: 380, 96: 142, 97: 170, 98: 408, 99: 142, 100: 380, 101: 128, 102: 366, 103: 268, 104: 30, 105: 778, 106: 540, 107: 554, 108: 792, 109: 484, 110: 722, 111: 540, 112: 778, 113: 694, 114: 456, 115: 792, 116: 554, 117: 778, 118: 540, 119: 484, 120: 722, 121: 240, 122: 478, 123: 456, 124: 694, 125: 428, 126: 666, 127: 554, 128: 792, 129: 792, 130: 554, 131: 142, 132: 380, 133: 456, 134: 694, 135: 666, 136: 428, 137: 114, 138: 352, 139: 778, 140: 540, 141: 428, 142: 666, 143: 722, 144: 484, 145: 44, 146: 282, 147: 352, 148: 114, 149: 58, 150: 296, 151: 428, 152: 666, 153: 540, 154: 778, 155: 366, 156: 128, 157: 58, 158: 296, 159: 456, 160: 694, 161: 666, 162: 428, 163: 282, 164: 44, 165: 44, 166: 282, 167: 778, 168: 540, 169: 554, 170: 792, 171: 114, 172: 352, 173: 666, 174: 428, 175: 30, 176: 268, 177: 58, 178: 296, 179: 240, 180: 478, 181: 694, 182: 456, 183: 540, 184: 778, 185: 484, 186: 722, 187: 352, 188: 114, 189: 666, 190: 428, 191: 484, 192: 722, 193: 142, 194: 380, 195: 296, 196: 58, 197: 428, 198: 666, 199: 484, 200: 722}
Number of lables used:  26
Time taken: 0.39 seconds
Memory used: 31.20 MB
--------------------------------------------------

Trying with at most 25 labels...
Solution:
{1: 484, 2: 722, 3: 792, 4: 554, 5: 44, 6: 282, 7: 554, 8: 792, 9: 114, 10: 352, 11: 478, 12: 240, 13: 554, 14: 792, 15: 792, 16: 554, 17: 478, 18: 240, 19: 540, 20: 778, 21: 44, 22: 282, 23: 778, 24: 540, 25: 296, 26: 58, 27: 722, 28: 484, 29: 352, 30: 114, 31: 352, 32: 114, 33: 58, 34: 296, 35: 380, 36: 142, 37: 694, 38: 456, 39: 114, 40: 352, 41: 352, 42: 114, 43: 30, 44: 268, 45: 428, 46: 666, 47: 694, 48: 456, 49: 352, 50: 114, 51: 456, 52: 694, 53: 142, 54: 380, 55: 380, 56: 142, 57: 30, 58: 268, 59: 114, 60: 352, 61: 296, 62: 58, 63: 282, 64: 44, 65: 142, 66: 380, 67: 268, 68: 30, 69: 268, 70: 30, 71: 792, 72: 554, 73: 30, 74: 268, 75: 380, 76: 142, 77: 142, 78: 380, 79: 30, 80: 268, 81: 58, 82: 296, 83: 380, 84: 142, 85: 456, 86: 694, 87: 456, 88: 694, 89: 554, 90: 792, 91: 540, 92: 778, 93: 58, 94: 296, 95: 380, 96: 142, 97: 170, 98: 408, 99: 142, 100: 380, 101: 694, 102: 456, 103: 792, 104: 554, 105: 778, 106: 540, 107: 296, 108: 58, 109: 484, 110: 722, 111: 540, 112: 778, 113: 694, 114: 456, 115: 792, 116: 554, 117: 484, 118: 722, 119: 484, 120: 722, 121: 240, 122: 478, 123: 456, 124: 694, 125: 428, 126: 666, 127: 554, 128: 792, 129: 792, 130: 554, 131: 142, 132: 380, 133: 456, 134: 694, 135: 666, 136: 428, 137: 114, 138: 352, 139: 778, 140: 540, 141: 456, 142: 694, 143: 722, 144: 484, 145: 44, 146: 282, 147: 352, 148: 114, 149: 380, 150: 142, 151: 428, 152: 666, 153: 540, 154: 778, 155: 352, 156: 114, 157: 58, 158: 296, 159: 792, 160: 554, 161: 666, 162: 428, 163: 282, 164: 44, 165: 44, 166: 282, 167: 778, 168: 540, 169: 554, 170: 792, 171: 114, 172: 352, 173: 666, 174: 428, 175: 30, 176: 268, 177: 58, 178: 296, 179: 240, 180: 478, 181: 694, 182: 456, 183: 540, 184: 778, 185: 484, 186: 722, 187: 352, 188: 114, 189: 666, 190: 428, 191: 484, 192: 722, 193: 142, 194: 380, 195: 296, 196: 58, 197: 428, 198: 666, 199: 484, 200: 722}
Number of lables used:  24
Time taken: 0.39 seconds
Memory used: 31.20 MB
--------------------------------------------------

Trying with at most 23 labels...
Solution:
{1: 268, 2: 30, 3: 652, 4: 414, 5: 30, 6: 268, 7: 268, 8: 30, 9: 254, 10: 16, 11: 142, 12: 380, 13: 792, 14: 554, 15: 792, 16: 554, 17: 240, 18: 478, 19: 414, 20: 652, 21: 554, 22: 792, 23: 128, 24: 366, 25: 512, 26: 750, 27: 792, 28: 554, 29: 750, 30: 512, 31: 44, 32: 282, 33: 380, 34: 142, 35: 142, 36: 380, 37: 652, 38: 414, 39: 282, 40: 44, 41: 254, 42: 16, 43: 44, 44: 282, 45: 142, 46: 380, 47: 380, 48: 142, 49: 268, 50: 30, 51: 456, 52: 694, 53: 30, 54: 268, 55: 380, 56: 142, 57: 792, 58: 554, 59: 142, 60: 380, 61: 30, 62: 268, 63: 554, 64: 792, 65: 142, 66: 380, 67: 44, 68: 282, 69: 44, 70: 282, 71: 750, 72: 512, 73: 44, 74: 282, 75: 366, 76: 128, 77: 254, 78: 16, 79: 44, 80: 282, 81: 30, 82: 268, 83: 456, 84: 694, 85: 456, 86: 694, 87: 44, 88: 282, 89: 554, 90: 792, 91: 414, 92: 652, 93: 16, 94: 254, 95: 792, 96: 554, 97: 142, 98: 380, 99: 170, 100: 408, 101: 554, 102: 792, 103: 554, 104: 792, 105: 512, 106: 750, 107: 694, 108: 456, 109: 554, 110: 792, 111: 750, 112: 512, 113: 694, 114: 456, 115: 414, 116: 652, 117: 282, 118: 44, 119: 380, 120: 142, 121: 240, 122: 478, 123: 652, 124: 414, 125: 750, 126: 512, 127: 512, 128: 750, 129: 366, 130: 128, 131: 380, 132: 142, 133: 694, 134: 456, 135: 282, 136: 44, 137: 268, 138: 30, 139: 44, 140: 282, 141: 512, 142: 750, 143: 128, 144: 366, 145: 30, 146: 268, 147: 554, 148: 792, 149: 142, 150: 380, 151: 456, 152: 694, 153: 652, 154: 414, 155: 268, 156: 30, 157: 268, 158: 30, 159: 652, 160: 414, 161: 694, 162: 456, 163: 366, 164: 128, 165: 254, 166: 16, 167: 44, 168: 282, 169: 512, 170: 750, 171: 652, 172: 414, 173: 512, 174: 750, 175: 750, 176: 512, 177: 694, 178: 456, 179: 142, 180: 380, 181: 652, 182: 414, 183: 456, 184: 694, 185: 142, 186: 380, 187: 254, 188: 16, 189: 750, 190: 512, 191: 44, 192: 282, 193: 512, 194: 750, 195: 30, 196: 268, 197: 792, 198: 554, 199: 456, 200: 694}
Number of lables used:  22
Time taken: 0.42 seconds
Memory used: 31.29 MB
--------------------------------------------------

Trying with at most 21 labels...
Solution:
{1: 778, 2: 540, 3: 114, 4: 352, 5: 44, 6: 282, 7: 764, 8: 526, 9: 58, 10: 296, 11: 240, 12: 478, 13: 792, 14: 554, 15: 352, 16: 114, 17: 170, 18: 408, 19: 484, 20: 722, 21: 526, 22: 764, 23: 44, 24: 282, 25: 282, 26: 44, 27: 792, 28: 554, 29: 722, 30: 484, 31: 296, 32: 58, 33: 778, 34: 540, 35: 484, 36: 722, 37: 114, 38: 352, 39: 722, 40: 484, 41: 114, 42: 352, 43: 540, 44: 778, 45: 114, 46: 352, 47: 282, 48: 44, 49: 764, 50: 526, 51: 114, 52: 352, 53: 380, 54: 142, 55: 778, 56: 540, 57: 296, 58: 58, 59: 764, 60: 526, 61: 296, 62: 58, 63: 792, 64: 554, 65: 764, 66: 526, 67: 526, 68: 764, 69: 296, 70: 58, 71: 722, 72: 484, 73: 778, 74: 540, 75: 114, 76: 352, 77: 142, 78: 380, 79: 722, 80: 484, 81: 296, 82: 58, 83: 792, 84: 554, 85: 526, 86: 764, 87: 282, 88: 44, 89: 282, 90: 44, 91: 296, 92: 58, 93: 142, 94: 380, 95: 58, 96: 296, 97: 240, 98: 478, 99: 478, 100: 240, 101: 380, 102: 142, 103: 722, 104: 484, 105: 296, 106: 58, 107: 142, 108: 380, 109: 484, 110: 722, 111: 114, 112: 352, 113: 142, 114: 380, 115: 380, 116: 142, 117: 44, 118: 282, 119: 282, 120: 44, 121: 408, 122: 170, 123: 282, 124: 44, 125: 114, 126: 352, 127: 722, 128: 484, 129: 792, 130: 554, 131: 408, 132: 170, 133: 114, 134: 352, 135: 44, 136: 282, 137: 764, 138: 526, 139: 722, 140: 484, 141: 526, 142: 764, 143: 722, 144: 484, 145: 792, 146: 554, 147: 380, 148: 142, 149: 58, 150: 296, 151: 792, 152: 554, 153: 296, 154: 58, 155: 142, 156: 380, 157: 142, 158: 380, 159: 722, 160: 484, 161: 352, 162: 114, 163: 554, 164: 792, 165: 352, 166: 114, 167: 352, 168: 114, 169: 352, 170: 114, 171: 142, 172: 380, 173: 142, 174: 380, 175: 778, 176: 540, 177: 44, 178: 282, 179: 170, 180: 408, 181: 44, 182: 282, 183: 296, 184: 58, 185: 114, 186: 352, 187: 792, 188: 554, 189: 764, 190: 526, 191: 380, 192: 142, 193: 484, 194: 722, 195: 44, 196: 282, 197: 554, 198: 792, 199: 764, 200: 526}
Number of lables used:  20
Time taken: 0.43 seconds
Memory used: 31.29 MB
--------------------------------------------------

Trying with at most 19 labels...
Solution:
{1: 310, 2: 72, 3: 680, 4: 442, 5: 268, 6: 30, 7: 680, 8: 442, 9: 470, 10: 708, 11: 240, 12: 478, 13: 142, 14: 380, 15: 30, 16: 268, 17: 240, 18: 478, 19: 722, 20: 484, 21: 30, 22: 268, 23: 442, 24: 680, 25: 268, 26: 30, 27: 792, 28: 554, 29: 792, 30: 554, 31: 554, 32: 792, 33: 310, 34: 72, 35: 380, 36: 142, 37: 722, 38: 484, 39: 310, 40: 72, 41: 310, 42: 72, 43: 142, 44: 380, 45: 142, 46: 380, 47: 694, 48: 456, 49: 708, 50: 470, 51: 30, 52: 268, 53: 380, 54: 142, 55: 722, 56: 484, 57: 380, 58: 142, 59: 380, 60: 142, 61: 310, 62: 72, 63: 442, 64: 680, 65: 792, 66: 554, 67: 470, 68: 708, 69: 268, 70: 30, 71: 72, 72: 310, 73: 792, 74: 554, 75: 792, 76: 554, 77: 380, 78: 142, 79: 680, 80: 442, 81: 792, 82: 554, 83: 442, 84: 680, 85: 268, 86: 30, 87: 442, 88: 680, 89: 554, 90: 792, 91: 554, 92: 792, 93: 310, 94: 72, 95: 380, 96: 142, 97: 240, 98: 478, 99: 142, 100: 380, 101: 554, 102: 792, 103: 268, 104: 30, 105: 470, 106: 708, 107: 708, 108: 470, 109: 484, 110: 722, 111: 72, 112: 310, 113: 142, 114: 380, 115: 792, 116: 554, 117: 268, 118: 30, 119: 310, 120: 72, 121: 240, 122: 478, 123: 268, 124: 30, 125: 680, 126: 442, 127: 722, 128: 484, 129: 268, 130: 30, 131: 142, 132: 380, 133: 694, 134: 456, 135: 72, 136: 310, 137: 30, 138: 268, 139: 554, 140: 792, 141: 708, 142: 470, 143: 72, 144: 310, 145: 30, 146: 268, 147: 680, 148: 442, 149: 380, 150: 142, 151: 792, 152: 554, 153: 72, 154: 310, 155: 142, 156: 380, 157: 142, 158: 380, 159: 722, 160: 484, 161: 310, 162: 72, 163: 470, 164: 708, 165: 380, 166: 142, 167: 484, 168: 722, 169: 792, 170: 554, 171: 792, 172: 554, 173: 142, 174: 380, 175: 30, 176: 268, 177: 30, 178: 268, 179: 240, 180: 478, 181: 792, 182: 554, 183: 442, 184: 680, 185: 72, 186: 310, 187: 268, 188: 30, 189: 456, 190: 694, 191: 680, 192: 442, 193: 72, 194: 310, 195: 442, 196: 680, 197: 268, 198: 30, 199: 722, 200: 484}
Number of lables used:  18
Time taken: 0.44 seconds
Memory used: 31.29 MB
--------------------------------------------------

Trying with at most 17 labels...
Solution:
{1: 498, 2: 736, 3: 142, 4: 380, 5: 58, 6: 296, 7: 142, 8: 380, 9: 58, 10: 296, 11: 240, 12: 478, 13: 142, 14: 380, 15: 554, 16: 792, 17: 478, 18: 240, 19: 792, 20: 554, 21: 484, 22: 722, 23: 428, 24: 666, 25: 380, 26: 142, 27: 666, 28: 428, 29: 666, 30: 428, 31: 268, 32: 30, 33: 142, 34: 380, 35: 380, 36: 142, 37: 30, 38: 268, 39: 554, 40: 792, 41: 58, 42: 296, 43: 498, 44: 736, 45: 554, 46: 792, 47: 268, 48: 30, 49: 380, 50: 142, 51: 484, 52: 722, 53: 30, 54: 268, 55: 380, 56: 142, 57: 554, 58: 792, 59: 58, 60: 296, 61: 296, 62: 58, 63: 428, 64: 666, 65: 736, 66: 498, 67: 792, 68: 554, 69: 498, 70: 736, 71: 268, 72: 30, 73: 736, 74: 498, 75: 792, 76: 554, 77: 142, 78: 380, 79: 142, 80: 380, 81: 792, 82: 554, 83: 428, 84: 666, 85: 484, 86: 722, 87: 792, 88: 554, 89: 554, 90: 792, 91: 58, 92: 296, 93: 58, 94: 296, 95: 722, 96: 484, 97: 478, 98: 240, 99: 142, 100: 380, 101: 736, 102: 498, 103: 58, 104: 296, 105: 268, 106: 30, 107: 484, 108: 722, 109: 380, 110: 142, 111: 268, 112: 30, 113: 30, 114: 268, 115: 380, 116: 142, 117: 722, 118: 484, 119: 484, 120: 722, 121: 240, 122: 478, 123: 736, 124: 498, 125: 428, 126: 666, 127: 792, 128: 554, 129: 792, 130: 554, 131: 478, 132: 240, 133: 722, 134: 484, 135: 58, 136: 296, 137: 554, 138: 792, 139: 722, 140: 484, 141: 268, 142: 30, 143: 736, 144: 498, 145: 30, 146: 268, 147: 296, 148: 58, 149: 380, 150: 142, 151: 380, 152: 142, 153: 30, 154: 268, 155: 428, 156: 666, 157: 666, 158: 428, 159: 296, 160: 58, 161: 554, 162: 792, 163: 428, 164: 666, 165: 268, 166: 30, 167: 792, 168: 554, 169: 142, 170: 380, 171: 30, 172: 268, 173: 428, 174: 666, 175: 666, 176: 428, 177: 58, 178: 296, 179: 142, 180: 380, 181: 722, 182: 484, 183: 736, 184: 498, 185: 722, 186: 484, 187: 296, 188: 58, 189: 666, 190: 428, 191: 498, 192: 736, 193: 554, 194: 792, 195: 58, 196: 296, 197: 666, 198: 428, 199: 722, 200: 484}
Number of lables used:  16
Time taken: 0.49 seconds
Memory used: 34.22 MB
--------------------------------------------------

Trying with at most 15 labels...
Solution:
{1: 282, 2: 44, 3: 792, 4: 554, 5: 100, 6: 338, 7: 142, 8: 380, 9: 526, 10: 764, 11: 240, 12: 478, 13: 380, 14: 142, 15: 554, 16: 792, 17: 380, 18: 142, 19: 456, 20: 694, 21: 694, 22: 456, 23: 554, 24: 792, 25: 456, 26: 694, 27: 694, 28: 456, 29: 338, 30: 100, 31: 44, 32: 282, 33: 380, 34: 142, 35: 142, 36: 380, 37: 526, 38: 764, 39: 764, 40: 526, 41: 100, 42: 338, 43: 338, 44: 100, 45: 554, 46: 792, 47: 44, 48: 282, 49: 554, 50: 792, 51: 456, 52: 694, 53: 764, 54: 526, 55: 694, 56: 456, 57: 380, 58: 142, 59: 100, 60: 338, 61: 282, 62: 44, 63: 694, 64: 456, 65: 526, 66: 764, 67: 44, 68: 282, 69: 338, 70: 100, 71: 44, 72: 282, 73: 380, 74: 142, 75: 764, 76: 526, 77: 338, 78: 100, 79: 44, 80: 282, 81: 764, 82: 526, 83: 380, 84: 142, 85: 764, 86: 526, 87: 456, 88: 694, 89: 764, 90: 526, 91: 282, 92: 44, 93: 100, 94: 338, 95: 456, 96: 694, 97: 478, 98: 240, 99: 478, 100: 240, 101: 792, 102: 554, 103: 44, 104: 282, 105: 380, 106: 142, 107: 554, 108: 792, 109: 282, 110: 44, 111: 526, 112: 764, 113: 554, 114: 792, 115: 380, 116: 142, 117: 694, 118: 456, 119: 526, 120: 764, 121: 380, 122: 142, 123: 792, 124: 554, 125: 526, 126: 764, 127: 694, 128: 456, 129: 100, 130: 338, 131: 478, 132: 240, 133: 526, 134: 764, 135: 526, 136: 764, 137: 142, 138: 380, 139: 142, 140: 380, 141: 44, 142: 282, 143: 44, 144: 282, 145: 792, 146: 554, 147: 554, 148: 792, 149: 100, 150: 338, 151: 282, 152: 44, 153: 792, 154: 554, 155: 554, 156: 792, 157: 456, 158: 694, 159: 338, 160: 100, 161: 554, 162: 792, 163: 142, 164: 380, 165: 380, 166: 142, 167: 526, 168: 764, 169: 282, 170: 44, 171: 792, 172: 554, 173: 380, 174: 142, 175: 100, 176: 338, 177: 44, 178: 282, 179: 478, 180: 240, 181: 44, 182: 282, 183: 282, 184: 44, 185: 526, 186: 764, 187: 100, 188: 338, 189: 764, 190: 526, 191: 456, 192: 694, 193: 554, 194: 792, 195: 44, 196: 282, 197: 694, 198: 456, 199: 142, 200: 380}
Number of lables used:  14
Time taken: 0.53 seconds
Memory used: 34.82 MB
--------------------------------------------------

Trying with at most 13 labels...
Cannot find solution.
No more solutions found.
Optimal number of labels used:  14
Time taken: 1.26 seconds
Memory used: 40.28 MB
[runlim] end:			Wed Mar 25 20:51:31 2026
[runlim] status:		ok
[runlim] result:		0
[runlim] children:		1
[runlim] processes:		2
[runlim] real:			1.30 seconds
[runlim] time:			1.20 seconds
[runlim] space:			40 MB
[runlim] load:			1.05 maximum
[runlim] samples:		13
