[runlim] version:		2.0.0rc12
[runlim] host:			ap-Precision-7550
[runlim] time limit:		311040000 seconds
[runlim] real time limit:	600 seconds
[runlim] space limit:		14000 MB
[runlim] argv[0]:		python3
[runlim] argv[1]:		-u
[runlim] argv[2]:		main.py
[runlim] argv[3]:		graph03
[runlim] argv[4]:		tot
[runlim] argv[5]:		assumptions
[runlim] argv[6]:		cadical195
[runlim] start:			Sat Jun 20 00:17:46 2026
[runlim] child:			38204
Solve first problem:
Solution:
{1: 338, 2: 100, 3: 540, 4: 778, 5: 296, 6: 58, 7: 268, 8: 30, 9: 268, 10: 30, 11: 540, 12: 778, 13: 352, 14: 114, 15: 296, 16: 58, 17: 526, 18: 764, 19: 380, 20: 142, 21: 414, 22: 652, 23: 324, 24: 86, 25: 310, 26: 72, 27: 498, 28: 736, 29: 512, 30: 750, 31: 254, 32: 16, 33: 366, 34: 128, 35: 554, 36: 792, 37: 338, 38: 100, 39: 16, 40: 254, 41: 394, 42: 156, 43: 282, 44: 44, 45: 254, 46: 16, 47: 324, 48: 86, 49: 778, 50: 540, 51: 526, 52: 764, 53: 268, 54: 30, 55: 764, 56: 526, 57: 470, 58: 708, 59: 296, 60: 58, 61: 498, 62: 736, 63: 296, 64: 58, 65: 352, 66: 114, 67: 310, 68: 72, 69: 380, 70: 142, 71: 554, 72: 792, 73: 554, 74: 792, 75: 456, 76: 694, 77: 456, 78: 694, 79: 394, 80: 156, 81: 296, 82: 58, 83: 282, 84: 44, 85: 394, 86: 156, 87: 394, 88: 156, 89: 338, 90: 100, 91: 394, 92: 156, 93: 526, 94: 764, 95: 142, 96: 380, 97: 380, 98: 142, 99: 778, 100: 540, 101: 792, 102: 554, 103: 282, 104: 44, 105: 540, 106: 778, 107: 268, 108: 30, 109: 268, 110: 30, 111: 414, 112: 652, 113: 394, 114: 156, 115: 58, 116: 296, 117: 540, 118: 778, 119: 540, 120: 778, 121: 296, 122: 58, 123: 352, 124: 114, 125: 268, 126: 30, 127: 470, 128: 708, 129: 254, 130: 16, 131: 268, 132: 30, 133: 484, 134: 722, 135: 268, 136: 30, 137: 296, 138: 58, 139: 736, 140: 498, 141: 282, 142: 44, 143: 442, 144: 680, 145: 30, 146: 268, 147: 470, 148: 708, 149: 540, 150: 778, 151: 456, 152: 694, 153: 394, 154: 156, 155: 324, 156: 86, 157: 428, 158: 666, 159: 470, 160: 708, 161: 414, 162: 652, 163: 296, 164: 58, 165: 498, 166: 736, 167: 526, 168: 764, 169: 296, 170: 58, 171: 282, 172: 44, 173: 456, 174: 694, 175: 512, 176: 750, 177: 428, 178: 666, 179: 338, 180: 100, 181: 310, 182: 72, 183: 484, 184: 722, 185: 484, 186: 722, 187: 352, 188: 114, 189: 540, 190: 778, 191: 394, 192: 156, 193: 324, 194: 86, 195: 428, 196: 666, 197: 282, 198: 44, 199: 540, 200: 778}
Number of lables used:  44
Time taken: 0.26 seconds
Memory used: 33.71 MB
--------------------------------------------------

Trying with at most 43 labels...
Solution:
{1: 778, 2: 540, 3: 156, 4: 394, 5: 736, 6: 498, 7: 142, 8: 380, 9: 142, 10: 380, 11: 142, 12: 380, 13: 58, 14: 296, 15: 156, 16: 394, 17: 114, 18: 352, 19: 156, 20: 394, 21: 16, 22: 254, 23: 86, 24: 324, 25: 58, 26: 296, 27: 100, 28: 338, 29: 114, 30: 352, 31: 128, 32: 366, 33: 44, 34: 282, 35: 142, 36: 380, 37: 694, 38: 456, 39: 16, 40: 254, 41: 16, 42: 254, 43: 722, 44: 484, 45: 750, 46: 512, 47: 722, 48: 484, 49: 778, 50: 540, 51: 680, 52: 442, 53: 100, 54: 338, 55: 86, 56: 324, 57: 86, 58: 324, 59: 694, 60: 456, 61: 722, 62: 484, 63: 792, 64: 554, 65: 16, 66: 254, 67: 100, 68: 338, 69: 778, 70: 540, 71: 142, 72: 380, 73: 666, 74: 428, 75: 750, 76: 512, 77: 764, 78: 526, 79: 16, 80: 254, 81: 86, 82: 324, 83: 30, 84: 268, 85: 792, 86: 554, 87: 16, 88: 254, 89: 72, 90: 310, 91: 792, 92: 554, 93: 694, 94: 456, 95: 142, 96: 380, 97: 736, 98: 498, 99: 44, 100: 282, 101: 58, 102: 296, 103: 142, 104: 380, 105: 86, 106: 324, 107: 142, 108: 380, 109: 764, 110: 526, 111: 16, 112: 254, 113: 16, 114: 254, 115: 58, 116: 296, 117: 792, 118: 554, 119: 680, 120: 442, 121: 114, 122: 352, 123: 58, 124: 296, 125: 666, 126: 428, 127: 72, 128: 310, 129: 156, 130: 394, 131: 666, 132: 428, 133: 114, 134: 352, 135: 142, 136: 380, 137: 694, 138: 456, 139: 86, 140: 324, 141: 100, 142: 338, 143: 58, 144: 296, 145: 750, 146: 512, 147: 72, 148: 310, 149: 680, 150: 442, 151: 764, 152: 526, 153: 708, 154: 470, 155: 128, 156: 366, 157: 792, 158: 554, 159: 58, 160: 296, 161: 114, 162: 352, 163: 792, 164: 554, 165: 86, 166: 324, 167: 16, 168: 254, 169: 680, 170: 442, 171: 680, 172: 442, 173: 58, 174: 296, 175: 114, 176: 352, 177: 44, 178: 282, 179: 72, 180: 310, 181: 694, 182: 456, 183: 100, 184: 338, 185: 666, 186: 428, 187: 58, 188: 296, 189: 30, 190: 268, 191: 750, 192: 512, 193: 58, 194: 296, 195: 44, 196: 282, 197: 778, 198: 540, 199: 128, 200: 366}
Number of lables used:  42
Time taken: 0.29 seconds
Memory used: 34.80 MB
--------------------------------------------------

Trying with at most 41 labels...
Solution:
{1: 750, 2: 512, 3: 156, 4: 394, 5: 708, 6: 470, 7: 142, 8: 380, 9: 142, 10: 380, 11: 142, 12: 380, 13: 58, 14: 296, 15: 156, 16: 394, 17: 114, 18: 352, 19: 142, 20: 380, 21: 16, 22: 254, 23: 86, 24: 324, 25: 58, 26: 296, 27: 100, 28: 338, 29: 114, 30: 352, 31: 128, 32: 366, 33: 44, 34: 282, 35: 142, 36: 380, 37: 694, 38: 456, 39: 16, 40: 254, 41: 16, 42: 254, 43: 722, 44: 484, 45: 750, 46: 512, 47: 722, 48: 484, 49: 778, 50: 540, 51: 680, 52: 442, 53: 100, 54: 338, 55: 86, 56: 324, 57: 86, 58: 324, 59: 694, 60: 456, 61: 722, 62: 484, 63: 792, 64: 554, 65: 16, 66: 254, 67: 100, 68: 338, 69: 778, 70: 540, 71: 142, 72: 380, 73: 666, 74: 428, 75: 750, 76: 512, 77: 764, 78: 526, 79: 16, 80: 254, 81: 86, 82: 324, 83: 30, 84: 268, 85: 792, 86: 554, 87: 16, 88: 254, 89: 72, 90: 310, 91: 792, 92: 554, 93: 694, 94: 456, 95: 142, 96: 380, 97: 750, 98: 512, 99: 44, 100: 282, 101: 58, 102: 296, 103: 142, 104: 380, 105: 86, 106: 324, 107: 142, 108: 380, 109: 764, 110: 526, 111: 16, 112: 254, 113: 16, 114: 254, 115: 58, 116: 296, 117: 792, 118: 554, 119: 680, 120: 442, 121: 114, 122: 352, 123: 58, 124: 296, 125: 666, 126: 428, 127: 72, 128: 310, 129: 156, 130: 394, 131: 666, 132: 428, 133: 114, 134: 352, 135: 142, 136: 380, 137: 694, 138: 456, 139: 86, 140: 324, 141: 100, 142: 338, 143: 58, 144: 296, 145: 750, 146: 512, 147: 72, 148: 310, 149: 680, 150: 442, 151: 764, 152: 526, 153: 708, 154: 470, 155: 128, 156: 366, 157: 792, 158: 554, 159: 58, 160: 296, 161: 114, 162: 352, 163: 792, 164: 554, 165: 86, 166: 324, 167: 16, 168: 254, 169: 680, 170: 442, 171: 680, 172: 442, 173: 58, 174: 296, 175: 114, 176: 352, 177: 44, 178: 282, 179: 72, 180: 310, 181: 694, 182: 456, 183: 100, 184: 338, 185: 666, 186: 428, 187: 58, 188: 296, 189: 30, 190: 268, 191: 750, 192: 512, 193: 58, 194: 296, 195: 44, 196: 282, 197: 778, 198: 540, 199: 114, 200: 352}
Number of lables used:  40
Time taken: 0.29 seconds
Memory used: 34.80 MB
--------------------------------------------------

Trying with at most 39 labels...
Solution:
{1: 750, 2: 512, 3: 156, 4: 394, 5: 708, 6: 470, 7: 142, 8: 380, 9: 142, 10: 380, 11: 142, 12: 380, 13: 58, 14: 296, 15: 156, 16: 394, 17: 114, 18: 352, 19: 142, 20: 380, 21: 16, 22: 254, 23: 86, 24: 324, 25: 58, 26: 296, 27: 100, 28: 338, 29: 114, 30: 352, 31: 128, 32: 366, 33: 44, 34: 282, 35: 142, 36: 380, 37: 694, 38: 456, 39: 16, 40: 254, 41: 16, 42: 254, 43: 722, 44: 484, 45: 750, 46: 512, 47: 722, 48: 484, 49: 778, 50: 540, 51: 680, 52: 442, 53: 100, 54: 338, 55: 86, 56: 324, 57: 86, 58: 324, 59: 694, 60: 456, 61: 722, 62: 484, 63: 792, 64: 554, 65: 16, 66: 254, 67: 100, 68: 338, 69: 778, 70: 540, 71: 142, 72: 380, 73: 666, 74: 428, 75: 750, 76: 512, 77: 86, 78: 324, 79: 750, 80: 512, 81: 86, 82: 324, 83: 30, 84: 268, 85: 792, 86: 554, 87: 16, 88: 254, 89: 72, 90: 310, 91: 792, 92: 554, 93: 694, 94: 456, 95: 142, 96: 380, 97: 750, 98: 512, 99: 44, 100: 282, 101: 58, 102: 296, 103: 142, 104: 380, 105: 86, 106: 324, 107: 142, 108: 380, 109: 142, 110: 380, 111: 16, 112: 254, 113: 16, 114: 254, 115: 58, 116: 296, 117: 792, 118: 554, 119: 680, 120: 442, 121: 114, 122: 352, 123: 58, 124: 296, 125: 666, 126: 428, 127: 72, 128: 310, 129: 156, 130: 394, 131: 666, 132: 428, 133: 114, 134: 352, 135: 142, 136: 380, 137: 694, 138: 456, 139: 86, 140: 324, 141: 100, 142: 338, 143: 58, 144: 296, 145: 750, 146: 512, 147: 72, 148: 310, 149: 680, 150: 442, 151: 44, 152: 282, 153: 708, 154: 470, 155: 128, 156: 366, 157: 792, 158: 554, 159: 58, 160: 296, 161: 114, 162: 352, 163: 792, 164: 554, 165: 86, 166: 324, 167: 16, 168: 254, 169: 680, 170: 442, 171: 680, 172: 442, 173: 58, 174: 296, 175: 114, 176: 352, 177: 44, 178: 282, 179: 72, 180: 310, 181: 694, 182: 456, 183: 100, 184: 338, 185: 666, 186: 428, 187: 58, 188: 296, 189: 30, 190: 268, 191: 750, 192: 512, 193: 58, 194: 296, 195: 44, 196: 282, 197: 778, 198: 540, 199: 114, 200: 352}
Number of lables used:  38
Time taken: 0.29 seconds
Memory used: 34.80 MB
--------------------------------------------------

Trying with at most 37 labels...
Solution:
{1: 722, 2: 484, 3: 142, 4: 380, 5: 680, 6: 442, 7: 142, 8: 380, 9: 128, 10: 366, 11: 666, 12: 428, 13: 750, 14: 512, 15: 142, 16: 380, 17: 30, 18: 268, 19: 764, 20: 526, 21: 30, 22: 268, 23: 86, 24: 324, 25: 680, 26: 442, 27: 100, 28: 338, 29: 694, 30: 456, 31: 142, 32: 380, 33: 764, 34: 526, 35: 100, 36: 338, 37: 72, 38: 310, 39: 792, 40: 554, 41: 16, 42: 254, 43: 736, 44: 498, 45: 722, 46: 484, 47: 694, 48: 456, 49: 736, 50: 498, 51: 128, 52: 366, 53: 142, 54: 380, 55: 722, 56: 484, 57: 72, 58: 310, 59: 652, 60: 414, 61: 128, 62: 366, 63: 764, 64: 526, 65: 722, 66: 484, 67: 694, 68: 456, 69: 778, 70: 540, 71: 142, 72: 380, 73: 72, 74: 310, 75: 16, 76: 254, 77: 764, 78: 526, 79: 16, 80: 254, 81: 100, 82: 338, 83: 750, 84: 512, 85: 792, 86: 554, 87: 792, 88: 554, 89: 736, 90: 498, 91: 764, 92: 526, 93: 30, 94: 268, 95: 142, 96: 380, 97: 30, 98: 268, 99: 764, 100: 526, 101: 750, 102: 512, 103: 100, 104: 338, 105: 722, 106: 484, 107: 722, 108: 484, 109: 128, 110: 366, 111: 764, 112: 526, 113: 16, 114: 254, 115: 30, 116: 268, 117: 652, 118: 414, 119: 736, 120: 498, 121: 680, 122: 442, 123: 16, 124: 254, 125: 666, 126: 428, 127: 72, 128: 310, 129: 114, 130: 352, 131: 128, 132: 366, 133: 736, 134: 498, 135: 652, 136: 414, 137: 666, 138: 428, 139: 722, 140: 484, 141: 694, 142: 456, 143: 750, 144: 512, 145: 778, 146: 540, 147: 30, 148: 268, 149: 680, 150: 442, 151: 736, 152: 498, 153: 764, 154: 526, 155: 72, 156: 310, 157: 792, 158: 554, 159: 722, 160: 484, 161: 72, 162: 310, 163: 100, 164: 338, 165: 694, 166: 456, 167: 16, 168: 254, 169: 652, 170: 414, 171: 128, 172: 366, 173: 86, 174: 324, 175: 142, 176: 380, 177: 30, 178: 268, 179: 736, 180: 498, 181: 666, 182: 428, 183: 86, 184: 324, 185: 142, 186: 380, 187: 722, 188: 484, 189: 30, 190: 268, 191: 792, 192: 554, 193: 736, 194: 498, 195: 764, 196: 526, 197: 680, 198: 442, 199: 30, 200: 268}
Number of lables used:  36
Time taken: 0.34 seconds
Memory used: 38.14 MB
--------------------------------------------------

Trying with at most 35 labels...
Solution:
{1: 156, 2: 394, 3: 142, 4: 380, 5: 708, 6: 470, 7: 142, 8: 380, 9: 142, 10: 380, 11: 142, 12: 380, 13: 708, 14: 470, 15: 114, 16: 352, 17: 114, 18: 352, 19: 792, 20: 554, 21: 792, 22: 554, 23: 86, 24: 324, 25: 708, 26: 470, 27: 708, 28: 470, 29: 114, 30: 352, 31: 128, 32: 366, 33: 44, 34: 282, 35: 142, 36: 380, 37: 778, 38: 540, 39: 16, 40: 254, 41: 16, 42: 254, 43: 722, 44: 484, 45: 792, 46: 554, 47: 778, 48: 540, 49: 30, 50: 268, 51: 128, 52: 366, 53: 142, 54: 380, 55: 778, 56: 540, 57: 86, 58: 324, 59: 708, 60: 470, 61: 86, 62: 324, 63: 16, 64: 254, 65: 58, 66: 296, 67: 722, 68: 484, 69: 30, 70: 268, 71: 722, 72: 484, 73: 142, 74: 380, 75: 58, 76: 296, 77: 44, 78: 282, 79: 792, 80: 554, 81: 86, 82: 324, 83: 30, 84: 268, 85: 16, 86: 254, 87: 16, 88: 254, 89: 72, 90: 310, 91: 16, 92: 254, 93: 778, 94: 540, 95: 142, 96: 380, 97: 778, 98: 540, 99: 44, 100: 282, 101: 16, 102: 254, 103: 142, 104: 380, 105: 86, 106: 324, 107: 708, 108: 470, 109: 680, 110: 442, 111: 778, 112: 540, 113: 30, 114: 268, 115: 58, 116: 296, 117: 666, 118: 428, 119: 44, 120: 282, 121: 156, 122: 394, 123: 16, 124: 254, 125: 666, 126: 428, 127: 736, 128: 498, 129: 114, 130: 352, 131: 680, 132: 442, 133: 778, 134: 540, 135: 680, 136: 442, 137: 128, 138: 366, 139: 736, 140: 498, 141: 708, 142: 470, 143: 58, 144: 296, 145: 30, 146: 268, 147: 72, 148: 310, 149: 128, 150: 366, 151: 44, 152: 282, 153: 16, 154: 254, 155: 86, 156: 324, 157: 16, 158: 254, 159: 72, 160: 310, 161: 72, 162: 310, 163: 114, 164: 352, 165: 778, 166: 540, 167: 58, 168: 296, 169: 666, 170: 428, 171: 142, 172: 380, 173: 44, 174: 282, 175: 708, 176: 470, 177: 778, 178: 540, 179: 72, 180: 310, 181: 114, 182: 352, 183: 708, 184: 470, 185: 666, 186: 428, 187: 736, 188: 498, 189: 72, 190: 310, 191: 16, 192: 254, 193: 58, 194: 296, 195: 44, 196: 282, 197: 680, 198: 442, 199: 86, 200: 324}
Number of lables used:  34
Time taken: 0.36 seconds
Memory used: 38.14 MB
--------------------------------------------------

Trying with at most 33 labels...
Solution:
{1: 142, 2: 380, 3: 666, 4: 428, 5: 680, 6: 442, 7: 666, 8: 428, 9: 142, 10: 380, 11: 666, 12: 428, 13: 58, 14: 296, 15: 114, 16: 352, 17: 114, 18: 352, 19: 764, 20: 526, 21: 680, 22: 442, 23: 44, 24: 282, 25: 30, 26: 268, 27: 58, 28: 296, 29: 72, 30: 310, 31: 86, 32: 324, 33: 764, 34: 526, 35: 142, 36: 380, 37: 114, 38: 352, 39: 16, 40: 254, 41: 792, 42: 554, 43: 694, 44: 456, 45: 16, 46: 254, 47: 86, 48: 324, 49: 764, 50: 526, 51: 680, 52: 442, 53: 666, 54: 428, 55: 750, 56: 512, 57: 86, 58: 324, 59: 58, 60: 296, 61: 44, 62: 282, 63: 792, 64: 554, 65: 750, 66: 512, 67: 142, 68: 380, 69: 778, 70: 540, 71: 142, 72: 380, 73: 142, 74: 380, 75: 750, 76: 512, 77: 764, 78: 526, 79: 792, 80: 554, 81: 44, 82: 282, 83: 778, 84: 540, 85: 792, 86: 554, 87: 58, 88: 296, 89: 72, 90: 310, 91: 792, 92: 554, 93: 778, 94: 540, 95: 142, 96: 380, 97: 30, 98: 268, 99: 44, 100: 282, 101: 778, 102: 540, 103: 666, 104: 428, 105: 86, 106: 324, 107: 72, 108: 310, 109: 666, 110: 428, 111: 792, 112: 554, 113: 16, 114: 254, 115: 58, 116: 296, 117: 554, 118: 792, 119: 764, 120: 526, 121: 694, 122: 456, 123: 764, 124: 526, 125: 666, 126: 428, 127: 30, 128: 268, 129: 666, 130: 428, 131: 86, 132: 324, 133: 72, 134: 310, 135: 666, 136: 428, 137: 114, 138: 352, 139: 750, 140: 512, 141: 58, 142: 296, 143: 750, 144: 512, 145: 30, 146: 268, 147: 30, 148: 268, 149: 86, 150: 324, 151: 764, 152: 526, 153: 792, 154: 554, 155: 30, 156: 268, 157: 792, 158: 554, 159: 58, 160: 296, 161: 44, 162: 282, 163: 694, 164: 456, 165: 750, 166: 512, 167: 58, 168: 296, 169: 680, 170: 442, 171: 666, 172: 428, 173: 764, 174: 526, 175: 58, 176: 296, 177: 764, 178: 526, 179: 114, 180: 352, 181: 694, 182: 456, 183: 86, 184: 324, 185: 114, 186: 352, 187: 750, 188: 512, 189: 72, 190: 310, 191: 792, 192: 554, 193: 16, 194: 254, 195: 764, 196: 526, 197: 680, 198: 442, 199: 72, 200: 310}
Number of lables used:  30
Time taken: 0.38 seconds
Memory used: 38.15 MB
--------------------------------------------------

Trying with at most 29 labels...
Solution:
{1: 156, 2: 394, 3: 114, 4: 352, 5: 680, 6: 442, 7: 666, 8: 428, 9: 666, 10: 428, 11: 666, 12: 428, 13: 750, 14: 512, 15: 114, 16: 352, 17: 58, 18: 296, 19: 764, 20: 526, 21: 792, 22: 554, 23: 86, 24: 324, 25: 708, 26: 470, 27: 708, 28: 470, 29: 114, 30: 352, 31: 156, 32: 394, 33: 764, 34: 526, 35: 156, 36: 394, 37: 114, 38: 352, 39: 792, 40: 554, 41: 792, 42: 554, 43: 722, 44: 484, 45: 750, 46: 512, 47: 722, 48: 484, 49: 778, 50: 540, 51: 680, 52: 442, 53: 666, 54: 428, 55: 764, 56: 526, 57: 86, 58: 324, 59: 156, 60: 394, 61: 86, 62: 324, 63: 792, 64: 554, 65: 750, 66: 512, 67: 708, 68: 470, 69: 778, 70: 540, 71: 666, 72: 428, 73: 666, 74: 428, 75: 750, 76: 512, 77: 764, 78: 526, 79: 792, 80: 554, 81: 722, 82: 484, 83: 778, 84: 540, 85: 792, 86: 554, 87: 58, 88: 296, 89: 114, 90: 352, 91: 792, 92: 554, 93: 72, 94: 310, 95: 170, 96: 408, 97: 778, 98: 540, 99: 72, 100: 310, 101: 792, 102: 554, 103: 666, 104: 428, 105: 114, 106: 352, 107: 708, 108: 470, 109: 666, 110: 428, 111: 58, 112: 296, 113: 792, 114: 554, 115: 86, 116: 324, 117: 156, 118: 394, 119: 764, 120: 526, 121: 156, 122: 394, 123: 792, 124: 554, 125: 666, 126: 428, 127: 72, 128: 310, 129: 156, 130: 394, 131: 86, 132: 324, 133: 72, 134: 310, 135: 666, 136: 428, 137: 156, 138: 394, 139: 114, 140: 352, 141: 114, 142: 352, 143: 750, 144: 512, 145: 778, 146: 540, 147: 114, 148: 352, 149: 680, 150: 442, 151: 764, 152: 526, 153: 792, 154: 554, 155: 722, 156: 484, 157: 792, 158: 554, 159: 58, 160: 296, 161: 114, 162: 352, 163: 156, 164: 394, 165: 722, 166: 484, 167: 58, 168: 296, 169: 680, 170: 442, 171: 680, 172: 442, 173: 764, 174: 526, 175: 708, 176: 470, 177: 764, 178: 526, 179: 114, 180: 352, 181: 156, 182: 394, 183: 722, 184: 484, 185: 666, 186: 428, 187: 750, 188: 512, 189: 778, 190: 540, 191: 792, 192: 554, 193: 750, 194: 512, 195: 764, 196: 526, 197: 680, 198: 442, 199: 86, 200: 324}
Number of lables used:  28
Time taken: 0.40 seconds
Memory used: 38.15 MB
--------------------------------------------------

Trying with at most 27 labels...
Solution:
{1: 708, 2: 470, 3: 142, 4: 380, 5: 142, 6: 380, 7: 666, 8: 428, 9: 666, 10: 428, 11: 666, 12: 428, 13: 750, 14: 512, 15: 114, 16: 352, 17: 58, 18: 296, 19: 750, 20: 512, 21: 792, 22: 554, 23: 86, 24: 324, 25: 708, 26: 470, 27: 708, 28: 470, 29: 114, 30: 352, 31: 128, 32: 366, 33: 764, 34: 526, 35: 666, 36: 428, 37: 72, 38: 310, 39: 792, 40: 554, 41: 792, 42: 554, 43: 722, 44: 484, 45: 58, 46: 296, 47: 722, 48: 484, 49: 778, 50: 540, 51: 666, 52: 428, 53: 666, 54: 428, 55: 764, 56: 526, 57: 86, 58: 324, 59: 114, 60: 352, 61: 86, 62: 324, 63: 778, 64: 540, 65: 750, 66: 512, 67: 708, 68: 470, 69: 778, 70: 540, 71: 666, 72: 428, 73: 142, 74: 380, 75: 72, 76: 310, 77: 764, 78: 526, 79: 792, 80: 554, 81: 722, 82: 484, 83: 764, 84: 526, 85: 792, 86: 554, 87: 792, 88: 554, 89: 114, 90: 352, 91: 792, 92: 554, 93: 778, 94: 540, 95: 142, 96: 380, 97: 778, 98: 540, 99: 764, 100: 526, 101: 792, 102: 554, 103: 666, 104: 428, 105: 722, 106: 484, 107: 708, 108: 470, 109: 666, 110: 428, 111: 792, 112: 554, 113: 792, 114: 554, 115: 58, 116: 296, 117: 142, 118: 380, 119: 764, 120: 526, 121: 114, 122: 352, 123: 792, 124: 554, 125: 666, 126: 428, 127: 72, 128: 310, 129: 114, 130: 352, 131: 86, 132: 324, 133: 72, 134: 310, 135: 142, 136: 380, 137: 114, 138: 352, 139: 86, 140: 324, 141: 708, 142: 470, 143: 750, 144: 512, 145: 778, 146: 540, 147: 86, 148: 324, 149: 128, 150: 366, 151: 764, 152: 526, 153: 792, 154: 554, 155: 722, 156: 484, 157: 792, 158: 554, 159: 58, 160: 296, 161: 72, 162: 310, 163: 114, 164: 352, 165: 722, 166: 484, 167: 792, 168: 554, 169: 142, 170: 380, 171: 128, 172: 366, 173: 764, 174: 526, 175: 708, 176: 470, 177: 764, 178: 526, 179: 72, 180: 310, 181: 128, 182: 366, 183: 86, 184: 324, 185: 142, 186: 380, 187: 750, 188: 512, 189: 778, 190: 540, 191: 792, 192: 554, 193: 750, 194: 512, 195: 764, 196: 526, 197: 128, 198: 366, 199: 778, 200: 540}
Number of lables used:  26
Time taken: 0.41 seconds
Memory used: 38.15 MB
--------------------------------------------------

Trying with at most 25 labels...
Solution:
{1: 142, 2: 380, 3: 142, 4: 380, 5: 680, 6: 442, 7: 142, 8: 380, 9: 142, 10: 380, 11: 142, 12: 380, 13: 750, 14: 512, 15: 114, 16: 352, 17: 114, 18: 352, 19: 100, 20: 338, 21: 792, 22: 554, 23: 86, 24: 324, 25: 100, 26: 338, 27: 100, 28: 338, 29: 114, 30: 352, 31: 128, 32: 366, 33: 44, 34: 282, 35: 142, 36: 380, 37: 72, 38: 310, 39: 792, 40: 554, 41: 792, 42: 554, 43: 86, 44: 324, 45: 750, 46: 512, 47: 86, 48: 324, 49: 30, 50: 268, 51: 128, 52: 366, 53: 142, 54: 380, 55: 44, 56: 282, 57: 86, 58: 324, 59: 114, 60: 352, 61: 86, 62: 324, 63: 792, 64: 554, 65: 58, 66: 296, 67: 100, 68: 338, 69: 30, 70: 268, 71: 142, 72: 380, 73: 142, 74: 380, 75: 750, 76: 512, 77: 44, 78: 282, 79: 792, 80: 554, 81: 86, 82: 324, 83: 30, 84: 268, 85: 750, 86: 512, 87: 750, 88: 512, 89: 72, 90: 310, 91: 792, 92: 554, 93: 30, 94: 268, 95: 142, 96: 380, 97: 30, 98: 268, 99: 44, 100: 282, 101: 792, 102: 554, 103: 142, 104: 380, 105: 86, 106: 324, 107: 100, 108: 338, 109: 142, 110: 380, 111: 792, 112: 554, 113: 792, 114: 554, 115: 750, 116: 512, 117: 142, 118: 380, 119: 44, 120: 282, 121: 114, 122: 352, 123: 750, 124: 512, 125: 142, 126: 380, 127: 72, 128: 310, 129: 114, 130: 352, 131: 142, 132: 380, 133: 72, 134: 310, 135: 142, 136: 380, 137: 114, 138: 352, 139: 86, 140: 324, 141: 100, 142: 338, 143: 58, 144: 296, 145: 30, 146: 268, 147: 72, 148: 310, 149: 128, 150: 366, 151: 44, 152: 282, 153: 792, 154: 554, 155: 86, 156: 324, 157: 750, 158: 512, 159: 750, 160: 512, 161: 72, 162: 310, 163: 114, 164: 352, 165: 86, 166: 324, 167: 792, 168: 554, 169: 680, 170: 442, 171: 128, 172: 366, 173: 44, 174: 282, 175: 100, 176: 338, 177: 44, 178: 282, 179: 72, 180: 310, 181: 114, 182: 352, 183: 86, 184: 324, 185: 142, 186: 380, 187: 750, 188: 512, 189: 30, 190: 268, 191: 792, 192: 554, 193: 750, 194: 512, 195: 44, 196: 282, 197: 680, 198: 442, 199: 72, 200: 310}
Number of lables used:  24
Time taken: 0.49 seconds
Memory used: 38.34 MB
--------------------------------------------------

Trying with at most 23 labels...
Solution:
{1: 296, 2: 58, 3: 142, 4: 380, 5: 254, 6: 16, 7: 142, 8: 380, 9: 142, 10: 380, 11: 142, 12: 380, 13: 58, 14: 296, 15: 114, 16: 352, 17: 114, 18: 352, 19: 750, 20: 512, 21: 16, 22: 254, 23: 86, 24: 324, 25: 722, 26: 484, 27: 750, 28: 512, 29: 114, 30: 352, 31: 128, 32: 366, 33: 722, 34: 484, 35: 142, 36: 380, 37: 722, 38: 484, 39: 16, 40: 254, 41: 750, 42: 512, 43: 86, 44: 324, 45: 58, 46: 296, 47: 86, 48: 324, 49: 750, 50: 512, 51: 128, 52: 366, 53: 142, 54: 380, 55: 778, 56: 540, 57: 86, 58: 324, 59: 114, 60: 352, 61: 86, 62: 324, 63: 778, 64: 540, 65: 58, 66: 296, 67: 750, 68: 512, 69: 30, 70: 268, 71: 142, 72: 380, 73: 142, 74: 380, 75: 58, 76: 296, 77: 778, 78: 540, 79: 16, 80: 254, 81: 86, 82: 324, 83: 750, 84: 512, 85: 16, 86: 254, 87: 16, 88: 254, 89: 722, 90: 484, 91: 16, 92: 254, 93: 30, 94: 268, 95: 142, 96: 380, 97: 30, 98: 268, 99: 722, 100: 484, 101: 16, 102: 254, 103: 142, 104: 380, 105: 86, 106: 324, 107: 750, 108: 512, 109: 142, 110: 380, 111: 16, 112: 254, 113: 16, 114: 254, 115: 58, 116: 296, 117: 142, 118: 380, 119: 778, 120: 540, 121: 114, 122: 352, 123: 16, 124: 254, 125: 142, 126: 380, 127: 778, 128: 540, 129: 114, 130: 352, 131: 142, 132: 380, 133: 750, 134: 512, 135: 142, 136: 380, 137: 114, 138: 352, 139: 86, 140: 324, 141: 722, 142: 484, 143: 58, 144: 296, 145: 30, 146: 268, 147: 778, 148: 540, 149: 128, 150: 366, 151: 778, 152: 540, 153: 16, 154: 254, 155: 86, 156: 324, 157: 16, 158: 254, 159: 722, 160: 484, 161: 778, 162: 540, 163: 114, 164: 352, 165: 86, 166: 324, 167: 16, 168: 254, 169: 128, 170: 366, 171: 128, 172: 366, 173: 778, 174: 540, 175: 722, 176: 484, 177: 750, 178: 512, 179: 722, 180: 484, 181: 114, 182: 352, 183: 86, 184: 324, 185: 142, 186: 380, 187: 58, 188: 296, 189: 30, 190: 268, 191: 778, 192: 540, 193: 58, 194: 296, 195: 750, 196: 512, 197: 128, 198: 366, 199: 778, 200: 540}
Number of lables used:  20
Time taken: 1.12 seconds
Memory used: 41.60 MB
--------------------------------------------------

Trying with at most 19 labels...
Cannot find solution.
No more solutions found.
Optimal number of labels used:  20
Time taken: 4.28 seconds
Memory used: 47.96 MB
[runlim] end:			Sat Jun 20 00:17:50 2026
[runlim] status:		ok
[runlim] result:		0
[runlim] children:		1
[runlim] processes:		2
[runlim] real:			4.33 seconds
[runlim] time:			4.30 seconds
[runlim] space:			48 MB
[runlim] load:			1.03 maximum
[runlim] samples:		44
