[runlim] version:		2.0.0rc12
[runlim] host:			ap-Precision-7550
[runlim] time limit:		311040000 seconds
[runlim] real time limit:	600 seconds
[runlim] space limit:		14000 MB
[runlim] argv[0]:		python3
[runlim] argv[1]:		-u
[runlim] argv[2]:		main.py
[runlim] argv[3]:		scen08
[runlim] argv[4]:		tot
[runlim] argv[5]:		assumptions
[runlim] argv[6]:		cadical195
[runlim] start:			Sat Jun 20 00:18:43 2026
[runlim] child:			38240
Warning: variable 825 has no valid labels after preprocessing.
Cannot find solution!
Time taken: 0.22 seconds
Memory used: 21.93 MB
[runlim] end:			Sat Jun 20 00:18:43 2026
[runlim] status:		ok
[runlim] result:		0
[runlim] children:		1
[runlim] processes:		2
[runlim] real:			0.26 seconds
[runlim] time:			0.20 seconds
[runlim] space:			22 MB
[runlim] load:			1.05 maximum
[runlim] samples:		3
