[runlim] version:		2.0.0rc12
[runlim] host:			ap-Precision-7550
[runlim] time limit:		311040000 seconds
[runlim] real time limit:	600 seconds
[runlim] space limit:		14000 MB
[runlim] argv[0]:		python3
[runlim] argv[1]:		-u
[runlim] argv[2]:		main.py
[runlim] argv[3]:		TUD200.1
[runlim] argv[4]:		tot
[runlim] argv[5]:		assumptions
[runlim] argv[6]:		cadical195
[runlim] start:			Wed Mar 25 21:28:06 2026
[runlim] child:			21943
Solve first problem:
Solution:
{1: 338, 2: 100, 3: 86, 4: 324, 5: 366, 6: 128, 7: 694, 8: 456, 9: 128, 10: 366, 11: 44, 12: 282, 13: 792, 14: 554, 15: 414, 16: 652, 17: 156, 18: 394, 19: 498, 20: 736, 21: 470, 22: 708, 23: 792, 24: 554, 25: 484, 26: 722, 27: 128, 28: 366, 29: 128, 30: 366, 31: 156, 32: 394, 33: 554, 34: 792, 35: 456, 36: 694, 37: 128, 38: 366, 39: 268, 40: 30, 41: 428, 42: 666, 43: 142, 44: 380, 45: 254, 46: 16, 47: 792, 48: 554, 49: 470, 50: 708, 51: 58, 52: 296, 53: 156, 54: 394, 55: 86, 56: 324, 57: 72, 58: 310, 59: 540, 60: 778, 61: 512, 62: 750, 63: 414, 64: 652, 65: 554, 66: 792, 67: 414, 68: 652, 69: 680, 70: 442, 71: 268, 72: 30, 73: 456, 74: 694, 75: 512, 76: 750, 77: 540, 78: 778, 79: 792, 80: 554, 81: 554, 82: 792, 83: 428, 84: 666, 85: 736, 86: 498, 87: 778, 88: 540, 89: 30, 90: 268, 91: 778, 92: 540, 93: 16, 94: 254, 95: 352, 96: 114, 97: 540, 98: 778, 99: 156, 100: 394, 101: 380, 102: 142, 103: 540, 104: 778, 105: 114, 106: 352, 107: 380, 108: 142, 109: 694, 110: 456, 111: 722, 112: 484, 113: 414, 114: 652, 115: 470, 116: 708, 117: 526, 118: 764, 119: 100, 120: 338, 121: 456, 122: 694, 123: 156, 124: 394, 125: 310, 126: 72, 127: 72, 128: 310, 129: 170, 130: 408, 131: 380, 132: 142, 133: 554, 134: 792, 135: 526, 136: 764, 137: 456, 138: 694, 139: 442, 140: 680, 141: 380, 142: 142, 143: 540, 144: 778, 145: 554, 146: 792, 147: 254, 148: 16, 149: 554, 150: 792, 151: 86, 152: 324, 153: 498, 154: 736, 155: 554, 156: 792, 157: 554, 158: 792, 159: 498, 160: 736, 161: 554, 162: 792, 163: 526, 164: 764, 165: 100, 166: 338, 167: 526, 168: 764, 169: 554, 170: 792, 171: 498, 172: 736, 173: 540, 174: 778, 175: 526, 176: 764, 177: 666, 178: 428, 179: 498, 180: 736, 181: 554, 182: 792, 183: 526, 184: 764, 185: 156, 186: 394, 187: 156, 188: 394, 189: 484, 190: 722, 191: 428, 192: 666, 193: 484, 194: 722, 195: 554, 196: 792, 197: 484, 198: 722, 199: 540, 200: 778}
Number of lables used:  46
Time taken: 0.28 seconds
Memory used: 31.46 MB
--------------------------------------------------

Trying with at most 45 labels...
Solution:
{1: 338, 2: 100, 3: 652, 4: 414, 5: 366, 6: 128, 7: 694, 8: 456, 9: 268, 10: 30, 11: 44, 12: 282, 13: 792, 14: 554, 15: 414, 16: 652, 17: 156, 18: 394, 19: 484, 20: 722, 21: 470, 22: 708, 23: 792, 24: 554, 25: 484, 26: 722, 27: 128, 28: 366, 29: 128, 30: 366, 31: 156, 32: 394, 33: 554, 34: 792, 35: 456, 36: 694, 37: 128, 38: 366, 39: 156, 40: 394, 41: 282, 42: 44, 43: 142, 44: 380, 45: 254, 46: 16, 47: 792, 48: 554, 49: 470, 50: 708, 51: 58, 52: 296, 53: 156, 54: 394, 55: 86, 56: 324, 57: 72, 58: 310, 59: 540, 60: 778, 61: 72, 62: 310, 63: 16, 64: 254, 65: 554, 66: 792, 67: 414, 68: 652, 69: 666, 70: 428, 71: 268, 72: 30, 73: 456, 74: 694, 75: 456, 76: 694, 77: 540, 78: 778, 79: 792, 80: 554, 81: 554, 82: 792, 83: 428, 84: 666, 85: 708, 86: 470, 87: 778, 88: 540, 89: 666, 90: 428, 91: 100, 92: 338, 93: 16, 94: 254, 95: 254, 96: 16, 97: 540, 98: 778, 99: 380, 100: 142, 101: 380, 102: 142, 103: 540, 104: 778, 105: 114, 106: 352, 107: 366, 108: 128, 109: 694, 110: 456, 111: 722, 112: 484, 113: 414, 114: 652, 115: 470, 116: 708, 117: 86, 118: 324, 119: 100, 120: 338, 121: 142, 122: 380, 123: 156, 124: 394, 125: 310, 126: 72, 127: 72, 128: 310, 129: 170, 130: 408, 131: 380, 132: 142, 133: 554, 134: 792, 135: 484, 136: 722, 137: 456, 138: 694, 139: 58, 140: 296, 141: 380, 142: 142, 143: 540, 144: 778, 145: 792, 146: 554, 147: 792, 148: 554, 149: 394, 150: 156, 151: 694, 152: 456, 153: 380, 154: 142, 155: 554, 156: 792, 157: 554, 158: 792, 159: 722, 160: 484, 161: 554, 162: 792, 163: 484, 164: 722, 165: 44, 166: 282, 167: 100, 168: 338, 169: 554, 170: 792, 171: 484, 172: 722, 173: 540, 174: 778, 175: 442, 176: 680, 177: 114, 178: 352, 179: 554, 180: 792, 181: 554, 182: 792, 183: 484, 184: 722, 185: 156, 186: 394, 187: 142, 188: 380, 189: 484, 190: 722, 191: 428, 192: 666, 193: 484, 194: 722, 195: 554, 196: 792, 197: 456, 198: 694, 199: 30, 200: 268}
Number of lables used:  40
Time taken: 0.29 seconds
Memory used: 32.45 MB
--------------------------------------------------

Trying with at most 39 labels...
Solution:
{1: 338, 2: 100, 3: 652, 4: 414, 5: 366, 6: 128, 7: 694, 8: 456, 9: 268, 10: 30, 11: 44, 12: 282, 13: 792, 14: 554, 15: 414, 16: 652, 17: 156, 18: 394, 19: 484, 20: 722, 21: 470, 22: 708, 23: 792, 24: 554, 25: 484, 26: 722, 27: 128, 28: 366, 29: 128, 30: 366, 31: 156, 32: 394, 33: 554, 34: 792, 35: 456, 36: 694, 37: 128, 38: 366, 39: 156, 40: 394, 41: 282, 42: 44, 43: 142, 44: 380, 45: 254, 46: 16, 47: 792, 48: 554, 49: 470, 50: 708, 51: 58, 52: 296, 53: 58, 54: 296, 55: 86, 56: 324, 57: 72, 58: 310, 59: 540, 60: 778, 61: 72, 62: 310, 63: 16, 64: 254, 65: 554, 66: 792, 67: 414, 68: 652, 69: 666, 70: 428, 71: 268, 72: 30, 73: 456, 74: 694, 75: 456, 76: 694, 77: 540, 78: 778, 79: 792, 80: 554, 81: 554, 82: 792, 83: 428, 84: 666, 85: 708, 86: 470, 87: 778, 88: 540, 89: 666, 90: 428, 91: 100, 92: 338, 93: 16, 94: 254, 95: 254, 96: 16, 97: 540, 98: 778, 99: 380, 100: 142, 101: 380, 102: 142, 103: 540, 104: 778, 105: 100, 106: 338, 107: 366, 108: 128, 109: 694, 110: 456, 111: 722, 112: 484, 113: 414, 114: 652, 115: 470, 116: 708, 117: 86, 118: 324, 119: 100, 120: 338, 121: 142, 122: 380, 123: 156, 124: 394, 125: 310, 126: 72, 127: 72, 128: 310, 129: 170, 130: 408, 131: 380, 132: 142, 133: 554, 134: 792, 135: 484, 136: 722, 137: 456, 138: 694, 139: 58, 140: 296, 141: 380, 142: 142, 143: 540, 144: 778, 145: 792, 146: 554, 147: 792, 148: 554, 149: 394, 150: 156, 151: 694, 152: 456, 153: 380, 154: 142, 155: 554, 156: 792, 157: 554, 158: 792, 159: 722, 160: 484, 161: 554, 162: 792, 163: 484, 164: 722, 165: 44, 166: 282, 167: 100, 168: 338, 169: 554, 170: 792, 171: 484, 172: 722, 173: 540, 174: 778, 175: 442, 176: 680, 177: 484, 178: 722, 179: 554, 180: 792, 181: 554, 182: 792, 183: 652, 184: 414, 185: 156, 186: 394, 187: 142, 188: 380, 189: 484, 190: 722, 191: 428, 192: 666, 193: 484, 194: 722, 195: 554, 196: 792, 197: 456, 198: 694, 199: 30, 200: 268}
Number of lables used:  38
Time taken: 0.29 seconds
Memory used: 32.46 MB
--------------------------------------------------

Trying with at most 37 labels...
Solution:
{1: 338, 2: 100, 3: 652, 4: 414, 5: 366, 6: 128, 7: 694, 8: 456, 9: 268, 10: 30, 11: 44, 12: 282, 13: 792, 14: 554, 15: 414, 16: 652, 17: 156, 18: 394, 19: 484, 20: 722, 21: 470, 22: 708, 23: 792, 24: 554, 25: 484, 26: 722, 27: 128, 28: 366, 29: 128, 30: 366, 31: 156, 32: 394, 33: 554, 34: 792, 35: 456, 36: 694, 37: 128, 38: 366, 39: 156, 40: 394, 41: 282, 42: 44, 43: 142, 44: 380, 45: 254, 46: 16, 47: 792, 48: 554, 49: 470, 50: 708, 51: 58, 52: 296, 53: 58, 54: 296, 55: 86, 56: 324, 57: 72, 58: 310, 59: 540, 60: 778, 61: 72, 62: 310, 63: 16, 64: 254, 65: 554, 66: 792, 67: 414, 68: 652, 69: 666, 70: 428, 71: 268, 72: 30, 73: 456, 74: 694, 75: 456, 76: 694, 77: 540, 78: 778, 79: 792, 80: 554, 81: 554, 82: 792, 83: 428, 84: 666, 85: 708, 86: 470, 87: 778, 88: 540, 89: 666, 90: 428, 91: 100, 92: 338, 93: 16, 94: 254, 95: 254, 96: 16, 97: 540, 98: 778, 99: 380, 100: 142, 101: 380, 102: 142, 103: 540, 104: 778, 105: 100, 106: 338, 107: 366, 108: 128, 109: 694, 110: 456, 111: 652, 112: 414, 113: 414, 114: 652, 115: 470, 116: 708, 117: 86, 118: 324, 119: 100, 120: 338, 121: 142, 122: 380, 123: 156, 124: 394, 125: 310, 126: 72, 127: 72, 128: 310, 129: 170, 130: 408, 131: 380, 132: 142, 133: 554, 134: 792, 135: 484, 136: 722, 137: 456, 138: 694, 139: 58, 140: 296, 141: 380, 142: 142, 143: 540, 144: 778, 145: 792, 146: 554, 147: 792, 148: 554, 149: 394, 150: 156, 151: 694, 152: 456, 153: 380, 154: 142, 155: 554, 156: 792, 157: 554, 158: 792, 159: 722, 160: 484, 161: 554, 162: 792, 163: 484, 164: 722, 165: 44, 166: 282, 167: 100, 168: 338, 169: 554, 170: 792, 171: 484, 172: 722, 173: 540, 174: 778, 175: 722, 176: 484, 177: 484, 178: 722, 179: 554, 180: 792, 181: 554, 182: 792, 183: 652, 184: 414, 185: 156, 186: 394, 187: 142, 188: 380, 189: 484, 190: 722, 191: 428, 192: 666, 193: 484, 194: 722, 195: 554, 196: 792, 197: 456, 198: 694, 199: 30, 200: 268}
Number of lables used:  36
Time taken: 0.30 seconds
Memory used: 32.47 MB
--------------------------------------------------

Trying with at most 35 labels...
Solution:
{1: 652, 2: 414, 3: 652, 4: 414, 5: 366, 6: 128, 7: 666, 8: 428, 9: 324, 10: 86, 11: 44, 12: 282, 13: 142, 14: 380, 15: 156, 16: 394, 17: 156, 18: 394, 19: 484, 20: 722, 21: 414, 22: 652, 23: 722, 24: 484, 25: 484, 26: 722, 27: 128, 28: 366, 29: 128, 30: 366, 31: 156, 32: 394, 33: 554, 34: 792, 35: 792, 36: 554, 37: 128, 38: 366, 39: 156, 40: 394, 41: 282, 42: 44, 43: 142, 44: 380, 45: 254, 46: 16, 47: 792, 48: 554, 49: 722, 50: 484, 51: 58, 52: 296, 53: 58, 54: 296, 55: 86, 56: 324, 57: 72, 58: 310, 59: 484, 60: 722, 61: 72, 62: 310, 63: 58, 64: 296, 65: 554, 66: 792, 67: 254, 68: 16, 69: 666, 70: 428, 71: 16, 72: 254, 73: 778, 74: 540, 75: 428, 76: 666, 77: 540, 78: 778, 79: 792, 80: 554, 81: 554, 82: 792, 83: 428, 84: 666, 85: 666, 86: 428, 87: 30, 88: 268, 89: 666, 90: 428, 91: 100, 92: 338, 93: 652, 94: 414, 95: 254, 96: 16, 97: 484, 98: 722, 99: 380, 100: 142, 101: 380, 102: 142, 103: 540, 104: 778, 105: 100, 106: 338, 107: 366, 108: 128, 109: 722, 110: 484, 111: 652, 112: 414, 113: 414, 114: 652, 115: 484, 116: 722, 117: 86, 118: 324, 119: 72, 120: 310, 121: 142, 122: 380, 123: 156, 124: 394, 125: 310, 126: 72, 127: 72, 128: 310, 129: 170, 130: 408, 131: 540, 132: 778, 133: 86, 134: 324, 135: 100, 136: 338, 137: 428, 138: 666, 139: 58, 140: 296, 141: 380, 142: 142, 143: 540, 144: 778, 145: 792, 146: 554, 147: 554, 148: 792, 149: 394, 150: 156, 151: 722, 152: 484, 153: 380, 154: 142, 155: 554, 156: 792, 157: 554, 158: 792, 159: 30, 160: 268, 161: 778, 162: 540, 163: 484, 164: 722, 165: 44, 166: 282, 167: 792, 168: 554, 169: 554, 170: 792, 171: 484, 172: 722, 173: 540, 174: 778, 175: 338, 176: 100, 177: 484, 178: 722, 179: 554, 180: 792, 181: 554, 182: 792, 183: 792, 184: 554, 185: 366, 186: 128, 187: 16, 188: 254, 189: 484, 190: 722, 191: 428, 192: 666, 193: 484, 194: 722, 195: 484, 196: 722, 197: 254, 198: 16, 199: 72, 200: 310}
Number of lables used:  32
Time taken: 0.30 seconds
Memory used: 32.59 MB
--------------------------------------------------

Trying with at most 31 labels...
Solution:
{1: 652, 2: 414, 3: 652, 4: 414, 5: 366, 6: 128, 7: 666, 8: 428, 9: 324, 10: 86, 11: 44, 12: 282, 13: 142, 14: 380, 15: 156, 16: 394, 17: 156, 18: 394, 19: 484, 20: 722, 21: 414, 22: 652, 23: 722, 24: 484, 25: 484, 26: 722, 27: 128, 28: 366, 29: 100, 30: 338, 31: 156, 32: 394, 33: 554, 34: 792, 35: 792, 36: 554, 37: 128, 38: 366, 39: 156, 40: 394, 41: 282, 42: 44, 43: 142, 44: 380, 45: 540, 46: 778, 47: 792, 48: 554, 49: 722, 50: 484, 51: 58, 52: 296, 53: 58, 54: 296, 55: 86, 56: 324, 57: 72, 58: 310, 59: 484, 60: 722, 61: 72, 62: 310, 63: 58, 64: 296, 65: 554, 66: 792, 67: 254, 68: 16, 69: 666, 70: 428, 71: 16, 72: 254, 73: 778, 74: 540, 75: 428, 76: 666, 77: 540, 78: 778, 79: 792, 80: 554, 81: 554, 82: 792, 83: 428, 84: 666, 85: 666, 86: 428, 87: 30, 88: 268, 89: 666, 90: 428, 91: 72, 92: 310, 93: 652, 94: 414, 95: 254, 96: 16, 97: 484, 98: 722, 99: 338, 100: 100, 101: 380, 102: 142, 103: 540, 104: 778, 105: 100, 106: 338, 107: 366, 108: 128, 109: 722, 110: 484, 111: 652, 112: 414, 113: 414, 114: 652, 115: 484, 116: 722, 117: 86, 118: 324, 119: 72, 120: 310, 121: 142, 122: 380, 123: 156, 124: 394, 125: 310, 126: 72, 127: 72, 128: 310, 129: 142, 130: 380, 131: 540, 132: 778, 133: 86, 134: 324, 135: 100, 136: 338, 137: 428, 138: 666, 139: 58, 140: 296, 141: 380, 142: 142, 143: 540, 144: 778, 145: 792, 146: 554, 147: 554, 148: 792, 149: 394, 150: 156, 151: 722, 152: 484, 153: 380, 154: 142, 155: 554, 156: 792, 157: 554, 158: 792, 159: 30, 160: 268, 161: 778, 162: 540, 163: 484, 164: 722, 165: 44, 166: 282, 167: 792, 168: 554, 169: 554, 170: 792, 171: 484, 172: 722, 173: 540, 174: 778, 175: 338, 176: 100, 177: 484, 178: 722, 179: 554, 180: 792, 181: 554, 182: 792, 183: 792, 184: 554, 185: 366, 186: 128, 187: 16, 188: 254, 189: 484, 190: 722, 191: 428, 192: 666, 193: 484, 194: 722, 195: 484, 196: 722, 197: 254, 198: 16, 199: 72, 200: 310}
Number of lables used:  30
Time taken: 0.30 seconds
Memory used: 32.59 MB
--------------------------------------------------

Trying with at most 29 labels...
Solution:
{1: 156, 2: 394, 3: 792, 4: 554, 5: 366, 6: 128, 7: 156, 8: 394, 9: 338, 10: 100, 11: 554, 12: 792, 13: 792, 14: 554, 15: 100, 16: 338, 17: 156, 18: 394, 19: 484, 20: 722, 21: 792, 22: 554, 23: 554, 24: 792, 25: 484, 26: 722, 27: 128, 28: 366, 29: 722, 30: 484, 31: 156, 32: 394, 33: 428, 34: 666, 35: 792, 36: 554, 37: 30, 38: 268, 39: 156, 40: 394, 41: 652, 42: 414, 43: 142, 44: 380, 45: 484, 46: 722, 47: 792, 48: 554, 49: 666, 50: 428, 51: 652, 52: 414, 53: 44, 54: 282, 55: 44, 56: 282, 57: 16, 58: 254, 59: 484, 60: 722, 61: 100, 62: 338, 63: 414, 64: 652, 65: 498, 66: 736, 67: 652, 68: 414, 69: 666, 70: 428, 71: 16, 72: 254, 73: 282, 74: 44, 75: 428, 76: 666, 77: 44, 78: 282, 79: 792, 80: 554, 81: 722, 82: 484, 83: 428, 84: 666, 85: 666, 86: 428, 87: 30, 88: 268, 89: 30, 90: 268, 91: 100, 92: 338, 93: 652, 94: 414, 95: 16, 96: 254, 97: 428, 98: 666, 99: 792, 100: 554, 101: 380, 102: 142, 103: 142, 104: 380, 105: 30, 106: 268, 107: 366, 108: 128, 109: 380, 110: 142, 111: 652, 112: 414, 113: 414, 114: 652, 115: 484, 116: 722, 117: 44, 118: 282, 119: 394, 120: 156, 121: 142, 122: 380, 123: 156, 124: 394, 125: 282, 126: 44, 127: 16, 128: 254, 129: 142, 130: 380, 131: 498, 132: 736, 133: 554, 134: 792, 135: 100, 136: 338, 137: 428, 138: 666, 139: 44, 140: 282, 141: 366, 142: 128, 143: 282, 144: 44, 145: 792, 146: 554, 147: 254, 148: 16, 149: 100, 150: 338, 151: 282, 152: 44, 153: 380, 154: 142, 155: 100, 156: 338, 157: 554, 158: 792, 159: 30, 160: 268, 161: 652, 162: 414, 163: 484, 164: 722, 165: 44, 166: 282, 167: 498, 168: 736, 169: 484, 170: 722, 171: 484, 172: 722, 173: 484, 174: 722, 175: 338, 176: 100, 177: 484, 178: 722, 179: 792, 180: 554, 181: 792, 182: 554, 183: 792, 184: 554, 185: 366, 186: 128, 187: 16, 188: 254, 189: 666, 190: 428, 191: 428, 192: 666, 193: 394, 194: 156, 195: 156, 196: 394, 197: 254, 198: 16, 199: 100, 200: 338}
Number of lables used:  24
Time taken: 0.31 seconds
Memory used: 32.62 MB
--------------------------------------------------

Trying with at most 23 labels...
Solution:
{1: 86, 2: 324, 3: 722, 4: 484, 5: 554, 6: 792, 7: 142, 8: 380, 9: 114, 10: 352, 11: 680, 12: 442, 13: 680, 14: 442, 15: 16, 16: 254, 17: 114, 18: 352, 19: 792, 20: 554, 21: 722, 22: 484, 23: 554, 24: 792, 25: 484, 26: 722, 27: 114, 28: 352, 29: 680, 30: 442, 31: 16, 32: 254, 33: 414, 34: 652, 35: 792, 36: 554, 37: 86, 38: 324, 39: 114, 40: 352, 41: 142, 42: 380, 43: 114, 44: 352, 45: 114, 46: 352, 47: 680, 48: 442, 49: 30, 50: 268, 51: 86, 52: 324, 53: 30, 54: 268, 55: 30, 56: 268, 57: 380, 58: 142, 59: 484, 60: 722, 61: 142, 62: 380, 63: 16, 64: 254, 65: 554, 66: 792, 67: 652, 68: 414, 69: 442, 70: 680, 71: 652, 72: 414, 73: 268, 74: 30, 75: 512, 76: 750, 77: 114, 78: 352, 79: 792, 80: 554, 81: 30, 82: 268, 83: 652, 84: 414, 85: 554, 86: 792, 87: 380, 88: 142, 89: 380, 90: 142, 91: 86, 92: 324, 93: 652, 94: 414, 95: 652, 96: 414, 97: 442, 98: 680, 99: 268, 100: 30, 101: 86, 102: 324, 103: 142, 104: 380, 105: 380, 106: 142, 107: 30, 108: 268, 109: 352, 110: 114, 111: 114, 112: 352, 113: 414, 114: 652, 115: 484, 116: 722, 117: 680, 118: 442, 119: 254, 120: 16, 121: 142, 122: 380, 123: 86, 124: 324, 125: 142, 126: 380, 127: 414, 128: 652, 129: 142, 130: 380, 131: 442, 132: 680, 133: 554, 134: 792, 135: 750, 136: 512, 137: 750, 138: 512, 139: 380, 140: 142, 141: 352, 142: 114, 143: 268, 144: 30, 145: 792, 146: 554, 147: 554, 148: 792, 149: 86, 150: 324, 151: 722, 152: 484, 153: 380, 154: 142, 155: 722, 156: 484, 157: 554, 158: 792, 159: 680, 160: 442, 161: 652, 162: 414, 163: 254, 164: 16, 165: 30, 166: 268, 167: 750, 168: 512, 169: 680, 170: 442, 171: 792, 172: 554, 173: 16, 174: 254, 175: 722, 176: 484, 177: 442, 178: 680, 179: 792, 180: 554, 181: 792, 182: 554, 183: 792, 184: 554, 185: 352, 186: 114, 187: 86, 188: 324, 189: 792, 190: 554, 191: 414, 192: 652, 193: 30, 194: 268, 195: 114, 196: 352, 197: 268, 198: 30, 199: 142, 200: 380}
Number of lables used:  20
Time taken: 0.32 seconds
Memory used: 32.64 MB
--------------------------------------------------

Trying with at most 19 labels...
Solution:
{1: 86, 2: 324, 3: 30, 4: 268, 5: 554, 6: 792, 7: 142, 8: 380, 9: 114, 10: 352, 11: 680, 12: 442, 13: 680, 14: 442, 15: 16, 16: 254, 17: 114, 18: 352, 19: 792, 20: 554, 21: 680, 22: 442, 23: 554, 24: 792, 25: 442, 26: 680, 27: 114, 28: 352, 29: 680, 30: 442, 31: 16, 32: 254, 33: 414, 34: 652, 35: 792, 36: 554, 37: 86, 38: 324, 39: 114, 40: 352, 41: 142, 42: 380, 43: 114, 44: 352, 45: 114, 46: 352, 47: 680, 48: 442, 49: 30, 50: 268, 51: 86, 52: 324, 53: 30, 54: 268, 55: 30, 56: 268, 57: 380, 58: 142, 59: 512, 60: 750, 61: 142, 62: 380, 63: 16, 64: 254, 65: 554, 66: 792, 67: 652, 68: 414, 69: 442, 70: 680, 71: 652, 72: 414, 73: 268, 74: 30, 75: 512, 76: 750, 77: 114, 78: 352, 79: 792, 80: 554, 81: 30, 82: 268, 83: 652, 84: 414, 85: 554, 86: 792, 87: 380, 88: 142, 89: 380, 90: 142, 91: 86, 92: 324, 93: 652, 94: 414, 95: 652, 96: 414, 97: 442, 98: 680, 99: 268, 100: 30, 101: 86, 102: 324, 103: 142, 104: 380, 105: 380, 106: 142, 107: 30, 108: 268, 109: 352, 110: 114, 111: 16, 112: 254, 113: 414, 114: 652, 115: 512, 116: 750, 117: 680, 118: 442, 119: 254, 120: 16, 121: 142, 122: 380, 123: 86, 124: 324, 125: 142, 126: 380, 127: 414, 128: 652, 129: 142, 130: 380, 131: 442, 132: 680, 133: 554, 134: 792, 135: 750, 136: 512, 137: 750, 138: 512, 139: 380, 140: 142, 141: 352, 142: 114, 143: 268, 144: 30, 145: 792, 146: 554, 147: 554, 148: 792, 149: 86, 150: 324, 151: 680, 152: 442, 153: 268, 154: 30, 155: 750, 156: 512, 157: 554, 158: 792, 159: 652, 160: 414, 161: 652, 162: 414, 163: 254, 164: 16, 165: 30, 166: 268, 167: 750, 168: 512, 169: 680, 170: 442, 171: 792, 172: 554, 173: 16, 174: 254, 175: 380, 176: 142, 177: 442, 178: 680, 179: 792, 180: 554, 181: 792, 182: 554, 183: 792, 184: 554, 185: 352, 186: 114, 187: 380, 188: 142, 189: 792, 190: 554, 191: 414, 192: 652, 193: 30, 194: 268, 195: 114, 196: 352, 197: 268, 198: 30, 199: 86, 200: 324}
Number of lables used:  18
Time taken: 0.33 seconds
Memory used: 32.65 MB
--------------------------------------------------

Trying with at most 17 labels...
Solution:
{1: 296, 2: 58, 3: 156, 4: 394, 5: 554, 6: 792, 7: 498, 8: 736, 9: 352, 10: 114, 11: 296, 12: 58, 13: 792, 14: 554, 15: 394, 16: 156, 17: 114, 18: 352, 19: 792, 20: 554, 21: 394, 22: 156, 23: 666, 24: 428, 25: 128, 26: 366, 27: 366, 28: 128, 29: 366, 30: 128, 31: 114, 32: 352, 33: 58, 34: 296, 35: 428, 36: 666, 37: 554, 38: 792, 39: 428, 40: 666, 41: 58, 42: 296, 43: 666, 44: 428, 45: 352, 46: 114, 47: 114, 48: 352, 49: 394, 50: 156, 51: 366, 52: 128, 53: 114, 54: 352, 55: 792, 56: 554, 57: 58, 58: 296, 59: 394, 60: 156, 61: 498, 62: 736, 63: 128, 64: 366, 65: 792, 66: 554, 67: 666, 68: 428, 69: 554, 70: 792, 71: 792, 72: 554, 73: 58, 74: 296, 75: 792, 76: 554, 77: 428, 78: 666, 79: 366, 80: 128, 81: 114, 82: 352, 83: 394, 84: 156, 85: 114, 86: 352, 87: 58, 88: 296, 89: 666, 90: 428, 91: 666, 92: 428, 93: 736, 94: 498, 95: 792, 96: 554, 97: 394, 98: 156, 99: 394, 100: 156, 101: 296, 102: 58, 103: 428, 104: 666, 105: 128, 106: 366, 107: 156, 108: 394, 109: 498, 110: 736, 111: 394, 112: 156, 113: 366, 114: 128, 115: 792, 116: 554, 117: 498, 118: 736, 119: 736, 120: 498, 121: 428, 122: 666, 123: 736, 124: 498, 125: 736, 126: 498, 127: 352, 128: 114, 129: 408, 130: 170, 131: 498, 132: 736, 133: 352, 134: 114, 135: 666, 136: 428, 137: 366, 138: 128, 139: 736, 140: 498, 141: 666, 142: 428, 143: 736, 144: 498, 145: 58, 146: 296, 147: 554, 148: 792, 149: 498, 150: 736, 151: 736, 152: 498, 153: 666, 154: 428, 155: 736, 156: 498, 157: 498, 158: 736, 159: 58, 160: 296, 161: 554, 162: 792, 163: 114, 164: 352, 165: 394, 166: 156, 167: 736, 168: 498, 169: 792, 170: 554, 171: 394, 172: 156, 173: 428, 174: 666, 175: 792, 176: 554, 177: 666, 178: 428, 179: 296, 180: 58, 181: 736, 182: 498, 183: 792, 184: 554, 185: 58, 186: 296, 187: 58, 188: 296, 189: 296, 190: 58, 191: 296, 192: 58, 193: 58, 194: 296, 195: 296, 196: 58, 197: 394, 198: 156, 199: 498, 200: 736}
Number of lables used:  16
Time taken: 0.35 seconds
Memory used: 32.78 MB
--------------------------------------------------

Trying with at most 15 labels...
Solution:
{1: 296, 2: 58, 3: 380, 4: 142, 5: 554, 6: 792, 7: 498, 8: 736, 9: 142, 10: 380, 11: 100, 12: 338, 13: 792, 14: 554, 15: 498, 16: 736, 17: 58, 18: 296, 19: 792, 20: 554, 21: 338, 22: 100, 23: 792, 24: 554, 25: 442, 26: 680, 27: 338, 28: 100, 29: 442, 30: 680, 31: 282, 32: 44, 33: 680, 34: 442, 35: 442, 36: 680, 37: 554, 38: 792, 39: 338, 40: 100, 41: 44, 42: 282, 43: 554, 44: 792, 45: 100, 46: 338, 47: 100, 48: 338, 49: 380, 50: 142, 51: 58, 52: 296, 53: 58, 54: 296, 55: 736, 56: 498, 57: 338, 58: 100, 59: 296, 60: 58, 61: 498, 62: 736, 63: 100, 64: 338, 65: 680, 66: 442, 67: 554, 68: 792, 69: 380, 70: 142, 71: 380, 72: 142, 73: 100, 74: 338, 75: 58, 76: 296, 77: 680, 78: 442, 79: 58, 80: 296, 81: 142, 82: 380, 83: 442, 84: 680, 85: 296, 86: 58, 87: 338, 88: 100, 89: 498, 90: 736, 91: 338, 92: 100, 93: 680, 94: 442, 95: 736, 96: 498, 97: 282, 98: 44, 99: 58, 100: 296, 101: 296, 102: 58, 103: 380, 104: 142, 105: 338, 106: 100, 107: 380, 108: 142, 109: 554, 110: 792, 111: 680, 112: 442, 113: 44, 114: 282, 115: 792, 116: 554, 117: 498, 118: 736, 119: 58, 120: 296, 121: 44, 122: 282, 123: 282, 124: 44, 125: 736, 126: 498, 127: 554, 128: 792, 129: 142, 130: 380, 131: 380, 132: 142, 133: 680, 134: 442, 135: 498, 136: 736, 137: 498, 138: 736, 139: 282, 140: 44, 141: 498, 142: 736, 143: 442, 144: 680, 145: 554, 146: 792, 147: 736, 148: 498, 149: 296, 150: 58, 151: 792, 152: 554, 153: 100, 154: 338, 155: 680, 156: 442, 157: 338, 158: 100, 159: 554, 160: 792, 161: 554, 162: 792, 163: 680, 164: 442, 165: 442, 166: 680, 167: 442, 168: 680, 169: 380, 170: 142, 171: 554, 172: 792, 173: 380, 174: 142, 175: 142, 176: 380, 177: 100, 178: 338, 179: 554, 180: 792, 181: 44, 182: 282, 183: 736, 184: 498, 185: 380, 186: 142, 187: 296, 188: 58, 189: 296, 190: 58, 191: 554, 192: 792, 193: 44, 194: 282, 195: 554, 196: 792, 197: 792, 198: 554, 199: 100, 200: 338}
Number of lables used:  14
Time taken: 0.36 seconds
Memory used: 32.78 MB
--------------------------------------------------

Trying with at most 13 labels...
Solution:
{1: 86, 2: 324, 3: 16, 4: 254, 5: 16, 6: 254, 7: 498, 8: 736, 9: 254, 10: 16, 11: 16, 12: 254, 13: 736, 14: 498, 15: 778, 16: 540, 17: 16, 18: 254, 19: 778, 20: 540, 21: 324, 22: 86, 23: 428, 24: 666, 25: 380, 26: 142, 27: 324, 28: 86, 29: 778, 30: 540, 31: 498, 32: 736, 33: 666, 34: 428, 35: 498, 36: 736, 37: 428, 38: 666, 39: 142, 40: 380, 41: 666, 42: 428, 43: 540, 44: 778, 45: 86, 46: 324, 47: 778, 48: 540, 49: 254, 50: 16, 51: 778, 52: 540, 53: 16, 54: 254, 55: 736, 56: 498, 57: 498, 58: 736, 59: 16, 60: 254, 61: 498, 62: 736, 63: 666, 64: 428, 65: 666, 66: 428, 67: 540, 68: 778, 69: 86, 70: 324, 71: 142, 72: 380, 73: 666, 74: 428, 75: 540, 76: 778, 77: 498, 78: 736, 79: 16, 80: 254, 81: 142, 82: 380, 83: 498, 84: 736, 85: 540, 86: 778, 87: 16, 88: 254, 89: 142, 90: 380, 91: 498, 92: 736, 93: 778, 94: 540, 95: 16, 96: 254, 97: 380, 98: 142, 99: 16, 100: 254, 101: 540, 102: 778, 103: 428, 104: 666, 105: 324, 106: 86, 107: 666, 108: 428, 109: 380, 110: 142, 111: 540, 112: 778, 113: 380, 114: 142, 115: 498, 116: 736, 117: 380, 118: 142, 119: 16, 120: 254, 121: 86, 122: 324, 123: 498, 124: 736, 125: 86, 126: 324, 127: 86, 128: 324, 129: 142, 130: 380, 131: 86, 132: 324, 133: 324, 134: 86, 135: 540, 136: 778, 137: 428, 138: 666, 139: 498, 140: 736, 141: 428, 142: 666, 143: 324, 144: 86, 145: 778, 146: 540, 147: 324, 148: 86, 149: 324, 150: 86, 151: 778, 152: 540, 153: 324, 154: 86, 155: 142, 156: 380, 157: 254, 158: 16, 159: 540, 160: 778, 161: 428, 162: 666, 163: 86, 164: 324, 165: 16, 166: 254, 167: 86, 168: 324, 169: 254, 170: 16, 171: 666, 172: 428, 173: 666, 174: 428, 175: 428, 176: 666, 177: 428, 178: 666, 179: 540, 180: 778, 181: 736, 182: 498, 183: 736, 184: 498, 185: 142, 186: 380, 187: 142, 188: 380, 189: 254, 190: 16, 191: 380, 192: 142, 193: 86, 194: 324, 195: 142, 196: 380, 197: 666, 198: 428, 199: 498, 200: 736}
Number of lables used:  12
Time taken: 0.40 seconds
Memory used: 36.22 MB
--------------------------------------------------

Trying with at most 11 labels...
Cannot find solution.
No more solutions found.
Optimal number of labels used:  12
Time taken: 1.75 seconds
Memory used: 39.17 MB
[runlim] end:			Wed Mar 25 21:28:08 2026
[runlim] status:		ok
[runlim] result:		0
[runlim] children:		1
[runlim] processes:		2
[runlim] real:			1.79 seconds
[runlim] time:			1.70 seconds
[runlim] space:			45 MB
[runlim] load:			1.10 maximum
[runlim] samples:		18
