[runlim] version:		2.0.0rc12
[runlim] host:			ap-Precision-7550
[runlim] time limit:		311040000 seconds
[runlim] real time limit:	600 seconds
[runlim] space limit:		14000 MB
[runlim] argv[0]:		python3
[runlim] argv[1]:		-u
[runlim] argv[2]:		mip.py
[runlim] argv[3]:		graph11
[runlim] start:			Thu Mar 26 06:25:21 2026
[runlim] child:			32791
Warning: variable 367 has no valid labels after preprocessing.
Cannot find solution!
Time taken: 0.16 seconds
Memory used: 19.75 MB
[runlim] end:			Thu Mar 26 06:25:22 2026
[runlim] status:		ok
[runlim] result:		0
[runlim] children:		1
[runlim] processes:		2
[runlim] real:			0.21 seconds
[runlim] time:			0.09 seconds
[runlim] space:			20 MB
[runlim] load:			3.00 maximum
[runlim] samples:		2
