[runlim] version:		2.0.0rc12
[runlim] host:			ap-Precision-7550
[runlim] time limit:		311040000 seconds
[runlim] real time limit:	600 seconds
[runlim] space limit:		14000 MB
[runlim] argv[0]:		python3
[runlim] argv[1]:		-u
[runlim] argv[2]:		mip.py
[runlim] argv[3]:		scen04
[runlim] start:			Thu Mar 26 05:45:17 2026
[runlim] child:			32470
--- Building MIP model for 680 variables ---
--- Solving with CPLEX MIP ---
Version identifier: 22.1.1.0 | 2022-11-28 | 9160aff4d
CPXPARAM_Read_DataCheck                          1
CPXPARAM_MIP_Tolerances_MIPGap                   0
Legacy callback                                  i
Tried aggregator 4 times.
MIP Presolve eliminated 5217 rows and 972 columns.
MIP Presolve modified 551 coefficients.
Aggregator did 695 substitutions.
Reduced MIP has 500 rows, 339 columns, and 3333 nonzeros.
Reduced MIP has 339 binaries, 0 generals, 0 SOSs, and 0 indicators.
Presolve time = 0.01 sec. (15.34 ticks)
Found incumbent of value 46.000000 after 0.02 sec. (21.97 ticks)

Root node processing (before b&c):
  Real time             =    0.02 sec. (22.03 ticks)
Parallel b&c, 12 threads:
  Real time             =    0.00 sec. (0.00 ticks)
  Sync time (average)   =    0.00 sec.
  Wait time (average)   =    0.00 sec.
                          ------------
Total (root+branch&cut) =    0.02 sec. (22.03 ticks)

==============================
FINAL INCUMBENT SOLUTION:
{708, 470, 282, 44, 750, 512, 16, 254, 16, 254, 268, 30, 128, 366, 750, 512, 16, 254, 366, 128, 778, 540, 442, 680, 16, 254, 652, 414, 526, 764, 296, 58, 470, 708, 128, 366, 16, 254, 30, 268, 708, 470, 156, 394, 652, 414, 72, 310, 394, 156, 30, 268, 778, 540, 72, 310, 156, 394, 142, 380, 540, 778, 142, 380, 394, 156, 722, 484, 554, 792, 296, 58, 652, 414, 554, 792, 554, 792, 142, 380, 114, 352, 142, 380, 44, 282, 652, 414, 498, 736, 296, 58, 156, 394, 86, 324, 470, 708, 282, 44, 526, 764, 652, 414, 254, 16, 526, 764, 470, 708, 86, 324, 324, 86, 792, 554, 268, 30, 142, 380, 764, 526, 16, 254, 72, 310, 694, 456, 414, 652, 764, 526, 652, 414, 30, 268, 310, 72, 792, 554, 72, 310, 72, 310, 498, 736, 792, 554, 554, 792, 394, 156, 736, 498, 414, 652, 512, 750, 170, 408, 554, 792, 30, 268, 540, 778, 380, 142, 44, 282, 456, 694, 792, 554, 394, 156, 708, 470, 470, 708, 666, 428, 254, 16, 394, 156, 254, 16, 156, 394, 156, 394, 380, 142, 366, 128, 750, 512, 792, 554, 512, 750, 764, 526, 526, 764, 540, 778, 394, 156, 114, 352, 456, 694, 30, 268, 30, 268, 58, 296, 512, 750, 282, 44, 268, 30, 498, 736, 366, 128, 428, 666, 764, 526, 282, 44, 750, 512, 680, 442, 778, 540, 540, 778, 30, 268, 366, 128, 338, 100, 428, 666, 254, 16, 694, 456, 128, 366, 778, 540, 366, 128, 694, 456, 442, 680, 282, 44, 456, 694, 268, 30, 526, 764, 352, 114, 526, 764, 680, 442, 338, 100, 114, 352, 442, 680, 750, 512, 666, 428, 778, 540, 156, 394, 652, 414, 680, 442, 44, 282, 352, 114, 540, 778, 268, 30, 142, 380, 456, 694, 254, 16, 778, 540, 456, 694, 540, 778, 484, 722, 540, 778, 694, 456, 540, 778, 540, 778, 680, 442, 30, 268, 380, 142, 128, 366, 268, 30, 352, 114, 722, 484, 296, 58, 366, 128, 254, 16, 428, 666, 708, 470, 778, 540, 338, 100, 414, 652, 338, 100, 310, 72, 16, 254, 156, 394, 666, 428, 380, 142, 456, 694, 268, 30, 366, 128, 142, 380, 694, 456, 338, 100, 750, 512, 30, 268, 428, 666, 722, 484, 792, 554, 428, 666, 554, 792, 680, 442, 764, 526, 394, 156, 680, 442, 764, 526, 128, 366, 352, 114, 512, 750, 540, 778, 778, 540, 114, 352, 680, 442, 540, 778, 470, 708, 128, 366, 540, 778, 470, 708, 30, 268, 142, 380, 778, 540, 484, 722, 366, 128, 268, 30, 666, 428, 30, 268, 428, 666, 128, 366, 268, 30, 310, 72, 44, 282, 86, 324, 268, 30, 484, 722, 470, 708, 652, 414, 338, 100, 16, 254, 394, 156, 366, 128, 540, 778, 72, 310, 142, 380, 526, 764, 86, 324, 498, 736, 30, 268, 708, 470, 30, 268, 498, 736, 100, 338, 722, 484, 72, 310, 156, 394, 72, 310, 72, 310, 708, 470, 394, 156, 792, 554, 750, 512, 540, 778, 540, 778, 722, 484, 470, 708, 268, 30, 666, 428, 792, 554, 30, 268, 30, 268, 722, 484, 268, 30, 114, 352, 512, 750, 428, 666, 498, 736, 268, 30, 30, 268, 540, 778, 652, 414, 324, 86, 666, 428, 394, 156, 652, 414, 268, 30, 268, 30, 72, 310, 30, 268, 750, 512, 268, 30, 540, 778, 666, 428, 268, 30, 694, 456, 778, 540, 540, 778, 442, 680, 114, 352, 254, 16, 498, 736, 142, 380, 470, 708, 324, 86, 666, 428, 750, 512, 282, 44, 512, 750, 16, 254, 254, 16, 456, 694, 114, 352, 540, 778, 554, 792, 254, 16, 792, 554, 254, 16, 456, 694, 498, 736, 778, 540, 792, 554, 414, 652, 380, 142, 428, 666, 128, 366, 554, 792, 142, 380, 764, 526, 526, 764, 30, 268, 30, 268, 268, 30, 666, 428, 456, 694, 540, 778, 30, 268, 268, 30, 380, 142, 30, 268, 722, 484, 30, 268, 254, 16, 268, 30, 442, 680, 16, 254}
Number of labels used: 46
Total time: 0.12s
Memory used: 33.31 MB
==============================
[runlim] end:			Thu Mar 26 05:45:17 2026
[runlim] status:		ok
[runlim] result:		0
[runlim] children:		1
[runlim] processes:		2
[runlim] real:			0.17 seconds
[runlim] time:			0.10 seconds
[runlim] space:			20 MB
[runlim] load:			2.11 maximum
[runlim] samples:		2
