[runlim] version:		2.0.0rc12
[runlim] host:			ap-Precision-7550
[runlim] time limit:		311040000 seconds
[runlim] real time limit:	600 seconds
[runlim] space limit:		14000 MB
[runlim] argv[0]:		python3
[runlim] argv[1]:		-u
[runlim] argv[2]:		mip.py
[runlim] argv[3]:		TUD200.4
[runlim] start:			Thu Mar 26 06:31:22 2026
[runlim] child:			32914
--- Building MIP model for 200 variables ---
--- Solving with CPLEX MIP ---
Version identifier: 22.1.1.0 | 2022-11-28 | 9160aff4d
CPXPARAM_Read_DataCheck                          1
CPXPARAM_MIP_Tolerances_MIPGap                   0
Legacy callback                                  i
Tried aggregator 3 times.
MIP Presolve eliminated 4566 rows and 190 columns.
MIP Presolve modified 464 coefficients.
Aggregator did 44 substitutions.
Reduced MIP has 889 rows, 438 columns, and 6979 nonzeros.
Reduced MIP has 438 binaries, 0 generals, 0 SOSs, and 0 indicators.
Presolve time = 0.01 sec. (17.89 ticks)
Found incumbent of value 48.000000 after 0.02 sec. (28.54 ticks)
Probing fixed 8 vars, tightened 0 bounds.
Probing changed sense of 207 constraints.
Probing time = 0.00 sec. (3.09 ticks)
Tried aggregator 1 time.
MIP Presolve eliminated 364 rows and 209 columns.
MIP Presolve modified 251 coefficients.
Reduced MIP has 525 rows, 229 columns, and 5735 nonzeros.
Reduced MIP has 229 binaries, 0 generals, 0 SOSs, and 0 indicators.
Presolve time = 0.02 sec. (29.44 ticks)
Probing time = 0.00 sec. (0.84 ticks)
Tried aggregator 2 times.
Detecting symmetries...
MIP Presolve eliminated 4 rows and 0 columns.
MIP Presolve modified 19 coefficients.
Aggregator did 1 substitutions.
Reduced MIP has 519 rows, 224 columns, and 5689 nonzeros.
Reduced MIP has 224 binaries, 0 generals, 0 SOSs, and 0 indicators.
Presolve time = 0.00 sec. (7.52 ticks)
Probing time = 0.00 sec. (0.89 ticks)
Clique table members: 648.
MIP emphasis: balance optimality and feasibility.
MIP search method: dynamic search.
Parallel mode: deterministic, using up to 12 threads.
Root relaxation solution time = 0.00 sec. (1.34 ticks)

        Nodes                                         Cuts/
   Node  Left     Objective  IInf  Best Integer    Best Bound    ItCnt     Gap

*     0+    0                           48.0000       18.0000            62.50%
*     0+    0                           24.0000       18.0000            25.00%
*     0+    0                           22.0000       18.0000            18.18%
*     0     0      integral     0       20.0000       20.0000       55    0.00%
Elapsed time = 0.05 sec. (74.45 ticks, tree = 0.00 MB, solutions = 4)

Root node processing (before b&c):
  Real time             =    0.05 sec. (74.48 ticks)
Parallel b&c, 12 threads:
  Real time             =    0.00 sec. (0.00 ticks)
  Sync time (average)   =    0.00 sec.
  Wait time (average)   =    0.00 sec.
                          ------------
Total (root+branch&cut) =    0.05 sec. (74.48 ticks)

==============================
FINAL INCUMBENT SOLUTION:
{86, 324, 86, 324, 86, 324, 156, 394, 128, 366, 792, 554, 86, 324, 114, 352, 156, 394, 100, 338, 156, 394, 86, 324, 100, 338, 792, 554, 170, 408, 128, 366, 72, 310, 156, 394, 128, 366, 100, 338, 114, 352, 792, 554, 170, 408, 72, 310, 792, 554, 100, 338, 142, 380, 86, 324, 156, 394, 170, 408, 114, 352, 792, 554, 240, 478, 100, 338, 128, 366, 792, 554, 142, 380, 72, 310, 128, 366, 72, 310, 128, 366, 72, 310, 170, 408, 128, 366, 792, 554, 170, 408, 240, 478, 156, 394, 792, 554, 114, 352, 72, 310, 792, 554, 72, 310, 156, 394, 792, 554, 170, 408, 72, 310, 100, 338, 72, 310, 100, 338, 72, 310, 86, 324, 72, 310, 128, 366, 72, 310, 792, 554, 792, 554, 170, 408, 86, 324, 128, 366, 156, 394, 792, 554, 240, 478, 72, 310, 114, 352, 792, 554, 86, 324, 114, 352, 114, 352, 86, 324, 72, 310, 86, 324, 792, 554, 792, 554, 240, 478, 240, 478, 100, 338, 72, 310, 86, 324, 86, 324, 142, 380, 142, 380, 72, 310, 240, 478, 240, 478, 156, 394, 170, 408, 170, 408, 156, 394, 72, 310}
Number of labels used: 20
Total time: 0.16s
Memory used: 36.59 MB
==============================
[runlim] end:			Thu Mar 26 06:31:22 2026
[runlim] status:		ok
[runlim] result:		0
[runlim] children:		1
[runlim] processes:		2
[runlim] real:			0.21 seconds
[runlim] time:			0.20 seconds
[runlim] space:			36 MB
[runlim] load:			5.48 maximum
[runlim] samples:		3
