[runlim] version:		2.0.0rc12
[runlim] host:			ap-Precision-7550
[runlim] time limit:		311040000 seconds
[runlim] real time limit:	600 seconds
[runlim] space limit:		14000 MB
[runlim] argv[0]:		python3
[runlim] argv[1]:		-u
[runlim] argv[2]:		mip.py
[runlim] argv[3]:		TUD916.3
[runlim] start:			Thu Mar 26 06:41:24 2026
[runlim] child:			32994
--- Building MIP model for 916 variables ---
--- Solving with CPLEX MIP ---
Version identifier: 22.1.1.0 | 2022-11-28 | 9160aff4d
CPXPARAM_Read_DataCheck                          1
CPXPARAM_MIP_Tolerances_MIPGap                   0
Legacy callback                                  i
Tried aggregator 1 time.
MIP Presolve eliminated 682638 rows and 0 columns.
MIP Presolve modified 102912 coefficients.
Reduced MIP has 121508 rows, 34434 columns, and 954531 nonzeros.
Reduced MIP has 34434 binaries, 0 generals, 0 SOSs, and 0 indicators.
Presolve time = 4.26 sec. (3777.49 ticks)
[runlim] sample:		14.27 time, 10.01 real, 449 MB, 2.12 load
Probing fixed 419 vars, tightened 0 bounds.
Probing changed sense of 17067 constraints.
Probing time = 0.23 sec. (63.87 ticks)
Tried aggregator 2 times.
MIP Presolve eliminated 39296 rows and 17400 columns.
MIP Presolve modified 63861 coefficients.
Aggregator did 8 substitutions.
Reduced MIP has 82197 rows, 17026 columns, and 1035150 nonzeros.
Reduced MIP has 17026 binaries, 0 generals, 0 SOSs, and 0 indicators.
Presolve time = 5.57 sec. (5822.64 ticks)
Probing fixed 24 vars, tightened 0 bounds.
Probing changed sense of 9 constraints.
Probing time = 0.07 sec. (27.10 ticks)
Tried aggregator 1 time.
Detecting symmetries...
MIP Presolve eliminated 28 rows and 33 columns.
MIP Presolve modified 682 coefficients.
Reduced MIP has 82097 rows, 16993 columns, and 1032332 nonzeros.
Reduced MIP has 16993 binaries, 0 generals, 0 SOSs, and 0 indicators.
Presolve time = 1.70 sec. (1659.34 ticks)
Probing fixed 13 vars, tightened 0 bounds.
Probing time = 0.08 sec. (27.03 ticks)
Clique table members: 99144.
MIP emphasis: balance optimality and feasibility.
MIP search method: dynamic search.
Parallel mode: deterministic, using up to 12 threads.
[runlim] sample:		44.11 time, 20.01 real, 825 MB, 2.09 load
[runlim] sample:		138.58 time, 30.02 real, 991 MB, 3.10 load
[runlim] sample:		203.55 time, 40.01 real, 893 MB, 3.75 load
[runlim] sample:		233.54 time, 50.01 real, 893 MB, 3.64 load
[runlim] sample:		263.54 time, 60.01 real, 893 MB, 3.54 load
Root relaxation solution time = 51.03 sec. (22506.44 ticks)

        Nodes                                         Cuts/
   Node  Left     Objective  IInf  Best Integer    Best Bound    ItCnt     Gap

*     0+    0                           46.0000        0.0000           100.00%
      0     0       18.0000  2374       46.0000       18.0000       16   60.87%

Num labels used: 46
Current incumbent solution: {16, 30, 44, 58, 72, 86, 100, 114, 128, 142, 156, 170, 240, 254, 268, 282, 296, 310, 324, 338, 352, 366, 380, 394, 408, 414, 428, 442, 456, 470, 478, 484, 498, 526, 540, 554, 652, 666, 680, 694, 708, 722, 736, 764, 778, 792}}
Time taken: 69.27s

Num labels used: 46
Current incumbent solution: {16, 30, 44, 58, 72, 86, 100, 114, 128, 142, 156, 170, 240, 254, 268, 282, 296, 310, 324, 338, 352, 366, 380, 394, 408, 414, 428, 442, 456, 470, 478, 484, 498, 526, 540, 554, 652, 666, 680, 694, 708, 722, 736, 764, 778, 792}}
Time taken: 69.28s
[runlim] sample:		286.45 time, 70.01 real, 938 MB, 3.30 load
[runlim] sample:		306.44 time, 80.01 real, 997 MB, 3.10 load
[runlim] sample:		326.44 time, 90.01 real, 1052 MB, 2.93 load
[runlim] sample:		346.44 time, 100.01 real, 1067 MB, 2.78 load
[runlim] sample:		366.44 time, 110.01 real, 1081 MB, 2.74 load
[runlim] sample:		386.43 time, 120.01 real, 1097 MB, 2.63 load
[runlim] sample:		406.42 time, 130.01 real, 1099 MB, 2.53 load
[runlim] sample:		426.42 time, 140.01 real, 1100 MB, 2.45 load
[runlim] sample:		446.42 time, 150.01 real, 1100 MB, 2.38 load
[runlim] sample:		466.41 time, 160.01 real, 1101 MB, 2.32 load
[runlim] sample:		486.41 time, 170.01 real, 1101 MB, 2.27 load
[runlim] sample:		506.40 time, 180.01 real, 1101 MB, 2.23 load
[runlim] sample:		526.40 time, 190.01 real, 1101 MB, 2.19 load
[runlim] sample:		546.39 time, 200.01 real, 1102 MB, 2.16 load
[runlim] sample:		566.39 time, 210.01 real, 1102 MB, 2.14 load
[runlim] sample:		586.38 time, 220.01 real, 1102 MB, 2.12 load
[runlim] sample:		606.38 time, 230.01 real, 1102 MB, 2.10 load
[runlim] sample:		626.38 time, 240.01 real, 1102 MB, 2.08 load
[runlim] sample:		646.38 time, 250.01 real, 1103 MB, 2.07 load
[runlim] sample:		666.37 time, 260.01 real, 1115 MB, 2.06 load
[runlim] sample:		686.37 time, 270.01 real, 1115 MB, 2.20 load
[runlim] sample:		706.37 time, 280.01 real, 1115 MB, 2.17 load
[runlim] sample:		726.36 time, 290.01 real, 1117 MB, 2.22 load
[runlim] sample:		746.36 time, 300.01 real, 1117 MB, 2.26 load
[runlim] sample:		766.36 time, 310.01 real, 1117 MB, 2.22 load
[runlim] sample:		786.35 time, 320.01 real, 1117 MB, 2.19 load
[runlim] sample:		806.35 time, 330.01 real, 1117 MB, 2.16 load
[runlim] sample:		826.34 time, 340.01 real, 1117 MB, 2.21 load
[runlim] sample:		846.34 time, 350.01 real, 1117 MB, 2.17 load
[runlim] sample:		866.33 time, 360.01 real, 1117 MB, 2.22 load
[runlim] sample:		886.33 time, 370.01 real, 1117 MB, 2.19 load
[runlim] sample:		906.33 time, 380.01 real, 1144 MB, 2.23 load
[runlim] sample:		926.33 time, 390.01 real, 1144 MB, 2.20 load
[runlim] sample:		946.32 time, 400.01 real, 1144 MB, 2.24 load
[runlim] sample:		966.32 time, 410.01 real, 1144 MB, 2.20 load
[runlim] sample:		986.32 time, 420.01 real, 1144 MB, 2.24 load
[runlim] sample:		1006.31 time, 430.01 real, 1146 MB, 2.21 load
[runlim] sample:		1026.31 time, 440.01 real, 1147 MB, 2.17 load
[runlim] sample:		1046.30 time, 450.01 real, 1147 MB, 2.15 load
[runlim] sample:		1066.30 time, 460.01 real, 1147 MB, 2.12 load
[runlim] sample:		1086.29 time, 470.01 real, 1147 MB, 2.10 load
[runlim] sample:		1106.29 time, 480.01 real, 1147 MB, 2.09 load
[runlim] sample:		1126.29 time, 490.01 real, 1147 MB, 2.07 load
[runlim] sample:		1146.29 time, 500.01 real, 1147 MB, 2.06 load
[runlim] sample:		1166.28 time, 510.01 real, 1147 MB, 2.05 load
[runlim] sample:		1186.28 time, 520.01 real, 1147 MB, 2.04 load
[runlim] sample:		1206.27 time, 530.01 real, 1147 MB, 2.04 load
[runlim] sample:		1226.27 time, 540.01 real, 1147 MB, 2.03 load
[runlim] sample:		1246.26 time, 550.01 real, 1147 MB, 2.02 load
[runlim] sample:		1266.26 time, 560.01 real, 1147 MB, 2.02 load
[runlim] sample:		1286.25 time, 570.01 real, 1147 MB, 2.02 load
[runlim] sample:		1306.25 time, 580.01 real, 1147 MB, 2.01 load
[runlim] sample:		1326.25 time, 590.01 real, 1147 MB, 2.16 load
[runlim] sample:		1346.24 time, 600.01 real, 1147 MB, 2.13 load
[runlim] end:			Thu Mar 26 06:51:25 2026
[runlim] status:		out of time
[runlim] result:		2
[runlim] children:		1
[runlim] processes:		2
[runlim] real:			601.06 seconds
[runlim] time:			1346.24 seconds
[runlim] space:			1147 MB
[runlim] load:			3.75 maximum
[runlim] samples:		6000
