[runlim] version:		2.0.0rc12
[runlim] host:			ap-Precision-7550
[runlim] time limit:		311040000 seconds
[runlim] real time limit:	600 seconds
[runlim] space limit:		14000 MB
[runlim] argv[0]:		python3
[runlim] argv[1]:		-u
[runlim] argv[2]:		main_no_preprocessing.py
[runlim] argv[3]:		scen08
[runlim] argv[4]:		tot
[runlim] argv[5]:		assumptions
[runlim] argv[6]:		cadical195
[runlim] start:			Tue Mar 24 17:13:39 2026
[runlim] child:			48063
Solve first problem:
Cannot find solution.
Time taken: 0.56 seconds
Memory used: 75.19 MB
[runlim] end:			Tue Mar 24 17:13:39 2026
[runlim] status:		ok
[runlim] result:		0
[runlim] children:		1
[runlim] processes:		2
[runlim] real:			0.63 seconds
[runlim] time:			0.61 seconds
[runlim] space:			73 MB
[runlim] load:			1.01 maximum
[runlim] samples:		7
