[runlim] version:		2.0.0rc12
[runlim] host:			ap-Precision-7550
[runlim] time limit:		311040000 seconds
[runlim] real time limit:	600 seconds
[runlim] space limit:		14000 MB
[runlim] argv[0]:		python3
[runlim] argv[1]:		-u
[runlim] argv[2]:		main_no_preprocessing.py
[runlim] argv[3]:		scen02
[runlim] argv[4]:		tot
[runlim] argv[5]:		assumptions
[runlim] argv[6]:		cadical195
[runlim] start:			Tue Mar 24 17:00:31 2026
[runlim] child:			47958
Solve first problem:
Solution:
{13: 268, 14: 30, 15: 268, 16: 30, 53: 268, 54: 30, 79: 254, 80: 16, 81: 268, 82: 30, 83: 680, 84: 442, 85: 352, 86: 114, 127: 352, 128: 114, 129: 254, 130: 16, 143: 254, 144: 16, 145: 254, 146: 16, 205: 254, 206: 16, 233: 666, 234: 428, 235: 338, 236: 100, 237: 352, 238: 114, 261: 254, 262: 16, 263: 352, 264: 114, 265: 338, 266: 100, 267: 254, 268: 16, 269: 352, 270: 114, 271: 352, 272: 114, 273: 44, 274: 282, 275: 44, 276: 282, 277: 352, 278: 114, 281: 268, 282: 30, 283: 282, 284: 44, 289: 254, 290: 16, 291: 324, 292: 86, 303: 666, 304: 428, 305: 338, 306: 100, 321: 156, 322: 394, 323: 254, 324: 16, 325: 666, 326: 428, 327: 338, 328: 100, 329: 254, 330: 16, 341: 30, 342: 268, 343: 30, 344: 268, 349: 338, 350: 100, 351: 30, 352: 268, 435: 296, 436: 58, 475: 282, 476: 44, 481: 268, 482: 30, 517: 268, 518: 30, 519: 338, 520: 100, 555: 128, 556: 366, 557: 666, 558: 428, 559: 58, 560: 296, 561: 366, 562: 128, 565: 100, 566: 338, 577: 324, 578: 86, 579: 352, 580: 114, 583: 666, 584: 428, 585: 324, 586: 86, 587: 254, 588: 16, 589: 366, 590: 128, 591: 352, 592: 114, 593: 114, 594: 352, 595: 296, 596: 58, 597: 268, 598: 30, 599: 142, 600: 380, 601: 282, 602: 44, 603: 268, 604: 30, 605: 268, 606: 30, 607: 338, 608: 100, 613: 100, 614: 338, 615: 282, 616: 44, 617: 268, 618: 30, 621: 338, 622: 100, 625: 268, 626: 30, 629: 282, 630: 44, 631: 268, 632: 30, 633: 282, 634: 44, 635: 268, 636: 30, 645: 296, 646: 58, 651: 254, 652: 16, 661: 254, 662: 16, 663: 394, 664: 156, 665: 366, 666: 128, 667: 254, 668: 16, 713: 352, 714: 114, 717: 44, 718: 282, 719: 394, 720: 156, 721: 324, 722: 86, 723: 254, 724: 16, 743: 44, 744: 282, 745: 268, 746: 30, 747: 324, 748: 86, 763: 268, 764: 30, 765: 254, 766: 16, 767: 296, 768: 58, 785: 254, 786: 16, 787: 268, 788: 30, 789: 338, 790: 100, 791: 268, 792: 30, 793: 338, 794: 100, 795: 268, 796: 30, 797: 352, 798: 114, 799: 282, 800: 44, 801: 268, 802: 30, 879: 268, 880: 30}
Number of lables used:  24
Time taken: 0.14 seconds
Memory used: 32.05 MB
--------------------------------------------------

Trying with at most 23 labels...
Solution:
{13: 296, 14: 58, 15: 282, 16: 44, 53: 722, 54: 484, 79: 694, 80: 456, 81: 722, 82: 484, 83: 58, 84: 296, 85: 128, 86: 366, 127: 58, 128: 296, 129: 156, 130: 394, 143: 722, 144: 484, 145: 722, 146: 484, 205: 722, 206: 484, 233: 694, 234: 456, 235: 722, 236: 484, 237: 296, 238: 58, 261: 694, 262: 456, 263: 694, 264: 456, 265: 324, 266: 86, 267: 694, 268: 456, 269: 156, 270: 394, 271: 156, 272: 394, 273: 456, 274: 694, 275: 456, 276: 694, 277: 128, 278: 366, 281: 694, 282: 456, 283: 694, 284: 456, 289: 694, 290: 456, 291: 722, 292: 484, 303: 394, 304: 156, 305: 722, 306: 484, 321: 296, 322: 58, 323: 156, 324: 394, 325: 394, 326: 156, 327: 44, 328: 282, 329: 722, 330: 484, 341: 58, 342: 296, 343: 58, 344: 296, 349: 324, 350: 86, 351: 114, 352: 352, 435: 128, 436: 366, 475: 694, 476: 456, 481: 722, 482: 484, 517: 114, 518: 352, 519: 722, 520: 484, 555: 282, 556: 44, 557: 694, 558: 456, 559: 128, 560: 366, 561: 352, 562: 114, 565: 296, 566: 58, 577: 394, 578: 156, 579: 156, 580: 394, 583: 722, 584: 484, 585: 86, 586: 324, 587: 156, 588: 394, 589: 58, 590: 296, 591: 366, 592: 128, 593: 324, 594: 86, 595: 128, 596: 366, 597: 296, 598: 58, 599: 128, 600: 366, 601: 694, 602: 456, 603: 722, 604: 484, 605: 722, 606: 484, 607: 58, 608: 296, 613: 282, 614: 44, 615: 694, 616: 456, 617: 722, 618: 484, 621: 324, 622: 86, 625: 722, 626: 484, 629: 128, 630: 366, 631: 694, 632: 456, 633: 694, 634: 456, 635: 722, 636: 484, 645: 156, 646: 394, 651: 722, 652: 484, 661: 722, 662: 484, 663: 156, 664: 394, 665: 512, 666: 750, 667: 722, 668: 484, 713: 128, 714: 366, 717: 456, 718: 694, 719: 86, 720: 324, 721: 156, 722: 394, 723: 722, 724: 484, 743: 58, 744: 296, 745: 694, 746: 456, 747: 694, 748: 456, 763: 128, 764: 366, 765: 394, 766: 156, 767: 722, 768: 484, 785: 156, 786: 394, 787: 128, 788: 366, 789: 58, 790: 296, 791: 128, 792: 366, 793: 58, 794: 296, 795: 128, 796: 366, 797: 44, 798: 282, 799: 114, 800: 352, 801: 58, 802: 296, 879: 128, 880: 366}
Number of lables used:  18
Time taken: 0.16 seconds
Memory used: 33.31 MB
--------------------------------------------------

Trying with at most 17 labels...
Solution:
{13: 296, 14: 58, 15: 296, 16: 58, 53: 722, 54: 484, 79: 694, 80: 456, 81: 722, 82: 484, 83: 44, 84: 282, 85: 128, 86: 366, 127: 58, 128: 296, 129: 156, 130: 394, 143: 722, 144: 484, 145: 722, 146: 484, 205: 722, 206: 484, 233: 694, 234: 456, 235: 722, 236: 484, 237: 296, 238: 58, 261: 694, 262: 456, 263: 694, 264: 456, 265: 324, 266: 86, 267: 694, 268: 456, 269: 156, 270: 394, 271: 156, 272: 394, 273: 456, 274: 694, 275: 456, 276: 694, 277: 128, 278: 366, 281: 694, 282: 456, 283: 694, 284: 456, 289: 694, 290: 456, 291: 722, 292: 484, 303: 394, 304: 156, 305: 722, 306: 484, 321: 282, 322: 44, 323: 666, 324: 428, 325: 394, 326: 156, 327: 44, 328: 282, 329: 722, 330: 484, 341: 58, 342: 296, 343: 58, 344: 296, 349: 324, 350: 86, 351: 86, 352: 324, 435: 128, 436: 366, 475: 694, 476: 456, 481: 722, 482: 484, 517: 128, 518: 366, 519: 722, 520: 484, 555: 282, 556: 44, 557: 694, 558: 456, 559: 128, 560: 366, 561: 282, 562: 44, 565: 296, 566: 58, 577: 394, 578: 156, 579: 156, 580: 394, 583: 722, 584: 484, 585: 86, 586: 324, 587: 156, 588: 394, 589: 58, 590: 296, 591: 366, 592: 128, 593: 324, 594: 86, 595: 128, 596: 366, 597: 282, 598: 44, 599: 128, 600: 366, 601: 694, 602: 456, 603: 722, 604: 484, 605: 722, 606: 484, 607: 58, 608: 296, 613: 296, 614: 58, 615: 694, 616: 456, 617: 722, 618: 484, 621: 324, 622: 86, 625: 722, 626: 484, 629: 128, 630: 366, 631: 694, 632: 456, 633: 694, 634: 456, 635: 722, 636: 484, 645: 156, 646: 394, 651: 722, 652: 484, 661: 722, 662: 484, 663: 156, 664: 394, 665: 394, 666: 156, 667: 722, 668: 484, 713: 128, 714: 366, 717: 456, 718: 694, 719: 86, 720: 324, 721: 156, 722: 394, 723: 722, 724: 484, 743: 58, 744: 296, 745: 694, 746: 456, 747: 694, 748: 456, 763: 128, 764: 366, 765: 394, 766: 156, 767: 722, 768: 484, 785: 666, 786: 428, 787: 128, 788: 366, 789: 58, 790: 296, 791: 128, 792: 366, 793: 58, 794: 296, 795: 128, 796: 366, 797: 296, 798: 58, 799: 86, 800: 324, 801: 58, 802: 296, 879: 128, 880: 366}
Number of lables used:  16
Time taken: 0.16 seconds
Memory used: 33.32 MB
--------------------------------------------------

Trying with at most 15 labels...
Solution:
{13: 338, 14: 100, 15: 338, 16: 100, 53: 128, 54: 366, 79: 666, 80: 428, 81: 736, 82: 498, 83: 366, 84: 128, 85: 30, 86: 268, 127: 30, 128: 268, 129: 128, 130: 366, 143: 736, 144: 498, 145: 736, 146: 498, 205: 128, 206: 366, 233: 666, 234: 428, 235: 128, 236: 366, 237: 428, 238: 666, 261: 666, 262: 428, 263: 666, 264: 428, 265: 268, 266: 30, 267: 666, 268: 428, 269: 750, 270: 512, 271: 750, 272: 512, 273: 128, 274: 366, 275: 128, 276: 366, 277: 750, 278: 512, 281: 30, 282: 268, 283: 428, 284: 666, 289: 666, 290: 428, 291: 736, 292: 498, 303: 736, 304: 498, 305: 128, 306: 366, 321: 666, 322: 428, 323: 366, 324: 128, 325: 736, 326: 498, 327: 366, 328: 128, 329: 366, 330: 128, 341: 268, 342: 30, 343: 268, 344: 30, 349: 310, 350: 72, 351: 72, 352: 310, 435: 72, 436: 310, 475: 666, 476: 428, 481: 736, 482: 498, 517: 30, 518: 268, 519: 666, 520: 428, 555: 666, 556: 428, 557: 498, 558: 736, 559: 72, 560: 310, 561: 268, 562: 30, 565: 666, 566: 428, 577: 366, 578: 128, 579: 366, 580: 128, 583: 338, 584: 100, 585: 30, 586: 268, 587: 128, 588: 366, 589: 30, 590: 268, 591: 338, 592: 100, 593: 666, 594: 428, 595: 310, 596: 72, 597: 128, 598: 366, 599: 512, 600: 750, 601: 268, 602: 30, 603: 736, 604: 498, 605: 666, 606: 428, 607: 498, 608: 736, 613: 100, 614: 338, 615: 666, 616: 428, 617: 736, 618: 498, 621: 310, 622: 72, 625: 666, 626: 428, 629: 30, 630: 268, 631: 128, 632: 366, 633: 666, 634: 428, 635: 338, 636: 100, 645: 128, 646: 366, 651: 666, 652: 428, 661: 666, 662: 428, 663: 128, 664: 366, 665: 30, 666: 268, 667: 128, 668: 366, 713: 750, 714: 512, 717: 128, 718: 366, 719: 268, 720: 30, 721: 338, 722: 100, 723: 736, 724: 498, 743: 268, 744: 30, 745: 736, 746: 498, 747: 736, 748: 498, 763: 72, 764: 310, 765: 666, 766: 428, 767: 310, 768: 72, 785: 512, 786: 750, 787: 268, 788: 30, 789: 366, 790: 128, 791: 268, 792: 30, 793: 666, 794: 428, 795: 72, 796: 310, 797: 268, 798: 30, 799: 366, 800: 128, 801: 736, 802: 498, 879: 72, 880: 310}
Number of lables used:  14
Time taken: 0.17 seconds
Memory used: 33.45 MB
--------------------------------------------------

Trying with at most 13 labels...
[runlim] sample:		10.00 time, 10.01 real, 46 MB, 1.24 load
Cannot find solution.
No more solutions found.
Optimal number of labels used:  14
Time taken: 13.88 seconds
Memory used: 47.29 MB
[runlim] end:			Tue Mar 24 17:00:45 2026
[runlim] status:		ok
[runlim] result:		0
[runlim] children:		1
[runlim] processes:		2
[runlim] real:			13.92 seconds
[runlim] time:			13.89 seconds
[runlim] space:			49 MB
[runlim] load:			1.27 maximum
[runlim] samples:		140
